these derivations will be built:
  /nix/store/xlijs4aid272dzkrnqm4zvg61ms4zdnr-perl5.32.0-Algorithm-Merge-0.08.drv
these paths will be fetched (0.01 MiB download, 0.01 MiB unpacked):
  /nix/store/zn6ww7nwlw548whg7r8ak61kh9nnswwz-Algorithm-Merge-0.08.tar.gz
copying path '/nix/store/zn6ww7nwlw548whg7r8ak61kh9nnswwz-Algorithm-Merge-0.08.tar.gz' from 'https://cache.nixos.org'...
building '/nix/store/xlijs4aid272dzkrnqm4zvg61ms4zdnr-perl5.32.0-Algorithm-Merge-0.08.drv'...
unpacking sources
unpacking source archive /nix/store/zn6ww7nwlw548whg7r8ak61kh9nnswwz-Algorithm-Merge-0.08.tar.gz
source root is Algorithm-Merge-0.08
setting SOURCE_DATE_EPOCH to timestamp 1174511047 of file Algorithm-Merge-0.08/META.yml
patching sources
configuring
Checking if your kit is complete...
Looks good
Generating a Unix-style Makefile
Writing Makefile for Algorithm::Merge
Writing MYMETA.yml and MYMETA.json
no configure script, doing nothing
building
build flags: SHELL=/nix/store/9fqwwd4iybmhjqyxiaxycknslw6bgwh1-bash-4.4-p23/bin/bash
cp Merge.pm blib/lib/Algorithm/Merge.pm
Manifying 1 pod document
running tests
check flags: SHELL=/nix/store/9fqwwd4iybmhjqyxiaxycknslw6bgwh1-bash-4.4-p23/bin/bash VERBOSE=y test
PERL_DL_NONLAZY=1 "/nix/store/7c044di03qa7qgr5kjjc2d787aspzp0m-perl-5.32.0/bin/perl" "-MExtUtils::Command::MM" "-MTest::Harness" "-e" "undef *Test::Harness::Switches; test_harness(0, 'blib/lib', 'blib/arch')" t/*.t
t/00basic.t .. ok
t/10merge.t .. ok
t/20diff.t ... ok
All tests successful.
Files=3, Tests=66,  0 wallclock secs ( 0.03 usr  0.00 sys +  0.18 cusr  0.04 csys =  0.25 CPU)
Result: PASS
installing
install flags: SHELL=/nix/store/9fqwwd4iybmhjqyxiaxycknslw6bgwh1-bash-4.4-p23/bin/bash pkgconfigdir=/nix/store/gfr39g3c9nqbrpmc53ir8y2nvny9nipw-perl5.32.0-Algorithm-Merge-0.08/lib/pkgconfig m4datadir=/nix/store/gfr39g3c9nqbrpmc53ir8y2nvny9nipw-perl5.32.0-Algorithm-Merge-0.08/share/aclocal aclocaldir=/nix/store/gfr39g3c9nqbrpmc53ir8y2nvny9nipw-perl5.32.0-Algorithm-Merge-0.08/share/aclocal install
Manifying 1 pod document
Installing /nix/store/gfr39g3c9nqbrpmc53ir8y2nvny9nipw-perl5.32.0-Algorithm-Merge-0.08/lib/perl5/site_perl/5.32.0/Algorithm/Merge.pm
Installing /nix/store/gfr39g3c9nqbrpmc53ir8y2nvny9nipw-perl5.32.0-Algorithm-Merge-0.08/share/man/man3/Algorithm::Merge.3
Appending installation info to /nix/store/gfr39g3c9nqbrpmc53ir8y2nvny9nipw-perl5.32.0-Algorithm-Merge-0.08/lib/perl5/5.32.0/x86_64-linux-thread-multi/perllocal.pod
post-installation fixup
Moving /nix/store/gfr39g3c9nqbrpmc53ir8y2nvny9nipw-perl5.32.0-Algorithm-Merge-0.08/share/man/man3 to /nix/store/in041x6lriifq4zv9bf93a5d1iybrc3h-perl5.32.0-Algorithm-Merge-0.08-devdoc/share/man/man3
Removing empty /nix/store/gfr39g3c9nqbrpmc53ir8y2nvny9nipw-perl5.32.0-Algorithm-Merge-0.08/share/man/ and (possibly) its parents
shrinking RPATHs of ELF executables and libraries in /nix/store/gfr39g3c9nqbrpmc53ir8y2nvny9nipw-perl5.32.0-Algorithm-Merge-0.08
strip is /nix/store/psyzbhp4p088sb9qcs378hfbslcalasl-binutils-2.31.1/bin/strip
stripping (with command strip and flags -S) in /nix/store/gfr39g3c9nqbrpmc53ir8y2nvny9nipw-perl5.32.0-Algorithm-Merge-0.08/lib
patching script interpreter paths in /nix/store/gfr39g3c9nqbrpmc53ir8y2nvny9nipw-perl5.32.0-Algorithm-Merge-0.08
checking for references to /build/ in /nix/store/gfr39g3c9nqbrpmc53ir8y2nvny9nipw-perl5.32.0-Algorithm-Merge-0.08...
shrinking RPATHs of ELF executables and libraries in /nix/store/in041x6lriifq4zv9bf93a5d1iybrc3h-perl5.32.0-Algorithm-Merge-0.08-devdoc
gzipping man pages under /nix/store/in041x6lriifq4zv9bf93a5d1iybrc3h-perl5.32.0-Algorithm-Merge-0.08-devdoc/share/man/
strip is /nix/store/psyzbhp4p088sb9qcs378hfbslcalasl-binutils-2.31.1/bin/strip
patching script interpreter paths in /nix/store/in041x6lriifq4zv9bf93a5d1iybrc3h-perl5.32.0-Algorithm-Merge-0.08-devdoc
checking for references to /build/ in /nix/store/in041x6lriifq4zv9bf93a5d1iybrc3h-perl5.32.0-Algorithm-Merge-0.08-devdoc...
/nix/store/gfr39g3c9nqbrpmc53ir8y2nvny9nipw-perl5.32.0-Algorithm-Merge-0.08
