these derivations will be built:
  /nix/store/wygx3dpip94p0n9sjdmjw73x96wy967l-perl5.32.0-Types-Serialiser-1.0.drv
  /nix/store/2wmchhvg7k2zpi9mh3wah0v6gg10r3m3-perl5.32.0-JSON-XS-4.02.drv
  /nix/store/pa12fysi7jmlwixhc174d5c7926qq0ba-perl5.32.0-AnyEvent-I3-0.17.drv
these paths will be fetched (0.02 MiB download, 0.02 MiB unpacked):
  /nix/store/i9ldq5nw7miz72ph74s9i1qxp39h95x8-AnyEvent-I3-0.17.tar.gz
copying path '/nix/store/i9ldq5nw7miz72ph74s9i1qxp39h95x8-AnyEvent-I3-0.17.tar.gz' from 'https://cache.nixos.org'...
building '/nix/store/wygx3dpip94p0n9sjdmjw73x96wy967l-perl5.32.0-Types-Serialiser-1.0.drv'...
unpacking sources
unpacking source archive /nix/store/c0ybbipnjplbn5rrxl9bh7gc513fbcq2-Types-Serialiser-1.0.tar.gz
source root is Types-Serialiser-1.0
setting SOURCE_DATE_EPOCH to timestamp 1385836415 of file Types-Serialiser-1.0/README
patching sources
configuring
Checking if your kit is complete...
Looks good
Generating a Unix-style Makefile
Writing Makefile for Types::Serialiser
Writing MYMETA.yml and MYMETA.json
no configure script, doing nothing
building
build flags: SHELL=/nix/store/9fqwwd4iybmhjqyxiaxycknslw6bgwh1-bash-4.4-p23/bin/bash
cp Serialiser/Error.pm blib/lib/Types/Serialiser/Error.pm
cp Serialiser.pm blib/lib/Types/Serialiser.pm
Manifying 2 pod documents
running tests
check flags: SHELL=/nix/store/9fqwwd4iybmhjqyxiaxycknslw6bgwh1-bash-4.4-p23/bin/bash VERBOSE=y test
PERL_DL_NONLAZY=1 "/nix/store/7c044di03qa7qgr5kjjc2d787aspzp0m-perl-5.32.0/bin/perl" "-MExtUtils::Command::MM" "-MTest::Harness" "-e" "undef *Test::Harness::Switches; test_harness(0, 'blib/lib', 'blib/arch')" t/*.t
t/00_load.t ... ok
t/51_types.t .. ok
All tests successful.
Files=2, Tests=21,  0 wallclock secs ( 0.02 usr  0.01 sys +  0.01 cusr  0.00 csys =  0.04 CPU)
Result: PASS
installing
install flags: SHELL=/nix/store/9fqwwd4iybmhjqyxiaxycknslw6bgwh1-bash-4.4-p23/bin/bash pkgconfigdir=/nix/store/zvggkcwf80ydiqwhd9xc1fav8843h9zn-perl5.32.0-Types-Serialiser-1.0/lib/pkgconfig m4datadir=/nix/store/zvggkcwf80ydiqwhd9xc1fav8843h9zn-perl5.32.0-Types-Serialiser-1.0/share/aclocal aclocaldir=/nix/store/zvggkcwf80ydiqwhd9xc1fav8843h9zn-perl5.32.0-Types-Serialiser-1.0/share/aclocal install
Manifying 2 pod documents
Installing /nix/store/zvggkcwf80ydiqwhd9xc1fav8843h9zn-perl5.32.0-Types-Serialiser-1.0/lib/perl5/site_perl/5.32.0/Types/Serialiser.pm
Installing /nix/store/zvggkcwf80ydiqwhd9xc1fav8843h9zn-perl5.32.0-Types-Serialiser-1.0/lib/perl5/site_perl/5.32.0/Types/Serialiser/Error.pm
Installing /nix/store/zvggkcwf80ydiqwhd9xc1fav8843h9zn-perl5.32.0-Types-Serialiser-1.0/share/man/man3/Types::Serialiser.3
Installing /nix/store/zvggkcwf80ydiqwhd9xc1fav8843h9zn-perl5.32.0-Types-Serialiser-1.0/share/man/man3/Types::Serialiser::Error.3
Appending installation info to /nix/store/zvggkcwf80ydiqwhd9xc1fav8843h9zn-perl5.32.0-Types-Serialiser-1.0/lib/perl5/5.32.0/x86_64-linux-thread-multi/perllocal.pod
post-installation fixup
Moving /nix/store/zvggkcwf80ydiqwhd9xc1fav8843h9zn-perl5.32.0-Types-Serialiser-1.0/share/man/man3 to /nix/store/grx7dj4pj87dklz9kgaqln01sl7dj6dg-perl5.32.0-Types-Serialiser-1.0-devdoc/share/man/man3
Removing empty /nix/store/zvggkcwf80ydiqwhd9xc1fav8843h9zn-perl5.32.0-Types-Serialiser-1.0/share/man/ and (possibly) its parents
shrinking RPATHs of ELF executables and libraries in /nix/store/zvggkcwf80ydiqwhd9xc1fav8843h9zn-perl5.32.0-Types-Serialiser-1.0
strip is /nix/store/psyzbhp4p088sb9qcs378hfbslcalasl-binutils-2.31.1/bin/strip
stripping (with command strip and flags -S) in /nix/store/zvggkcwf80ydiqwhd9xc1fav8843h9zn-perl5.32.0-Types-Serialiser-1.0/lib
patching script interpreter paths in /nix/store/zvggkcwf80ydiqwhd9xc1fav8843h9zn-perl5.32.0-Types-Serialiser-1.0
checking for references to /build/ in /nix/store/zvggkcwf80ydiqwhd9xc1fav8843h9zn-perl5.32.0-Types-Serialiser-1.0...
shrinking RPATHs of ELF executables and libraries in /nix/store/grx7dj4pj87dklz9kgaqln01sl7dj6dg-perl5.32.0-Types-Serialiser-1.0-devdoc
gzipping man pages under /nix/store/grx7dj4pj87dklz9kgaqln01sl7dj6dg-perl5.32.0-Types-Serialiser-1.0-devdoc/share/man/
strip is /nix/store/psyzbhp4p088sb9qcs378hfbslcalasl-binutils-2.31.1/bin/strip
patching script interpreter paths in /nix/store/grx7dj4pj87dklz9kgaqln01sl7dj6dg-perl5.32.0-Types-Serialiser-1.0-devdoc
checking for references to /build/ in /nix/store/grx7dj4pj87dklz9kgaqln01sl7dj6dg-perl5.32.0-Types-Serialiser-1.0-devdoc...
building '/nix/store/2wmchhvg7k2zpi9mh3wah0v6gg10r3m3-perl5.32.0-JSON-XS-4.02.drv'...
unpacking sources
unpacking source archive /nix/store/w3gdk38zdhpz4lq81jvlv5d5hi0ma5a5-JSON-XS-4.02.tar.gz
source root is JSON-XS-4.02
setting SOURCE_DATE_EPOCH to timestamp 1551857515 of file JSON-XS-4.02/README
patching sources
configuring
patching ./t/18_json_checker.t...
patching ./t/20_faihu.t...
patching ./t/06_pc_pretty.t...
patching ./t/05_dwiw_decode.t...
patching ./t/21_evans.t...
patching ./t/04_dwiw_encode.t...
patching ./t/19_incr.t...
patching ./bin/json_xs...
patching ./eg/bench...

***
*** Canary::Stability COMPATIBILITY AND SUPPORT CHECK
*** =================================================
***
*** Hi!
***
*** I do my best to provide predictable and reliable software.
***
*** However, in recent releases, P5P (who maintain perl) have been
*** introducing regressions that are sometimes subtle and at other times
*** catastrophic, often for personal preferences with little or no concern
*** for existing code, most notably CPAN.
***
*** For this reason, it has become very hard for me to maintain the level
*** of reliability and support I have committed myself to in the past, at
*** least with some perl versions: I simply can't keep up working around new
*** bugs or gratituous incompatibilities, and in turn you might suffer from
*** unanticipated problems.
***
*** Therefore I have introduced a support and compatibility check, the results
*** of which follow below, together with a FAQ and some recommendations.
***
*** This check is just to let you know that there might be a risk, so you can
*** make judgement calls on how to proceed - it will not keep the module from
*** installing or working.
***
*** The stability canary says: (nothing, it was driven away by harsh weather)
***
*** It seems you are running perl version 5.032000, likely the "official" or
*** "standard" version. While there is nothing wrong with doing that,
*** standard perl versions 5.022 and up are not supported by JSON::XS.
*** While this might be fatal, it might also be all right - if you run into
*** problems, you might want to downgrade your perl or switch to the
*** stability branch.
***
*** If everything works fine, you can ignore this message.
***
***
*** Stability canary mini-FAQ:
***
*** Do I need to do anything?
***    With luck, no. While some distributions are known to fail
***    already, most should probably work. This message is here
***    to alert you that your perl is not supported by JSON::XS,
***    and if things go wrong, you either need to downgrade, or
***    sidegrade to the stability variant of your perl version,
***    or simply live with the consequences.
***
*** What is this canary thing?
***    It's purpose is to check support status of JSON::XS with
***    respect to your perl version.
***
*** What is this "stability branch"?
***    It's a branch or fork of the official perl, by schmorp, to
***    improve stability and compatibility with existing modules.
***
*** How can I skip this prompt on automated installs?
***    Set PERL_CANARY_STABILITY_NOPROMPT=1 in your environment.
***    More info is in the Canary::Stability manpage.
***
*** Long version of this FAQ: http://stableperl.schmorp.de/faq.html
*** Stability Branch homepage: http://stableperl.schmorp.de/
***

Continue anyways?  [y] y
Checking if your kit is complete...
Looks good
Generating a Unix-style Makefile
Writing Makefile for JSON::XS
Writing MYMETA.yml and MYMETA.json
no configure script, doing nothing
building
build flags: SHELL=/nix/store/9fqwwd4iybmhjqyxiaxycknslw6bgwh1-bash-4.4-p23/bin/bash
cp XS/Boolean.pm blib/lib/JSON/XS/Boolean.pm
cp XS.pm blib/lib/JSON/XS.pm
Running Mkbootstrap for XS ()
chmod 644 "XS.bs"
"/nix/store/7c044di03qa7qgr5kjjc2d787aspzp0m-perl-5.32.0/bin/perl" -MExtUtils::Command::MM -e 'cp_nonempty' -- XS.bs blib/arch/auto/JSON/XS/XS.bs 644
"/nix/store/7c044di03qa7qgr5kjjc2d787aspzp0m-perl-5.32.0/bin/perl" "/nix/store/7c044di03qa7qgr5kjjc2d787aspzp0m-perl-5.32.0/lib/perl5/5.32.0/ExtUtils/xsubpp"  -typemap '/nix/store/7c044di03qa7qgr5kjjc2d787aspzp0m-perl-5.32.0/lib/perl5/5.32.0/ExtUtils/typemap' -typemap '/build/JSON-XS-4.02/typemap'  XS.xs > XS.xsc
mv XS.xsc XS.c
cc -c   -D_REENTRANT -D_GNU_SOURCE -fwrapv -fno-strict-aliasing -pipe -fstack-protector-strong -I/no-such-path/include -D_LARGEFILE_SOURCE -D_FILE_OFFSET_BITS=64 -O2   -DVERSION=\"4.02\" -DXS_VERSION=\"4.02\" -fPIC "-I/nix/store/7c044di03qa7qgr5kjjc2d787aspzp0m-perl-5.32.0/lib/perl5/5.32.0/x86_64-linux-thread-multi/CORE"   XS.c
XS.xs: In function 'decode_utf8':
XS.xs:207:5: warning: 'Perl_utf8n_to_uvuni' is deprecated [-Wdeprecated-declarations]
  207 |     return utf8n_to_uvuni (s, len, clen, UTF8_CHECK_ONLY);
      |     ^~~~~~
In file included from /nix/store/7c044di03qa7qgr5kjjc2d787aspzp0m-perl-5.32.0/lib/perl5/5.32.0/x86_64-linux-thread-multi/CORE/perl.h:5564,
                 from XS.xs:2:
/nix/store/7c044di03qa7qgr5kjjc2d787aspzp0m-perl-5.32.0/lib/perl5/5.32.0/x86_64-linux-thread-multi/CORE/proto.h:3989:18: note: declared here
 3989 | PERL_CALLCONV UV Perl_utf8n_to_uvuni(pTHX_ const U8 *s, STRLEN curlen, STRLEN *retlen, U32 flags)
      |                  ^~~~~~~~~~~~~~~~~~~
In file included from /nix/store/7c044di03qa7qgr5kjjc2d787aspzp0m-perl-5.32.0/lib/perl5/5.32.0/x86_64-linux-thread-multi/CORE/perl.h:28,
                 from XS.xs:2:
XS.xs: In function 'encode_sv':
/nix/store/7c044di03qa7qgr5kjjc2d787aspzp0m-perl-5.32.0/lib/perl5/5.32.0/x86_64-linux-thread-multi/CORE/config.h:909:27: warning: ignoring return value of 'gcvt', declared with attribute warn_unused_result [-Wunused-result]
  909 | #define Gconvert(x,n,t,b) gcvt((x),(n),(b))
      |                           ^~~~~~~~~~~~~~~~~
XS.xs:910:7: note: in expansion of macro 'Gconvert'
  910 |       Gconvert (SvNVX (sv), NV_DIG, 0, enc->cur);
      |       ^~~~~~~~
rm -f blib/arch/auto/JSON/XS/XS.so
cc  -shared -O2 -L/nix/store/68pw3wxwkrx0rwzjifm7g1jxy5g2sg1p-glibc-2.31/lib -fstack-protector-strong  XS.o  -o blib/arch/auto/JSON/XS/XS.so  \
      \

chmod 755 blib/arch/auto/JSON/XS/XS.so
cp bin/json_xs blib/script/json_xs
"/nix/store/7c044di03qa7qgr5kjjc2d787aspzp0m-perl-5.32.0/bin/perl" -MExtUtils::MY -e 'MY->fixin(shift)' -- blib/script/json_xs
Manifying 1 pod document
Manifying 2 pod documents
running tests
check flags: SHELL=/nix/store/9fqwwd4iybmhjqyxiaxycknslw6bgwh1-bash-4.4-p23/bin/bash VERBOSE=y test
"/nix/store/7c044di03qa7qgr5kjjc2d787aspzp0m-perl-5.32.0/bin/perl" -MExtUtils::Command::MM -e 'cp_nonempty' -- XS.bs blib/arch/auto/JSON/XS/XS.bs 644
PERL_DL_NONLAZY=1 "/nix/store/7c044di03qa7qgr5kjjc2d787aspzp0m-perl-5.32.0/bin/perl" "-MExtUtils::Command::MM" "-MTest::Harness" "-e" "undef *Test::Harness::Switches; test_harness(0, 'blib/lib', 'blib/arch')" t/*.t
t/00_load.t ............. ok
t/01_utf8.t ............. ok
t/02_error.t ............ ok
t/03_types.t ............ ok
t/04_dwiw_encode.t ...... ok
t/05_dwiw_decode.t ...... ok
t/06_pc_pretty.t ........ ok
t/07_pc_esc.t ........... ok
t/08_pc_base.t .......... ok
t/09_pc_extra_number.t .. ok
t/10_pc_keysort.t ....... ok
t/11_pc_expo.t .......... ok
t/12_blessed.t .......... ok
t/13_limit.t ............ ok
t/14_latin1.t ........... ok
t/15_prefix.t ........... ok
t/16_tied.t ............. ok
t/17_relaxed.t .......... ok
t/18_json_checker.t ..... ok
t/19_incr.t ............. ok
t/20_faihu.t ............ ok
t/21_evans.t ............ ok
t/22_comment_at_eof.t ... ok
t/52_object.t ........... ok
t/99_binary.t ........... ok
All tests successful.
Files=25, Tests=25635,  2 wallclock secs ( 1.04 usr  0.02 sys +  1.57 cusr  0.25 csys =  2.88 CPU)
Result: PASS
installing
install flags: SHELL=/nix/store/9fqwwd4iybmhjqyxiaxycknslw6bgwh1-bash-4.4-p23/bin/bash pkgconfigdir=/nix/store/da3p6kjaiqxczq9wm1an5izskad86a9p-perl5.32.0-JSON-XS-4.02/lib/pkgconfig m4datadir=/nix/store/da3p6kjaiqxczq9wm1an5izskad86a9p-perl5.32.0-JSON-XS-4.02/share/aclocal aclocaldir=/nix/store/da3p6kjaiqxczq9wm1an5izskad86a9p-perl5.32.0-JSON-XS-4.02/share/aclocal install
"/nix/store/7c044di03qa7qgr5kjjc2d787aspzp0m-perl-5.32.0/bin/perl" -MExtUtils::Command::MM -e 'cp_nonempty' -- XS.bs blib/arch/auto/JSON/XS/XS.bs 644
Manifying 1 pod document
Manifying 2 pod documents
Files found in blib/arch: installing files in blib/lib into architecture dependent library tree
Installing /nix/store/da3p6kjaiqxczq9wm1an5izskad86a9p-perl5.32.0-JSON-XS-4.02/lib/perl5/site_perl/5.32.0/x86_64-linux-thread-multi/auto/JSON/XS/XS.so
Installing /nix/store/da3p6kjaiqxczq9wm1an5izskad86a9p-perl5.32.0-JSON-XS-4.02/lib/perl5/site_perl/5.32.0/x86_64-linux-thread-multi/JSON/XS.pm
Installing /nix/store/da3p6kjaiqxczq9wm1an5izskad86a9p-perl5.32.0-JSON-XS-4.02/lib/perl5/site_perl/5.32.0/x86_64-linux-thread-multi/JSON/XS/Boolean.pm
Installing /nix/store/da3p6kjaiqxczq9wm1an5izskad86a9p-perl5.32.0-JSON-XS-4.02/share/man/man1/json_xs.1
Installing /nix/store/da3p6kjaiqxczq9wm1an5izskad86a9p-perl5.32.0-JSON-XS-4.02/share/man/man3/JSON::XS::Boolean.3
Installing /nix/store/da3p6kjaiqxczq9wm1an5izskad86a9p-perl5.32.0-JSON-XS-4.02/share/man/man3/JSON::XS.3
Installing /nix/store/da3p6kjaiqxczq9wm1an5izskad86a9p-perl5.32.0-JSON-XS-4.02/bin/json_xs
Appending installation info to /nix/store/da3p6kjaiqxczq9wm1an5izskad86a9p-perl5.32.0-JSON-XS-4.02/lib/perl5/5.32.0/x86_64-linux-thread-multi/perllocal.pod
post-installation fixup
Moving /nix/store/da3p6kjaiqxczq9wm1an5izskad86a9p-perl5.32.0-JSON-XS-4.02/share/man/man3 to /nix/store/0a4900zxvjcnsbix877h44vp07dwlhcb-perl5.32.0-JSON-XS-4.02-devdoc/share/man/man3
rmdir: failed to remove '/nix/store/da3p6kjaiqxczq9wm1an5izskad86a9p-perl5.32.0-JSON-XS-4.02/share/man': Directory not empty
shrinking RPATHs of ELF executables and libraries in /nix/store/da3p6kjaiqxczq9wm1an5izskad86a9p-perl5.32.0-JSON-XS-4.02
shrinking /nix/store/da3p6kjaiqxczq9wm1an5izskad86a9p-perl5.32.0-JSON-XS-4.02/lib/perl5/site_perl/5.32.0/x86_64-linux-thread-multi/auto/JSON/XS/XS.so
gzipping man pages under /nix/store/da3p6kjaiqxczq9wm1an5izskad86a9p-perl5.32.0-JSON-XS-4.02/share/man/
strip is /nix/store/psyzbhp4p088sb9qcs378hfbslcalasl-binutils-2.31.1/bin/strip
stripping (with command strip and flags -S) in /nix/store/da3p6kjaiqxczq9wm1an5izskad86a9p-perl5.32.0-JSON-XS-4.02/lib  /nix/store/da3p6kjaiqxczq9wm1an5izskad86a9p-perl5.32.0-JSON-XS-4.02/bin
patching script interpreter paths in /nix/store/da3p6kjaiqxczq9wm1an5izskad86a9p-perl5.32.0-JSON-XS-4.02
checking for references to /build/ in /nix/store/da3p6kjaiqxczq9wm1an5izskad86a9p-perl5.32.0-JSON-XS-4.02...
shrinking RPATHs of ELF executables and libraries in /nix/store/0a4900zxvjcnsbix877h44vp07dwlhcb-perl5.32.0-JSON-XS-4.02-devdoc
gzipping man pages under /nix/store/0a4900zxvjcnsbix877h44vp07dwlhcb-perl5.32.0-JSON-XS-4.02-devdoc/share/man/
strip is /nix/store/psyzbhp4p088sb9qcs378hfbslcalasl-binutils-2.31.1/bin/strip
patching script interpreter paths in /nix/store/0a4900zxvjcnsbix877h44vp07dwlhcb-perl5.32.0-JSON-XS-4.02-devdoc
checking for references to /build/ in /nix/store/0a4900zxvjcnsbix877h44vp07dwlhcb-perl5.32.0-JSON-XS-4.02-devdoc...
building '/nix/store/pa12fysi7jmlwixhc174d5c7926qq0ba-perl5.32.0-AnyEvent-I3-0.17.drv'...
unpacking sources
unpacking source archive /nix/store/i9ldq5nw7miz72ph74s9i1qxp39h95x8-AnyEvent-I3-0.17.tar.gz
source root is AnyEvent-I3-0.17
setting SOURCE_DATE_EPOCH to timestamp 1491744861 of file AnyEvent-I3-0.17/lib/AnyEvent/I3.pm
patching sources
configuring
patching ./t/manifest.t...
patching ./t/boilerplate.t...
patching ./t/pod.t...
patching ./t/00-load.t...
patching ./t/01-workspaces.t...
patching ./t/02-sugar.t...
Cannot determine perl version info from lib/AnyEvent/I3.pm
Checking if your kit is complete...
Looks good
Generating a Unix-style Makefile
Writing Makefile for AnyEvent::I3
Writing MYMETA.yml and MYMETA.json
no configure script, doing nothing
building
build flags: SHELL=/nix/store/9fqwwd4iybmhjqyxiaxycknslw6bgwh1-bash-4.4-p23/bin/bash
cp lib/AnyEvent/I3.pm blib/lib/AnyEvent/I3.pm
Manifying 1 pod document
running tests
check flags: SHELL=/nix/store/9fqwwd4iybmhjqyxiaxycknslw6bgwh1-bash-4.4-p23/bin/bash VERBOSE=y test
PERL_DL_NONLAZY=1 "/nix/store/7c044di03qa7qgr5kjjc2d787aspzp0m-perl-5.32.0/bin/perl" "-MExtUtils::Command::MM" "-MTest::Harness" "-e" "undef *Test::Harness::Switches; test_harness(0, 'inc', 'blib/lib', 'blib/arch')" t/*.t
t/00-load.t ........ 1/1 # Testing AnyEvent::I3 0.17, Perl 5.032000, /nix/store/7c044di03qa7qgr5kjjc2d787aspzp0m-perl-5.32.0/bin/perl
t/00-load.t ........ ok
t/01-workspaces.t .. Can't exec "i3": No such file or directory at /build/AnyEvent-I3-0.17/blib/lib/AnyEvent/I3.pm line 151.
Use of uninitialized value $result in scalar chomp at /build/AnyEvent-I3-0.17/blib/lib/AnyEvent/I3.pm line 151.
Use of uninitialized value $result in pattern match (m//) at /build/AnyEvent-I3-0.17/blib/lib/AnyEvent/I3.pm line 154.
Calling i3 --get-socketpath failed. Is DISPLAY set and is i3 in your PATH? at /build/AnyEvent-I3-0.17/blib/lib/AnyEvent/I3.pm line 158.
t/01-workspaces.t .. 1/3 # Testing AnyEvent::I3 0.17, Perl 5.032000, /nix/store/7c044di03qa7qgr5kjjc2d787aspzp0m-perl-5.32.0/bin/perl
t/01-workspaces.t .. ok
t/02-sugar.t ....... Can't exec "i3": No such file or directory at /build/AnyEvent-I3-0.17/blib/lib/AnyEvent/I3.pm line 151.
Use of uninitialized value $result in scalar chomp at /build/AnyEvent-I3-0.17/blib/lib/AnyEvent/I3.pm line 151.
Use of uninitialized value $result in pattern match (m//) at /build/AnyEvent-I3-0.17/blib/lib/AnyEvent/I3.pm line 154.
Calling i3 --get-socketpath failed. Is DISPLAY set and is i3 in your PATH? at /build/AnyEvent-I3-0.17/blib/lib/AnyEvent/I3.pm line 158.
t/02-sugar.t ....... 1/3 # Testing AnyEvent::I3 0.17, Perl 5.032000, /nix/store/7c044di03qa7qgr5kjjc2d787aspzp0m-perl-5.32.0/bin/perl
t/02-sugar.t ....... ok
t/boilerplate.t .... ok
t/manifest.t ....... skipped: Author tests not required for installation
t/pod-coverage.t ... skipped: Test::Pod::Coverage 1.08 required for testing POD coverage
t/pod.t ............ skipped: Test::Pod 1.22 required for testing POD
All tests successful.

Test Summary Report
-------------------
t/boilerplate.t  (Wstat: 0 Tests: 3 Failed: 0)
  TODO passed:   1-3
Files=7, Tests=10,  0 wallclock secs ( 0.03 usr  0.01 sys +  0.47 cusr  0.19 csys =  0.70 CPU)
Result: PASS
installing
install flags: SHELL=/nix/store/9fqwwd4iybmhjqyxiaxycknslw6bgwh1-bash-4.4-p23/bin/bash pkgconfigdir=/nix/store/rkcyrq6vgiwp87w4l7pz95yg1r76cib2-perl5.32.0-AnyEvent-I3-0.17/lib/pkgconfig m4datadir=/nix/store/rkcyrq6vgiwp87w4l7pz95yg1r76cib2-perl5.32.0-AnyEvent-I3-0.17/share/aclocal aclocaldir=/nix/store/rkcyrq6vgiwp87w4l7pz95yg1r76cib2-perl5.32.0-AnyEvent-I3-0.17/share/aclocal install
Manifying 1 pod document
Installing /nix/store/rkcyrq6vgiwp87w4l7pz95yg1r76cib2-perl5.32.0-AnyEvent-I3-0.17/lib/perl5/site_perl/5.32.0/AnyEvent/I3.pm
Installing /nix/store/rkcyrq6vgiwp87w4l7pz95yg1r76cib2-perl5.32.0-AnyEvent-I3-0.17/share/man/man3/AnyEvent::I3.3
Appending installation info to /nix/store/rkcyrq6vgiwp87w4l7pz95yg1r76cib2-perl5.32.0-AnyEvent-I3-0.17/lib/perl5/5.32.0/x86_64-linux-thread-multi/perllocal.pod
post-installation fixup
Moving /nix/store/rkcyrq6vgiwp87w4l7pz95yg1r76cib2-perl5.32.0-AnyEvent-I3-0.17/share/man/man3 to /nix/store/bbnl54l4qn0a72bib292jscb48wqghm6-perl5.32.0-AnyEvent-I3-0.17-devdoc/share/man/man3
Removing empty /nix/store/rkcyrq6vgiwp87w4l7pz95yg1r76cib2-perl5.32.0-AnyEvent-I3-0.17/share/man/ and (possibly) its parents
shrinking RPATHs of ELF executables and libraries in /nix/store/rkcyrq6vgiwp87w4l7pz95yg1r76cib2-perl5.32.0-AnyEvent-I3-0.17
strip is /nix/store/psyzbhp4p088sb9qcs378hfbslcalasl-binutils-2.31.1/bin/strip
stripping (with command strip and flags -S) in /nix/store/rkcyrq6vgiwp87w4l7pz95yg1r76cib2-perl5.32.0-AnyEvent-I3-0.17/lib
patching script interpreter paths in /nix/store/rkcyrq6vgiwp87w4l7pz95yg1r76cib2-perl5.32.0-AnyEvent-I3-0.17
checking for references to /build/ in /nix/store/rkcyrq6vgiwp87w4l7pz95yg1r76cib2-perl5.32.0-AnyEvent-I3-0.17...
shrinking RPATHs of ELF executables and libraries in /nix/store/bbnl54l4qn0a72bib292jscb48wqghm6-perl5.32.0-AnyEvent-I3-0.17-devdoc
gzipping man pages under /nix/store/bbnl54l4qn0a72bib292jscb48wqghm6-perl5.32.0-AnyEvent-I3-0.17-devdoc/share/man/
strip is /nix/store/psyzbhp4p088sb9qcs378hfbslcalasl-binutils-2.31.1/bin/strip
patching script interpreter paths in /nix/store/bbnl54l4qn0a72bib292jscb48wqghm6-perl5.32.0-AnyEvent-I3-0.17-devdoc
checking for references to /build/ in /nix/store/bbnl54l4qn0a72bib292jscb48wqghm6-perl5.32.0-AnyEvent-I3-0.17-devdoc...
/nix/store/rkcyrq6vgiwp87w4l7pz95yg1r76cib2-perl5.32.0-AnyEvent-I3-0.17
