these derivations will be built:
  /nix/store/3j4z85czyxiza2ad47i3g8fxmdlxrn98-perl5.32.0-Applify-0.21.drv
these paths will be fetched (0.02 MiB download, 0.02 MiB unpacked):
  /nix/store/ynfn3knm111c8b450p1ngsq7xiq73qx2-Applify-0.21.tar.gz
copying path '/nix/store/ynfn3knm111c8b450p1ngsq7xiq73qx2-Applify-0.21.tar.gz' from 'https://cache.nixos.org'...
building '/nix/store/3j4z85czyxiza2ad47i3g8fxmdlxrn98-perl5.32.0-Applify-0.21.drv'...
unpacking sources
unpacking source archive /nix/store/ynfn3knm111c8b450p1ngsq7xiq73qx2-Applify-0.21.tar.gz
source root is Applify-0.21
setting SOURCE_DATE_EPOCH to timestamp 1576184599 of file Applify-0.21/META.yml
patching sources
configuring
patching ./example/fatpack.sh...
patching ./example/test1.pl...
patching ./example/moo.pl...
Checking if your kit is complete...
Looks good
Generating a Unix-style Makefile
Writing Makefile for Applify
Writing MYMETA.yml and MYMETA.json
no configure script, doing nothing
building
build flags: SHELL=/nix/store/9fqwwd4iybmhjqyxiaxycknslw6bgwh1-bash-4.4-p23/bin/bash
cp lib/Applify.pm blib/lib/Applify.pm
Manifying 1 pod document
running tests
check flags: SHELL=/nix/store/9fqwwd4iybmhjqyxiaxycknslw6bgwh1-bash-4.4-p23/bin/bash VERBOSE=y test
PERL_DL_NONLAZY=1 "/nix/store/7c044di03qa7qgr5kjjc2d787aspzp0m-perl-5.32.0/bin/perl" "-MExtUtils::Command::MM" "-MTest::Harness" "-e" "undef *Test::Harness::Switches; test_harness(0, 'blib/lib', 'blib/arch')" t/*.t
t/00-basic.t ....... ok
t/alias.t .......... ok
t/autoload.t ....... ok
t/constant.t ....... ok
t/example-test1.t .. ok
t/exits.t .......... ok
t/export.t ......... ok
t/extends.t ........ ok
t/file-dir.t ....... ok
t/help.t ........... ok
t/hook.t ........... ok
t/moose.t .......... skipped: Moose is not available
t/n_of.t ........... ok
t/options.t ........ 1/? Use of uninitialized value in string ne at /build/Applify-0.21/blib/lib/Applify.pm line 258.
Use of uninitialized value in concatenation (.) or string at /build/Applify-0.21/blib/lib/Applify.pm line 258.
t/options.t ........ ok
t/subcommand.t ..... ok
t/type-tiny.t ...... skipped: Types::Standard is required
t/version.t ........ ok
All tests successful.

Test Summary Report
-------------------
t/options.t      (Wstat: 0 Tests: 27 Failed: 0)
  TODO passed:   19-20
Files=17, Tests=232,  1 wallclock secs ( 0.06 usr  0.01 sys +  1.09 cusr  0.13 csys =  1.29 CPU)
Result: PASS
installing
install flags: SHELL=/nix/store/9fqwwd4iybmhjqyxiaxycknslw6bgwh1-bash-4.4-p23/bin/bash pkgconfigdir=/nix/store/86j7mfmh66il7r9vwyi26nlhqd8qg9bj-perl5.32.0-Applify-0.21/lib/pkgconfig m4datadir=/nix/store/86j7mfmh66il7r9vwyi26nlhqd8qg9bj-perl5.32.0-Applify-0.21/share/aclocal aclocaldir=/nix/store/86j7mfmh66il7r9vwyi26nlhqd8qg9bj-perl5.32.0-Applify-0.21/share/aclocal install
Manifying 1 pod document
Installing /nix/store/86j7mfmh66il7r9vwyi26nlhqd8qg9bj-perl5.32.0-Applify-0.21/lib/perl5/site_perl/5.32.0/Applify.pm
Installing /nix/store/86j7mfmh66il7r9vwyi26nlhqd8qg9bj-perl5.32.0-Applify-0.21/share/man/man3/Applify.3
Appending installation info to /nix/store/86j7mfmh66il7r9vwyi26nlhqd8qg9bj-perl5.32.0-Applify-0.21/lib/perl5/5.32.0/x86_64-linux-thread-multi/perllocal.pod
post-installation fixup
Moving /nix/store/86j7mfmh66il7r9vwyi26nlhqd8qg9bj-perl5.32.0-Applify-0.21/share/man/man3 to /nix/store/j54ggkdcy119pys3vdmz9r281lniwcxw-perl5.32.0-Applify-0.21-devdoc/share/man/man3
Removing empty /nix/store/86j7mfmh66il7r9vwyi26nlhqd8qg9bj-perl5.32.0-Applify-0.21/share/man/ and (possibly) its parents
shrinking RPATHs of ELF executables and libraries in /nix/store/86j7mfmh66il7r9vwyi26nlhqd8qg9bj-perl5.32.0-Applify-0.21
strip is /nix/store/psyzbhp4p088sb9qcs378hfbslcalasl-binutils-2.31.1/bin/strip
stripping (with command strip and flags -S) in /nix/store/86j7mfmh66il7r9vwyi26nlhqd8qg9bj-perl5.32.0-Applify-0.21/lib
patching script interpreter paths in /nix/store/86j7mfmh66il7r9vwyi26nlhqd8qg9bj-perl5.32.0-Applify-0.21
checking for references to /build/ in /nix/store/86j7mfmh66il7r9vwyi26nlhqd8qg9bj-perl5.32.0-Applify-0.21...
shrinking RPATHs of ELF executables and libraries in /nix/store/j54ggkdcy119pys3vdmz9r281lniwcxw-perl5.32.0-Applify-0.21-devdoc
gzipping man pages under /nix/store/j54ggkdcy119pys3vdmz9r281lniwcxw-perl5.32.0-Applify-0.21-devdoc/share/man/
strip is /nix/store/psyzbhp4p088sb9qcs378hfbslcalasl-binutils-2.31.1/bin/strip
patching script interpreter paths in /nix/store/j54ggkdcy119pys3vdmz9r281lniwcxw-perl5.32.0-Applify-0.21-devdoc
checking for references to /build/ in /nix/store/j54ggkdcy119pys3vdmz9r281lniwcxw-perl5.32.0-Applify-0.21-devdoc...
/nix/store/86j7mfmh66il7r9vwyi26nlhqd8qg9bj-perl5.32.0-Applify-0.21
