these derivations will be built:
  /nix/store/4pnf9dp0m0lqdpg74qqapvi0wqbz89j6-perl5.32.0-Array-Compare-3.0.3.drv
these paths will be fetched (0.01 MiB download, 0.01 MiB unpacked):
  /nix/store/20pr4ixmh7450sc84rwzdllbc29ql8hz-Array-Compare-v3.0.3.tar.gz
copying path '/nix/store/20pr4ixmh7450sc84rwzdllbc29ql8hz-Array-Compare-v3.0.3.tar.gz' from 'https://cache.nixos.org'...
building '/nix/store/4pnf9dp0m0lqdpg74qqapvi0wqbz89j6-perl5.32.0-Array-Compare-3.0.3.drv'...
unpacking sources
unpacking source archive /nix/store/20pr4ixmh7450sc84rwzdllbc29ql8hz-Array-Compare-v3.0.3.tar.gz
source root is Array-Compare-v3.0.3
setting SOURCE_DATE_EPOCH to timestamp 1565606111 of file Array-Compare-v3.0.3/t/test.t
patching sources
configuring
Checking if your kit is complete...
Looks good
Generating a Unix-style Makefile
Writing Makefile for Array::Compare
Writing MYMETA.yml and MYMETA.json
no configure script, doing nothing
building
Created MYMETA.yml and MYMETA.json
Creating new 'Build' script for 'Array-Compare' version 'v3.0.3'
Building Array-Compare
running tests
t/pod.t ........... skipped: Test::Pod 1.00 required for testing POD
t/pod_coverage.t .. skipped: Test::Pod::Coverage 1.00 required for testing POD coverage
t/test.t .......... ok
All tests successful.
Files=3, Tests=35,  0 wallclock secs ( 0.02 usr  0.01 sys +  0.22 cusr  0.10 csys =  0.35 CPU)
Result: PASS
installing
Building Array-Compare
Installing /nix/store/mx9283ya2r74snq7d791gkgmvlv7kpim-perl5.32.0-Array-Compare-3.0.3/lib/perl5/site_perl/5.32.0/Array/Compare.pm
Installing /nix/store/mx9283ya2r74snq7d791gkgmvlv7kpim-perl5.32.0-Array-Compare-3.0.3/share/man/man3/Array::Compare.3
post-installation fixup
Moving /nix/store/mx9283ya2r74snq7d791gkgmvlv7kpim-perl5.32.0-Array-Compare-3.0.3/share/man/man3 to /nix/store/wb1yjvqfklj0bb7x2525nmah2sy2sjzz-perl5.32.0-Array-Compare-3.0.3-devdoc/share/man/man3
Removing empty /nix/store/mx9283ya2r74snq7d791gkgmvlv7kpim-perl5.32.0-Array-Compare-3.0.3/share/man/ and (possibly) its parents
shrinking RPATHs of ELF executables and libraries in /nix/store/mx9283ya2r74snq7d791gkgmvlv7kpim-perl5.32.0-Array-Compare-3.0.3
strip is /nix/store/psyzbhp4p088sb9qcs378hfbslcalasl-binutils-2.31.1/bin/strip
stripping (with command strip and flags -S) in /nix/store/mx9283ya2r74snq7d791gkgmvlv7kpim-perl5.32.0-Array-Compare-3.0.3/lib
patching script interpreter paths in /nix/store/mx9283ya2r74snq7d791gkgmvlv7kpim-perl5.32.0-Array-Compare-3.0.3
checking for references to /build/ in /nix/store/mx9283ya2r74snq7d791gkgmvlv7kpim-perl5.32.0-Array-Compare-3.0.3...
shrinking RPATHs of ELF executables and libraries in /nix/store/wb1yjvqfklj0bb7x2525nmah2sy2sjzz-perl5.32.0-Array-Compare-3.0.3-devdoc
gzipping man pages under /nix/store/wb1yjvqfklj0bb7x2525nmah2sy2sjzz-perl5.32.0-Array-Compare-3.0.3-devdoc/share/man/
strip is /nix/store/psyzbhp4p088sb9qcs378hfbslcalasl-binutils-2.31.1/bin/strip
patching script interpreter paths in /nix/store/wb1yjvqfklj0bb7x2525nmah2sy2sjzz-perl5.32.0-Array-Compare-3.0.3-devdoc
checking for references to /build/ in /nix/store/wb1yjvqfklj0bb7x2525nmah2sy2sjzz-perl5.32.0-Array-Compare-3.0.3-devdoc...
/nix/store/mx9283ya2r74snq7d791gkgmvlv7kpim-perl5.32.0-Array-Compare-3.0.3
