these derivations will be built:
  /nix/store/y38a0j1ddg1c4hn6gyyqly9cjfbr98y0-perl5.32.0-Authen-SASL-2.16.drv
these paths will be fetched (0.04 MiB download, 0.04 MiB unpacked):
  /nix/store/3hqzvlh0qvq0alyir5ljj7kv5lbdqncn-Authen-SASL-2.16.tar.gz
copying path '/nix/store/3hqzvlh0qvq0alyir5ljj7kv5lbdqncn-Authen-SASL-2.16.tar.gz' from 'https://cache.nixos.org'...
building '/nix/store/y38a0j1ddg1c4hn6gyyqly9cjfbr98y0-perl5.32.0-Authen-SASL-2.16.drv'...
unpacking sources
unpacking source archive /nix/store/3hqzvlh0qvq0alyir5ljj7kv5lbdqncn-Authen-SASL-2.16.tar.gz
source root is Authen-SASL-2.16
setting SOURCE_DATE_EPOCH to timestamp 1346774941 of file Authen-SASL-2.16/SIGNATURE
patching sources
configuring
patching ./example_pl...
patching ./t/login.t...
patching ./t/order.t...
patching ./t/digest_md5.t...
patching ./t/callback.t...
patching ./t/server/login.t...
patching ./t/server/digest_md5.t...
patching ./t/server/plain.t...
patching ./t/anon.t...
patching ./t/negotiations/login.t...
patching ./t/negotiations/digest_md5.t...
patching ./t/negotiations/plain.t...
patching ./t/plain.t...
patching ./t/cram_md5.t...
patching ./t/digest_md5_verified.t...
patching ./t/external.t...
patching ./compat_pl...
Checking if your kit is complete...
Looks good
Generating a Unix-style Makefile
Writing Makefile for Authen::SASL
Writing MYMETA.yml and MYMETA.json
no configure script, doing nothing
building
build flags: SHELL=/nix/store/9fqwwd4iybmhjqyxiaxycknslw6bgwh1-bash-4.4-p23/bin/bash
cp lib/Authen/SASL/Perl/ANONYMOUS.pm blib/lib/Authen/SASL/Perl/ANONYMOUS.pm
cp lib/Authen/SASL/Perl.pod blib/lib/Authen/SASL/Perl.pod
cp lib/Authen/SASL/Perl/DIGEST_MD5.pm blib/lib/Authen/SASL/Perl/DIGEST_MD5.pm
cp lib/Authen/SASL/Perl/GSSAPI.pm blib/lib/Authen/SASL/Perl/GSSAPI.pm
cp lib/Authen/SASL/EXTERNAL.pm blib/lib/Authen/SASL/EXTERNAL.pm
cp lib/Authen/SASL/CRAM_MD5.pm blib/lib/Authen/SASL/CRAM_MD5.pm
cp lib/Authen/SASL.pod blib/lib/Authen/SASL.pod
cp lib/Authen/SASL/Perl/CRAM_MD5.pm blib/lib/Authen/SASL/Perl/CRAM_MD5.pm
cp lib/Authen/SASL/Perl/LOGIN.pm blib/lib/Authen/SASL/Perl/LOGIN.pm
cp lib/Authen/SASL/Perl/PLAIN.pm blib/lib/Authen/SASL/Perl/PLAIN.pm
cp lib/Authen/SASL.pm blib/lib/Authen/SASL.pm
cp lib/Authen/SASL/Perl.pm blib/lib/Authen/SASL/Perl.pm
cp lib/Authen/SASL/Perl/EXTERNAL.pm blib/lib/Authen/SASL/Perl/EXTERNAL.pm
Manifying 9 pod documents
running tests
check flags: SHELL=/nix/store/9fqwwd4iybmhjqyxiaxycknslw6bgwh1-bash-4.4-p23/bin/bash VERBOSE=y test
PERL_DL_NONLAZY=1 "/nix/store/7c044di03qa7qgr5kjjc2d787aspzp0m-perl-5.32.0/bin/perl" "-MExtUtils::Command::MM" "-MTest::Harness" "-e" "undef *Test::Harness::Switches; test_harness(0, 'inc', 'blib/lib', 'blib/arch')" t/*.t t/negotiations/*.t t/server/*.t
t/anon.t ..................... ok
t/callback.t ................. ok
t/cram_md5.t ................. ok
t/digest_md5.t ............... ok
t/digest_md5_verified.t ...... ok
t/external.t ................. ok
t/login.t .................... ok
t/negotiations/digest_md5.t .. ok
t/negotiations/login.t ....... ok
t/negotiations/plain.t ....... ok
t/order.t .................... ok
t/plain.t .................... ok
t/server/digest_md5.t ........ ok
t/server/login.t ............. "my" variable $cb masks earlier declaration in same scope at t/server/login.t line 75.
t/server/login.t ............. ok
t/server/plain.t ............. ok
All tests successful.
Files=15, Tests=313,  1 wallclock secs ( 0.07 usr  0.02 sys +  0.86 cusr  0.22 csys =  1.17 CPU)
Result: PASS
installing
install flags: SHELL=/nix/store/9fqwwd4iybmhjqyxiaxycknslw6bgwh1-bash-4.4-p23/bin/bash pkgconfigdir=/nix/store/k23ywjv9w8bf7rzfvq6b625khx1703sd-perl5.32.0-Authen-SASL-2.16/lib/pkgconfig m4datadir=/nix/store/k23ywjv9w8bf7rzfvq6b625khx1703sd-perl5.32.0-Authen-SASL-2.16/share/aclocal aclocaldir=/nix/store/k23ywjv9w8bf7rzfvq6b625khx1703sd-perl5.32.0-Authen-SASL-2.16/share/aclocal install
Manifying 9 pod documents
Installing /nix/store/k23ywjv9w8bf7rzfvq6b625khx1703sd-perl5.32.0-Authen-SASL-2.16/lib/perl5/site_perl/5.32.0/Authen/SASL.pm
Installing /nix/store/k23ywjv9w8bf7rzfvq6b625khx1703sd-perl5.32.0-Authen-SASL-2.16/lib/perl5/site_perl/5.32.0/Authen/SASL.pod
Installing /nix/store/k23ywjv9w8bf7rzfvq6b625khx1703sd-perl5.32.0-Authen-SASL-2.16/lib/perl5/site_perl/5.32.0/Authen/SASL/Perl.pod
Installing /nix/store/k23ywjv9w8bf7rzfvq6b625khx1703sd-perl5.32.0-Authen-SASL-2.16/lib/perl5/site_perl/5.32.0/Authen/SASL/CRAM_MD5.pm
Installing /nix/store/k23ywjv9w8bf7rzfvq6b625khx1703sd-perl5.32.0-Authen-SASL-2.16/lib/perl5/site_perl/5.32.0/Authen/SASL/Perl.pm
Installing /nix/store/k23ywjv9w8bf7rzfvq6b625khx1703sd-perl5.32.0-Authen-SASL-2.16/lib/perl5/site_perl/5.32.0/Authen/SASL/EXTERNAL.pm
Installing /nix/store/k23ywjv9w8bf7rzfvq6b625khx1703sd-perl5.32.0-Authen-SASL-2.16/lib/perl5/site_perl/5.32.0/Authen/SASL/Perl/LOGIN.pm
Installing /nix/store/k23ywjv9w8bf7rzfvq6b625khx1703sd-perl5.32.0-Authen-SASL-2.16/lib/perl5/site_perl/5.32.0/Authen/SASL/Perl/GSSAPI.pm
Installing /nix/store/k23ywjv9w8bf7rzfvq6b625khx1703sd-perl5.32.0-Authen-SASL-2.16/lib/perl5/site_perl/5.32.0/Authen/SASL/Perl/DIGEST_MD5.pm
Installing /nix/store/k23ywjv9w8bf7rzfvq6b625khx1703sd-perl5.32.0-Authen-SASL-2.16/lib/perl5/site_perl/5.32.0/Authen/SASL/Perl/PLAIN.pm
Installing /nix/store/k23ywjv9w8bf7rzfvq6b625khx1703sd-perl5.32.0-Authen-SASL-2.16/lib/perl5/site_perl/5.32.0/Authen/SASL/Perl/CRAM_MD5.pm
Installing /nix/store/k23ywjv9w8bf7rzfvq6b625khx1703sd-perl5.32.0-Authen-SASL-2.16/lib/perl5/site_perl/5.32.0/Authen/SASL/Perl/ANONYMOUS.pm
Installing /nix/store/k23ywjv9w8bf7rzfvq6b625khx1703sd-perl5.32.0-Authen-SASL-2.16/lib/perl5/site_perl/5.32.0/Authen/SASL/Perl/EXTERNAL.pm
Installing /nix/store/k23ywjv9w8bf7rzfvq6b625khx1703sd-perl5.32.0-Authen-SASL-2.16/share/man/man3/Authen::SASL::Perl::CRAM_MD5.3
Installing /nix/store/k23ywjv9w8bf7rzfvq6b625khx1703sd-perl5.32.0-Authen-SASL-2.16/share/man/man3/Authen::SASL::Perl::EXTERNAL.3
Installing /nix/store/k23ywjv9w8bf7rzfvq6b625khx1703sd-perl5.32.0-Authen-SASL-2.16/share/man/man3/Authen::SASL::Perl::GSSAPI.3
Installing /nix/store/k23ywjv9w8bf7rzfvq6b625khx1703sd-perl5.32.0-Authen-SASL-2.16/share/man/man3/Authen::SASL::Perl::LOGIN.3
Installing /nix/store/k23ywjv9w8bf7rzfvq6b625khx1703sd-perl5.32.0-Authen-SASL-2.16/share/man/man3/Authen::SASL::Perl::DIGEST_MD5.3
Installing /nix/store/k23ywjv9w8bf7rzfvq6b625khx1703sd-perl5.32.0-Authen-SASL-2.16/share/man/man3/Authen::SASL::Perl::ANONYMOUS.3
Installing /nix/store/k23ywjv9w8bf7rzfvq6b625khx1703sd-perl5.32.0-Authen-SASL-2.16/share/man/man3/Authen::SASL.3
Installing /nix/store/k23ywjv9w8bf7rzfvq6b625khx1703sd-perl5.32.0-Authen-SASL-2.16/share/man/man3/Authen::SASL::Perl::PLAIN.3
Installing /nix/store/k23ywjv9w8bf7rzfvq6b625khx1703sd-perl5.32.0-Authen-SASL-2.16/share/man/man3/Authen::SASL::Perl.3
Appending installation info to /nix/store/k23ywjv9w8bf7rzfvq6b625khx1703sd-perl5.32.0-Authen-SASL-2.16/lib/perl5/5.32.0/x86_64-linux-thread-multi/perllocal.pod
post-installation fixup
Moving /nix/store/k23ywjv9w8bf7rzfvq6b625khx1703sd-perl5.32.0-Authen-SASL-2.16/share/man/man3 to /nix/store/liadbkfbp2xwzi303frf4dcqb022rqh6-perl5.32.0-Authen-SASL-2.16-devdoc/share/man/man3
Removing empty /nix/store/k23ywjv9w8bf7rzfvq6b625khx1703sd-perl5.32.0-Authen-SASL-2.16/share/man/ and (possibly) its parents
shrinking RPATHs of ELF executables and libraries in /nix/store/k23ywjv9w8bf7rzfvq6b625khx1703sd-perl5.32.0-Authen-SASL-2.16
strip is /nix/store/psyzbhp4p088sb9qcs378hfbslcalasl-binutils-2.31.1/bin/strip
stripping (with command strip and flags -S) in /nix/store/k23ywjv9w8bf7rzfvq6b625khx1703sd-perl5.32.0-Authen-SASL-2.16/lib
patching script interpreter paths in /nix/store/k23ywjv9w8bf7rzfvq6b625khx1703sd-perl5.32.0-Authen-SASL-2.16
checking for references to /build/ in /nix/store/k23ywjv9w8bf7rzfvq6b625khx1703sd-perl5.32.0-Authen-SASL-2.16...
shrinking RPATHs of ELF executables and libraries in /nix/store/liadbkfbp2xwzi303frf4dcqb022rqh6-perl5.32.0-Authen-SASL-2.16-devdoc
gzipping man pages under /nix/store/liadbkfbp2xwzi303frf4dcqb022rqh6-perl5.32.0-Authen-SASL-2.16-devdoc/share/man/
strip is /nix/store/psyzbhp4p088sb9qcs378hfbslcalasl-binutils-2.31.1/bin/strip
patching script interpreter paths in /nix/store/liadbkfbp2xwzi303frf4dcqb022rqh6-perl5.32.0-Authen-SASL-2.16-devdoc
checking for references to /build/ in /nix/store/liadbkfbp2xwzi303frf4dcqb022rqh6-perl5.32.0-Authen-SASL-2.16-devdoc...
/nix/store/k23ywjv9w8bf7rzfvq6b625khx1703sd-perl5.32.0-Authen-SASL-2.16
