these derivations will be built:
  /nix/store/hlwfbqxygim9wgn9k6466vg91lp6r4pz-perl5.32.0-Authen-Simple-Passwd-0.6.drv
building '/nix/store/hlwfbqxygim9wgn9k6466vg91lp6r4pz-perl5.32.0-Authen-Simple-Passwd-0.6.drv'...
unpacking sources
unpacking source archive /nix/store/f4ii6c3806kr0aljpayvsf8lb5a7fchj-Authen-Simple-Passwd-0.6.tar.gz
source root is Authen-Simple-Passwd-0.6
setting SOURCE_DATE_EPOCH to timestamp 1137328464 of file Authen-Simple-Passwd-0.6/t/etc/passwd
patching sources
configuring
Checking if your kit is complete...
Looks good
Generating a Unix-style Makefile
Writing Makefile for Authen::Simple::Passwd
Writing MYMETA.yml and MYMETA.json
no configure script, doing nothing
building
Created MYMETA.yml and MYMETA.json
Creating new 'Build' script for 'Authen-Simple-Passwd' version '0.6'
Building Authen-Simple-Passwd
running tests
t/01use.t .......... ok
t/02pod.t .......... skipped: Test::Pod 1.14 required
t/03podcoverage.t .. skipped: Test::Pod::Coverage 1.04 required
t/04basic.t ........ 1/8 Use of uninitialized value in string eq at /nix/store/2x4w01xldqfbnmr2p5gmmxgkb4h14k1k-perl5.32.0-Authen-Simple-0.5/lib/perl5/site_perl/5.32.0/Authen/Simple/Password.pm line 25.
Use of uninitialized value in string eq at /nix/store/2x4w01xldqfbnmr2p5gmmxgkb4h14k1k-perl5.32.0-Authen-Simple-0.5/lib/perl5/site_perl/5.32.0/Authen/Simple/Password.pm line 25.
t/04basic.t ........ ok
All tests successful.
Files=4, Tests=9,  0 wallclock secs ( 0.02 usr  0.01 sys +  0.26 cusr  0.14 csys =  0.43 CPU)
Result: PASS
installing
Building Authen-Simple-Passwd
Installing /nix/store/g5bwg8wfalb7lhd21z4l4q2pxwxfp2a9-perl5.32.0-Authen-Simple-Passwd-0.6/lib/perl5/site_perl/5.32.0/Authen/Simple/Passwd.pm
Installing /nix/store/g5bwg8wfalb7lhd21z4l4q2pxwxfp2a9-perl5.32.0-Authen-Simple-Passwd-0.6/share/man/man3/Authen::Simple::Passwd.3
post-installation fixup
Moving /nix/store/g5bwg8wfalb7lhd21z4l4q2pxwxfp2a9-perl5.32.0-Authen-Simple-Passwd-0.6/share/man/man3 to /nix/store/2nzi4b41kj456b5xy87ychggdg891rzh-perl5.32.0-Authen-Simple-Passwd-0.6-devdoc/share/man/man3
Removing empty /nix/store/g5bwg8wfalb7lhd21z4l4q2pxwxfp2a9-perl5.32.0-Authen-Simple-Passwd-0.6/share/man/ and (possibly) its parents
shrinking RPATHs of ELF executables and libraries in /nix/store/g5bwg8wfalb7lhd21z4l4q2pxwxfp2a9-perl5.32.0-Authen-Simple-Passwd-0.6
strip is /nix/store/psyzbhp4p088sb9qcs378hfbslcalasl-binutils-2.31.1/bin/strip
stripping (with command strip and flags -S) in /nix/store/g5bwg8wfalb7lhd21z4l4q2pxwxfp2a9-perl5.32.0-Authen-Simple-Passwd-0.6/lib
patching script interpreter paths in /nix/store/g5bwg8wfalb7lhd21z4l4q2pxwxfp2a9-perl5.32.0-Authen-Simple-Passwd-0.6
checking for references to /build/ in /nix/store/g5bwg8wfalb7lhd21z4l4q2pxwxfp2a9-perl5.32.0-Authen-Simple-Passwd-0.6...
shrinking RPATHs of ELF executables and libraries in /nix/store/2nzi4b41kj456b5xy87ychggdg891rzh-perl5.32.0-Authen-Simple-Passwd-0.6-devdoc
gzipping man pages under /nix/store/2nzi4b41kj456b5xy87ychggdg891rzh-perl5.32.0-Authen-Simple-Passwd-0.6-devdoc/share/man/
strip is /nix/store/psyzbhp4p088sb9qcs378hfbslcalasl-binutils-2.31.1/bin/strip
patching script interpreter paths in /nix/store/2nzi4b41kj456b5xy87ychggdg891rzh-perl5.32.0-Authen-Simple-Passwd-0.6-devdoc
checking for references to /build/ in /nix/store/2nzi4b41kj456b5xy87ychggdg891rzh-perl5.32.0-Authen-Simple-Passwd-0.6-devdoc...
/nix/store/g5bwg8wfalb7lhd21z4l4q2pxwxfp2a9-perl5.32.0-Authen-Simple-Passwd-0.6
