these derivations will be built:
  /nix/store/y918fpx32w2hgan6yixr8kf1jh2bs6pq-perl5.32.0-Math-BigInt-1.999816.drv
  /nix/store/d5cw8c917n72dss5dda9sz6jmizikqzx-perl5.32.0-bignum-0.51.drv
these paths will be fetched (2.91 MiB download, 2.95 MiB unpacked):
  /nix/store/4isl67la7mh9wr7nn7jzccmsjqpnacs2-Math-BigInt-1.999816.tar.gz
  /nix/store/fynj6yrj48708dcyxzrkycyl5x41w7xl-bignum-0.51.tar.gz
copying path '/nix/store/fynj6yrj48708dcyxzrkycyl5x41w7xl-bignum-0.51.tar.gz' from 'https://cache.nixos.org'...
copying path '/nix/store/4isl67la7mh9wr7nn7jzccmsjqpnacs2-Math-BigInt-1.999816.tar.gz' from 'https://cache.nixos.org'...
building '/nix/store/y918fpx32w2hgan6yixr8kf1jh2bs6pq-perl5.32.0-Math-BigInt-1.999816.drv'...
unpacking sources
unpacking source archive /nix/store/4isl67la7mh9wr7nn7jzccmsjqpnacs2-Math-BigInt-1.999816.tar.gz
source root is Math-BigInt-1.999816
setting SOURCE_DATE_EPOCH to timestamp 1540574703 of file Math-BigInt-1.999816/SIGNATURE
patching sources
configuring
patching ./examples/bigprimes.pl...
patching ./examples/prime.pl...
patching ./MANIFEST.SKIP...
patching ./t/mbf_ali.t...
patching ./t/bnok-mbi.t...
patching ./t/release-pod.t...
patching ./t/author-lib-arithmetic-unary-_dec.t...
patching ./t/from_bin-mbi.t...
patching ./t/author-batan-mbf.t...
patching ./t/author-lib-property-_len.t...
patching ./t/constant.t...
patching ./t/req_mbfi.t...
patching ./t/Math/BigInt/BareCalc.pm...
patching ./t/Math/BigInt/Lib/TestUtil.pm...
patching ./t/Math/BigInt/Subclass.pm...
patching ./t/Math/BigFloat/Subclass.pm...
patching ./t/objectify_mbf.t...
patching ./t/author-lib-arithmetic-unary-_lucas.t...
patching ./t/bfib-mbi.t...
patching ./t/author-lib-constructor-nullary-_two.t...
patching ./t/author-lib-constructor-unary-_copy.t...
patching ./t/round.t...
patching ./t/author-lib-constructor-nullary-_zero.t...
patching ./t/big_pi_e.t...
patching ./t/rt-16221.t...
patching ./t/dparts-mbi.t...
patching ./t/from_hex-mbf.t...
patching ./t/author-lib-arithmetic-binary-_div.t...
patching ./t/to_base-mbi.t...
patching ./t/author-lib-arithmetic-unary-_dfac.t...
patching ./t/inf_nan.t...
patching ./t/author-lib-arithmetic-ternary-_modpow.t...
patching ./t/author-lib-boolean-_is_ten.t...
patching ./t/author-lib-convert-string-_to_hex.t...
patching ./t/use.t...
patching ./t/const_mbf.t...
patching ./t/biglog.t...
patching ./t/author-lib-property-_digit.t...
patching ./t/calling-class-methods.t...
patching ./t/bigfltpm.t...
patching ./t/from_oct-mbi.t...
patching ./t/req_mbfw.t...
patching ./t/bdstr-mbi.t...
patching ./t/sub_ali.t...
patching ./t/author-lib-arithmetic-binary-_modinv.t...
patching ./t/author-lib-arithmetic-binary-_mul.t...
patching ./t/req_mbf1.t...
patching ./t/bnok-mbf.t...
patching ./t/author-numify-mbi.t...
patching ./t/author-relop-mbi-mbf.t...
patching ./t/author-lib-arithmetic-binary-_mod.t...
patching ./t/author-lib-bitwise-_sxor.t...
patching ./t/author-lib-constructor-unary-_from_bin.t...
patching ./t/use_lib3.t...
patching ./t/sparts-mbi.t...
patching ./t/author-lib-convert-string-_to_oct.t...
patching ./t/author-lib-boolean-_is_odd.t...
patching ./t/author-lib-bitwise-_sand.t...
patching ./t/dparts-mbf.t...
patching ./t/nparts-mbi.t...
patching ./t/sub_mif.t...
patching ./t/author-lib-arithmetic-binary-_gcd.t...
patching ./t/author-lib-boolean-_is_zero.t...
patching ./t/author-blog-mbi.t...
patching ./t/bestr-mbf.t...
patching ./t/config.t...
patching ./t/use_mbfw.t...
patching ./t/bigroot.t...
patching ./t/_e_math.t...
patching ./t/bnstr-mbf.t...
patching ./t/author-lib.t...
patching ./t/require.t...
patching ./t/author-lib-convert-string-_to_base.t...
patching ./t/author-lib-bitwise-_sor.t...
patching ./t/eparts-mbi.t...
patching ./t/calling.t...
patching ./t/author-batan2-mbf.t...
patching ./t/new-mbf.t...
patching ./t/author-lib-boolean-_is_even.t...
patching ./t/author-lib-arithmetic-binary-_log_int.t...
patching ./t/author-lib-convert-number-_num.t...
patching ./t/author-lib-property-_alen.t...
patching ./t/upgrade2.t...
patching ./t/eparts-mbf.t...
patching ./t/00sig.t...
patching ./t/blucas-mbi.t...
patching ./t/nan_cmp.t...
patching ./t/author-lib-constructor-unary-_new.t...
patching ./t/bigints.t...
patching ./t/trap.t...
patching ./t/bsstr-mbi.t...
patching ./t/bnstr-mbi.t...
patching ./t/author-lib-arithmetic-binary-_nok.t...
patching ./t/from_base-mbi.t...
patching ./t/use_lib4.t...
patching ./t/author-lib-convert-string-_as_oct.t...
patching ./t/01load.t...
patching ./t/from_hex-mbi.t...
patching ./t/author-lib-arithmetic-ternary-_rsft.t...
patching ./t/bestr-mbi.t...
patching ./t/mbimbf.t...
patching ./t/bsstr-mbf.t...
patching ./t/mbi_ali.t...
patching ./t/use_lib1.t...
patching ./t/bigintpm.t...
patching ./t/release-portability.t...
patching ./t/author-lib-constructor-binary-_from_base.t...
patching ./t/author-lib-arithmetic-unary-_inc.t...
patching ./t/lib_load.t...
patching ./t/author-lib-constructor-unary-_from_bytes.t...
patching ./t/bare_mbf.t...
patching ./t/author-lib-boolean-_is_two.t...
patching ./t/sparts-mbf.t...
patching ./t/downgrade.t...
patching ./t/author-lib-property-_zeros.t...
patching ./t/author-lib-misc-_check.t...
patching ./t/release-cpan-changes.t...
patching ./t/author-lib-arithmetic-binary-_lcm.t...
patching ./t/mbi_rand.t...
patching ./t/bare_mif.t...
patching ./t/calling-instance-methods.t...
patching ./t/upgradef.t...
patching ./t/author-lib-constructor-nullary-_ten.t...
patching ./t/author-lib-constructor-unary-_from_hex.t...
patching ./t/author-blog-mbf.t...
patching ./t/req_mbfn.t...
patching ./t/from_oct-mbf.t...
patching ./t/author-bexp-mbf.t...
patching ./t/author-lib-arithmetic-binary-_add.t...
patching ./t/bdstr-mbf.t...
patching ./t/author-lib-arithmetic-unary-_sqrt.t...
patching ./t/sub_mbi.t...
patching ./t/author-lib-misc-api_version.t...
patching ./t/author-lib-convert-string-_as_hex.t...
patching ./t/author-lib-convert-string-_str.t...
patching ./t/sub_mbf.t...
patching ./t/author-lib-arithmetic-binary-_pow.t...
patching ./t/new_overloaded.t...
patching ./t/objectify_mbi.t...
patching ./t/author-lib-bitwise-_xor.t...
patching ./t/bigintc.t...
patching ./t/author-lib-convert-string-_as_bytes.t...
patching ./t/author-lib-arithmetic-unary-_fac.t...
patching ./t/nparts-mbf.t...
patching ./t/release-whitespaces.t...
patching ./t/author-btmod-btdiv-mbi.t...
patching ./t/author-lib-comparison-_acmp.t...
patching ./t/author-lib-arithmetic-ternary-_lsft.t...
patching ./t/author-lib-constructor-nullary-_one.t...
patching ./t/upgrade.t...
patching ./t/alias.inc...
patching ./t/author-lib-convert-string-_as_bin.t...
patching ./t/author-lib-arithmetic-unary-_fib.t...
patching ./t/author-bnok-mbi.t...
patching ./t/author-lib-constructor-unary-_from_oct.t...
patching ./t/author-bpi-mbf.t...
patching ./t/author-numify-mbf.t...
patching ./t/req_mbf0.t...
patching ./t/author-bmod-bdiv-mbi.t...
patching ./t/author-lib-convert-string-_to_bytes.t...
patching ./t/author-lib-boolean-_is_one.t...
patching ./t/author-lib-arithmetic-binary-_root.t...
patching ./t/author-constructors-a-p-r.t...
patching ./t/isa.t...
patching ./t/req_mbfa.t...
patching ./t/with_sub.t...
patching ./t/bare_mbi.t...
patching ./t/release-pod-coverage.t...
patching ./t/author-lib-arithmetic-binary-_sub.t...
patching ./t/author-lib-bitwise-_or.t...
patching ./t/author-lib-bitwise-_and.t...
patching ./t/from_bin-mbf.t...
patching ./t/author-lib-convert-string-_to_bin.t...
patching ./t/use_lib2.t...
patching ./Makefile.PL...
Checking if your kit is complete...
Looks good
Generating a Unix-style Makefile
Writing Makefile for Math::BigInt
Writing MYMETA.yml and MYMETA.json
no configure script, doing nothing
building
build flags: SHELL=/nix/store/9fqwwd4iybmhjqyxiaxycknslw6bgwh1-bash-4.4-p23/bin/bash
cp lib/Math/BigInt/Calc.pm blib/lib/Math/BigInt/Calc.pm
cp lib/Math/BigInt/Lib.pm blib/lib/Math/BigInt/Lib.pm
cp lib/Math/BigFloat.pm blib/lib/Math/BigFloat.pm
cp lib/Math/BigInt.pm blib/lib/Math/BigInt.pm
Manifying 4 pod documents
running tests
check flags: SHELL=/nix/store/9fqwwd4iybmhjqyxiaxycknslw6bgwh1-bash-4.4-p23/bin/bash VERBOSE=y test
PERL_DL_NONLAZY=1 "/nix/store/7c044di03qa7qgr5kjjc2d787aspzp0m-perl-5.32.0/bin/perl" "-MExtUtils::Command::MM" "-MTest::Harness" "-e" "undef *Test::Harness::Switches; test_harness(0, 'blib/lib', 'blib/arch')" t/*.t
t/00sig.t ..................................... skipped: Set the environment variable TEST_SIGNATURE to enable this test.
t/01load.t .................................... 1/2 #
# Testing with Perl 5.032000, /nix/store/7c044di03qa7qgr5kjjc2d787aspzp0m-perl-5.32.0/bin/perl
#
#      Version Module
#      ------- ------
#     1.999816 Math::BigInt
#     1.999816 Math::BigFloat
#     1.999816 Math::BigInt::Lib
#     1.999816 Math::BigInt::Calc
#
t/01load.t .................................... ok
t/_e_math.t ................................... ok
t/author-batan-mbf.t .......................... skipped: these tests are for testing by the author
t/author-batan2-mbf.t ......................... skipped: these tests are for testing by the author
t/author-bexp-mbf.t ........................... skipped: these tests are for testing by the author
t/author-blog-mbf.t ........................... skipped: these tests are for testing by the author
t/author-blog-mbi.t ........................... skipped: these tests are for testing by the author
t/author-bmod-bdiv-mbi.t ...................... skipped: these tests are for testing by the author
t/author-bnok-mbi.t ........................... skipped: these tests are for testing by the author
t/author-bpi-mbf.t ............................ skipped: these tests are for testing by the author
t/author-btmod-btdiv-mbi.t .................... skipped: these tests are for testing by the author
t/author-constructors-a-p-r.t ................. skipped: these tests are for testing by the author
t/author-lib-arithmetic-binary-_add.t ......... skipped: these tests are for testing by the author
t/author-lib-arithmetic-binary-_div.t ......... skipped: these tests are for testing by the author
t/author-lib-arithmetic-binary-_gcd.t ......... skipped: these tests are for testing by the author
t/author-lib-arithmetic-binary-_lcm.t ......... skipped: these tests are for testing by the author
t/author-lib-arithmetic-binary-_log_int.t ..... skipped: these tests are for testing by the author
t/author-lib-arithmetic-binary-_mod.t ......... skipped: these tests are for testing by the author
t/author-lib-arithmetic-binary-_modinv.t ...... skipped: these tests are for testing by the author
t/author-lib-arithmetic-binary-_mul.t ......... skipped: these tests are for testing by the author
t/author-lib-arithmetic-binary-_nok.t ......... skipped: these tests are for testing by the author
t/author-lib-arithmetic-binary-_pow.t ......... skipped: these tests are for testing by the author
t/author-lib-arithmetic-binary-_root.t ........ skipped: these tests are for testing by the author
t/author-lib-arithmetic-binary-_sub.t ......... skipped: these tests are for testing by the author
t/author-lib-arithmetic-ternary-_lsft.t ....... skipped: these tests are for testing by the author
t/author-lib-arithmetic-ternary-_modpow.t ..... skipped: these tests are for testing by the author
t/author-lib-arithmetic-ternary-_rsft.t ....... skipped: these tests are for testing by the author
t/author-lib-arithmetic-unary-_dec.t .......... skipped: these tests are for testing by the author
t/author-lib-arithmetic-unary-_dfac.t ......... skipped: these tests are for testing by the author
t/author-lib-arithmetic-unary-_fac.t .......... skipped: these tests are for testing by the author
t/author-lib-arithmetic-unary-_fib.t .......... skipped: these tests are for testing by the author
t/author-lib-arithmetic-unary-_inc.t .......... skipped: these tests are for testing by the author
t/author-lib-arithmetic-unary-_lucas.t ........ skipped: these tests are for testing by the author
t/author-lib-arithmetic-unary-_sqrt.t ......... skipped: these tests are for testing by the author
t/author-lib-bitwise-_and.t ................... skipped: these tests are for testing by the author
t/author-lib-bitwise-_or.t .................... skipped: these tests are for testing by the author
t/author-lib-bitwise-_sand.t .................. skipped: these tests are for testing by the author
t/author-lib-bitwise-_sor.t ................... skipped: these tests are for testing by the author
t/author-lib-bitwise-_sxor.t .................. skipped: these tests are for testing by the author
t/author-lib-bitwise-_xor.t ................... skipped: these tests are for testing by the author
t/author-lib-boolean-_is_even.t ............... skipped: these tests are for testing by the author
t/author-lib-boolean-_is_odd.t ................ skipped: these tests are for testing by the author
t/author-lib-boolean-_is_one.t ................ skipped: these tests are for testing by the author
t/author-lib-boolean-_is_ten.t ................ skipped: these tests are for testing by the author
t/author-lib-boolean-_is_two.t ................ skipped: these tests are for testing by the author
t/author-lib-boolean-_is_zero.t ............... skipped: these tests are for testing by the author
t/author-lib-comparison-_acmp.t ............... skipped: these tests are for testing by the author
t/author-lib-constructor-binary-_from_base.t .. skipped: these tests are for testing by the author
t/author-lib-constructor-nullary-_one.t ....... skipped: these tests are for testing by the author
t/author-lib-constructor-nullary-_ten.t ....... skipped: these tests are for testing by the author
t/author-lib-constructor-nullary-_two.t ....... skipped: these tests are for testing by the author
t/author-lib-constructor-nullary-_zero.t ...... skipped: these tests are for testing by the author
t/author-lib-constructor-unary-_copy.t ........ skipped: these tests are for testing by the author
t/author-lib-constructor-unary-_from_bin.t .... skipped: these tests are for testing by the author
t/author-lib-constructor-unary-_from_bytes.t .. skipped: these tests are for testing by the author
t/author-lib-constructor-unary-_from_hex.t .... skipped: these tests are for testing by the author
t/author-lib-constructor-unary-_from_oct.t .... skipped: these tests are for testing by the author
t/author-lib-constructor-unary-_new.t ......... skipped: these tests are for testing by the author
t/author-lib-convert-number-_num.t ............ skipped: these tests are for testing by the author
t/author-lib-convert-string-_as_bin.t ......... skipped: these tests are for testing by the author
t/author-lib-convert-string-_as_bytes.t ....... skipped: these tests are for testing by the author
t/author-lib-convert-string-_as_hex.t ......... skipped: these tests are for testing by the author
t/author-lib-convert-string-_as_oct.t ......... skipped: these tests are for testing by the author
t/author-lib-convert-string-_str.t ............ skipped: these tests are for testing by the author
t/author-lib-convert-string-_to_base.t ........ skipped: these tests are for testing by the author
t/author-lib-convert-string-_to_bin.t ......... skipped: these tests are for testing by the author
t/author-lib-convert-string-_to_bytes.t ....... skipped: these tests are for testing by the author
t/author-lib-convert-string-_to_hex.t ......... skipped: these tests are for testing by the author
t/author-lib-convert-string-_to_oct.t ......... skipped: these tests are for testing by the author
t/author-lib-misc-_check.t .................... skipped: these tests are for testing by the author
t/author-lib-misc-api_version.t ............... skipped: these tests are for testing by the author
t/author-lib-property-_alen.t ................. skipped: these tests are for testing by the author
t/author-lib-property-_digit.t ................ skipped: these tests are for testing by the author
t/author-lib-property-_len.t .................. skipped: these tests are for testing by the author
t/author-lib-property-_zeros.t ................ skipped: these tests are for testing by the author
t/author-lib.t ................................ skipped: these tests are for testing by the author
t/author-numify-mbf.t ......................... skipped: these tests are for testing by the author
t/author-numify-mbi.t ......................... skipped: these tests are for testing by the author
t/author-relop-mbi-mbf.t ...................... skipped: these tests are for testing by the author
t/bare_mbf.t .................................. ok
t/bare_mbi.t .................................. ok
t/bare_mif.t .................................. ok
t/bdstr-mbf.t ................................. ok
t/bdstr-mbi.t ................................. ok
t/bestr-mbf.t ................................. ok
t/bestr-mbi.t ................................. ok
t/bfib-mbi.t .................................. ok
t/big_pi_e.t .................................. ok
t/bigfltpm.t .................................. ok
t/bigintc.t ................................... ok
t/bigintpm.t .................................. ok
t/bigints.t ................................... ok
t/biglog.t .................................... ok
t/bigroot.t ................................... ok
t/blucas-mbi.t ................................ ok
t/bnok-mbf.t .................................. ok
t/bnok-mbi.t .................................. ok
t/bnstr-mbf.t ................................. ok
t/bnstr-mbi.t ................................. ok
t/bsstr-mbf.t ................................. ok
t/bsstr-mbi.t ................................. ok
t/calling-class-methods.t ..................... ok
t/calling-instance-methods.t .................. ok
t/calling.t ................................... ok
t/config.t .................................... ok
t/const_mbf.t ................................. ok
t/constant.t .................................. ok
t/downgrade.t ................................. ok
t/dparts-mbf.t ................................ ok
t/dparts-mbi.t ................................ ok
t/eparts-mbf.t ................................ ok
t/eparts-mbi.t ................................ ok
t/from_base-mbi.t ............................. ok
t/from_bin-mbf.t .............................. ok
t/from_bin-mbi.t .............................. ok
t/from_hex-mbf.t .............................. ok
t/from_hex-mbi.t .............................. ok
t/from_oct-mbf.t .............................. ok
t/from_oct-mbi.t .............................. ok
t/inf_nan.t ................................... ok
t/isa.t ....................................... ok
t/lib_load.t .................................. ok
t/mbf_ali.t ................................... ok
t/mbi_ali.t ................................... ok
t/mbi_rand.t .................................. ok
t/mbimbf.t .................................... ok
t/nan_cmp.t ................................... ok
t/new-mbf.t ................................... ok
t/new_overloaded.t ............................ ok
t/nparts-mbf.t ................................ ok
t/nparts-mbi.t ................................ ok
t/objectify_mbf.t ............................. ok
t/objectify_mbi.t ............................. ok
t/release-cpan-changes.t ...................... skipped: these tests are for release candidate testing
t/release-pod-coverage.t ...................... skipped: these tests are for release candidate testing
t/release-pod.t ............................... skipped: these tests are for release candidate testing
t/release-portability.t ....................... skipped: these tests are for release candidate testing
t/release-whitespaces.t ....................... skipped: these tests are for release candidate testing
t/req_mbf0.t .................................. ok
t/req_mbf1.t .................................. ok
t/req_mbfa.t .................................. ok
t/req_mbfi.t .................................. ok
t/req_mbfn.t .................................. ok
t/req_mbfw.t .................................. ok
t/require.t ................................... ok
t/round.t ..................................... ok
t/rt-16221.t .................................. ok
t/sparts-mbf.t ................................ ok
t/sparts-mbi.t ................................ ok
t/sub_ali.t ................................... ok
t/sub_mbf.t ................................... ok
t/sub_mbi.t ................................... ok
t/sub_mif.t ................................... ok
t/to_base-mbi.t ............................... ok
t/trap.t ...................................... ok
t/upgrade.t ................................... ok
t/upgrade2.t .................................. ok
t/upgradef.t .................................. ok
t/use.t ....................................... ok
t/use_lib1.t .................................. ok
t/use_lib2.t .................................. ok
t/use_lib3.t .................................. ok
t/use_lib4.t .................................. ok
t/use_mbfw.t .................................. ok
t/with_sub.t .................................. ok
All tests successful.
Files=166, Tests=61231, 49 wallclock secs (12.82 usr  0.99 sys + 46.96 cusr  1.80 csys = 62.57 CPU)
Result: PASS
installing
install flags: SHELL=/nix/store/9fqwwd4iybmhjqyxiaxycknslw6bgwh1-bash-4.4-p23/bin/bash pkgconfigdir=/nix/store/8j571yzpb81idc3ykqspfgp56nn5gmgl-perl5.32.0-Math-BigInt-1.999816/lib/pkgconfig m4datadir=/nix/store/8j571yzpb81idc3ykqspfgp56nn5gmgl-perl5.32.0-Math-BigInt-1.999816/share/aclocal aclocaldir=/nix/store/8j571yzpb81idc3ykqspfgp56nn5gmgl-perl5.32.0-Math-BigInt-1.999816/share/aclocal install
Manifying 4 pod documents
Installing /nix/store/8j571yzpb81idc3ykqspfgp56nn5gmgl-perl5.32.0-Math-BigInt-1.999816/lib/perl5/site_perl/5.32.0/Math/BigInt.pm
Installing /nix/store/8j571yzpb81idc3ykqspfgp56nn5gmgl-perl5.32.0-Math-BigInt-1.999816/lib/perl5/site_perl/5.32.0/Math/BigFloat.pm
Installing /nix/store/8j571yzpb81idc3ykqspfgp56nn5gmgl-perl5.32.0-Math-BigInt-1.999816/lib/perl5/site_perl/5.32.0/Math/BigInt/Calc.pm
Installing /nix/store/8j571yzpb81idc3ykqspfgp56nn5gmgl-perl5.32.0-Math-BigInt-1.999816/lib/perl5/site_perl/5.32.0/Math/BigInt/Lib.pm
Installing /nix/store/8j571yzpb81idc3ykqspfgp56nn5gmgl-perl5.32.0-Math-BigInt-1.999816/share/man/man3/Math::BigInt.3
Installing /nix/store/8j571yzpb81idc3ykqspfgp56nn5gmgl-perl5.32.0-Math-BigInt-1.999816/share/man/man3/Math::BigInt::Calc.3
Installing /nix/store/8j571yzpb81idc3ykqspfgp56nn5gmgl-perl5.32.0-Math-BigInt-1.999816/share/man/man3/Math::BigFloat.3
Installing /nix/store/8j571yzpb81idc3ykqspfgp56nn5gmgl-perl5.32.0-Math-BigInt-1.999816/share/man/man3/Math::BigInt::Lib.3
Appending installation info to /nix/store/8j571yzpb81idc3ykqspfgp56nn5gmgl-perl5.32.0-Math-BigInt-1.999816/lib/perl5/5.32.0/x86_64-linux-thread-multi/perllocal.pod
post-installation fixup
Moving /nix/store/8j571yzpb81idc3ykqspfgp56nn5gmgl-perl5.32.0-Math-BigInt-1.999816/share/man/man3 to /nix/store/8aj9a83dvs544kdjwbgsa8xlp07zycix-perl5.32.0-Math-BigInt-1.999816-devdoc/share/man/man3
Removing empty /nix/store/8j571yzpb81idc3ykqspfgp56nn5gmgl-perl5.32.0-Math-BigInt-1.999816/share/man/ and (possibly) its parents
shrinking RPATHs of ELF executables and libraries in /nix/store/8j571yzpb81idc3ykqspfgp56nn5gmgl-perl5.32.0-Math-BigInt-1.999816
strip is /nix/store/psyzbhp4p088sb9qcs378hfbslcalasl-binutils-2.31.1/bin/strip
stripping (with command strip and flags -S) in /nix/store/8j571yzpb81idc3ykqspfgp56nn5gmgl-perl5.32.0-Math-BigInt-1.999816/lib
patching script interpreter paths in /nix/store/8j571yzpb81idc3ykqspfgp56nn5gmgl-perl5.32.0-Math-BigInt-1.999816
checking for references to /build/ in /nix/store/8j571yzpb81idc3ykqspfgp56nn5gmgl-perl5.32.0-Math-BigInt-1.999816...
shrinking RPATHs of ELF executables and libraries in /nix/store/8aj9a83dvs544kdjwbgsa8xlp07zycix-perl5.32.0-Math-BigInt-1.999816-devdoc
gzipping man pages under /nix/store/8aj9a83dvs544kdjwbgsa8xlp07zycix-perl5.32.0-Math-BigInt-1.999816-devdoc/share/man/
strip is /nix/store/psyzbhp4p088sb9qcs378hfbslcalasl-binutils-2.31.1/bin/strip
patching script interpreter paths in /nix/store/8aj9a83dvs544kdjwbgsa8xlp07zycix-perl5.32.0-Math-BigInt-1.999816-devdoc
checking for references to /build/ in /nix/store/8aj9a83dvs544kdjwbgsa8xlp07zycix-perl5.32.0-Math-BigInt-1.999816-devdoc...
building '/nix/store/d5cw8c917n72dss5dda9sz6jmizikqzx-perl5.32.0-bignum-0.51.drv'...
unpacking sources
unpacking source archive /nix/store/fynj6yrj48708dcyxzrkycyl5x41w7xl-bignum-0.51.tar.gz
source root is bignum-0.51
setting SOURCE_DATE_EPOCH to timestamp 1539201257 of file bignum-0.51/SIGNATURE
patching sources
configuring
patching ./MANIFEST.SKIP...
patching ./t/release-pod.t...
patching ./t/overrides.t...
patching ./t/option_p.t...
patching ./t/bninfnan.t...
patching ./t/author-bigint-hex.t...
patching ./t/infnan.inc...
patching ./t/bigexp.t...
patching ./t/option_l.t...
patching ./t/bii_e_pi.t...
patching ./t/br_lite.t...
patching ./t/scope_f.t...
patching ./t/00sig.t...
patching ./t/scope_r.t...
patching ./t/ratopt_a.t...
patching ./t/bigrat.t...
patching ./t/01load.t...
patching ./t/bn_lite.t...
patching ./t/option_a.t...
patching ./t/release-portability.t...
patching ./t/release-cpan-changes.t...
patching ./t/big_e_pi.t...
patching ./t/author-bigint-oct.t...
patching ./t/bir_e_pi.t...
patching ./t/brinfnan.t...
patching ./t/bigint.t...
patching ./t/biinfnan.t...
patching ./t/in_effect.t...
patching ./t/bignum.t...
patching ./t/release-test-version.t...
patching ./t/scope_i.t...
patching ./t/release-pod-coverage.t...
patching ./lib/Math/BigInt/Trace.pm...
patching ./lib/Math/BigFloat/Trace.pm...
patching ./Makefile.PL...
Checking if your kit is complete...
Looks good
Generating a Unix-style Makefile
Writing Makefile for bignum
Writing MYMETA.yml and MYMETA.json
no configure script, doing nothing
building
build flags: SHELL=/nix/store/9fqwwd4iybmhjqyxiaxycknslw6bgwh1-bash-4.4-p23/bin/bash
cp lib/Math/BigInt/Trace.pm blib/lib/Math/BigInt/Trace.pm
cp lib/bigrat.pm blib/lib/bigrat.pm
cp lib/bignum.pm blib/lib/bignum.pm
cp lib/bigint.pm blib/lib/bigint.pm
cp lib/Math/BigFloat/Trace.pm blib/lib/Math/BigFloat/Trace.pm
Manifying 3 pod documents
running tests
check flags: SHELL=/nix/store/9fqwwd4iybmhjqyxiaxycknslw6bgwh1-bash-4.4-p23/bin/bash VERBOSE=y test
PERL_DL_NONLAZY=1 "/nix/store/7c044di03qa7qgr5kjjc2d787aspzp0m-perl-5.32.0/bin/perl" "-MExtUtils::Command::MM" "-MTest::Harness" "-e" "undef *Test::Harness::Switches; test_harness(0, 'blib/lib', 'blib/arch')" t/*.t
t/00sig.t ................. skipped: Set the environment variable TEST_SIGNATURE to enable this test.
t/01load.t ................ 1/3 #
# Testing with Perl 5.032000, /nix/store/7c044di03qa7qgr5kjjc2d787aspzp0m-perl-5.32.0/bin/perl
#
#      Version Module
#      ------- ------
#         0.51 bignum
#         0.51 bigint
#         0.51 bigrat
#     1.999816 Math::BigInt
#       0.2614 Math::BigRat
#            - Math::BigInt::Lite
#
t/01load.t ................ ok
t/author-bigint-hex.t ..... skipped: these tests are for testing by the author
t/author-bigint-oct.t ..... skipped: these tests are for testing by the author
t/big_e_pi.t .............. ok
t/bigexp.t ................ ok
t/bigint.t ................ ok
t/bignum.t ................ ok
t/bigrat.t ................ ok
t/bii_e_pi.t .............. ok
t/biinfnan.t .............. ok
t/bir_e_pi.t .............. ok
t/bn_lite.t ............... skipped: no Math::BigInt::Lite
t/bninfnan.t .............. ok
t/br_lite.t ............... skipped: no Math::BigInt::Lite
t/brinfnan.t .............. ok
t/in_effect.t ............. ok
t/option_a.t .............. ok
t/option_l.t .............. ok
t/option_p.t .............. ok
t/overrides.t ............. ok
t/ratopt_a.t .............. ok
t/release-cpan-changes.t .. skipped: these tests are for release candidate testing
t/release-pod-coverage.t .. skipped: these tests are for release candidate testing
t/release-pod.t ........... skipped: these tests are for release candidate testing
t/release-portability.t ... skipped: these tests are for release candidate testing
t/release-test-version.t .. skipped: these tests are for release candidate testing
t/scope_f.t ............... ok
t/scope_i.t ............... ok
t/scope_r.t ............... ok
All tests successful.
Files=30, Tests=452,  2 wallclock secs ( 0.10 usr  0.02 sys +  2.28 cusr  0.40 csys =  2.80 CPU)
Result: PASS
installing
install flags: SHELL=/nix/store/9fqwwd4iybmhjqyxiaxycknslw6bgwh1-bash-4.4-p23/bin/bash pkgconfigdir=/nix/store/ngq9436p9hl37hd1f328jv5vqri241pj-perl5.32.0-bignum-0.51/lib/pkgconfig m4datadir=/nix/store/ngq9436p9hl37hd1f328jv5vqri241pj-perl5.32.0-bignum-0.51/share/aclocal aclocaldir=/nix/store/ngq9436p9hl37hd1f328jv5vqri241pj-perl5.32.0-bignum-0.51/share/aclocal install
Manifying 3 pod documents
Installing /nix/store/ngq9436p9hl37hd1f328jv5vqri241pj-perl5.32.0-bignum-0.51/lib/perl5/site_perl/5.32.0/bigint.pm
Installing /nix/store/ngq9436p9hl37hd1f328jv5vqri241pj-perl5.32.0-bignum-0.51/lib/perl5/site_perl/5.32.0/bigrat.pm
Installing /nix/store/ngq9436p9hl37hd1f328jv5vqri241pj-perl5.32.0-bignum-0.51/lib/perl5/site_perl/5.32.0/bignum.pm
Installing /nix/store/ngq9436p9hl37hd1f328jv5vqri241pj-perl5.32.0-bignum-0.51/lib/perl5/site_perl/5.32.0/Math/BigInt/Trace.pm
Installing /nix/store/ngq9436p9hl37hd1f328jv5vqri241pj-perl5.32.0-bignum-0.51/lib/perl5/site_perl/5.32.0/Math/BigFloat/Trace.pm
Installing /nix/store/ngq9436p9hl37hd1f328jv5vqri241pj-perl5.32.0-bignum-0.51/share/man/man3/bigint.3
Installing /nix/store/ngq9436p9hl37hd1f328jv5vqri241pj-perl5.32.0-bignum-0.51/share/man/man3/bigrat.3
Installing /nix/store/ngq9436p9hl37hd1f328jv5vqri241pj-perl5.32.0-bignum-0.51/share/man/man3/bignum.3
Appending installation info to /nix/store/ngq9436p9hl37hd1f328jv5vqri241pj-perl5.32.0-bignum-0.51/lib/perl5/5.32.0/x86_64-linux-thread-multi/perllocal.pod
post-installation fixup
Moving /nix/store/ngq9436p9hl37hd1f328jv5vqri241pj-perl5.32.0-bignum-0.51/share/man/man3 to /nix/store/xilkyp4amcqq71vmhpncp7qldvcvc2vk-perl5.32.0-bignum-0.51-devdoc/share/man/man3
Removing empty /nix/store/ngq9436p9hl37hd1f328jv5vqri241pj-perl5.32.0-bignum-0.51/share/man/ and (possibly) its parents
shrinking RPATHs of ELF executables and libraries in /nix/store/ngq9436p9hl37hd1f328jv5vqri241pj-perl5.32.0-bignum-0.51
strip is /nix/store/psyzbhp4p088sb9qcs378hfbslcalasl-binutils-2.31.1/bin/strip
stripping (with command strip and flags -S) in /nix/store/ngq9436p9hl37hd1f328jv5vqri241pj-perl5.32.0-bignum-0.51/lib
patching script interpreter paths in /nix/store/ngq9436p9hl37hd1f328jv5vqri241pj-perl5.32.0-bignum-0.51
checking for references to /build/ in /nix/store/ngq9436p9hl37hd1f328jv5vqri241pj-perl5.32.0-bignum-0.51...
shrinking RPATHs of ELF executables and libraries in /nix/store/xilkyp4amcqq71vmhpncp7qldvcvc2vk-perl5.32.0-bignum-0.51-devdoc
gzipping man pages under /nix/store/xilkyp4amcqq71vmhpncp7qldvcvc2vk-perl5.32.0-bignum-0.51-devdoc/share/man/
strip is /nix/store/psyzbhp4p088sb9qcs378hfbslcalasl-binutils-2.31.1/bin/strip
patching script interpreter paths in /nix/store/xilkyp4amcqq71vmhpncp7qldvcvc2vk-perl5.32.0-bignum-0.51-devdoc
checking for references to /build/ in /nix/store/xilkyp4amcqq71vmhpncp7qldvcvc2vk-perl5.32.0-bignum-0.51-devdoc...
/nix/store/ngq9436p9hl37hd1f328jv5vqri241pj-perl5.32.0-bignum-0.51
