these derivations will be built:
  /nix/store/w0pijkpd9wmzv8r1xxy66gl3m7k0krmd-perl5.32.0-Spiffy-0.46.drv
  /nix/store/g1r50x8ghha9ja8vbf1nj3b5iw11ca17-perl5.32.0-Test-Base-0.89.drv
  /nix/store/jv0qnczn78fqlrfwc9fqzj1h22c88l5f-perl5.32.0-ExtUtils-XSpp-0.18.drv
  /nix/store/08486z0hwzbjh0s1d8nm9bjcy7rxdlvh-ld-is-cc-hook.drv
  /nix/store/ndvys0wyxszw66smji0hycy6a713zqlz-perl5.32.0-ExtUtils-CppGuess-0.21.drv
  /nix/store/5f1y688hkm4yfxlaq9z09g767bmlyn16-perl5.32.0-Module-Build-WithXSpp-0.14.drv
  /nix/store/qhr4va0jqzm4sqij6gz3y0xx47ijhk80-perl5.32.0-ExtUtils-Typemaps-Default-1.05.drv
  /nix/store/037yzh15imrp5cjfyka8whlcyxd5w45g-perl5.32.0-Boost-Geometry-Utils-0.15.drv
these paths will be fetched (3.99 MiB download, 4.09 MiB unpacked):
  /nix/store/85qf2fjfl9idnvkqz1ni2yfkwpdhhk67-ExtUtils-Typemaps-Default-1.05.tar.gz
  /nix/store/igpw9q6bgzkxzv74k3198s0bwsx19phw-Module-Build-WithXSpp-0.14.tar.gz
  /nix/store/iiqx7wy51wync6zgx35wqh37j049nkgg-Boost-Geometry-Utils-0.15.tar.gz
  /nix/store/jwfz2ixswi7zvm1dr5b003gyyqbgj2sl-ExtUtils-CppGuess-0.21.tar.gz
  /nix/store/q2cm174kfxxwb4js4sbvbb8n411i16z0-ExtUtils-XSpp-0.18.tar.gz
copying path '/nix/store/iiqx7wy51wync6zgx35wqh37j049nkgg-Boost-Geometry-Utils-0.15.tar.gz' from 'https://cache.nixos.org'...
copying path '/nix/store/jwfz2ixswi7zvm1dr5b003gyyqbgj2sl-ExtUtils-CppGuess-0.21.tar.gz' from 'https://cache.nixos.org'...
copying path '/nix/store/q2cm174kfxxwb4js4sbvbb8n411i16z0-ExtUtils-XSpp-0.18.tar.gz' from 'https://cache.nixos.org'...
copying path '/nix/store/85qf2fjfl9idnvkqz1ni2yfkwpdhhk67-ExtUtils-Typemaps-Default-1.05.tar.gz' from 'https://cache.nixos.org'...
copying path '/nix/store/igpw9q6bgzkxzv74k3198s0bwsx19phw-Module-Build-WithXSpp-0.14.tar.gz' from 'https://cache.nixos.org'...
building '/nix/store/08486z0hwzbjh0s1d8nm9bjcy7rxdlvh-ld-is-cc-hook.drv'...
building '/nix/store/w0pijkpd9wmzv8r1xxy66gl3m7k0krmd-perl5.32.0-Spiffy-0.46.drv'...
unpacking sources
unpacking source archive /nix/store/dyczhia0q0b60fsak61jn4iib4knjkin-Spiffy-0.46.tar.gz
source root is Spiffy-0.46
setting SOURCE_DATE_EPOCH to timestamp 1408216757 of file Spiffy-0.46/t/super2.t
patching sources
configuring
building '/nix/store/ndvys0wyxszw66smji0hycy6a713zqlz-perl5.32.0-ExtUtils-CppGuess-0.21.drv'...
patching ./t/release-pod-syntax.t...
building '/nix/store/qhr4va0jqzm4sqij6gz3y0xx47ijhk80-perl5.32.0-ExtUtils-Typemaps-Default-1.05.drv'...
unpacking sources
unpacking source archive /nix/store/jwfz2ixswi7zvm1dr5b003gyyqbgj2sl-ExtUtils-CppGuess-0.21.tar.gz
source root is ExtUtils-CppGuess-0.21
setting SOURCE_DATE_EPOCH to timestamp 1579793132 of file ExtUtils-CppGuess-0.21/META.yml
patching sources
configuring
patching ./t/00-report-prereqs.t...
unpacking sources
unpacking source archive /nix/store/85qf2fjfl9idnvkqz1ni2yfkwpdhhk67-ExtUtils-Typemaps-Default-1.05.tar.gz
source root is ExtUtils-Typemaps-Default-1.05
setting SOURCE_DATE_EPOCH to timestamp 1386351874 of file ExtUtils-Typemaps-Default-1.05/t/001_basic.t
patching sources
configuring
patching ./t/module/Build.PL...
patching ./t/module/Makefile.PL...
patching ./t/001_basic.t...
patching ./Makefile.PL...
Checking if your kit is complete...
Looks good
patching ./Build.PL...
no configure script, doing nothing
building
Generating a Unix-style Makefile
Writing Makefile for Spiffy
Writing MYMETA.yml and MYMETA.json
no configure script, doing nothing
building
build flags: SHELL=/nix/store/9fqwwd4iybmhjqyxiaxycknslw6bgwh1-bash-4.4-p23/bin/bash
Checking if your kit is complete...
Looks good
Generating a Unix-style Makefile
Writing Makefile for ExtUtils::CppGuess
Created MYMETA.yml and MYMETA.json
Creating new 'Build' script for 'ExtUtils-Typemaps-Default' version '1.05'
Writing MYMETA.yml and MYMETA.json
no configure script, doing nothing
building
build flags: SHELL=/nix/store/9fqwwd4iybmhjqyxiaxycknslw6bgwh1-bash-4.4-p23/bin/bash
Building ExtUtils-Typemaps-Default
cp lib/Spiffy/mixin.pm blib/lib/Spiffy/mixin.pm
cp lib/Spiffy.pm blib/lib/Spiffy.pm
cp lib/Spiffy.pod blib/lib/Spiffy.pod
Manifying 1 pod document
running tests
running tests
check flags: SHELL=/nix/store/9fqwwd4iybmhjqyxiaxycknslw6bgwh1-bash-4.4-p23/bin/bash VERBOSE=y test
cp lib/ExtUtils/CppGuess.pm blib/lib/ExtUtils/CppGuess.pm
PERL_DL_NONLAZY=1 "/nix/store/7c044di03qa7qgr5kjjc2d787aspzp0m-perl-5.32.0/bin/perl" "-MExtUtils::Command::MM" "-MTest::Harness" "-e" "undef *Test::Harness::Switches; test_harness(0, 'blib/lib', 'blib/arch')" t/*.t
Manifying 1 pod document
running tests
check flags: SHELL=/nix/store/9fqwwd4iybmhjqyxiaxycknslw6bgwh1-bash-4.4-p23/bin/bash VERBOSE=y test
PERL_DL_NONLAZY=1 "/nix/store/7c044di03qa7qgr5kjjc2d787aspzp0m-perl-5.32.0/bin/perl" "-MExtUtils::Command::MM" "-MTest::Harness" "-e" "undef *Test::Harness::Switches; test_harness(0, 'blib/lib', 'blib/arch')" t/*.t
t/autoload.t ............ ok
t/base.t ................ ok
t/001_basic.t .. ok
All tests successful.
Files=1, Tests=26,  1 wallclock secs ( 0.03 usr  0.00 sys +  0.12 cusr  0.02 csys =  0.17 CPU)
Result: PASS
installing
t/base2.t ............... ok
t/cascade.t ............. ok
Building ExtUtils-Typemaps-Default
t/const.t ............... ok
t/00-report-prereqs.t .. #
# Versions for all modules listed in MYMETA.json (including optional ones):
#
# === Configure Requires ===
#
#     Module              Want Have Where                                                                    Howbig
#     ------------------- ---- ---- ------------------------------------------------------------------------ ------
#     ExtUtils::MakeMaker  any 7.44 /nix/store/7c044di03qa7qgr5kjjc2d787aspzp0m-perl-5.32.0/lib/perl5/5.32.0 109511
#
# === Build Requires ===
#
#     Module              Want Have Where                                                                    Howbig
#     ------------------- ---- ---- ------------------------------------------------------------------------ ------
#     ExtUtils::MakeMaker  any 7.44 /nix/store/7c044di03qa7qgr5kjjc2d787aspzp0m-perl-5.32.0/lib/perl5/5.32.0 109511
#
# === Test Requires ===
#
#     Module                  Want     Have Where                                                                                                 Howbig
#     ------------------- -------- -------- ----------------------------------------------------------------------------------------------------- ------
#     Capture::Tiny            any     0.48 /nix/store/dsyw40fh2zf3c6yxl9n61g84dmzd8jhf-perl5.32.0-Capture-Tiny-0.48/lib/perl5/site_perl/5.32.0    29656
#     Cwd                      any     3.78 /nix/store/7c044di03qa7qgr5kjjc2d787aspzp0m-perl-5.32.0/lib/perl5/5.32.0/x86_64-linux-thread-multi     22232
#     Data::Dumper             any    2.174 /nix/store/7c044di03qa7qgr5kjjc2d787aspzp0m-perl-5.32.0/lib/perl5/5.32.0/x86_64-linux-thread-multi     45832
#     ExtUtils::CBuilder  0.280231 0.280234 /nix/store/7c044di03qa7qgr5kjjc2d787aspzp0m-perl-5.32.0/lib/perl5/5.32.0                                8883
#     ExtUtils::MakeMaker      any     7.44 /nix/store/7c044di03qa7qgr5kjjc2d787aspzp0m-perl-5.32.0/lib/perl5/5.32.0                              109511
#     ExtUtils::Manifest       any     1.72 /nix/store/7c044di03qa7qgr5kjjc2d787aspzp0m-perl-5.32.0/lib/perl5/5.32.0                               23471
#     Fatal                    any     2.32 /nix/store/7c044di03qa7qgr5kjjc2d787aspzp0m-perl-5.32.0/lib/perl5/5.32.0                               59021
#     Module::Build            any   0.4231 /nix/store/fznxrsrf0z6vhr2i509i7hsa5sgffbl1-perl5.32.0-Module-Build-0.4231/lib/perl5/site_perl/5.32.0  35409
#     Test::More              0.88 1.302175 /nix/store/7c044di03qa7qgr5kjjc2d787aspzp0m-perl-5.32.0/lib/perl5/5.32.0                               52697
#
# === Runtime Requires ===
#
#     Module            Want   Have Where                                                                                               Howbig
#     ----------------- ---- ------ --------------------------------------------------------------------------------------------------- ------
#     Capture::Tiny      any   0.48 /nix/store/dsyw40fh2zf3c6yxl9n61g84dmzd8jhf-perl5.32.0-Capture-Tiny-0.48/lib/perl5/site_perl/5.32.0  29656
#     ExtUtils::ParseXS 3.35   3.40 /nix/store/7c044di03qa7qgr5kjjc2d787aspzp0m-perl-5.32.0/lib/perl5/5.32.0                             66867
#     File::Basename     any   2.85 /nix/store/7c044di03qa7qgr5kjjc2d787aspzp0m-perl-5.32.0/lib/perl5/5.32.0                             11194
#     File::Spec         any   3.78 /nix/store/7c044di03qa7qgr5kjjc2d787aspzp0m-perl-5.32.0/lib/perl5/5.32.0/x86_64-linux-thread-multi   10571
#     File::Temp         any 0.2309 /nix/store/7c044di03qa7qgr5kjjc2d787aspzp0m-perl-5.32.0/lib/perl5/5.32.0                            117766
#
t/00-report-prereqs.t .. ok
t/early.t ............... ok
Installing /nix/store/9acq5h79cnqfgm8w6p8ryrgvx3fkpvbj-perl5.32.0-ExtUtils-Typemaps-Default-1.05/lib/perl5/site_perl/5.32.0/ExtUtils/Typemaps/STL.pm
Installing /nix/store/9acq5h79cnqfgm8w6p8ryrgvx3fkpvbj-perl5.32.0-ExtUtils-Typemaps-Default-1.05/lib/perl5/site_perl/5.32.0/ExtUtils/Typemaps/Basic.pm
Installing /nix/store/9acq5h79cnqfgm8w6p8ryrgvx3fkpvbj-perl5.32.0-ExtUtils-Typemaps-Default-1.05/lib/perl5/site_perl/5.32.0/ExtUtils/Typemaps/ObjectMap.pm
Installing /nix/store/9acq5h79cnqfgm8w6p8ryrgvx3fkpvbj-perl5.32.0-ExtUtils-Typemaps-Default-1.05/lib/perl5/site_perl/5.32.0/ExtUtils/Typemaps/Default.pm
Installing /nix/store/9acq5h79cnqfgm8w6p8ryrgvx3fkpvbj-perl5.32.0-ExtUtils-Typemaps-Default-1.05/lib/perl5/site_perl/5.32.0/ExtUtils/Typemaps/STL/Vector.pm
Installing /nix/store/9acq5h79cnqfgm8w6p8ryrgvx3fkpvbj-perl5.32.0-ExtUtils-Typemaps-Default-1.05/lib/perl5/site_perl/5.32.0/ExtUtils/Typemaps/STL/List.pm
Installing /nix/store/9acq5h79cnqfgm8w6p8ryrgvx3fkpvbj-perl5.32.0-ExtUtils-Typemaps-Default-1.05/lib/perl5/site_perl/5.32.0/ExtUtils/Typemaps/STL/String.pm
Installing /nix/store/9acq5h79cnqfgm8w6p8ryrgvx3fkpvbj-perl5.32.0-ExtUtils-Typemaps-Default-1.05/lib/perl5/site_perl/5.32.0/ExtUtils/Typemap/STL.pm
Installing /nix/store/9acq5h79cnqfgm8w6p8ryrgvx3fkpvbj-perl5.32.0-ExtUtils-Typemaps-Default-1.05/lib/perl5/site_perl/5.32.0/ExtUtils/Typemap/Basic.pm
Installing /nix/store/9acq5h79cnqfgm8w6p8ryrgvx3fkpvbj-perl5.32.0-ExtUtils-Typemaps-Default-1.05/lib/perl5/site_perl/5.32.0/ExtUtils/Typemap/ObjectMap.pm
Installing /nix/store/9acq5h79cnqfgm8w6p8ryrgvx3fkpvbj-perl5.32.0-ExtUtils-Typemaps-Default-1.05/lib/perl5/site_perl/5.32.0/ExtUtils/Typemap/Default.pm
Installing /nix/store/9acq5h79cnqfgm8w6p8ryrgvx3fkpvbj-perl5.32.0-ExtUtils-Typemaps-Default-1.05/lib/perl5/site_perl/5.32.0/ExtUtils/Typemap/STL/Vector.pm
Installing /nix/store/9acq5h79cnqfgm8w6p8ryrgvx3fkpvbj-perl5.32.0-ExtUtils-Typemaps-Default-1.05/lib/perl5/site_perl/5.32.0/ExtUtils/Typemap/STL/String.pm
Installing /nix/store/9acq5h79cnqfgm8w6p8ryrgvx3fkpvbj-perl5.32.0-ExtUtils-Typemaps-Default-1.05/share/man/man3/ExtUtils::Typemap::STL::String.3
Installing /nix/store/9acq5h79cnqfgm8w6p8ryrgvx3fkpvbj-perl5.32.0-ExtUtils-Typemaps-Default-1.05/share/man/man3/ExtUtils::Typemaps::STL.3
Installing /nix/store/9acq5h79cnqfgm8w6p8ryrgvx3fkpvbj-perl5.32.0-ExtUtils-Typemaps-Default-1.05/share/man/man3/ExtUtils::Typemaps::Basic.3
Installing /nix/store/9acq5h79cnqfgm8w6p8ryrgvx3fkpvbj-perl5.32.0-ExtUtils-Typemaps-Default-1.05/share/man/man3/ExtUtils::Typemaps::STL::List.3
Installing /nix/store/9acq5h79cnqfgm8w6p8ryrgvx3fkpvbj-perl5.32.0-ExtUtils-Typemaps-Default-1.05/share/man/man3/ExtUtils::Typemap::Basic.3
Installing /nix/store/9acq5h79cnqfgm8w6p8ryrgvx3fkpvbj-perl5.32.0-ExtUtils-Typemaps-Default-1.05/share/man/man3/ExtUtils::Typemap::STL.3
Installing /nix/store/9acq5h79cnqfgm8w6p8ryrgvx3fkpvbj-perl5.32.0-ExtUtils-Typemaps-Default-1.05/share/man/man3/ExtUtils::Typemap::ObjectMap.3
Installing /nix/store/9acq5h79cnqfgm8w6p8ryrgvx3fkpvbj-perl5.32.0-ExtUtils-Typemaps-Default-1.05/share/man/man3/ExtUtils::Typemaps::STL::String.3
Installing /nix/store/9acq5h79cnqfgm8w6p8ryrgvx3fkpvbj-perl5.32.0-ExtUtils-Typemaps-Default-1.05/share/man/man3/ExtUtils::Typemaps::ObjectMap.3
Installing /nix/store/9acq5h79cnqfgm8w6p8ryrgvx3fkpvbj-perl5.32.0-ExtUtils-Typemaps-Default-1.05/share/man/man3/ExtUtils::Typemaps::Default.3
Installing /nix/store/9acq5h79cnqfgm8w6p8ryrgvx3fkpvbj-perl5.32.0-ExtUtils-Typemaps-Default-1.05/share/man/man3/ExtUtils::Typemap::STL::Vector.3
Installing /nix/store/9acq5h79cnqfgm8w6p8ryrgvx3fkpvbj-perl5.32.0-ExtUtils-Typemaps-Default-1.05/share/man/man3/ExtUtils::Typemaps::STL::Vector.3
Installing /nix/store/9acq5h79cnqfgm8w6p8ryrgvx3fkpvbj-perl5.32.0-ExtUtils-Typemaps-Default-1.05/share/man/man3/ExtUtils::Typemap::Default.3
post-installation fixup
Moving /nix/store/9acq5h79cnqfgm8w6p8ryrgvx3fkpvbj-perl5.32.0-ExtUtils-Typemaps-Default-1.05/share/man/man3 to /nix/store/xh1civwfx56kl0fz4irdv2z595l3d8vl-perl5.32.0-ExtUtils-Typemaps-Default-1.05-devdoc/share/man/man3
Removing empty /nix/store/9acq5h79cnqfgm8w6p8ryrgvx3fkpvbj-perl5.32.0-ExtUtils-Typemaps-Default-1.05/share/man/ and (possibly) its parents
shrinking RPATHs of ELF executables and libraries in /nix/store/9acq5h79cnqfgm8w6p8ryrgvx3fkpvbj-perl5.32.0-ExtUtils-Typemaps-Default-1.05
strip is /nix/store/psyzbhp4p088sb9qcs378hfbslcalasl-binutils-2.31.1/bin/strip
stripping (with command strip and flags -S) in /nix/store/9acq5h79cnqfgm8w6p8ryrgvx3fkpvbj-perl5.32.0-ExtUtils-Typemaps-Default-1.05/lib
t/export1.t ............. ok
patching script interpreter paths in /nix/store/9acq5h79cnqfgm8w6p8ryrgvx3fkpvbj-perl5.32.0-ExtUtils-Typemaps-Default-1.05
checking for references to /build/ in /nix/store/9acq5h79cnqfgm8w6p8ryrgvx3fkpvbj-perl5.32.0-ExtUtils-Typemaps-Default-1.05...
shrinking RPATHs of ELF executables and libraries in /nix/store/xh1civwfx56kl0fz4irdv2z595l3d8vl-perl5.32.0-ExtUtils-Typemaps-Default-1.05-devdoc
gzipping man pages under /nix/store/xh1civwfx56kl0fz4irdv2z595l3d8vl-perl5.32.0-ExtUtils-Typemaps-Default-1.05-devdoc/share/man/
t/001_load.t ........... 1/? # EUMM:{
#   'CC' => 'g++',
#   'CCFLAGS' => ' -D_REENTRANT -D_GNU_SOURCE -fwrapv -fno-strict-aliasing -pipe -fstack-protector-strong -I/no-such-path/include -D_LARGEFILE_SOURCE -D_FILE_OFFSET_BITS=64 -xc++',
#   'dynamic_lib' => {
#     'OTHERLDFLAGS' => ' -lstdc++'
#   }
# }
# ---
# MB:{
#   'config' => {
#     'cc' => 'g++'
#   },
#   'extra_compiler_flags' => ' -xc++',
#   'extra_linker_flags' => ' -lstdc++'
# }
# ---
# Config:{
#   'byacc' => 'byacc',
#   'cc' => 'cc',
#   'cccdlflags' => '-fPIC',
#   'ccdlflags' => '-Wl,-E -Wl,-rpath,/nix/store/7c044di03qa7qgr5kjjc2d787aspzp0m-perl-5.32.0/lib/perl5/5.32.0/x86_64-linux-thread-multi/CORE',
#   'ccflags' => '-D_REENTRANT -D_GNU_SOURCE -fwrapv -fno-strict-aliasing -pipe -fstack-protector-strong -I/no-such-path/include -D_LARGEFILE_SOURCE -D_FILE_OFFSET_BITS=64',
#   'ccflags_nolargefiles' => '-D_REENTRANT -D_GNU_SOURCE -fwrapv -fno-strict-aliasing -pipe -fstack-protector-strong -I/no-such-path/include ',
#   'ccflags_uselargefiles' => '-D_LARGEFILE_SOURCE -D_FILE_OFFSET_BITS=64',
#   'ccname' => 'gcc',
#   'ccstdflags' => ' -std=c89',
#   'ccsymbols' => '=1',
#   'ccversion' => '',
#   'ccwarnflags' => ' -Wall -Werror=pointer-arith -Wextra -Wc++-compat -Wwrite-strings -Werror=declaration-after-statement',
#   'cppccsymbols' => '',
#   'd_PRIEUldbl' => 'define',
#   'd_PRIFUldbl' => 'define',
#   'd_PRIGUldbl' => 'define',
#   'd_PRIeldbl' => 'define',
#   'd_PRIfldbl' => 'define',
#   'd_PRIgldbl' => 'define',
#   'd_SCNfldbl' => 'define',
#   'd_accept4' => 'define',
#   'd_access' => 'define',
#   'd_accessx' => undef,
#   'd_eaccess' => 'define',
#   'd_ldbl_dig' => 'define',
#   'd_ldexpl' => 'define',
#   'd_locconv' => 'define',
#   'd_old_pthread_create_joinable' => undef,
#   'd_oldpthreads' => undef,
#   'd_oldsock' => undef,
#   'd_pthread_yield' => 'define',
#   'd_sched_yield' => 'define',
#   'd_setlocale_accepts_any_locale_name' => undef,
#   'd_strtold' => 'define',
#   'd_strtold_l' => 'define',
#   'd_telldir' => 'define',
#   'd_telldirproto' => 'define',
#   'gccansipedantic' => '',
#   'gccosandvers' => '',
#   'gccversion' => '9.3.0',
#   'i_sysaccess' => undef,
#   'ld' => 'cc',
#   'ld_can_script' => 'define',
#   'lddlflags' => '-shared -O2 -L/nix/store/68pw3wxwkrx0rwzjifm7g1jxy5g2sg1p-glibc-2.31/lib -fstack-protector-strong',
#   'ldflags' => ' -fstack-protector-strong -L/nix/store/68pw3wxwkrx0rwzjifm7g1jxy5g2sg1p-glibc-2.31/lib',
#   'ldflags_nolargefiles' => ' -fstack-protector-strong -L/nix/store/68pw3wxwkrx0rwzjifm7g1jxy5g2sg1p-glibc-2.31/lib',
#   'ldflags_uselargefiles' => '',
#   'ldlibpthname' => 'LD_LIBRARY_PATH',
#   'old_pthread_create_joinable' => '',
#   'sPRIEUldbl' => '"LE"',
#   'sPRIFUldbl' => '"LF"',
#   'sPRIGUldbl' => '"LG"',
#   'sPRIeldbl' => '"Le"',
#   'sPRIfldbl' => '"Lf"',
#   'sPRIgldbl' => '"Lg"',
#   'sSCNfldbl' => '"Lf"',
#   'sched_yield' => 'sched_yield()',
#   'yacc' => 'yacc',
#   'yaccflags' => ''
# }
# Method: is_sunstudio = 0
# Method: is_msvc = undef
# Method: is_gcc = 1
# Method: is_clang = 0
# Method: compiler_command = 'g++ -D_REENTRANT -D_GNU_SOURCE -fwrapv -fno-strict-aliasing -pipe -fstack-protector-strong -I/no-such-path/include -D_LARGEFILE_SOURCE -D_FILE_OFFSET_BITS=64 -xc++'
# Method: linker_flags = '-lstdc++'
strip is /nix/store/psyzbhp4p088sb9qcs378hfbslcalasl-binutils-2.31.1/bin/strip
patching script interpreter paths in /nix/store/xh1civwfx56kl0fz4irdv2z595l3d8vl-perl5.32.0-ExtUtils-Typemaps-Default-1.05-devdoc
checking for references to /build/ in /nix/store/xh1civwfx56kl0fz4irdv2z595l3d8vl-perl5.32.0-ExtUtils-Typemaps-Default-1.05-devdoc...
t/export2.t ............. ok
t/export3.t ............. ok
t/export4.t ............. ok
t/export5.t ............. ok
# Method: iostream_fname = 'iostream'
# Method: cpp_flavor_defs = '
# #define __INLINE_CPP_STANDARD_HEADERS 1
# #define __INLINE_CPP_NAMESPACE_STD 1
#
# '
t/001_load.t ........... ok
t/export6.t ............. ok
t/export7.t ............. ok
t/exporter.t ............ ok
t/field.t ............... ok
t/field2.t .............. ok
t/002_icpp.t ........... ok
t/field3.t .............. ok
t/filter.t .............. ok
t/010_module_build.t ... # Module::Build version: 0.4231
# ExtUtils::CBuilder version: 0.280234
t/filter2.t ............. ok
t/filter3.t ............. ok
t/filter4.t ............. ok
t/filter5.t ............. ok
t/mixin.t ............... ok
t/mixin2.t .............. ok
t/mixin3.t .............. ok
t/new.t ................. ok
t/package.t ............. ok
t/parse.t ............... ok
t/release-pod-syntax.t .. skipped: these tests are for release candidate testing
t/stub.t ................ ok
t/super.t ............... ok
t/super2.t .............. ok
All tests successful.
Files=32, Tests=198,  2 wallclock secs ( 0.10 usr  0.02 sys +  1.77 cusr  0.23 csys =  2.12 CPU)
Result: PASS
installing
install flags: SHELL=/nix/store/9fqwwd4iybmhjqyxiaxycknslw6bgwh1-bash-4.4-p23/bin/bash pkgconfigdir=/nix/store/nhgbhr2lidbrncydjkp5dzy9c2ypl1hq-perl5.32.0-Spiffy-0.46/lib/pkgconfig m4datadir=/nix/store/nhgbhr2lidbrncydjkp5dzy9c2ypl1hq-perl5.32.0-Spiffy-0.46/share/aclocal aclocaldir=/nix/store/nhgbhr2lidbrncydjkp5dzy9c2ypl1hq-perl5.32.0-Spiffy-0.46/share/aclocal install
Manifying 1 pod document
Installing /nix/store/nhgbhr2lidbrncydjkp5dzy9c2ypl1hq-perl5.32.0-Spiffy-0.46/lib/perl5/site_perl/5.32.0/Spiffy.pm
Installing /nix/store/nhgbhr2lidbrncydjkp5dzy9c2ypl1hq-perl5.32.0-Spiffy-0.46/lib/perl5/site_perl/5.32.0/Spiffy.pod
Installing /nix/store/nhgbhr2lidbrncydjkp5dzy9c2ypl1hq-perl5.32.0-Spiffy-0.46/lib/perl5/site_perl/5.32.0/Spiffy/mixin.pm
Installing /nix/store/nhgbhr2lidbrncydjkp5dzy9c2ypl1hq-perl5.32.0-Spiffy-0.46/share/man/man3/Spiffy.3
Appending installation info to /nix/store/nhgbhr2lidbrncydjkp5dzy9c2ypl1hq-perl5.32.0-Spiffy-0.46/lib/perl5/5.32.0/x86_64-linux-thread-multi/perllocal.pod
post-installation fixup
Moving /nix/store/nhgbhr2lidbrncydjkp5dzy9c2ypl1hq-perl5.32.0-Spiffy-0.46/share/man/man3 to /nix/store/s105ls8wmhsljx74ydblkqmr9vdld1z1-perl5.32.0-Spiffy-0.46-devdoc/share/man/man3
Removing empty /nix/store/nhgbhr2lidbrncydjkp5dzy9c2ypl1hq-perl5.32.0-Spiffy-0.46/share/man/ and (possibly) its parents
shrinking RPATHs of ELF executables and libraries in /nix/store/nhgbhr2lidbrncydjkp5dzy9c2ypl1hq-perl5.32.0-Spiffy-0.46
strip is /nix/store/psyzbhp4p088sb9qcs378hfbslcalasl-binutils-2.31.1/bin/strip
stripping (with command strip and flags -S) in /nix/store/nhgbhr2lidbrncydjkp5dzy9c2ypl1hq-perl5.32.0-Spiffy-0.46/lib
patching script interpreter paths in /nix/store/nhgbhr2lidbrncydjkp5dzy9c2ypl1hq-perl5.32.0-Spiffy-0.46
checking for references to /build/ in /nix/store/nhgbhr2lidbrncydjkp5dzy9c2ypl1hq-perl5.32.0-Spiffy-0.46...
shrinking RPATHs of ELF executables and libraries in /nix/store/s105ls8wmhsljx74ydblkqmr9vdld1z1-perl5.32.0-Spiffy-0.46-devdoc
gzipping man pages under /nix/store/s105ls8wmhsljx74ydblkqmr9vdld1z1-perl5.32.0-Spiffy-0.46-devdoc/share/man/
strip is /nix/store/psyzbhp4p088sb9qcs378hfbslcalasl-binutils-2.31.1/bin/strip
patching script interpreter paths in /nix/store/s105ls8wmhsljx74ydblkqmr9vdld1z1-perl5.32.0-Spiffy-0.46-devdoc
checking for references to /build/ in /nix/store/s105ls8wmhsljx74ydblkqmr9vdld1z1-perl5.32.0-Spiffy-0.46-devdoc...
building '/nix/store/g1r50x8ghha9ja8vbf1nj3b5iw11ca17-perl5.32.0-Test-Base-0.89.drv'...
unpacking sources
unpacking source archive /nix/store/ygbmpjhq8gfhm43hy4ssh34bcdyc4vjm-Test-Base-0.89.tar.gz
source root is Test-Base-0.89
setting SOURCE_DATE_EPOCH to timestamp 1524153267 of file Test-Base-0.89/t/zero-blocks.t
patching sources
configuring
patching ./t/author-pod-syntax.t...
Checking if your kit is complete...
Looks good
Generating a Unix-style Makefile
Writing Makefile for Test::Base
Writing MYMETA.yml and MYMETA.json
no configure script, doing nothing
building
build flags: SHELL=/nix/store/9fqwwd4iybmhjqyxiaxycknslw6bgwh1-bash-4.4-p23/bin/bash
cp lib/Test/Base.pod blib/lib/Test/Base.pod
cp lib/Test/Base/Filter.pod blib/lib/Test/Base/Filter.pod
cp lib/Test/Base.pm blib/lib/Test/Base.pm
cp lib/Test/Base/Filter.pm blib/lib/Test/Base/Filter.pm
Manifying 2 pod documents
t/010_module_build.t ... ok
running tests
check flags: SHELL=/nix/store/9fqwwd4iybmhjqyxiaxycknslw6bgwh1-bash-4.4-p23/bin/bash VERBOSE=y test
PERL_DL_NONLAZY=1 "/nix/store/7c044di03qa7qgr5kjjc2d787aspzp0m-perl-5.32.0/bin/perl" "-MExtUtils::Command::MM" "-MTest::Harness" "-e" "undef *Test::Harness::Switches; test_harness(0, 'blib/lib', 'blib/arch')" t/*.t
t/000-require-modules.t .. ok
t/append.t ............... ok
t/arguments.t ............ ok
t/array.t ................ ok
t/author-pod-syntax.t .... skipped: these tests are for testing by the author
t/autoload.t ............. ok
t/base64.t ............... ok
t/blocks-scalar.t ........ ok
t/blocks_grep.t .......... ok
t/chomp.t ................ ok
t/chop.t ................. ok
t/compact.t .............. ok
t/compile.t .............. ok
t/deep.t ................. skipped: Test::Deep failed to load
t/delimiters.t ........... ok
t/description.t .......... ok
t/diff_is.t .............. ok
t/dumper.t ............... ok
t/011_makemaker.t ...... ok
All tests successful.
Files=5, Tests=14,  5 wallclock secs ( 0.03 usr  0.00 sys +  3.92 cusr  0.80 csys =  4.75 CPU)
Result: PASS
installing
install flags: SHELL=/nix/store/9fqwwd4iybmhjqyxiaxycknslw6bgwh1-bash-4.4-p23/bin/bash pkgconfigdir=/nix/store/1aw8fh4zjmcfw0jn8nv8qc7nd2q94alg-perl5.32.0-ExtUtils-CppGuess-0.21/lib/pkgconfig m4datadir=/nix/store/1aw8fh4zjmcfw0jn8nv8qc7nd2q94alg-perl5.32.0-ExtUtils-CppGuess-0.21/share/aclocal aclocaldir=/nix/store/1aw8fh4zjmcfw0jn8nv8qc7nd2q94alg-perl5.32.0-ExtUtils-CppGuess-0.21/share/aclocal install
t/embed_perl.t ........... ok
Manifying 1 pod document
Installing /nix/store/1aw8fh4zjmcfw0jn8nv8qc7nd2q94alg-perl5.32.0-ExtUtils-CppGuess-0.21/lib/perl5/site_perl/5.32.0/ExtUtils/CppGuess.pm
Installing /nix/store/1aw8fh4zjmcfw0jn8nv8qc7nd2q94alg-perl5.32.0-ExtUtils-CppGuess-0.21/share/man/man3/ExtUtils::CppGuess.3
Appending installation info to /nix/store/1aw8fh4zjmcfw0jn8nv8qc7nd2q94alg-perl5.32.0-ExtUtils-CppGuess-0.21/lib/perl5/5.32.0/x86_64-linux-thread-multi/perllocal.pod
t/escape.t ............... ok
post-installation fixup
Moving /nix/store/1aw8fh4zjmcfw0jn8nv8qc7nd2q94alg-perl5.32.0-ExtUtils-CppGuess-0.21/share/man/man3 to /nix/store/q2szy6p7xg1pc2svq9280fag4y9f9dmd-perl5.32.0-ExtUtils-CppGuess-0.21-devdoc/share/man/man3
Removing empty /nix/store/1aw8fh4zjmcfw0jn8nv8qc7nd2q94alg-perl5.32.0-ExtUtils-CppGuess-0.21/share/man/ and (possibly) its parents
shrinking RPATHs of ELF executables and libraries in /nix/store/1aw8fh4zjmcfw0jn8nv8qc7nd2q94alg-perl5.32.0-ExtUtils-CppGuess-0.21
strip is /nix/store/psyzbhp4p088sb9qcs378hfbslcalasl-binutils-2.31.1/bin/strip
stripping (with command strip and flags -S) in /nix/store/1aw8fh4zjmcfw0jn8nv8qc7nd2q94alg-perl5.32.0-ExtUtils-CppGuess-0.21/lib
patching script interpreter paths in /nix/store/1aw8fh4zjmcfw0jn8nv8qc7nd2q94alg-perl5.32.0-ExtUtils-CppGuess-0.21
checking for references to /build/ in /nix/store/1aw8fh4zjmcfw0jn8nv8qc7nd2q94alg-perl5.32.0-ExtUtils-CppGuess-0.21...
shrinking RPATHs of ELF executables and libraries in /nix/store/q2szy6p7xg1pc2svq9280fag4y9f9dmd-perl5.32.0-ExtUtils-CppGuess-0.21-devdoc
gzipping man pages under /nix/store/q2szy6p7xg1pc2svq9280fag4y9f9dmd-perl5.32.0-ExtUtils-CppGuess-0.21-devdoc/share/man/
strip is /nix/store/psyzbhp4p088sb9qcs378hfbslcalasl-binutils-2.31.1/bin/strip
patching script interpreter paths in /nix/store/q2szy6p7xg1pc2svq9280fag4y9f9dmd-perl5.32.0-ExtUtils-CppGuess-0.21-devdoc
checking for references to /build/ in /nix/store/q2szy6p7xg1pc2svq9280fag4y9f9dmd-perl5.32.0-ExtUtils-CppGuess-0.21-devdoc...
t/eval.t ................. ok
t/eval_all.t ............. ok
t/eval_stderr.t .......... ok
t/eval_stdout.t .......... ok
t/expected-zero.t ........ ok
t/export.t ............... ok
t/exported_func.t ........ ok
t/filter_arguments.t ..... ok
t/filter_delay.t ......... ok
t/filter_functions.t ..... ok
t/filters-append.t ....... ok
t/filters.t .............. ok
t/filters_map.t .......... ok
t/first_block.t .......... ok
t/flatten.t .............. ok
t/get_url.t .............. skipped: Need to figure out network testing
t/hash.t ................. ok
t/head.t ................. ok
t/internals.t ............ ok
t/is.t ................... ok
t/jit-run.t .............. ok
t/join-deep.t ............ ok
t/join.t ................. ok
t/last.t ................. ok
t/late.t ................. ok
t/lazy-filters.t ......... ok
t/lines.t ................ ok
t/list.t ................. ok
t/main_filters.t ......... 1/6 # Filters returning numbers are supposed to do munging $_: your filter 'main::mike5' apparently doesn't.
t/main_filters.t ......... ok
t/multi-level-inherit.t .. ok
t/name.t ................. ok
t/next.t ................. ok
t/no_diff.t .............. ok
t/no_plan.t .............. ok
t/normalize.t ............ ok
t/only-with-implicit.t ... ok
t/only.t ................. ok
t/oo.t ................... ok
t/oo_run.t ............... ok
t/parentheses.t .......... ok
t/prepend.t .............. ok
t/preserve-order.t ....... ok
t/prototypes.t ........... ok
t/quick-plan.t ........... ok
t/quick_test.t ........... ok
t/read_file.t ............ ok
t/regexp.t ............... ok
t/repeated-filters.t ..... ok
t/require.t .............. ok
t/reserved_names.t ....... ok
t/reverse-deep.t ......... ok
t/reverse.t .............. ok
t/run-args.t ............. ok
t/run_compare.t .......... ok
t/run_is.t ............... ok
t/run_is_deep.t .......... skipped: Test::Deep failed to load
t/run_is_deeply.t ........ ok
t/run_like.t ............. ok
t/run_unlike.t ........... ok
t/simple.t ............... ok
t/skip.t ................. ok
t/slice.t ................ ok
t/sort-deep.t ............ ok
t/sort.t ................. ok
t/spec_file.t ............ ok
t/spec_string.t .......... ok
t/split-deep.t ........... ok
t/split-regexp.t ......... ok
t/split.t ................ ok
t/strict-warnings.t ...... ok
t/strict.t ............... ok
t/subclass-autoclass.t ... ok
t/subclass-import.t ...... ok
t/subclass.t ............. ok
t/subclass_late.t ........ ok
t/tail.t ................. ok
t/tie_output.t ........... ok
t/trim.t ................. ok
t/unchomp.t .............. ok
t/undef.t ................ ok
t/use-test-more.t ........ ok
t/use.t .................. ok
t/write_file.t ........... ok
t/xxx.t .................. skipped: Requires YAML
t/yaml.t ................. skipped: Requires YAML
t/zero-blocks.t .......... ok
All tests successful.
Files=106, Tests=426,  8 wallclock secs ( 0.24 usr  0.10 sys +  7.03 cusr  1.69 csys =  9.06 CPU)
Result: PASS
installing
install flags: SHELL=/nix/store/9fqwwd4iybmhjqyxiaxycknslw6bgwh1-bash-4.4-p23/bin/bash pkgconfigdir=/nix/store/bn5cvk8ajqwp7micflzlh1129ddpkp5g-perl5.32.0-Test-Base-0.89/lib/pkgconfig m4datadir=/nix/store/bn5cvk8ajqwp7micflzlh1129ddpkp5g-perl5.32.0-Test-Base-0.89/share/aclocal aclocaldir=/nix/store/bn5cvk8ajqwp7micflzlh1129ddpkp5g-perl5.32.0-Test-Base-0.89/share/aclocal install
Manifying 2 pod documents
Installing /nix/store/bn5cvk8ajqwp7micflzlh1129ddpkp5g-perl5.32.0-Test-Base-0.89/lib/perl5/site_perl/5.32.0/Test/Base.pod
Installing /nix/store/bn5cvk8ajqwp7micflzlh1129ddpkp5g-perl5.32.0-Test-Base-0.89/lib/perl5/site_perl/5.32.0/Test/Base.pm
Installing /nix/store/bn5cvk8ajqwp7micflzlh1129ddpkp5g-perl5.32.0-Test-Base-0.89/lib/perl5/site_perl/5.32.0/Test/Base/Filter.pod
Installing /nix/store/bn5cvk8ajqwp7micflzlh1129ddpkp5g-perl5.32.0-Test-Base-0.89/lib/perl5/site_perl/5.32.0/Test/Base/Filter.pm
Installing /nix/store/bn5cvk8ajqwp7micflzlh1129ddpkp5g-perl5.32.0-Test-Base-0.89/share/man/man3/Test::Base.3
Installing /nix/store/bn5cvk8ajqwp7micflzlh1129ddpkp5g-perl5.32.0-Test-Base-0.89/share/man/man3/Test::Base::Filter.3
Appending installation info to /nix/store/bn5cvk8ajqwp7micflzlh1129ddpkp5g-perl5.32.0-Test-Base-0.89/lib/perl5/5.32.0/x86_64-linux-thread-multi/perllocal.pod
post-installation fixup
Moving /nix/store/bn5cvk8ajqwp7micflzlh1129ddpkp5g-perl5.32.0-Test-Base-0.89/share/man/man3 to /nix/store/mxdqhavl779l07jrf9vf3hs7avvvpaha-perl5.32.0-Test-Base-0.89-devdoc/share/man/man3
Removing empty /nix/store/bn5cvk8ajqwp7micflzlh1129ddpkp5g-perl5.32.0-Test-Base-0.89/share/man/ and (possibly) its parents
shrinking RPATHs of ELF executables and libraries in /nix/store/bn5cvk8ajqwp7micflzlh1129ddpkp5g-perl5.32.0-Test-Base-0.89
strip is /nix/store/psyzbhp4p088sb9qcs378hfbslcalasl-binutils-2.31.1/bin/strip
stripping (with command strip and flags -S) in /nix/store/bn5cvk8ajqwp7micflzlh1129ddpkp5g-perl5.32.0-Test-Base-0.89/lib
patching script interpreter paths in /nix/store/bn5cvk8ajqwp7micflzlh1129ddpkp5g-perl5.32.0-Test-Base-0.89
checking for references to /build/ in /nix/store/bn5cvk8ajqwp7micflzlh1129ddpkp5g-perl5.32.0-Test-Base-0.89...
shrinking RPATHs of ELF executables and libraries in /nix/store/mxdqhavl779l07jrf9vf3hs7avvvpaha-perl5.32.0-Test-Base-0.89-devdoc
gzipping man pages under /nix/store/mxdqhavl779l07jrf9vf3hs7avvvpaha-perl5.32.0-Test-Base-0.89-devdoc/share/man/
strip is /nix/store/psyzbhp4p088sb9qcs378hfbslcalasl-binutils-2.31.1/bin/strip
patching script interpreter paths in /nix/store/mxdqhavl779l07jrf9vf3hs7avvvpaha-perl5.32.0-Test-Base-0.89-devdoc
checking for references to /build/ in /nix/store/mxdqhavl779l07jrf9vf3hs7avvvpaha-perl5.32.0-Test-Base-0.89-devdoc...
building '/nix/store/jv0qnczn78fqlrfwc9fqzj1h22c88l5f-perl5.32.0-ExtUtils-XSpp-0.18.drv'...
unpacking sources
unpacking source archive /nix/store/q2cm174kfxxwb4js4sbvbb8n411i16z0-ExtUtils-XSpp-0.18.tar.gz
source root is ExtUtils-XSpp-0.18
setting SOURCE_DATE_EPOCH to timestamp 1379492273 of file ExtUtils-XSpp-0.18/t/zzz_pod.t
patching sources
configuring
patching ./scripts/xspp...
patching ./examples/XSpp-Example/Build.PL...
patching ./t/012_preprocessor.t...
patching ./t/011_multiple_files.t...
patching ./t/090_exceptions.t...
patching ./t/022_virtual.t...
patching ./t/080_complex_typemap.t...
patching ./t/031_verbatim_blocks.t...
patching ./t/035_include.t...
patching ./t/024_enum.t...
patching ./t/010_base.t...
patching ./t/022_static.t...
patching ./t/001_load.t...
patching ./t/zzz_pod.t...
patching ./t/025_member.t...
patching ./t/015_reference.t...
patching ./t/030_code_blocks.t...
patching ./t/043_parser_plugins.t...
patching ./t/023_base_classes.t...
patching ./t/013_typemap_output.t...
patching ./t/040_plugin.t...
patching ./t/020_rename.t...
patching ./t/005_io.t...
patching ./t/075_types.t...
patching ./Build.PL...
no configure script, doing nothing
building
Created MYMETA.yml and MYMETA.json
Creating new 'Build' script for 'ExtUtils-XSpp' version '0.18'
Building ExtUtils-XSpp
running tests
t/001_load.t ............. ok
t/005_io.t ............... ok
t/010_base.t ............. ok
t/011_multiple_files.t ... ok
t/012_preprocessor.t ..... ok
t/013_typemap_output.t ... ok
t/015_reference.t ........ ok
t/020_rename.t ........... ok
t/022_static.t ........... ok
t/022_virtual.t .......... ok
t/023_base_classes.t ..... ok
t/024_enum.t ............. ok
t/025_member.t ........... ok
t/030_code_blocks.t ...... ok
t/031_verbatim_blocks.t .. ok
t/035_include.t .......... ok
t/040_plugin.t ........... ok
t/043_parser_plugins.t ... ok
t/075_types.t ............ ok
t/080_complex_typemap.t .. ok
t/090_exceptions.t ....... ok
t/zzz_pod.t .............. skipped: Author tests
All tests successful.
Files=22, Tests=89,  5 wallclock secs ( 0.06 usr  0.03 sys +  3.10 cusr  1.21 csys =  4.40 CPU)
Result: PASS
installing
Building ExtUtils-XSpp
Installing /nix/store/4xwjn4vpzklk2j4qj2115330swahis5i-perl5.32.0-ExtUtils-XSpp-0.18/share/man/man1/xspp.1
Installing /nix/store/4xwjn4vpzklk2j4qj2115330swahis5i-perl5.32.0-ExtUtils-XSpp-0.18/lib/perl5/site_perl/5.32.0/ExtUtils/XSpp.pod
Installing /nix/store/4xwjn4vpzklk2j4qj2115330swahis5i-perl5.32.0-ExtUtils-XSpp-0.18/lib/perl5/site_perl/5.32.0/ExtUtils/XSpp.pm
Installing /nix/store/4xwjn4vpzklk2j4qj2115330swahis5i-perl5.32.0-ExtUtils-XSpp-0.18/lib/perl5/site_perl/5.32.0/ExtUtils/XSpp/Cmd.pm
Installing /nix/store/4xwjn4vpzklk2j4qj2115330swahis5i-perl5.32.0-ExtUtils-XSpp-0.18/lib/perl5/site_perl/5.32.0/ExtUtils/XSpp/Lexer.pm
Installing /nix/store/4xwjn4vpzklk2j4qj2115330swahis5i-perl5.32.0-ExtUtils-XSpp-0.18/lib/perl5/site_perl/5.32.0/ExtUtils/XSpp/Exception.pm
Installing /nix/store/4xwjn4vpzklk2j4qj2115330swahis5i-perl5.32.0-ExtUtils-XSpp-0.18/lib/perl5/site_perl/5.32.0/ExtUtils/XSpp/Parser.pm
Installing /nix/store/4xwjn4vpzklk2j4qj2115330swahis5i-perl5.32.0-ExtUtils-XSpp-0.18/lib/perl5/site_perl/5.32.0/ExtUtils/XSpp/Grammar.pm
Installing /nix/store/4xwjn4vpzklk2j4qj2115330swahis5i-perl5.32.0-ExtUtils-XSpp-0.18/lib/perl5/site_perl/5.32.0/ExtUtils/XSpp/Plugin.pod
Installing /nix/store/4xwjn4vpzklk2j4qj2115330swahis5i-perl5.32.0-ExtUtils-XSpp-0.18/lib/perl5/site_perl/5.32.0/ExtUtils/XSpp/Typemap.pm
Installing /nix/store/4xwjn4vpzklk2j4qj2115330swahis5i-perl5.32.0-ExtUtils-XSpp-0.18/lib/perl5/site_perl/5.32.0/ExtUtils/XSpp/Driver.pm
Installing /nix/store/4xwjn4vpzklk2j4qj2115330swahis5i-perl5.32.0-ExtUtils-XSpp-0.18/lib/perl5/site_perl/5.32.0/ExtUtils/XSpp/Node.pm
Installing /nix/store/4xwjn4vpzklk2j4qj2115330swahis5i-perl5.32.0-ExtUtils-XSpp-0.18/lib/perl5/site_perl/5.32.0/ExtUtils/XSpp/Exception/unknown.pm
Installing /nix/store/4xwjn4vpzklk2j4qj2115330swahis5i-perl5.32.0-ExtUtils-XSpp-0.18/lib/perl5/site_perl/5.32.0/ExtUtils/XSpp/Exception/perlcode.pm
Installing /nix/store/4xwjn4vpzklk2j4qj2115330swahis5i-perl5.32.0-ExtUtils-XSpp-0.18/lib/perl5/site_perl/5.32.0/ExtUtils/XSpp/Exception/code.pm
Installing /nix/store/4xwjn4vpzklk2j4qj2115330swahis5i-perl5.32.0-ExtUtils-XSpp-0.18/lib/perl5/site_perl/5.32.0/ExtUtils/XSpp/Exception/object.pm
Installing /nix/store/4xwjn4vpzklk2j4qj2115330swahis5i-perl5.32.0-ExtUtils-XSpp-0.18/lib/perl5/site_perl/5.32.0/ExtUtils/XSpp/Exception/simple.pm
Installing /nix/store/4xwjn4vpzklk2j4qj2115330swahis5i-perl5.32.0-ExtUtils-XSpp-0.18/lib/perl5/site_perl/5.32.0/ExtUtils/XSpp/Exception/stdmessage.pm
Installing /nix/store/4xwjn4vpzklk2j4qj2115330swahis5i-perl5.32.0-ExtUtils-XSpp-0.18/lib/perl5/site_perl/5.32.0/ExtUtils/XSpp/Plugin/feature/default_xs_typemap.pm
Installing /nix/store/4xwjn4vpzklk2j4qj2115330swahis5i-perl5.32.0-ExtUtils-XSpp-0.18/lib/perl5/site_perl/5.32.0/ExtUtils/XSpp/Node/Function.pm
Installing /nix/store/4xwjn4vpzklk2j4qj2115330swahis5i-perl5.32.0-ExtUtils-XSpp-0.18/lib/perl5/site_perl/5.32.0/ExtUtils/XSpp/Node/Method.pm
Installing /nix/store/4xwjn4vpzklk2j4qj2115330swahis5i-perl5.32.0-ExtUtils-XSpp-0.18/lib/perl5/site_perl/5.32.0/ExtUtils/XSpp/Node/Class.pm
Installing /nix/store/4xwjn4vpzklk2j4qj2115330swahis5i-perl5.32.0-ExtUtils-XSpp-0.18/lib/perl5/site_perl/5.32.0/ExtUtils/XSpp/Node/Access.pm
Installing /nix/store/4xwjn4vpzklk2j4qj2115330swahis5i-perl5.32.0-ExtUtils-XSpp-0.18/lib/perl5/site_perl/5.32.0/ExtUtils/XSpp/Node/PercAny.pm
Installing /nix/store/4xwjn4vpzklk2j4qj2115330swahis5i-perl5.32.0-ExtUtils-XSpp-0.18/lib/perl5/site_perl/5.32.0/ExtUtils/XSpp/Node/Package.pm
Installing /nix/store/4xwjn4vpzklk2j4qj2115330swahis5i-perl5.32.0-ExtUtils-XSpp-0.18/lib/perl5/site_perl/5.32.0/ExtUtils/XSpp/Node/Destructor.pm
Installing /nix/store/4xwjn4vpzklk2j4qj2115330swahis5i-perl5.32.0-ExtUtils-XSpp-0.18/lib/perl5/site_perl/5.32.0/ExtUtils/XSpp/Node/Type.pm
Installing /nix/store/4xwjn4vpzklk2j4qj2115330swahis5i-perl5.32.0-ExtUtils-XSpp-0.18/lib/perl5/site_perl/5.32.0/ExtUtils/XSpp/Node/File.pm
Installing /nix/store/4xwjn4vpzklk2j4qj2115330swahis5i-perl5.32.0-ExtUtils-XSpp-0.18/lib/perl5/site_perl/5.32.0/ExtUtils/XSpp/Node/Argument.pm
Installing /nix/store/4xwjn4vpzklk2j4qj2115330swahis5i-perl5.32.0-ExtUtils-XSpp-0.18/lib/perl5/site_perl/5.32.0/ExtUtils/XSpp/Node/Constructor.pm
Installing /nix/store/4xwjn4vpzklk2j4qj2115330swahis5i-perl5.32.0-ExtUtils-XSpp-0.18/lib/perl5/site_perl/5.32.0/ExtUtils/XSpp/Node/EnumValue.pm
Installing /nix/store/4xwjn4vpzklk2j4qj2115330swahis5i-perl5.32.0-ExtUtils-XSpp-0.18/lib/perl5/site_perl/5.32.0/ExtUtils/XSpp/Node/Member.pm
Installing /nix/store/4xwjn4vpzklk2j4qj2115330swahis5i-perl5.32.0-ExtUtils-XSpp-0.18/lib/perl5/site_perl/5.32.0/ExtUtils/XSpp/Node/Raw.pm
Installing /nix/store/4xwjn4vpzklk2j4qj2115330swahis5i-perl5.32.0-ExtUtils-XSpp-0.18/lib/perl5/site_perl/5.32.0/ExtUtils/XSpp/Node/Enum.pm
Installing /nix/store/4xwjn4vpzklk2j4qj2115330swahis5i-perl5.32.0-ExtUtils-XSpp-0.18/lib/perl5/site_perl/5.32.0/ExtUtils/XSpp/Node/Module.pm
Installing /nix/store/4xwjn4vpzklk2j4qj2115330swahis5i-perl5.32.0-ExtUtils-XSpp-0.18/lib/perl5/site_perl/5.32.0/ExtUtils/XSpp/Node/Comment.pm
Installing /nix/store/4xwjn4vpzklk2j4qj2115330swahis5i-perl5.32.0-ExtUtils-XSpp-0.18/lib/perl5/site_perl/5.32.0/ExtUtils/XSpp/Node/Preprocessor.pm
Installing /nix/store/4xwjn4vpzklk2j4qj2115330swahis5i-perl5.32.0-ExtUtils-XSpp-0.18/lib/perl5/site_perl/5.32.0/ExtUtils/XSpp/Typemap/wrapper.pm
Installing /nix/store/4xwjn4vpzklk2j4qj2115330swahis5i-perl5.32.0-ExtUtils-XSpp-0.18/lib/perl5/site_perl/5.32.0/ExtUtils/XSpp/Typemap/reference.pm
Installing /nix/store/4xwjn4vpzklk2j4qj2115330swahis5i-perl5.32.0-ExtUtils-XSpp-0.18/lib/perl5/site_perl/5.32.0/ExtUtils/XSpp/Typemap/simple.pm
Installing /nix/store/4xwjn4vpzklk2j4qj2115330swahis5i-perl5.32.0-ExtUtils-XSpp-0.18/lib/perl5/site_perl/5.32.0/ExtUtils/XSpp/Typemap/parsed.pm
Installing /nix/store/4xwjn4vpzklk2j4qj2115330swahis5i-perl5.32.0-ExtUtils-XSpp-0.18/share/man/man3/ExtUtils::XSpp::Node::Argument.3
Installing /nix/store/4xwjn4vpzklk2j4qj2115330swahis5i-perl5.32.0-ExtUtils-XSpp-0.18/share/man/man3/ExtUtils::XSpp::Parser.3
Installing /nix/store/4xwjn4vpzklk2j4qj2115330swahis5i-perl5.32.0-ExtUtils-XSpp-0.18/share/man/man3/ExtUtils::XSpp::Cmd.3
Installing /nix/store/4xwjn4vpzklk2j4qj2115330swahis5i-perl5.32.0-ExtUtils-XSpp-0.18/share/man/man3/ExtUtils::XSpp::Node::Enum.3
Installing /nix/store/4xwjn4vpzklk2j4qj2115330swahis5i-perl5.32.0-ExtUtils-XSpp-0.18/share/man/man3/ExtUtils::XSpp::Typemap.3
Installing /nix/store/4xwjn4vpzklk2j4qj2115330swahis5i-perl5.32.0-ExtUtils-XSpp-0.18/share/man/man3/ExtUtils::XSpp::Node::EnumValue.3
Installing /nix/store/4xwjn4vpzklk2j4qj2115330swahis5i-perl5.32.0-ExtUtils-XSpp-0.18/share/man/man3/ExtUtils::XSpp::Node::Member.3
Installing /nix/store/4xwjn4vpzklk2j4qj2115330swahis5i-perl5.32.0-ExtUtils-XSpp-0.18/share/man/man3/ExtUtils::XSpp::Node::File.3
Installing /nix/store/4xwjn4vpzklk2j4qj2115330swahis5i-perl5.32.0-ExtUtils-XSpp-0.18/share/man/man3/ExtUtils::XSpp::Exception.3
Installing /nix/store/4xwjn4vpzklk2j4qj2115330swahis5i-perl5.32.0-ExtUtils-XSpp-0.18/share/man/man3/ExtUtils::XSpp::Node::Comment.3
Installing /nix/store/4xwjn4vpzklk2j4qj2115330swahis5i-perl5.32.0-ExtUtils-XSpp-0.18/share/man/man3/ExtUtils::XSpp::Node::Raw.3
Installing /nix/store/4xwjn4vpzklk2j4qj2115330swahis5i-perl5.32.0-ExtUtils-XSpp-0.18/share/man/man3/ExtUtils::XSpp::Node::Access.3
Installing /nix/store/4xwjn4vpzklk2j4qj2115330swahis5i-perl5.32.0-ExtUtils-XSpp-0.18/share/man/man3/ExtUtils::XSpp.3
Installing /nix/store/4xwjn4vpzklk2j4qj2115330swahis5i-perl5.32.0-ExtUtils-XSpp-0.18/share/man/man3/ExtUtils::XSpp::Plugin.3
Installing /nix/store/4xwjn4vpzklk2j4qj2115330swahis5i-perl5.32.0-ExtUtils-XSpp-0.18/share/man/man3/ExtUtils::XSpp::Node::Package.3
Installing /nix/store/4xwjn4vpzklk2j4qj2115330swahis5i-perl5.32.0-ExtUtils-XSpp-0.18/share/man/man3/ExtUtils::XSpp::Node::Class.3
Installing /nix/store/4xwjn4vpzklk2j4qj2115330swahis5i-perl5.32.0-ExtUtils-XSpp-0.18/share/man/man3/ExtUtils::XSpp::Node::Module.3
Installing /nix/store/4xwjn4vpzklk2j4qj2115330swahis5i-perl5.32.0-ExtUtils-XSpp-0.18/share/man/man3/ExtUtils::XSpp::Node::Function.3
Installing /nix/store/4xwjn4vpzklk2j4qj2115330swahis5i-perl5.32.0-ExtUtils-XSpp-0.18/share/man/man3/ExtUtils::XSpp::Node.3
Installing /nix/store/4xwjn4vpzklk2j4qj2115330swahis5i-perl5.32.0-ExtUtils-XSpp-0.18/share/man/man3/ExtUtils::XSpp::Node::Method.3
Installing /nix/store/4xwjn4vpzklk2j4qj2115330swahis5i-perl5.32.0-ExtUtils-XSpp-0.18/share/man/man3/ExtUtils::XSpp::Node::Constructor.3
Installing /nix/store/4xwjn4vpzklk2j4qj2115330swahis5i-perl5.32.0-ExtUtils-XSpp-0.18/share/man/man3/ExtUtils::XSpp::Node::PercAny.3
Installing /nix/store/4xwjn4vpzklk2j4qj2115330swahis5i-perl5.32.0-ExtUtils-XSpp-0.18/share/man/man3/ExtUtils::XSpp::Node::Destructor.3
Installing /nix/store/4xwjn4vpzklk2j4qj2115330swahis5i-perl5.32.0-ExtUtils-XSpp-0.18/bin/xspp
post-installation fixup
Moving /nix/store/4xwjn4vpzklk2j4qj2115330swahis5i-perl5.32.0-ExtUtils-XSpp-0.18/share/man/man3 to /nix/store/5qbyk2k8p85kkjqsd3mqxh3afd0pilij-perl5.32.0-ExtUtils-XSpp-0.18-devdoc/share/man/man3
rmdir: failed to remove '/nix/store/4xwjn4vpzklk2j4qj2115330swahis5i-perl5.32.0-ExtUtils-XSpp-0.18/share/man': Directory not empty
shrinking RPATHs of ELF executables and libraries in /nix/store/4xwjn4vpzklk2j4qj2115330swahis5i-perl5.32.0-ExtUtils-XSpp-0.18
gzipping man pages under /nix/store/4xwjn4vpzklk2j4qj2115330swahis5i-perl5.32.0-ExtUtils-XSpp-0.18/share/man/
strip is /nix/store/psyzbhp4p088sb9qcs378hfbslcalasl-binutils-2.31.1/bin/strip
stripping (with command strip and flags -S) in /nix/store/4xwjn4vpzklk2j4qj2115330swahis5i-perl5.32.0-ExtUtils-XSpp-0.18/lib  /nix/store/4xwjn4vpzklk2j4qj2115330swahis5i-perl5.32.0-ExtUtils-XSpp-0.18/bin
patching script interpreter paths in /nix/store/4xwjn4vpzklk2j4qj2115330swahis5i-perl5.32.0-ExtUtils-XSpp-0.18
checking for references to /build/ in /nix/store/4xwjn4vpzklk2j4qj2115330swahis5i-perl5.32.0-ExtUtils-XSpp-0.18...
shrinking RPATHs of ELF executables and libraries in /nix/store/5qbyk2k8p85kkjqsd3mqxh3afd0pilij-perl5.32.0-ExtUtils-XSpp-0.18-devdoc
gzipping man pages under /nix/store/5qbyk2k8p85kkjqsd3mqxh3afd0pilij-perl5.32.0-ExtUtils-XSpp-0.18-devdoc/share/man/
strip is /nix/store/psyzbhp4p088sb9qcs378hfbslcalasl-binutils-2.31.1/bin/strip
patching script interpreter paths in /nix/store/5qbyk2k8p85kkjqsd3mqxh3afd0pilij-perl5.32.0-ExtUtils-XSpp-0.18-devdoc
checking for references to /build/ in /nix/store/5qbyk2k8p85kkjqsd3mqxh3afd0pilij-perl5.32.0-ExtUtils-XSpp-0.18-devdoc...
building '/nix/store/5f1y688hkm4yfxlaq9z09g767bmlyn16-perl5.32.0-Module-Build-WithXSpp-0.14.drv'...
unpacking sources
unpacking source archive /nix/store/igpw9q6bgzkxzv74k3198s0bwsx19phw-Module-Build-WithXSpp-0.14.tar.gz
source root is Module-Build-WithXSpp-0.14
setting SOURCE_DATE_EPOCH to timestamp 1380549308 of file Module-Build-WithXSpp-0.14/t/001_load.t
patching sources
configuring
patching ./t/001_load.t...
patching ./Build.PL...
no configure script, doing nothing
building
Created MYMETA.yml and MYMETA.json
Creating new 'Build' script for 'Module-Build-WithXSpp' version '0.14'
Building Module-Build-WithXSpp
running tests
t/001_load.t .. ok
All tests successful.
Files=1, Tests=1,  0 wallclock secs ( 0.02 usr  0.00 sys +  0.12 cusr  0.03 csys =  0.17 CPU)
Result: PASS
installing
Building Module-Build-WithXSpp
Installing /nix/store/hzr6qmy4gnmfm5cqrlfcv012prrv6dfc-perl5.32.0-Module-Build-WithXSpp-0.14/lib/perl5/site_perl/5.32.0/Module/Build/WithXSpp.pm
Installing /nix/store/hzr6qmy4gnmfm5cqrlfcv012prrv6dfc-perl5.32.0-Module-Build-WithXSpp-0.14/share/man/man3/Module::Build::WithXSpp.3
post-installation fixup
Moving /nix/store/hzr6qmy4gnmfm5cqrlfcv012prrv6dfc-perl5.32.0-Module-Build-WithXSpp-0.14/share/man/man3 to /nix/store/wgq49iw6h235w9bb3nkj87q0v7yxcf17-perl5.32.0-Module-Build-WithXSpp-0.14-devdoc/share/man/man3
Removing empty /nix/store/hzr6qmy4gnmfm5cqrlfcv012prrv6dfc-perl5.32.0-Module-Build-WithXSpp-0.14/share/man/ and (possibly) its parents
shrinking RPATHs of ELF executables and libraries in /nix/store/hzr6qmy4gnmfm5cqrlfcv012prrv6dfc-perl5.32.0-Module-Build-WithXSpp-0.14
strip is /nix/store/psyzbhp4p088sb9qcs378hfbslcalasl-binutils-2.31.1/bin/strip
stripping (with command strip and flags -S) in /nix/store/hzr6qmy4gnmfm5cqrlfcv012prrv6dfc-perl5.32.0-Module-Build-WithXSpp-0.14/lib
patching script interpreter paths in /nix/store/hzr6qmy4gnmfm5cqrlfcv012prrv6dfc-perl5.32.0-Module-Build-WithXSpp-0.14
checking for references to /build/ in /nix/store/hzr6qmy4gnmfm5cqrlfcv012prrv6dfc-perl5.32.0-Module-Build-WithXSpp-0.14...
shrinking RPATHs of ELF executables and libraries in /nix/store/wgq49iw6h235w9bb3nkj87q0v7yxcf17-perl5.32.0-Module-Build-WithXSpp-0.14-devdoc
gzipping man pages under /nix/store/wgq49iw6h235w9bb3nkj87q0v7yxcf17-perl5.32.0-Module-Build-WithXSpp-0.14-devdoc/share/man/
strip is /nix/store/psyzbhp4p088sb9qcs378hfbslcalasl-binutils-2.31.1/bin/strip
patching script interpreter paths in /nix/store/wgq49iw6h235w9bb3nkj87q0v7yxcf17-perl5.32.0-Module-Build-WithXSpp-0.14-devdoc
checking for references to /build/ in /nix/store/wgq49iw6h235w9bb3nkj87q0v7yxcf17-perl5.32.0-Module-Build-WithXSpp-0.14-devdoc...
building '/nix/store/037yzh15imrp5cjfyka8whlcyxd5w45g-perl5.32.0-Boost-Geometry-Utils-0.15.drv'...
unpacking sources
unpacking source archive /nix/store/iiqx7wy51wync6zgx35wqh37j049nkgg-Boost-Geometry-Utils-0.15.tar.gz
source root is Boost-Geometry-Utils-0.15
setting SOURCE_DATE_EPOCH to timestamp 1371836866 of file Boost-Geometry-Utils-0.15/src/boost/utility.hpp
patching sources
applying patch /nix/store/wsvcpffmqfrrswvszdsdr866h4ccg7qi-boost-geometry-utils-fix-oom.patch
patching file src/mline2av.h
configuring
patching ./src/boost/function/detail/gen_maybe_include.pl...
patching ./t/00-compile.t...
patching ./t/02_old_api.t...
patching ./t/04_medial_axis_basic.t...
patching ./t/03_polygon.t...
patching ./t/release-pod-syntax.t...
patching ./t/01_basic.t...
patching ./t/05_medial_axis_visual.t...
patching ./t/release-pod-coverage.t...
patching ./Build.PL...
no configure script, doing nothing
building
Created MYMETA.yml and MYMETA.json
Creating new 'Build' script for 'Boost-Geometry-Utils' version '0.15'
Building Boost-Geometry-Utils
Processing XS typemap files...
Generating main XS file...
gcc -I/nix/store/7c044di03qa7qgr5kjjc2d787aspzp0m-perl-5.32.0/lib/perl5/5.32.0/x86_64-linux-thread-multi/CORE -DVERSION="0.15" -DXS_VERSION="0.15" -fPIC -xc++ -DHAS_BOOL -Isrc -Ibuildtmp -c -D_REENTRANT -D_GNU_SOURCE -fwrapv -fno-strict-aliasing -pipe -fstack-protector-strong -I/no-such-path/include -D_LARGEFILE_SOURCE -D_FILE_OFFSET_BITS=64 -O2 -o buildtmp/Utils.o buildtmp/Utils.c
In file included from src/boost/smart_ptr/shared_ptr.hpp:32,
                 from src/boost/shared_ptr.hpp:17,
                 from src/boost/format/alt_sstream.hpp:21,
                 from src/boost/format/internals.hpp:23,
                 from src/boost/format.hpp:38,
                 from src/boost/math/policies/error_handling.hpp:31,
                 from src/boost/math/special_functions/trunc.hpp:14,
                 from src/boost/math/constants/calculate_constants.hpp:11,
                 from src/boost/math/constants/constants.hpp:288,
                 from src/boost/geometry/util/math.hpp:20,
                 from src/boost/geometry/core/radian_access.hpp:28,
                 from src/boost/geometry/geometry.hpp:28,
                 from src/boost/geometry.hpp:17,
                 from src/myinit.h:11,
                 from buildtmp/Utils.c:183:
src/boost/smart_ptr/detail/shared_count.hpp:323:33: warning: 'template<class> class std::auto_ptr' is deprecated [-Wdeprecated-declarations]
  323 |     explicit shared_count( std::auto_ptr<Y> & r ): pi_( new sp_counted_impl_p<Y>( r.get() ) )
      |                                 ^~~~~~~~
In file included from /nix/store/0hjkz01g2znh8ii6m40iz7fwd0lzb2g6-gcc-9.3.0/include/c++/9.3.0/bits/locale_conv.h:41,
                 from /nix/store/0hjkz01g2znh8ii6m40iz7fwd0lzb2g6-gcc-9.3.0/include/c++/9.3.0/locale:43,
                 from /nix/store/0hjkz01g2znh8ii6m40iz7fwd0lzb2g6-gcc-9.3.0/include/c++/9.3.0/iomanip:43,
                 from src/boost/math/tools/precision.hpp:22,
                 from src/boost/math/constants/constants.hpp:12,
                 from src/boost/geometry/util/math.hpp:20,
                 from src/boost/geometry/core/radian_access.hpp:28,
                 from src/boost/geometry/geometry.hpp:28,
                 from src/boost/geometry.hpp:17,
                 from src/myinit.h:11,
                 from buildtmp/Utils.c:183:
/nix/store/0hjkz01g2znh8ii6m40iz7fwd0lzb2g6-gcc-9.3.0/include/c++/9.3.0/bits/unique_ptr.h:53:28: note: declared here
   53 |   template<typename> class auto_ptr;
      |                            ^~~~~~~~
In file included from src/boost/shared_ptr.hpp:17,
                 from src/boost/format/alt_sstream.hpp:21,
                 from src/boost/format/internals.hpp:23,
                 from src/boost/format.hpp:38,
                 from src/boost/math/policies/error_handling.hpp:31,
                 from src/boost/math/special_functions/trunc.hpp:14,
                 from src/boost/math/constants/calculate_constants.hpp:11,
                 from src/boost/math/constants/constants.hpp:288,
                 from src/boost/geometry/util/math.hpp:20,
                 from src/boost/geometry/core/radian_access.hpp:28,
                 from src/boost/geometry/geometry.hpp:28,
                 from src/boost/geometry.hpp:17,
                 from src/myinit.h:11,
                 from buildtmp/Utils.c:183:
src/boost/smart_ptr/shared_ptr.hpp:247:65: warning: 'template<class> class std::auto_ptr' is deprecated [-Wdeprecated-declarations]
  247 | template< class T, class R > struct sp_enable_if_auto_ptr< std::auto_ptr< T >, R >
      |                                                                 ^~~~~~~~
In file included from /nix/store/0hjkz01g2znh8ii6m40iz7fwd0lzb2g6-gcc-9.3.0/include/c++/9.3.0/bits/locale_conv.h:41,
                 from /nix/store/0hjkz01g2znh8ii6m40iz7fwd0lzb2g6-gcc-9.3.0/include/c++/9.3.0/locale:43,
                 from /nix/store/0hjkz01g2znh8ii6m40iz7fwd0lzb2g6-gcc-9.3.0/include/c++/9.3.0/iomanip:43,
                 from src/boost/math/tools/precision.hpp:22,
                 from src/boost/math/constants/constants.hpp:12,
                 from src/boost/geometry/util/math.hpp:20,
                 from src/boost/geometry/core/radian_access.hpp:28,
                 from src/boost/geometry/geometry.hpp:28,
                 from src/boost/geometry.hpp:17,
                 from src/myinit.h:11,
                 from buildtmp/Utils.c:183:
/nix/store/0hjkz01g2znh8ii6m40iz7fwd0lzb2g6-gcc-9.3.0/include/c++/9.3.0/bits/unique_ptr.h:53:28: note: declared here
   53 |   template<typename> class auto_ptr;
      |                            ^~~~~~~~
In file included from src/boost/shared_ptr.hpp:17,
                 from src/boost/format/alt_sstream.hpp:21,
                 from src/boost/format/internals.hpp:23,
                 from src/boost/format.hpp:38,
                 from src/boost/math/policies/error_handling.hpp:31,
                 from src/boost/math/special_functions/trunc.hpp:14,
                 from src/boost/math/constants/calculate_constants.hpp:11,
                 from src/boost/math/constants/constants.hpp:288,
                 from src/boost/geometry/util/math.hpp:20,
                 from src/boost/geometry/core/radian_access.hpp:28,
                 from src/boost/geometry/geometry.hpp:28,
                 from src/boost/geometry.hpp:17,
                 from src/myinit.h:11,
                 from buildtmp/Utils.c:183:
src/boost/smart_ptr/shared_ptr.hpp:446:31: warning: 'template<class> class std::auto_ptr' is deprecated [-Wdeprecated-declarations]
  446 |     explicit shared_ptr( std::auto_ptr<Y> & r ): px(r.get()), pn()
      |                               ^~~~~~~~
In file included from /nix/store/0hjkz01g2znh8ii6m40iz7fwd0lzb2g6-gcc-9.3.0/include/c++/9.3.0/bits/locale_conv.h:41,
                 from /nix/store/0hjkz01g2znh8ii6m40iz7fwd0lzb2g6-gcc-9.3.0/include/c++/9.3.0/locale:43,
                 from /nix/store/0hjkz01g2znh8ii6m40iz7fwd0lzb2g6-gcc-9.3.0/include/c++/9.3.0/iomanip:43,
                 from src/boost/math/tools/precision.hpp:22,
                 from src/boost/math/constants/constants.hpp:12,
                 from src/boost/geometry/util/math.hpp:20,
                 from src/boost/geometry/core/radian_access.hpp:28,
                 from src/boost/geometry/geometry.hpp:28,
                 from src/boost/geometry.hpp:17,
                 from src/myinit.h:11,
                 from buildtmp/Utils.c:183:
/nix/store/0hjkz01g2znh8ii6m40iz7fwd0lzb2g6-gcc-9.3.0/include/c++/9.3.0/bits/unique_ptr.h:53:28: note: declared here
   53 |   template<typename> class auto_ptr;
      |                            ^~~~~~~~
In file included from src/boost/shared_ptr.hpp:17,
                 from src/boost/format/alt_sstream.hpp:21,
                 from src/boost/format/internals.hpp:23,
                 from src/boost/format.hpp:38,
                 from src/boost/math/policies/error_handling.hpp:31,
                 from src/boost/math/special_functions/trunc.hpp:14,
                 from src/boost/math/constants/calculate_constants.hpp:11,
                 from src/boost/math/constants/constants.hpp:288,
                 from src/boost/geometry/util/math.hpp:20,
                 from src/boost/geometry/core/radian_access.hpp:28,
                 from src/boost/geometry/geometry.hpp:28,
                 from src/boost/geometry.hpp:17,
                 from src/myinit.h:11,
                 from buildtmp/Utils.c:183:
src/boost/smart_ptr/shared_ptr.hpp:459:22: warning: 'template<class> class std::auto_ptr' is deprecated [-Wdeprecated-declarations]
  459 |     shared_ptr( std::auto_ptr<Y> && r ): px(r.get()), pn()
      |                      ^~~~~~~~
In file included from /nix/store/0hjkz01g2znh8ii6m40iz7fwd0lzb2g6-gcc-9.3.0/include/c++/9.3.0/bits/locale_conv.h:41,
                 from /nix/store/0hjkz01g2znh8ii6m40iz7fwd0lzb2g6-gcc-9.3.0/include/c++/9.3.0/locale:43,
                 from /nix/store/0hjkz01g2znh8ii6m40iz7fwd0lzb2g6-gcc-9.3.0/include/c++/9.3.0/iomanip:43,
                 from src/boost/math/tools/precision.hpp:22,
                 from src/boost/math/constants/constants.hpp:12,
                 from src/boost/geometry/util/math.hpp:20,
                 from src/boost/geometry/core/radian_access.hpp:28,
                 from src/boost/geometry/geometry.hpp:28,
                 from src/boost/geometry.hpp:17,
                 from src/myinit.h:11,
                 from buildtmp/Utils.c:183:
/nix/store/0hjkz01g2znh8ii6m40iz7fwd0lzb2g6-gcc-9.3.0/include/c++/9.3.0/bits/unique_ptr.h:53:28: note: declared here
   53 |   template<typename> class auto_ptr;
      |                            ^~~~~~~~
In file included from src/boost/shared_ptr.hpp:17,
                 from src/boost/format/alt_sstream.hpp:21,
                 from src/boost/format/internals.hpp:23,
                 from src/boost/format.hpp:38,
                 from src/boost/math/policies/error_handling.hpp:31,
                 from src/boost/math/special_functions/trunc.hpp:14,
                 from src/boost/math/constants/calculate_constants.hpp:11,
                 from src/boost/math/constants/constants.hpp:288,
                 from src/boost/geometry/util/math.hpp:20,
                 from src/boost/geometry/core/radian_access.hpp:28,
                 from src/boost/geometry/geometry.hpp:28,
                 from src/boost/geometry.hpp:17,
                 from src/myinit.h:11,
                 from buildtmp/Utils.c:183:
src/boost/smart_ptr/shared_ptr.hpp:525:34: warning: 'template<class> class std::auto_ptr' is deprecated [-Wdeprecated-declarations]
  525 |     shared_ptr & operator=( std::auto_ptr<Y> & r )
      |                                  ^~~~~~~~
In file included from /nix/store/0hjkz01g2znh8ii6m40iz7fwd0lzb2g6-gcc-9.3.0/include/c++/9.3.0/bits/locale_conv.h:41,
                 from /nix/store/0hjkz01g2znh8ii6m40iz7fwd0lzb2g6-gcc-9.3.0/include/c++/9.3.0/locale:43,
                 from /nix/store/0hjkz01g2znh8ii6m40iz7fwd0lzb2g6-gcc-9.3.0/include/c++/9.3.0/iomanip:43,
                 from src/boost/math/tools/precision.hpp:22,
                 from src/boost/math/constants/constants.hpp:12,
                 from src/boost/geometry/util/math.hpp:20,
                 from src/boost/geometry/core/radian_access.hpp:28,
                 from src/boost/geometry/geometry.hpp:28,
                 from src/boost/geometry.hpp:17,
                 from src/myinit.h:11,
                 from buildtmp/Utils.c:183:
/nix/store/0hjkz01g2znh8ii6m40iz7fwd0lzb2g6-gcc-9.3.0/include/c++/9.3.0/bits/unique_ptr.h:53:28: note: declared here
   53 |   template<typename> class auto_ptr;
      |                            ^~~~~~~~
In file included from src/boost/shared_ptr.hpp:17,
                 from src/boost/format/alt_sstream.hpp:21,
                 from src/boost/format/internals.hpp:23,
                 from src/boost/format.hpp:38,
                 from src/boost/math/policies/error_handling.hpp:31,
                 from src/boost/math/special_functions/trunc.hpp:14,
                 from src/boost/math/constants/calculate_constants.hpp:11,
                 from src/boost/math/constants/constants.hpp:288,
                 from src/boost/geometry/util/math.hpp:20,
                 from src/boost/geometry/core/radian_access.hpp:28,
                 from src/boost/geometry/geometry.hpp:28,
                 from src/boost/geometry.hpp:17,
                 from src/myinit.h:11,
                 from buildtmp/Utils.c:183:
src/boost/smart_ptr/shared_ptr.hpp:534:34: warning: 'template<class> class std::auto_ptr' is deprecated [-Wdeprecated-declarations]
  534 |     shared_ptr & operator=( std::auto_ptr<Y> && r )
      |                                  ^~~~~~~~
In file included from /nix/store/0hjkz01g2znh8ii6m40iz7fwd0lzb2g6-gcc-9.3.0/include/c++/9.3.0/bits/locale_conv.h:41,
                 from /nix/store/0hjkz01g2znh8ii6m40iz7fwd0lzb2g6-gcc-9.3.0/include/c++/9.3.0/locale:43,
                 from /nix/store/0hjkz01g2znh8ii6m40iz7fwd0lzb2g6-gcc-9.3.0/include/c++/9.3.0/iomanip:43,
                 from src/boost/math/tools/precision.hpp:22,
                 from src/boost/math/constants/constants.hpp:12,
                 from src/boost/geometry/util/math.hpp:20,
                 from src/boost/geometry/core/radian_access.hpp:28,
                 from src/boost/geometry/geometry.hpp:28,
                 from src/boost/geometry.hpp:17,
                 from src/myinit.h:11,
                 from buildtmp/Utils.c:183:
/nix/store/0hjkz01g2znh8ii6m40iz7fwd0lzb2g6-gcc-9.3.0/include/c++/9.3.0/bits/unique_ptr.h:53:28: note: declared here
   53 |   template<typename> class auto_ptr;
      |                            ^~~~~~~~
In file included from src/boost/shared_ptr.hpp:17,
                 from src/boost/format/alt_sstream.hpp:21,
                 from src/boost/format/internals.hpp:23,
                 from src/boost/format.hpp:38,
                 from src/boost/math/policies/error_handling.hpp:31,
                 from src/boost/math/special_functions/trunc.hpp:14,
                 from src/boost/math/constants/calculate_constants.hpp:11,
                 from src/boost/math/constants/constants.hpp:288,
                 from src/boost/geometry/util/math.hpp:20,
                 from src/boost/geometry/core/radian_access.hpp:28,
                 from src/boost/geometry/geometry.hpp:28,
                 from src/boost/geometry.hpp:17,
                 from src/myinit.h:11,
                 from buildtmp/Utils.c:183:
src/boost/smart_ptr/shared_ptr.hpp: In member function 'boost::shared_ptr<T>& boost::shared_ptr<T>::operator=(std::auto_ptr<_Up>&&)':
src/boost/smart_ptr/shared_ptr.hpp:536:38: warning: 'template<class> class std::auto_ptr' is deprecated [-Wdeprecated-declarations]
  536 |         this_type( static_cast< std::auto_ptr<Y> && >( r ) ).swap( *this );
      |                                      ^~~~~~~~
In file included from /nix/store/0hjkz01g2znh8ii6m40iz7fwd0lzb2g6-gcc-9.3.0/include/c++/9.3.0/bits/locale_conv.h:41,
                 from /nix/store/0hjkz01g2znh8ii6m40iz7fwd0lzb2g6-gcc-9.3.0/include/c++/9.3.0/locale:43,
                 from /nix/store/0hjkz01g2znh8ii6m40iz7fwd0lzb2g6-gcc-9.3.0/include/c++/9.3.0/iomanip:43,
                 from src/boost/math/tools/precision.hpp:22,
                 from src/boost/math/constants/constants.hpp:12,
                 from src/boost/geometry/util/math.hpp:20,
                 from src/boost/geometry/core/radian_access.hpp:28,
                 from src/boost/geometry/geometry.hpp:28,
                 from src/boost/geometry.hpp:17,
                 from src/myinit.h:11,
                 from buildtmp/Utils.c:183:
/nix/store/0hjkz01g2znh8ii6m40iz7fwd0lzb2g6-gcc-9.3.0/include/c++/9.3.0/bits/unique_ptr.h:53:28: note: declared here
   53 |   template<typename> class auto_ptr;
      |                            ^~~~~~~~
In file included from src/boost/bind/mem_fn.hpp:25,
                 from src/boost/mem_fn.hpp:22,
                 from src/boost/function/detail/prologue.hpp:18,
                 from src/boost/function.hpp:24,
                 from src/boost/algorithm/string/detail/find_iterator.hpp:18,
                 from src/boost/algorithm/string/find_iterator.hpp:24,
                 from src/boost/algorithm/string/iter_find.hpp:27,
                 from src/boost/algorithm/string/split.hpp:16,
                 from src/boost/algorithm/string.hpp:23,
                 from src/boost/geometry/io/wkt/read.hpp:22,
                 from src/boost/geometry/multi/io/wkt/read.hpp:23,
                 from src/boost/geometry/multi/io/wkt/wkt.hpp:17,
                 from src/boost/geometry/multi/multi.hpp:75,
                 from src/boost/geometry/geometry.hpp:75,
                 from src/boost/geometry.hpp:17,
                 from src/myinit.h:11,
                 from buildtmp/Utils.c:183:
src/boost/get_pointer.hpp: At global scope:
src/boost/get_pointer.hpp:27:40: warning: 'template<class> class std::auto_ptr' is deprecated [-Wdeprecated-declarations]
   27 | template<class T> T * get_pointer(std::auto_ptr<T> const& p)
      |                                        ^~~~~~~~
In file included from /nix/store/0hjkz01g2znh8ii6m40iz7fwd0lzb2g6-gcc-9.3.0/include/c++/9.3.0/bits/locale_conv.h:41,
                 from /nix/store/0hjkz01g2znh8ii6m40iz7fwd0lzb2g6-gcc-9.3.0/include/c++/9.3.0/locale:43,
                 from /nix/store/0hjkz01g2znh8ii6m40iz7fwd0lzb2g6-gcc-9.3.0/include/c++/9.3.0/iomanip:43,
                 from src/boost/math/tools/precision.hpp:22,
                 from src/boost/math/constants/constants.hpp:12,
                 from src/boost/geometry/util/math.hpp:20,
                 from src/boost/geometry/core/radian_access.hpp:28,
                 from src/boost/geometry/geometry.hpp:28,
                 from src/boost/geometry.hpp:17,
                 from src/myinit.h:11,
                 from buildtmp/Utils.c:183:
/nix/store/0hjkz01g2znh8ii6m40iz7fwd0lzb2g6-gcc-9.3.0/include/c++/9.3.0/bits/unique_ptr.h:53:28: note: declared here
   53 |   template<typename> class auto_ptr;
      |                            ^~~~~~~~
ExtUtils::Mkbootstrap::Mkbootstrap('blib/arch/auto/Boost/Geometry/Utils/Utils.bs')
gcc -shared -O2 -L/nix/store/68pw3wxwkrx0rwzjifm7g1jxy5g2sg1p-glibc-2.31/lib -fstack-protector-strong -o blib/arch/auto/Boost/Geometry/Utils/Utils.so buildtmp/Utils.o -lstdc++
running tests
t/00-compile.t ............. ok
t/01_basic.t ............... ok
t/02_old_api.t ............. ok
t/03_polygon.t ............. ok
t/04_medial_axis_basic.t ... ok
t/05_medial_axis_visual.t .. skipped: author tests
t/release-pod-coverage.t ... skipped: these tests are for release candidate testing
t/release-pod-syntax.t ..... skipped: these tests are for release candidate testing
All tests successful.
Files=8, Tests=58,  1 wallclock secs ( 0.03 usr  0.01 sys +  0.53 cusr  0.27 csys =  0.84 CPU)
Result: PASS
installing
Building Boost-Geometry-Utils
Files found in blib/arch: installing files in blib/lib into architecture dependent library tree
Installing /nix/store/wr7rhh9zfbknsld2vx9y9cdv6lcy38b0-perl5.32.0-Boost-Geometry-Utils-0.15/lib/perl5/site_perl/5.32.0/x86_64-linux-thread-multi/auto/Boost/Geometry/Utils/Utils.bs
Installing /nix/store/wr7rhh9zfbknsld2vx9y9cdv6lcy38b0-perl5.32.0-Boost-Geometry-Utils-0.15/lib/perl5/site_perl/5.32.0/x86_64-linux-thread-multi/auto/Boost/Geometry/Utils/Utils.so
Installing /nix/store/wr7rhh9zfbknsld2vx9y9cdv6lcy38b0-perl5.32.0-Boost-Geometry-Utils-0.15/lib/perl5/site_perl/5.32.0/x86_64-linux-thread-multi/Boost/Geometry/Utils.pm
Installing /nix/store/wr7rhh9zfbknsld2vx9y9cdv6lcy38b0-perl5.32.0-Boost-Geometry-Utils-0.15/share/man/man3/Boost::Geometry::Utils.3
post-installation fixup
Moving /nix/store/wr7rhh9zfbknsld2vx9y9cdv6lcy38b0-perl5.32.0-Boost-Geometry-Utils-0.15/share/man/man3 to /nix/store/rbih804bwdmzmls8iilqvvdpxpl46y7b-perl5.32.0-Boost-Geometry-Utils-0.15-devdoc/share/man/man3
Removing empty /nix/store/wr7rhh9zfbknsld2vx9y9cdv6lcy38b0-perl5.32.0-Boost-Geometry-Utils-0.15/share/man/ and (possibly) its parents
shrinking RPATHs of ELF executables and libraries in /nix/store/wr7rhh9zfbknsld2vx9y9cdv6lcy38b0-perl5.32.0-Boost-Geometry-Utils-0.15
shrinking /nix/store/wr7rhh9zfbknsld2vx9y9cdv6lcy38b0-perl5.32.0-Boost-Geometry-Utils-0.15/lib/perl5/site_perl/5.32.0/x86_64-linux-thread-multi/auto/Boost/Geometry/Utils/Utils.so
strip is /nix/store/psyzbhp4p088sb9qcs378hfbslcalasl-binutils-2.31.1/bin/strip
stripping (with command strip and flags -S) in /nix/store/wr7rhh9zfbknsld2vx9y9cdv6lcy38b0-perl5.32.0-Boost-Geometry-Utils-0.15/lib
patching script interpreter paths in /nix/store/wr7rhh9zfbknsld2vx9y9cdv6lcy38b0-perl5.32.0-Boost-Geometry-Utils-0.15
checking for references to /build/ in /nix/store/wr7rhh9zfbknsld2vx9y9cdv6lcy38b0-perl5.32.0-Boost-Geometry-Utils-0.15...
shrinking RPATHs of ELF executables and libraries in /nix/store/rbih804bwdmzmls8iilqvvdpxpl46y7b-perl5.32.0-Boost-Geometry-Utils-0.15-devdoc
gzipping man pages under /nix/store/rbih804bwdmzmls8iilqvvdpxpl46y7b-perl5.32.0-Boost-Geometry-Utils-0.15-devdoc/share/man/
strip is /nix/store/psyzbhp4p088sb9qcs378hfbslcalasl-binutils-2.31.1/bin/strip
patching script interpreter paths in /nix/store/rbih804bwdmzmls8iilqvvdpxpl46y7b-perl5.32.0-Boost-Geometry-Utils-0.15-devdoc
checking for references to /build/ in /nix/store/rbih804bwdmzmls8iilqvvdpxpl46y7b-perl5.32.0-Boost-Geometry-Utils-0.15-devdoc...
/nix/store/wr7rhh9zfbknsld2vx9y9cdv6lcy38b0-perl5.32.0-Boost-Geometry-Utils-0.15
