these derivations will be built:
  /nix/store/kfb7pqpnwg5m54hh8rxza80fmff0xf5w-perl5.32.0-Business-ISBN-Data-20191107.drv
  /nix/store/kwnwpn31gphihd8i9hicc3p5fi6xshxb-perl5.32.0-Business-ISBN-3.005.drv
these paths will be fetched (0.37 MiB download, 0.37 MiB unpacked):
  /nix/store/kw7gl6b32m28s34wdynzf4dxfjfpgsjw-Business-ISBN-Data-20191107.tar.gz
  /nix/store/mcpsc7xhpsapvkwmrk5sx4z99vn915b0-Business-ISBN-3.005.tar.gz
copying path '/nix/store/mcpsc7xhpsapvkwmrk5sx4z99vn915b0-Business-ISBN-3.005.tar.gz' from 'https://cache.nixos.org'...
copying path '/nix/store/kw7gl6b32m28s34wdynzf4dxfjfpgsjw-Business-ISBN-Data-20191107.tar.gz' from 'https://cache.nixos.org'...
building '/nix/store/kfb7pqpnwg5m54hh8rxza80fmff0xf5w-perl5.32.0-Business-ISBN-Data-20191107.drv'...
unpacking sources
unpacking source archive /nix/store/kw7gl6b32m28s34wdynzf4dxfjfpgsjw-Business-ISBN-Data-20191107.tar.gz
source root is Business-ISBN-Data-20191107
setting SOURCE_DATE_EPOCH to timestamp 1576094731 of file Business-ISBN-Data-20191107/META.yml
patching sources
configuring
patching ./make_data.pl...
patching ./t/check_data_structure.t...
Checking if your kit is complete...
Looks good
WARNING: Older versions of ExtUtils::MakeMaker may errantly install README.pod as part of this distribution. It is recommended to avoid using this path in CPAN modules.
Generating a Unix-style Makefile
Writing Makefile for Business::ISBN::Data
Writing MYMETA.yml and MYMETA.json
no configure script, doing nothing
building
build flags: SHELL=/nix/store/9fqwwd4iybmhjqyxiaxycknslw6bgwh1-bash-4.4-p23/bin/bash
cp lib/Business/ISBN/RangeMessage.url blib/lib/Business/ISBN/RangeMessage.url
cp lib/Business/ISBN/Data.pm blib/lib/Business/ISBN/Data.pm
cp make_data.pl blib/lib/Business/ISBN/make_data.pl
cp lib/Business/ISBN/RangeMessage.xml blib/lib/Business/ISBN/RangeMessage.xml
Manifying 1 pod document
running tests
check flags: SHELL=/nix/store/9fqwwd4iybmhjqyxiaxycknslw6bgwh1-bash-4.4-p23/bin/bash VERBOSE=y test
PERL_DL_NONLAZY=1 "/nix/store/7c044di03qa7qgr5kjjc2d787aspzp0m-perl-5.32.0/bin/perl" "-MExtUtils::Command::MM" "-MTest::Harness" "-e" "undef *Test::Harness::Switches; test_harness(0, 'blib/lib', 'blib/arch')" t/*.t
t/check_data_structure.t .. ok
t/load.t .................. ok
t/pod.t ................... skipped: Test::Pod 1.00 required for testing POD
t/pod_coverage.t .......... skipped: Test::Pod::Coverage required for testing POD
All tests successful.
Files=4, Tests=5,  0 wallclock secs ( 0.07 usr  0.01 sys +  0.34 cusr  0.03 csys =  0.45 CPU)
Result: PASS
installing
install flags: SHELL=/nix/store/9fqwwd4iybmhjqyxiaxycknslw6bgwh1-bash-4.4-p23/bin/bash pkgconfigdir=/nix/store/c1ih39wn90zkyf92h6fbqqqi9x2r6ifm-perl5.32.0-Business-ISBN-Data-20191107/lib/pkgconfig m4datadir=/nix/store/c1ih39wn90zkyf92h6fbqqqi9x2r6ifm-perl5.32.0-Business-ISBN-Data-20191107/share/aclocal aclocaldir=/nix/store/c1ih39wn90zkyf92h6fbqqqi9x2r6ifm-perl5.32.0-Business-ISBN-Data-20191107/share/aclocal install
Manifying 1 pod document
Installing /nix/store/c1ih39wn90zkyf92h6fbqqqi9x2r6ifm-perl5.32.0-Business-ISBN-Data-20191107/lib/perl5/site_perl/5.32.0/Business/ISBN/make_data.pl
Installing /nix/store/c1ih39wn90zkyf92h6fbqqqi9x2r6ifm-perl5.32.0-Business-ISBN-Data-20191107/lib/perl5/site_perl/5.32.0/Business/ISBN/RangeMessage.xml
Installing /nix/store/c1ih39wn90zkyf92h6fbqqqi9x2r6ifm-perl5.32.0-Business-ISBN-Data-20191107/lib/perl5/site_perl/5.32.0/Business/ISBN/RangeMessage.url
Installing /nix/store/c1ih39wn90zkyf92h6fbqqqi9x2r6ifm-perl5.32.0-Business-ISBN-Data-20191107/lib/perl5/site_perl/5.32.0/Business/ISBN/Data.pm
Installing /nix/store/c1ih39wn90zkyf92h6fbqqqi9x2r6ifm-perl5.32.0-Business-ISBN-Data-20191107/share/man/man3/Business::ISBN::Data.3
Appending installation info to /nix/store/c1ih39wn90zkyf92h6fbqqqi9x2r6ifm-perl5.32.0-Business-ISBN-Data-20191107/lib/perl5/5.32.0/x86_64-linux-thread-multi/perllocal.pod
post-installation fixup
Moving /nix/store/c1ih39wn90zkyf92h6fbqqqi9x2r6ifm-perl5.32.0-Business-ISBN-Data-20191107/share/man/man3 to /nix/store/yqmg4qna778c0nrgwanyl1zrq2526cj6-perl5.32.0-Business-ISBN-Data-20191107-devdoc/share/man/man3
Removing empty /nix/store/c1ih39wn90zkyf92h6fbqqqi9x2r6ifm-perl5.32.0-Business-ISBN-Data-20191107/share/man/ and (possibly) its parents
shrinking RPATHs of ELF executables and libraries in /nix/store/c1ih39wn90zkyf92h6fbqqqi9x2r6ifm-perl5.32.0-Business-ISBN-Data-20191107
strip is /nix/store/psyzbhp4p088sb9qcs378hfbslcalasl-binutils-2.31.1/bin/strip
stripping (with command strip and flags -S) in /nix/store/c1ih39wn90zkyf92h6fbqqqi9x2r6ifm-perl5.32.0-Business-ISBN-Data-20191107/lib
patching script interpreter paths in /nix/store/c1ih39wn90zkyf92h6fbqqqi9x2r6ifm-perl5.32.0-Business-ISBN-Data-20191107
checking for references to /build/ in /nix/store/c1ih39wn90zkyf92h6fbqqqi9x2r6ifm-perl5.32.0-Business-ISBN-Data-20191107...
shrinking RPATHs of ELF executables and libraries in /nix/store/yqmg4qna778c0nrgwanyl1zrq2526cj6-perl5.32.0-Business-ISBN-Data-20191107-devdoc
gzipping man pages under /nix/store/yqmg4qna778c0nrgwanyl1zrq2526cj6-perl5.32.0-Business-ISBN-Data-20191107-devdoc/share/man/
strip is /nix/store/psyzbhp4p088sb9qcs378hfbslcalasl-binutils-2.31.1/bin/strip
patching script interpreter paths in /nix/store/yqmg4qna778c0nrgwanyl1zrq2526cj6-perl5.32.0-Business-ISBN-Data-20191107-devdoc
checking for references to /build/ in /nix/store/yqmg4qna778c0nrgwanyl1zrq2526cj6-perl5.32.0-Business-ISBN-Data-20191107-devdoc...
building '/nix/store/kwnwpn31gphihd8i9hicc3p5fi6xshxb-perl5.32.0-Business-ISBN-3.005.drv'...
unpacking sources
unpacking source archive /nix/store/mcpsc7xhpsapvkwmrk5sx4z99vn915b0-Business-ISBN-3.005.tar.gz
source root is Business-ISBN-3.005
setting SOURCE_DATE_EPOCH to timestamp 1576096058 of file Business-ISBN-3.005/MANIFEST
patching sources
configuring
patching ./scripts/get_isbn_data.pl...
patching ./examples/private_group_code.pl...
patching ./t/rt/27107.t...
patching ./t/rt/28843.t...
patching ./t/valid_isbn_checksum.t...
patching ./t/png_barcode.t...
patching ./t/interface.t...
Checking if your kit is complete...
Looks good
WARNING: Older versions of ExtUtils::MakeMaker may errantly install README.pod as part of this distribution. It is recommended to avoid using this path in CPAN modules.
Generating a Unix-style Makefile
Writing Makefile for Business::ISBN
Writing MYMETA.yml and MYMETA.json
no configure script, doing nothing
building
build flags: SHELL=/nix/store/9fqwwd4iybmhjqyxiaxycknslw6bgwh1-bash-4.4-p23/bin/bash
cp lib/Business/ISBN13.pm blib/lib/Business/ISBN13.pm
cp lib/Business/ISBN10.pm blib/lib/Business/ISBN10.pm
cp lib/Business/ISBN.pm blib/lib/Business/ISBN.pm
Manifying 3 pod documents
running tests
check flags: SHELL=/nix/store/9fqwwd4iybmhjqyxiaxycknslw6bgwh1-bash-4.4-p23/bin/bash VERBOSE=y test
PERL_DL_NONLAZY=1 "/nix/store/7c044di03qa7qgr5kjjc2d787aspzp0m-perl-5.32.0/bin/perl" "-MExtUtils::Command::MM" "-MTest::Harness" "-e" "undef *Test::Harness::Switches; test_harness(0, 'blib/lib', 'blib/arch')" t/*.t
t/albania.t .............. ok
t/constants.t ............ ok
t/errors.t ............... ok
t/interface.t ............ ok
t/isbn10.t ............... 1/? #
# Checking ISBNs... (this may take a bit)
t/isbn10.t ............... 38/? #
# Checking bad ISBNs... (this should be fast)
t/isbn10.t ............... ok
t/isbn13.t ............... 1/? #
# Checking ISBN13s... (this may take a bit)
#
# Checking bad ISBN13s... (this should be fast)
t/isbn13.t ............... ok
t/load.t ................. ok
t/png_barcode.t .......... skipped: You need GD::Barcode::EAN13 to make barcodes
t/pod.t .................. skipped: Test::Pod 1.00 required for testing POD
t/pod_coverage.t ......... ok
t/step.t ................. ok
t/valid_isbn_checksum.t .. ok
All tests successful.
Files=12, Tests=128,  6 wallclock secs ( 0.05 usr  0.01 sys +  5.46 cusr  0.16 csys =  5.68 CPU)
Result: PASS
installing
install flags: SHELL=/nix/store/9fqwwd4iybmhjqyxiaxycknslw6bgwh1-bash-4.4-p23/bin/bash pkgconfigdir=/nix/store/h7lchxwwmm22b02s31qpkx775sfl0rjd-perl5.32.0-Business-ISBN-3.005/lib/pkgconfig m4datadir=/nix/store/h7lchxwwmm22b02s31qpkx775sfl0rjd-perl5.32.0-Business-ISBN-3.005/share/aclocal aclocaldir=/nix/store/h7lchxwwmm22b02s31qpkx775sfl0rjd-perl5.32.0-Business-ISBN-3.005/share/aclocal install
Manifying 3 pod documents
Installing /nix/store/h7lchxwwmm22b02s31qpkx775sfl0rjd-perl5.32.0-Business-ISBN-3.005/lib/perl5/site_perl/5.32.0/Business/ISBN.pm
Installing /nix/store/h7lchxwwmm22b02s31qpkx775sfl0rjd-perl5.32.0-Business-ISBN-3.005/lib/perl5/site_perl/5.32.0/Business/ISBN13.pm
Installing /nix/store/h7lchxwwmm22b02s31qpkx775sfl0rjd-perl5.32.0-Business-ISBN-3.005/lib/perl5/site_perl/5.32.0/Business/ISBN10.pm
Installing /nix/store/h7lchxwwmm22b02s31qpkx775sfl0rjd-perl5.32.0-Business-ISBN-3.005/share/man/man3/Business::ISBN13.3
Installing /nix/store/h7lchxwwmm22b02s31qpkx775sfl0rjd-perl5.32.0-Business-ISBN-3.005/share/man/man3/Business::ISBN10.3
Installing /nix/store/h7lchxwwmm22b02s31qpkx775sfl0rjd-perl5.32.0-Business-ISBN-3.005/share/man/man3/Business::ISBN.3
Appending installation info to /nix/store/h7lchxwwmm22b02s31qpkx775sfl0rjd-perl5.32.0-Business-ISBN-3.005/lib/perl5/5.32.0/x86_64-linux-thread-multi/perllocal.pod
post-installation fixup
Moving /nix/store/h7lchxwwmm22b02s31qpkx775sfl0rjd-perl5.32.0-Business-ISBN-3.005/share/man/man3 to /nix/store/b1c2rrh7pxydy6z5ln59snnrkyzyxm24-perl5.32.0-Business-ISBN-3.005-devdoc/share/man/man3
Removing empty /nix/store/h7lchxwwmm22b02s31qpkx775sfl0rjd-perl5.32.0-Business-ISBN-3.005/share/man/ and (possibly) its parents
shrinking RPATHs of ELF executables and libraries in /nix/store/h7lchxwwmm22b02s31qpkx775sfl0rjd-perl5.32.0-Business-ISBN-3.005
strip is /nix/store/psyzbhp4p088sb9qcs378hfbslcalasl-binutils-2.31.1/bin/strip
stripping (with command strip and flags -S) in /nix/store/h7lchxwwmm22b02s31qpkx775sfl0rjd-perl5.32.0-Business-ISBN-3.005/lib
patching script interpreter paths in /nix/store/h7lchxwwmm22b02s31qpkx775sfl0rjd-perl5.32.0-Business-ISBN-3.005
checking for references to /build/ in /nix/store/h7lchxwwmm22b02s31qpkx775sfl0rjd-perl5.32.0-Business-ISBN-3.005...
shrinking RPATHs of ELF executables and libraries in /nix/store/b1c2rrh7pxydy6z5ln59snnrkyzyxm24-perl5.32.0-Business-ISBN-3.005-devdoc
gzipping man pages under /nix/store/b1c2rrh7pxydy6z5ln59snnrkyzyxm24-perl5.32.0-Business-ISBN-3.005-devdoc/share/man/
strip is /nix/store/psyzbhp4p088sb9qcs378hfbslcalasl-binutils-2.31.1/bin/strip
patching script interpreter paths in /nix/store/b1c2rrh7pxydy6z5ln59snnrkyzyxm24-perl5.32.0-Business-ISBN-3.005-devdoc
checking for references to /build/ in /nix/store/b1c2rrh7pxydy6z5ln59snnrkyzyxm24-perl5.32.0-Business-ISBN-3.005-devdoc...
/nix/store/h7lchxwwmm22b02s31qpkx775sfl0rjd-perl5.32.0-Business-ISBN-3.005
