these derivations will be built:
  /nix/store/wkvbwha1y1m0l3yjw4qa46rvxpz28zmi-perl5.32.0-Task-Weaken-1.06.drv
  /nix/store/iba6j0w6r5sk2fgk6a3ql5483j8l2qs6-perl5.32.0-B-Utils-0.27.drv
these paths will be fetched (0.07 MiB download, 0.07 MiB unpacked):
  /nix/store/vp82x3l3ll89ipdsy86kxc922z3qifn9-B-Utils-0.27.tar.gz
copying path '/nix/store/vp82x3l3ll89ipdsy86kxc922z3qifn9-B-Utils-0.27.tar.gz' from 'https://cache.nixos.org'...
building '/nix/store/wkvbwha1y1m0l3yjw4qa46rvxpz28zmi-perl5.32.0-Task-Weaken-1.06.drv'...
unpacking sources
unpacking source archive /nix/store/g18i006sdqb2in67bibrs3qc5p446z4p-Task-Weaken-1.06.tar.gz
source root is Task-Weaken-1.06
setting SOURCE_DATE_EPOCH to timestamp 1524151647 of file Task-Weaken-1.06/xt/release/distmeta.t
patching sources
configuring
patching ./xt/release/distmeta.t...
patching ./xt/author/pod-coverage.t...
patching ./xt/author/mojibake.t...
patching ./xt/author/pod-syntax.t...
patching ./xt/author/pod-no404s.t...
patching ./xt/author/minimum-version.t...
patching ./t/00-report-prereqs.t...
patching ./t/01_compile.t...
patching ./t/02_weaken.t...
Checking if your kit is complete...
Looks good
Generating a Unix-style Makefile
Writing Makefile for Task::Weaken
Writing MYMETA.yml and MYMETA.json
no configure script, doing nothing
building
build flags: SHELL=/nix/store/9fqwwd4iybmhjqyxiaxycknslw6bgwh1-bash-4.4-p23/bin/bash
cp lib/Task/Weaken.pm blib/lib/Task/Weaken.pm
Manifying 1 pod document
running tests
check flags: SHELL=/nix/store/9fqwwd4iybmhjqyxiaxycknslw6bgwh1-bash-4.4-p23/bin/bash VERBOSE=y test
PERL_DL_NONLAZY=1 "/nix/store/7c044di03qa7qgr5kjjc2d787aspzp0m-perl-5.32.0/bin/perl" "-MExtUtils::Command::MM" "-MTest::Harness" "-e" "undef *Test::Harness::Switches; test_harness(0, 'blib/lib', 'blib/arch')" t/*.t
t/00-report-prereqs.t .. #
# Versions for all modules listed in MYMETA.json (including optional ones):
#
# === Configure Requires ===
#
#     Module              Want     Have
#     ------------------- ---- --------
#     Config               any 5.032000
#     ExtUtils::MakeMaker  any     7.44
#     File::Spec           any     3.78
#
# === Build Requires ===
#
#     Module              Want Have
#     ------------------- ---- ----
#     ExtUtils::MakeMaker  any 7.44
#
# === Test Requires ===
#
#     Module                Want     Have
#     --------------------- ---- --------
#     ExtUtils::MakeMaker    any     7.44
#     File::Spec             any     3.78
#     File::Spec::Functions  any     3.78
#     Scalar::Util           any     1.55
#     Test::More             any 1.302175
#     warnings               any     1.47
#
# === Test Recommends ===
#
#     Module         Want     Have
#     ---------- -------- --------
#     CPAN::Meta 2.120900 2.150010
#
# === Runtime Requires ===
#
#     Module       Want Have
#     ------------ ---- ----
#     Scalar::Util 1.14 1.55
#     strict        any 1.11
#
# === Other Modules ===
#
#     Module           Have
#     ------------- -------
#     Encode           3.06
#     JSON::PP         4.04
#     Pod::Coverage missing
#     Sub::Name     missing
#     YAML          missing
#     autodie          2.32
#
t/00-report-prereqs.t .. ok
t/01_compile.t ......... ok
t/02_weaken.t .......... ok
All tests successful.
Files=3, Tests=22,  1 wallclock secs ( 0.02 usr  0.01 sys +  0.28 cusr  0.03 csys =  0.34 CPU)
Result: PASS
installing
install flags: SHELL=/nix/store/9fqwwd4iybmhjqyxiaxycknslw6bgwh1-bash-4.4-p23/bin/bash pkgconfigdir=/nix/store/fpj4524mrp769zhrbrrjdvfq77d0vksf-perl5.32.0-Task-Weaken-1.06/lib/pkgconfig m4datadir=/nix/store/fpj4524mrp769zhrbrrjdvfq77d0vksf-perl5.32.0-Task-Weaken-1.06/share/aclocal aclocaldir=/nix/store/fpj4524mrp769zhrbrrjdvfq77d0vksf-perl5.32.0-Task-Weaken-1.06/share/aclocal install
Manifying 1 pod document
Installing /nix/store/fpj4524mrp769zhrbrrjdvfq77d0vksf-perl5.32.0-Task-Weaken-1.06/lib/perl5/site_perl/5.32.0/Task/Weaken.pm
Installing /nix/store/fpj4524mrp769zhrbrrjdvfq77d0vksf-perl5.32.0-Task-Weaken-1.06/share/man/man3/Task::Weaken.3
Appending installation info to /nix/store/fpj4524mrp769zhrbrrjdvfq77d0vksf-perl5.32.0-Task-Weaken-1.06/lib/perl5/5.32.0/x86_64-linux-thread-multi/perllocal.pod
post-installation fixup
Moving /nix/store/fpj4524mrp769zhrbrrjdvfq77d0vksf-perl5.32.0-Task-Weaken-1.06/share/man/man3 to /nix/store/96r7l8sq8wqxq7dx1dc5gq0xv2anzh88-perl5.32.0-Task-Weaken-1.06-devdoc/share/man/man3
Removing empty /nix/store/fpj4524mrp769zhrbrrjdvfq77d0vksf-perl5.32.0-Task-Weaken-1.06/share/man/ and (possibly) its parents
shrinking RPATHs of ELF executables and libraries in /nix/store/fpj4524mrp769zhrbrrjdvfq77d0vksf-perl5.32.0-Task-Weaken-1.06
strip is /nix/store/psyzbhp4p088sb9qcs378hfbslcalasl-binutils-2.31.1/bin/strip
stripping (with command strip and flags -S) in /nix/store/fpj4524mrp769zhrbrrjdvfq77d0vksf-perl5.32.0-Task-Weaken-1.06/lib
patching script interpreter paths in /nix/store/fpj4524mrp769zhrbrrjdvfq77d0vksf-perl5.32.0-Task-Weaken-1.06
checking for references to /build/ in /nix/store/fpj4524mrp769zhrbrrjdvfq77d0vksf-perl5.32.0-Task-Weaken-1.06...
shrinking RPATHs of ELF executables and libraries in /nix/store/96r7l8sq8wqxq7dx1dc5gq0xv2anzh88-perl5.32.0-Task-Weaken-1.06-devdoc
gzipping man pages under /nix/store/96r7l8sq8wqxq7dx1dc5gq0xv2anzh88-perl5.32.0-Task-Weaken-1.06-devdoc/share/man/
strip is /nix/store/psyzbhp4p088sb9qcs378hfbslcalasl-binutils-2.31.1/bin/strip
patching script interpreter paths in /nix/store/96r7l8sq8wqxq7dx1dc5gq0xv2anzh88-perl5.32.0-Task-Weaken-1.06-devdoc
checking for references to /build/ in /nix/store/96r7l8sq8wqxq7dx1dc5gq0xv2anzh88-perl5.32.0-Task-Weaken-1.06-devdoc...
building '/nix/store/iba6j0w6r5sk2fgk6a3ql5483j8l2qs6-perl5.32.0-B-Utils-0.27.drv'...
unpacking sources
unpacking source archive /nix/store/vp82x3l3ll89ipdsy86kxc922z3qifn9-B-Utils-0.27.tar.gz
source root is B-Utils-0.27
setting SOURCE_DATE_EPOCH to timestamp 1437593602 of file B-Utils-0.27/xt/release/pod-syntax.t
patching sources
configuring
patching ./xt/release/pod-syntax.t...
patching ./xt/release/changes_has_content.t...
patching ./xt/ppport.t...
patching ./t/utils/22anon_subs.t...
patching ./t/utils/40walk.t...
patching ./t/utils/20all_starts.t...
patching ./t/utils/21all_roots.t...
patching ./t/10use.t...
patching ./Makefile.PL...
Checking if your kit is complete...
Looks good
Generating a Unix-style Makefile
Writing Makefile for B::Utils
Writing MYMETA.yml and MYMETA.json
no configure script, doing nothing
building
build flags: SHELL=/nix/store/9fqwwd4iybmhjqyxiaxycknslw6bgwh1-bash-4.4-p23/bin/bash
cp lib/B/Utils/OP.pm blib/lib/B/Utils/OP.pm
cp BUtils.h blib/arch/B/Utils/Install/BUtils.h
cp build/IFiles.pm blib/arch/B/Utils/Install/Files.pm
cp lib/B/Utils.pm blib/lib/B/Utils.pm
cp typemap blib/arch/B/Utils/Install/typemap
Running Mkbootstrap for Utils ()
chmod 644 "Utils.bs"
"/nix/store/7c044di03qa7qgr5kjjc2d787aspzp0m-perl-5.32.0/bin/perl" -MExtUtils::Command::MM -e 'cp_nonempty' -- Utils.bs blib/arch/auto/B/Utils/Utils.bs 644
"/nix/store/7c044di03qa7qgr5kjjc2d787aspzp0m-perl-5.32.0/bin/perl" "/nix/store/7c044di03qa7qgr5kjjc2d787aspzp0m-perl-5.32.0/lib/perl5/5.32.0/ExtUtils/xsubpp"  -typemap '/nix/store/7c044di03qa7qgr5kjjc2d787aspzp0m-perl-5.32.0/lib/perl5/5.32.0/ExtUtils/typemap' -typemap '/build/B-Utils-0.27/typemap' -typemap '/build/B-Utils-0.27/typemap'  Utils.xs > Utils.xsc
mv Utils.xsc Utils.c
cc -c   -D_REENTRANT -D_GNU_SOURCE -fwrapv -fno-strict-aliasing -pipe -fstack-protector-strong -I/no-such-path/include -D_LARGEFILE_SOURCE -D_FILE_OFFSET_BITS=64 -O2   -DVERSION=\"0.27\" -DXS_VERSION=\"0.27\" -fPIC "-I/nix/store/7c044di03qa7qgr5kjjc2d787aspzp0m-perl-5.32.0/lib/perl5/5.32.0/x86_64-linux-thread-multi/CORE"   Utils.c
"/nix/store/7c044di03qa7qgr5kjjc2d787aspzp0m-perl-5.32.0/bin/perl" "/nix/store/7c044di03qa7qgr5kjjc2d787aspzp0m-perl-5.32.0/lib/perl5/5.32.0/ExtUtils/xsubpp"  -typemap '/nix/store/7c044di03qa7qgr5kjjc2d787aspzp0m-perl-5.32.0/lib/perl5/5.32.0/ExtUtils/typemap' -typemap '/build/B-Utils-0.27/typemap' -typemap '/build/B-Utils-0.27/typemap'  OP.xs > OP.xsc
mv OP.xsc OP.c
cc -c   -D_REENTRANT -D_GNU_SOURCE -fwrapv -fno-strict-aliasing -pipe -fstack-protector-strong -I/no-such-path/include -D_LARGEFILE_SOURCE -D_FILE_OFFSET_BITS=64 -O2   -DVERSION=\"0.27\" -DXS_VERSION=\"0.27\" -fPIC "-I/nix/store/7c044di03qa7qgr5kjjc2d787aspzp0m-perl-5.32.0/lib/perl5/5.32.0/x86_64-linux-thread-multi/CORE"   OP.c
rm -f blib/arch/auto/B/Utils/Utils.so
cc  -shared -O2 -L/nix/store/68pw3wxwkrx0rwzjifm7g1jxy5g2sg1p-glibc-2.31/lib -fstack-protector-strong  Utils.o OP.o  -o blib/arch/auto/B/Utils/Utils.so  \
      \

chmod 755 blib/arch/auto/B/Utils/Utils.so
Manifying 2 pod documents
running tests
check flags: SHELL=/nix/store/9fqwwd4iybmhjqyxiaxycknslw6bgwh1-bash-4.4-p23/bin/bash VERBOSE=y test
"/nix/store/7c044di03qa7qgr5kjjc2d787aspzp0m-perl-5.32.0/bin/perl" -MExtUtils::Command::MM -e 'cp_nonempty' -- Utils.bs blib/arch/auto/B/Utils/Utils.bs 644
PERL_DL_NONLAZY=1 "/nix/store/7c044di03qa7qgr5kjjc2d787aspzp0m-perl-5.32.0/bin/perl" "-MExtUtils::Command::MM" "-MTest::Harness" "-e" "undef *Test::Harness::Switches; test_harness(0, 'blib/lib', 'blib/arch')" t/*.t t/*/*.t
t/10use.t ........................... ok
t/11export.t ........................ ok
t/regression_walkallops_filtered.t .. ok
t/utils/20all_starts.t .............. ok
t/utils/21all_roots.t ............... ok
t/utils/22anon_subs.t ............... ok
t/utils/30parent.t .................. ok
t/utils/31oldname.t ................. skipped: No tests written yet.
t/utils/32kids.t .................... skipped: No tests written yet.
t/utils/33ancestors.t ............... skipped: No tests written yet.
t/utils/34descendants.t ............. skipped: No tests written yet.
t/utils/35siblings.t ................ skipped: No tests written yet.
t/utils/36previous.t ................ skipped: No tests written yet.
t/utils/37stringify.t ............... skipped: No tests written yet.
t/utils/40walk.t .................... ok
t/utils/41walkfilt.t ................ skipped: No tests written yet.
t/utils/42all.t ..................... skipped: No tests written yet.
t/utils/43allfilt.t ................. skipped: No tests written yet.
t/utils/44optrep.t .................. skipped: No tests written yet.
t/utils/50carp.t .................... skipped: No tests written yet.
t/utils/51croak.t ................... skipped: No tests written yet.
All tests successful.
Files=21, Tests=210,  2 wallclock secs ( 0.07 usr  0.02 sys +  2.01 cusr  0.28 csys =  2.38 CPU)
Result: PASS
installing
install flags: SHELL=/nix/store/9fqwwd4iybmhjqyxiaxycknslw6bgwh1-bash-4.4-p23/bin/bash pkgconfigdir=/nix/store/065w05q2hip35y8kfjbrl8yf8j9731za-perl5.32.0-B-Utils-0.27/lib/pkgconfig m4datadir=/nix/store/065w05q2hip35y8kfjbrl8yf8j9731za-perl5.32.0-B-Utils-0.27/share/aclocal aclocaldir=/nix/store/065w05q2hip35y8kfjbrl8yf8j9731za-perl5.32.0-B-Utils-0.27/share/aclocal install
"/nix/store/7c044di03qa7qgr5kjjc2d787aspzp0m-perl-5.32.0/bin/perl" -MExtUtils::Command::MM -e 'cp_nonempty' -- Utils.bs blib/arch/auto/B/Utils/Utils.bs 644
Manifying 2 pod documents
Files found in blib/arch: installing files in blib/lib into architecture dependent library tree
Installing /nix/store/065w05q2hip35y8kfjbrl8yf8j9731za-perl5.32.0-B-Utils-0.27/lib/perl5/site_perl/5.32.0/x86_64-linux-thread-multi/auto/B/Utils/Utils.so
Installing /nix/store/065w05q2hip35y8kfjbrl8yf8j9731za-perl5.32.0-B-Utils-0.27/lib/perl5/site_perl/5.32.0/x86_64-linux-thread-multi/B/Utils/Install/BUtils.h
Installing /nix/store/065w05q2hip35y8kfjbrl8yf8j9731za-perl5.32.0-B-Utils-0.27/lib/perl5/site_perl/5.32.0/x86_64-linux-thread-multi/B/Utils/Install/typemap
Installing /nix/store/065w05q2hip35y8kfjbrl8yf8j9731za-perl5.32.0-B-Utils-0.27/lib/perl5/site_perl/5.32.0/x86_64-linux-thread-multi/B/Utils/Install/Files.pm
Installing /nix/store/065w05q2hip35y8kfjbrl8yf8j9731za-perl5.32.0-B-Utils-0.27/lib/perl5/site_perl/5.32.0/x86_64-linux-thread-multi/B/Utils.pm
Installing /nix/store/065w05q2hip35y8kfjbrl8yf8j9731za-perl5.32.0-B-Utils-0.27/lib/perl5/site_perl/5.32.0/x86_64-linux-thread-multi/B/Utils/OP.pm
Installing /nix/store/065w05q2hip35y8kfjbrl8yf8j9731za-perl5.32.0-B-Utils-0.27/share/man/man3/B::Utils.3
Installing /nix/store/065w05q2hip35y8kfjbrl8yf8j9731za-perl5.32.0-B-Utils-0.27/share/man/man3/B::Utils::OP.3
Appending installation info to /nix/store/065w05q2hip35y8kfjbrl8yf8j9731za-perl5.32.0-B-Utils-0.27/lib/perl5/5.32.0/x86_64-linux-thread-multi/perllocal.pod
post-installation fixup
Moving /nix/store/065w05q2hip35y8kfjbrl8yf8j9731za-perl5.32.0-B-Utils-0.27/share/man/man3 to /nix/store/iib3qpl3i2c9xp0468rclhc0apvy3c2j-perl5.32.0-B-Utils-0.27-devdoc/share/man/man3
Removing empty /nix/store/065w05q2hip35y8kfjbrl8yf8j9731za-perl5.32.0-B-Utils-0.27/share/man/ and (possibly) its parents
shrinking RPATHs of ELF executables and libraries in /nix/store/065w05q2hip35y8kfjbrl8yf8j9731za-perl5.32.0-B-Utils-0.27
shrinking /nix/store/065w05q2hip35y8kfjbrl8yf8j9731za-perl5.32.0-B-Utils-0.27/lib/perl5/site_perl/5.32.0/x86_64-linux-thread-multi/auto/B/Utils/Utils.so
strip is /nix/store/psyzbhp4p088sb9qcs378hfbslcalasl-binutils-2.31.1/bin/strip
stripping (with command strip and flags -S) in /nix/store/065w05q2hip35y8kfjbrl8yf8j9731za-perl5.32.0-B-Utils-0.27/lib
patching script interpreter paths in /nix/store/065w05q2hip35y8kfjbrl8yf8j9731za-perl5.32.0-B-Utils-0.27
checking for references to /build/ in /nix/store/065w05q2hip35y8kfjbrl8yf8j9731za-perl5.32.0-B-Utils-0.27...
shrinking RPATHs of ELF executables and libraries in /nix/store/iib3qpl3i2c9xp0468rclhc0apvy3c2j-perl5.32.0-B-Utils-0.27-devdoc
gzipping man pages under /nix/store/iib3qpl3i2c9xp0468rclhc0apvy3c2j-perl5.32.0-B-Utils-0.27-devdoc/share/man/
strip is /nix/store/psyzbhp4p088sb9qcs378hfbslcalasl-binutils-2.31.1/bin/strip
patching script interpreter paths in /nix/store/iib3qpl3i2c9xp0468rclhc0apvy3c2j-perl5.32.0-B-Utils-0.27-devdoc
checking for references to /build/ in /nix/store/iib3qpl3i2c9xp0468rclhc0apvy3c2j-perl5.32.0-B-Utils-0.27-devdoc...
/nix/store/065w05q2hip35y8kfjbrl8yf8j9731za-perl5.32.0-B-Utils-0.27
