these derivations will be built:
  /nix/store/fbzyivjl639s5pd7x83zp3w3k7w3xdak-perl5.32.0-Carp-Assert-More-1.20.drv
these paths will be fetched (0.01 MiB download, 0.01 MiB unpacked):
  /nix/store/rqa5vby5lkc2gz03z676gd7ss734np5y-Carp-Assert-More-1.20.tar.gz
copying path '/nix/store/rqa5vby5lkc2gz03z676gd7ss734np5y-Carp-Assert-More-1.20.tar.gz' from 'https://cache.nixos.org'...
building '/nix/store/fbzyivjl639s5pd7x83zp3w3k7w3xdak-perl5.32.0-Carp-Assert-More-1.20.drv'...
unpacking sources
unpacking source archive /nix/store/rqa5vby5lkc2gz03z676gd7ss734np5y-Carp-Assert-More-1.20.tar.gz
source root is Carp-Assert-More-1.20
setting SOURCE_DATE_EPOCH to timestamp 1565363642 of file Carp-Assert-More-1.20/META.yml
patching sources
configuring
patching ./t/pod-coverage.t...
patching ./t/assert_negative_integer.t...
patching ./t/assert_datetime.t...
patching ./t/assert_like.t...
patching ./t/assert_is.t...
patching ./t/assert_unlike.t...
patching ./t/assert_isa.t...
patching ./t/assert_nonzero.t...
patching ./t/assert_fail.t...
patching ./t/assert_numeric.t...
patching ./t/assert_hashref.t...
patching ./t/assert_coderef.t...
patching ./t/pod.t...
patching ./t/assert_nonnegative_integer.t...
patching ./t/assert_nonref.t...
patching ./t/assert_nonnegative.t...
patching ./t/assert_all_keys_in.t...
patching ./t/assert_positive_integer.t...
patching ./t/assert_positive.t...
patching ./t/assert_integer.t...
patching ./t/test-coverage.t...
patching ./t/assert_empty.t...
patching ./t/assert_defined.t...
patching ./t/assert_nonblank.t...
patching ./t/assert_isnt.t...
patching ./t/assert_nonempty.t...
patching ./t/assert_lacks.t...
patching ./t/assert_undefined.t...
patching ./t/assert_aoh.t...
patching ./t/00-load.t...
patching ./t/assert_listref.t...
patching ./t/assert_isa_in.t...
patching ./t/assert_in.t...
patching ./t/assert_exists.t...
patching ./t/assert_nonzero_integer.t...
patching ./t/assert_negative.t...
patching ./t/assert_arrayref.t...
Checking if your kit is complete...
Looks good
Generating a Unix-style Makefile
Writing Makefile for Carp::Assert::More
Writing MYMETA.yml and MYMETA.json
no configure script, doing nothing
building
build flags: SHELL=/nix/store/9fqwwd4iybmhjqyxiaxycknslw6bgwh1-bash-4.4-p23/bin/bash
cp More.pm blib/lib/Carp/Assert/More.pm
Manifying 1 pod document
running tests
check flags: SHELL=/nix/store/9fqwwd4iybmhjqyxiaxycknslw6bgwh1-bash-4.4-p23/bin/bash VERBOSE=y test
PERL_DL_NONLAZY=1 "/nix/store/7c044di03qa7qgr5kjjc2d787aspzp0m-perl-5.32.0/bin/perl" "-MExtUtils::Command::MM" "-MTest::Harness" "-e" "undef *Test::Harness::Switches; test_harness(0, 'blib/lib', 'blib/arch')" t/*.t
t/00-load.t ..................... # Testing Carp::Assert::More 1.20, Test::More 1.302175, Perl 5.032000, /nix/store/7c044di03qa7qgr5kjjc2d787aspzp0m-perl-5.32.0/bin/perl
t/00-load.t ..................... ok
t/assert_all_keys_in.t .......... ok
t/assert_aoh.t .................. ok
t/assert_arrayref.t ............. ok
t/assert_coderef.t .............. ok
t/assert_datetime.t ............. skipped: DateTime must be installed to test assert_datetime()
t/assert_defined.t .............. ok
t/assert_empty.t ................ ok
t/assert_exists.t ............... ok
t/assert_fail.t ................. ok
t/assert_hashref.t .............. ok
t/assert_in.t ................... ok
t/assert_integer.t .............. ok
t/assert_is.t ................... ok
t/assert_isa.t .................. ok
t/assert_isa_in.t ............... ok
t/assert_isnt.t ................. ok
t/assert_lacks.t ................ ok
t/assert_like.t ................. ok
t/assert_listref.t .............. ok
t/assert_negative.t ............. ok
t/assert_negative_integer.t ..... ok
t/assert_nonblank.t ............. ok
t/assert_nonempty.t ............. ok
t/assert_nonnegative.t .......... ok
t/assert_nonnegative_integer.t .. ok
t/assert_nonref.t ............... ok
t/assert_nonzero.t .............. ok
t/assert_nonzero_integer.t ...... ok
t/assert_numeric.t .............. ok
t/assert_positive.t ............. ok
t/assert_positive_integer.t ..... ok
t/assert_undefined.t ............ ok
t/assert_unlike.t ............... ok
t/pod-coverage.t ................ skipped: Test::Pod::Coverage 1.04 required for testing POD
t/pod.t ......................... skipped: Test::Pod 1.14 required for testing POD
t/test-coverage.t ............... ok
All tests successful.
Files=37, Tests=263,  3 wallclock secs ( 0.11 usr  0.03 sys +  2.15 cusr  0.75 csys =  3.04 CPU)
Result: PASS
installing
install flags: SHELL=/nix/store/9fqwwd4iybmhjqyxiaxycknslw6bgwh1-bash-4.4-p23/bin/bash pkgconfigdir=/nix/store/mx9ibv35d3qj6syqj4czykbhsipasd04-perl5.32.0-Carp-Assert-More-1.20/lib/pkgconfig m4datadir=/nix/store/mx9ibv35d3qj6syqj4czykbhsipasd04-perl5.32.0-Carp-Assert-More-1.20/share/aclocal aclocaldir=/nix/store/mx9ibv35d3qj6syqj4czykbhsipasd04-perl5.32.0-Carp-Assert-More-1.20/share/aclocal install
Manifying 1 pod document
Installing /nix/store/mx9ibv35d3qj6syqj4czykbhsipasd04-perl5.32.0-Carp-Assert-More-1.20/lib/perl5/site_perl/5.32.0/Carp/Assert/More.pm
Installing /nix/store/mx9ibv35d3qj6syqj4czykbhsipasd04-perl5.32.0-Carp-Assert-More-1.20/share/man/man3/Carp::Assert::More.3
Appending installation info to /nix/store/mx9ibv35d3qj6syqj4czykbhsipasd04-perl5.32.0-Carp-Assert-More-1.20/lib/perl5/5.32.0/x86_64-linux-thread-multi/perllocal.pod
post-installation fixup
Moving /nix/store/mx9ibv35d3qj6syqj4czykbhsipasd04-perl5.32.0-Carp-Assert-More-1.20/share/man/man3 to /nix/store/pljyx1qbh0qxd6638sn44vvzvzl1xsww-perl5.32.0-Carp-Assert-More-1.20-devdoc/share/man/man3
Removing empty /nix/store/mx9ibv35d3qj6syqj4czykbhsipasd04-perl5.32.0-Carp-Assert-More-1.20/share/man/ and (possibly) its parents
shrinking RPATHs of ELF executables and libraries in /nix/store/mx9ibv35d3qj6syqj4czykbhsipasd04-perl5.32.0-Carp-Assert-More-1.20
strip is /nix/store/psyzbhp4p088sb9qcs378hfbslcalasl-binutils-2.31.1/bin/strip
stripping (with command strip and flags -S) in /nix/store/mx9ibv35d3qj6syqj4czykbhsipasd04-perl5.32.0-Carp-Assert-More-1.20/lib
patching script interpreter paths in /nix/store/mx9ibv35d3qj6syqj4czykbhsipasd04-perl5.32.0-Carp-Assert-More-1.20
checking for references to /build/ in /nix/store/mx9ibv35d3qj6syqj4czykbhsipasd04-perl5.32.0-Carp-Assert-More-1.20...
shrinking RPATHs of ELF executables and libraries in /nix/store/pljyx1qbh0qxd6638sn44vvzvzl1xsww-perl5.32.0-Carp-Assert-More-1.20-devdoc
gzipping man pages under /nix/store/pljyx1qbh0qxd6638sn44vvzvzl1xsww-perl5.32.0-Carp-Assert-More-1.20-devdoc/share/man/
strip is /nix/store/psyzbhp4p088sb9qcs378hfbslcalasl-binutils-2.31.1/bin/strip
patching script interpreter paths in /nix/store/pljyx1qbh0qxd6638sn44vvzvzl1xsww-perl5.32.0-Carp-Assert-More-1.20-devdoc
checking for references to /build/ in /nix/store/pljyx1qbh0qxd6638sn44vvzvzl1xsww-perl5.32.0-Carp-Assert-More-1.20-devdoc...
/nix/store/mx9ibv35d3qj6syqj4czykbhsipasd04-perl5.32.0-Carp-Assert-More-1.20
