these derivations will be built:
  /nix/store/78wg2cxrcpslllhdd3ph2fi5avj1fg7i-perl5.32.0-Win32-ShellQuote-0.003001.drv
  /nix/store/nzism4w37pcy64g4qla2f14bmr4qx0im-perl5.32.0-HTTP-Tinyish-0.16.drv
  /nix/store/rj240d1x7iqjhdmk42sb4cj8h3c49191-perl5.32.0-Parse-PMFile-0.42.drv
  /nix/store/fwz7iwc6dvvhl9r187az40q19is8a7sl-perl5.32.0-Tie-Handle-Offset-0.004.drv
  /nix/store/v4lgra6xibh4lvzgachh1gxcjcq6fngk-perl5.32.0-CPAN-Common-Index-0.010.drv
  /nix/store/3da2z7wz8g8zxy11dn6nfygy4r8vbxj6-perl5.32.0-Menlo-1.9019.drv
  /nix/store/zj28pqkk1w0p56yxzipgp9aklxm7m7gs-perl5.32.0-Menlo-Legacy-1.9022.drv
  /nix/store/wzfafhja0fljy0hkki1myr8960krpgdx-perl5.32.0-Carton-1.0.34.drv
these paths will be fetched (1.73 MiB download, 1.73 MiB unpacked):
  /nix/store/0plr0zj7r3dxzrnn9aczygjij1k1kjhi-Carton-v1.0.34.tar.gz
  /nix/store/bqhbk2lm2xzhzqjr839c8gl3flipxjil-Menlo-Legacy-1.9022.tar.gz
  /nix/store/g4155kddyghj438zj8z49pfj5ax5afy5-Tie-Handle-Offset-0.004.tar.gz
  /nix/store/hrlci4pw4z18vg53cyxj00f5jacav9y2-CPAN-Common-Index-0.010.tar.gz
  /nix/store/n1168nf26fxqinczpa0r56knv9hhvchz-Menlo-1.9019.tar.gz
  /nix/store/wvczsmn9dil2pgih60338kf1d2ccr9ax-Parse-PMFile-0.42.tar.gz
  /nix/store/z91z67g3w0qsi29v9lb4c20xy78ws97g-Win32-ShellQuote-0.003001.tar.gz
copying path '/nix/store/0plr0zj7r3dxzrnn9aczygjij1k1kjhi-Carton-v1.0.34.tar.gz' from 'https://cache.nixos.org'...
copying path '/nix/store/bqhbk2lm2xzhzqjr839c8gl3flipxjil-Menlo-Legacy-1.9022.tar.gz' from 'https://cache.nixos.org'...
copying path '/nix/store/n1168nf26fxqinczpa0r56knv9hhvchz-Menlo-1.9019.tar.gz' from 'https://cache.nixos.org'...
copying path '/nix/store/hrlci4pw4z18vg53cyxj00f5jacav9y2-CPAN-Common-Index-0.010.tar.gz' from 'https://cache.nixos.org'...
copying path '/nix/store/wvczsmn9dil2pgih60338kf1d2ccr9ax-Parse-PMFile-0.42.tar.gz' from 'https://cache.nixos.org'...
copying path '/nix/store/z91z67g3w0qsi29v9lb4c20xy78ws97g-Win32-ShellQuote-0.003001.tar.gz' from 'https://cache.nixos.org'...
building '/nix/store/nzism4w37pcy64g4qla2f14bmr4qx0im-perl5.32.0-HTTP-Tinyish-0.16.drv'...
copying path '/nix/store/g4155kddyghj438zj8z49pfj5ax5afy5-Tie-Handle-Offset-0.004.tar.gz' from 'https://cache.nixos.org'...
unpacking sources
unpacking source archive /nix/store/21xgmwhwc633nrwa66cw7ki1a2nmi7fd-HTTP-Tinyish-0.16.tar.gz
source root is HTTP-Tinyish-0.16
setting SOURCE_DATE_EPOCH to timestamp 1589389886 of file HTTP-Tinyish-0.16/t/tinyish.t
patching sources
configuring
patching ./t/author-pod-syntax.t...
building '/nix/store/78wg2cxrcpslllhdd3ph2fi5avj1fg7i-perl5.32.0-Win32-ShellQuote-0.003001.drv'...
building '/nix/store/rj240d1x7iqjhdmk42sb4cj8h3c49191-perl5.32.0-Parse-PMFile-0.42.drv'...
Checking if your kit is complete...
Looks good
unpacking sources
unpacking source archive /nix/store/z91z67g3w0qsi29v9lb4c20xy78ws97g-Win32-ShellQuote-0.003001.tar.gz
source root is Win32-ShellQuote-0.003001
setting SOURCE_DATE_EPOCH to timestamp 1474950826 of file Win32-ShellQuote-0.003001/README
patching sources
configuring
unpacking sources
unpacking source archive /nix/store/wvczsmn9dil2pgih60338kf1d2ccr9ax-Parse-PMFile-0.42.tar.gz
building '/nix/store/fwz7iwc6dvvhl9r187az40q19is8a7sl-perl5.32.0-Tie-Handle-Offset-0.004.drv'...
source root is Parse-PMFile-0.42
setting SOURCE_DATE_EPOCH to timestamp 1573269090 of file Parse-PMFile-0.42/META.yml
patching sources
configuring
Generating a Unix-style Makefile
Writing Makefile for HTTP::Tinyish
Writing MYMETA.yml and MYMETA.json
no configure script, doing nothing
building
build flags: SHELL=/nix/store/9fqwwd4iybmhjqyxiaxycknslw6bgwh1-bash-4.4-p23/bin/bash
unpacking sources
unpacking source archive /nix/store/g4155kddyghj438zj8z49pfj5ax5afy5-Tie-Handle-Offset-0.004.tar.gz
source root is Tie-Handle-Offset-0.004
setting SOURCE_DATE_EPOCH to timestamp 1524563256 of file Tie-Handle-Offset-0.004/xt/release/distmeta.t
patching sources
configuring
patching ./xt/release/distmeta.t...
patching ./xt/author/pod-coverage.t...
patching ./xt/author/critic.t...
patching ./xt/author/pod-syntax.t...
Checking if your kit is complete...
patching ./t/00-report-prereqs.t...
Looks good
Generating a Unix-style Makefile
Writing Makefile for Win32::ShellQuote
Writing MYMETA.yml and MYMETA.json
Checking if your kit is complete...
no configure script, doing nothing
building
build flags: SHELL=/nix/store/9fqwwd4iybmhjqyxiaxycknslw6bgwh1-bash-4.4-p23/bin/bash
Looks good
Checking if your kit is complete...
Looks good
Generating a Unix-style Makefile
Writing Makefile for Parse::PMFile
Writing MYMETA.yml and MYMETA.json
no configure script, doing nothing
building
build flags: SHELL=/nix/store/9fqwwd4iybmhjqyxiaxycknslw6bgwh1-bash-4.4-p23/bin/bash
cp lib/HTTP/Tinyish/HTTPTiny.pm blib/lib/HTTP/Tinyish/HTTPTiny.pm
cp lib/HTTP/Tinyish/Base.pm blib/lib/HTTP/Tinyish/Base.pm
cp lib/HTTP/Tinyish.pm blib/lib/HTTP/Tinyish.pm
Generating a Unix-style Makefile
Writing Makefile for Tie::Handle::Offset
cp lib/HTTP/Tinyish/LWP.pm blib/lib/HTTP/Tinyish/LWP.pm
cp lib/HTTP/Tinyish/Curl.pm blib/lib/HTTP/Tinyish/Curl.pm
cp lib/HTTP/Tinyish/Wget.pm blib/lib/HTTP/Tinyish/Wget.pm
Writing MYMETA.yml and MYMETA.json
no configure script, doing nothing
building
build flags: SHELL=/nix/store/9fqwwd4iybmhjqyxiaxycknslw6bgwh1-bash-4.4-p23/bin/bash
Manifying 1 pod document
running tests
check flags: SHELL=/nix/store/9fqwwd4iybmhjqyxiaxycknslw6bgwh1-bash-4.4-p23/bin/bash VERBOSE=y test
PERL_DL_NONLAZY=1 "/nix/store/7c044di03qa7qgr5kjjc2d787aspzp0m-perl-5.32.0/bin/perl" "-MExtUtils::Command::MM" "-MTest::Harness" "-e" "undef *Test::Harness::Switches; test_harness(0, 'blib/lib', 'blib/arch')" t/*.t
cp lib/Win32/ShellQuote.pm blib/lib/Win32/ShellQuote.pm
t/author-pod-syntax.t .. skipped: these tests are for testing by the author
Manifying 1 pod document
running tests
check flags: SHELL=/nix/store/9fqwwd4iybmhjqyxiaxycknslw6bgwh1-bash-4.4-p23/bin/bash VERBOSE=y test
PERL_DL_NONLAZY=1 "/nix/store/7c044di03qa7qgr5kjjc2d787aspzp0m-perl-5.32.0/bin/perl" "-MExtUtils::Command::MM" "-MTest::Harness" "-e" "undef *Test::Harness::Switches; test_harness(0, 'blib/lib', 'blib/arch')" t/*.t
cp lib/Parse/PMFile.pm blib/lib/Parse/PMFile.pm
cp lib/Tie/Handle/SkipHeader.pm blib/lib/Tie/Handle/SkipHeader.pm
cp lib/Tie/Handle/Offset.pm blib/lib/Tie/Handle/Offset.pm
t/tinyish.t ............ ok
All tests successful.
Files=2, Tests=1,  0 wallclock secs ( 0.02 usr  0.00 sys +  0.08 cusr  0.02 csys =  0.12 CPU)
Result: PASS
installing
install flags: SHELL=/nix/store/9fqwwd4iybmhjqyxiaxycknslw6bgwh1-bash-4.4-p23/bin/bash pkgconfigdir=/nix/store/vkf6cy9zf3y5q6w6n5prrarjn96x9k51-perl5.32.0-HTTP-Tinyish-0.16/lib/pkgconfig m4datadir=/nix/store/vkf6cy9zf3y5q6w6n5prrarjn96x9k51-perl5.32.0-HTTP-Tinyish-0.16/share/aclocal aclocaldir=/nix/store/vkf6cy9zf3y5q6w6n5prrarjn96x9k51-perl5.32.0-HTTP-Tinyish-0.16/share/aclocal install
Manifying 2 pod documents
Manifying 1 pod document
running tests
check flags: SHELL=/nix/store/9fqwwd4iybmhjqyxiaxycknslw6bgwh1-bash-4.4-p23/bin/bash VERBOSE=y test
PERL_DL_NONLAZY=1 "/nix/store/7c044di03qa7qgr5kjjc2d787aspzp0m-perl-5.32.0/bin/perl" "-MExtUtils::Command::MM" "-MTest::Harness" "-e" "undef *Test::Harness::Switches; test_harness(0, 'blib/lib', 'blib/arch')" t/*.t
running tests
check flags: SHELL=/nix/store/9fqwwd4iybmhjqyxiaxycknslw6bgwh1-bash-4.4-p23/bin/bash VERBOSE=y test
t/quote_system.t .. skipped: can only test system calls on Win32
PERL_DL_NONLAZY=1 "/nix/store/7c044di03qa7qgr5kjjc2d787aspzp0m-perl-5.32.0/bin/perl" "-MExtUtils::Command::MM" "-MTest::Harness" "-e" "undef *Test::Harness::Switches; test_harness(0, 'blib/lib', 'blib/arch')" t/*.t
Manifying 1 pod document
Installing /nix/store/vkf6cy9zf3y5q6w6n5prrarjn96x9k51-perl5.32.0-HTTP-Tinyish-0.16/lib/perl5/site_perl/5.32.0/HTTP/Tinyish.pm
Installing /nix/store/vkf6cy9zf3y5q6w6n5prrarjn96x9k51-perl5.32.0-HTTP-Tinyish-0.16/lib/perl5/site_perl/5.32.0/HTTP/Tinyish/LWP.pm
Installing /nix/store/vkf6cy9zf3y5q6w6n5prrarjn96x9k51-perl5.32.0-HTTP-Tinyish-0.16/lib/perl5/site_perl/5.32.0/HTTP/Tinyish/HTTPTiny.pm
Installing /nix/store/vkf6cy9zf3y5q6w6n5prrarjn96x9k51-perl5.32.0-HTTP-Tinyish-0.16/lib/perl5/site_perl/5.32.0/HTTP/Tinyish/Curl.pm
Installing /nix/store/vkf6cy9zf3y5q6w6n5prrarjn96x9k51-perl5.32.0-HTTP-Tinyish-0.16/lib/perl5/site_perl/5.32.0/HTTP/Tinyish/Wget.pm
Installing /nix/store/vkf6cy9zf3y5q6w6n5prrarjn96x9k51-perl5.32.0-HTTP-Tinyish-0.16/lib/perl5/site_perl/5.32.0/HTTP/Tinyish/Base.pm
Installing /nix/store/vkf6cy9zf3y5q6w6n5prrarjn96x9k51-perl5.32.0-HTTP-Tinyish-0.16/share/man/man3/HTTP::Tinyish.3
Appending installation info to /nix/store/vkf6cy9zf3y5q6w6n5prrarjn96x9k51-perl5.32.0-HTTP-Tinyish-0.16/lib/perl5/5.32.0/x86_64-linux-thread-multi/perllocal.pod
t/quoting.t ....... ok
post-installation fixup
Moving /nix/store/vkf6cy9zf3y5q6w6n5prrarjn96x9k51-perl5.32.0-HTTP-Tinyish-0.16/share/man/man3 to /nix/store/lrpdybri65xbcs9q7lmrcq5yjlg2lny3-perl5.32.0-HTTP-Tinyish-0.16-devdoc/share/man/man3
Removing empty /nix/store/vkf6cy9zf3y5q6w6n5prrarjn96x9k51-perl5.32.0-HTTP-Tinyish-0.16/share/man/ and (possibly) its parents
shrinking RPATHs of ELF executables and libraries in /nix/store/vkf6cy9zf3y5q6w6n5prrarjn96x9k51-perl5.32.0-HTTP-Tinyish-0.16
strip is /nix/store/psyzbhp4p088sb9qcs378hfbslcalasl-binutils-2.31.1/bin/strip
stripping (with command strip and flags -S) in /nix/store/vkf6cy9zf3y5q6w6n5prrarjn96x9k51-perl5.32.0-HTTP-Tinyish-0.16/lib
patching script interpreter paths in /nix/store/vkf6cy9zf3y5q6w6n5prrarjn96x9k51-perl5.32.0-HTTP-Tinyish-0.16
checking for references to /build/ in /nix/store/vkf6cy9zf3y5q6w6n5prrarjn96x9k51-perl5.32.0-HTTP-Tinyish-0.16...
shrinking RPATHs of ELF executables and libraries in /nix/store/lrpdybri65xbcs9q7lmrcq5yjlg2lny3-perl5.32.0-HTTP-Tinyish-0.16-devdoc
gzipping man pages under /nix/store/lrpdybri65xbcs9q7lmrcq5yjlg2lny3-perl5.32.0-HTTP-Tinyish-0.16-devdoc/share/man/
strip is /nix/store/psyzbhp4p088sb9qcs378hfbslcalasl-binutils-2.31.1/bin/strip
patching script interpreter paths in /nix/store/lrpdybri65xbcs9q7lmrcq5yjlg2lny3-perl5.32.0-HTTP-Tinyish-0.16-devdoc
checking for references to /build/ in /nix/store/lrpdybri65xbcs9q7lmrcq5yjlg2lny3-perl5.32.0-HTTP-Tinyish-0.16-devdoc...
t/00_load.t ................................ ok
t/unescape_cmd.t .. ok
t/00-report-prereqs.t .. #
# Versions for all modules listed in MYMETA.json (including optional ones):
#
# === Configure Requires ===
#
#     Module              Want Have
#     ------------------- ---- ----
#     ExtUtils::MakeMaker 6.17 7.44
#
# === Build Requires ===
#
#     Module              Want Have
#     ------------------- ---- ----
#     ExtUtils::MakeMaker  any 7.44
#
# === Test Requires ===
#
#     Module              Want     Have
#     ------------------- ---- --------
#     ExtUtils::MakeMaker  any     7.44
#     File::Spec           any     3.78
#     Test::More           any 1.302175
#
# === Test Recommends ===
#
#     Module         Want     Have
#     ---------- -------- --------
#     CPAN::Meta 2.120900 2.150010
#
# === Runtime Requires ===
#
#     Module      Want Have
#     ----------- ---- ----
#     Tie::Handle  any  4.2
#     strict       any 1.11
#
t/00-report-prereqs.t .. ok
t/10_self_check.t .......................... ok
t/unquoting.t ..... ok
All tests successful.
Files=4, Tests=197,  0 wallclock secs ( 0.05 usr  0.01 sys +  0.34 cusr  0.05 csys =  0.45 CPU)
Result: PASS
installing
install flags: SHELL=/nix/store/9fqwwd4iybmhjqyxiaxycknslw6bgwh1-bash-4.4-p23/bin/bash pkgconfigdir=/nix/store/rw4dr278w9vn0fm6r1hpknrlq2dr4vkq-perl5.32.0-Win32-ShellQuote-0.003001/lib/pkgconfig m4datadir=/nix/store/rw4dr278w9vn0fm6r1hpknrlq2dr4vkq-perl5.32.0-Win32-ShellQuote-0.003001/share/aclocal aclocaldir=/nix/store/rw4dr278w9vn0fm6r1hpknrlq2dr4vkq-perl5.32.0-Win32-ShellQuote-0.003001/share/aclocal install
t/offset.t ............. ok
Manifying 1 pod document
t/skip-header.t ........ ok
All tests successful.
Files=3, Tests=24,  0 wallclock secs ( 0.03 usr  0.01 sys +  0.30 cusr  0.04 csys =  0.38 CPU)
Result: PASS
installing
install flags: SHELL=/nix/store/9fqwwd4iybmhjqyxiaxycknslw6bgwh1-bash-4.4-p23/bin/bash pkgconfigdir=/nix/store/n0fdrcn4496mzwz815w5sxgmfgv355m4-perl5.32.0-Tie-Handle-Offset-0.004/lib/pkgconfig m4datadir=/nix/store/n0fdrcn4496mzwz815w5sxgmfgv355m4-perl5.32.0-Tie-Handle-Offset-0.004/share/aclocal aclocaldir=/nix/store/n0fdrcn4496mzwz815w5sxgmfgv355m4-perl5.32.0-Tie-Handle-Offset-0.004/share/aclocal install
Installing /nix/store/rw4dr278w9vn0fm6r1hpknrlq2dr4vkq-perl5.32.0-Win32-ShellQuote-0.003001/lib/perl5/site_perl/5.32.0/Win32/ShellQuote.pm
Installing /nix/store/rw4dr278w9vn0fm6r1hpknrlq2dr4vkq-perl5.32.0-Win32-ShellQuote-0.003001/share/man/man3/Win32::ShellQuote.3
Appending installation info to /nix/store/rw4dr278w9vn0fm6r1hpknrlq2dr4vkq-perl5.32.0-Win32-ShellQuote-0.003001/lib/perl5/5.32.0/x86_64-linux-thread-multi/perllocal.pod
t/30_multiple_equals.t ..................... ok
Manifying 2 pod documents
post-installation fixup
Moving /nix/store/rw4dr278w9vn0fm6r1hpknrlq2dr4vkq-perl5.32.0-Win32-ShellQuote-0.003001/share/man/man3 to /nix/store/9pi3y33200kqhyaqmmlvn9bfxqvscv11-perl5.32.0-Win32-ShellQuote-0.003001-devdoc/share/man/man3
Removing empty /nix/store/rw4dr278w9vn0fm6r1hpknrlq2dr4vkq-perl5.32.0-Win32-ShellQuote-0.003001/share/man/ and (possibly) its parents
shrinking RPATHs of ELF executables and libraries in /nix/store/rw4dr278w9vn0fm6r1hpknrlq2dr4vkq-perl5.32.0-Win32-ShellQuote-0.003001
strip is /nix/store/psyzbhp4p088sb9qcs378hfbslcalasl-binutils-2.31.1/bin/strip
stripping (with command strip and flags -S) in /nix/store/rw4dr278w9vn0fm6r1hpknrlq2dr4vkq-perl5.32.0-Win32-ShellQuote-0.003001/lib
patching script interpreter paths in /nix/store/rw4dr278w9vn0fm6r1hpknrlq2dr4vkq-perl5.32.0-Win32-ShellQuote-0.003001
checking for references to /build/ in /nix/store/rw4dr278w9vn0fm6r1hpknrlq2dr4vkq-perl5.32.0-Win32-ShellQuote-0.003001...
shrinking RPATHs of ELF executables and libraries in /nix/store/9pi3y33200kqhyaqmmlvn9bfxqvscv11-perl5.32.0-Win32-ShellQuote-0.003001-devdoc
gzipping man pages under /nix/store/9pi3y33200kqhyaqmmlvn9bfxqvscv11-perl5.32.0-Win32-ShellQuote-0.003001-devdoc/share/man/
strip is /nix/store/psyzbhp4p088sb9qcs378hfbslcalasl-binutils-2.31.1/bin/strip
patching script interpreter paths in /nix/store/9pi3y33200kqhyaqmmlvn9bfxqvscv11-perl5.32.0-Win32-ShellQuote-0.003001-devdoc
checking for references to /build/ in /nix/store/9pi3y33200kqhyaqmmlvn9bfxqvscv11-perl5.32.0-Win32-ShellQuote-0.003001-devdoc...
Installing /nix/store/n0fdrcn4496mzwz815w5sxgmfgv355m4-perl5.32.0-Tie-Handle-Offset-0.004/lib/perl5/site_perl/5.32.0/Tie/Handle/SkipHeader.pm
Installing /nix/store/n0fdrcn4496mzwz815w5sxgmfgv355m4-perl5.32.0-Tie-Handle-Offset-0.004/lib/perl5/site_perl/5.32.0/Tie/Handle/Offset.pm
Installing /nix/store/n0fdrcn4496mzwz815w5sxgmfgv355m4-perl5.32.0-Tie-Handle-Offset-0.004/share/man/man3/Tie::Handle::Offset.3
Installing /nix/store/n0fdrcn4496mzwz815w5sxgmfgv355m4-perl5.32.0-Tie-Handle-Offset-0.004/share/man/man3/Tie::Handle::SkipHeader.3
Appending installation info to /nix/store/n0fdrcn4496mzwz815w5sxgmfgv355m4-perl5.32.0-Tie-Handle-Offset-0.004/lib/perl5/5.32.0/x86_64-linux-thread-multi/perllocal.pod
post-installation fixup
Moving /nix/store/n0fdrcn4496mzwz815w5sxgmfgv355m4-perl5.32.0-Tie-Handle-Offset-0.004/share/man/man3 to /nix/store/zwkyjm58n0j3f212q0q8rr6l04qqyh9y-perl5.32.0-Tie-Handle-Offset-0.004-devdoc/share/man/man3
Removing empty /nix/store/n0fdrcn4496mzwz815w5sxgmfgv355m4-perl5.32.0-Tie-Handle-Offset-0.004/share/man/ and (possibly) its parents
shrinking RPATHs of ELF executables and libraries in /nix/store/n0fdrcn4496mzwz815w5sxgmfgv355m4-perl5.32.0-Tie-Handle-Offset-0.004
strip is /nix/store/psyzbhp4p088sb9qcs378hfbslcalasl-binutils-2.31.1/bin/strip
stripping (with command strip and flags -S) in /nix/store/n0fdrcn4496mzwz815w5sxgmfgv355m4-perl5.32.0-Tie-Handle-Offset-0.004/lib
patching script interpreter paths in /nix/store/n0fdrcn4496mzwz815w5sxgmfgv355m4-perl5.32.0-Tie-Handle-Offset-0.004
checking for references to /build/ in /nix/store/n0fdrcn4496mzwz815w5sxgmfgv355m4-perl5.32.0-Tie-Handle-Offset-0.004...
shrinking RPATHs of ELF executables and libraries in /nix/store/zwkyjm58n0j3f212q0q8rr6l04qqyh9y-perl5.32.0-Tie-Handle-Offset-0.004-devdoc
gzipping man pages under /nix/store/zwkyjm58n0j3f212q0q8rr6l04qqyh9y-perl5.32.0-Tie-Handle-Offset-0.004-devdoc/share/man/
t/31_ignore_version_after_end.t ............ ok
strip is /nix/store/psyzbhp4p088sb9qcs378hfbslcalasl-binutils-2.31.1/bin/strip
patching script interpreter paths in /nix/store/zwkyjm58n0j3f212q0q8rr6l04qqyh9y-perl5.32.0-Tie-Handle-Offset-0.004-devdoc
checking for references to /build/ in /nix/store/zwkyjm58n0j3f212q0q8rr6l04qqyh9y-perl5.32.0-Tie-Handle-Offset-0.004-devdoc...
building '/nix/store/v4lgra6xibh4lvzgachh1gxcjcq6fngk-perl5.32.0-CPAN-Common-Index-0.010.drv'...
unpacking sources
unpacking source archive /nix/store/hrlci4pw4z18vg53cyxj00f5jacav9y2-CPAN-Common-Index-0.010.tar.gz
t/32_allow_dev_version.t ................... ok
source root is CPAN-Common-Index-0.010
setting SOURCE_DATE_EPOCH to timestamp 1501079817 of file CPAN-Common-Index-0.010/xt/release/minimum-version.t
patching sources
configuring
patching ./xt/release/distmeta.t...
patching ./xt/release/minimum-version.t...
patching ./xt/author/pod-coverage.t...
patching ./xt/author/critic.t...
patching ./xt/author/pod-syntax.t...
patching ./examples/synopsis.pl...
patching ./t/00-report-prereqs.t...
t/33_ignore_variable_named_package.t ....... ok
Checking if your kit is complete...
Looks good
t/34_math_version.t ........................ # atan2: 3.14159265358979
# Safe: 2.41
# Opcode: 1.47
t/34_math_version.t ........................ ok
Generating a Unix-style Makefile
Writing Makefile for CPAN::Common::Index
Writing MYMETA.yml and MYMETA.json
no configure script, doing nothing
building
build flags: SHELL=/nix/store/9fqwwd4iybmhjqyxiaxycknslw6bgwh1-bash-4.4-p23/bin/bash
t/35_scoped_our_version.t .................. ok
t/36_long_version.t ........................ ok
cp lib/CPAN/Common/Index/Mux/Ordered.pm blib/lib/CPAN/Common/Index/Mux/Ordered.pm
cp lib/CPAN/Common/Index/Mirror.pm blib/lib/CPAN/Common/Index/Mirror.pm
cp lib/CPAN/Common/Index/MetaDB.pm blib/lib/CPAN/Common/Index/MetaDB.pm
cp lib/CPAN/Common/Index/LocalPackage.pm blib/lib/CPAN/Common/Index/LocalPackage.pm
cp lib/CPAN/Common/Index.pm blib/lib/CPAN/Common/Index.pm
Manifying 5 pod documents
running tests
check flags: SHELL=/nix/store/9fqwwd4iybmhjqyxiaxycknslw6bgwh1-bash-4.4-p23/bin/bash VERBOSE=y test
t/40_package_versions.t .................... ok
PERL_DL_NONLAZY=1 "/nix/store/7c044di03qa7qgr5kjjc2d787aspzp0m-perl-5.32.0/bin/perl" "-MExtUtils::Command::MM" "-MTest::Harness" "-e" "undef *Test::Harness::Switches; test_harness(0, 'blib/lib', 'blib/arch')" t/*.t
t/50_no_index.t ............................ ok
t/60_permissions.t ......................... skipped: requires PAUSE::Permissions to test
t/70_vpp.t ................................. ok
t/00-report-prereqs.t .. #
# Versions for all modules listed in MYMETA.json (including optional ones):
#
# === Configure Requires ===
#
#     Module              Want Have
#     ------------------- ---- ----
#     ExtUtils::MakeMaker 6.17 7.44
#
# === Build Requires ===
#
#     Module              Want Have
#     ------------------- ---- ----
#     ExtUtils::MakeMaker  any 7.44
#
# === Test Requires ===
#
#     Module                Want     Have
#     --------------------- ---- --------
#     Cwd                    any     3.78
#     Exporter               any     5.74
#     ExtUtils::MakeMaker    any     7.44
#     File::Spec             any     3.78
#     File::Spec::Functions  any     3.78
#     Test::Deep             any    1.130
#     Test::FailWarnings     any    0.008
#     Test::Fatal            any    0.014
#     Test::More            0.96 1.302175
#     lib                    any     0.65
#
# === Test Recommends ===
#
#     Module         Want     Have
#     ---------- -------- --------
#     CPAN::Meta 2.120900 2.150010
#
# === Runtime Requires ===
#
#     Module                  Want   Have
#     ----------------------- ---- ------
#     CPAN::DistnameInfo       any   0.12
#     CPAN::Meta::YAML         any  0.018
#     Carp                     any   1.50
#     Class::Tiny              any  1.006
#     File::Basename           any   2.85
#     File::Copy               any   2.34
#     File::Fetch              any   0.56
#     File::Spec               any   3.78
#     File::Temp              0.19 0.2309
#     File::stat               any   1.09
#     HTTP::Tiny               any  0.076
#     Module::Load             any   0.34
#     Search::Dict            1.07   1.07
#     Tie::Handle::SkipHeader  any  0.004
#     URI                      any   1.76
#     parent                   any  0.238
#     strict                   any   1.11
#     warnings                 any   1.47
#
# === Runtime Recommends ===
#
#     Module                 Want  Have
#     ---------------------- ---- -----
#     IO::Uncompress::Gunzip  any 2.093
#
t/00-report-prereqs.t .. ok
t/71_qv.t .................................. ok
t/72_vpp_without_using_version.t ........... ok
t/api.t ................ ok
t/73_qv_without_using_version.t ............ ok
t/74_vpp_without_using_version_and_our.t ... ok
t/local_package.t ...... ok
t/75_vpp_without_our.t ..................... ok
t/metadb.t ............. skipped: Can't reach CPAN MetaDB
t/76_qv_without_using_version_and_our.t .... ok
t/77_qv_without_our.t ...................... ok
t/80_version_overload.t .................... ok
t/81_version_overload_with_explicit_vpp.t .. skipped: requires version::vpp
t/90_lossy_warning.t ....................... ok
t/99_pod.t ................................. skipped: Test::Pod 1.18 required
t/99_podcoverage.t ......................... skipped: Test::Pod::Coverage 1.04 required
All tests successful.
Files=25, Tests=71,  3 wallclock secs ( 0.08 usr  0.02 sys +  2.35 cusr  0.58 csys =  3.03 CPU)
Result: PASS
installing
install flags: SHELL=/nix/store/9fqwwd4iybmhjqyxiaxycknslw6bgwh1-bash-4.4-p23/bin/bash pkgconfigdir=/nix/store/s4zvig2wgwbr1ds89ycvm2b0ag0bcw16-perl5.32.0-Parse-PMFile-0.42/lib/pkgconfig m4datadir=/nix/store/s4zvig2wgwbr1ds89ycvm2b0ag0bcw16-perl5.32.0-Parse-PMFile-0.42/share/aclocal aclocaldir=/nix/store/s4zvig2wgwbr1ds89ycvm2b0ag0bcw16-perl5.32.0-Parse-PMFile-0.42/share/aclocal install
Manifying 1 pod document
Installing /nix/store/s4zvig2wgwbr1ds89ycvm2b0ag0bcw16-perl5.32.0-Parse-PMFile-0.42/lib/perl5/site_perl/5.32.0/Parse/PMFile.pm
Installing /nix/store/s4zvig2wgwbr1ds89ycvm2b0ag0bcw16-perl5.32.0-Parse-PMFile-0.42/share/man/man3/Parse::PMFile.3
Appending installation info to /nix/store/s4zvig2wgwbr1ds89ycvm2b0ag0bcw16-perl5.32.0-Parse-PMFile-0.42/lib/perl5/5.32.0/x86_64-linux-thread-multi/perllocal.pod
post-installation fixup
Moving /nix/store/s4zvig2wgwbr1ds89ycvm2b0ag0bcw16-perl5.32.0-Parse-PMFile-0.42/share/man/man3 to /nix/store/8a9n0rzichg0z68vsm3s03d0r8zi73zq-perl5.32.0-Parse-PMFile-0.42-devdoc/share/man/man3
Removing empty /nix/store/s4zvig2wgwbr1ds89ycvm2b0ag0bcw16-perl5.32.0-Parse-PMFile-0.42/share/man/ and (possibly) its parents
shrinking RPATHs of ELF executables and libraries in /nix/store/s4zvig2wgwbr1ds89ycvm2b0ag0bcw16-perl5.32.0-Parse-PMFile-0.42
strip is /nix/store/psyzbhp4p088sb9qcs378hfbslcalasl-binutils-2.31.1/bin/strip
stripping (with command strip and flags -S) in /nix/store/s4zvig2wgwbr1ds89ycvm2b0ag0bcw16-perl5.32.0-Parse-PMFile-0.42/lib
patching script interpreter paths in /nix/store/s4zvig2wgwbr1ds89ycvm2b0ag0bcw16-perl5.32.0-Parse-PMFile-0.42
checking for references to /build/ in /nix/store/s4zvig2wgwbr1ds89ycvm2b0ag0bcw16-perl5.32.0-Parse-PMFile-0.42...
shrinking RPATHs of ELF executables and libraries in /nix/store/8a9n0rzichg0z68vsm3s03d0r8zi73zq-perl5.32.0-Parse-PMFile-0.42-devdoc
gzipping man pages under /nix/store/8a9n0rzichg0z68vsm3s03d0r8zi73zq-perl5.32.0-Parse-PMFile-0.42-devdoc/share/man/
strip is /nix/store/psyzbhp4p088sb9qcs378hfbslcalasl-binutils-2.31.1/bin/strip
patching script interpreter paths in /nix/store/8a9n0rzichg0z68vsm3s03d0r8zi73zq-perl5.32.0-Parse-PMFile-0.42-devdoc
checking for references to /build/ in /nix/store/8a9n0rzichg0z68vsm3s03d0r8zi73zq-perl5.32.0-Parse-PMFile-0.42-devdoc...
t/mirror.t ............. ok
t/mux-ordered.t ........ ok
All tests successful.
Files=6, Tests=38,  5 wallclock secs ( 0.06 usr  0.01 sys +  4.35 cusr  0.50 csys =  4.92 CPU)
Result: PASS
installing
install flags: SHELL=/nix/store/9fqwwd4iybmhjqyxiaxycknslw6bgwh1-bash-4.4-p23/bin/bash pkgconfigdir=/nix/store/jqv8p4dihvq97k6gj7ssgq10f62x457n-perl5.32.0-CPAN-Common-Index-0.010/lib/pkgconfig m4datadir=/nix/store/jqv8p4dihvq97k6gj7ssgq10f62x457n-perl5.32.0-CPAN-Common-Index-0.010/share/aclocal aclocaldir=/nix/store/jqv8p4dihvq97k6gj7ssgq10f62x457n-perl5.32.0-CPAN-Common-Index-0.010/share/aclocal install
Manifying 5 pod documents
Installing /nix/store/jqv8p4dihvq97k6gj7ssgq10f62x457n-perl5.32.0-CPAN-Common-Index-0.010/lib/perl5/site_perl/5.32.0/CPAN/Common/Index.pm
Installing /nix/store/jqv8p4dihvq97k6gj7ssgq10f62x457n-perl5.32.0-CPAN-Common-Index-0.010/lib/perl5/site_perl/5.32.0/CPAN/Common/Index/LocalPackage.pm
Installing /nix/store/jqv8p4dihvq97k6gj7ssgq10f62x457n-perl5.32.0-CPAN-Common-Index-0.010/lib/perl5/site_perl/5.32.0/CPAN/Common/Index/MetaDB.pm
Installing /nix/store/jqv8p4dihvq97k6gj7ssgq10f62x457n-perl5.32.0-CPAN-Common-Index-0.010/lib/perl5/site_perl/5.32.0/CPAN/Common/Index/Mirror.pm
Installing /nix/store/jqv8p4dihvq97k6gj7ssgq10f62x457n-perl5.32.0-CPAN-Common-Index-0.010/lib/perl5/site_perl/5.32.0/CPAN/Common/Index/Mux/Ordered.pm
Installing /nix/store/jqv8p4dihvq97k6gj7ssgq10f62x457n-perl5.32.0-CPAN-Common-Index-0.010/share/man/man3/CPAN::Common::Index.3
Installing /nix/store/jqv8p4dihvq97k6gj7ssgq10f62x457n-perl5.32.0-CPAN-Common-Index-0.010/share/man/man3/CPAN::Common::Index::Mirror.3
Installing /nix/store/jqv8p4dihvq97k6gj7ssgq10f62x457n-perl5.32.0-CPAN-Common-Index-0.010/share/man/man3/CPAN::Common::Index::MetaDB.3
Installing /nix/store/jqv8p4dihvq97k6gj7ssgq10f62x457n-perl5.32.0-CPAN-Common-Index-0.010/share/man/man3/CPAN::Common::Index::Mux::Ordered.3
Installing /nix/store/jqv8p4dihvq97k6gj7ssgq10f62x457n-perl5.32.0-CPAN-Common-Index-0.010/share/man/man3/CPAN::Common::Index::LocalPackage.3
Appending installation info to /nix/store/jqv8p4dihvq97k6gj7ssgq10f62x457n-perl5.32.0-CPAN-Common-Index-0.010/lib/perl5/5.32.0/x86_64-linux-thread-multi/perllocal.pod
post-installation fixup
Moving /nix/store/jqv8p4dihvq97k6gj7ssgq10f62x457n-perl5.32.0-CPAN-Common-Index-0.010/share/man/man3 to /nix/store/aasm2qls5aw41nbiqlma8i07xqfdni23-perl5.32.0-CPAN-Common-Index-0.010-devdoc/share/man/man3
Removing empty /nix/store/jqv8p4dihvq97k6gj7ssgq10f62x457n-perl5.32.0-CPAN-Common-Index-0.010/share/man/ and (possibly) its parents
shrinking RPATHs of ELF executables and libraries in /nix/store/jqv8p4dihvq97k6gj7ssgq10f62x457n-perl5.32.0-CPAN-Common-Index-0.010
strip is /nix/store/psyzbhp4p088sb9qcs378hfbslcalasl-binutils-2.31.1/bin/strip
stripping (with command strip and flags -S) in /nix/store/jqv8p4dihvq97k6gj7ssgq10f62x457n-perl5.32.0-CPAN-Common-Index-0.010/lib
patching script interpreter paths in /nix/store/jqv8p4dihvq97k6gj7ssgq10f62x457n-perl5.32.0-CPAN-Common-Index-0.010
checking for references to /build/ in /nix/store/jqv8p4dihvq97k6gj7ssgq10f62x457n-perl5.32.0-CPAN-Common-Index-0.010...
shrinking RPATHs of ELF executables and libraries in /nix/store/aasm2qls5aw41nbiqlma8i07xqfdni23-perl5.32.0-CPAN-Common-Index-0.010-devdoc
gzipping man pages under /nix/store/aasm2qls5aw41nbiqlma8i07xqfdni23-perl5.32.0-CPAN-Common-Index-0.010-devdoc/share/man/
strip is /nix/store/psyzbhp4p088sb9qcs378hfbslcalasl-binutils-2.31.1/bin/strip
patching script interpreter paths in /nix/store/aasm2qls5aw41nbiqlma8i07xqfdni23-perl5.32.0-CPAN-Common-Index-0.010-devdoc
checking for references to /build/ in /nix/store/aasm2qls5aw41nbiqlma8i07xqfdni23-perl5.32.0-CPAN-Common-Index-0.010-devdoc...
building '/nix/store/3da2z7wz8g8zxy11dn6nfygy4r8vbxj6-perl5.32.0-Menlo-1.9019.drv'...
unpacking sources
unpacking source archive /nix/store/n1168nf26fxqinczpa0r56knv9hhvchz-Menlo-1.9019.tar.gz
source root is Menlo-1.9019
setting SOURCE_DATE_EPOCH to timestamp 1524647850 of file Menlo-1.9019/t/basic.t
patching sources
configuring
patching ./t/author-pod-syntax.t...
Checking if your kit is complete...
Looks good
Generating a Unix-style Makefile
Writing Makefile for Menlo
Writing MYMETA.yml and MYMETA.json
no configure script, doing nothing
building
build flags: SHELL=/nix/store/9fqwwd4iybmhjqyxiaxycknslw6bgwh1-bash-4.4-p23/bin/bash
cp lib/Menlo/Index/MetaDB.pm blib/lib/Menlo/Index/MetaDB.pm
cp lib/Menlo.pm blib/lib/Menlo.pm
cp lib/Menlo/Index/Mirror.pm blib/lib/Menlo/Index/Mirror.pm
cp lib/Menlo/Builder/Static.pm blib/lib/Menlo/Builder/Static.pm
cp lib/Menlo/Dependency.pm blib/lib/Menlo/Dependency.pm
cp lib/Menlo/Index/MetaCPAN.pm blib/lib/Menlo/Index/MetaCPAN.pm
cp lib/Menlo/Util.pm blib/lib/Menlo/Util.pm
Manifying 4 pod documents
running tests
check flags: SHELL=/nix/store/9fqwwd4iybmhjqyxiaxycknslw6bgwh1-bash-4.4-p23/bin/bash VERBOSE=y test
PERL_DL_NONLAZY=1 "/nix/store/7c044di03qa7qgr5kjjc2d787aspzp0m-perl-5.32.0/bin/perl" "-MExtUtils::Command::MM" "-MTest::Harness" "-e" "undef *Test::Harness::Switches; test_harness(0, 'blib/lib', 'blib/arch')" t/*.t
t/author-pod-syntax.t .. skipped: these tests are for testing by the author
t/basic.t .............. ok
All tests successful.
Files=2, Tests=1,  1 wallclock secs ( 0.03 usr  0.02 sys +  0.07 cusr  0.04 csys =  0.16 CPU)
Result: PASS
installing
install flags: SHELL=/nix/store/9fqwwd4iybmhjqyxiaxycknslw6bgwh1-bash-4.4-p23/bin/bash pkgconfigdir=/nix/store/kaic91wdyz8ymarrgz5bcwjpk7i6s15a-perl5.32.0-Menlo-1.9019/lib/pkgconfig m4datadir=/nix/store/kaic91wdyz8ymarrgz5bcwjpk7i6s15a-perl5.32.0-Menlo-1.9019/share/aclocal aclocaldir=/nix/store/kaic91wdyz8ymarrgz5bcwjpk7i6s15a-perl5.32.0-Menlo-1.9019/share/aclocal install
Manifying 4 pod documents
Installing /nix/store/kaic91wdyz8ymarrgz5bcwjpk7i6s15a-perl5.32.0-Menlo-1.9019/lib/perl5/site_perl/5.32.0/Menlo.pm
Installing /nix/store/kaic91wdyz8ymarrgz5bcwjpk7i6s15a-perl5.32.0-Menlo-1.9019/lib/perl5/site_perl/5.32.0/Menlo/Util.pm
Installing /nix/store/kaic91wdyz8ymarrgz5bcwjpk7i6s15a-perl5.32.0-Menlo-1.9019/lib/perl5/site_perl/5.32.0/Menlo/Dependency.pm
Installing /nix/store/kaic91wdyz8ymarrgz5bcwjpk7i6s15a-perl5.32.0-Menlo-1.9019/lib/perl5/site_perl/5.32.0/Menlo/Index/MetaDB.pm
Installing /nix/store/kaic91wdyz8ymarrgz5bcwjpk7i6s15a-perl5.32.0-Menlo-1.9019/lib/perl5/site_perl/5.32.0/Menlo/Index/Mirror.pm
Installing /nix/store/kaic91wdyz8ymarrgz5bcwjpk7i6s15a-perl5.32.0-Menlo-1.9019/lib/perl5/site_perl/5.32.0/Menlo/Index/MetaCPAN.pm
Installing /nix/store/kaic91wdyz8ymarrgz5bcwjpk7i6s15a-perl5.32.0-Menlo-1.9019/lib/perl5/site_perl/5.32.0/Menlo/Builder/Static.pm
Installing /nix/store/kaic91wdyz8ymarrgz5bcwjpk7i6s15a-perl5.32.0-Menlo-1.9019/share/man/man3/Menlo::Index::MetaCPAN.3
Installing /nix/store/kaic91wdyz8ymarrgz5bcwjpk7i6s15a-perl5.32.0-Menlo-1.9019/share/man/man3/Menlo.3
Installing /nix/store/kaic91wdyz8ymarrgz5bcwjpk7i6s15a-perl5.32.0-Menlo-1.9019/share/man/man3/Menlo::Index::MetaDB.3
Installing /nix/store/kaic91wdyz8ymarrgz5bcwjpk7i6s15a-perl5.32.0-Menlo-1.9019/share/man/man3/Menlo::Builder::Static.3
Appending installation info to /nix/store/kaic91wdyz8ymarrgz5bcwjpk7i6s15a-perl5.32.0-Menlo-1.9019/lib/perl5/5.32.0/x86_64-linux-thread-multi/perllocal.pod
post-installation fixup
Moving /nix/store/kaic91wdyz8ymarrgz5bcwjpk7i6s15a-perl5.32.0-Menlo-1.9019/share/man/man3 to /nix/store/dwcciysnw9m4zd747kl7bx61mxxd7885-perl5.32.0-Menlo-1.9019-devdoc/share/man/man3
Removing empty /nix/store/kaic91wdyz8ymarrgz5bcwjpk7i6s15a-perl5.32.0-Menlo-1.9019/share/man/ and (possibly) its parents
shrinking RPATHs of ELF executables and libraries in /nix/store/kaic91wdyz8ymarrgz5bcwjpk7i6s15a-perl5.32.0-Menlo-1.9019
strip is /nix/store/psyzbhp4p088sb9qcs378hfbslcalasl-binutils-2.31.1/bin/strip
stripping (with command strip and flags -S) in /nix/store/kaic91wdyz8ymarrgz5bcwjpk7i6s15a-perl5.32.0-Menlo-1.9019/lib
patching script interpreter paths in /nix/store/kaic91wdyz8ymarrgz5bcwjpk7i6s15a-perl5.32.0-Menlo-1.9019
checking for references to /build/ in /nix/store/kaic91wdyz8ymarrgz5bcwjpk7i6s15a-perl5.32.0-Menlo-1.9019...
shrinking RPATHs of ELF executables and libraries in /nix/store/dwcciysnw9m4zd747kl7bx61mxxd7885-perl5.32.0-Menlo-1.9019-devdoc
gzipping man pages under /nix/store/dwcciysnw9m4zd747kl7bx61mxxd7885-perl5.32.0-Menlo-1.9019-devdoc/share/man/
strip is /nix/store/psyzbhp4p088sb9qcs378hfbslcalasl-binutils-2.31.1/bin/strip
patching script interpreter paths in /nix/store/dwcciysnw9m4zd747kl7bx61mxxd7885-perl5.32.0-Menlo-1.9019-devdoc
checking for references to /build/ in /nix/store/dwcciysnw9m4zd747kl7bx61mxxd7885-perl5.32.0-Menlo-1.9019-devdoc...
building '/nix/store/zj28pqkk1w0p56yxzipgp9aklxm7m7gs-perl5.32.0-Menlo-Legacy-1.9022.drv'...
unpacking sources
unpacking source archive /nix/store/bqhbk2lm2xzhzqjr839c8gl3flipxjil-Menlo-Legacy-1.9022.tar.gz
source root is Menlo-Legacy-1.9022
setting SOURCE_DATE_EPOCH to timestamp 1530203768 of file Menlo-Legacy-1.9022/t/basic.t
patching sources
configuring
patching ./t/author-pod-syntax.t...
Checking if your kit is complete...
Looks good
Generating a Unix-style Makefile
Writing Makefile for Menlo::Legacy
Writing MYMETA.yml and MYMETA.json
no configure script, doing nothing
building
build flags: SHELL=/nix/store/9fqwwd4iybmhjqyxiaxycknslw6bgwh1-bash-4.4-p23/bin/bash
cp lib/Menlo/CLI/Compat.pm blib/lib/Menlo/CLI/Compat.pm
cp lib/Menlo/Legacy.pm blib/lib/Menlo/Legacy.pm
Manifying 2 pod documents
running tests
check flags: SHELL=/nix/store/9fqwwd4iybmhjqyxiaxycknslw6bgwh1-bash-4.4-p23/bin/bash VERBOSE=y test
PERL_DL_NONLAZY=1 "/nix/store/7c044di03qa7qgr5kjjc2d787aspzp0m-perl-5.32.0/bin/perl" "-MExtUtils::Command::MM" "-MTest::Harness" "-e" "undef *Test::Harness::Switches; test_harness(0, 'blib/lib', 'blib/arch')" t/*.t
t/author-pod-syntax.t .. skipped: these tests are for testing by the author
t/basic.t .............. ok
All tests successful.
Files=2, Tests=1,  0 wallclock secs ( 0.02 usr  0.02 sys +  0.07 cusr  0.05 csys =  0.16 CPU)
Result: PASS
installing
install flags: SHELL=/nix/store/9fqwwd4iybmhjqyxiaxycknslw6bgwh1-bash-4.4-p23/bin/bash pkgconfigdir=/nix/store/3i33pnhp5gjn0gdhxy9gscdyfv92hj7b-perl5.32.0-Menlo-Legacy-1.9022/lib/pkgconfig m4datadir=/nix/store/3i33pnhp5gjn0gdhxy9gscdyfv92hj7b-perl5.32.0-Menlo-Legacy-1.9022/share/aclocal aclocaldir=/nix/store/3i33pnhp5gjn0gdhxy9gscdyfv92hj7b-perl5.32.0-Menlo-Legacy-1.9022/share/aclocal install
Manifying 2 pod documents
Installing /nix/store/3i33pnhp5gjn0gdhxy9gscdyfv92hj7b-perl5.32.0-Menlo-Legacy-1.9022/lib/perl5/site_perl/5.32.0/Menlo/Legacy.pm
Installing /nix/store/3i33pnhp5gjn0gdhxy9gscdyfv92hj7b-perl5.32.0-Menlo-Legacy-1.9022/lib/perl5/site_perl/5.32.0/Menlo/CLI/Compat.pm
Installing /nix/store/3i33pnhp5gjn0gdhxy9gscdyfv92hj7b-perl5.32.0-Menlo-Legacy-1.9022/share/man/man3/Menlo::CLI::Compat.3
Installing /nix/store/3i33pnhp5gjn0gdhxy9gscdyfv92hj7b-perl5.32.0-Menlo-Legacy-1.9022/share/man/man3/Menlo::Legacy.3
Appending installation info to /nix/store/3i33pnhp5gjn0gdhxy9gscdyfv92hj7b-perl5.32.0-Menlo-Legacy-1.9022/lib/perl5/5.32.0/x86_64-linux-thread-multi/perllocal.pod
post-installation fixup
Moving /nix/store/3i33pnhp5gjn0gdhxy9gscdyfv92hj7b-perl5.32.0-Menlo-Legacy-1.9022/share/man/man3 to /nix/store/n8dp8piifbzjww3i2vcxhlc4r5d33fsf-perl5.32.0-Menlo-Legacy-1.9022-devdoc/share/man/man3
Removing empty /nix/store/3i33pnhp5gjn0gdhxy9gscdyfv92hj7b-perl5.32.0-Menlo-Legacy-1.9022/share/man/ and (possibly) its parents
shrinking RPATHs of ELF executables and libraries in /nix/store/3i33pnhp5gjn0gdhxy9gscdyfv92hj7b-perl5.32.0-Menlo-Legacy-1.9022
strip is /nix/store/psyzbhp4p088sb9qcs378hfbslcalasl-binutils-2.31.1/bin/strip
stripping (with command strip and flags -S) in /nix/store/3i33pnhp5gjn0gdhxy9gscdyfv92hj7b-perl5.32.0-Menlo-Legacy-1.9022/lib
patching script interpreter paths in /nix/store/3i33pnhp5gjn0gdhxy9gscdyfv92hj7b-perl5.32.0-Menlo-Legacy-1.9022
checking for references to /build/ in /nix/store/3i33pnhp5gjn0gdhxy9gscdyfv92hj7b-perl5.32.0-Menlo-Legacy-1.9022...
shrinking RPATHs of ELF executables and libraries in /nix/store/n8dp8piifbzjww3i2vcxhlc4r5d33fsf-perl5.32.0-Menlo-Legacy-1.9022-devdoc
gzipping man pages under /nix/store/n8dp8piifbzjww3i2vcxhlc4r5d33fsf-perl5.32.0-Menlo-Legacy-1.9022-devdoc/share/man/
strip is /nix/store/psyzbhp4p088sb9qcs378hfbslcalasl-binutils-2.31.1/bin/strip
patching script interpreter paths in /nix/store/n8dp8piifbzjww3i2vcxhlc4r5d33fsf-perl5.32.0-Menlo-Legacy-1.9022-devdoc
checking for references to /build/ in /nix/store/n8dp8piifbzjww3i2vcxhlc4r5d33fsf-perl5.32.0-Menlo-Legacy-1.9022-devdoc...
building '/nix/store/wzfafhja0fljy0hkki1myr8960krpgdx-perl5.32.0-Carton-1.0.34.drv'...
unpacking sources
unpacking source archive /nix/store/0plr0zj7r3dxzrnn9aczygjij1k1kjhi-Carton-v1.0.34.tar.gz
source root is Carton-v1.0.34
setting SOURCE_DATE_EPOCH to timestamp 1530207484 of file Carton-v1.0.34/xt/mirror/modules/02packages.details.txt.gz
patching sources
configuring
patching ./script/carton...
patching ./t/author-pod-syntax.t...
Checking if your kit is complete...
Looks good
Generating a Unix-style Makefile
Writing Makefile for Carton
Writing MYMETA.yml and MYMETA.json
no configure script, doing nothing
building
build flags: SHELL=/nix/store/9fqwwd4iybmhjqyxiaxycknslw6bgwh1-bash-4.4-p23/bin/bash
cp lib/Carton/Doc/Update.pod blib/lib/Carton/Doc/Update.pod
cp lib/Carton/Dist.pm blib/lib/Carton/Dist.pm
cp lib/Carton/Doc/Check.pod blib/lib/Carton/Doc/Check.pod
cp lib/Carton/Doc/Install.pod blib/lib/Carton/Doc/Install.pod
cp lib/Carton/CPANfile.pm blib/lib/Carton/CPANfile.pm
cp lib/Carton/Index.pm blib/lib/Carton/Index.pm
cp lib/Carton/Error.pm blib/lib/Carton/Error.pm
cp lib/Carton/Doc/Tree.pod blib/lib/Carton/Doc/Tree.pod
cp lib/Carton.pm blib/lib/Carton.pm
cp lib/Carton/CLI.pm blib/lib/Carton/CLI.pm
cp lib/Carton/Doc/Exec.pod blib/lib/Carton/Doc/Exec.pod
cp lib/Carton/Builder.pm blib/lib/Carton/Builder.pm
cp lib/Carton/Packer.pm blib/lib/Carton/Packer.pm
cp lib/Carton/Dependency.pm blib/lib/Carton/Dependency.pm
cp lib/Carton/Dist/Core.pm blib/lib/Carton/Dist/Core.pm
cp lib/Carton/Package.pm blib/lib/Carton/Package.pm
cp lib/Carton/Doc/Version.pod blib/lib/Carton/Doc/Version.pod
cp lib/Carton/Doc/Show.pod blib/lib/Carton/Doc/Show.pod
cp lib/Carton/Snapshot/Emitter.pm blib/lib/Carton/Snapshot/Emitter.pm
cp lib/Carton/Doc/Fatpack.pod blib/lib/Carton/Doc/Fatpack.pod
cp lib/Carton/Doc/Bundle.pod blib/lib/Carton/Doc/Bundle.pod
cp lib/Carton/Environment.pm blib/lib/Carton/Environment.pm
cp lib/Carton/Mirror.pm blib/lib/Carton/Mirror.pm
cp lib/Carton/Doc/FAQ.pod blib/lib/Carton/Doc/FAQ.pod
cp lib/Carton/Snapshot/Parser.pm blib/lib/Carton/Snapshot/Parser.pm
cp lib/Carton/Doc/Upgrading.pod blib/lib/Carton/Doc/Upgrading.pod
cp lib/Carton/Util.pm blib/lib/Carton/Util.pm
cp lib/Carton/Snapshot.pm blib/lib/Carton/Snapshot.pm
cp lib/Carton/Doc/List.pod blib/lib/Carton/Doc/List.pod
cp lib/Carton/Tree.pm blib/lib/Carton/Tree.pm
cp script/carton blib/script/carton
"/nix/store/7c044di03qa7qgr5kjjc2d787aspzp0m-perl-5.32.0/bin/perl" -MExtUtils::MY -e 'MY->fixin(shift)' -- blib/script/carton
Manifying 1 pod document
Manifying 13 pod documents
running tests
check flags: SHELL=/nix/store/9fqwwd4iybmhjqyxiaxycknslw6bgwh1-bash-4.4-p23/bin/bash VERBOSE=y test
PERL_DL_NONLAZY=1 "/nix/store/7c044di03qa7qgr5kjjc2d787aspzp0m-perl-5.32.0/bin/perl" "-MExtUtils::Command::MM" "-MTest::Harness" "-e" "undef *Test::Harness::Switches; test_harness(0, 'blib/lib', 'blib/arch')" t/*.t
t/author-pod-syntax.t .. skipped: these tests are for testing by the author
Files=1, Tests=0,  0 wallclock secs ( 0.03 usr +  0.02 sys =  0.05 CPU)
Result: NOTESTS
installing
install flags: SHELL=/nix/store/9fqwwd4iybmhjqyxiaxycknslw6bgwh1-bash-4.4-p23/bin/bash pkgconfigdir=/nix/store/izx6s6djcl5wk8ivkkva6rqrl6wrc2k9-perl5.32.0-Carton-1.0.34/lib/pkgconfig m4datadir=/nix/store/izx6s6djcl5wk8ivkkva6rqrl6wrc2k9-perl5.32.0-Carton-1.0.34/share/aclocal aclocaldir=/nix/store/izx6s6djcl5wk8ivkkva6rqrl6wrc2k9-perl5.32.0-Carton-1.0.34/share/aclocal install
Manifying 1 pod document
Manifying 13 pod documents
Installing /nix/store/izx6s6djcl5wk8ivkkva6rqrl6wrc2k9-perl5.32.0-Carton-1.0.34/lib/perl5/site_perl/5.32.0/Carton.pm
Installing /nix/store/izx6s6djcl5wk8ivkkva6rqrl6wrc2k9-perl5.32.0-Carton-1.0.34/lib/perl5/site_perl/5.32.0/Carton/CLI.pm
Installing /nix/store/izx6s6djcl5wk8ivkkva6rqrl6wrc2k9-perl5.32.0-Carton-1.0.34/lib/perl5/site_perl/5.32.0/Carton/Dist.pm
Installing /nix/store/izx6s6djcl5wk8ivkkva6rqrl6wrc2k9-perl5.32.0-Carton-1.0.34/lib/perl5/site_perl/5.32.0/Carton/Package.pm
Installing /nix/store/izx6s6djcl5wk8ivkkva6rqrl6wrc2k9-perl5.32.0-Carton-1.0.34/lib/perl5/site_perl/5.32.0/Carton/CPANfile.pm
Installing /nix/store/izx6s6djcl5wk8ivkkva6rqrl6wrc2k9-perl5.32.0-Carton-1.0.34/lib/perl5/site_perl/5.32.0/Carton/Util.pm
Installing /nix/store/izx6s6djcl5wk8ivkkva6rqrl6wrc2k9-perl5.32.0-Carton-1.0.34/lib/perl5/site_perl/5.32.0/Carton/Mirror.pm
Installing /nix/store/izx6s6djcl5wk8ivkkva6rqrl6wrc2k9-perl5.32.0-Carton-1.0.34/lib/perl5/site_perl/5.32.0/Carton/Dependency.pm
Installing /nix/store/izx6s6djcl5wk8ivkkva6rqrl6wrc2k9-perl5.32.0-Carton-1.0.34/lib/perl5/site_perl/5.32.0/Carton/Environment.pm
Installing /nix/store/izx6s6djcl5wk8ivkkva6rqrl6wrc2k9-perl5.32.0-Carton-1.0.34/lib/perl5/site_perl/5.32.0/Carton/Snapshot.pm
Installing /nix/store/izx6s6djcl5wk8ivkkva6rqrl6wrc2k9-perl5.32.0-Carton-1.0.34/lib/perl5/site_perl/5.32.0/Carton/Tree.pm
Installing /nix/store/izx6s6djcl5wk8ivkkva6rqrl6wrc2k9-perl5.32.0-Carton-1.0.34/lib/perl5/site_perl/5.32.0/Carton/Packer.pm
Installing /nix/store/izx6s6djcl5wk8ivkkva6rqrl6wrc2k9-perl5.32.0-Carton-1.0.34/lib/perl5/site_perl/5.32.0/Carton/Index.pm
Installing /nix/store/izx6s6djcl5wk8ivkkva6rqrl6wrc2k9-perl5.32.0-Carton-1.0.34/lib/perl5/site_perl/5.32.0/Carton/Error.pm
Installing /nix/store/izx6s6djcl5wk8ivkkva6rqrl6wrc2k9-perl5.32.0-Carton-1.0.34/lib/perl5/site_perl/5.32.0/Carton/Builder.pm
Installing /nix/store/izx6s6djcl5wk8ivkkva6rqrl6wrc2k9-perl5.32.0-Carton-1.0.34/lib/perl5/site_perl/5.32.0/Carton/Snapshot/Emitter.pm
Installing /nix/store/izx6s6djcl5wk8ivkkva6rqrl6wrc2k9-perl5.32.0-Carton-1.0.34/lib/perl5/site_perl/5.32.0/Carton/Snapshot/Parser.pm
Installing /nix/store/izx6s6djcl5wk8ivkkva6rqrl6wrc2k9-perl5.32.0-Carton-1.0.34/lib/perl5/site_perl/5.32.0/Carton/Dist/Core.pm
Installing /nix/store/izx6s6djcl5wk8ivkkva6rqrl6wrc2k9-perl5.32.0-Carton-1.0.34/lib/perl5/site_perl/5.32.0/Carton/Doc/Exec.pod
Installing /nix/store/izx6s6djcl5wk8ivkkva6rqrl6wrc2k9-perl5.32.0-Carton-1.0.34/lib/perl5/site_perl/5.32.0/Carton/Doc/Bundle.pod
Installing /nix/store/izx6s6djcl5wk8ivkkva6rqrl6wrc2k9-perl5.32.0-Carton-1.0.34/lib/perl5/site_perl/5.32.0/Carton/Doc/Version.pod
Installing /nix/store/izx6s6djcl5wk8ivkkva6rqrl6wrc2k9-perl5.32.0-Carton-1.0.34/lib/perl5/site_perl/5.32.0/Carton/Doc/Update.pod
Installing /nix/store/izx6s6djcl5wk8ivkkva6rqrl6wrc2k9-perl5.32.0-Carton-1.0.34/lib/perl5/site_perl/5.32.0/Carton/Doc/Check.pod
Installing /nix/store/izx6s6djcl5wk8ivkkva6rqrl6wrc2k9-perl5.32.0-Carton-1.0.34/lib/perl5/site_perl/5.32.0/Carton/Doc/Show.pod
Installing /nix/store/izx6s6djcl5wk8ivkkva6rqrl6wrc2k9-perl5.32.0-Carton-1.0.34/lib/perl5/site_perl/5.32.0/Carton/Doc/List.pod
Installing /nix/store/izx6s6djcl5wk8ivkkva6rqrl6wrc2k9-perl5.32.0-Carton-1.0.34/lib/perl5/site_perl/5.32.0/Carton/Doc/Upgrading.pod
Installing /nix/store/izx6s6djcl5wk8ivkkva6rqrl6wrc2k9-perl5.32.0-Carton-1.0.34/lib/perl5/site_perl/5.32.0/Carton/Doc/Fatpack.pod
Installing /nix/store/izx6s6djcl5wk8ivkkva6rqrl6wrc2k9-perl5.32.0-Carton-1.0.34/lib/perl5/site_perl/5.32.0/Carton/Doc/Tree.pod
Installing /nix/store/izx6s6djcl5wk8ivkkva6rqrl6wrc2k9-perl5.32.0-Carton-1.0.34/lib/perl5/site_perl/5.32.0/Carton/Doc/FAQ.pod
Installing /nix/store/izx6s6djcl5wk8ivkkva6rqrl6wrc2k9-perl5.32.0-Carton-1.0.34/lib/perl5/site_perl/5.32.0/Carton/Doc/Install.pod
Installing /nix/store/izx6s6djcl5wk8ivkkva6rqrl6wrc2k9-perl5.32.0-Carton-1.0.34/share/man/man1/carton.1
Installing /nix/store/izx6s6djcl5wk8ivkkva6rqrl6wrc2k9-perl5.32.0-Carton-1.0.34/share/man/man3/Carton::Doc::Install.3
Installing /nix/store/izx6s6djcl5wk8ivkkva6rqrl6wrc2k9-perl5.32.0-Carton-1.0.34/share/man/man3/Carton::Doc::Exec.3
Installing /nix/store/izx6s6djcl5wk8ivkkva6rqrl6wrc2k9-perl5.32.0-Carton-1.0.34/share/man/man3/Carton::Doc::Check.3
Installing /nix/store/izx6s6djcl5wk8ivkkva6rqrl6wrc2k9-perl5.32.0-Carton-1.0.34/share/man/man3/Carton::Doc::Upgrading.3
Installing /nix/store/izx6s6djcl5wk8ivkkva6rqrl6wrc2k9-perl5.32.0-Carton-1.0.34/share/man/man3/Carton::Doc::Update.3
Installing /nix/store/izx6s6djcl5wk8ivkkva6rqrl6wrc2k9-perl5.32.0-Carton-1.0.34/share/man/man3/Carton.3
Installing /nix/store/izx6s6djcl5wk8ivkkva6rqrl6wrc2k9-perl5.32.0-Carton-1.0.34/share/man/man3/Carton::Doc::Bundle.3
Installing /nix/store/izx6s6djcl5wk8ivkkva6rqrl6wrc2k9-perl5.32.0-Carton-1.0.34/share/man/man3/Carton::Doc::FAQ.3
Installing /nix/store/izx6s6djcl5wk8ivkkva6rqrl6wrc2k9-perl5.32.0-Carton-1.0.34/share/man/man3/Carton::Doc::Version.3
Installing /nix/store/izx6s6djcl5wk8ivkkva6rqrl6wrc2k9-perl5.32.0-Carton-1.0.34/share/man/man3/Carton::Doc::Fatpack.3
Installing /nix/store/izx6s6djcl5wk8ivkkva6rqrl6wrc2k9-perl5.32.0-Carton-1.0.34/share/man/man3/Carton::Doc::Tree.3
Installing /nix/store/izx6s6djcl5wk8ivkkva6rqrl6wrc2k9-perl5.32.0-Carton-1.0.34/share/man/man3/Carton::Doc::List.3
Installing /nix/store/izx6s6djcl5wk8ivkkva6rqrl6wrc2k9-perl5.32.0-Carton-1.0.34/share/man/man3/Carton::Doc::Show.3
Installing /nix/store/izx6s6djcl5wk8ivkkva6rqrl6wrc2k9-perl5.32.0-Carton-1.0.34/bin/carton
Appending installation info to /nix/store/izx6s6djcl5wk8ivkkva6rqrl6wrc2k9-perl5.32.0-Carton-1.0.34/lib/perl5/5.32.0/x86_64-linux-thread-multi/perllocal.pod
post-installation fixup
Moving /nix/store/izx6s6djcl5wk8ivkkva6rqrl6wrc2k9-perl5.32.0-Carton-1.0.34/share/man/man3 to /nix/store/18sc8vj90fdnp11g6ymnwczcnyr1n5kp-perl5.32.0-Carton-1.0.34-devdoc/share/man/man3
rmdir: failed to remove '/nix/store/izx6s6djcl5wk8ivkkva6rqrl6wrc2k9-perl5.32.0-Carton-1.0.34/share/man': Directory not empty
shrinking RPATHs of ELF executables and libraries in /nix/store/izx6s6djcl5wk8ivkkva6rqrl6wrc2k9-perl5.32.0-Carton-1.0.34
gzipping man pages under /nix/store/izx6s6djcl5wk8ivkkva6rqrl6wrc2k9-perl5.32.0-Carton-1.0.34/share/man/
strip is /nix/store/psyzbhp4p088sb9qcs378hfbslcalasl-binutils-2.31.1/bin/strip
stripping (with command strip and flags -S) in /nix/store/izx6s6djcl5wk8ivkkva6rqrl6wrc2k9-perl5.32.0-Carton-1.0.34/lib  /nix/store/izx6s6djcl5wk8ivkkva6rqrl6wrc2k9-perl5.32.0-Carton-1.0.34/bin
patching script interpreter paths in /nix/store/izx6s6djcl5wk8ivkkva6rqrl6wrc2k9-perl5.32.0-Carton-1.0.34
checking for references to /build/ in /nix/store/izx6s6djcl5wk8ivkkva6rqrl6wrc2k9-perl5.32.0-Carton-1.0.34...
shrinking RPATHs of ELF executables and libraries in /nix/store/18sc8vj90fdnp11g6ymnwczcnyr1n5kp-perl5.32.0-Carton-1.0.34-devdoc
gzipping man pages under /nix/store/18sc8vj90fdnp11g6ymnwczcnyr1n5kp-perl5.32.0-Carton-1.0.34-devdoc/share/man/
strip is /nix/store/psyzbhp4p088sb9qcs378hfbslcalasl-binutils-2.31.1/bin/strip
patching script interpreter paths in /nix/store/18sc8vj90fdnp11g6ymnwczcnyr1n5kp-perl5.32.0-Carton-1.0.34-devdoc
checking for references to /build/ in /nix/store/18sc8vj90fdnp11g6ymnwczcnyr1n5kp-perl5.32.0-Carton-1.0.34-devdoc...
/nix/store/izx6s6djcl5wk8ivkkva6rqrl6wrc2k9-perl5.32.0-Carton-1.0.34
