these derivations will be built:
  /nix/store/8k4d9sajw09y36qhqnz60is7if0pcc73-perl5.32.0-Catalyst-Plugin-Cache-0.12.drv
these paths will be fetched (0.03 MiB download, 0.03 MiB unpacked):
  /nix/store/yl4y2vqm0ns7jpaq6vclww8kcii0jxh0-Catalyst-Plugin-Cache-0.12.tar.gz
copying path '/nix/store/yl4y2vqm0ns7jpaq6vclww8kcii0jxh0-Catalyst-Plugin-Cache-0.12.tar.gz' from 'https://cache.nixos.org'...
building '/nix/store/8k4d9sajw09y36qhqnz60is7if0pcc73-perl5.32.0-Catalyst-Plugin-Cache-0.12.drv'...
unpacking sources
unpacking source archive /nix/store/yl4y2vqm0ns7jpaq6vclww8kcii0jxh0-Catalyst-Plugin-Cache-0.12.tar.gz
source root is Catalyst-Plugin-Cache-0.12
setting SOURCE_DATE_EPOCH to timestamp 1361803505 of file Catalyst-Plugin-Cache-0.12/MYMETA.json
patching sources
configuring
patching ./t/key_regexes.t...
patching ./t/currying_conf.t...
patching ./t/config_guess_backend.t...
patching ./t/lib/CacheTestApp.pm...
patching ./t/lib/CacheTestApp/Controller/Root.pm...
patching ./t/basic.t...
patching ./t/live_app.t...
patching ./t/config_backend_class.t...
patching ./lib/Catalyst/Plugin/Cache/Backend.pm...
patching ./lib/Catalyst/Plugin/Cache/Store/Memory.pm...
patching ./lib/Catalyst/Plugin/Cache/Curried.pm...
patching ./lib/Catalyst/Plugin/Cache/Backend/Memory.pm...
patching ./lib/Catalyst/Plugin/Cache/Choose/KeyRegexes.pm...
patching ./lib/Catalyst/Plugin/Cache.pm...
Cannot determine perl version info from lib/Catalyst/Plugin/Cache.pm
Checking if your kit is complete...
Looks good
Generating a Unix-style Makefile
Writing Makefile for Catalyst::Plugin::Cache
Writing MYMETA.yml and MYMETA.json
no configure script, doing nothing
building
build flags: SHELL=/nix/store/9fqwwd4iybmhjqyxiaxycknslw6bgwh1-bash-4.4-p23/bin/bash
cp lib/Catalyst/Plugin/Cache/Curried.pm blib/lib/Catalyst/Plugin/Cache/Curried.pm
cp lib/Catalyst/Plugin/Cache.pm blib/lib/Catalyst/Plugin/Cache.pm
cp lib/Catalyst/Plugin/Cache/Backend.pm blib/lib/Catalyst/Plugin/Cache/Backend.pm
cp lib/Catalyst/Plugin/Cache/Store/Memory.pm blib/lib/Catalyst/Plugin/Cache/Store/Memory.pm
cp lib/Catalyst/Plugin/Cache/Backend/Memory.pm blib/lib/Catalyst/Plugin/Cache/Backend/Memory.pm
cp lib/Catalyst/Plugin/Cache/Store.pod blib/lib/Catalyst/Plugin/Cache/Store.pod
cp lib/Catalyst/Plugin/Cache/Choose/KeyRegexes.pm blib/lib/Catalyst/Plugin/Cache/Choose/KeyRegexes.pm
Manifying 7 pod documents
running tests
check flags: SHELL=/nix/store/9fqwwd4iybmhjqyxiaxycknslw6bgwh1-bash-4.4-p23/bin/bash VERBOSE=y test
PERL_DL_NONLAZY=1 "/nix/store/7c044di03qa7qgr5kjjc2d787aspzp0m-perl-5.32.0/bin/perl" "-MExtUtils::Command::MM" "-MTest::Harness" "-e" "undef *Test::Harness::Switches; test_harness(0, 'inc', 'blib/lib', 'blib/arch')" t/*.t
t/basic.t ................. ok
t/config_backend_class.t .. ok
t/config_guess_backend.t .. ok
t/currying_conf.t ......... ok
t/key_regexes.t ........... ok
t/live_app.t .............. skipped: Test::WWW::Mechanize::Catalyst is required for this test
All tests successful.
Files=6, Tests=60,  7 wallclock secs ( 0.10 usr  0.08 sys +  3.06 cusr  3.79 csys =  7.03 CPU)
Result: PASS
installing
install flags: SHELL=/nix/store/9fqwwd4iybmhjqyxiaxycknslw6bgwh1-bash-4.4-p23/bin/bash pkgconfigdir=/nix/store/pvjzr592vca9fprl00i70asarz22dr16-perl5.32.0-Catalyst-Plugin-Cache-0.12/lib/pkgconfig m4datadir=/nix/store/pvjzr592vca9fprl00i70asarz22dr16-perl5.32.0-Catalyst-Plugin-Cache-0.12/share/aclocal aclocaldir=/nix/store/pvjzr592vca9fprl00i70asarz22dr16-perl5.32.0-Catalyst-Plugin-Cache-0.12/share/aclocal install
Manifying 7 pod documents
Installing /nix/store/pvjzr592vca9fprl00i70asarz22dr16-perl5.32.0-Catalyst-Plugin-Cache-0.12/lib/perl5/site_perl/5.32.0/Catalyst/Plugin/Cache.pm
Installing /nix/store/pvjzr592vca9fprl00i70asarz22dr16-perl5.32.0-Catalyst-Plugin-Cache-0.12/lib/perl5/site_perl/5.32.0/Catalyst/Plugin/Cache/Backend.pm
Installing /nix/store/pvjzr592vca9fprl00i70asarz22dr16-perl5.32.0-Catalyst-Plugin-Cache-0.12/lib/perl5/site_perl/5.32.0/Catalyst/Plugin/Cache/Curried.pm
Installing /nix/store/pvjzr592vca9fprl00i70asarz22dr16-perl5.32.0-Catalyst-Plugin-Cache-0.12/lib/perl5/site_perl/5.32.0/Catalyst/Plugin/Cache/Store.pod
Installing /nix/store/pvjzr592vca9fprl00i70asarz22dr16-perl5.32.0-Catalyst-Plugin-Cache-0.12/lib/perl5/site_perl/5.32.0/Catalyst/Plugin/Cache/Store/Memory.pm
Installing /nix/store/pvjzr592vca9fprl00i70asarz22dr16-perl5.32.0-Catalyst-Plugin-Cache-0.12/lib/perl5/site_perl/5.32.0/Catalyst/Plugin/Cache/Backend/Memory.pm
Installing /nix/store/pvjzr592vca9fprl00i70asarz22dr16-perl5.32.0-Catalyst-Plugin-Cache-0.12/lib/perl5/site_perl/5.32.0/Catalyst/Plugin/Cache/Choose/KeyRegexes.pm
Installing /nix/store/pvjzr592vca9fprl00i70asarz22dr16-perl5.32.0-Catalyst-Plugin-Cache-0.12/share/man/man3/Catalyst::Plugin::Cache::Backend::Memory.3
Installing /nix/store/pvjzr592vca9fprl00i70asarz22dr16-perl5.32.0-Catalyst-Plugin-Cache-0.12/share/man/man3/Catalyst::Plugin::Cache::Choose::KeyRegexes.3
Installing /nix/store/pvjzr592vca9fprl00i70asarz22dr16-perl5.32.0-Catalyst-Plugin-Cache-0.12/share/man/man3/Catalyst::Plugin::Cache::Store::Memory.3
Installing /nix/store/pvjzr592vca9fprl00i70asarz22dr16-perl5.32.0-Catalyst-Plugin-Cache-0.12/share/man/man3/Catalyst::Plugin::Cache::Backend.3
Installing /nix/store/pvjzr592vca9fprl00i70asarz22dr16-perl5.32.0-Catalyst-Plugin-Cache-0.12/share/man/man3/Catalyst::Plugin::Cache::Store.3
Installing /nix/store/pvjzr592vca9fprl00i70asarz22dr16-perl5.32.0-Catalyst-Plugin-Cache-0.12/share/man/man3/Catalyst::Plugin::Cache.3
Installing /nix/store/pvjzr592vca9fprl00i70asarz22dr16-perl5.32.0-Catalyst-Plugin-Cache-0.12/share/man/man3/Catalyst::Plugin::Cache::Curried.3
Appending installation info to /nix/store/pvjzr592vca9fprl00i70asarz22dr16-perl5.32.0-Catalyst-Plugin-Cache-0.12/lib/perl5/5.32.0/x86_64-linux-thread-multi/perllocal.pod
post-installation fixup
Moving /nix/store/pvjzr592vca9fprl00i70asarz22dr16-perl5.32.0-Catalyst-Plugin-Cache-0.12/share/man/man3 to /nix/store/0l3j8zq06ycabj4lyy1227y1kf2l86r9-perl5.32.0-Catalyst-Plugin-Cache-0.12-devdoc/share/man/man3
Removing empty /nix/store/pvjzr592vca9fprl00i70asarz22dr16-perl5.32.0-Catalyst-Plugin-Cache-0.12/share/man/ and (possibly) its parents
shrinking RPATHs of ELF executables and libraries in /nix/store/pvjzr592vca9fprl00i70asarz22dr16-perl5.32.0-Catalyst-Plugin-Cache-0.12
strip is /nix/store/psyzbhp4p088sb9qcs378hfbslcalasl-binutils-2.31.1/bin/strip
stripping (with command strip and flags -S) in /nix/store/pvjzr592vca9fprl00i70asarz22dr16-perl5.32.0-Catalyst-Plugin-Cache-0.12/lib
patching script interpreter paths in /nix/store/pvjzr592vca9fprl00i70asarz22dr16-perl5.32.0-Catalyst-Plugin-Cache-0.12
checking for references to /build/ in /nix/store/pvjzr592vca9fprl00i70asarz22dr16-perl5.32.0-Catalyst-Plugin-Cache-0.12...
shrinking RPATHs of ELF executables and libraries in /nix/store/0l3j8zq06ycabj4lyy1227y1kf2l86r9-perl5.32.0-Catalyst-Plugin-Cache-0.12-devdoc
gzipping man pages under /nix/store/0l3j8zq06ycabj4lyy1227y1kf2l86r9-perl5.32.0-Catalyst-Plugin-Cache-0.12-devdoc/share/man/
strip is /nix/store/psyzbhp4p088sb9qcs378hfbslcalasl-binutils-2.31.1/bin/strip
patching script interpreter paths in /nix/store/0l3j8zq06ycabj4lyy1227y1kf2l86r9-perl5.32.0-Catalyst-Plugin-Cache-0.12-devdoc
checking for references to /build/ in /nix/store/0l3j8zq06ycabj4lyy1227y1kf2l86r9-perl5.32.0-Catalyst-Plugin-Cache-0.12-devdoc...
/nix/store/pvjzr592vca9fprl00i70asarz22dr16-perl5.32.0-Catalyst-Plugin-Cache-0.12
