these derivations will be built:
  /nix/store/1c0aijydk5sgnc9fyc76dl6azf2vy76k-perl5.32.0-Class-Data-Accessor-0.04004.drv
  /nix/store/9bayhzr62dlfcj0cihmrywrdh27p2w7n-perl5.32.0-UNIVERSAL-require-0.18.drv
  /nix/store/4as4kslgv6rsqzkznw5g49m3kgyvzi98-perl5.32.0-Test-YAML-1.07.drv
  /nix/store/di8lq245xch3zpa75azz00gvc4b077s5-perl5.32.0-YAML-1.30.drv
  /nix/store/ywhzp2wj9hh6s727igskf0vvih65kxq9-perl5.32.0-Email-Valid-Loose-0.05.drv
  /nix/store/w33pi6pmsi3cfv0yx398vws4rdz2q83q-perl5.32.0-FormValidator-Simple-0.29.drv
  /nix/store/0vjx07434rlqxvqyyks50n1ia54d8qfz-perl5.32.0-Catalyst-Plugin-FormValidator-Simple-0.15.drv
these paths will be fetched (0.15 MiB download, 0.15 MiB unpacked):
  /nix/store/5b5r1qr712j3zqlxmw8pn4gwxrxyj9zf-Test-YAML-1.07.tar.gz
  /nix/store/68kb74lczjcqld11515qmhp002smf3nz-FormValidator-Simple-0.29.tar.gz
  /nix/store/8r5j77azl8ncxjczx6p902dsjcakykfr-Catalyst-Plugin-FormValidator-Simple-0.15.tar.gz
  /nix/store/cvfkf75x6g4nns68vzpl9fyj3441mmpz-Email-Valid-Loose-0.05.tar.gz
  /nix/store/jz3vgs7fwrv2cn1bwflm5wdapb8ryqhc-YAML-1.30.tar.gz
copying path '/nix/store/8r5j77azl8ncxjczx6p902dsjcakykfr-Catalyst-Plugin-FormValidator-Simple-0.15.tar.gz' from 'https://cache.nixos.org'...
copying path '/nix/store/68kb74lczjcqld11515qmhp002smf3nz-FormValidator-Simple-0.29.tar.gz' from 'https://cache.nixos.org'...
copying path '/nix/store/cvfkf75x6g4nns68vzpl9fyj3441mmpz-Email-Valid-Loose-0.05.tar.gz' from 'https://cache.nixos.org'...
copying path '/nix/store/jz3vgs7fwrv2cn1bwflm5wdapb8ryqhc-YAML-1.30.tar.gz' from 'https://cache.nixos.org'...
building '/nix/store/1c0aijydk5sgnc9fyc76dl6azf2vy76k-perl5.32.0-Class-Data-Accessor-0.04004.drv'...
building '/nix/store/9bayhzr62dlfcj0cihmrywrdh27p2w7n-perl5.32.0-UNIVERSAL-require-0.18.drv'...
copying path '/nix/store/5b5r1qr712j3zqlxmw8pn4gwxrxyj9zf-Test-YAML-1.07.tar.gz' from 'https://cache.nixos.org'...
unpacking sources
unpacking source archive /nix/store/hbqxkicg24dsfxbd4dlcwhc6pzm59ix0-Class-Data-Accessor-0.04004.tar.gz
source root is Class-Data-Accessor-0.04004
unpacking sources
unpacking source archive /nix/store/91azd9in0194cq2d0j058kbpfyf40mx9-UNIVERSAL-require-0.18.tar.gz
setting SOURCE_DATE_EPOCH to timestamp 1218588589 of file Class-Data-Accessor-0.04004/inc/Module/Install/WriteAll.pm
source root is UNIVERSAL-require-0.18
patching sources
configuring
setting SOURCE_DATE_EPOCH to timestamp 1424801333 of file UNIVERSAL-require-0.18/MANIFEST
patching sources
configuring
patching ./t/use.t...
patching ./t/require.t...
patching ./t/taint.t...
patching ./t/pod_syntax.t...
patching ./Makefile.PL...
patching ./t/manifest.t...
patching ./t/pod_spelling.t...
patching ./t/style_no_tabs.t...
patching ./t/pod_coverage.t...
patching ./t/warnings.t...
patching ./t/basic.t...
patching ./t/strict.t...
building '/nix/store/4as4kslgv6rsqzkznw5g49m3kgyvzi98-perl5.32.0-Test-YAML-1.07.drv'...
building '/nix/store/ywhzp2wj9hh6s727igskf0vvih65kxq9-perl5.32.0-Email-Valid-Loose-0.05.drv'...
Checking if your kit is complete...
Looks good
unpacking sources
unpacking source archive /nix/store/5b5r1qr712j3zqlxmw8pn4gwxrxyj9zf-Test-YAML-1.07.tar.gz
source root is Test-YAML-1.07
setting SOURCE_DATE_EPOCH to timestamp 1529158152 of file Test-YAML-1.07/t/load.t
patching sources
configuring
unpacking sources
unpacking source archive /nix/store/cvfkf75x6g4nns68vzpl9fyj3441mmpz-Email-Valid-Loose-0.05.tar.gz
Generating a Unix-style Makefile
Writing Makefile for UNIVERSAL::require
source root is Email-Valid-Loose-0.05
setting SOURCE_DATE_EPOCH to timestamp 1151281596 of file Email-Valid-Loose-0.05/META.yml
patching sources
configuring
Writing MYMETA.yml and MYMETA.json
patching ./t/author-pod-syntax.t...
no configure script, doing nothing
building
build flags: SHELL=/nix/store/9fqwwd4iybmhjqyxiaxycknslw6bgwh1-bash-4.4-p23/bin/bash
patching ./bin/test-yaml...
*** Module::AutoInstall version 1.03
*** Checking for Perl dependencies...
[Core Features]
- Carp ...loaded. (1.50)
*** Module::AutoInstall configuration finished.
Checking if your kit is complete...
Looks good
Checking if your kit is complete...
Looks good
Checking if your kit is complete...
Generating a Unix-style Makefile
Writing Makefile for Class::Data::Accessor
Looks good
Generating a Unix-style Makefile
Writing Makefile for Test::YAML
Writing MYMETA.yml and MYMETA.json
no configure script, doing nothing
building
Writing MYMETA.yml and MYMETA.json
build flags: SHELL=/nix/store/9fqwwd4iybmhjqyxiaxycknslw6bgwh1-bash-4.4-p23/bin/bash
no configure script, doing nothing
building
build flags: SHELL=/nix/store/9fqwwd4iybmhjqyxiaxycknslw6bgwh1-bash-4.4-p23/bin/bash
Generating a Unix-style Makefile
Writing Makefile for Email::Valid::Loose
Writing MYMETA.yml and MYMETA.json
no configure script, doing nothing
building
build flags: SHELL=/nix/store/9fqwwd4iybmhjqyxiaxycknslw6bgwh1-bash-4.4-p23/bin/bash
cp lib/UNIVERSAL/require.pm blib/lib/UNIVERSAL/require.pm
Manifying 1 pod document
running tests
check flags: SHELL=/nix/store/9fqwwd4iybmhjqyxiaxycknslw6bgwh1-bash-4.4-p23/bin/bash VERBOSE=y test
PERL_DL_NONLAZY=1 "/nix/store/7c044di03qa7qgr5kjjc2d787aspzp0m-perl-5.32.0/bin/perl" "-MExtUtils::Command::MM" "-MTest::Harness" "-e" "undef *Test::Harness::Switches; test_harness(0, 'blib/lib', 'blib/arch')" t/*.t
cp lib/Test/YAML.pod blib/lib/Test/YAML.pod
cp lib/Class/Data/Accessor.pm blib/lib/Class/Data/Accessor.pm
cp lib/Test/YAML.pm blib/lib/Test/YAML.pm
cp bin/test-yaml blib/script/test-yaml
"/nix/store/7c044di03qa7qgr5kjjc2d787aspzp0m-perl-5.32.0/bin/perl" -MExtUtils::MY -e 'MY->fixin(shift)' -- blib/script/test-yaml
t/require.t .. ok
Manifying 1 pod document
cp lib/Email/Valid/Loose.pm blib/lib/Email/Valid/Loose.pm
running tests
check flags: SHELL=/nix/store/9fqwwd4iybmhjqyxiaxycknslw6bgwh1-bash-4.4-p23/bin/bash VERBOSE=y test
PERL_DL_NONLAZY=1 "/nix/store/7c044di03qa7qgr5kjjc2d787aspzp0m-perl-5.32.0/bin/perl" "-MExtUtils::Command::MM" "-MTest::Harness" "-e" "undef *Test::Harness::Switches; test_harness(0, 'inc', 'blib/lib', 'blib/arch')" t/*.t t/*/*.t
t/taint.t .... ok
Manifying 1 pod document
Manifying 1 pod document
running tests
check flags: SHELL=/nix/store/9fqwwd4iybmhjqyxiaxycknslw6bgwh1-bash-4.4-p23/bin/bash VERBOSE=y test
running tests
check flags: SHELL=/nix/store/9fqwwd4iybmhjqyxiaxycknslw6bgwh1-bash-4.4-p23/bin/bash VERBOSE=y test
PERL_DL_NONLAZY=1 "/nix/store/7c044di03qa7qgr5kjjc2d787aspzp0m-perl-5.32.0/bin/perl" "-MExtUtils::Command::MM" "-MTest::Harness" "-e" "undef *Test::Harness::Switches; test_harness(0, 'blib/lib', 'blib/arch')" t/*.t
t/use.t ...... ok
All tests successful.
Files=3, Tests=27,  1 wallclock secs ( 0.03 usr  0.00 sys +  0.20 cusr  0.03 csys =  0.26 CPU)
Result: PASS
installing
install flags: SHELL=/nix/store/9fqwwd4iybmhjqyxiaxycknslw6bgwh1-bash-4.4-p23/bin/bash pkgconfigdir=/nix/store/h71s9jiwi9ccwd7ksvnjc5fs5inkgfba-perl5.32.0-UNIVERSAL-require-0.18/lib/pkgconfig m4datadir=/nix/store/h71s9jiwi9ccwd7ksvnjc5fs5inkgfba-perl5.32.0-UNIVERSAL-require-0.18/share/aclocal aclocaldir=/nix/store/h71s9jiwi9ccwd7ksvnjc5fs5inkgfba-perl5.32.0-UNIVERSAL-require-0.18/share/aclocal install
PERL_DL_NONLAZY=1 "/nix/store/7c044di03qa7qgr5kjjc2d787aspzp0m-perl-5.32.0/bin/perl" "-MExtUtils::Command::MM" "-MTest::Harness" "-e" "undef *Test::Harness::Switches; test_harness(0, 'blib/lib', 'blib/arch')" t/*.t
t/accessor.t ....... ok
Manifying 1 pod document
t/author-pod-syntax.t .. skipped: these tests are for testing by the author
t/basic.t .......... ok
Installing /nix/store/h71s9jiwi9ccwd7ksvnjc5fs5inkgfba-perl5.32.0-UNIVERSAL-require-0.18/lib/perl5/site_perl/5.32.0/UNIVERSAL/require.pm
Installing /nix/store/h71s9jiwi9ccwd7ksvnjc5fs5inkgfba-perl5.32.0-UNIVERSAL-require-0.18/share/man/man3/UNIVERSAL::require.3
Appending installation info to /nix/store/h71s9jiwi9ccwd7ksvnjc5fs5inkgfba-perl5.32.0-UNIVERSAL-require-0.18/lib/perl5/5.32.0/x86_64-linux-thread-multi/perllocal.pod
post-installation fixup
Moving /nix/store/h71s9jiwi9ccwd7ksvnjc5fs5inkgfba-perl5.32.0-UNIVERSAL-require-0.18/share/man/man3 to /nix/store/2ibmlm9dyr9s1hvg531bhwv989mm0zf7-perl5.32.0-UNIVERSAL-require-0.18-devdoc/share/man/man3
Removing empty /nix/store/h71s9jiwi9ccwd7ksvnjc5fs5inkgfba-perl5.32.0-UNIVERSAL-require-0.18/share/man/ and (possibly) its parents
shrinking RPATHs of ELF executables and libraries in /nix/store/h71s9jiwi9ccwd7ksvnjc5fs5inkgfba-perl5.32.0-UNIVERSAL-require-0.18
strip is /nix/store/psyzbhp4p088sb9qcs378hfbslcalasl-binutils-2.31.1/bin/strip
stripping (with command strip and flags -S) in /nix/store/h71s9jiwi9ccwd7ksvnjc5fs5inkgfba-perl5.32.0-UNIVERSAL-require-0.18/lib
patching script interpreter paths in /nix/store/h71s9jiwi9ccwd7ksvnjc5fs5inkgfba-perl5.32.0-UNIVERSAL-require-0.18
checking for references to /build/ in /nix/store/h71s9jiwi9ccwd7ksvnjc5fs5inkgfba-perl5.32.0-UNIVERSAL-require-0.18...
shrinking RPATHs of ELF executables and libraries in /nix/store/2ibmlm9dyr9s1hvg531bhwv989mm0zf7-perl5.32.0-UNIVERSAL-require-0.18-devdoc
gzipping man pages under /nix/store/2ibmlm9dyr9s1hvg531bhwv989mm0zf7-perl5.32.0-UNIVERSAL-require-0.18-devdoc/share/man/
strip is /nix/store/psyzbhp4p088sb9qcs378hfbslcalasl-binutils-2.31.1/bin/strip
patching script interpreter paths in /nix/store/2ibmlm9dyr9s1hvg531bhwv989mm0zf7-perl5.32.0-UNIVERSAL-require-0.18-devdoc
checking for references to /build/ in /nix/store/2ibmlm9dyr9s1hvg531bhwv989mm0zf7-perl5.32.0-UNIVERSAL-require-0.18-devdoc...
t/load.t ............... ok
All tests successful.
Files=2, Tests=1,  0 wallclock secs ( 0.03 usr  0.00 sys +  0.08 cusr  0.01 csys =  0.12 CPU)
Result: PASS
installing
t/manifest.t ....... skipped: set TEST_AUTHOR to enable this test
install flags: SHELL=/nix/store/9fqwwd4iybmhjqyxiaxycknslw6bgwh1-bash-4.4-p23/bin/bash pkgconfigdir=/nix/store/22dwyck2fvjdmfm3iym6lqyscapz5ybb-perl5.32.0-Test-YAML-1.07/lib/pkgconfig m4datadir=/nix/store/22dwyck2fvjdmfm3iym6lqyscapz5ybb-perl5.32.0-Test-YAML-1.07/share/aclocal aclocaldir=/nix/store/22dwyck2fvjdmfm3iym6lqyscapz5ybb-perl5.32.0-Test-YAML-1.07/share/aclocal install
t/pod_coverage.t ... skipped: set TEST_AUTHOR to enable this test
Manifying 1 pod document
t/00_compile.t .. ok
Installing /nix/store/22dwyck2fvjdmfm3iym6lqyscapz5ybb-perl5.32.0-Test-YAML-1.07/lib/perl5/site_perl/5.32.0/Test/YAML.pod
Installing /nix/store/22dwyck2fvjdmfm3iym6lqyscapz5ybb-perl5.32.0-Test-YAML-1.07/lib/perl5/site_perl/5.32.0/Test/YAML.pm
Installing /nix/store/22dwyck2fvjdmfm3iym6lqyscapz5ybb-perl5.32.0-Test-YAML-1.07/share/man/man3/Test::YAML.3
Installing /nix/store/22dwyck2fvjdmfm3iym6lqyscapz5ybb-perl5.32.0-Test-YAML-1.07/bin/test-yaml
Appending installation info to /nix/store/22dwyck2fvjdmfm3iym6lqyscapz5ybb-perl5.32.0-Test-YAML-1.07/lib/perl5/5.32.0/x86_64-linux-thread-multi/perllocal.pod
t/pod_spelling.t ... skipped: set TEST_AUTHOR to enable this test
post-installation fixup
Moving /nix/store/22dwyck2fvjdmfm3iym6lqyscapz5ybb-perl5.32.0-Test-YAML-1.07/share/man/man3 to /nix/store/p5wl49nq2whbpak3kwcxnacksl54j2k2-perl5.32.0-Test-YAML-1.07-devdoc/share/man/man3
Removing empty /nix/store/22dwyck2fvjdmfm3iym6lqyscapz5ybb-perl5.32.0-Test-YAML-1.07/share/man/ and (possibly) its parents
shrinking RPATHs of ELF executables and libraries in /nix/store/22dwyck2fvjdmfm3iym6lqyscapz5ybb-perl5.32.0-Test-YAML-1.07
strip is /nix/store/psyzbhp4p088sb9qcs378hfbslcalasl-binutils-2.31.1/bin/strip
stripping (with command strip and flags -S) in /nix/store/22dwyck2fvjdmfm3iym6lqyscapz5ybb-perl5.32.0-Test-YAML-1.07/lib  /nix/store/22dwyck2fvjdmfm3iym6lqyscapz5ybb-perl5.32.0-Test-YAML-1.07/bin
patching script interpreter paths in /nix/store/22dwyck2fvjdmfm3iym6lqyscapz5ybb-perl5.32.0-Test-YAML-1.07
checking for references to /build/ in /nix/store/22dwyck2fvjdmfm3iym6lqyscapz5ybb-perl5.32.0-Test-YAML-1.07...
shrinking RPATHs of ELF executables and libraries in /nix/store/p5wl49nq2whbpak3kwcxnacksl54j2k2-perl5.32.0-Test-YAML-1.07-devdoc
t/pod_syntax.t ..... skipped: set TEST_AUTHOR to enable this test
gzipping man pages under /nix/store/p5wl49nq2whbpak3kwcxnacksl54j2k2-perl5.32.0-Test-YAML-1.07-devdoc/share/man/
strip is /nix/store/psyzbhp4p088sb9qcs378hfbslcalasl-binutils-2.31.1/bin/strip
patching script interpreter paths in /nix/store/p5wl49nq2whbpak3kwcxnacksl54j2k2-perl5.32.0-Test-YAML-1.07-devdoc
checking for references to /build/ in /nix/store/p5wl49nq2whbpak3kwcxnacksl54j2k2-perl5.32.0-Test-YAML-1.07-devdoc...
building '/nix/store/di8lq245xch3zpa75azz00gvc4b077s5-perl5.32.0-YAML-1.30.drv'...
t/01_loose.t .... ok
All tests successful.
Files=2, Tests=8,  0 wallclock secs ( 0.03 usr  0.01 sys +  0.27 cusr  0.09 csys =  0.40 CPU)
Result: PASS
t/strict.t ......... skipped: set TEST_AUTHOR to enable this test
installing
install flags: SHELL=/nix/store/9fqwwd4iybmhjqyxiaxycknslw6bgwh1-bash-4.4-p23/bin/bash pkgconfigdir=/nix/store/18fxw87iz741lmx0ka5lq4czg3030f04-perl5.32.0-Email-Valid-Loose-0.05/lib/pkgconfig m4datadir=/nix/store/18fxw87iz741lmx0ka5lq4czg3030f04-perl5.32.0-Email-Valid-Loose-0.05/share/aclocal aclocaldir=/nix/store/18fxw87iz741lmx0ka5lq4czg3030f04-perl5.32.0-Email-Valid-Loose-0.05/share/aclocal install
unpacking sources
unpacking source archive /nix/store/jz3vgs7fwrv2cn1bwflm5wdapb8ryqhc-YAML-1.30.tar.gz
source root is YAML-1.30
setting SOURCE_DATE_EPOCH to timestamp 1580163003 of file YAML-1.30/xt/pod.t
patching sources
configuring
t/style_no_tabs.t .. skipped: set TEST_AUTHOR to enable this test
patching ./xt/meta.t...
patching ./xt/pod.t...
patching ./xt/pmv.t...
Manifying 1 pod document
patching ./t/author-pod-syntax.t...
t/warnings.t ....... skipped: set TEST_AUTHOR to enable this test
All tests successful.
Files=9, Tests=20,  0 wallclock secs ( 0.04 usr  0.01 sys +  0.56 cusr  0.08 csys =  0.69 CPU)
Result: PASS
installing
install flags: SHELL=/nix/store/9fqwwd4iybmhjqyxiaxycknslw6bgwh1-bash-4.4-p23/bin/bash pkgconfigdir=/nix/store/fgnxi9q13zsy3r0g1slvfjv4dwdjbgia-perl5.32.0-Class-Data-Accessor-0.04004/lib/pkgconfig m4datadir=/nix/store/fgnxi9q13zsy3r0g1slvfjv4dwdjbgia-perl5.32.0-Class-Data-Accessor-0.04004/share/aclocal aclocaldir=/nix/store/fgnxi9q13zsy3r0g1slvfjv4dwdjbgia-perl5.32.0-Class-Data-Accessor-0.04004/share/aclocal install
Installing /nix/store/18fxw87iz741lmx0ka5lq4czg3030f04-perl5.32.0-Email-Valid-Loose-0.05/lib/perl5/site_perl/5.32.0/Email/Valid/Loose.pm
Installing /nix/store/18fxw87iz741lmx0ka5lq4czg3030f04-perl5.32.0-Email-Valid-Loose-0.05/share/man/man3/Email::Valid::Loose.3
Appending installation info to /nix/store/18fxw87iz741lmx0ka5lq4czg3030f04-perl5.32.0-Email-Valid-Loose-0.05/lib/perl5/5.32.0/x86_64-linux-thread-multi/perllocal.pod
post-installation fixup
Moving /nix/store/18fxw87iz741lmx0ka5lq4czg3030f04-perl5.32.0-Email-Valid-Loose-0.05/share/man/man3 to /nix/store/qn4v3n19z0dqr8zwily9npmmhcsqdrgx-perl5.32.0-Email-Valid-Loose-0.05-devdoc/share/man/man3
Removing empty /nix/store/18fxw87iz741lmx0ka5lq4czg3030f04-perl5.32.0-Email-Valid-Loose-0.05/share/man/ and (possibly) its parents
shrinking RPATHs of ELF executables and libraries in /nix/store/18fxw87iz741lmx0ka5lq4czg3030f04-perl5.32.0-Email-Valid-Loose-0.05
strip is /nix/store/psyzbhp4p088sb9qcs378hfbslcalasl-binutils-2.31.1/bin/strip
stripping (with command strip and flags -S) in /nix/store/18fxw87iz741lmx0ka5lq4czg3030f04-perl5.32.0-Email-Valid-Loose-0.05/lib
Manifying 1 pod document
patching script interpreter paths in /nix/store/18fxw87iz741lmx0ka5lq4czg3030f04-perl5.32.0-Email-Valid-Loose-0.05
checking for references to /build/ in /nix/store/18fxw87iz741lmx0ka5lq4czg3030f04-perl5.32.0-Email-Valid-Loose-0.05...
shrinking RPATHs of ELF executables and libraries in /nix/store/qn4v3n19z0dqr8zwily9npmmhcsqdrgx-perl5.32.0-Email-Valid-Loose-0.05-devdoc
gzipping man pages under /nix/store/qn4v3n19z0dqr8zwily9npmmhcsqdrgx-perl5.32.0-Email-Valid-Loose-0.05-devdoc/share/man/
strip is /nix/store/psyzbhp4p088sb9qcs378hfbslcalasl-binutils-2.31.1/bin/strip
patching script interpreter paths in /nix/store/qn4v3n19z0dqr8zwily9npmmhcsqdrgx-perl5.32.0-Email-Valid-Loose-0.05-devdoc
checking for references to /build/ in /nix/store/qn4v3n19z0dqr8zwily9npmmhcsqdrgx-perl5.32.0-Email-Valid-Loose-0.05-devdoc...
Installing /nix/store/fgnxi9q13zsy3r0g1slvfjv4dwdjbgia-perl5.32.0-Class-Data-Accessor-0.04004/lib/perl5/site_perl/5.32.0/Class/Data/Accessor.pm
Installing /nix/store/fgnxi9q13zsy3r0g1slvfjv4dwdjbgia-perl5.32.0-Class-Data-Accessor-0.04004/share/man/man3/Class::Data::Accessor.3
Appending installation info to /nix/store/fgnxi9q13zsy3r0g1slvfjv4dwdjbgia-perl5.32.0-Class-Data-Accessor-0.04004/lib/perl5/5.32.0/x86_64-linux-thread-multi/perllocal.pod
post-installation fixup
Moving /nix/store/fgnxi9q13zsy3r0g1slvfjv4dwdjbgia-perl5.32.0-Class-Data-Accessor-0.04004/share/man/man3 to /nix/store/hz4rmqdbyznm6aq5snkgji43px47wk85-perl5.32.0-Class-Data-Accessor-0.04004-devdoc/share/man/man3
Removing empty /nix/store/fgnxi9q13zsy3r0g1slvfjv4dwdjbgia-perl5.32.0-Class-Data-Accessor-0.04004/share/man/ and (possibly) its parents
Checking if your kit is complete...
shrinking RPATHs of ELF executables and libraries in /nix/store/fgnxi9q13zsy3r0g1slvfjv4dwdjbgia-perl5.32.0-Class-Data-Accessor-0.04004
strip is /nix/store/psyzbhp4p088sb9qcs378hfbslcalasl-binutils-2.31.1/bin/strip
stripping (with command strip and flags -S) in /nix/store/fgnxi9q13zsy3r0g1slvfjv4dwdjbgia-perl5.32.0-Class-Data-Accessor-0.04004/lib
patching script interpreter paths in /nix/store/fgnxi9q13zsy3r0g1slvfjv4dwdjbgia-perl5.32.0-Class-Data-Accessor-0.04004
checking for references to /build/ in /nix/store/fgnxi9q13zsy3r0g1slvfjv4dwdjbgia-perl5.32.0-Class-Data-Accessor-0.04004...
Looks good
shrinking RPATHs of ELF executables and libraries in /nix/store/hz4rmqdbyznm6aq5snkgji43px47wk85-perl5.32.0-Class-Data-Accessor-0.04004-devdoc
gzipping man pages under /nix/store/hz4rmqdbyznm6aq5snkgji43px47wk85-perl5.32.0-Class-Data-Accessor-0.04004-devdoc/share/man/
strip is /nix/store/psyzbhp4p088sb9qcs378hfbslcalasl-binutils-2.31.1/bin/strip
patching script interpreter paths in /nix/store/hz4rmqdbyznm6aq5snkgji43px47wk85-perl5.32.0-Class-Data-Accessor-0.04004-devdoc
checking for references to /build/ in /nix/store/hz4rmqdbyznm6aq5snkgji43px47wk85-perl5.32.0-Class-Data-Accessor-0.04004-devdoc...
Generating a Unix-style Makefile
Writing Makefile for YAML
Writing MYMETA.yml and MYMETA.json
no configure script, doing nothing
building
build flags: SHELL=/nix/store/9fqwwd4iybmhjqyxiaxycknslw6bgwh1-bash-4.4-p23/bin/bash
cp lib/YAML/Dumper/Base.pod blib/lib/YAML/Dumper/Base.pod
cp lib/YAML/Any.pm blib/lib/YAML/Any.pm
cp lib/YAML/Node.pod blib/lib/YAML/Node.pod
cp lib/YAML/Mo.pm blib/lib/YAML/Mo.pm
cp lib/YAML/Tag.pod blib/lib/YAML/Tag.pod
cp lib/YAML/Marshall.pm blib/lib/YAML/Marshall.pm
cp lib/YAML/Types.pm blib/lib/YAML/Types.pm
cp lib/YAML/Tag.pm blib/lib/YAML/Tag.pm
cp lib/YAML/Loader/Base.pm blib/lib/YAML/Loader/Base.pm
cp lib/YAML/Dumper.pm blib/lib/YAML/Dumper.pm
cp lib/YAML/Any.pod blib/lib/YAML/Any.pod
cp lib/YAML/Dumper.pod blib/lib/YAML/Dumper.pod
cp lib/YAML/Error.pm blib/lib/YAML/Error.pm
cp lib/YAML/Loader.pm blib/lib/YAML/Loader.pm
cp lib/YAML/Dumper/Base.pm blib/lib/YAML/Dumper/Base.pm
cp lib/YAML/Types.pod blib/lib/YAML/Types.pod
cp lib/YAML/Loader.pod blib/lib/YAML/Loader.pod
cp lib/YAML.pod blib/lib/YAML.pod
cp lib/YAML/Marshall.pod blib/lib/YAML/Marshall.pod
cp lib/YAML/Loader/Base.pod blib/lib/YAML/Loader/Base.pod
cp lib/YAML.pm blib/lib/YAML.pm
cp lib/YAML/Error.pod blib/lib/YAML/Error.pod
cp lib/YAML/Node.pm blib/lib/YAML/Node.pm
Manifying 11 pod documents
running tests
check flags: SHELL=/nix/store/9fqwwd4iybmhjqyxiaxycknslw6bgwh1-bash-4.4-p23/bin/bash VERBOSE=y test
PERL_DL_NONLAZY=1 "/nix/store/7c044di03qa7qgr5kjjc2d787aspzp0m-perl-5.32.0/bin/perl" "-MExtUtils::Command::MM" "-MTest::Harness" "-e" "undef *Test::Harness::Switches; test_harness(0, 'blib/lib', 'blib/arch')" t/*.t
t/000-compile-modules.t ............ ok
t/2-scalars.t ...................... ok
t/author-pod-syntax.t .............. skipped: these tests are for testing by the author
t/basic-tests.t .................... ok
t/bugs-emailed.t ................... ok
t/bugs-rt.t ........................ ok
t/changes.t ........................ ok
t/dump-basics.t .................... ok
t/dump-blessed-glob.t .............. ok
t/dump-blessed.t ................... ok
t/dump-code.t ...................... ok
t/dump-file-utf8.t ................. ok
t/dump-file.t ...................... ok
t/dump-nested.t .................... ok
t/dump-opts.t ...................... ok
t/dump-perl-types-512.t ............ skipped: test only for perls before v5.13.5-11-gfb85c04
t/dump-perl-types-514.t ............ ok
t/dump-perl-types.t ................ ok
t/dump-stringify.t ................. ok
t/dump-stringy-numbers.t ........... ok
t/dump-synopsis.t .................. ok
t/dump-tests-512.t ................. skipped: test only for perls before v5.13.5-11-gfb85c04
t/dump-tests-514.t ................. ok
t/dump-tests.t ..................... ok
t/dump-works.t ..................... ok
t/errors.t ......................... ok
t/export.t ......................... ok
t/freeze-thaw.t .................... ok
t/global-api.t ..................... ok
t/inbox.t .......................... ok
t/io-handle.t ...................... ok
t/issue-149.t ...................... ok
t/issue-69.t ....................... ok
t/load-code.t ...................... ok
t/load-fails.t ..................... ok
t/load-passes.t .................... ok
t/load-slides.t .................... ok
t/load-spec.t ...................... ok
t/load-tests.t ..................... ok
t/load-works.t ..................... ok
t/marshall.t ....................... ok
t/no-load-blessed.t ................ ok
t/node-info.t ...................... ok
t/numify.t ......................... ok
t/preserve.t ....................... ok
t/pugs-objects.t ................... ok
t/references.t ..................... ok
t/regexp.t ......................... ok
t/roundtrip.t ...................... ok
t/rt-90593.t ....................... ok
t/svk.t ............................ ok
t/test.t ........................... ok
t/trailing-comments-content.t ...... ok
t/trailing-comments-non-content.t .. ok
All tests successful.
Files=54, Tests=542,  7 wallclock secs ( 0.17 usr  0.06 sys +  6.58 cusr  0.62 csys =  7.43 CPU)
Result: PASS
installing
install flags: SHELL=/nix/store/9fqwwd4iybmhjqyxiaxycknslw6bgwh1-bash-4.4-p23/bin/bash pkgconfigdir=/nix/store/c2yvbdnyxcd7wsmxxihywfzyf3c821wg-perl5.32.0-YAML-1.30/lib/pkgconfig m4datadir=/nix/store/c2yvbdnyxcd7wsmxxihywfzyf3c821wg-perl5.32.0-YAML-1.30/share/aclocal aclocaldir=/nix/store/c2yvbdnyxcd7wsmxxihywfzyf3c821wg-perl5.32.0-YAML-1.30/share/aclocal install
Manifying 11 pod documents
Installing /nix/store/c2yvbdnyxcd7wsmxxihywfzyf3c821wg-perl5.32.0-YAML-1.30/lib/perl5/site_perl/5.32.0/YAML.pod
Installing /nix/store/c2yvbdnyxcd7wsmxxihywfzyf3c821wg-perl5.32.0-YAML-1.30/lib/perl5/site_perl/5.32.0/YAML.pm
Installing /nix/store/c2yvbdnyxcd7wsmxxihywfzyf3c821wg-perl5.32.0-YAML-1.30/lib/perl5/site_perl/5.32.0/YAML/Types.pm
Installing /nix/store/c2yvbdnyxcd7wsmxxihywfzyf3c821wg-perl5.32.0-YAML-1.30/lib/perl5/site_perl/5.32.0/YAML/Any.pod
Installing /nix/store/c2yvbdnyxcd7wsmxxihywfzyf3c821wg-perl5.32.0-YAML-1.30/lib/perl5/site_perl/5.32.0/YAML/Tag.pod
Installing /nix/store/c2yvbdnyxcd7wsmxxihywfzyf3c821wg-perl5.32.0-YAML-1.30/lib/perl5/site_perl/5.32.0/YAML/Node.pod
Installing /nix/store/c2yvbdnyxcd7wsmxxihywfzyf3c821wg-perl5.32.0-YAML-1.30/lib/perl5/site_perl/5.32.0/YAML/Loader.pm
Installing /nix/store/c2yvbdnyxcd7wsmxxihywfzyf3c821wg-perl5.32.0-YAML-1.30/lib/perl5/site_perl/5.32.0/YAML/Any.pm
Installing /nix/store/c2yvbdnyxcd7wsmxxihywfzyf3c821wg-perl5.32.0-YAML-1.30/lib/perl5/site_perl/5.32.0/YAML/Dumper.pm
Installing /nix/store/c2yvbdnyxcd7wsmxxihywfzyf3c821wg-perl5.32.0-YAML-1.30/lib/perl5/site_perl/5.32.0/YAML/Error.pod
Installing /nix/store/c2yvbdnyxcd7wsmxxihywfzyf3c821wg-perl5.32.0-YAML-1.30/lib/perl5/site_perl/5.32.0/YAML/Types.pod
Installing /nix/store/c2yvbdnyxcd7wsmxxihywfzyf3c821wg-perl5.32.0-YAML-1.30/lib/perl5/site_perl/5.32.0/YAML/Loader.pod
Installing /nix/store/c2yvbdnyxcd7wsmxxihywfzyf3c821wg-perl5.32.0-YAML-1.30/lib/perl5/site_perl/5.32.0/YAML/Marshall.pm
Installing /nix/store/c2yvbdnyxcd7wsmxxihywfzyf3c821wg-perl5.32.0-YAML-1.30/lib/perl5/site_perl/5.32.0/YAML/Tag.pm
Installing /nix/store/c2yvbdnyxcd7wsmxxihywfzyf3c821wg-perl5.32.0-YAML-1.30/lib/perl5/site_perl/5.32.0/YAML/Mo.pm
Installing /nix/store/c2yvbdnyxcd7wsmxxihywfzyf3c821wg-perl5.32.0-YAML-1.30/lib/perl5/site_perl/5.32.0/YAML/Dumper.pod
Installing /nix/store/c2yvbdnyxcd7wsmxxihywfzyf3c821wg-perl5.32.0-YAML-1.30/lib/perl5/site_perl/5.32.0/YAML/Marshall.pod
Installing /nix/store/c2yvbdnyxcd7wsmxxihywfzyf3c821wg-perl5.32.0-YAML-1.30/lib/perl5/site_perl/5.32.0/YAML/Error.pm
Installing /nix/store/c2yvbdnyxcd7wsmxxihywfzyf3c821wg-perl5.32.0-YAML-1.30/lib/perl5/site_perl/5.32.0/YAML/Node.pm
Installing /nix/store/c2yvbdnyxcd7wsmxxihywfzyf3c821wg-perl5.32.0-YAML-1.30/lib/perl5/site_perl/5.32.0/YAML/Dumper/Base.pod
Installing /nix/store/c2yvbdnyxcd7wsmxxihywfzyf3c821wg-perl5.32.0-YAML-1.30/lib/perl5/site_perl/5.32.0/YAML/Dumper/Base.pm
Installing /nix/store/c2yvbdnyxcd7wsmxxihywfzyf3c821wg-perl5.32.0-YAML-1.30/lib/perl5/site_perl/5.32.0/YAML/Loader/Base.pod
Installing /nix/store/c2yvbdnyxcd7wsmxxihywfzyf3c821wg-perl5.32.0-YAML-1.30/lib/perl5/site_perl/5.32.0/YAML/Loader/Base.pm
Installing /nix/store/c2yvbdnyxcd7wsmxxihywfzyf3c821wg-perl5.32.0-YAML-1.30/share/man/man3/YAML::Node.3
Installing /nix/store/c2yvbdnyxcd7wsmxxihywfzyf3c821wg-perl5.32.0-YAML-1.30/share/man/man3/YAML.3
Installing /nix/store/c2yvbdnyxcd7wsmxxihywfzyf3c821wg-perl5.32.0-YAML-1.30/share/man/man3/YAML::Error.3
Installing /nix/store/c2yvbdnyxcd7wsmxxihywfzyf3c821wg-perl5.32.0-YAML-1.30/share/man/man3/YAML::Dumper.3
Installing /nix/store/c2yvbdnyxcd7wsmxxihywfzyf3c821wg-perl5.32.0-YAML-1.30/share/man/man3/YAML::Loader::Base.3
Installing /nix/store/c2yvbdnyxcd7wsmxxihywfzyf3c821wg-perl5.32.0-YAML-1.30/share/man/man3/YAML::Types.3
Installing /nix/store/c2yvbdnyxcd7wsmxxihywfzyf3c821wg-perl5.32.0-YAML-1.30/share/man/man3/YAML::Loader.3
Installing /nix/store/c2yvbdnyxcd7wsmxxihywfzyf3c821wg-perl5.32.0-YAML-1.30/share/man/man3/YAML::Dumper::Base.3
Installing /nix/store/c2yvbdnyxcd7wsmxxihywfzyf3c821wg-perl5.32.0-YAML-1.30/share/man/man3/YAML::Any.3
Installing /nix/store/c2yvbdnyxcd7wsmxxihywfzyf3c821wg-perl5.32.0-YAML-1.30/share/man/man3/YAML::Tag.3
Installing /nix/store/c2yvbdnyxcd7wsmxxihywfzyf3c821wg-perl5.32.0-YAML-1.30/share/man/man3/YAML::Marshall.3
Appending installation info to /nix/store/c2yvbdnyxcd7wsmxxihywfzyf3c821wg-perl5.32.0-YAML-1.30/lib/perl5/5.32.0/x86_64-linux-thread-multi/perllocal.pod
post-installation fixup
Moving /nix/store/c2yvbdnyxcd7wsmxxihywfzyf3c821wg-perl5.32.0-YAML-1.30/share/man/man3 to /nix/store/xmf770ijgqlvq7b26njk0v0ch9rzmqmw-perl5.32.0-YAML-1.30-devdoc/share/man/man3
Removing empty /nix/store/c2yvbdnyxcd7wsmxxihywfzyf3c821wg-perl5.32.0-YAML-1.30/share/man/ and (possibly) its parents
shrinking RPATHs of ELF executables and libraries in /nix/store/c2yvbdnyxcd7wsmxxihywfzyf3c821wg-perl5.32.0-YAML-1.30
strip is /nix/store/psyzbhp4p088sb9qcs378hfbslcalasl-binutils-2.31.1/bin/strip
stripping (with command strip and flags -S) in /nix/store/c2yvbdnyxcd7wsmxxihywfzyf3c821wg-perl5.32.0-YAML-1.30/lib
patching script interpreter paths in /nix/store/c2yvbdnyxcd7wsmxxihywfzyf3c821wg-perl5.32.0-YAML-1.30
checking for references to /build/ in /nix/store/c2yvbdnyxcd7wsmxxihywfzyf3c821wg-perl5.32.0-YAML-1.30...
shrinking RPATHs of ELF executables and libraries in /nix/store/xmf770ijgqlvq7b26njk0v0ch9rzmqmw-perl5.32.0-YAML-1.30-devdoc
gzipping man pages under /nix/store/xmf770ijgqlvq7b26njk0v0ch9rzmqmw-perl5.32.0-YAML-1.30-devdoc/share/man/
strip is /nix/store/psyzbhp4p088sb9qcs378hfbslcalasl-binutils-2.31.1/bin/strip
patching script interpreter paths in /nix/store/xmf770ijgqlvq7b26njk0v0ch9rzmqmw-perl5.32.0-YAML-1.30-devdoc
checking for references to /build/ in /nix/store/xmf770ijgqlvq7b26njk0v0ch9rzmqmw-perl5.32.0-YAML-1.30-devdoc...
building '/nix/store/w33pi6pmsi3cfv0yx398vws4rdz2q83q-perl5.32.0-FormValidator-Simple-0.29.drv'...
unpacking sources
unpacking source archive /nix/store/68kb74lczjcqld11515qmhp002smf3nz-FormValidator-Simple-0.29.tar.gz
source root is FormValidator-Simple-0.29
setting SOURCE_DATE_EPOCH to timestamp 1323327354 of file FormValidator-Simple-0.29/inc/Module/Install/WriteAll.pm
patching sources
configuring
Cannot determine perl version info from lib/FormValidator/Simple.pm
*** Module::AutoInstall version 1.03
*** Checking for Perl dependencies...
[Core Features]
- Class::Accessor            ...loaded. (0.51 >= 0.22)
- Class::Inspector           ...loaded. (1.36 >= 1.13)
- Class::Data::Inheritable   ...loaded. (0.08 >= 0.04)
- Class::Data::Accessor      ...loaded. (0.04004 >= 0.03)
- UNIVERSAL::require         ...loaded. (0.18 >= 0.1)
- Mail::Address              ...loaded. (2.21)
- Email::Valid               ...loaded. (1.202 >= 0.15)
- Email::Valid::Loose        ...loaded. (0.05 >= 0.04)
- Date::Calc                 ...loaded. (6.4 >= 5.4)
- Tie::IxHash                ...loaded. (1.23 >= 1.21)
- YAML                       ...loaded. (1.30 >= 0.39)
- List::MoreUtils            ...loaded. (0.428 >= 0.16)
- Scalar::Util               ...loaded. (1.55)
- DateTime::Format::Strptime ...loaded. (1.77 >= 1.07)
*** Module::AutoInstall configuration finished.
Checking if your kit is complete...
Looks good
Generating a Unix-style Makefile
Writing Makefile for FormValidator::Simple
Writing MYMETA.yml and MYMETA.json
no configure script, doing nothing
building
build flags: SHELL=/nix/store/9fqwwd4iybmhjqyxiaxycknslw6bgwh1-bash-4.4-p23/bin/bash
cp lib/FormValidator/Simple/Result.pm blib/lib/FormValidator/Simple/Result.pm
cp lib/FormValidator/Simple/Messages.pm blib/lib/FormValidator/Simple/Messages.pm
cp lib/FormValidator/Simple/Constraint.pm blib/lib/FormValidator/Simple/Constraint.pm
cp lib/FormValidator/Simple/ArrayList.pm blib/lib/FormValidator/Simple/ArrayList.pm
cp lib/FormValidator/Simple/Exception.pm blib/lib/FormValidator/Simple/Exception.pm
cp lib/FormValidator/Simple/Constraints.pm blib/lib/FormValidator/Simple/Constraints.pm
cp lib/FormValidator/Simple/Data.pm blib/lib/FormValidator/Simple/Data.pm
cp lib/FormValidator/Simple/Profile.pm blib/lib/FormValidator/Simple/Profile.pm
cp lib/FormValidator/Simple/Iterator.pm blib/lib/FormValidator/Simple/Iterator.pm
cp lib/FormValidator/Simple/Validator.pm blib/lib/FormValidator/Simple/Validator.pm
cp lib/FormValidator/Simple.pm blib/lib/FormValidator/Simple.pm
cp lib/FormValidator/Simple/Results.pm blib/lib/FormValidator/Simple/Results.pm
cp lib/FormValidator/Simple/Constants.pm blib/lib/FormValidator/Simple/Constants.pm
Manifying 2 pod documents
running tests
check flags: SHELL=/nix/store/9fqwwd4iybmhjqyxiaxycknslw6bgwh1-bash-4.4-p23/bin/bash VERBOSE=y test
PERL_DL_NONLAZY=1 "/nix/store/7c044di03qa7qgr5kjjc2d787aspzp0m-perl-5.32.0/bin/perl" "-MExtUtils::Command::MM" "-MTest::Harness" "-e" "undef *Test::Harness::Switches; test_harness(0, 'inc', 'blib/lib', 'blib/arch')" t/00_compile.t t/01_constraint.t t/02_constraints.t t/03_profile.t t/04_result.t t/05_results.t t/06_data.t t/07_simple.t t/08_length.t t/09_ascii.t t/10_int.t t/11_space.t t/12_duplication.t t/13_datetime.t t/14_regex.t t/15_any.t t/16_plugin.t t/17_pod.t t/18_invalids.t t/19_url.t t/20_numeric_cmp.t t/21_decimal.t t/22_messages.t t/23_messages_yaml.t t/24_options.t t/25_all.t t/26_inarray.t t/27_set_invalid.t t/28_decode.t
t/00_compile.t ........ ok
t/01_constraint.t ..... ok
t/02_constraints.t .... ok
t/03_profile.t ........ ok
t/04_result.t ......... ok
t/05_results.t ........ ok
t/06_data.t ........... 1/9 CGI::param called in list context from /build/FormValidator-Simple-0.29/blib/lib/FormValidator/Simple/Data.pm line 23, this can lead to vulnerabilities. See the warning in "Fetching the value or values of a single named parameter" at /nix/store/1cj18z5hqvsylknf0mnlvjs8x6chqz79-perl5.32.0-CGI-4.49/lib/perl5/site_perl/5.32.0/CGI.pm line 411.
t/06_data.t ........... ok
t/07_simple.t ......... 1/24 CGI::param called in list context from /build/FormValidator-Simple-0.29/blib/lib/FormValidator/Simple/Data.pm line 23, this can lead to vulnerabilities. See the warning in "Fetching the value or values of a single named parameter" at /nix/store/1cj18z5hqvsylknf0mnlvjs8x6chqz79-perl5.32.0-CGI-4.49/lib/perl5/site_perl/5.32.0/CGI.pm line 411.
t/07_simple.t ......... ok
t/08_length.t ......... 1/7 CGI::param called in list context from /build/FormValidator-Simple-0.29/blib/lib/FormValidator/Simple/Data.pm line 23, this can lead to vulnerabilities. See the warning in "Fetching the value or values of a single named parameter" at /nix/store/1cj18z5hqvsylknf0mnlvjs8x6chqz79-perl5.32.0-CGI-4.49/lib/perl5/site_perl/5.32.0/CGI.pm line 411.
t/08_length.t ......... ok
t/09_ascii.t .......... 1/5 CGI::param called in list context from /build/FormValidator-Simple-0.29/blib/lib/FormValidator/Simple/Data.pm line 23, this can lead to vulnerabilities. See the warning in "Fetching the value or values of a single named parameter" at /nix/store/1cj18z5hqvsylknf0mnlvjs8x6chqz79-perl5.32.0-CGI-4.49/lib/perl5/site_perl/5.32.0/CGI.pm line 411.
t/09_ascii.t .......... ok
t/10_int.t ............ 1/5 CGI::param called in list context from /build/FormValidator-Simple-0.29/blib/lib/FormValidator/Simple/Data.pm line 23, this can lead to vulnerabilities. See the warning in "Fetching the value or values of a single named parameter" at /nix/store/1cj18z5hqvsylknf0mnlvjs8x6chqz79-perl5.32.0-CGI-4.49/lib/perl5/site_perl/5.32.0/CGI.pm line 411.
t/10_int.t ............ ok
t/11_space.t .......... 1/5 CGI::param called in list context from /build/FormValidator-Simple-0.29/blib/lib/FormValidator/Simple/Data.pm line 23, this can lead to vulnerabilities. See the warning in "Fetching the value or values of a single named parameter" at /nix/store/1cj18z5hqvsylknf0mnlvjs8x6chqz79-perl5.32.0-CGI-4.49/lib/perl5/site_perl/5.32.0/CGI.pm line 411.
t/11_space.t .......... ok
t/12_duplication.t .... 1/5 CGI::param called in list context from /build/FormValidator-Simple-0.29/blib/lib/FormValidator/Simple/Data.pm line 23, this can lead to vulnerabilities. See the warning in "Fetching the value or values of a single named parameter" at /nix/store/1cj18z5hqvsylknf0mnlvjs8x6chqz79-perl5.32.0-CGI-4.49/lib/perl5/site_perl/5.32.0/CGI.pm line 411.
t/12_duplication.t .... ok
t/13_datetime.t ....... 1/13 CGI::param called in list context from /build/FormValidator-Simple-0.29/blib/lib/FormValidator/Simple/Data.pm line 23, this can lead to vulnerabilities. See the warning in "Fetching the value or values of a single named parameter" at /nix/store/1cj18z5hqvsylknf0mnlvjs8x6chqz79-perl5.32.0-CGI-4.49/lib/perl5/site_perl/5.32.0/CGI.pm line 411.
t/13_datetime.t ....... ok
t/14_regex.t .......... 1/4 CGI::param called in list context from /build/FormValidator-Simple-0.29/blib/lib/FormValidator/Simple/Data.pm line 23, this can lead to vulnerabilities. See the warning in "Fetching the value or values of a single named parameter" at /nix/store/1cj18z5hqvsylknf0mnlvjs8x6chqz79-perl5.32.0-CGI-4.49/lib/perl5/site_perl/5.32.0/CGI.pm line 411.
t/14_regex.t .......... ok
t/15_any.t ............ 1/5 CGI::param called in list context from /build/FormValidator-Simple-0.29/blib/lib/FormValidator/Simple/Data.pm line 23, this can lead to vulnerabilities. See the warning in "Fetching the value or values of a single named parameter" at /nix/store/1cj18z5hqvsylknf0mnlvjs8x6chqz79-perl5.32.0-CGI-4.49/lib/perl5/site_perl/5.32.0/CGI.pm line 411.
t/15_any.t ............ ok
t/16_plugin.t ......... 1/5 CGI::param called in list context from /build/FormValidator-Simple-0.29/blib/lib/FormValidator/Simple/Data.pm line 23, this can lead to vulnerabilities. See the warning in "Fetching the value or values of a single named parameter" at /nix/store/1cj18z5hqvsylknf0mnlvjs8x6chqz79-perl5.32.0-CGI-4.49/lib/perl5/site_perl/5.32.0/CGI.pm line 411.
t/16_plugin.t ......... ok
t/17_pod.t ............ skipped: Test::Pod 1.14 required
t/18_invalids.t ....... 1/16 CGI::param called in list context from /build/FormValidator-Simple-0.29/blib/lib/FormValidator/Simple/Data.pm line 23, this can lead to vulnerabilities. See the warning in "Fetching the value or values of a single named parameter" at /nix/store/1cj18z5hqvsylknf0mnlvjs8x6chqz79-perl5.32.0-CGI-4.49/lib/perl5/site_perl/5.32.0/CGI.pm line 411.
t/18_invalids.t ....... ok
t/19_url.t ............ 1/3 CGI::param called in list context from /build/FormValidator-Simple-0.29/blib/lib/FormValidator/Simple/Data.pm line 23, this can lead to vulnerabilities. See the warning in "Fetching the value or values of a single named parameter" at /nix/store/1cj18z5hqvsylknf0mnlvjs8x6chqz79-perl5.32.0-CGI-4.49/lib/perl5/site_perl/5.32.0/CGI.pm line 411.
t/19_url.t ............ ok
t/20_numeric_cmp.t .... 1/15 CGI::param called in list context from /build/FormValidator-Simple-0.29/blib/lib/FormValidator/Simple/Data.pm line 23, this can lead to vulnerabilities. See the warning in "Fetching the value or values of a single named parameter" at /nix/store/1cj18z5hqvsylknf0mnlvjs8x6chqz79-perl5.32.0-CGI-4.49/lib/perl5/site_perl/5.32.0/CGI.pm line 411.
t/20_numeric_cmp.t .... ok
t/21_decimal.t ........ 1/5 CGI::param called in list context from /build/FormValidator-Simple-0.29/blib/lib/FormValidator/Simple/Data.pm line 23, this can lead to vulnerabilities. See the warning in "Fetching the value or values of a single named parameter" at /nix/store/1cj18z5hqvsylknf0mnlvjs8x6chqz79-perl5.32.0-CGI-4.49/lib/perl5/site_perl/5.32.0/CGI.pm line 411.
t/21_decimal.t ........ ok
t/22_messages.t ....... 1/25 CGI::param called in list context from /build/FormValidator-Simple-0.29/blib/lib/FormValidator/Simple/Data.pm line 23, this can lead to vulnerabilities. See the warning in "Fetching the value or values of a single named parameter" at /nix/store/1cj18z5hqvsylknf0mnlvjs8x6chqz79-perl5.32.0-CGI-4.49/lib/perl5/site_perl/5.32.0/CGI.pm line 411.
t/22_messages.t ....... ok
t/23_messages_yaml.t .. 1/9 CGI::param called in list context from /build/FormValidator-Simple-0.29/blib/lib/FormValidator/Simple/Data.pm line 23, this can lead to vulnerabilities. See the warning in "Fetching the value or values of a single named parameter" at /nix/store/1cj18z5hqvsylknf0mnlvjs8x6chqz79-perl5.32.0-CGI-4.49/lib/perl5/site_perl/5.32.0/CGI.pm line 411.
t/23_messages_yaml.t .. ok
t/24_options.t ........ ok
t/25_all.t ............ 1/3 CGI::param called in list context from /build/FormValidator-Simple-0.29/blib/lib/FormValidator/Simple/Data.pm line 23, this can lead to vulnerabilities. See the warning in "Fetching the value or values of a single named parameter" at /nix/store/1cj18z5hqvsylknf0mnlvjs8x6chqz79-perl5.32.0-CGI-4.49/lib/perl5/site_perl/5.32.0/CGI.pm line 411.
t/25_all.t ............ ok
t/26_inarray.t ........ 1/4 CGI::param called in list context from /build/FormValidator-Simple-0.29/blib/lib/FormValidator/Simple/Data.pm line 23, this can lead to vulnerabilities. See the warning in "Fetching the value or values of a single named parameter" at /nix/store/1cj18z5hqvsylknf0mnlvjs8x6chqz79-perl5.32.0-CGI-4.49/lib/perl5/site_perl/5.32.0/CGI.pm line 411.
t/26_inarray.t ........ ok
t/27_set_invalid.t .... 1/6 CGI::param called in list context from /build/FormValidator-Simple-0.29/blib/lib/FormValidator/Simple/Data.pm line 23, this can lead to vulnerabilities. See the warning in "Fetching the value or values of a single named parameter" at /nix/store/1cj18z5hqvsylknf0mnlvjs8x6chqz79-perl5.32.0-CGI-4.49/lib/perl5/site_perl/5.32.0/CGI.pm line 411.
t/27_set_invalid.t .... ok
t/28_decode.t ......... 1/17 CGI::param called in list context from /build/FormValidator-Simple-0.29/blib/lib/FormValidator/Simple/Data.pm line 23, this can lead to vulnerabilities. See the warning in "Fetching the value or values of a single named parameter" at /nix/store/1cj18z5hqvsylknf0mnlvjs8x6chqz79-perl5.32.0-CGI-4.49/lib/perl5/site_perl/5.32.0/CGI.pm line 411.
t/28_decode.t ......... ok
All tests successful.
Files=29, Tests=319, 18 wallclock secs ( 0.18 usr  0.06 sys + 10.39 cusr  6.79 csys = 17.42 CPU)
Result: PASS
installing
install flags: SHELL=/nix/store/9fqwwd4iybmhjqyxiaxycknslw6bgwh1-bash-4.4-p23/bin/bash pkgconfigdir=/nix/store/gpaygy09xfwy4q8rvzv8x3ilp47pmnrz-perl5.32.0-FormValidator-Simple-0.29/lib/pkgconfig m4datadir=/nix/store/gpaygy09xfwy4q8rvzv8x3ilp47pmnrz-perl5.32.0-FormValidator-Simple-0.29/share/aclocal aclocaldir=/nix/store/gpaygy09xfwy4q8rvzv8x3ilp47pmnrz-perl5.32.0-FormValidator-Simple-0.29/share/aclocal install
Manifying 2 pod documents
Installing /nix/store/gpaygy09xfwy4q8rvzv8x3ilp47pmnrz-perl5.32.0-FormValidator-Simple-0.29/lib/perl5/site_perl/5.32.0/FormValidator/Simple.pm
Installing /nix/store/gpaygy09xfwy4q8rvzv8x3ilp47pmnrz-perl5.32.0-FormValidator-Simple-0.29/lib/perl5/site_perl/5.32.0/FormValidator/Simple/Exception.pm
Installing /nix/store/gpaygy09xfwy4q8rvzv8x3ilp47pmnrz-perl5.32.0-FormValidator-Simple-0.29/lib/perl5/site_perl/5.32.0/FormValidator/Simple/Constraints.pm
Installing /nix/store/gpaygy09xfwy4q8rvzv8x3ilp47pmnrz-perl5.32.0-FormValidator-Simple-0.29/lib/perl5/site_perl/5.32.0/FormValidator/Simple/Validator.pm
Installing /nix/store/gpaygy09xfwy4q8rvzv8x3ilp47pmnrz-perl5.32.0-FormValidator-Simple-0.29/lib/perl5/site_perl/5.32.0/FormValidator/Simple/Constraint.pm
Installing /nix/store/gpaygy09xfwy4q8rvzv8x3ilp47pmnrz-perl5.32.0-FormValidator-Simple-0.29/lib/perl5/site_perl/5.32.0/FormValidator/Simple/ArrayList.pm
Installing /nix/store/gpaygy09xfwy4q8rvzv8x3ilp47pmnrz-perl5.32.0-FormValidator-Simple-0.29/lib/perl5/site_perl/5.32.0/FormValidator/Simple/Iterator.pm
Installing /nix/store/gpaygy09xfwy4q8rvzv8x3ilp47pmnrz-perl5.32.0-FormValidator-Simple-0.29/lib/perl5/site_perl/5.32.0/FormValidator/Simple/Messages.pm
Installing /nix/store/gpaygy09xfwy4q8rvzv8x3ilp47pmnrz-perl5.32.0-FormValidator-Simple-0.29/lib/perl5/site_perl/5.32.0/FormValidator/Simple/Result.pm
Installing /nix/store/gpaygy09xfwy4q8rvzv8x3ilp47pmnrz-perl5.32.0-FormValidator-Simple-0.29/lib/perl5/site_perl/5.32.0/FormValidator/Simple/Results.pm
Installing /nix/store/gpaygy09xfwy4q8rvzv8x3ilp47pmnrz-perl5.32.0-FormValidator-Simple-0.29/lib/perl5/site_perl/5.32.0/FormValidator/Simple/Profile.pm
Installing /nix/store/gpaygy09xfwy4q8rvzv8x3ilp47pmnrz-perl5.32.0-FormValidator-Simple-0.29/lib/perl5/site_perl/5.32.0/FormValidator/Simple/Data.pm
Installing /nix/store/gpaygy09xfwy4q8rvzv8x3ilp47pmnrz-perl5.32.0-FormValidator-Simple-0.29/lib/perl5/site_perl/5.32.0/FormValidator/Simple/Constants.pm
Installing /nix/store/gpaygy09xfwy4q8rvzv8x3ilp47pmnrz-perl5.32.0-FormValidator-Simple-0.29/share/man/man3/FormValidator::Simple::Results.3
Installing /nix/store/gpaygy09xfwy4q8rvzv8x3ilp47pmnrz-perl5.32.0-FormValidator-Simple-0.29/share/man/man3/FormValidator::Simple.3
Appending installation info to /nix/store/gpaygy09xfwy4q8rvzv8x3ilp47pmnrz-perl5.32.0-FormValidator-Simple-0.29/lib/perl5/5.32.0/x86_64-linux-thread-multi/perllocal.pod
post-installation fixup
Moving /nix/store/gpaygy09xfwy4q8rvzv8x3ilp47pmnrz-perl5.32.0-FormValidator-Simple-0.29/share/man/man3 to /nix/store/p673fzzmknzvi1pfdbipza2y8ml6ps0s-perl5.32.0-FormValidator-Simple-0.29-devdoc/share/man/man3
Removing empty /nix/store/gpaygy09xfwy4q8rvzv8x3ilp47pmnrz-perl5.32.0-FormValidator-Simple-0.29/share/man/ and (possibly) its parents
shrinking RPATHs of ELF executables and libraries in /nix/store/gpaygy09xfwy4q8rvzv8x3ilp47pmnrz-perl5.32.0-FormValidator-Simple-0.29
strip is /nix/store/psyzbhp4p088sb9qcs378hfbslcalasl-binutils-2.31.1/bin/strip
stripping (with command strip and flags -S) in /nix/store/gpaygy09xfwy4q8rvzv8x3ilp47pmnrz-perl5.32.0-FormValidator-Simple-0.29/lib
patching script interpreter paths in /nix/store/gpaygy09xfwy4q8rvzv8x3ilp47pmnrz-perl5.32.0-FormValidator-Simple-0.29
checking for references to /build/ in /nix/store/gpaygy09xfwy4q8rvzv8x3ilp47pmnrz-perl5.32.0-FormValidator-Simple-0.29...
shrinking RPATHs of ELF executables and libraries in /nix/store/p673fzzmknzvi1pfdbipza2y8ml6ps0s-perl5.32.0-FormValidator-Simple-0.29-devdoc
gzipping man pages under /nix/store/p673fzzmknzvi1pfdbipza2y8ml6ps0s-perl5.32.0-FormValidator-Simple-0.29-devdoc/share/man/
strip is /nix/store/psyzbhp4p088sb9qcs378hfbslcalasl-binutils-2.31.1/bin/strip
patching script interpreter paths in /nix/store/p673fzzmknzvi1pfdbipza2y8ml6ps0s-perl5.32.0-FormValidator-Simple-0.29-devdoc
checking for references to /build/ in /nix/store/p673fzzmknzvi1pfdbipza2y8ml6ps0s-perl5.32.0-FormValidator-Simple-0.29-devdoc...
building '/nix/store/0vjx07434rlqxvqyyks50n1ia54d8qfz-perl5.32.0-Catalyst-Plugin-FormValidator-Simple-0.15.drv'...
unpacking sources
unpacking source archive /nix/store/8r5j77azl8ncxjczx6p902dsjcakykfr-Catalyst-Plugin-FormValidator-Simple-0.15.tar.gz
source root is Catalyst-Plugin-FormValidator-Simple-0.15
setting SOURCE_DATE_EPOCH to timestamp 1279055190 of file Catalyst-Plugin-FormValidator-Simple-0.15/META.yml
patching sources
configuring
Checking if your kit is complete...
Looks good
Generating a Unix-style Makefile
Writing Makefile for Catalyst::Plugin::FormValidator::Simple
Writing MYMETA.yml and MYMETA.json
no configure script, doing nothing
building
build flags: SHELL=/nix/store/9fqwwd4iybmhjqyxiaxycknslw6bgwh1-bash-4.4-p23/bin/bash
cp lib/Catalyst/Plugin/FormValidator/Simple.pm blib/lib/Catalyst/Plugin/FormValidator/Simple.pm
Manifying 1 pod document
running tests
check flags: SHELL=/nix/store/9fqwwd4iybmhjqyxiaxycknslw6bgwh1-bash-4.4-p23/bin/bash VERBOSE=y test
PERL_DL_NONLAZY=1 "/nix/store/7c044di03qa7qgr5kjjc2d787aspzp0m-perl-5.32.0/bin/perl" "-MExtUtils::Command::MM" "-MTest::Harness" "-e" "undef *Test::Harness::Switches; test_harness(0, 'blib/lib', 'blib/arch')" t/*.t
t/01_use.t .. ok
t/02_pod.t .. skipped: Test::Pod 1.14 required
All tests successful.
Files=2, Tests=1,  2 wallclock secs ( 0.08 usr  0.10 sys +  0.86 cusr  1.04 csys =  2.08 CPU)
Result: PASS
installing
install flags: SHELL=/nix/store/9fqwwd4iybmhjqyxiaxycknslw6bgwh1-bash-4.4-p23/bin/bash pkgconfigdir=/nix/store/mc9g3xnw77jwx6jdhwvvx5ksky57vgw6-perl5.32.0-Catalyst-Plugin-FormValidator-Simple-0.15/lib/pkgconfig m4datadir=/nix/store/mc9g3xnw77jwx6jdhwvvx5ksky57vgw6-perl5.32.0-Catalyst-Plugin-FormValidator-Simple-0.15/share/aclocal aclocaldir=/nix/store/mc9g3xnw77jwx6jdhwvvx5ksky57vgw6-perl5.32.0-Catalyst-Plugin-FormValidator-Simple-0.15/share/aclocal install
Manifying 1 pod document
Installing /nix/store/mc9g3xnw77jwx6jdhwvvx5ksky57vgw6-perl5.32.0-Catalyst-Plugin-FormValidator-Simple-0.15/lib/perl5/site_perl/5.32.0/Catalyst/Plugin/FormValidator/Simple.pm
Installing /nix/store/mc9g3xnw77jwx6jdhwvvx5ksky57vgw6-perl5.32.0-Catalyst-Plugin-FormValidator-Simple-0.15/share/man/man3/Catalyst::Plugin::FormValidator::Simple.3
Appending installation info to /nix/store/mc9g3xnw77jwx6jdhwvvx5ksky57vgw6-perl5.32.0-Catalyst-Plugin-FormValidator-Simple-0.15/lib/perl5/5.32.0/x86_64-linux-thread-multi/perllocal.pod
post-installation fixup
Moving /nix/store/mc9g3xnw77jwx6jdhwvvx5ksky57vgw6-perl5.32.0-Catalyst-Plugin-FormValidator-Simple-0.15/share/man/man3 to /nix/store/syi0sbd1jb2sgswvm6kbyjwcf886n3w0-perl5.32.0-Catalyst-Plugin-FormValidator-Simple-0.15-devdoc/share/man/man3
Removing empty /nix/store/mc9g3xnw77jwx6jdhwvvx5ksky57vgw6-perl5.32.0-Catalyst-Plugin-FormValidator-Simple-0.15/share/man/ and (possibly) its parents
shrinking RPATHs of ELF executables and libraries in /nix/store/mc9g3xnw77jwx6jdhwvvx5ksky57vgw6-perl5.32.0-Catalyst-Plugin-FormValidator-Simple-0.15
strip is /nix/store/psyzbhp4p088sb9qcs378hfbslcalasl-binutils-2.31.1/bin/strip
stripping (with command strip and flags -S) in /nix/store/mc9g3xnw77jwx6jdhwvvx5ksky57vgw6-perl5.32.0-Catalyst-Plugin-FormValidator-Simple-0.15/lib
patching script interpreter paths in /nix/store/mc9g3xnw77jwx6jdhwvvx5ksky57vgw6-perl5.32.0-Catalyst-Plugin-FormValidator-Simple-0.15
checking for references to /build/ in /nix/store/mc9g3xnw77jwx6jdhwvvx5ksky57vgw6-perl5.32.0-Catalyst-Plugin-FormValidator-Simple-0.15...
shrinking RPATHs of ELF executables and libraries in /nix/store/syi0sbd1jb2sgswvm6kbyjwcf886n3w0-perl5.32.0-Catalyst-Plugin-FormValidator-Simple-0.15-devdoc
gzipping man pages under /nix/store/syi0sbd1jb2sgswvm6kbyjwcf886n3w0-perl5.32.0-Catalyst-Plugin-FormValidator-Simple-0.15-devdoc/share/man/
strip is /nix/store/psyzbhp4p088sb9qcs378hfbslcalasl-binutils-2.31.1/bin/strip
patching script interpreter paths in /nix/store/syi0sbd1jb2sgswvm6kbyjwcf886n3w0-perl5.32.0-Catalyst-Plugin-FormValidator-Simple-0.15-devdoc
checking for references to /build/ in /nix/store/syi0sbd1jb2sgswvm6kbyjwcf886n3w0-perl5.32.0-Catalyst-Plugin-FormValidator-Simple-0.15-devdoc...
/nix/store/mc9g3xnw77jwx6jdhwvvx5ksky57vgw6-perl5.32.0-Catalyst-Plugin-FormValidator-Simple-0.15
