these derivations will be built:
  /nix/store/40qjsajbiq7bj7ni7wvc6r431ikrzzm4-perl5.32.0-Net-DNS-1.24.drv
  /nix/store/h2nr2p17j6i7c0d340405mlc5i10v1j1-perl5.32.0-File-MMagic-1.30.drv
  /nix/store/hpignz6wdil8lg859qk0bs3plfv4p8a4-perl5.32.0-Date-Calc-6.4.drv
  /nix/store/lspyw0gq2qkf9wafrbzr00j7pp15d5xp-perl5.32.0-Email-Valid-1.202.drv
  /nix/store/ry61n41cnhr06dyzxw9bw17344rnjda1-perl5.32.0-Image-Size-3.300.drv
  /nix/store/vp5a4133vg8prhx8kvzalh0bm4nlrh5b-perl5.32.0-Regexp-Common-2017060201.drv
  /nix/store/dzzszfx813xfm88bmw6cwwxf9zn0ykpb-perl5.32.0-Data-FormValidator-4.88.drv
  /nix/store/4xankizf5wm9mjyrdm4s5149daxn3fyk-perl5.32.0-Catalyst-Plugin-FormValidator-0.094.drv
these paths will be fetched (0.13 MiB download, 0.13 MiB unpacked):
  /nix/store/0psg65719why0kw4ah5k2hzm0rdi2p1q-Data-FormValidator-4.88.tar.gz
  /nix/store/3rgcb8dz2sgd3499vam912xyyfm5f5k3-File-MMagic-1.30.tar.gz
  /nix/store/q5gj0sp9gd8aylj8ywvm6wlppgplffnk-Catalyst-Plugin-FormValidator-0.094.tar.gz
copying path '/nix/store/q5gj0sp9gd8aylj8ywvm6wlppgplffnk-Catalyst-Plugin-FormValidator-0.094.tar.gz' from 'https://cache.nixos.org'...
copying path '/nix/store/0psg65719why0kw4ah5k2hzm0rdi2p1q-Data-FormValidator-4.88.tar.gz' from 'https://cache.nixos.org'...
copying path '/nix/store/3rgcb8dz2sgd3499vam912xyyfm5f5k3-File-MMagic-1.30.tar.gz' from 'https://cache.nixos.org'...
building '/nix/store/hpignz6wdil8lg859qk0bs3plfv4p8a4-perl5.32.0-Date-Calc-6.4.drv'...
building '/nix/store/ry61n41cnhr06dyzxw9bw17344rnjda1-perl5.32.0-Image-Size-3.300.drv'...
building '/nix/store/vp5a4133vg8prhx8kvzalh0bm4nlrh5b-perl5.32.0-Regexp-Common-2017060201.drv'...
building '/nix/store/40qjsajbiq7bj7ni7wvc6r431ikrzzm4-perl5.32.0-Net-DNS-1.24.drv'...
unpacking sources
unpacking source archive /nix/store/hvn6b09j3gksjwygg5889s384sc2ph52-Date-Calc-6.4.tar.gz
unpacking sources
unpacking source archive /nix/store/cbym58pa053gxgx80d55hsis86jzfqh4-Image-Size-3.300.tar.gz
source root is Date-Calc-6.4
setting SOURCE_DATE_EPOCH to timestamp 1425758816 of file Date-Calc-6.4/t/m013.t
patching sources
unpacking sources
configuring
source root is Image-Size-3.300
unpacking source archive /nix/store/mviy2h2iy12kp09z44amzka7z7aaisl7-Net-DNS-1.24.tar.gz
setting SOURCE_DATE_EPOCH to timestamp 1425142855 of file Image-Size-3.300/xt/05_critic.t
patching sources
configuring
unpacking sources
unpacking source archive /nix/store/wj0k1ncf3y75msmpalziix28m6qfi3q9-Regexp-Common-2017060201.tar.gz
patching ./t/f022.t...
source root is Net-DNS-1.24
patching ./t/m007.t...
setting SOURCE_DATE_EPOCH to timestamp 1590571874 of file Net-DNS-1.24/META.yml
patching ./t/f014.t...
patching sources
configuring
patching ./t/m013.t...
patching ./xt/05_critic.t...
source root is Regexp-Common-2017060201
patching ./t/f020.t...
patching ./xt/02_pod_coverage.t...
patching ./t/f019.t...
patching ./xt/04_minimumversion.t...
setting SOURCE_DATE_EPOCH to timestamp 1496441154 of file Regexp-Common-2017060201/META.json
patching sources
patching ./t/f005.t...
patching ./xt/00_load.t...
configuring
patching ./demo/perldig...
patching ./t/f015.t...
patching ./xt/01_pod.t...
patching ./demo/axfr...
patching ./t/f033.t...
patching ./xt/03_meta.t...
patching ./demo/check_soa...
patching ./t/f003.t...
patching ./imgsize...
patching ./demo/check_zone...
patching ./t/f032.t...
patching ./t/f026.t...
patching ./demo/mx...
patching ./t/f024.t...
patching ./demo/mresolv...
patching ./t/all.t...
patching ./t/f002.t...
patching ./t/f035.t...
patching ./t/number/131_integer_sep.t...
/nix/store/qf3mzpvsmkrw963xchbivcci06078n13-builder.sh: line 17: warning: command substitution: ignored null byte in input
patching ./t/f037.t...
patching ./t/number/122_integer_places.t...
patching ./t/number/701_squares.t...
patching ./t/f007.t...
patching ./t/number/121_integer_places.t...
patching ./t/m011.t...
patching ./t/number/123_integer_places.t...
patching ./t/f009.t...
patching ./t/number/141_integer_group.t...
patching ./t/m012.t...
patching ./t/number/801_roman.t...
patching ./t/m008.t...
patching ./t/f034.t...
/nix/store/qf3mzpvsmkrw963xchbivcci06078n13-builder.sh: line 17: warning: command substitution: ignored null byte in input
patching ./t/number/number.t...
patching ./t/f006.t...
patching ./t/number/decimal.t...
/nix/store/qf3mzpvsmkrw963xchbivcci06078n13-builder.sh: line 17: warning: command substitution: ignored null byte in input
building '/nix/store/h2nr2p17j6i7c0d340405mlc5i10v1j1-perl5.32.0-File-MMagic-1.30.drv'...
patching ./t/f023.t...
patching ./t/f001.t...
patching ./t/m006.t...
patching ./t/magick.t...
patching ./t/number/111_integer_base.t...
patching ./t/number/101_integer.t...
patching ./t/delimited/101_delimited.t...
patching ./t/f018.t...
patching ./t/delimited/111_bquoted.t...
patching ./ex/make_gallery.pl...
patching ./t/m002.t...
patching ./t/m009.t...
patching ./t/test_lingua_palindrome.t...
patching ./t/f017.t...
patching ./t/m004.t...
patching ./t/URI/wais.t...
patching ./t/f012.t...
patching ./t/URI/file.t...
patching ./t/f004.t...
patching ./t/f027.t...
patching ./t/f021.t...
patching ./t/URI/pop.t...
patching ./t/f028.t...
patching ./t/URI/telnet.t...
patching ./t/m010.t...
patching ./t/URI/nntp.t...
patching ./t/f016.t...
patching ./t/URI/news.t...
patching ./t/f011.t...
patching ./t/URI/http.t...
patching ./t/f029.t...
patching ./t/URI/gopher.t...
patching ./t/f008.t...
patching ./t/URI/prospero.t...
patching ./t/f031.t...
patching ./t/URI/tv.t...
patching ./t/f010.t...
patching ./t/test_i.t...
patching ./t/m001.t...
patching ./t/m005.t...
patching ./t/zip/131_denmark.t...
patching ./t/f030.t...
patching ./t/zip/121_belgium.t...
patching ./t/f036.t...
patching ./t/f025.t...
patching ./t/zip/zip.t...
patching ./t/zip/161_liechtenstein.t...
patching ./t/f000.t...
patching ./t/f013.t...
patching ./t/zip/241_vatican-city.t...
patching ./t/m003.t...
patching ./t/zip/111_australia.t...
patching ./t/zip/191_germany.t...
patching ./t/zip/us.t...
patching ./t/zip/151_norway.t...
patching ./t/zip/171_switzerland.t...
unpacking sources
patching ./t/zip/201_luxembourg.t...
unpacking source archive /nix/store/3rgcb8dz2sgd3499vam912xyyfm5f5k3-File-MMagic-1.30.tar.gz
patching ./t/zip/spain.t...
source root is File-MMagic-1.30
patching ./t/zip/112_australia.t...
setting SOURCE_DATE_EPOCH to timestamp 1372746226 of file File-MMagic-1.30/META.yml
patching ./t/zip/101_austria.t...
patching sources
configuring
patching ./t/zip/221_monaco.t...
patching ./t/zip/141_greenland.t...
patching ./t/zip/231_san-marino.t...
patching ./Makefile.PL...
patching ./t/zip/netherlands.t...
patching ./t/zip/211_france.t...
patching ./t/zip/181_italy.t...
patching ./t/net/111_ipv6.t...
patching ./t/net/102_ipv4_strict.t...
patching ./t/comment/nested.t...
patching ./t/comment/single_line.t...
Checking if your kit is complete...
patching ./t/comment/single_or_multiline.t...
patching ./t/comment/html.t...
patching ./t/comment/delimited.t...
patching ./t/comment/pascal.t...
patching ./t/test___luhn.t...
Looks good
patching ./t/SEN/usa_ssn.t...
Generating a Unix-style Makefile
Writing Makefile for Image::Size
Writing MYMETA.yml and MYMETA.json
no configure script, doing nothing
building
patching ./Makefile.PL...
build flags: SHELL=/nix/store/9fqwwd4iybmhjqyxiaxycknslw6bgwh1-bash-4.4-p23/bin/bash

*************************************************************
****** BEWARE: Use "make install UNINST=1" to install! ******
*************************************************************

Checking if your kit is complete...
Checking if your kit is complete...
Looks good
Looks good
patching ./contrib/loclist.pl...
patching ./contrib/loc2earth.fcgi...
patching ./contrib/find_zonecut...
patching ./contrib/check_soa...
patching ./contrib/check_zone...
Generating a Unix-style Makefile
Writing Makefile for File::MMagic
Generating a Unix-style Makefile
Writing Makefile for Date::Calc
Writing MYMETA.yml and MYMETA.json
no configure script, doing nothing
building
build flags: SHELL=/nix/store/9fqwwd4iybmhjqyxiaxycknslw6bgwh1-bash-4.4-p23/bin/bash
Writing MYMETA.yml and MYMETA.json
no configure script, doing nothing
building
build flags: SHELL=/nix/store/9fqwwd4iybmhjqyxiaxycknslw6bgwh1-bash-4.4-p23/bin/bash
Checking if your kit is complete...
Looks good
Generating a Unix-style Makefile
Writing Makefile for Regexp::Common
Writing MYMETA.yml and MYMETA.json
no configure script, doing nothing
building
build flags: SHELL=/nix/store/9fqwwd4iybmhjqyxiaxycknslw6bgwh1-bash-4.4-p23/bin/bash
Checking if your kit is complete...
Looks good
cp lib/Image/Size.pm blib/lib/Image/Size.pm
cp imgsize blib/script/imgsize
"/nix/store/7c044di03qa7qgr5kjjc2d787aspzp0m-perl-5.32.0/bin/perl" -MExtUtils::MY -e 'MY->fixin(shift)' -- blib/script/imgsize
Generating a Unix-style Makefile
Writing Makefile for Net::DNS
Writing MYMETA.yml and MYMETA.json
no configure script, doing nothing
building
build flags: SHELL=/nix/store/9fqwwd4iybmhjqyxiaxycknslw6bgwh1-bash-4.4-p23/bin/bash
cp MMagic.pm blib/lib/File/MMagic.pm
cp lib/Date/Calc/PP.pod blib/lib/Date/Calc/PP.pod
cp lib/Date/Calc/PP.pm blib/lib/Date/Calc/PP.pm
cp lib/Date/Calc/Object.pm blib/lib/Date/Calc/Object.pm
cp lib/Date/Calc.pod blib/lib/Date/Calc.pod
cp lib/Date/Calendar/Year.pod blib/lib/Date/Calendar/Year.pod
cp lib/Date/Calendar/Profiles.pm blib/lib/Date/Calendar/Profiles.pm
cp lib/Date/Calendar/Profiles.pod blib/lib/Date/Calendar/Profiles.pod
cp lib/Date/Calendar/Year.pm blib/lib/Date/Calendar/Year.pm
cp lib/Date/Calendar.pod blib/lib/Date/Calendar.pod
cp lib/Date/Calc/Object.pod blib/lib/Date/Calc/Object.pod
cp lib/Date/Calendar.pm blib/lib/Date/Calendar.pm
cp lib/Date/Calc.pm blib/lib/Date/Calc.pm
Manifying 1 pod document
Manifying 1 pod document
running tests
check flags: SHELL=/nix/store/9fqwwd4iybmhjqyxiaxycknslw6bgwh1-bash-4.4-p23/bin/bash VERBOSE=y test
cp lib/Regexp/Common/_support.pm blib/lib/Regexp/Common/_support.pm
Manifying 6 pod documents
cp lib/Regexp/Common/URI/http.pm blib/lib/Regexp/Common/URI/http.pm
cp lib/Regexp/Common/whitespace.pm blib/lib/Regexp/Common/whitespace.pm
cp lib/Regexp/Common/lingua.pm blib/lib/Regexp/Common/lingua.pm
PERL_DL_NONLAZY=1 "/nix/store/7c044di03qa7qgr5kjjc2d787aspzp0m-perl-5.32.0/bin/perl" "-MExtUtils::Command::MM" "-MTest::Harness" "-e" "undef *Test::Harness::Switches; test_harness(0, 'blib/lib', 'blib/arch')" t/*.t
cp lib/Regexp/Common/number.pm blib/lib/Regexp/Common/number.pm
cp lib/Regexp/Common/net.pm blib/lib/Regexp/Common/net.pm
cp lib/Regexp/Common/URI/RFC2806.pm blib/lib/Regexp/Common/URI/RFC2806.pm
cp lib/Regexp/Common/URI/RFC2396.pm blib/lib/Regexp/Common/URI/RFC2396.pm
cp lib/Regexp/Common/CC.pm blib/lib/Regexp/Common/CC.pm
cp lib/Regexp/Common/zip.pm blib/lib/Regexp/Common/zip.pm
cp lib/Regexp/Common/URI/file.pm blib/lib/Regexp/Common/URI/file.pm
cp lib/Regexp/Common/URI/prospero.pm blib/lib/Regexp/Common/URI/prospero.pm
cp lib/Regexp/Common.pm blib/lib/Regexp/Common.pm
cp lib/Regexp/Common/URI/telnet.pm blib/lib/Regexp/Common/URI/telnet.pm
cp lib/Regexp/Common/URI/pop.pm blib/lib/Regexp/Common/URI/pop.pm
cp lib/Regexp/Common/URI/RFC1035.pm blib/lib/Regexp/Common/URI/RFC1035.pm
cp lib/Regexp/Common/URI/RFC1808.pm blib/lib/Regexp/Common/URI/RFC1808.pm
cp lib/Regexp/Common/URI/wais.pm blib/lib/Regexp/Common/URI/wais.pm
cp lib/Regexp/Common/URI/ftp.pm blib/lib/Regexp/Common/URI/ftp.pm
cp lib/Regexp/Common/URI/RFC2384.pm blib/lib/Regexp/Common/URI/RFC2384.pm
cp lib/Regexp/Common/URI/tel.pm blib/lib/Regexp/Common/URI/tel.pm
cp lib/Regexp/Common/delimited.pm blib/lib/Regexp/Common/delimited.pm
cp lib/Regexp/Common/profanity.pm blib/lib/Regexp/Common/profanity.pm
cp lib/Regexp/Common/URI/fax.pm blib/lib/Regexp/Common/URI/fax.pm
cp lib/Regexp/Common/URI/tv.pm blib/lib/Regexp/Common/URI/tv.pm
cp lib/Regexp/Common/comment.pm blib/lib/Regexp/Common/comment.pm
cp lib/Regexp/Common/URI/news.pm blib/lib/Regexp/Common/URI/news.pm
cp lib/Regexp/Common/list.pm blib/lib/Regexp/Common/list.pm
cp lib/Regexp/Common/URI.pm blib/lib/Regexp/Common/URI.pm
cp lib/Regexp/Common/balanced.pm blib/lib/Regexp/Common/balanced.pm
cp lib/Regexp/Common/URI/RFC1738.pm blib/lib/Regexp/Common/URI/RFC1738.pm
cp lib/Regexp/Common/SEN.pm blib/lib/Regexp/Common/SEN.pm
cp lib/Regexp/Common/URI/gopher.pm blib/lib/Regexp/Common/URI/gopher.pm
Manifying 1 pod document
Manifying 32 pod documents
t/01-selfcheck.t ... ok
t/02-extmagic.t .... ok
running tests
check flags: SHELL=/nix/store/9fqwwd4iybmhjqyxiaxycknslw6bgwh1-bash-4.4-p23/bin/bash VERBOSE=y test
PERL_DL_NONLAZY=1 "/nix/store/7c044di03qa7qgr5kjjc2d787aspzp0m-perl-5.32.0/bin/perl" "-MExtUtils::Command::MM" "-MTest::Harness" "-e" "undef *Test::Harness::Switches; test_harness(0, 'blib/lib', 'blib/arch')" t/*.t
cp lib/Net/DNS/RR/KX.pm blib/lib/Net/DNS/RR/KX.pm
cp lib/Net/DNS/RR/CNAME.pm blib/lib/Net/DNS/RR/CNAME.pm
cp lib/Net/DNS/RR/NID.pm blib/lib/Net/DNS/RR/NID.pm
cp lib/Net/DNS/RR/MR.pm blib/lib/Net/DNS/RR/MR.pm
cp lib/Net/DNS/Domain.pm blib/lib/Net/DNS/Domain.pm
cp lib/Net/DNS/RR/GPOS.pm blib/lib/Net/DNS/RR/GPOS.pm
cp lib/Net/DNS/RR/CERT.pm blib/lib/Net/DNS/RR/CERT.pm
cp lib/Net/DNS/RR/EUI48.pm blib/lib/Net/DNS/RR/EUI48.pm
cp lib/Net/DNS.pm blib/lib/Net/DNS.pm
cp lib/Net/DNS/Packet.pm blib/lib/Net/DNS/Packet.pm
cp lib/Net/DNS/Header.pm blib/lib/Net/DNS/Header.pm
cp lib/Net/DNS/RR/MG.pm blib/lib/Net/DNS/RR/MG.pm
cp lib/Net/DNS/RR/DHCID.pm blib/lib/Net/DNS/RR/DHCID.pm
cp lib/Net/DNS/RR/ISDN.pm blib/lib/Net/DNS/RR/ISDN.pm
cp lib/Net/DNS/RR/IPSECKEY.pm blib/lib/Net/DNS/RR/IPSECKEY.pm
cp lib/Net/DNS/RR/DNSKEY.pm blib/lib/Net/DNS/RR/DNSKEY.pm
cp lib/Net/DNS/RR/EUI64.pm blib/lib/Net/DNS/RR/EUI64.pm
cp lib/Net/DNS/RR/NS.pm blib/lib/Net/DNS/RR/NS.pm
cp lib/Net/DNS/Question.pm blib/lib/Net/DNS/Question.pm
cp lib/Net/DNS/RR/LOC.pm blib/lib/Net/DNS/RR/LOC.pm
cp lib/Net/DNS/Parameters.pm blib/lib/Net/DNS/Parameters.pm
cp lib/Net/DNS/Mailbox.pm blib/lib/Net/DNS/Mailbox.pm
cp lib/Net/DNS/RR/NAPTR.pm blib/lib/Net/DNS/RR/NAPTR.pm
cp lib/Net/DNS/RR/APL.pm blib/lib/Net/DNS/RR/APL.pm
t/03-typecheck.t ... ok
cp lib/Net/DNS/RR/AFSDB.pm blib/lib/Net/DNS/RR/AFSDB.pm
cp lib/Net/DNS/RR/MX.pm blib/lib/Net/DNS/RR/MX.pm
cp lib/Net/DNS/RR/A.pm blib/lib/Net/DNS/RR/A.pm
cp lib/Net/DNS/DomainName.pm blib/lib/Net/DNS/DomainName.pm
cp lib/Net/DNS/RR/DNAME.pm blib/lib/Net/DNS/RR/DNAME.pm
cp lib/Net/DNS/RR/DS.pm blib/lib/Net/DNS/RR/DS.pm
cp lib/Net/DNS/RR/LP.pm blib/lib/Net/DNS/RR/LP.pm
cp lib/Net/DNS/RR/MINFO.pm blib/lib/Net/DNS/RR/MINFO.pm
cp lib/Net/DNS/Nameserver.pm blib/lib/Net/DNS/Nameserver.pm
cp lib/Net/DNS/FAQ.pod blib/lib/Net/DNS/FAQ.pod
cp lib/Net/DNS/RR/CAA.pm blib/lib/Net/DNS/RR/CAA.pm
cp lib/Net/DNS/RR/CSYNC.pm blib/lib/Net/DNS/RR/CSYNC.pm
cp lib/Net/DNS/RR/AAAA.pm blib/lib/Net/DNS/RR/AAAA.pm
cp lib/Net/DNS/RR/HINFO.pm blib/lib/Net/DNS/RR/HINFO.pm
cp lib/Net/DNS/RR/MB.pm blib/lib/Net/DNS/RR/MB.pm
cp lib/Net/DNS/RR/HIP.pm blib/lib/Net/DNS/RR/HIP.pm
cp lib/Net/DNS/RR/AMTRELAY.pm blib/lib/Net/DNS/RR/AMTRELAY.pm
cp lib/Net/DNS/RR/CDS.pm blib/lib/Net/DNS/RR/CDS.pm
cp lib/Net/DNS/RR/L32.pm blib/lib/Net/DNS/RR/L32.pm
cp lib/Net/DNS/RR.pm blib/lib/Net/DNS/RR.pm
cp lib/Net/DNS/RR/L64.pm blib/lib/Net/DNS/RR/L64.pm
cp lib/Net/DNS/RR/CDNSKEY.pm blib/lib/Net/DNS/RR/CDNSKEY.pm
cp lib/Net/DNS/RR/KEY.pm blib/lib/Net/DNS/RR/KEY.pm
t/04-string-mod.t .. ok
cp lib/Net/DNS/Resolver/Recurse.pm blib/lib/Net/DNS/Resolver/Recurse.pm
cp lib/Net/DNS/RR/RP.pm blib/lib/Net/DNS/RR/RP.pm
cp lib/Net/DNS/Resolver/cygwin.pm blib/lib/Net/DNS/Resolver/cygwin.pm
cp lib/Net/DNS/Resolver/os390.pm blib/lib/Net/DNS/Resolver/os390.pm
cp lib/Net/DNS/RR/SMIMEA.pm blib/lib/Net/DNS/RR/SMIMEA.pm
cp lib/Net/DNS/RR/RT.pm blib/lib/Net/DNS/RR/RT.pm
cp lib/Net/DNS/RR/TSIG.pm blib/lib/Net/DNS/RR/TSIG.pm
cp lib/Net/DNS/Resolver/android.pm blib/lib/Net/DNS/Resolver/android.pm
cp lib/Net/DNS/RR/SSHFP.pm blib/lib/Net/DNS/RR/SSHFP.pm
cp lib/Net/DNS/Text.pm blib/lib/Net/DNS/Text.pm
cp lib/Net/DNS/RR/URI.pm blib/lib/Net/DNS/RR/URI.pm
cp lib/Net/DNS/RR/TKEY.pm blib/lib/Net/DNS/RR/TKEY.pm
cp lib/Net/DNS/Resolver/Base.pm blib/lib/Net/DNS/Resolver/Base.pm
cp lib/Net/DNS/RR/ZONEMD.pm blib/lib/Net/DNS/RR/ZONEMD.pm
cp lib/Net/DNS/RR/SOA.pm blib/lib/Net/DNS/RR/SOA.pm
cp lib/Net/DNS/RR/OPT.pm blib/lib/Net/DNS/RR/OPT.pm
cp lib/Net/DNS/RR/OPENPGPKEY.pm blib/lib/Net/DNS/RR/OPENPGPKEY.pm
cp lib/Net/DNS/RR/SPF.pm blib/lib/Net/DNS/RR/SPF.pm
cp lib/Net/DNS/RR/X25.pm blib/lib/Net/DNS/RR/X25.pm
cp lib/Net/DNS/RR/NSEC3.pm blib/lib/Net/DNS/RR/NSEC3.pm
cp lib/Net/DNS/Update.pm blib/lib/Net/DNS/Update.pm
cp lib/Net/DNS/Resolver/UNIX.pm blib/lib/Net/DNS/Resolver/UNIX.pm
cp lib/Net/DNS/RR/NSEC3PARAM.pm blib/lib/Net/DNS/RR/NSEC3PARAM.pm
cp lib/Net/DNS/Resolver.pm blib/lib/Net/DNS/Resolver.pm
cp lib/Net/DNS/RR/TLSA.pm blib/lib/Net/DNS/RR/TLSA.pm
cp lib/Net/DNS/RR/SIG.pm blib/lib/Net/DNS/RR/SIG.pm
cp lib/Net/DNS/Resolver/os2.pm blib/lib/Net/DNS/Resolver/os2.pm
cp lib/Net/DNS/RR/RRSIG.pm blib/lib/Net/DNS/RR/RRSIG.pm
cp lib/Net/DNS/Resolver/MSWin32.pm blib/lib/Net/DNS/Resolver/MSWin32.pm
cp lib/Net/DNS/ZoneFile.pm blib/lib/Net/DNS/ZoneFile.pm
cp lib/Net/DNS/RR/SRV.pm blib/lib/Net/DNS/RR/SRV.pm
cp lib/Net/DNS/RR/NULL.pm blib/lib/Net/DNS/RR/NULL.pm
cp lib/Net/DNS/RR/NSEC.pm blib/lib/Net/DNS/RR/NSEC.pm
cp lib/Net/DNS/RR/TXT.pm blib/lib/Net/DNS/RR/TXT.pm
cp lib/Net/DNS/RR/PTR.pm blib/lib/Net/DNS/RR/PTR.pm
cp lib/Net/DNS/RR/PX.pm blib/lib/Net/DNS/RR/PX.pm
Manifying 38 pod documents
t/05-subclass.t .... ok
t/06-conthook.t .... ok
t/07-contents.t .... ok
All tests successful.
Files=7, Tests=11,  1 wallclock secs ( 0.04 usr  0.01 sys +  0.24 cusr  0.05 csys =  0.34 CPU)
Result: PASS
installing
install flags: SHELL=/nix/store/9fqwwd4iybmhjqyxiaxycknslw6bgwh1-bash-4.4-p23/bin/bash pkgconfigdir=/nix/store/vf1n0awf8cvqfhp53qlz73h4sd4c7il9-perl5.32.0-File-MMagic-1.30/lib/pkgconfig m4datadir=/nix/store/vf1n0awf8cvqfhp53qlz73h4sd4c7il9-perl5.32.0-File-MMagic-1.30/share/aclocal aclocaldir=/nix/store/vf1n0awf8cvqfhp53qlz73h4sd4c7il9-perl5.32.0-File-MMagic-1.30/share/aclocal install
t/all.t ..... ok
Manifying 1 pod document
installing
install flags: SHELL=/nix/store/9fqwwd4iybmhjqyxiaxycknslw6bgwh1-bash-4.4-p23/bin/bash pkgconfigdir=/nix/store/5kyai503p5x4ap066amcnvwp60br2688-perl5.32.0-Date-Calc-6.4/lib/pkgconfig m4datadir=/nix/store/5kyai503p5x4ap066amcnvwp60br2688-perl5.32.0-Date-Calc-6.4/share/aclocal aclocaldir=/nix/store/5kyai503p5x4ap066amcnvwp60br2688-perl5.32.0-Date-Calc-6.4/share/aclocal install
Installing /nix/store/vf1n0awf8cvqfhp53qlz73h4sd4c7il9-perl5.32.0-File-MMagic-1.30/lib/perl5/site_perl/5.32.0/File/MMagic.pm
Installing /nix/store/vf1n0awf8cvqfhp53qlz73h4sd4c7il9-perl5.32.0-File-MMagic-1.30/share/man/man3/File::MMagic.3
Appending installation info to /nix/store/vf1n0awf8cvqfhp53qlz73h4sd4c7il9-perl5.32.0-File-MMagic-1.30/lib/perl5/5.32.0/x86_64-linux-thread-multi/perllocal.pod
Manifying 6 pod documents
Manifying 1 pod document
post-installation fixup
t/magick.t .. ok
All tests successful.
Files=2, Tests=24,  0 wallclock secs ( 0.03 usr  0.01 sys +  0.26 cusr  0.08 csys =  0.38 CPU)
Result: PASS
Moving /nix/store/vf1n0awf8cvqfhp53qlz73h4sd4c7il9-perl5.32.0-File-MMagic-1.30/share/man/man3 to /nix/store/g1x95av6k5qxwqvifqdpn6sfqld2p46q-perl5.32.0-File-MMagic-1.30-devdoc/share/man/man3
installing
install flags: SHELL=/nix/store/9fqwwd4iybmhjqyxiaxycknslw6bgwh1-bash-4.4-p23/bin/bash pkgconfigdir=/nix/store/p2ib16m0ck14fy7x3gsivh9zv79rqi40-perl5.32.0-Image-Size-3.300/lib/pkgconfig m4datadir=/nix/store/p2ib16m0ck14fy7x3gsivh9zv79rqi40-perl5.32.0-Image-Size-3.300/share/aclocal aclocaldir=/nix/store/p2ib16m0ck14fy7x3gsivh9zv79rqi40-perl5.32.0-Image-Size-3.300/share/aclocal install
Removing empty /nix/store/vf1n0awf8cvqfhp53qlz73h4sd4c7il9-perl5.32.0-File-MMagic-1.30/share/man/ and (possibly) its parents
shrinking RPATHs of ELF executables and libraries in /nix/store/vf1n0awf8cvqfhp53qlz73h4sd4c7il9-perl5.32.0-File-MMagic-1.30
strip is /nix/store/psyzbhp4p088sb9qcs378hfbslcalasl-binutils-2.31.1/bin/strip
stripping (with command strip and flags -S) in /nix/store/vf1n0awf8cvqfhp53qlz73h4sd4c7il9-perl5.32.0-File-MMagic-1.30/lib
patching script interpreter paths in /nix/store/vf1n0awf8cvqfhp53qlz73h4sd4c7il9-perl5.32.0-File-MMagic-1.30
checking for references to /build/ in /nix/store/vf1n0awf8cvqfhp53qlz73h4sd4c7il9-perl5.32.0-File-MMagic-1.30...
shrinking RPATHs of ELF executables and libraries in /nix/store/g1x95av6k5qxwqvifqdpn6sfqld2p46q-perl5.32.0-File-MMagic-1.30-devdoc
gzipping man pages under /nix/store/g1x95av6k5qxwqvifqdpn6sfqld2p46q-perl5.32.0-File-MMagic-1.30-devdoc/share/man/
strip is /nix/store/psyzbhp4p088sb9qcs378hfbslcalasl-binutils-2.31.1/bin/strip
patching script interpreter paths in /nix/store/g1x95av6k5qxwqvifqdpn6sfqld2p46q-perl5.32.0-File-MMagic-1.30-devdoc
checking for references to /build/ in /nix/store/g1x95av6k5qxwqvifqdpn6sfqld2p46q-perl5.32.0-File-MMagic-1.30-devdoc...
Installing /nix/store/5kyai503p5x4ap066amcnvwp60br2688-perl5.32.0-Date-Calc-6.4/lib/perl5/site_perl/5.32.0/Date/Calendar.pm
Installing /nix/store/5kyai503p5x4ap066amcnvwp60br2688-perl5.32.0-Date-Calc-6.4/lib/perl5/site_perl/5.32.0/Date/Calc.pm
Installing /nix/store/5kyai503p5x4ap066amcnvwp60br2688-perl5.32.0-Date-Calc-6.4/lib/perl5/site_perl/5.32.0/Date/Calc.pod
Installing /nix/store/5kyai503p5x4ap066amcnvwp60br2688-perl5.32.0-Date-Calc-6.4/lib/perl5/site_perl/5.32.0/Date/Calendar.pod
Installing /nix/store/5kyai503p5x4ap066amcnvwp60br2688-perl5.32.0-Date-Calc-6.4/lib/perl5/site_perl/5.32.0/Date/Calendar/Profiles.pm
Installing /nix/store/5kyai503p5x4ap066amcnvwp60br2688-perl5.32.0-Date-Calc-6.4/lib/perl5/site_perl/5.32.0/Date/Calendar/Profiles.pod
Installing /nix/store/5kyai503p5x4ap066amcnvwp60br2688-perl5.32.0-Date-Calc-6.4/lib/perl5/site_perl/5.32.0/Date/Calendar/Year.pod
Installing /nix/store/5kyai503p5x4ap066amcnvwp60br2688-perl5.32.0-Date-Calc-6.4/lib/perl5/site_perl/5.32.0/Date/Calendar/Year.pm
Installing /nix/store/5kyai503p5x4ap066amcnvwp60br2688-perl5.32.0-Date-Calc-6.4/lib/perl5/site_perl/5.32.0/Date/Calc/Object.pm
Installing /nix/store/5kyai503p5x4ap066amcnvwp60br2688-perl5.32.0-Date-Calc-6.4/lib/perl5/site_perl/5.32.0/Date/Calc/PP.pod
Installing /nix/store/5kyai503p5x4ap066amcnvwp60br2688-perl5.32.0-Date-Calc-6.4/lib/perl5/site_perl/5.32.0/Date/Calc/Object.pod
Installing /nix/store/5kyai503p5x4ap066amcnvwp60br2688-perl5.32.0-Date-Calc-6.4/lib/perl5/site_perl/5.32.0/Date/Calc/PP.pm
Installing /nix/store/5kyai503p5x4ap066amcnvwp60br2688-perl5.32.0-Date-Calc-6.4/share/man/man3/Date::Calendar.3
Installing /nix/store/5kyai503p5x4ap066amcnvwp60br2688-perl5.32.0-Date-Calc-6.4/share/man/man3/Date::Calendar::Profiles.3
Installing /nix/store/5kyai503p5x4ap066amcnvwp60br2688-perl5.32.0-Date-Calc-6.4/share/man/man3/Date::Calc::Object.3
Installing /nix/store/5kyai503p5x4ap066amcnvwp60br2688-perl5.32.0-Date-Calc-6.4/share/man/man3/Date::Calc.3
Installing /nix/store/5kyai503p5x4ap066amcnvwp60br2688-perl5.32.0-Date-Calc-6.4/share/man/man3/Date::Calc::PP.3
Installing /nix/store/5kyai503p5x4ap066amcnvwp60br2688-perl5.32.0-Date-Calc-6.4/share/man/man3/Date::Calendar::Year.3
Appending installation info to /nix/store/5kyai503p5x4ap066amcnvwp60br2688-perl5.32.0-Date-Calc-6.4/lib/perl5/5.32.0/x86_64-linux-thread-multi/perllocal.pod
Manifying 1 pod document
running tests
check flags: SHELL=/nix/store/9fqwwd4iybmhjqyxiaxycknslw6bgwh1-bash-4.4-p23/bin/bash VERBOSE=y test
post-installation fixup
PERL_DL_NONLAZY=1 "/nix/store/7c044di03qa7qgr5kjjc2d787aspzp0m-perl-5.32.0/bin/perl" "-MExtUtils::Command::MM" "-MTest::Harness" "-e" "undef *Test::Harness::Switches; test_harness(0, 'blib/lib', 'blib/arch')" t/*.t t/*/*.t
Moving /nix/store/5kyai503p5x4ap066amcnvwp60br2688-perl5.32.0-Date-Calc-6.4/share/man/man3 to /nix/store/55bqjqw1k2fwjiw0w9wrk21dbra690fq-perl5.32.0-Date-Calc-6.4-devdoc/share/man/man3
Removing empty /nix/store/5kyai503p5x4ap066amcnvwp60br2688-perl5.32.0-Date-Calc-6.4/share/man/ and (possibly) its parents
shrinking RPATHs of ELF executables and libraries in /nix/store/5kyai503p5x4ap066amcnvwp60br2688-perl5.32.0-Date-Calc-6.4
strip is /nix/store/psyzbhp4p088sb9qcs378hfbslcalasl-binutils-2.31.1/bin/strip
stripping (with command strip and flags -S) in /nix/store/5kyai503p5x4ap066amcnvwp60br2688-perl5.32.0-Date-Calc-6.4/lib
patching script interpreter paths in /nix/store/5kyai503p5x4ap066amcnvwp60br2688-perl5.32.0-Date-Calc-6.4
checking for references to /build/ in /nix/store/5kyai503p5x4ap066amcnvwp60br2688-perl5.32.0-Date-Calc-6.4...
shrinking RPATHs of ELF executables and libraries in /nix/store/55bqjqw1k2fwjiw0w9wrk21dbra690fq-perl5.32.0-Date-Calc-6.4-devdoc
gzipping man pages under /nix/store/55bqjqw1k2fwjiw0w9wrk21dbra690fq-perl5.32.0-Date-Calc-6.4-devdoc/share/man/
Manifying 1 pod document
strip is /nix/store/psyzbhp4p088sb9qcs378hfbslcalasl-binutils-2.31.1/bin/strip
patching script interpreter paths in /nix/store/55bqjqw1k2fwjiw0w9wrk21dbra690fq-perl5.32.0-Date-Calc-6.4-devdoc
checking for references to /build/ in /nix/store/55bqjqw1k2fwjiw0w9wrk21dbra690fq-perl5.32.0-Date-Calc-6.4-devdoc...
Manifying 37 pod documents
Installing /nix/store/p2ib16m0ck14fy7x3gsivh9zv79rqi40-perl5.32.0-Image-Size-3.300/lib/perl5/site_perl/5.32.0/Image/Size.pm
Installing /nix/store/p2ib16m0ck14fy7x3gsivh9zv79rqi40-perl5.32.0-Image-Size-3.300/share/man/man1/imgsize.1
Installing /nix/store/p2ib16m0ck14fy7x3gsivh9zv79rqi40-perl5.32.0-Image-Size-3.300/share/man/man3/Image::Size.3
Installing /nix/store/p2ib16m0ck14fy7x3gsivh9zv79rqi40-perl5.32.0-Image-Size-3.300/bin/imgsize
Appending installation info to /nix/store/p2ib16m0ck14fy7x3gsivh9zv79rqi40-perl5.32.0-Image-Size-3.300/lib/perl5/5.32.0/x86_64-linux-thread-multi/perllocal.pod
post-installation fixup
Moving /nix/store/p2ib16m0ck14fy7x3gsivh9zv79rqi40-perl5.32.0-Image-Size-3.300/share/man/man3 to /nix/store/jp28bxixwxz1kbnf7fg7qvzrzs00xakm-perl5.32.0-Image-Size-3.300-devdoc/share/man/man3
rmdir: failed to remove '/nix/store/p2ib16m0ck14fy7x3gsivh9zv79rqi40-perl5.32.0-Image-Size-3.300/share/man': Directory not empty
shrinking RPATHs of ELF executables and libraries in /nix/store/p2ib16m0ck14fy7x3gsivh9zv79rqi40-perl5.32.0-Image-Size-3.300
gzipping man pages under /nix/store/p2ib16m0ck14fy7x3gsivh9zv79rqi40-perl5.32.0-Image-Size-3.300/share/man/
strip is /nix/store/psyzbhp4p088sb9qcs378hfbslcalasl-binutils-2.31.1/bin/strip
stripping (with command strip and flags -S) in /nix/store/p2ib16m0ck14fy7x3gsivh9zv79rqi40-perl5.32.0-Image-Size-3.300/lib  /nix/store/p2ib16m0ck14fy7x3gsivh9zv79rqi40-perl5.32.0-Image-Size-3.300/bin
patching script interpreter paths in /nix/store/p2ib16m0ck14fy7x3gsivh9zv79rqi40-perl5.32.0-Image-Size-3.300
checking for references to /build/ in /nix/store/p2ib16m0ck14fy7x3gsivh9zv79rqi40-perl5.32.0-Image-Size-3.300...
shrinking RPATHs of ELF executables and libraries in /nix/store/jp28bxixwxz1kbnf7fg7qvzrzs00xakm-perl5.32.0-Image-Size-3.300-devdoc
gzipping man pages under /nix/store/jp28bxixwxz1kbnf7fg7qvzrzs00xakm-perl5.32.0-Image-Size-3.300-devdoc/share/man/
strip is /nix/store/psyzbhp4p088sb9qcs378hfbslcalasl-binutils-2.31.1/bin/strip
patching script interpreter paths in /nix/store/jp28bxixwxz1kbnf7fg7qvzrzs00xakm-perl5.32.0-Image-Size-3.300-devdoc
checking for references to /build/ in /nix/store/jp28bxixwxz1kbnf7fg7qvzrzs00xakm-perl5.32.0-Image-Size-3.300-devdoc...
Manifying 8 pod documents
running tests
check flags: SHELL=/nix/store/9fqwwd4iybmhjqyxiaxycknslw6bgwh1-bash-4.4-p23/bin/bash VERBOSE=y test
t/comment/delimited.t ............ ok
PERL_DL_NONLAZY=1 HARNESS_OPTIONS=c "/nix/store/7c044di03qa7qgr5kjjc2d787aspzp0m-perl-5.32.0/bin/perl" "-MExtUtils::Command::MM" "-MTest::Harness" "-e" "undef *Test::Harness::Switches; test_harness(0, 'blib/lib', 'blib/arch')" t/*.t
t/comment/html.t ................. ok
t/00-install.t ............. ok
t/00-load.t ................ #
# These tests were run using:
#       Net::DNS                   1.24
#       Digest::HMAC               1.03
#       Digest::MD5                2.55_01
#       Digest::SHA                6.02
#       Encode                     3.06
#       File::Spec                 3.78
#       IO::File                   1.41
#       IO::Select                 1.42
#       IO::Socket::INET           1.41
#       IO::Socket::IP             0.39
#       MIME::Base64               3.15
#       PerlIO                     1.11
#       Scalar::Util               1.55
#       Time::Local                1.28
t/00-load.t ................ ok
t/00-pod.t ................. skipped: Test::Pod 1.45 required for testing POD
t/01-resolver-config.t ..... ok
t/01-resolver-env.t ........ ok
t/01-resolver-file.t ....... ok
t/01-resolver-flags.t ...... ok
t/01-resolver-opt.t ........ ok
t/01-resolver.t ............ ok
t/02-domain.t .............. ok
t/02-domainname.t .......... ok
t/comment/nested.t ............... ok
t/02-IDN.t ................. skipped: Net::LibIDN2 not installed
t/02-mailbox.t ............. ok
t/comment/pascal.t ............... ok
t/02-text.t ................ ok
t/03-header.t .............. ok
t/03-parameters.t .......... ok
t/03-question.t ............ ok
t/03-rr.t .................. ok
t/04-packet-truncate.t ..... ok
t/04-packet.t .............. ok
t/05-A.t ................... ok
t/05-AAAA.t ................ ok
t/05-AFSDB.t ............... ok
t/05-AMTRELAY.t ............ ok
t/05-APL.t ................. ok
t/05-CAA.t ................. ok
t/05-CDNSKEY.t ............. ok
t/05-CDS.t ................. ok
t/comment/single_line.t .......... ok
t/05-CERT.t ................ ok
t/05-CNAME.t ............... ok
t/05-CSYNC.t ............... ok
t/05-DHCID.t ............... ok
t/comment/single_or_multiline.t .. ok
t/05-DNAME.t ............... ok
t/delimited/101_delimited.t ...... skipped: Test::Regexp not found
t/05-DNSKEY.t .............. ok
t/delimited/111_bquoted.t ........ skipped: Test::Regexp not found
t/05-DS.t .................. ok
t/net/101_ipv4.t ................. ok
t/05-EUI48.t ............... ok
t/net/102_ipv4_strict.t .......... skipped: Test::Regexp not found
t/05-EUI64.t ............... ok
t/net/111_ipv6.t ................. ok
t/05-HINFO.t ............... ok
t/net/121_mac.t .................. ok
t/05-HIP.t ................. ok
t/net/131_domain.t ............... ok
t/05-IPSECKEY.t ............ ok
t/number/101_integer.t ........... skipped: Test::Regexp not found
t/05-ISDN.t ................ ok
t/number/111_integer_base.t ...... skipped: Test::Regexp not found
t/05-KEY.t ................. ok
t/number/121_integer_places.t .... skipped: Test::Regexp not found
t/05-KX.t .................. ok
t/number/122_integer_places.t .... skipped: Test::Regexp not found
t/05-L32.t ................. ok
t/number/123_integer_places.t .... skipped: Test::Regexp not found
t/05-L64.t ................. ok
t/number/131_integer_sep.t ....... skipped: Test::Regexp not found
t/05-LOC.t ................. ok
t/05-LP.t .................. ok
t/number/141_integer_group.t ..... skipped: Test::Regexp not found
t/05-MINFO.t ............... ok
t/number/701_squares.t ........... skipped: Test::Regexp not found
t/05-MX.t .................. ok
t/number/801_roman.t ............. skipped: Test::Regexp not found
t/05-NAPTR.t ............... ok
t/05-NID.t ................. ok
t/number/decimal.t ............... ok
t/05-NS.t .................. ok
t/number/number.t ................ ok
t/05-NSEC.t ................ ok
t/05-NSEC3.t ............... ok
t/SEN/usa_ssn.t .................. ok
t/test___luhn.t .................. ok
t/05-NSEC3PARAM.t .......... ok
t/test_balanced.t ................ ok
t/05-NULL.t ................ ok
t/test_bases.t ................... ok
t/05-OPENPGPKEY.t .......... ok
t/test_bases_sep.t ............... ok
t/05-OPT.t ................. ok
t/test_comments.t ................ ok
t/test_curry.t ................... ok
t/05-PTR.t ................. ok
t/test_i.t ....................... ok
t/05-PX.t .................. ok
t/05-RP.t .................. ok
t/test_lingua_palindrome.t ....... ok
t/test_list.t .................... ok
t/test_no_import.t ............... ok
t/05-RRSIG.t ............... ok
t/test_profanity.t ............... ok
t/05-RT.t .................. ok
t/test_sub.t ..................... ok
t/05-SIG.t ................. ok
t/test_sub_named.t ............... ok
t/test_ws.t ...................... ok
t/05-SMIMEA.t .............. ok
t/URI/any.t ...................... ok
t/URI/fax.t ...................... ok
t/URI/file.t ..................... ok
t/URI/ftp.t ...................... ok
t/URI/gopher.t ................... ok
t/URI/http.t ..................... ok
t/URI/news.t ..................... ok
t/URI/nntp.t ..................... ok
t/URI/pop.t ...................... ok
t/URI/prospero.t ................. ok
t/URI/tel.t ...................... ok
t/URI/telnet.t ................... ok
t/URI/tv.t ....................... ok
t/URI/wais.t ..................... ok
t/zip/101_austria.t .............. skipped: Test::Regexp not found
t/zip/111_australia.t ............ skipped: Test::Regexp not found
t/zip/112_australia.t ............ skipped: Test::Regexp not found
t/zip/121_belgium.t .............. skipped: Test::Regexp not found
t/zip/131_denmark.t .............. skipped: Test::Regexp not found
t/zip/141_greenland.t ............ skipped: Test::Regexp not found
t/zip/151_norway.t ............... skipped: Test::Regexp not found
t/zip/161_liechtenstein.t ........ skipped: Test::Regexp not found
t/zip/171_switzerland.t .......... skipped: Test::Regexp not found
t/zip/181_italy.t ................ skipped: Test::Regexp not found
t/zip/191_germany.t .............. skipped: Test::Regexp not found
t/zip/201_luxembourg.t ........... skipped: Test::Regexp not found
t/05-SOA.t ................. ok
t/zip/211_france.t ............... skipped: Test::Regexp not found
t/05-SPF.t ................. ok
t/05-SRV.t ................. ok
t/zip/221_monaco.t ............... skipped: Test::Regexp not found
t/05-SSHFP.t ............... ok
t/zip/231_san-marino.t ........... skipped: Test::Regexp not found
t/05-TKEY.t ................ ok
t/zip/241_vatican-city.t ......... skipped: Test::Regexp not found
t/05-TLSA.t ................ ok
t/05-TSIG.t ................ ok
t/05-TXT.t ................. ok
t/05-URI.t ................. ok
t/zip/netherlands.t .............. ok
t/05-X25.t ................. ok
t/05-ZONEMD.t .............. ok
t/zip/spain.t .................... ok
t/06-packet-unique-push.t .. ok
t/06-update.t .............. ok
t/07-rrsort.t .............. ok
t/zip/us.t ....................... ok
t/07-zonefile.t ............ ok
t/zip/zip.t ...................... ok
All tests successful.
Files=73, Tests=149252, 15 wallclock secs ( 6.70 usr  0.10 sys + 12.13 cusr  0.62 csys = 19.55 CPU)
Result: PASS
installing
install flags: SHELL=/nix/store/9fqwwd4iybmhjqyxiaxycknslw6bgwh1-bash-4.4-p23/bin/bash pkgconfigdir=/nix/store/1d6wk7wl0g0w6wb4k313pih5qri8cy4c-perl5.32.0-Regexp-Common-2017060201/lib/pkgconfig m4datadir=/nix/store/1d6wk7wl0g0w6wb4k313pih5qri8cy4c-perl5.32.0-Regexp-Common-2017060201/share/aclocal aclocaldir=/nix/store/1d6wk7wl0g0w6wb4k313pih5qri8cy4c-perl5.32.0-Regexp-Common-2017060201/share/aclocal install
t/08-IPv4.t ................ skipped: Online tests disabled.
Manifying 32 pod documents
Manifying 1 pod document
t/08-IPv6.t ................ skipped: Online tests disabled.
Installing /nix/store/1d6wk7wl0g0w6wb4k313pih5qri8cy4c-perl5.32.0-Regexp-Common-2017060201/lib/perl5/site_perl/5.32.0/Regexp/Common.pm
Installing /nix/store/1d6wk7wl0g0w6wb4k313pih5qri8cy4c-perl5.32.0-Regexp-Common-2017060201/lib/perl5/site_perl/5.32.0/Regexp/Common/zip.pm
Installing /nix/store/1d6wk7wl0g0w6wb4k313pih5qri8cy4c-perl5.32.0-Regexp-Common-2017060201/lib/perl5/site_perl/5.32.0/Regexp/Common/lingua.pm
Installing /nix/store/1d6wk7wl0g0w6wb4k313pih5qri8cy4c-perl5.32.0-Regexp-Common-2017060201/lib/perl5/site_perl/5.32.0/Regexp/Common/list.pm
Installing /nix/store/1d6wk7wl0g0w6wb4k313pih5qri8cy4c-perl5.32.0-Regexp-Common-2017060201/lib/perl5/site_perl/5.32.0/Regexp/Common/_support.pm
Installing /nix/store/1d6wk7wl0g0w6wb4k313pih5qri8cy4c-perl5.32.0-Regexp-Common-2017060201/lib/perl5/site_perl/5.32.0/Regexp/Common/delimited.pm
Installing /nix/store/1d6wk7wl0g0w6wb4k313pih5qri8cy4c-perl5.32.0-Regexp-Common-2017060201/lib/perl5/site_perl/5.32.0/Regexp/Common/profanity.pm
Installing /nix/store/1d6wk7wl0g0w6wb4k313pih5qri8cy4c-perl5.32.0-Regexp-Common-2017060201/lib/perl5/site_perl/5.32.0/Regexp/Common/CC.pm
Installing /nix/store/1d6wk7wl0g0w6wb4k313pih5qri8cy4c-perl5.32.0-Regexp-Common-2017060201/lib/perl5/site_perl/5.32.0/Regexp/Common/comment.pm
Installing /nix/store/1d6wk7wl0g0w6wb4k313pih5qri8cy4c-perl5.32.0-Regexp-Common-2017060201/lib/perl5/site_perl/5.32.0/Regexp/Common/net.pm
Installing /nix/store/1d6wk7wl0g0w6wb4k313pih5qri8cy4c-perl5.32.0-Regexp-Common-2017060201/lib/perl5/site_perl/5.32.0/Regexp/Common/SEN.pm
Installing /nix/store/1d6wk7wl0g0w6wb4k313pih5qri8cy4c-perl5.32.0-Regexp-Common-2017060201/lib/perl5/site_perl/5.32.0/Regexp/Common/number.pm
Installing /nix/store/1d6wk7wl0g0w6wb4k313pih5qri8cy4c-perl5.32.0-Regexp-Common-2017060201/lib/perl5/site_perl/5.32.0/Regexp/Common/URI.pm
Installing /nix/store/1d6wk7wl0g0w6wb4k313pih5qri8cy4c-perl5.32.0-Regexp-Common-2017060201/lib/perl5/site_perl/5.32.0/Regexp/Common/whitespace.pm
Installing /nix/store/1d6wk7wl0g0w6wb4k313pih5qri8cy4c-perl5.32.0-Regexp-Common-2017060201/lib/perl5/site_perl/5.32.0/Regexp/Common/balanced.pm
Installing /nix/store/1d6wk7wl0g0w6wb4k313pih5qri8cy4c-perl5.32.0-Regexp-Common-2017060201/lib/perl5/site_perl/5.32.0/Regexp/Common/URI/RFC2384.pm
Installing /nix/store/1d6wk7wl0g0w6wb4k313pih5qri8cy4c-perl5.32.0-Regexp-Common-2017060201/lib/perl5/site_perl/5.32.0/Regexp/Common/URI/pop.pm
Installing /nix/store/1d6wk7wl0g0w6wb4k313pih5qri8cy4c-perl5.32.0-Regexp-Common-2017060201/lib/perl5/site_perl/5.32.0/Regexp/Common/URI/telnet.pm
Installing /nix/store/1d6wk7wl0g0w6wb4k313pih5qri8cy4c-perl5.32.0-Regexp-Common-2017060201/lib/perl5/site_perl/5.32.0/Regexp/Common/URI/tel.pm
Installing /nix/store/1d6wk7wl0g0w6wb4k313pih5qri8cy4c-perl5.32.0-Regexp-Common-2017060201/lib/perl5/site_perl/5.32.0/Regexp/Common/URI/tv.pm
Installing /nix/store/1d6wk7wl0g0w6wb4k313pih5qri8cy4c-perl5.32.0-Regexp-Common-2017060201/lib/perl5/site_perl/5.32.0/Regexp/Common/URI/http.pm
Installing /nix/store/1d6wk7wl0g0w6wb4k313pih5qri8cy4c-perl5.32.0-Regexp-Common-2017060201/lib/perl5/site_perl/5.32.0/Regexp/Common/URI/fax.pm
Installing /nix/store/1d6wk7wl0g0w6wb4k313pih5qri8cy4c-perl5.32.0-Regexp-Common-2017060201/lib/perl5/site_perl/5.32.0/Regexp/Common/URI/RFC2806.pm
Installing /nix/store/1d6wk7wl0g0w6wb4k313pih5qri8cy4c-perl5.32.0-Regexp-Common-2017060201/lib/perl5/site_perl/5.32.0/Regexp/Common/URI/gopher.pm
Installing /nix/store/1d6wk7wl0g0w6wb4k313pih5qri8cy4c-perl5.32.0-Regexp-Common-2017060201/lib/perl5/site_perl/5.32.0/Regexp/Common/URI/RFC1808.pm
Installing /nix/store/1d6wk7wl0g0w6wb4k313pih5qri8cy4c-perl5.32.0-Regexp-Common-2017060201/lib/perl5/site_perl/5.32.0/Regexp/Common/URI/file.pm
Installing /nix/store/1d6wk7wl0g0w6wb4k313pih5qri8cy4c-perl5.32.0-Regexp-Common-2017060201/lib/perl5/site_perl/5.32.0/Regexp/Common/URI/RFC1738.pm
Installing /nix/store/1d6wk7wl0g0w6wb4k313pih5qri8cy4c-perl5.32.0-Regexp-Common-2017060201/lib/perl5/site_perl/5.32.0/Regexp/Common/URI/ftp.pm
Installing /nix/store/1d6wk7wl0g0w6wb4k313pih5qri8cy4c-perl5.32.0-Regexp-Common-2017060201/lib/perl5/site_perl/5.32.0/Regexp/Common/URI/wais.pm
Installing /nix/store/1d6wk7wl0g0w6wb4k313pih5qri8cy4c-perl5.32.0-Regexp-Common-2017060201/lib/perl5/site_perl/5.32.0/Regexp/Common/URI/RFC2396.pm
Installing /nix/store/1d6wk7wl0g0w6wb4k313pih5qri8cy4c-perl5.32.0-Regexp-Common-2017060201/lib/perl5/site_perl/5.32.0/Regexp/Common/URI/prospero.pm
Installing /nix/store/1d6wk7wl0g0w6wb4k313pih5qri8cy4c-perl5.32.0-Regexp-Common-2017060201/lib/perl5/site_perl/5.32.0/Regexp/Common/URI/RFC1035.pm
Installing /nix/store/1d6wk7wl0g0w6wb4k313pih5qri8cy4c-perl5.32.0-Regexp-Common-2017060201/lib/perl5/site_perl/5.32.0/Regexp/Common/URI/news.pm
Installing /nix/store/1d6wk7wl0g0w6wb4k313pih5qri8cy4c-perl5.32.0-Regexp-Common-2017060201/share/man/man3/Regexp::Common::SEN.3
Installing /nix/store/1d6wk7wl0g0w6wb4k313pih5qri8cy4c-perl5.32.0-Regexp-Common-2017060201/share/man/man3/Regexp::Common::URI::RFC1738.3
Installing /nix/store/1d6wk7wl0g0w6wb4k313pih5qri8cy4c-perl5.32.0-Regexp-Common-2017060201/share/man/man3/Regexp::Common::URI::fax.3
Installing /nix/store/1d6wk7wl0g0w6wb4k313pih5qri8cy4c-perl5.32.0-Regexp-Common-2017060201/share/man/man3/Regexp::Common::URI::RFC1035.3
Installing /nix/store/1d6wk7wl0g0w6wb4k313pih5qri8cy4c-perl5.32.0-Regexp-Common-2017060201/share/man/man3/Regexp::Common::URI::gopher.3
Installing /nix/store/1d6wk7wl0g0w6wb4k313pih5qri8cy4c-perl5.32.0-Regexp-Common-2017060201/share/man/man3/Regexp::Common::comment.3
Installing /nix/store/1d6wk7wl0g0w6wb4k313pih5qri8cy4c-perl5.32.0-Regexp-Common-2017060201/share/man/man3/Regexp::Common::URI::tv.3
Installing /nix/store/1d6wk7wl0g0w6wb4k313pih5qri8cy4c-perl5.32.0-Regexp-Common-2017060201/share/man/man3/Regexp::Common::URI::RFC2396.3
Installing /nix/store/1d6wk7wl0g0w6wb4k313pih5qri8cy4c-perl5.32.0-Regexp-Common-2017060201/share/man/man3/Regexp::Common::URI::ftp.3
Installing /nix/store/1d6wk7wl0g0w6wb4k313pih5qri8cy4c-perl5.32.0-Regexp-Common-2017060201/share/man/man3/Regexp::Common::net.3
Installing /nix/store/1d6wk7wl0g0w6wb4k313pih5qri8cy4c-perl5.32.0-Regexp-Common-2017060201/share/man/man3/Regexp::Common::zip.3
Installing /nix/store/1d6wk7wl0g0w6wb4k313pih5qri8cy4c-perl5.32.0-Regexp-Common-2017060201/share/man/man3/Regexp::Common::URI::prospero.3
Installing /nix/store/1d6wk7wl0g0w6wb4k313pih5qri8cy4c-perl5.32.0-Regexp-Common-2017060201/share/man/man3/Regexp::Common::lingua.3
Installing /nix/store/1d6wk7wl0g0w6wb4k313pih5qri8cy4c-perl5.32.0-Regexp-Common-2017060201/share/man/man3/Regexp::Common::URI::file.3
Installing /nix/store/1d6wk7wl0g0w6wb4k313pih5qri8cy4c-perl5.32.0-Regexp-Common-2017060201/share/man/man3/Regexp::Common::URI::pop.3
Installing /nix/store/1d6wk7wl0g0w6wb4k313pih5qri8cy4c-perl5.32.0-Regexp-Common-2017060201/share/man/man3/Regexp::Common::URI::http.3
Installing /nix/store/1d6wk7wl0g0w6wb4k313pih5qri8cy4c-perl5.32.0-Regexp-Common-2017060201/share/man/man3/Regexp::Common::URI::news.3
Installing /nix/store/1d6wk7wl0g0w6wb4k313pih5qri8cy4c-perl5.32.0-Regexp-Common-2017060201/share/man/man3/Regexp::Common::number.3
Installing /nix/store/1d6wk7wl0g0w6wb4k313pih5qri8cy4c-perl5.32.0-Regexp-Common-2017060201/share/man/man3/Regexp::Common::URI::telnet.3
Installing /nix/store/1d6wk7wl0g0w6wb4k313pih5qri8cy4c-perl5.32.0-Regexp-Common-2017060201/share/man/man3/Regexp::Common::CC.3
Installing /nix/store/1d6wk7wl0g0w6wb4k313pih5qri8cy4c-perl5.32.0-Regexp-Common-2017060201/share/man/man3/Regexp::Common::whitespace.3
Installing /nix/store/1d6wk7wl0g0w6wb4k313pih5qri8cy4c-perl5.32.0-Regexp-Common-2017060201/share/man/man3/Regexp::Common::URI::RFC1808.3
Installing /nix/store/1d6wk7wl0g0w6wb4k313pih5qri8cy4c-perl5.32.0-Regexp-Common-2017060201/share/man/man3/Regexp::Common::list.3
Installing /nix/store/1d6wk7wl0g0w6wb4k313pih5qri8cy4c-perl5.32.0-Regexp-Common-2017060201/share/man/man3/Regexp::Common::URI::wais.3
Installing /nix/store/1d6wk7wl0g0w6wb4k313pih5qri8cy4c-perl5.32.0-Regexp-Common-2017060201/share/man/man3/Regexp::Common::profanity.3
Installing /nix/store/1d6wk7wl0g0w6wb4k313pih5qri8cy4c-perl5.32.0-Regexp-Common-2017060201/share/man/man3/Regexp::Common::URI::tel.3
Installing /nix/store/1d6wk7wl0g0w6wb4k313pih5qri8cy4c-perl5.32.0-Regexp-Common-2017060201/share/man/man3/Regexp::Common.3
Installing /nix/store/1d6wk7wl0g0w6wb4k313pih5qri8cy4c-perl5.32.0-Regexp-Common-2017060201/share/man/man3/Regexp::Common::URI::RFC2806.3
Installing /nix/store/1d6wk7wl0g0w6wb4k313pih5qri8cy4c-perl5.32.0-Regexp-Common-2017060201/share/man/man3/Regexp::Common::delimited.3
Installing /nix/store/1d6wk7wl0g0w6wb4k313pih5qri8cy4c-perl5.32.0-Regexp-Common-2017060201/share/man/man3/Regexp::Common::URI.3
Installing /nix/store/1d6wk7wl0g0w6wb4k313pih5qri8cy4c-perl5.32.0-Regexp-Common-2017060201/share/man/man3/Regexp::Common::balanced.3
Installing /nix/store/1d6wk7wl0g0w6wb4k313pih5qri8cy4c-perl5.32.0-Regexp-Common-2017060201/share/man/man3/Regexp::Common::URI::RFC2384.3
Installing /nix/store/1d6wk7wl0g0w6wb4k313pih5qri8cy4c-perl5.32.0-Regexp-Common-2017060201/share/man/man3/Regexp::Common::_support.3
Appending installation info to /nix/store/1d6wk7wl0g0w6wb4k313pih5qri8cy4c-perl5.32.0-Regexp-Common-2017060201/lib/perl5/5.32.0/x86_64-linux-thread-multi/perllocal.pod
post-installation fixup
Moving /nix/store/1d6wk7wl0g0w6wb4k313pih5qri8cy4c-perl5.32.0-Regexp-Common-2017060201/share/man/man3 to /nix/store/nz0zqpx5infmvqh4y4pc1iaags75jl2w-perl5.32.0-Regexp-Common-2017060201-devdoc/share/man/man3
Removing empty /nix/store/1d6wk7wl0g0w6wb4k313pih5qri8cy4c-perl5.32.0-Regexp-Common-2017060201/share/man/ and (possibly) its parents
shrinking RPATHs of ELF executables and libraries in /nix/store/1d6wk7wl0g0w6wb4k313pih5qri8cy4c-perl5.32.0-Regexp-Common-2017060201
strip is /nix/store/psyzbhp4p088sb9qcs378hfbslcalasl-binutils-2.31.1/bin/strip
stripping (with command strip and flags -S) in /nix/store/1d6wk7wl0g0w6wb4k313pih5qri8cy4c-perl5.32.0-Regexp-Common-2017060201/lib
patching script interpreter paths in /nix/store/1d6wk7wl0g0w6wb4k313pih5qri8cy4c-perl5.32.0-Regexp-Common-2017060201
t/08-recurse.t ............. skipped: Online tests disabled.
checking for references to /build/ in /nix/store/1d6wk7wl0g0w6wb4k313pih5qri8cy4c-perl5.32.0-Regexp-Common-2017060201...
shrinking RPATHs of ELF executables and libraries in /nix/store/nz0zqpx5infmvqh4y4pc1iaags75jl2w-perl5.32.0-Regexp-Common-2017060201-devdoc
gzipping man pages under /nix/store/nz0zqpx5infmvqh4y4pc1iaags75jl2w-perl5.32.0-Regexp-Common-2017060201-devdoc/share/man/
strip is /nix/store/psyzbhp4p088sb9qcs378hfbslcalasl-binutils-2.31.1/bin/strip
patching script interpreter paths in /nix/store/nz0zqpx5infmvqh4y4pc1iaags75jl2w-perl5.32.0-Regexp-Common-2017060201-devdoc
checking for references to /build/ in /nix/store/nz0zqpx5infmvqh4y4pc1iaags75jl2w-perl5.32.0-Regexp-Common-2017060201-devdoc...
t/21-NSEC-typelist.t ....... ok
t/22-NSEC-match.t .......... ok
t/23-NSEC-covered.t ........ ok
t/24-NSEC-encloser.t ....... ok
t/31-NSEC3-base32.t ........ ok
t/32-NSEC3-typelist.t ...... ok
t/33-NSEC3-hash.t .......... ok
t/34-NSEC3-flags.t ......... ok
t/36-NSEC3-covered.t ....... ok
t/37-NSEC3-encloser.t ...... ok
t/41-DNSKEY-keytag.t ....... ok
t/42-DNSKEY-flags.t ........ ok
t/43-DNSKEY-keylength.t .... ok
t/51-DS-SHA1.t ............. ok
t/52-DS-SHA256.t ........... ok
t/54-DS-SHA384.t ........... ok
t/61-SIG0-RSAMD5.t ......... skipped: Net::DNS::SEC not installed
t/65-RRSIG-RSASHA1.t ....... skipped: Net::DNS::SEC not installed
t/71-TSIG-create.t ......... ok
t/72-TSIG-verify.t ......... ok
t/99-cleanup.t ............. 1/1 # Cleaning
t/99-cleanup.t ............. ok
All tests successful.
Files=104, Tests=3132, 19 wallclock secs ( 0.48 usr  0.11 sys + 10.14 cusr  1.80 csys = 12.53 CPU)
Result: PASS
installing
install flags: SHELL=/nix/store/9fqwwd4iybmhjqyxiaxycknslw6bgwh1-bash-4.4-p23/bin/bash pkgconfigdir=/nix/store/jg4mln46b76a7fg6ch7239igh2gsf76j-perl5.32.0-Net-DNS-1.24/lib/pkgconfig m4datadir=/nix/store/jg4mln46b76a7fg6ch7239igh2gsf76j-perl5.32.0-Net-DNS-1.24/share/aclocal aclocaldir=/nix/store/jg4mln46b76a7fg6ch7239igh2gsf76j-perl5.32.0-Net-DNS-1.24/share/aclocal install
Manifying 38 pod documents
Manifying 37 pod documents
Manifying 8 pod documents
Installing /nix/store/jg4mln46b76a7fg6ch7239igh2gsf76j-perl5.32.0-Net-DNS-1.24/lib/perl5/site_perl/5.32.0/Net/DNS.pm
Installing /nix/store/jg4mln46b76a7fg6ch7239igh2gsf76j-perl5.32.0-Net-DNS-1.24/lib/perl5/site_perl/5.32.0/Net/DNS/ZoneFile.pm
Installing /nix/store/jg4mln46b76a7fg6ch7239igh2gsf76j-perl5.32.0-Net-DNS-1.24/lib/perl5/site_perl/5.32.0/Net/DNS/Header.pm
Installing /nix/store/jg4mln46b76a7fg6ch7239igh2gsf76j-perl5.32.0-Net-DNS-1.24/lib/perl5/site_perl/5.32.0/Net/DNS/DomainName.pm
Installing /nix/store/jg4mln46b76a7fg6ch7239igh2gsf76j-perl5.32.0-Net-DNS-1.24/lib/perl5/site_perl/5.32.0/Net/DNS/Mailbox.pm
Installing /nix/store/jg4mln46b76a7fg6ch7239igh2gsf76j-perl5.32.0-Net-DNS-1.24/lib/perl5/site_perl/5.32.0/Net/DNS/RR.pm
Installing /nix/store/jg4mln46b76a7fg6ch7239igh2gsf76j-perl5.32.0-Net-DNS-1.24/lib/perl5/site_perl/5.32.0/Net/DNS/Nameserver.pm
Installing /nix/store/jg4mln46b76a7fg6ch7239igh2gsf76j-perl5.32.0-Net-DNS-1.24/lib/perl5/site_perl/5.32.0/Net/DNS/Resolver.pm
Installing /nix/store/jg4mln46b76a7fg6ch7239igh2gsf76j-perl5.32.0-Net-DNS-1.24/lib/perl5/site_perl/5.32.0/Net/DNS/Question.pm
Installing /nix/store/jg4mln46b76a7fg6ch7239igh2gsf76j-perl5.32.0-Net-DNS-1.24/lib/perl5/site_perl/5.32.0/Net/DNS/Update.pm
Installing /nix/store/jg4mln46b76a7fg6ch7239igh2gsf76j-perl5.32.0-Net-DNS-1.24/lib/perl5/site_perl/5.32.0/Net/DNS/Text.pm
Installing /nix/store/jg4mln46b76a7fg6ch7239igh2gsf76j-perl5.32.0-Net-DNS-1.24/lib/perl5/site_perl/5.32.0/Net/DNS/Packet.pm
Installing /nix/store/jg4mln46b76a7fg6ch7239igh2gsf76j-perl5.32.0-Net-DNS-1.24/lib/perl5/site_perl/5.32.0/Net/DNS/Parameters.pm
Installing /nix/store/jg4mln46b76a7fg6ch7239igh2gsf76j-perl5.32.0-Net-DNS-1.24/lib/perl5/site_perl/5.32.0/Net/DNS/Domain.pm
Installing /nix/store/jg4mln46b76a7fg6ch7239igh2gsf76j-perl5.32.0-Net-DNS-1.24/lib/perl5/site_perl/5.32.0/Net/DNS/FAQ.pod
Installing /nix/store/jg4mln46b76a7fg6ch7239igh2gsf76j-perl5.32.0-Net-DNS-1.24/lib/perl5/site_perl/5.32.0/Net/DNS/RR/TLSA.pm
Installing /nix/store/jg4mln46b76a7fg6ch7239igh2gsf76j-perl5.32.0-Net-DNS-1.24/lib/perl5/site_perl/5.32.0/Net/DNS/RR/NID.pm
Installing /nix/store/jg4mln46b76a7fg6ch7239igh2gsf76j-perl5.32.0-Net-DNS-1.24/lib/perl5/site_perl/5.32.0/Net/DNS/RR/L64.pm
Installing /nix/store/jg4mln46b76a7fg6ch7239igh2gsf76j-perl5.32.0-Net-DNS-1.24/lib/perl5/site_perl/5.32.0/Net/DNS/RR/OPT.pm
Installing /nix/store/jg4mln46b76a7fg6ch7239igh2gsf76j-perl5.32.0-Net-DNS-1.24/lib/perl5/site_perl/5.32.0/Net/DNS/RR/ZONEMD.pm
Installing /nix/store/jg4mln46b76a7fg6ch7239igh2gsf76j-perl5.32.0-Net-DNS-1.24/lib/perl5/site_perl/5.32.0/Net/DNS/RR/CDS.pm
Installing /nix/store/jg4mln46b76a7fg6ch7239igh2gsf76j-perl5.32.0-Net-DNS-1.24/lib/perl5/site_perl/5.32.0/Net/DNS/RR/RT.pm
Installing /nix/store/jg4mln46b76a7fg6ch7239igh2gsf76j-perl5.32.0-Net-DNS-1.24/lib/perl5/site_perl/5.32.0/Net/DNS/RR/DNAME.pm
Installing /nix/store/jg4mln46b76a7fg6ch7239igh2gsf76j-perl5.32.0-Net-DNS-1.24/lib/perl5/site_perl/5.32.0/Net/DNS/RR/NS.pm
Installing /nix/store/jg4mln46b76a7fg6ch7239igh2gsf76j-perl5.32.0-Net-DNS-1.24/lib/perl5/site_perl/5.32.0/Net/DNS/RR/SMIMEA.pm
Installing /nix/store/jg4mln46b76a7fg6ch7239igh2gsf76j-perl5.32.0-Net-DNS-1.24/lib/perl5/site_perl/5.32.0/Net/DNS/RR/CNAME.pm
Installing /nix/store/jg4mln46b76a7fg6ch7239igh2gsf76j-perl5.32.0-Net-DNS-1.24/lib/perl5/site_perl/5.32.0/Net/DNS/RR/NULL.pm
Installing /nix/store/jg4mln46b76a7fg6ch7239igh2gsf76j-perl5.32.0-Net-DNS-1.24/lib/perl5/site_perl/5.32.0/Net/DNS/RR/CAA.pm
Installing /nix/store/jg4mln46b76a7fg6ch7239igh2gsf76j-perl5.32.0-Net-DNS-1.24/lib/perl5/site_perl/5.32.0/Net/DNS/RR/NSEC3.pm
Installing /nix/store/jg4mln46b76a7fg6ch7239igh2gsf76j-perl5.32.0-Net-DNS-1.24/lib/perl5/site_perl/5.32.0/Net/DNS/RR/KEY.pm
Installing /nix/store/jg4mln46b76a7fg6ch7239igh2gsf76j-perl5.32.0-Net-DNS-1.24/lib/perl5/site_perl/5.32.0/Net/DNS/RR/IPSECKEY.pm
Installing /nix/store/jg4mln46b76a7fg6ch7239igh2gsf76j-perl5.32.0-Net-DNS-1.24/lib/perl5/site_perl/5.32.0/Net/DNS/RR/RRSIG.pm
Installing /nix/store/jg4mln46b76a7fg6ch7239igh2gsf76j-perl5.32.0-Net-DNS-1.24/lib/perl5/site_perl/5.32.0/Net/DNS/RR/AAAA.pm
Installing /nix/store/jg4mln46b76a7fg6ch7239igh2gsf76j-perl5.32.0-Net-DNS-1.24/lib/perl5/site_perl/5.32.0/Net/DNS/RR/NSEC.pm
Installing /nix/store/jg4mln46b76a7fg6ch7239igh2gsf76j-perl5.32.0-Net-DNS-1.24/lib/perl5/site_perl/5.32.0/Net/DNS/RR/OPENPGPKEY.pm
Installing /nix/store/jg4mln46b76a7fg6ch7239igh2gsf76j-perl5.32.0-Net-DNS-1.24/lib/perl5/site_perl/5.32.0/Net/DNS/RR/SIG.pm
Installing /nix/store/jg4mln46b76a7fg6ch7239igh2gsf76j-perl5.32.0-Net-DNS-1.24/lib/perl5/site_perl/5.32.0/Net/DNS/RR/SRV.pm
Installing /nix/store/jg4mln46b76a7fg6ch7239igh2gsf76j-perl5.32.0-Net-DNS-1.24/lib/perl5/site_perl/5.32.0/Net/DNS/RR/PX.pm
Installing /nix/store/jg4mln46b76a7fg6ch7239igh2gsf76j-perl5.32.0-Net-DNS-1.24/lib/perl5/site_perl/5.32.0/Net/DNS/RR/X25.pm
Installing /nix/store/jg4mln46b76a7fg6ch7239igh2gsf76j-perl5.32.0-Net-DNS-1.24/lib/perl5/site_perl/5.32.0/Net/DNS/RR/MX.pm
Installing /nix/store/jg4mln46b76a7fg6ch7239igh2gsf76j-perl5.32.0-Net-DNS-1.24/lib/perl5/site_perl/5.32.0/Net/DNS/RR/GPOS.pm
Installing /nix/store/jg4mln46b76a7fg6ch7239igh2gsf76j-perl5.32.0-Net-DNS-1.24/lib/perl5/site_perl/5.32.0/Net/DNS/RR/TXT.pm
Installing /nix/store/jg4mln46b76a7fg6ch7239igh2gsf76j-perl5.32.0-Net-DNS-1.24/lib/perl5/site_perl/5.32.0/Net/DNS/RR/AMTRELAY.pm
Installing /nix/store/jg4mln46b76a7fg6ch7239igh2gsf76j-perl5.32.0-Net-DNS-1.24/lib/perl5/site_perl/5.32.0/Net/DNS/RR/TSIG.pm
Installing /nix/store/jg4mln46b76a7fg6ch7239igh2gsf76j-perl5.32.0-Net-DNS-1.24/lib/perl5/site_perl/5.32.0/Net/DNS/RR/EUI48.pm
Installing /nix/store/jg4mln46b76a7fg6ch7239igh2gsf76j-perl5.32.0-Net-DNS-1.24/lib/perl5/site_perl/5.32.0/Net/DNS/RR/TKEY.pm
Installing /nix/store/jg4mln46b76a7fg6ch7239igh2gsf76j-perl5.32.0-Net-DNS-1.24/lib/perl5/site_perl/5.32.0/Net/DNS/RR/SSHFP.pm
Installing /nix/store/jg4mln46b76a7fg6ch7239igh2gsf76j-perl5.32.0-Net-DNS-1.24/lib/perl5/site_perl/5.32.0/Net/DNS/RR/AFSDB.pm
Installing /nix/store/jg4mln46b76a7fg6ch7239igh2gsf76j-perl5.32.0-Net-DNS-1.24/lib/perl5/site_perl/5.32.0/Net/DNS/RR/RP.pm
Installing /nix/store/jg4mln46b76a7fg6ch7239igh2gsf76j-perl5.32.0-Net-DNS-1.24/lib/perl5/site_perl/5.32.0/Net/DNS/RR/SPF.pm
Installing /nix/store/jg4mln46b76a7fg6ch7239igh2gsf76j-perl5.32.0-Net-DNS-1.24/lib/perl5/site_perl/5.32.0/Net/DNS/RR/L32.pm
Installing /nix/store/jg4mln46b76a7fg6ch7239igh2gsf76j-perl5.32.0-Net-DNS-1.24/lib/perl5/site_perl/5.32.0/Net/DNS/RR/NAPTR.pm
Installing /nix/store/jg4mln46b76a7fg6ch7239igh2gsf76j-perl5.32.0-Net-DNS-1.24/lib/perl5/site_perl/5.32.0/Net/DNS/RR/MG.pm
Installing /nix/store/jg4mln46b76a7fg6ch7239igh2gsf76j-perl5.32.0-Net-DNS-1.24/lib/perl5/site_perl/5.32.0/Net/DNS/RR/NSEC3PARAM.pm
Installing /nix/store/jg4mln46b76a7fg6ch7239igh2gsf76j-perl5.32.0-Net-DNS-1.24/lib/perl5/site_perl/5.32.0/Net/DNS/RR/MR.pm
Installing /nix/store/jg4mln46b76a7fg6ch7239igh2gsf76j-perl5.32.0-Net-DNS-1.24/lib/perl5/site_perl/5.32.0/Net/DNS/RR/PTR.pm
Installing /nix/store/jg4mln46b76a7fg6ch7239igh2gsf76j-perl5.32.0-Net-DNS-1.24/lib/perl5/site_perl/5.32.0/Net/DNS/RR/URI.pm
Installing /nix/store/jg4mln46b76a7fg6ch7239igh2gsf76j-perl5.32.0-Net-DNS-1.24/lib/perl5/site_perl/5.32.0/Net/DNS/RR/LOC.pm
Installing /nix/store/jg4mln46b76a7fg6ch7239igh2gsf76j-perl5.32.0-Net-DNS-1.24/lib/perl5/site_perl/5.32.0/Net/DNS/RR/SOA.pm
Installing /nix/store/jg4mln46b76a7fg6ch7239igh2gsf76j-perl5.32.0-Net-DNS-1.24/lib/perl5/site_perl/5.32.0/Net/DNS/RR/HINFO.pm
Installing /nix/store/jg4mln46b76a7fg6ch7239igh2gsf76j-perl5.32.0-Net-DNS-1.24/lib/perl5/site_perl/5.32.0/Net/DNS/RR/MINFO.pm
Installing /nix/store/jg4mln46b76a7fg6ch7239igh2gsf76j-perl5.32.0-Net-DNS-1.24/lib/perl5/site_perl/5.32.0/Net/DNS/RR/MB.pm
Installing /nix/store/jg4mln46b76a7fg6ch7239igh2gsf76j-perl5.32.0-Net-DNS-1.24/lib/perl5/site_perl/5.32.0/Net/DNS/RR/DS.pm
Installing /nix/store/jg4mln46b76a7fg6ch7239igh2gsf76j-perl5.32.0-Net-DNS-1.24/lib/perl5/site_perl/5.32.0/Net/DNS/RR/DNSKEY.pm
Installing /nix/store/jg4mln46b76a7fg6ch7239igh2gsf76j-perl5.32.0-Net-DNS-1.24/lib/perl5/site_perl/5.32.0/Net/DNS/RR/CERT.pm
Installing /nix/store/jg4mln46b76a7fg6ch7239igh2gsf76j-perl5.32.0-Net-DNS-1.24/lib/perl5/site_perl/5.32.0/Net/DNS/RR/ISDN.pm
Installing /nix/store/jg4mln46b76a7fg6ch7239igh2gsf76j-perl5.32.0-Net-DNS-1.24/lib/perl5/site_perl/5.32.0/Net/DNS/RR/HIP.pm
Installing /nix/store/jg4mln46b76a7fg6ch7239igh2gsf76j-perl5.32.0-Net-DNS-1.24/lib/perl5/site_perl/5.32.0/Net/DNS/RR/EUI64.pm
Installing /nix/store/jg4mln46b76a7fg6ch7239igh2gsf76j-perl5.32.0-Net-DNS-1.24/lib/perl5/site_perl/5.32.0/Net/DNS/RR/CDNSKEY.pm
Installing /nix/store/jg4mln46b76a7fg6ch7239igh2gsf76j-perl5.32.0-Net-DNS-1.24/lib/perl5/site_perl/5.32.0/Net/DNS/RR/A.pm
Installing /nix/store/jg4mln46b76a7fg6ch7239igh2gsf76j-perl5.32.0-Net-DNS-1.24/lib/perl5/site_perl/5.32.0/Net/DNS/RR/LP.pm
Installing /nix/store/jg4mln46b76a7fg6ch7239igh2gsf76j-perl5.32.0-Net-DNS-1.24/lib/perl5/site_perl/5.32.0/Net/DNS/RR/CSYNC.pm
Installing /nix/store/jg4mln46b76a7fg6ch7239igh2gsf76j-perl5.32.0-Net-DNS-1.24/lib/perl5/site_perl/5.32.0/Net/DNS/RR/DHCID.pm
Installing /nix/store/jg4mln46b76a7fg6ch7239igh2gsf76j-perl5.32.0-Net-DNS-1.24/lib/perl5/site_perl/5.32.0/Net/DNS/RR/APL.pm
Installing /nix/store/jg4mln46b76a7fg6ch7239igh2gsf76j-perl5.32.0-Net-DNS-1.24/lib/perl5/site_perl/5.32.0/Net/DNS/RR/KX.pm
Installing /nix/store/jg4mln46b76a7fg6ch7239igh2gsf76j-perl5.32.0-Net-DNS-1.24/lib/perl5/site_perl/5.32.0/Net/DNS/Resolver/cygwin.pm
Installing /nix/store/jg4mln46b76a7fg6ch7239igh2gsf76j-perl5.32.0-Net-DNS-1.24/lib/perl5/site_perl/5.32.0/Net/DNS/Resolver/android.pm
Installing /nix/store/jg4mln46b76a7fg6ch7239igh2gsf76j-perl5.32.0-Net-DNS-1.24/lib/perl5/site_perl/5.32.0/Net/DNS/Resolver/os2.pm
Installing /nix/store/jg4mln46b76a7fg6ch7239igh2gsf76j-perl5.32.0-Net-DNS-1.24/lib/perl5/site_perl/5.32.0/Net/DNS/Resolver/os390.pm
Installing /nix/store/jg4mln46b76a7fg6ch7239igh2gsf76j-perl5.32.0-Net-DNS-1.24/lib/perl5/site_perl/5.32.0/Net/DNS/Resolver/Recurse.pm
Installing /nix/store/jg4mln46b76a7fg6ch7239igh2gsf76j-perl5.32.0-Net-DNS-1.24/lib/perl5/site_perl/5.32.0/Net/DNS/Resolver/Base.pm
Installing /nix/store/jg4mln46b76a7fg6ch7239igh2gsf76j-perl5.32.0-Net-DNS-1.24/lib/perl5/site_perl/5.32.0/Net/DNS/Resolver/MSWin32.pm
Installing /nix/store/jg4mln46b76a7fg6ch7239igh2gsf76j-perl5.32.0-Net-DNS-1.24/lib/perl5/site_perl/5.32.0/Net/DNS/Resolver/UNIX.pm
Installing /nix/store/jg4mln46b76a7fg6ch7239igh2gsf76j-perl5.32.0-Net-DNS-1.24/share/man/man3/Net::DNS::RR::SMIMEA.3
Installing /nix/store/jg4mln46b76a7fg6ch7239igh2gsf76j-perl5.32.0-Net-DNS-1.24/share/man/man3/Net::DNS::Mailbox.3
Installing /nix/store/jg4mln46b76a7fg6ch7239igh2gsf76j-perl5.32.0-Net-DNS-1.24/share/man/man3/Net::DNS::RR::MR.3
Installing /nix/store/jg4mln46b76a7fg6ch7239igh2gsf76j-perl5.32.0-Net-DNS-1.24/share/man/man3/Net::DNS::RR::TSIG.3
Installing /nix/store/jg4mln46b76a7fg6ch7239igh2gsf76j-perl5.32.0-Net-DNS-1.24/share/man/man3/Net::DNS::RR::PX.3
Installing /nix/store/jg4mln46b76a7fg6ch7239igh2gsf76j-perl5.32.0-Net-DNS-1.24/share/man/man3/Net::DNS::Resolver::MSWin32.3
Installing /nix/store/jg4mln46b76a7fg6ch7239igh2gsf76j-perl5.32.0-Net-DNS-1.24/share/man/man3/Net::DNS::Resolver::Recurse.3
Installing /nix/store/jg4mln46b76a7fg6ch7239igh2gsf76j-perl5.32.0-Net-DNS-1.24/share/man/man3/Net::DNS::RR::A.3
Installing /nix/store/jg4mln46b76a7fg6ch7239igh2gsf76j-perl5.32.0-Net-DNS-1.24/share/man/man3/Net::DNS::RR::URI.3
Installing /nix/store/jg4mln46b76a7fg6ch7239igh2gsf76j-perl5.32.0-Net-DNS-1.24/share/man/man3/Net::DNS::RR::DNAME.3
Installing /nix/store/jg4mln46b76a7fg6ch7239igh2gsf76j-perl5.32.0-Net-DNS-1.24/share/man/man3/Net::DNS::RR::TXT.3
Installing /nix/store/jg4mln46b76a7fg6ch7239igh2gsf76j-perl5.32.0-Net-DNS-1.24/share/man/man3/Net::DNS::RR::DS.3
Installing /nix/store/jg4mln46b76a7fg6ch7239igh2gsf76j-perl5.32.0-Net-DNS-1.24/share/man/man3/Net::DNS::RR::RRSIG.3
Installing /nix/store/jg4mln46b76a7fg6ch7239igh2gsf76j-perl5.32.0-Net-DNS-1.24/share/man/man3/Net::DNS::RR::X25.3
Installing /nix/store/jg4mln46b76a7fg6ch7239igh2gsf76j-perl5.32.0-Net-DNS-1.24/share/man/man3/Net::DNS::RR::NAPTR.3
Installing /nix/store/jg4mln46b76a7fg6ch7239igh2gsf76j-perl5.32.0-Net-DNS-1.24/share/man/man3/Net::DNS::Resolver::UNIX.3
Installing /nix/store/jg4mln46b76a7fg6ch7239igh2gsf76j-perl5.32.0-Net-DNS-1.24/share/man/man3/Net::DNS::Resolver::android.3
Installing /nix/store/jg4mln46b76a7fg6ch7239igh2gsf76j-perl5.32.0-Net-DNS-1.24/share/man/man3/Net::DNS::RR::L64.3
Installing /nix/store/jg4mln46b76a7fg6ch7239igh2gsf76j-perl5.32.0-Net-DNS-1.24/share/man/man3/Net::DNS::RR::SRV.3
Installing /nix/store/jg4mln46b76a7fg6ch7239igh2gsf76j-perl5.32.0-Net-DNS-1.24/share/man/man3/Net::DNS::Text.3
Installing /nix/store/jg4mln46b76a7fg6ch7239igh2gsf76j-perl5.32.0-Net-DNS-1.24/share/man/man3/Net::DNS::RR::ZONEMD.3
Installing /nix/store/jg4mln46b76a7fg6ch7239igh2gsf76j-perl5.32.0-Net-DNS-1.24/share/man/man3/Net::DNS::RR::HINFO.3
Installing /nix/store/jg4mln46b76a7fg6ch7239igh2gsf76j-perl5.32.0-Net-DNS-1.24/share/man/man3/Net::DNS::RR::NS.3
Installing /nix/store/jg4mln46b76a7fg6ch7239igh2gsf76j-perl5.32.0-Net-DNS-1.24/share/man/man3/Net::DNS::Parameters.3
Installing /nix/store/jg4mln46b76a7fg6ch7239igh2gsf76j-perl5.32.0-Net-DNS-1.24/share/man/man3/Net::DNS::Resolver::os390.3
Installing /nix/store/jg4mln46b76a7fg6ch7239igh2gsf76j-perl5.32.0-Net-DNS-1.24/share/man/man3/Net::DNS::RR::LOC.3
Installing /nix/store/jg4mln46b76a7fg6ch7239igh2gsf76j-perl5.32.0-Net-DNS-1.24/share/man/man3/Net::DNS::RR::NSEC.3
Installing /nix/store/jg4mln46b76a7fg6ch7239igh2gsf76j-perl5.32.0-Net-DNS-1.24/share/man/man3/Net::DNS::RR::SIG.3
Installing /nix/store/jg4mln46b76a7fg6ch7239igh2gsf76j-perl5.32.0-Net-DNS-1.24/share/man/man3/Net::DNS::Resolver.3
Installing /nix/store/jg4mln46b76a7fg6ch7239igh2gsf76j-perl5.32.0-Net-DNS-1.24/share/man/man3/Net::DNS::RR::DHCID.3
Installing /nix/store/jg4mln46b76a7fg6ch7239igh2gsf76j-perl5.32.0-Net-DNS-1.24/share/man/man3/Net::DNS::RR::KX.3
Installing /nix/store/jg4mln46b76a7fg6ch7239igh2gsf76j-perl5.32.0-Net-DNS-1.24/share/man/man3/Net::DNS::RR::SOA.3
Installing /nix/store/jg4mln46b76a7fg6ch7239igh2gsf76j-perl5.32.0-Net-DNS-1.24/share/man/man3/Net::DNS::RR::CDNSKEY.3
Installing /nix/store/jg4mln46b76a7fg6ch7239igh2gsf76j-perl5.32.0-Net-DNS-1.24/share/man/man3/Net::DNS::RR::NULL.3
Installing /nix/store/jg4mln46b76a7fg6ch7239igh2gsf76j-perl5.32.0-Net-DNS-1.24/share/man/man3/Net::DNS::RR::CNAME.3
Installing /nix/store/jg4mln46b76a7fg6ch7239igh2gsf76j-perl5.32.0-Net-DNS-1.24/share/man/man3/Net::DNS::RR::EUI48.3
Installing /nix/store/jg4mln46b76a7fg6ch7239igh2gsf76j-perl5.32.0-Net-DNS-1.24/share/man/man3/Net::DNS::RR::ISDN.3
Installing /nix/store/jg4mln46b76a7fg6ch7239igh2gsf76j-perl5.32.0-Net-DNS-1.24/share/man/man3/Net::DNS::RR::RT.3
Installing /nix/store/jg4mln46b76a7fg6ch7239igh2gsf76j-perl5.32.0-Net-DNS-1.24/share/man/man3/Net::DNS::Nameserver.3
Installing /nix/store/jg4mln46b76a7fg6ch7239igh2gsf76j-perl5.32.0-Net-DNS-1.24/share/man/man3/Net::DNS::RR::LP.3
Installing /nix/store/jg4mln46b76a7fg6ch7239igh2gsf76j-perl5.32.0-Net-DNS-1.24/share/man/man3/Net::DNS::RR::OPT.3
Installing /nix/store/jg4mln46b76a7fg6ch7239igh2gsf76j-perl5.32.0-Net-DNS-1.24/share/man/man3/Net::DNS::RR::TLSA.3
Installing /nix/store/jg4mln46b76a7fg6ch7239igh2gsf76j-perl5.32.0-Net-DNS-1.24/share/man/man3/Net::DNS::RR::CDS.3
Installing /nix/store/jg4mln46b76a7fg6ch7239igh2gsf76j-perl5.32.0-Net-DNS-1.24/share/man/man3/Net::DNS::RR::APL.3
Installing /nix/store/jg4mln46b76a7fg6ch7239igh2gsf76j-perl5.32.0-Net-DNS-1.24/share/man/man3/Net::DNS::RR::L32.3
Installing /nix/store/jg4mln46b76a7fg6ch7239igh2gsf76j-perl5.32.0-Net-DNS-1.24/share/man/man3/Net::DNS::RR::MINFO.3
Installing /nix/store/jg4mln46b76a7fg6ch7239igh2gsf76j-perl5.32.0-Net-DNS-1.24/share/man/man3/Net::DNS::FAQ.3
Installing /nix/store/jg4mln46b76a7fg6ch7239igh2gsf76j-perl5.32.0-Net-DNS-1.24/share/man/man3/Net::DNS::Question.3
Installing /nix/store/jg4mln46b76a7fg6ch7239igh2gsf76j-perl5.32.0-Net-DNS-1.24/share/man/man3/Net::DNS::Resolver::Base.3
Installing /nix/store/jg4mln46b76a7fg6ch7239igh2gsf76j-perl5.32.0-Net-DNS-1.24/share/man/man3/Net::DNS::RR::CERT.3
Installing /nix/store/jg4mln46b76a7fg6ch7239igh2gsf76j-perl5.32.0-Net-DNS-1.24/share/man/man3/Net::DNS::Header.3
Installing /nix/store/jg4mln46b76a7fg6ch7239igh2gsf76j-perl5.32.0-Net-DNS-1.24/share/man/man3/Net::DNS::RR::SPF.3
Installing /nix/store/jg4mln46b76a7fg6ch7239igh2gsf76j-perl5.32.0-Net-DNS-1.24/share/man/man3/Net::DNS::RR::OPENPGPKEY.3
Installing /nix/store/jg4mln46b76a7fg6ch7239igh2gsf76j-perl5.32.0-Net-DNS-1.24/share/man/man3/Net::DNS::RR::AMTRELAY.3
Installing /nix/store/jg4mln46b76a7fg6ch7239igh2gsf76j-perl5.32.0-Net-DNS-1.24/share/man/man3/Net::DNS::RR::MB.3
Installing /nix/store/jg4mln46b76a7fg6ch7239igh2gsf76j-perl5.32.0-Net-DNS-1.24/share/man/man3/Net::DNS::RR::IPSECKEY.3
Installing /nix/store/jg4mln46b76a7fg6ch7239igh2gsf76j-perl5.32.0-Net-DNS-1.24/share/man/man3/Net::DNS::RR::CSYNC.3
Installing /nix/store/jg4mln46b76a7fg6ch7239igh2gsf76j-perl5.32.0-Net-DNS-1.24/share/man/man3/Net::DNS::Packet.3
Installing /nix/store/jg4mln46b76a7fg6ch7239igh2gsf76j-perl5.32.0-Net-DNS-1.24/share/man/man3/Net::DNS::RR::GPOS.3
Installing /nix/store/jg4mln46b76a7fg6ch7239igh2gsf76j-perl5.32.0-Net-DNS-1.24/share/man/man3/Net::DNS::RR::RP.3
Installing /nix/store/jg4mln46b76a7fg6ch7239igh2gsf76j-perl5.32.0-Net-DNS-1.24/share/man/man3/Net::DNS::Resolver::cygwin.3
Installing /nix/store/jg4mln46b76a7fg6ch7239igh2gsf76j-perl5.32.0-Net-DNS-1.24/share/man/man3/Net::DNS::RR::DNSKEY.3
Installing /nix/store/jg4mln46b76a7fg6ch7239igh2gsf76j-perl5.32.0-Net-DNS-1.24/share/man/man3/Net::DNS::RR::SSHFP.3
Installing /nix/store/jg4mln46b76a7fg6ch7239igh2gsf76j-perl5.32.0-Net-DNS-1.24/share/man/man3/Net::DNS::RR::KEY.3
Installing /nix/store/jg4mln46b76a7fg6ch7239igh2gsf76j-perl5.32.0-Net-DNS-1.24/share/man/man3/Net::DNS::RR::MX.3
Installing /nix/store/jg4mln46b76a7fg6ch7239igh2gsf76j-perl5.32.0-Net-DNS-1.24/share/man/man3/Net::DNS::RR::HIP.3
Installing /nix/store/jg4mln46b76a7fg6ch7239igh2gsf76j-perl5.32.0-Net-DNS-1.24/share/man/man3/Net::DNS::RR::PTR.3
Installing /nix/store/jg4mln46b76a7fg6ch7239igh2gsf76j-perl5.32.0-Net-DNS-1.24/share/man/man3/Net::DNS::DomainName.3
Installing /nix/store/jg4mln46b76a7fg6ch7239igh2gsf76j-perl5.32.0-Net-DNS-1.24/share/man/man3/Net::DNS::ZoneFile.3
Installing /nix/store/jg4mln46b76a7fg6ch7239igh2gsf76j-perl5.32.0-Net-DNS-1.24/share/man/man3/Net::DNS::RR::NSEC3.3
Installing /nix/store/jg4mln46b76a7fg6ch7239igh2gsf76j-perl5.32.0-Net-DNS-1.24/share/man/man3/Net::DNS::RR::NID.3
Installing /nix/store/jg4mln46b76a7fg6ch7239igh2gsf76j-perl5.32.0-Net-DNS-1.24/share/man/man3/Net::DNS::RR.3
Installing /nix/store/jg4mln46b76a7fg6ch7239igh2gsf76j-perl5.32.0-Net-DNS-1.24/share/man/man3/Net::DNS::Resolver::os2.3
Installing /nix/store/jg4mln46b76a7fg6ch7239igh2gsf76j-perl5.32.0-Net-DNS-1.24/share/man/man3/Net::DNS::RR::CAA.3
Installing /nix/store/jg4mln46b76a7fg6ch7239igh2gsf76j-perl5.32.0-Net-DNS-1.24/share/man/man3/Net::DNS::RR::EUI64.3
Installing /nix/store/jg4mln46b76a7fg6ch7239igh2gsf76j-perl5.32.0-Net-DNS-1.24/share/man/man3/Net::DNS::RR::TKEY.3
Installing /nix/store/jg4mln46b76a7fg6ch7239igh2gsf76j-perl5.32.0-Net-DNS-1.24/share/man/man3/Net::DNS::Update.3
Installing /nix/store/jg4mln46b76a7fg6ch7239igh2gsf76j-perl5.32.0-Net-DNS-1.24/share/man/man3/Net::DNS::Domain.3
Installing /nix/store/jg4mln46b76a7fg6ch7239igh2gsf76j-perl5.32.0-Net-DNS-1.24/share/man/man3/Net::DNS::RR::NSEC3PARAM.3
Installing /nix/store/jg4mln46b76a7fg6ch7239igh2gsf76j-perl5.32.0-Net-DNS-1.24/share/man/man3/Net::DNS.3
Installing /nix/store/jg4mln46b76a7fg6ch7239igh2gsf76j-perl5.32.0-Net-DNS-1.24/share/man/man3/Net::DNS::RR::AFSDB.3
Installing /nix/store/jg4mln46b76a7fg6ch7239igh2gsf76j-perl5.32.0-Net-DNS-1.24/share/man/man3/Net::DNS::RR::AAAA.3
Installing /nix/store/jg4mln46b76a7fg6ch7239igh2gsf76j-perl5.32.0-Net-DNS-1.24/share/man/man3/Net::DNS::RR::MG.3
Appending installation info to /nix/store/jg4mln46b76a7fg6ch7239igh2gsf76j-perl5.32.0-Net-DNS-1.24/lib/perl5/5.32.0/x86_64-linux-thread-multi/perllocal.pod
post-installation fixup
Moving /nix/store/jg4mln46b76a7fg6ch7239igh2gsf76j-perl5.32.0-Net-DNS-1.24/share/man/man3 to /nix/store/1b99s04vdv3higshfa5w7bdjjnbqv1xr-perl5.32.0-Net-DNS-1.24-devdoc/share/man/man3
Removing empty /nix/store/jg4mln46b76a7fg6ch7239igh2gsf76j-perl5.32.0-Net-DNS-1.24/share/man/ and (possibly) its parents
shrinking RPATHs of ELF executables and libraries in /nix/store/jg4mln46b76a7fg6ch7239igh2gsf76j-perl5.32.0-Net-DNS-1.24
strip is /nix/store/psyzbhp4p088sb9qcs378hfbslcalasl-binutils-2.31.1/bin/strip
stripping (with command strip and flags -S) in /nix/store/jg4mln46b76a7fg6ch7239igh2gsf76j-perl5.32.0-Net-DNS-1.24/lib
patching script interpreter paths in /nix/store/jg4mln46b76a7fg6ch7239igh2gsf76j-perl5.32.0-Net-DNS-1.24
checking for references to /build/ in /nix/store/jg4mln46b76a7fg6ch7239igh2gsf76j-perl5.32.0-Net-DNS-1.24...
shrinking RPATHs of ELF executables and libraries in /nix/store/1b99s04vdv3higshfa5w7bdjjnbqv1xr-perl5.32.0-Net-DNS-1.24-devdoc
gzipping man pages under /nix/store/1b99s04vdv3higshfa5w7bdjjnbqv1xr-perl5.32.0-Net-DNS-1.24-devdoc/share/man/
strip is /nix/store/psyzbhp4p088sb9qcs378hfbslcalasl-binutils-2.31.1/bin/strip
patching script interpreter paths in /nix/store/1b99s04vdv3higshfa5w7bdjjnbqv1xr-perl5.32.0-Net-DNS-1.24-devdoc
checking for references to /build/ in /nix/store/1b99s04vdv3higshfa5w7bdjjnbqv1xr-perl5.32.0-Net-DNS-1.24-devdoc...
building '/nix/store/lspyw0gq2qkf9wafrbzr00j7pp15d5xp-perl5.32.0-Email-Valid-1.202.drv'...
unpacking sources
unpacking source archive /nix/store/rdqslp02ajdzxihh06p72j8qmk5kpzmq-Email-Valid-1.202.tar.gz
source root is Email-Valid-1.202
setting SOURCE_DATE_EPOCH to timestamp 1474854492 of file Email-Valid-1.202/xt/sayers-corpus.t
patching sources
configuring
patching ./xt/release/changes_has_content.t...
patching ./xt/sayers-corpus.t...
patching ./xt/author/pod-syntax.t...
patching ./t/00-report-prereqs.t...
patching ./t/resolver.t...
patching ./t/valid.t...
Checking if your kit is complete...
Looks good
Generating a Unix-style Makefile
Writing Makefile for Email::Valid
Writing MYMETA.yml and MYMETA.json
no configure script, doing nothing
building
build flags: SHELL=/nix/store/9fqwwd4iybmhjqyxiaxycknslw6bgwh1-bash-4.4-p23/bin/bash
cp lib/Email/Valid.pm blib/lib/Email/Valid.pm
Manifying 1 pod document
installing
install flags: SHELL=/nix/store/9fqwwd4iybmhjqyxiaxycknslw6bgwh1-bash-4.4-p23/bin/bash pkgconfigdir=/nix/store/vfgh9340kx8k3vb3wjkyjlrw2wknbgj8-perl5.32.0-Email-Valid-1.202/lib/pkgconfig m4datadir=/nix/store/vfgh9340kx8k3vb3wjkyjlrw2wknbgj8-perl5.32.0-Email-Valid-1.202/share/aclocal aclocaldir=/nix/store/vfgh9340kx8k3vb3wjkyjlrw2wknbgj8-perl5.32.0-Email-Valid-1.202/share/aclocal install
Manifying 1 pod document
Installing /nix/store/vfgh9340kx8k3vb3wjkyjlrw2wknbgj8-perl5.32.0-Email-Valid-1.202/lib/perl5/site_perl/5.32.0/Email/Valid.pm
Installing /nix/store/vfgh9340kx8k3vb3wjkyjlrw2wknbgj8-perl5.32.0-Email-Valid-1.202/share/man/man3/Email::Valid.3
Appending installation info to /nix/store/vfgh9340kx8k3vb3wjkyjlrw2wknbgj8-perl5.32.0-Email-Valid-1.202/lib/perl5/5.32.0/x86_64-linux-thread-multi/perllocal.pod
post-installation fixup
Moving /nix/store/vfgh9340kx8k3vb3wjkyjlrw2wknbgj8-perl5.32.0-Email-Valid-1.202/share/man/man3 to /nix/store/pz2m2240r8ghxxhzzjshbsfnscp4qhvj-perl5.32.0-Email-Valid-1.202-devdoc/share/man/man3
Removing empty /nix/store/vfgh9340kx8k3vb3wjkyjlrw2wknbgj8-perl5.32.0-Email-Valid-1.202/share/man/ and (possibly) its parents
shrinking RPATHs of ELF executables and libraries in /nix/store/vfgh9340kx8k3vb3wjkyjlrw2wknbgj8-perl5.32.0-Email-Valid-1.202
strip is /nix/store/psyzbhp4p088sb9qcs378hfbslcalasl-binutils-2.31.1/bin/strip
stripping (with command strip and flags -S) in /nix/store/vfgh9340kx8k3vb3wjkyjlrw2wknbgj8-perl5.32.0-Email-Valid-1.202/lib
patching script interpreter paths in /nix/store/vfgh9340kx8k3vb3wjkyjlrw2wknbgj8-perl5.32.0-Email-Valid-1.202
checking for references to /build/ in /nix/store/vfgh9340kx8k3vb3wjkyjlrw2wknbgj8-perl5.32.0-Email-Valid-1.202...
shrinking RPATHs of ELF executables and libraries in /nix/store/pz2m2240r8ghxxhzzjshbsfnscp4qhvj-perl5.32.0-Email-Valid-1.202-devdoc
gzipping man pages under /nix/store/pz2m2240r8ghxxhzzjshbsfnscp4qhvj-perl5.32.0-Email-Valid-1.202-devdoc/share/man/
strip is /nix/store/psyzbhp4p088sb9qcs378hfbslcalasl-binutils-2.31.1/bin/strip
patching script interpreter paths in /nix/store/pz2m2240r8ghxxhzzjshbsfnscp4qhvj-perl5.32.0-Email-Valid-1.202-devdoc
checking for references to /build/ in /nix/store/pz2m2240r8ghxxhzzjshbsfnscp4qhvj-perl5.32.0-Email-Valid-1.202-devdoc...
building '/nix/store/dzzszfx813xfm88bmw6cwwxf9zn0ykpb-perl5.32.0-Data-FormValidator-4.88.drv'...
unpacking sources
unpacking source archive /nix/store/0psg65719why0kw4ah5k2hzm0rdi2p1q-Data-FormValidator-4.88.tar.gz
source root is Data-FormValidator-4.88
setting SOURCE_DATE_EPOCH to timestamp 1503924002 of file Data-FormValidator-4.88/META.yml
patching sources
configuring
patching ./t/dependency_groups.t...
patching ./t/11_procedural_match.t...
patching ./t/constraints_regexp_map_interaction.t...
patching ./t/20_careful_exception_handling.t...
patching ./t/filters_shouldnt_modify.t...
patching ./t/FV_length.t...
patching ./t/msgs.t...
patching ./t/constraints_factory.t...
patching ./t/undefined_arrayref.t...
patching ./t/dependency_coderef.t...
patching ./t/procedural_valid.t...
patching ./t/28_defaults_for_new.t...
patching ./t/upload.t...
patching ./t/26_qr.t...
patching ./t/constraints_builtin.t...
patching ./t/pod.t...
patching ./t/untaint.t...
patching ./t/tt_and_overload.t...
patching ./t/upload_closure.t...
patching ./t/17_multi_valued_keys.t...
patching ./t/18_constraint_refs.t...
patching ./t/regexp_common.t...
patching ./t/dates.t...
patching ./t/constraints_invalid_once_only.t...
patching ./t/15_literal_param_constraints.t...
patching ./t/00_base.t...
patching ./t/profile_checking.t...
patching ./t/04_arrayify_undef.t...
patching ./t/regexp_common_closure.t...
patching ./t/dates_closure.t...
patching ./t/upload_mime_types.t...
patching ./t/results_success.t...
patching ./t/constraints_reuse.t...
patching ./t/untaint.pl...
patching ./t/09_require_some.t...
patching ./t/closure_msgs.t...
patching ./t/rename_builtin_constraints.t...
patching ./t/params_not_mentioned.t...
patching ./t/16_cgi_object.t...
patching ./t/21_multiple_fields.t...
patching ./t/constraint_method_zero.t...
patching ./t/13_validator_packages.t...
patching ./t/30_filter_definedness.t...
patching ./t/05_valid_ip_address.t...
patching ./t/any_errors.t...
patching ./t/27_qualify_ref_happy_death.t...
patching ./t/multiple_constraints.t...
patching ./t/get_filtered_data.t...
patching ./t/constraint_method_string.t...
patching ./t/filter_constraints.t...
patching ./t/check_profile_syntax.t...
patching ./t/constraint_regexp_map_profile_reuse.t...
patching ./t/filters_builtin.t...
patching ./t/19_refs_as_values.t...
patching ./t/02_code_ref.t...
patching ./t/missing_optional.t...
patching ./t/constraints_num_values.t...
patching ./t/constraints_builtin_closure.t...
patching ./t/credit_card.t...
patching ./t/06_regexp_map.t...
patching ./t/unknown.t...
patching ./t/25_results.t...
patching ./t/get_input_data.t...
patching ./t/simple.t...
patching ./t/03_dependency.t...
Checking if your kit is complete...
Looks good
WARNING: Older versions of ExtUtils::MakeMaker may errantly install README.pod as part of this distribution. It is recommended to avoid using this path in CPAN modules.
Generating a Unix-style Makefile
Writing Makefile for Data::FormValidator
Writing MYMETA.yml and MYMETA.json
no configure script, doing nothing
building
build flags: SHELL=/nix/store/9fqwwd4iybmhjqyxiaxycknslw6bgwh1-bash-4.4-p23/bin/bash
cp lib/Data/FormValidator/Filters.pm blib/lib/Data/FormValidator/Filters.pm
cp lib/Data/FormValidator/ConstraintsFactory.pm blib/lib/Data/FormValidator/ConstraintsFactory.pm
cp lib/Data/FormValidator/Constraints/Upload.pm blib/lib/Data/FormValidator/Constraints/Upload.pm
cp lib/Data/FormValidator/Constraints.pm blib/lib/Data/FormValidator/Constraints.pm
cp lib/Data/FormValidator/Results.pm blib/lib/Data/FormValidator/Results.pm
cp lib/Data/FormValidator/Constraints/Dates.pm blib/lib/Data/FormValidator/Constraints/Dates.pm
cp lib/Data/FormValidator.pm blib/lib/Data/FormValidator.pm
Manifying 7 pod documents
running tests
check flags: SHELL=/nix/store/9fqwwd4iybmhjqyxiaxycknslw6bgwh1-bash-4.4-p23/bin/bash VERBOSE=y test
PERL_DL_NONLAZY=1 "/nix/store/7c044di03qa7qgr5kjjc2d787aspzp0m-perl-5.32.0/bin/perl" "-MExtUtils::Command::MM" "-MTest::Harness" "-e" "undef *Test::Harness::Switches; test_harness(0, 'blib/lib', 'blib/arch')" t/*.t
t/00_base.t .............................. ok
t/02_code_ref.t .......................... ok
t/03_dependency.t ........................ ok
t/04_arrayify_undef.t .................... ok
t/05_valid_ip_address.t .................. ok
t/06_regexp_map.t ........................ ok
t/09_require_some.t ...................... ok
t/11_procedural_match.t .................. ok
t/13_validator_packages.t ................ ok
t/15_literal_param_constraints.t ......... ok
t/16_cgi_object.t ........................ ok
t/17_multi_valued_keys.t ................. ok
t/18_constraint_refs.t ................... ok
t/19_refs_as_values.t .................... ok
t/20_careful_exception_handling.t ........ ok
t/21_multiple_fields.t ................... ok
t/25_results.t ........................... ok
t/26_qr.t ................................ ok
t/27_qualify_ref_happy_death.t ........... ok
t/28_defaults_for_new.t .................. ok
t/30_filter_definedness.t ................ ok
t/any_errors.t ........................... ok
t/check_profile_syntax.t ................. ok
t/closure_msgs.t ......................... ok
t/constraint_method.t .................... ok
t/constraint_method_string.t ............. ok
t/constraint_method_zero.t ............... ok
t/constraint_regexp_map_profile_reuse.t .. ok
t/constraints_builtin.t .................. ok
t/constraints_builtin_closure.t .......... ok
t/constraints_factory.t .................. ok
t/constraints_invalid_once_only.t ........ ok
t/constraints_num_values.t ............... ok
t/constraints_regexp_map_interaction.t ... ok
t/constraints_reuse.t .................... ok
t/credit_card.t .......................... ok
t/dates.t ................................ ok
t/dates_closure.t ........................ ok
t/dependency_coderef.t ................... ok
t/dependency_groups.t .................... ok
t/filter_constraints.t ................... ok
t/filters_builtin.t ...................... ok
t/filters_shouldnt_modify.t .............. ok
t/FV_length.t ............................ ok
t/get_filtered_data.t .................... ok
t/get_input_data.t ....................... ok
t/missing_optional.t ..................... ok
t/msgs.t ................................. ok
t/multiple_constraints.t ................. ok
t/params_not_mentioned.t ................. ok
t/pod.t .................................. skipped: Test::Pod required for testing POD
t/procedural_valid.t ..................... ok
t/profile_checking.t ..................... ok
t/regexp_common.t ........................ ok
t/regexp_common_closure.t ................ ok
t/rename_builtin_constraints.t ........... ok
t/results_success.t ...................... ok
t/simple.t ............................... ok
t/tt_and_overload.t ...................... skipped: Template Toolkit required
t/undefined_arrayref.t ................... ok
t/unknown.t .............................. ok
t/untaint.t .............................. ok
t/upload.t ............................... 1/? # Skipping CGI::Simple Tests
# testing with CGI.pm version: 4.49
# Running tests with CGI
t/upload.t ............................... ok
t/upload_closure.t ....................... 1/? # testing with CGI.pm version: 4.49
t/upload_closure.t ....................... ok
t/upload_mime_types.t .................... ok
All tests successful.
Files=65, Tests=591, 14 wallclock secs ( 0.24 usr  0.07 sys +  7.55 cusr  5.41 csys = 13.27 CPU)
Result: PASS
installing
install flags: SHELL=/nix/store/9fqwwd4iybmhjqyxiaxycknslw6bgwh1-bash-4.4-p23/bin/bash pkgconfigdir=/nix/store/d0agxy87d4n6vvlq895i489yd8n9vbmm-perl5.32.0-Data-FormValidator-4.88/lib/pkgconfig m4datadir=/nix/store/d0agxy87d4n6vvlq895i489yd8n9vbmm-perl5.32.0-Data-FormValidator-4.88/share/aclocal aclocaldir=/nix/store/d0agxy87d4n6vvlq895i489yd8n9vbmm-perl5.32.0-Data-FormValidator-4.88/share/aclocal install
Manifying 7 pod documents
Installing /nix/store/d0agxy87d4n6vvlq895i489yd8n9vbmm-perl5.32.0-Data-FormValidator-4.88/lib/perl5/site_perl/5.32.0/Data/FormValidator.pm
Installing /nix/store/d0agxy87d4n6vvlq895i489yd8n9vbmm-perl5.32.0-Data-FormValidator-4.88/lib/perl5/site_perl/5.32.0/Data/FormValidator/ConstraintsFactory.pm
Installing /nix/store/d0agxy87d4n6vvlq895i489yd8n9vbmm-perl5.32.0-Data-FormValidator-4.88/lib/perl5/site_perl/5.32.0/Data/FormValidator/Constraints.pm
Installing /nix/store/d0agxy87d4n6vvlq895i489yd8n9vbmm-perl5.32.0-Data-FormValidator-4.88/lib/perl5/site_perl/5.32.0/Data/FormValidator/Results.pm
Installing /nix/store/d0agxy87d4n6vvlq895i489yd8n9vbmm-perl5.32.0-Data-FormValidator-4.88/lib/perl5/site_perl/5.32.0/Data/FormValidator/Filters.pm
Installing /nix/store/d0agxy87d4n6vvlq895i489yd8n9vbmm-perl5.32.0-Data-FormValidator-4.88/lib/perl5/site_perl/5.32.0/Data/FormValidator/Constraints/Upload.pm
Installing /nix/store/d0agxy87d4n6vvlq895i489yd8n9vbmm-perl5.32.0-Data-FormValidator-4.88/lib/perl5/site_perl/5.32.0/Data/FormValidator/Constraints/Dates.pm
Installing /nix/store/d0agxy87d4n6vvlq895i489yd8n9vbmm-perl5.32.0-Data-FormValidator-4.88/share/man/man3/Data::FormValidator::ConstraintsFactory.3
Installing /nix/store/d0agxy87d4n6vvlq895i489yd8n9vbmm-perl5.32.0-Data-FormValidator-4.88/share/man/man3/Data::FormValidator::Constraints::Dates.3
Installing /nix/store/d0agxy87d4n6vvlq895i489yd8n9vbmm-perl5.32.0-Data-FormValidator-4.88/share/man/man3/Data::FormValidator::Results.3
Installing /nix/store/d0agxy87d4n6vvlq895i489yd8n9vbmm-perl5.32.0-Data-FormValidator-4.88/share/man/man3/Data::FormValidator::Constraints.3
Installing /nix/store/d0agxy87d4n6vvlq895i489yd8n9vbmm-perl5.32.0-Data-FormValidator-4.88/share/man/man3/Data::FormValidator.3
Installing /nix/store/d0agxy87d4n6vvlq895i489yd8n9vbmm-perl5.32.0-Data-FormValidator-4.88/share/man/man3/Data::FormValidator::Constraints::Upload.3
Installing /nix/store/d0agxy87d4n6vvlq895i489yd8n9vbmm-perl5.32.0-Data-FormValidator-4.88/share/man/man3/Data::FormValidator::Filters.3
Appending installation info to /nix/store/d0agxy87d4n6vvlq895i489yd8n9vbmm-perl5.32.0-Data-FormValidator-4.88/lib/perl5/5.32.0/x86_64-linux-thread-multi/perllocal.pod
post-installation fixup
Moving /nix/store/d0agxy87d4n6vvlq895i489yd8n9vbmm-perl5.32.0-Data-FormValidator-4.88/share/man/man3 to /nix/store/h8pagicxfxh8hbxn6cfdqrv2p2j51rgq-perl5.32.0-Data-FormValidator-4.88-devdoc/share/man/man3
Removing empty /nix/store/d0agxy87d4n6vvlq895i489yd8n9vbmm-perl5.32.0-Data-FormValidator-4.88/share/man/ and (possibly) its parents
shrinking RPATHs of ELF executables and libraries in /nix/store/d0agxy87d4n6vvlq895i489yd8n9vbmm-perl5.32.0-Data-FormValidator-4.88
strip is /nix/store/psyzbhp4p088sb9qcs378hfbslcalasl-binutils-2.31.1/bin/strip
stripping (with command strip and flags -S) in /nix/store/d0agxy87d4n6vvlq895i489yd8n9vbmm-perl5.32.0-Data-FormValidator-4.88/lib
patching script interpreter paths in /nix/store/d0agxy87d4n6vvlq895i489yd8n9vbmm-perl5.32.0-Data-FormValidator-4.88
checking for references to /build/ in /nix/store/d0agxy87d4n6vvlq895i489yd8n9vbmm-perl5.32.0-Data-FormValidator-4.88...
shrinking RPATHs of ELF executables and libraries in /nix/store/h8pagicxfxh8hbxn6cfdqrv2p2j51rgq-perl5.32.0-Data-FormValidator-4.88-devdoc
gzipping man pages under /nix/store/h8pagicxfxh8hbxn6cfdqrv2p2j51rgq-perl5.32.0-Data-FormValidator-4.88-devdoc/share/man/
strip is /nix/store/psyzbhp4p088sb9qcs378hfbslcalasl-binutils-2.31.1/bin/strip
patching script interpreter paths in /nix/store/h8pagicxfxh8hbxn6cfdqrv2p2j51rgq-perl5.32.0-Data-FormValidator-4.88-devdoc
checking for references to /build/ in /nix/store/h8pagicxfxh8hbxn6cfdqrv2p2j51rgq-perl5.32.0-Data-FormValidator-4.88-devdoc...
building '/nix/store/4xankizf5wm9mjyrdm4s5149daxn3fyk-perl5.32.0-Catalyst-Plugin-FormValidator-0.094.drv'...
unpacking sources
unpacking source archive /nix/store/q5gj0sp9gd8aylj8ywvm6wlppgplffnk-Catalyst-Plugin-FormValidator-0.094.tar.gz
source root is Catalyst-Plugin-FormValidator-0.094
setting SOURCE_DATE_EPOCH to timestamp 1267485103 of file Catalyst-Plugin-FormValidator-0.094/MANIFEST
patching sources
configuring
patching ./t/04basic.t...
Subroutine author_requires redefined at inc/Module/Install/AuthorRequires.pm line 14.
Cannot determine perl version info from lib/Catalyst/Plugin/FormValidator.pm
Checking if your kit is complete...
Looks good
Generating a Unix-style Makefile
Writing Makefile for Catalyst::Plugin::FormValidator
Writing MYMETA.yml and MYMETA.json
no configure script, doing nothing
building
build flags: SHELL=/nix/store/9fqwwd4iybmhjqyxiaxycknslw6bgwh1-bash-4.4-p23/bin/bash
cp lib/Catalyst/Plugin/FormValidator.pm blib/lib/Catalyst/Plugin/FormValidator.pm
Manifying 1 pod document
running tests
check flags: SHELL=/nix/store/9fqwwd4iybmhjqyxiaxycknslw6bgwh1-bash-4.4-p23/bin/bash VERBOSE=y test
PERL_DL_NONLAZY=1 "/nix/store/7c044di03qa7qgr5kjjc2d787aspzp0m-perl-5.32.0/bin/perl" "-MExtUtils::Command::MM" "-MTest::Harness" "-e" "undef *Test::Harness::Switches; test_harness(0, 'inc', 'blib/lib', 'blib/arch')" t/*.t
t/01use.t .... ok
t/04basic.t .. ok
All tests successful.
Files=2, Tests=5,  2 wallclock secs ( 0.07 usr  0.08 sys +  1.11 cusr  1.00 csys =  2.26 CPU)
Result: PASS
installing
install flags: SHELL=/nix/store/9fqwwd4iybmhjqyxiaxycknslw6bgwh1-bash-4.4-p23/bin/bash pkgconfigdir=/nix/store/r5n4grc6shyx6lfza032zxnflvvjzma6-perl5.32.0-Catalyst-Plugin-FormValidator-0.094/lib/pkgconfig m4datadir=/nix/store/r5n4grc6shyx6lfza032zxnflvvjzma6-perl5.32.0-Catalyst-Plugin-FormValidator-0.094/share/aclocal aclocaldir=/nix/store/r5n4grc6shyx6lfza032zxnflvvjzma6-perl5.32.0-Catalyst-Plugin-FormValidator-0.094/share/aclocal install
Manifying 1 pod document
Installing /nix/store/r5n4grc6shyx6lfza032zxnflvvjzma6-perl5.32.0-Catalyst-Plugin-FormValidator-0.094/lib/perl5/site_perl/5.32.0/Catalyst/Plugin/FormValidator.pm
Installing /nix/store/r5n4grc6shyx6lfza032zxnflvvjzma6-perl5.32.0-Catalyst-Plugin-FormValidator-0.094/share/man/man3/Catalyst::Plugin::FormValidator.3
Appending installation info to /nix/store/r5n4grc6shyx6lfza032zxnflvvjzma6-perl5.32.0-Catalyst-Plugin-FormValidator-0.094/lib/perl5/5.32.0/x86_64-linux-thread-multi/perllocal.pod
post-installation fixup
Moving /nix/store/r5n4grc6shyx6lfza032zxnflvvjzma6-perl5.32.0-Catalyst-Plugin-FormValidator-0.094/share/man/man3 to /nix/store/6zywvbdlbnhc3i24c3frhzc0kfacfkw3-perl5.32.0-Catalyst-Plugin-FormValidator-0.094-devdoc/share/man/man3
Removing empty /nix/store/r5n4grc6shyx6lfza032zxnflvvjzma6-perl5.32.0-Catalyst-Plugin-FormValidator-0.094/share/man/ and (possibly) its parents
shrinking RPATHs of ELF executables and libraries in /nix/store/r5n4grc6shyx6lfza032zxnflvvjzma6-perl5.32.0-Catalyst-Plugin-FormValidator-0.094
strip is /nix/store/psyzbhp4p088sb9qcs378hfbslcalasl-binutils-2.31.1/bin/strip
stripping (with command strip and flags -S) in /nix/store/r5n4grc6shyx6lfza032zxnflvvjzma6-perl5.32.0-Catalyst-Plugin-FormValidator-0.094/lib
patching script interpreter paths in /nix/store/r5n4grc6shyx6lfza032zxnflvvjzma6-perl5.32.0-Catalyst-Plugin-FormValidator-0.094
checking for references to /build/ in /nix/store/r5n4grc6shyx6lfza032zxnflvvjzma6-perl5.32.0-Catalyst-Plugin-FormValidator-0.094...
shrinking RPATHs of ELF executables and libraries in /nix/store/6zywvbdlbnhc3i24c3frhzc0kfacfkw3-perl5.32.0-Catalyst-Plugin-FormValidator-0.094-devdoc
gzipping man pages under /nix/store/6zywvbdlbnhc3i24c3frhzc0kfacfkw3-perl5.32.0-Catalyst-Plugin-FormValidator-0.094-devdoc/share/man/
strip is /nix/store/psyzbhp4p088sb9qcs378hfbslcalasl-binutils-2.31.1/bin/strip
patching script interpreter paths in /nix/store/6zywvbdlbnhc3i24c3frhzc0kfacfkw3-perl5.32.0-Catalyst-Plugin-FormValidator-0.094-devdoc
checking for references to /build/ in /nix/store/6zywvbdlbnhc3i24c3frhzc0kfacfkw3-perl5.32.0-Catalyst-Plugin-FormValidator-0.094-devdoc...
/nix/store/r5n4grc6shyx6lfza032zxnflvvjzma6-perl5.32.0-Catalyst-Plugin-FormValidator-0.094
