these derivations will be built:
  /nix/store/4ys0y822hmcyihnghjgigbazw441wzqf-perl5.32.0-Catalyst-Plugin-Session-State-Cookie-0.17.drv
  /nix/store/82v140alww80vhrv8q8zs5a8m9kzp57z-perl5.32.0-Test-WWW-Mechanize-Catalyst-0.62.drv
  /nix/store/ivazlawzahs8y4lcizbm397dbxc6nnl6-perl5.32.0-Catalyst-Authentication-Store-Htpasswd-1.006.drv
these paths will be fetched (0.09 MiB download, 0.09 MiB unpacked):
  /nix/store/j26ziryq2l2v3agprbq0ipflklriplw3-Catalyst-Plugin-Session-State-Cookie-0.17.tar.gz
  /nix/store/smvlc18y4p1y9fxam8ffqqlk0ayw3bpz-Catalyst-Authentication-Store-Htpasswd-1.006.tar.gz
  /nix/store/z2s58962gvm39jazis50nj2hdvf182cl-Test-WWW-Mechanize-Catalyst-0.62.tar.gz
copying path '/nix/store/smvlc18y4p1y9fxam8ffqqlk0ayw3bpz-Catalyst-Authentication-Store-Htpasswd-1.006.tar.gz' from 'https://cache.nixos.org'...
copying path '/nix/store/z2s58962gvm39jazis50nj2hdvf182cl-Test-WWW-Mechanize-Catalyst-0.62.tar.gz' from 'https://cache.nixos.org'...
copying path '/nix/store/j26ziryq2l2v3agprbq0ipflklriplw3-Catalyst-Plugin-Session-State-Cookie-0.17.tar.gz' from 'https://cache.nixos.org'...
building '/nix/store/4ys0y822hmcyihnghjgigbazw441wzqf-perl5.32.0-Catalyst-Plugin-Session-State-Cookie-0.17.drv'...
unpacking sources
unpacking source archive /nix/store/j26ziryq2l2v3agprbq0ipflklriplw3-Catalyst-Plugin-Session-State-Cookie-0.17.tar.gz
source root is Catalyst-Plugin-Session-State-Cookie-0.17
setting SOURCE_DATE_EPOCH to timestamp 1255890070 of file Catalyst-Plugin-Session-State-Cookie-0.17/MANIFEST
patching sources
configuring
patching ./t/basic.t...
patching ./t/live_app.t...
Cannot determine perl version info from lib/Catalyst/Plugin/Session/State/Cookie.pm
*** Module::AutoInstall version 1.03
*** Checking for Perl dependencies...
[Core Features]
- Moose                     ...loaded. (2.2012)
- Test::More                ...loaded. (1.302175)
- Catalyst                  ...loaded. (5.90126 >= 5.80005)
- Catalyst::Plugin::Session ...loaded. (0.41 >= 0.27)
- MRO::Compat               ...loaded. (0.13)
- Moose                     ...loaded. (2.2012)
- namespace::autoclean      ...loaded. (0.29)
*** Module::AutoInstall configuration finished.
Checking if your kit is complete...
Looks good
Generating a Unix-style Makefile
Writing Makefile for Catalyst::Plugin::Session::State::Cookie
Writing MYMETA.yml and MYMETA.json
no configure script, doing nothing
building
build flags: SHELL=/nix/store/9fqwwd4iybmhjqyxiaxycknslw6bgwh1-bash-4.4-p23/bin/bash
cp lib/Catalyst/Plugin/Session/State/Cookie.pm blib/lib/Catalyst/Plugin/Session/State/Cookie.pm
Manifying 1 pod document
running tests
check flags: SHELL=/nix/store/9fqwwd4iybmhjqyxiaxycknslw6bgwh1-bash-4.4-p23/bin/bash VERBOSE=y test
PERL_DL_NONLAZY=1 "/nix/store/7c044di03qa7qgr5kjjc2d787aspzp0m-perl-5.32.0/bin/perl" "-MExtUtils::Command::MM" "-MTest::Harness" "-e" "undef *Test::Harness::Switches; test_harness(0, 'inc', 'blib/lib', 'blib/arch')" t/01use.t t/02pod.t t/03podcoverage.t t/basic.t t/live_app.t t/no_new_method.t
t/01use.t .......... ok
t/02pod.t .......... skipped: Test::Pod 1.14 required
t/03podcoverage.t .. skipped: Test::Pod::Coverage 1.04 required
t/basic.t .......... ok
t/live_app.t ....... skipped: This test requires Test::WWW::Mechanize::Catalyst in order to run
t/no_new_method.t .. ok
All tests successful.
Files=6, Tests=15,  4 wallclock secs ( 0.11 usr  0.07 sys +  1.84 cusr  2.11 csys =  4.13 CPU)
Result: PASS
installing
install flags: SHELL=/nix/store/9fqwwd4iybmhjqyxiaxycknslw6bgwh1-bash-4.4-p23/bin/bash pkgconfigdir=/nix/store/vlz0b6nz1c472r5hdxsnlpfisybkmg1s-perl5.32.0-Catalyst-Plugin-Session-State-Cookie-0.17/lib/pkgconfig m4datadir=/nix/store/vlz0b6nz1c472r5hdxsnlpfisybkmg1s-perl5.32.0-Catalyst-Plugin-Session-State-Cookie-0.17/share/aclocal aclocaldir=/nix/store/vlz0b6nz1c472r5hdxsnlpfisybkmg1s-perl5.32.0-Catalyst-Plugin-Session-State-Cookie-0.17/share/aclocal install
Manifying 1 pod document
Installing /nix/store/vlz0b6nz1c472r5hdxsnlpfisybkmg1s-perl5.32.0-Catalyst-Plugin-Session-State-Cookie-0.17/lib/perl5/site_perl/5.32.0/Catalyst/Plugin/Session/State/Cookie.pm
Installing /nix/store/vlz0b6nz1c472r5hdxsnlpfisybkmg1s-perl5.32.0-Catalyst-Plugin-Session-State-Cookie-0.17/share/man/man3/Catalyst::Plugin::Session::State::Cookie.3
Appending installation info to /nix/store/vlz0b6nz1c472r5hdxsnlpfisybkmg1s-perl5.32.0-Catalyst-Plugin-Session-State-Cookie-0.17/lib/perl5/5.32.0/x86_64-linux-thread-multi/perllocal.pod
post-installation fixup
Moving /nix/store/vlz0b6nz1c472r5hdxsnlpfisybkmg1s-perl5.32.0-Catalyst-Plugin-Session-State-Cookie-0.17/share/man/man3 to /nix/store/kh954bxqnk4p5c2cmaqw6f24q8wlzm4i-perl5.32.0-Catalyst-Plugin-Session-State-Cookie-0.17-devdoc/share/man/man3
Removing empty /nix/store/vlz0b6nz1c472r5hdxsnlpfisybkmg1s-perl5.32.0-Catalyst-Plugin-Session-State-Cookie-0.17/share/man/ and (possibly) its parents
shrinking RPATHs of ELF executables and libraries in /nix/store/vlz0b6nz1c472r5hdxsnlpfisybkmg1s-perl5.32.0-Catalyst-Plugin-Session-State-Cookie-0.17
strip is /nix/store/psyzbhp4p088sb9qcs378hfbslcalasl-binutils-2.31.1/bin/strip
stripping (with command strip and flags -S) in /nix/store/vlz0b6nz1c472r5hdxsnlpfisybkmg1s-perl5.32.0-Catalyst-Plugin-Session-State-Cookie-0.17/lib
patching script interpreter paths in /nix/store/vlz0b6nz1c472r5hdxsnlpfisybkmg1s-perl5.32.0-Catalyst-Plugin-Session-State-Cookie-0.17
checking for references to /build/ in /nix/store/vlz0b6nz1c472r5hdxsnlpfisybkmg1s-perl5.32.0-Catalyst-Plugin-Session-State-Cookie-0.17...
shrinking RPATHs of ELF executables and libraries in /nix/store/kh954bxqnk4p5c2cmaqw6f24q8wlzm4i-perl5.32.0-Catalyst-Plugin-Session-State-Cookie-0.17-devdoc
gzipping man pages under /nix/store/kh954bxqnk4p5c2cmaqw6f24q8wlzm4i-perl5.32.0-Catalyst-Plugin-Session-State-Cookie-0.17-devdoc/share/man/
strip is /nix/store/psyzbhp4p088sb9qcs378hfbslcalasl-binutils-2.31.1/bin/strip
patching script interpreter paths in /nix/store/kh954bxqnk4p5c2cmaqw6f24q8wlzm4i-perl5.32.0-Catalyst-Plugin-Session-State-Cookie-0.17-devdoc
checking for references to /build/ in /nix/store/kh954bxqnk4p5c2cmaqw6f24q8wlzm4i-perl5.32.0-Catalyst-Plugin-Session-State-Cookie-0.17-devdoc...
building '/nix/store/82v140alww80vhrv8q8zs5a8m9kzp57z-perl5.32.0-Test-WWW-Mechanize-Catalyst-0.62.drv'...
unpacking sources
unpacking source archive /nix/store/z2s58962gvm39jazis50nj2hdvf182cl-Test-WWW-Mechanize-Catalyst-0.62.tar.gz
source root is Test-WWW-Mechanize-Catalyst-0.62
setting SOURCE_DATE_EPOCH to timestamp 1550511077 of file Test-WWW-Mechanize-Catalyst-0.62/inc/Module/Install/WriteAll.pm
patching sources
configuring
patching ./t/multi_content_type.t...
patching ./t/pod.t...
patching ./t/decoded_content.t...
patching ./t/auth-test.t...
patching ./t/cookies.t...
patching ./t/redirect.t...
patching ./t/useragent.t...
patching ./t/simple.t...
patching ./Makefile.PL...
Checking if your kit is complete...
Looks good
Generating a Unix-style Makefile
Writing Makefile for Test::WWW::Mechanize::Catalyst
Writing MYMETA.yml and MYMETA.json
no configure script, doing nothing
building
build flags: SHELL=/nix/store/9fqwwd4iybmhjqyxiaxycknslw6bgwh1-bash-4.4-p23/bin/bash
cp lib/Test/WWW/Mechanize/Catalyst.pm blib/lib/Test/WWW/Mechanize/Catalyst.pm
Manifying 1 pod document
installing
install flags: SHELL=/nix/store/9fqwwd4iybmhjqyxiaxycknslw6bgwh1-bash-4.4-p23/bin/bash pkgconfigdir=/nix/store/bvj6x81qd4mj354zvdvbrjm9lpr5ycc6-perl5.32.0-Test-WWW-Mechanize-Catalyst-0.62/lib/pkgconfig m4datadir=/nix/store/bvj6x81qd4mj354zvdvbrjm9lpr5ycc6-perl5.32.0-Test-WWW-Mechanize-Catalyst-0.62/share/aclocal aclocaldir=/nix/store/bvj6x81qd4mj354zvdvbrjm9lpr5ycc6-perl5.32.0-Test-WWW-Mechanize-Catalyst-0.62/share/aclocal install
Manifying 1 pod document
Installing /nix/store/bvj6x81qd4mj354zvdvbrjm9lpr5ycc6-perl5.32.0-Test-WWW-Mechanize-Catalyst-0.62/lib/perl5/site_perl/5.32.0/Test/WWW/Mechanize/Catalyst.pm
Installing /nix/store/bvj6x81qd4mj354zvdvbrjm9lpr5ycc6-perl5.32.0-Test-WWW-Mechanize-Catalyst-0.62/share/man/man3/Test::WWW::Mechanize::Catalyst.3
Appending installation info to /nix/store/bvj6x81qd4mj354zvdvbrjm9lpr5ycc6-perl5.32.0-Test-WWW-Mechanize-Catalyst-0.62/lib/perl5/5.32.0/x86_64-linux-thread-multi/perllocal.pod
post-installation fixup
Moving /nix/store/bvj6x81qd4mj354zvdvbrjm9lpr5ycc6-perl5.32.0-Test-WWW-Mechanize-Catalyst-0.62/share/man/man3 to /nix/store/vd09b0fhmsr2kkq8jz6ivz8raib6bqq8-perl5.32.0-Test-WWW-Mechanize-Catalyst-0.62-devdoc/share/man/man3
Removing empty /nix/store/bvj6x81qd4mj354zvdvbrjm9lpr5ycc6-perl5.32.0-Test-WWW-Mechanize-Catalyst-0.62/share/man/ and (possibly) its parents
shrinking RPATHs of ELF executables and libraries in /nix/store/bvj6x81qd4mj354zvdvbrjm9lpr5ycc6-perl5.32.0-Test-WWW-Mechanize-Catalyst-0.62
strip is /nix/store/psyzbhp4p088sb9qcs378hfbslcalasl-binutils-2.31.1/bin/strip
stripping (with command strip and flags -S) in /nix/store/bvj6x81qd4mj354zvdvbrjm9lpr5ycc6-perl5.32.0-Test-WWW-Mechanize-Catalyst-0.62/lib
patching script interpreter paths in /nix/store/bvj6x81qd4mj354zvdvbrjm9lpr5ycc6-perl5.32.0-Test-WWW-Mechanize-Catalyst-0.62
checking for references to /build/ in /nix/store/bvj6x81qd4mj354zvdvbrjm9lpr5ycc6-perl5.32.0-Test-WWW-Mechanize-Catalyst-0.62...
shrinking RPATHs of ELF executables and libraries in /nix/store/vd09b0fhmsr2kkq8jz6ivz8raib6bqq8-perl5.32.0-Test-WWW-Mechanize-Catalyst-0.62-devdoc
gzipping man pages under /nix/store/vd09b0fhmsr2kkq8jz6ivz8raib6bqq8-perl5.32.0-Test-WWW-Mechanize-Catalyst-0.62-devdoc/share/man/
strip is /nix/store/psyzbhp4p088sb9qcs378hfbslcalasl-binutils-2.31.1/bin/strip
patching script interpreter paths in /nix/store/vd09b0fhmsr2kkq8jz6ivz8raib6bqq8-perl5.32.0-Test-WWW-Mechanize-Catalyst-0.62-devdoc
checking for references to /build/ in /nix/store/vd09b0fhmsr2kkq8jz6ivz8raib6bqq8-perl5.32.0-Test-WWW-Mechanize-Catalyst-0.62-devdoc...
building '/nix/store/ivazlawzahs8y4lcizbm397dbxc6nnl6-perl5.32.0-Catalyst-Authentication-Store-Htpasswd-1.006.drv'...
unpacking sources
unpacking source archive /nix/store/smvlc18y4p1y9fxam8ffqqlk0ayw3bpz-Catalyst-Authentication-Store-Htpasswd-1.006.tar.gz
source root is Catalyst-Authentication-Store-Htpasswd-1.006
setting SOURCE_DATE_EPOCH to timestamp 1499110239 of file Catalyst-Authentication-Store-Htpasswd-1.006/xt/release/minimum-version.t
patching sources
configuring
patching ./xt/release/changes_has_content.t...
patching ./xt/release/distmeta.t...
patching ./xt/release/minimum-version.t...
patching ./xt/author/pod-coverage.t...
patching ./xt/author/mojibake.t...
patching ./xt/author/pod-syntax.t...
patching ./xt/author/pod-no404s.t...
patching ./t/00-report-prereqs.t...
patching ./t/backend_md5.t...
patching ./t/backend.t...
patching ./t/lib/script/testapp_server.pl...
patching ./t/lib/script/testapp_test.pl...
patching ./t/00-load.t...
patching ./t/live-test.t...
patching ./lib/Catalyst/Authentication/Store/Htpasswd.pm...
patching ./lib/Catalyst/Authentication/Store/Htpasswd/User.pm...
Checking if your kit is complete...
Looks good
Generating a Unix-style Makefile
Writing Makefile for Catalyst::Authentication::Store::Htpasswd
Writing MYMETA.yml and MYMETA.json
no configure script, doing nothing
building
Creating new 'Build' script for 'Catalyst-Authentication-Store-Htpasswd' version '1.006'
cp lib/Catalyst/Authentication/Store/Htpasswd.pm blib/lib/Catalyst/Authentication/Store/Htpasswd.pm
cp lib/Catalyst/Authentication/Store/Htpasswd/User.pm blib/lib/Catalyst/Authentication/Store/Htpasswd/User.pm
running tests
t/00-load.t ............ ok
t/00-report-prereqs.t .. #
# Versions for all modules listed in MYMETA.json (including optional ones):
#
# === Configure Requires ===
#
#     Module               Want  Have
#     ------------------- ----- -----
#     Module::Build::Tiny 0.034 0.039
#
# === Test Requires ===
#
#     Module                         Want     Have
#     ------------------------------ ---- --------
#     Catalyst                        any  5.90126
#     Catalyst::Controller            any    undef
#     Catalyst::Engine::HTTP          any    undef
#     Catalyst::Test                  any    undef
#     Crypt::PasswdMD5                any     1.40
#     File::Spec                      any     3.78
#     File::Temp                      any   0.2309
#     FindBin                         any     1.51
#     Getopt::Long                    any     2.51
#     Module::Metadata                any 1.000037
#     Pod::Usage                      any     1.69
#     Test::More                      any 1.302175
#     Test::WWW::Mechanize::Catalyst  any     0.62
#     lib                             any     0.65
#     ok                              any 1.302175
#
# === Test Recommends ===
#
#     Module         Want     Have
#     ---------- -------- --------
#     CPAN::Meta 2.120900 2.150010
#
# === Runtime Requires ===
#
#     Module                              Want    Have
#     -------------------------------- ------- -------
#     Authen::Htpasswd                    0.13   0.171
#     Catalyst::Authentication::User       any   undef
#     Catalyst::Plugin::Authentication 0.10006 0.10023
#     Class::Accessor::Fast                any    0.51
#     Scalar::Util                         any    1.55
#     base                                 any    2.27
#     overload                             any    1.31
#     strict                               any    1.11
#     warnings                             any    1.47
#
# === Other Modules ===
#
#     Module           Have
#     ------------- -------
#     JSON::PP         4.04
#     Pod::Coverage missing
#     Sub::Name        0.26
#     YAML          missing
#     autodie          2.32
#
t/00-report-prereqs.t .. ok
t/backend.t ............ ok
t/backend_md5.t ........ ok
t/live-test.t .......... ok
All tests successful.
Files=5, Tests=37,  5 wallclock secs ( 0.10 usr  0.11 sys +  2.64 cusr  1.94 csys =  4.79 CPU)
Result: PASS
installing
Installing /nix/store/k6zn05d2kfzsrx85nji3wfcbbdzh84h0-perl5.32.0-Catalyst-Authentication-Store-Htpasswd-1.006/lib/perl5/site_perl/5.32.0/Catalyst/Authentication/Store/Htpasswd.pm
Installing /nix/store/k6zn05d2kfzsrx85nji3wfcbbdzh84h0-perl5.32.0-Catalyst-Authentication-Store-Htpasswd-1.006/lib/perl5/site_perl/5.32.0/Catalyst/Authentication/Store/Htpasswd/User.pm
Installing /nix/store/k6zn05d2kfzsrx85nji3wfcbbdzh84h0-perl5.32.0-Catalyst-Authentication-Store-Htpasswd-1.006/share/man/man3/Catalyst::Authentication::Store::Htpasswd.3
Installing /nix/store/k6zn05d2kfzsrx85nji3wfcbbdzh84h0-perl5.32.0-Catalyst-Authentication-Store-Htpasswd-1.006/share/man/man3/Catalyst::Authentication::Store::Htpasswd::User.3
post-installation fixup
Moving /nix/store/k6zn05d2kfzsrx85nji3wfcbbdzh84h0-perl5.32.0-Catalyst-Authentication-Store-Htpasswd-1.006/share/man/man3 to /nix/store/zsiwlhaacssvn0s0w27x29643bay39n1-perl5.32.0-Catalyst-Authentication-Store-Htpasswd-1.006-devdoc/share/man/man3
Removing empty /nix/store/k6zn05d2kfzsrx85nji3wfcbbdzh84h0-perl5.32.0-Catalyst-Authentication-Store-Htpasswd-1.006/share/man/ and (possibly) its parents
shrinking RPATHs of ELF executables and libraries in /nix/store/k6zn05d2kfzsrx85nji3wfcbbdzh84h0-perl5.32.0-Catalyst-Authentication-Store-Htpasswd-1.006
strip is /nix/store/psyzbhp4p088sb9qcs378hfbslcalasl-binutils-2.31.1/bin/strip
stripping (with command strip and flags -S) in /nix/store/k6zn05d2kfzsrx85nji3wfcbbdzh84h0-perl5.32.0-Catalyst-Authentication-Store-Htpasswd-1.006/lib
patching script interpreter paths in /nix/store/k6zn05d2kfzsrx85nji3wfcbbdzh84h0-perl5.32.0-Catalyst-Authentication-Store-Htpasswd-1.006
checking for references to /build/ in /nix/store/k6zn05d2kfzsrx85nji3wfcbbdzh84h0-perl5.32.0-Catalyst-Authentication-Store-Htpasswd-1.006...
shrinking RPATHs of ELF executables and libraries in /nix/store/zsiwlhaacssvn0s0w27x29643bay39n1-perl5.32.0-Catalyst-Authentication-Store-Htpasswd-1.006-devdoc
gzipping man pages under /nix/store/zsiwlhaacssvn0s0w27x29643bay39n1-perl5.32.0-Catalyst-Authentication-Store-Htpasswd-1.006-devdoc/share/man/
strip is /nix/store/psyzbhp4p088sb9qcs378hfbslcalasl-binutils-2.31.1/bin/strip
patching script interpreter paths in /nix/store/zsiwlhaacssvn0s0w27x29643bay39n1-perl5.32.0-Catalyst-Authentication-Store-Htpasswd-1.006-devdoc
checking for references to /build/ in /nix/store/zsiwlhaacssvn0s0w27x29643bay39n1-perl5.32.0-Catalyst-Authentication-Store-Htpasswd-1.006-devdoc...
/nix/store/k6zn05d2kfzsrx85nji3wfcbbdzh84h0-perl5.32.0-Catalyst-Authentication-Store-Htpasswd-1.006
