these derivations will be built:
  /nix/store/92m755w7fiyzqwx07zw9rkbfasmknpb5-perl5.32.0-Catalyst-Plugin-Session-DynamicExpiry-0.04.drv
these paths will be fetched (0.03 MiB download, 0.03 MiB unpacked):
  /nix/store/8j90z13dcnk7dbqib9id8cnb9nl265sb-Catalyst-Plugin-Session-DynamicExpiry-0.04.tar.gz
copying path '/nix/store/8j90z13dcnk7dbqib9id8cnb9nl265sb-Catalyst-Plugin-Session-DynamicExpiry-0.04.tar.gz' from 'https://cache.nixos.org'...
building '/nix/store/92m755w7fiyzqwx07zw9rkbfasmknpb5-perl5.32.0-Catalyst-Plugin-Session-DynamicExpiry-0.04.drv'...
unpacking sources
unpacking source archive /nix/store/8j90z13dcnk7dbqib9id8cnb9nl265sb-Catalyst-Plugin-Session-DynamicExpiry-0.04.tar.gz
source root is Catalyst-Plugin-Session-DynamicExpiry-0.04
setting SOURCE_DATE_EPOCH to timestamp 1349375954 of file Catalyst-Plugin-Session-DynamicExpiry-0.04/MYMETA.json
patching sources
configuring
patching ./t/lib/DynamicExpiryApp/Controller/Foo.pm...
patching ./t/lib/DynamicExpiryApp.pm...
patching ./t/live_app.t...
Cannot determine perl version info from lib/Catalyst/Plugin/Session/DynamicExpiry.pm
*** Module::AutoInstall version 1.06
*** Checking for Perl dependencies...
[Core Features]
- Catalyst::Runtime         ...loaded. (5.90126 >= 5.80)
- Moose                     ...loaded. (2.2012)
- namespace::autoclean      ...loaded. (0.29)
- MRO::Compat               ...loaded. (0.13)
- Try::Tiny                 ...loaded. (0.30)
- Catalyst::Plugin::Session ...loaded. (0.41 >= 0.11)
- Test::More                ...loaded. (1.302175)
*** Module::AutoInstall configuration finished.
Checking if your kit is complete...
Looks good
Generating a Unix-style Makefile
Writing Makefile for Catalyst::Plugin::Session::DynamicExpiry
Writing MYMETA.yml and MYMETA.json
no configure script, doing nothing
building
build flags: SHELL=/nix/store/9fqwwd4iybmhjqyxiaxycknslw6bgwh1-bash-4.4-p23/bin/bash
cp lib/Catalyst/Plugin/Session/DynamicExpiry.pm blib/lib/Catalyst/Plugin/Session/DynamicExpiry.pm
Manifying 1 pod document
running tests
check flags: SHELL=/nix/store/9fqwwd4iybmhjqyxiaxycknslw6bgwh1-bash-4.4-p23/bin/bash VERBOSE=y test
PERL_DL_NONLAZY=1 "/nix/store/7c044di03qa7qgr5kjjc2d787aspzp0m-perl-5.32.0/bin/perl" "-MExtUtils::Command::MM" "-MTest::Harness" "-e" "undef *Test::Harness::Switches; test_harness(0, 'inc', 'blib/lib', 'blib/arch')" t/01use.t t/02pod.t t/03podcoverage.t t/live_app.t
t/01use.t .......... ok
t/02pod.t .......... skipped: Test::Pod 1.14 required
t/03podcoverage.t .. skipped: Test::Pod::Coverage 1.04 required
t/live_app.t ....... skipped: Catalyst::Plugin::Session::State::Cookie 0.03 or higher is required for this test
All tests successful.
Files=4, Tests=1,  2 wallclock secs ( 0.10 usr  0.07 sys +  0.90 cusr  1.21 csys =  2.28 CPU)
Result: PASS
installing
install flags: SHELL=/nix/store/9fqwwd4iybmhjqyxiaxycknslw6bgwh1-bash-4.4-p23/bin/bash pkgconfigdir=/nix/store/iwfyalh50x8qzi783g62i64vfbsxky0s-perl5.32.0-Catalyst-Plugin-Session-DynamicExpiry-0.04/lib/pkgconfig m4datadir=/nix/store/iwfyalh50x8qzi783g62i64vfbsxky0s-perl5.32.0-Catalyst-Plugin-Session-DynamicExpiry-0.04/share/aclocal aclocaldir=/nix/store/iwfyalh50x8qzi783g62i64vfbsxky0s-perl5.32.0-Catalyst-Plugin-Session-DynamicExpiry-0.04/share/aclocal install
Manifying 1 pod document
Installing /nix/store/iwfyalh50x8qzi783g62i64vfbsxky0s-perl5.32.0-Catalyst-Plugin-Session-DynamicExpiry-0.04/lib/perl5/site_perl/5.32.0/Catalyst/Plugin/Session/DynamicExpiry.pm
Installing /nix/store/iwfyalh50x8qzi783g62i64vfbsxky0s-perl5.32.0-Catalyst-Plugin-Session-DynamicExpiry-0.04/share/man/man3/Catalyst::Plugin::Session::DynamicExpiry.3
Appending installation info to /nix/store/iwfyalh50x8qzi783g62i64vfbsxky0s-perl5.32.0-Catalyst-Plugin-Session-DynamicExpiry-0.04/lib/perl5/5.32.0/x86_64-linux-thread-multi/perllocal.pod
post-installation fixup
Moving /nix/store/iwfyalh50x8qzi783g62i64vfbsxky0s-perl5.32.0-Catalyst-Plugin-Session-DynamicExpiry-0.04/share/man/man3 to /nix/store/plgg8dcck914z6q1rg9dvar3f3a11sbx-perl5.32.0-Catalyst-Plugin-Session-DynamicExpiry-0.04-devdoc/share/man/man3
Removing empty /nix/store/iwfyalh50x8qzi783g62i64vfbsxky0s-perl5.32.0-Catalyst-Plugin-Session-DynamicExpiry-0.04/share/man/ and (possibly) its parents
shrinking RPATHs of ELF executables and libraries in /nix/store/iwfyalh50x8qzi783g62i64vfbsxky0s-perl5.32.0-Catalyst-Plugin-Session-DynamicExpiry-0.04
strip is /nix/store/psyzbhp4p088sb9qcs378hfbslcalasl-binutils-2.31.1/bin/strip
stripping (with command strip and flags -S) in /nix/store/iwfyalh50x8qzi783g62i64vfbsxky0s-perl5.32.0-Catalyst-Plugin-Session-DynamicExpiry-0.04/lib
patching script interpreter paths in /nix/store/iwfyalh50x8qzi783g62i64vfbsxky0s-perl5.32.0-Catalyst-Plugin-Session-DynamicExpiry-0.04
checking for references to /build/ in /nix/store/iwfyalh50x8qzi783g62i64vfbsxky0s-perl5.32.0-Catalyst-Plugin-Session-DynamicExpiry-0.04...
shrinking RPATHs of ELF executables and libraries in /nix/store/plgg8dcck914z6q1rg9dvar3f3a11sbx-perl5.32.0-Catalyst-Plugin-Session-DynamicExpiry-0.04-devdoc
gzipping man pages under /nix/store/plgg8dcck914z6q1rg9dvar3f3a11sbx-perl5.32.0-Catalyst-Plugin-Session-DynamicExpiry-0.04-devdoc/share/man/
strip is /nix/store/psyzbhp4p088sb9qcs378hfbslcalasl-binutils-2.31.1/bin/strip
patching script interpreter paths in /nix/store/plgg8dcck914z6q1rg9dvar3f3a11sbx-perl5.32.0-Catalyst-Plugin-Session-DynamicExpiry-0.04-devdoc
checking for references to /build/ in /nix/store/plgg8dcck914z6q1rg9dvar3f3a11sbx-perl5.32.0-Catalyst-Plugin-Session-DynamicExpiry-0.04-devdoc...
/nix/store/iwfyalh50x8qzi783g62i64vfbsxky0s-perl5.32.0-Catalyst-Plugin-Session-DynamicExpiry-0.04
