these derivations will be built:
  /nix/store/0q4fsqfvzdradiily8las2fl71s886hx-perl5.32.0-Module-ScanDeps-1.27.drv
  /nix/store/6x5fj7ds9cpxc2rwb62qzn0f88d8pymw-perl5.32.0-Catalyst-Plugin-Static-Simple-0.36.drv
  /nix/store/7ddk254nz1kkiplm8x9jj11ljgrqzk84-perl5.32.0-File-Slurper-0.012.drv
  /nix/store/97l905z7px9b053pxlavf9m28v3vbs87-perl5.32.0-File-Remove-1.58.drv
  /nix/store/dqmipi8rqi4ki9pxrd3l5i4py243cp5x-perl5.32.0-Pod-POM-2.01.drv
  /nix/store/9lnq223ihd98y8rg3hd8hzk6mn2ybald-perl5.32.0-Pod-POM-View-TOC-0.02.drv
  /nix/store/yljhjz1y350dpwkdd9jgiw75ssv3g4r3-perl5.32.0-YAML-Tiny-1.73.drv
  /nix/store/x7qj6822m5zjql99lr7dmjk99sf23n9y-perl5.32.0-Module-Install-1.19.drv
  /nix/store/l6jkdc1x2cwfznihghicy95yd3s4xpfm-perl5.32.0-Catalyst-Controller-POD-1.0.0.drv
these paths will be fetched (1.01 MiB download, 1.01 MiB unpacked):
  /nix/store/23ndlx8bvj2cksv4s2iamzv1m9v3n2gk-Module-Install-1.19.tar.gz
  /nix/store/4imf3mk0d7ddjpbkx5cmz9c35vfjrmz6-Catalyst-Controller-POD-1.0.0.tar.gz
  /nix/store/67skfga46cml5wp3v6lzrjfjx71c30l6-Pod-POM-View-TOC-0.02.tar.gz
  /nix/store/czf3x3dwx55y8g9y2s59l3639ky6i3i0-YAML-Tiny-1.73.tar.gz
  /nix/store/gr0wg39swzq5f0d7rr9ca3prszih9pzq-Pod-POM-2.01.tar.gz
  /nix/store/pnqijizfqnasd24l4gz0f9ipq1mzh3fj-Module-ScanDeps-1.27.tar.gz
  /nix/store/r2mv2xhlanb63n46qviqr9sm05vd4q8k-File-Remove-1.58.tar.gz
  /nix/store/z9pm6s7p7m6afib742x37rxjz4hf74k4-Catalyst-Plugin-Static-Simple-0.36.tar.gz
copying path '/nix/store/4imf3mk0d7ddjpbkx5cmz9c35vfjrmz6-Catalyst-Controller-POD-1.0.0.tar.gz' from 'https://cache.nixos.org'...
copying path '/nix/store/z9pm6s7p7m6afib742x37rxjz4hf74k4-Catalyst-Plugin-Static-Simple-0.36.tar.gz' from 'https://cache.nixos.org'...
copying path '/nix/store/23ndlx8bvj2cksv4s2iamzv1m9v3n2gk-Module-Install-1.19.tar.gz' from 'https://cache.nixos.org'...
copying path '/nix/store/67skfga46cml5wp3v6lzrjfjx71c30l6-Pod-POM-View-TOC-0.02.tar.gz' from 'https://cache.nixos.org'...
copying path '/nix/store/r2mv2xhlanb63n46qviqr9sm05vd4q8k-File-Remove-1.58.tar.gz' from 'https://cache.nixos.org'...
copying path '/nix/store/pnqijizfqnasd24l4gz0f9ipq1mzh3fj-Module-ScanDeps-1.27.tar.gz' from 'https://cache.nixos.org'...
copying path '/nix/store/gr0wg39swzq5f0d7rr9ca3prszih9pzq-Pod-POM-2.01.tar.gz' from 'https://cache.nixos.org'...
copying path '/nix/store/czf3x3dwx55y8g9y2s59l3639ky6i3i0-YAML-Tiny-1.73.tar.gz' from 'https://cache.nixos.org'...
building '/nix/store/7ddk254nz1kkiplm8x9jj11ljgrqzk84-perl5.32.0-File-Slurper-0.012.drv'...
building '/nix/store/97l905z7px9b053pxlavf9m28v3vbs87-perl5.32.0-File-Remove-1.58.drv'...
building '/nix/store/yljhjz1y350dpwkdd9jgiw75ssv3g4r3-perl5.32.0-YAML-Tiny-1.73.drv'...
building '/nix/store/6x5fj7ds9cpxc2rwb62qzn0f88d8pymw-perl5.32.0-Catalyst-Plugin-Static-Simple-0.36.drv'...
building '/nix/store/0q4fsqfvzdradiily8las2fl71s886hx-perl5.32.0-Module-ScanDeps-1.27.drv'...
unpacking sources
unpacking source archive /nix/store/rhgv7z8mg1dkh3vfsqfix24gi4zpcf0s-File-Slurper-0.012.tar.gz
source root is File-Slurper-0.012
setting SOURCE_DATE_EPOCH to timestamp 1519160012 of file File-Slurper-0.012/xt/author/pod-syntax.t
patching sources
configuring
patching ./bench/modules.pl...
patching ./bench/layers.pl...
patching ./bench/logic.pl...
patching ./xt/author/pod-syntax.t...
unpacking sources
unpacking source archive /nix/store/r2mv2xhlanb63n46qviqr9sm05vd4q8k-File-Remove-1.58.tar.gz
patching ./t/20-no-side-effects.t...
source root is File-Remove-1.58
patching ./t/10-basics.t...
unpacking sources
unpacking source archive /nix/store/czf3x3dwx55y8g9y2s59l3639ky6i3i0-YAML-Tiny-1.73.tar.gz
setting SOURCE_DATE_EPOCH to timestamp 1538645500 of file File-Remove-1.58/xt/release/trailing-space.t
patching sources
configuring
source root is YAML-Tiny-1.73
setting SOURCE_DATE_EPOCH to timestamp 1519247286 of file YAML-Tiny-1.73/xt/release/minimum-version.t
patching sources
configuring
patching ./xt/release/trailing-space.t...
patching ./xt/author/pod-coverage.t...
patching ./xt/author/pod-syntax.t...
unpacking sources
unpacking source archive /nix/store/pnqijizfqnasd24l4gz0f9ipq1mzh3fj-Module-ScanDeps-1.27.tar.gz
patching ./xt/release/distmeta.t...
patching ./xt/release/minimum-version.t...
source root is Module-ScanDeps-1.27
patching ./t/08_spaces.t...
patching ./t/05_links.t...
setting SOURCE_DATE_EPOCH to timestamp 1547582735 of file Module-ScanDeps-1.27/META.yml
patching ./t/02_directories.t...
patching sources
configuring
patching ./xt/author/pod-coverage.t...
patching ./t/09_fork.t...
patching ./t/10_noglob.t...
patching ./xt/author/mojibake.t...
patching ./t/01_compile.t...
patching ./xt/author/pod-syntax.t...
patching ./t/07_cwd.t...
patching ./t/06_curly.t...
patching ./script/scandeps.pl...
patching ./t/03_deep_readonly.t...
patching ./t/13-static_prefork_test.t...
patching ./t/04_can_delete.t...
patching ./t/17-private_methods.t...
patching ./t/7-check-dynaloader.t...
patching ./t/3-static_oo_interface_real.t...
patching ./t/00-report-prereqs.t...
patching ./t/10-case-insensitive-keys.t...
patching ./t/12-ScanFileRE.t...
patching ./t/14-scan_chunk.t...
patching ./t/16-scan_line.t...
patching ./t/9-check_path_to_inc_name.t...
patching ./t/14-static_functional_cached.t...
patching ./t/4-static_functional_interface_options_fake.t...
patching ./t/1-static_functional_interface_real.t...
patching ./t/2-static_functional_interface_fake.t...
patching ./t/tml...
patching ./t/data/use_lib.pl...
Checking if your kit is complete...
patching ./t/data/duplicated_entries/use_scoped_package.pl...
Looks good
patching ./t/data/check_path_to_inc_name/use_scoped_package.pl...
patching ./t/6-file-glob.t...
patching ./t/8-check_duplicated_entries.t...
patching ./t/5-pluggable_fake.t...
patching ./t/rt90869.t...
patching ./Makefile.PL...
Checking if your kit is complete...
Looks good
Generating a Unix-style Makefile
Writing Makefile for File::Slurper
Generating a Unix-style Makefile
Writing Makefile for File::Remove
Writing MYMETA.yml and MYMETA.json
no configure script, doing nothing
building
build flags: SHELL=/nix/store/9fqwwd4iybmhjqyxiaxycknslw6bgwh1-bash-4.4-p23/bin/bash
Checking if your kit is complete...
Looks good
Writing MYMETA.yml and MYMETA.json
no configure script, doing nothing
building
Checking if your kit is complete...
Looks good
Generating a Unix-style Makefile
Writing Makefile for YAML::Tiny
Generating a Unix-style Makefile
Writing Makefile for Module::ScanDeps
Writing MYMETA.yml and MYMETA.json
no configure script, doing nothing
building
build flags: SHELL=/nix/store/9fqwwd4iybmhjqyxiaxycknslw6bgwh1-bash-4.4-p23/bin/bash
Writing MYMETA.yml and MYMETA.json
no configure script, doing nothing
building
build flags: SHELL=/nix/store/9fqwwd4iybmhjqyxiaxycknslw6bgwh1-bash-4.4-p23/bin/bash
Created MYMETA.yml and MYMETA.json
Creating new 'Build' script for 'File-Remove' version '1.58'
cp lib/File/Slurper.pm blib/lib/File/Slurper.pm
Manifying 1 pod document
running tests
check flags: SHELL=/nix/store/9fqwwd4iybmhjqyxiaxycknslw6bgwh1-bash-4.4-p23/bin/bash VERBOSE=y test
Building File-Remove
PERL_DL_NONLAZY=1 "/nix/store/7c044di03qa7qgr5kjjc2d787aspzp0m-perl-5.32.0/bin/perl" "-MExtUtils::Command::MM" "-MTest::Harness" "-e" "undef *Test::Harness::Switches; test_harness(0, 'blib/lib', 'blib/arch')" t/*.t
cp lib/Module/ScanDeps/Cache.pm blib/lib/Module/ScanDeps/Cache.pm
cp lib/Module/ScanDeps.pm blib/lib/Module/ScanDeps.pm
cp script/scandeps.pl blib/script/scandeps.pl
"/nix/store/7c044di03qa7qgr5kjjc2d787aspzp0m-perl-5.32.0/bin/perl" -MExtUtils::MY -e 'MY->fixin(shift)' -- blib/script/scandeps.pl
cp lib/YAML/Tiny.pm blib/lib/YAML/Tiny.pm
running tests
Manifying 1 pod document
t/10-basics.t ........... ok
running tests
check flags: SHELL=/nix/store/9fqwwd4iybmhjqyxiaxycknslw6bgwh1-bash-4.4-p23/bin/bash VERBOSE=y test
Manifying 1 pod document
PERL_DL_NONLAZY=1 "/nix/store/7c044di03qa7qgr5kjjc2d787aspzp0m-perl-5.32.0/bin/perl" "-MExtUtils::Command::MM" "-MTest::Harness" "-e" "undef *Test::Harness::Switches; test_harness(0, 'blib/lib', 'blib/arch')" t/*.t
unpacking sources
unpacking source archive /nix/store/z9pm6s7p7m6afib742x37rxjz4hf74k4-Catalyst-Plugin-Static-Simple-0.36.tar.gz
source root is Catalyst-Plugin-Static-Simple-0.36
setting SOURCE_DATE_EPOCH to timestamp 1521113902 of file Catalyst-Plugin-Static-Simple-0.36/MANIFEST
patching sources
applying patch /nix/store/dhp43jn579cpnl60q6yvx6sajyk7aqxk-catalyst-plugin-static-simple-etag.patch
patching file lib/Catalyst/Plugin/Static/Simple.pm
Hunk #1 succeeded at 201 (offset 14 lines).
configuring
t/20-no-side-effects.t .. ok
All tests successful.
Files=2, Tests=8,  0 wallclock secs ( 0.02 usr  0.01 sys +  0.18 cusr  0.05 csys =  0.26 CPU)
Result: PASS
installing
install flags: SHELL=/nix/store/9fqwwd4iybmhjqyxiaxycknslw6bgwh1-bash-4.4-p23/bin/bash pkgconfigdir=/nix/store/izqb48y36hk0fa4x0prn0q4k0q4z7msz-perl5.32.0-File-Slurper-0.012/lib/pkgconfig m4datadir=/nix/store/izqb48y36hk0fa4x0prn0q4k0q4z7msz-perl5.32.0-File-Slurper-0.012/share/aclocal aclocaldir=/nix/store/izqb48y36hk0fa4x0prn0q4k0q4z7msz-perl5.32.0-File-Slurper-0.012/share/aclocal install
Manifying 1 pod document
patching ./t/08subreq.t...
patching ./t/09ignore_ext.t...
patching ./t/05dirs.t...
patching ./t/11serve_static.t...
patching ./t/10ignore_dirs.t...
patching ./t/12check_error_scope.t...
patching ./t/14deprecated.t...
patching ./t/07mime_types.t...
patching ./t/20debug.t...
t/00-compile.t ........ ok
running tests
check flags: SHELL=/nix/store/9fqwwd4iybmhjqyxiaxycknslw6bgwh1-bash-4.4-p23/bin/bash VERBOSE=y test
PERL_DL_NONLAZY=1 "/nix/store/7c044di03qa7qgr5kjjc2d787aspzp0m-perl-5.32.0/bin/perl" "-MExtUtils::Command::MM" "-MTest::Harness" "-e" "undef *Test::Harness::Switches; test_harness(0, 'blib/lib', 'blib/arch')" t/*.t
Manifying 1 pod document
patching ./t/13no_include_path.t...
patching ./t/04static.t...
patching ./t/06include_path.t...
Installing /nix/store/izqb48y36hk0fa4x0prn0q4k0q4z7msz-perl5.32.0-File-Slurper-0.012/lib/perl5/site_perl/5.32.0/File/Slurper.pm
Installing /nix/store/izqb48y36hk0fa4x0prn0q4k0q4z7msz-perl5.32.0-File-Slurper-0.012/share/man/man3/File::Slurper.3
Appending installation info to /nix/store/izqb48y36hk0fa4x0prn0q4k0q4z7msz-perl5.32.0-File-Slurper-0.012/lib/perl5/5.32.0/x86_64-linux-thread-multi/perllocal.pod
t/01_compile.t ........ ok
post-installation fixup
Moving /nix/store/izqb48y36hk0fa4x0prn0q4k0q4z7msz-perl5.32.0-File-Slurper-0.012/share/man/man3 to /nix/store/zsnrhrhynhw2ha88vc99vga5w4w1r6vg-perl5.32.0-File-Slurper-0.012-devdoc/share/man/man3
Removing empty /nix/store/izqb48y36hk0fa4x0prn0q4k0q4z7msz-perl5.32.0-File-Slurper-0.012/share/man/ and (possibly) its parents
shrinking RPATHs of ELF executables and libraries in /nix/store/izqb48y36hk0fa4x0prn0q4k0q4z7msz-perl5.32.0-File-Slurper-0.012
strip is /nix/store/psyzbhp4p088sb9qcs378hfbslcalasl-binutils-2.31.1/bin/strip
stripping (with command strip and flags -S) in /nix/store/izqb48y36hk0fa4x0prn0q4k0q4z7msz-perl5.32.0-File-Slurper-0.012/lib
patching script interpreter paths in /nix/store/izqb48y36hk0fa4x0prn0q4k0q4z7msz-perl5.32.0-File-Slurper-0.012
checking for references to /build/ in /nix/store/izqb48y36hk0fa4x0prn0q4k0q4z7msz-perl5.32.0-File-Slurper-0.012...
shrinking RPATHs of ELF executables and libraries in /nix/store/zsnrhrhynhw2ha88vc99vga5w4w1r6vg-perl5.32.0-File-Slurper-0.012-devdoc
gzipping man pages under /nix/store/zsnrhrhynhw2ha88vc99vga5w4w1r6vg-perl5.32.0-File-Slurper-0.012-devdoc/share/man/
strip is /nix/store/psyzbhp4p088sb9qcs378hfbslcalasl-binutils-2.31.1/bin/strip
patching script interpreter paths in /nix/store/zsnrhrhynhw2ha88vc99vga5w4w1r6vg-perl5.32.0-File-Slurper-0.012-devdoc
checking for references to /build/ in /nix/store/zsnrhrhynhw2ha88vc99vga5w4w1r6vg-perl5.32.0-File-Slurper-0.012-devdoc...
t/0-pod.t ....................................... skipped: Test requires module 'Test::Pod' but it's not found
building '/nix/store/dqmipi8rqi4ki9pxrd3l5i4py243cp5x-perl5.32.0-Pod-POM-2.01.drv'...
t/00-report-prereqs.t .. #
# Versions for all modules listed in MYMETA.json (including optional ones):
#
# === Configure Requires ===
#
#     Module              Want Have
#     ------------------- ---- ----
#     ExtUtils::MakeMaker  any 7.44
#
# === Configure Suggests ===
#
#     Module      Want Have
#     -------- ------- ----
#     JSON::PP 2.27300 4.04
#
# === Build Requires ===
#
#     Module              Want Have
#     ------------------- ---- ----
#     ExtUtils::MakeMaker  any 7.44
#
# === Test Requires ===
#
#     Module                Want     Have
#     --------------------- ---- --------
#     ExtUtils::MakeMaker    any     7.44
#     File::Basename         any     2.85
#     File::Find             any     1.37
#     File::Spec            0.80     3.78
#     File::Spec::Functions  any     3.78
#     File::Temp            0.19   0.2309
#     Getopt::Long           any     2.51
#     IO::Dir                any     1.41
#     JSON::PP               any     4.04
#     List::Util             any     1.55
#     Test::More            0.88 1.302175
#     base                   any     2.27
#     lib                    any     0.65
#     utf8                   any     1.22
#     vars                   any     1.05
#
# === Test Recommends ===
#
#     Module            Want     Have
#     ------------- -------- --------
#     CPAN::Meta    2.120900 2.150010
#     JSON::MaybeXS 1.001000  missing
#
# === Runtime Requires ===
#
#     Module       Want Have
#     ------------ ---- ----
#     B             any 1.80
#     Carp          any 1.50
#     Exporter      any 5.74
#     Fcntl         any 1.13
#     Scalar::Util  any 1.55
#     strict        any 1.11
#     warnings      any 1.47
#
# === Other Modules ===
#
#     Module           Have
#     ------------- -------
#     JSON::PP         4.04
#     Pod::Coverage missing
#     Sub::Name     missing
#     YAML          missing
#     autodie          2.32
#
t/00-report-prereqs.t .. ok
t/02_directories.t .... ok
t/01_api.t ............. ok
unpacking sources
unpacking source archive /nix/store/gr0wg39swzq5f0d7rr9ca3prszih9pzq-Pod-POM-2.01.tar.gz
source root is Pod-POM-2.01
setting SOURCE_DATE_EPOCH to timestamp 1446930208 of file Pod-POM-2.01/t/wrap.t
patching sources
configuring
patching ./examples/custom-pom2...
patching ./t/wrap.t...
patching ./t/meta.t...
patching ./t/textview.t...
patching ./t/12-view-text.t...
patching ./t/complete.t...
patching ./t/00-use-modules.t...
t/03_deep_readonly.t .. ok
patching ./t/htmllist.t...
patching ./t/11-view-pod.t...
patching ./t/13-view-html.t...
t/01_compile.t ......... ok
Subroutine author_requires redefined at inc/Module/Install/AuthorRequires.pm line 14.
Cannot determine perl version info from lib/Catalyst/Plugin/Static/Simple.pm
patching ./t/head.t...
patching ./t/htmlview.t...
patching ./t/list.t...
patching ./t/text.t...
*** Module::AutoInstall version 1.18
*** Checking for Perl dependencies...
[Core Features]
patching ./t/view.t...
patching ./t/htmlescp.t...
- Test::More           ...loaded. (1.302175)
- Catalyst::Runtime    ...loaded. (5.90126 >= 5.80008)
patching ./t/warn.t...
- MIME::Types          ...loaded. (2.17 >= 2.03)
t/04_can_delete.t ..... ok
patching ./t/10-parser.t...
patching ./t/code.t...
- Test::More           ...loaded. (1.302175)
- Moose                ...loaded. (2.2012)
- MooseX::Types        ...loaded. (0.50)
- namespace::autoclean ...loaded. (0.29)
*** Module::AutoInstall configuration finished.
Checking if your kit is complete...
t/10_read.t ............ ok
patching ./bin/podlint...
patching ./bin/pomdump...
patching ./bin/pom2...
Looks good
Generating a Unix-style Makefile
Writing Makefile for Catalyst::Plugin::Static::Simple
t/05_links.t .......... ok
t/11_read_string.t ..... ok
Checking if your kit is complete...
Writing MYMETA.yml and MYMETA.json
t/06_curly.t .......... ok
no configure script, doing nothing
building
build flags: SHELL=/nix/store/9fqwwd4iybmhjqyxiaxycknslw6bgwh1-bash-4.4-p23/bin/bash
Looks good
Generating a Unix-style Makefile
Writing Makefile for Pod::POM
t/07_cwd.t ............ ok
Writing MYMETA.yml and MYMETA.json
t/12_write.t ........... ok
no configure script, doing nothing
building
build flags: SHELL=/nix/store/9fqwwd4iybmhjqyxiaxycknslw6bgwh1-bash-4.4-p23/bin/bash
t/13_write_string.t .... ok
t/08_spaces.t ......... ok
t/20_subclass.t ........ ok
cp lib/Pod/POM/Node/Sequence.pm blib/lib/Pod/POM/Node/Sequence.pm
cp lib/Pod/POM/Node/Code.pm blib/lib/Pod/POM/Node/Code.pm
cp lib/Pod/POM/Node/Head1.pm blib/lib/Pod/POM/Node/Head1.pm
cp lib/Pod/POM/View/Pod.pm blib/lib/Pod/POM/View/Pod.pm
cp lib/Pod/POM/Node/Head4.pm blib/lib/Pod/POM/Node/Head4.pm
cp lib/Pod/POM/Node.pm blib/lib/Pod/POM/Node.pm
cp lib/Pod/POM/Node/Begin.pm blib/lib/Pod/POM/Node/Begin.pm
cp lib/Pod/POM/Nodes.pm blib/lib/Pod/POM/Nodes.pm
cp lib/Pod/POM/Node/Text.pm blib/lib/Pod/POM/Node/Text.pm
cp lib/Pod/POM/Node/Item.pm blib/lib/Pod/POM/Node/Item.pm
cp lib/Pod/POM/Node/Head2.pm blib/lib/Pod/POM/Node/Head2.pm
cp lib/Pod/POM/View/HTML.pm blib/lib/Pod/POM/View/HTML.pm
cp lib/Pod/POM.pm blib/lib/Pod/POM.pm
cp lib/Pod/POM/Constants.pm blib/lib/Pod/POM/Constants.pm
cp lib/Pod/POM/Node/For.pm blib/lib/Pod/POM/Node/For.pm
cp lib/Pod/POM/Test.pm blib/lib/Pod/POM/Test.pm
cp lib/Pod/POM/Node/Over.pm blib/lib/Pod/POM/Node/Over.pm
cp lib/Pod/POM/Node/Verbatim.pm blib/lib/Pod/POM/Node/Verbatim.pm
cp lib/Pod/POM/Node/Head3.pm blib/lib/Pod/POM/Node/Head3.pm
cp lib/Pod/POM/Node/Content.pm blib/lib/Pod/POM/Node/Content.pm
cp lib/Pod/POM/View/Text.pm blib/lib/Pod/POM/View/Text.pm
cp lib/Pod/POM/View.pm blib/lib/Pod/POM/View.pm
cp lib/Pod/POM/Node/Pod.pm blib/lib/Pod/POM/Node/Pod.pm
cp bin/podlint blib/script/podlint
"/nix/store/7c044di03qa7qgr5kjjc2d787aspzp0m-perl-5.32.0/bin/perl" -MExtUtils::MY -e 'MY->fixin(shift)' -- blib/script/podlint
t/21_yamlpm_compat.t ... ok
t/1-static_functional_interface_real.t .......... ok
t/30_yaml_spec_tml.t ... # using JSON backend: JSON::PP 4.04
t/10-case-insensitive-keys.t .................... skipped: Test irrelevant on case-sensitive systems
cp bin/pom2 blib/script/pom2
"/nix/store/7c044di03qa7qgr5kjjc2d787aspzp0m-perl-5.32.0/bin/perl" -MExtUtils::MY -e 'MY->fixin(shift)' -- blib/script/pom2
t/30_yaml_spec_tml.t ... ok
t/12-ScanFileRE.t ............................... ok
cp bin/pomdump blib/script/pomdump
"/nix/store/7c044di03qa7qgr5kjjc2d787aspzp0m-perl-5.32.0/bin/perl" -MExtUtils::MY -e 'MY->fixin(shift)' -- blib/script/pomdump
t/13-static_prefork_test.t ...................... skipped: Test requires module 'prefork' but it's not found
Manifying 3 pod documents
t/14-scan_chunk.t ............................... ok
Manifying 22 pod documents
t/31_local_tml.t ....... ok
cp lib/Catalyst/Plugin/Static/Simple.pm.orig blib/lib/Catalyst/Plugin/Static/Simple.pm.orig
cp lib/Catalyst/Plugin/Static/Simple.pm blib/lib/Catalyst/Plugin/Static/Simple.pm
t/14-static_functional_cached.t ................. 1/? 0
Couldn't retrieve data from file deps_cache.dat. Building new cache.
t/14-static_functional_cached.t ................. ok
running tests
check flags: SHELL=/nix/store/9fqwwd4iybmhjqyxiaxycknslw6bgwh1-bash-4.4-p23/bin/bash VERBOSE=y test
t/32_world_tml.t ....... ok
PERL_DL_NONLAZY=1 "/nix/store/7c044di03qa7qgr5kjjc2d787aspzp0m-perl-5.32.0/bin/perl" "-MExtUtils::Command::MM" "-MTest::Harness" "-e" "undef *Test::Harness::Switches; test_harness(0, 'blib/lib', 'blib/arch')" t/*.t
t/16-scan_line.t ................................ ok
t/86_fail.t ............ ok
All tests successful.
Files=13, Tests=58,  2 wallclock secs ( 0.20 usr  0.02 sys +  2.05 cusr  0.16 csys =  2.43 CPU)
Result: PASS
installing
install flags: SHELL=/nix/store/9fqwwd4iybmhjqyxiaxycknslw6bgwh1-bash-4.4-p23/bin/bash pkgconfigdir=/nix/store/55dxxdymwgsi962bh6mbsyc38bf3nw32-perl5.32.0-YAML-Tiny-1.73/lib/pkgconfig m4datadir=/nix/store/55dxxdymwgsi962bh6mbsyc38bf3nw32-perl5.32.0-YAML-Tiny-1.73/share/aclocal aclocaldir=/nix/store/55dxxdymwgsi962bh6mbsyc38bf3nw32-perl5.32.0-YAML-Tiny-1.73/share/aclocal install
Manifying 1 pod document
running tests
check flags: SHELL=/nix/store/9fqwwd4iybmhjqyxiaxycknslw6bgwh1-bash-4.4-p23/bin/bash VERBOSE=y test
t/17-private_methods.t .......................... ok
Manifying 1 pod document
PERL_DL_NONLAZY=1 "/nix/store/7c044di03qa7qgr5kjjc2d787aspzp0m-perl-5.32.0/bin/perl" "-MExtUtils::Command::MM" "-MTest::Harness" "-e" "undef *Test::Harness::Switches; test_harness(0, 'inc', 'blib/lib', 'blib/arch')" t/01use.t t/04static.t t/05dirs.t t/06include_path.t t/07mime_types.t t/08subreq.t t/09ignore_ext.t t/10ignore_dirs.t t/11serve_static.t t/12check_error_scope.t t/13no_include_path.t t/14deprecated.t t/20debug.t
Installing /nix/store/55dxxdymwgsi962bh6mbsyc38bf3nw32-perl5.32.0-YAML-Tiny-1.73/lib/perl5/site_perl/5.32.0/YAML/Tiny.pm
Installing /nix/store/55dxxdymwgsi962bh6mbsyc38bf3nw32-perl5.32.0-YAML-Tiny-1.73/share/man/man3/YAML::Tiny.3
Appending installation info to /nix/store/55dxxdymwgsi962bh6mbsyc38bf3nw32-perl5.32.0-YAML-Tiny-1.73/lib/perl5/5.32.0/x86_64-linux-thread-multi/perllocal.pod
post-installation fixup
Moving /nix/store/55dxxdymwgsi962bh6mbsyc38bf3nw32-perl5.32.0-YAML-Tiny-1.73/share/man/man3 to /nix/store/gg1k7l0n0v31a2lv828k4jp1xjw0hw0m-perl5.32.0-YAML-Tiny-1.73-devdoc/share/man/man3
Removing empty /nix/store/55dxxdymwgsi962bh6mbsyc38bf3nw32-perl5.32.0-YAML-Tiny-1.73/share/man/ and (possibly) its parents
shrinking RPATHs of ELF executables and libraries in /nix/store/55dxxdymwgsi962bh6mbsyc38bf3nw32-perl5.32.0-YAML-Tiny-1.73
strip is /nix/store/psyzbhp4p088sb9qcs378hfbslcalasl-binutils-2.31.1/bin/strip
stripping (with command strip and flags -S) in /nix/store/55dxxdymwgsi962bh6mbsyc38bf3nw32-perl5.32.0-YAML-Tiny-1.73/lib
patching script interpreter paths in /nix/store/55dxxdymwgsi962bh6mbsyc38bf3nw32-perl5.32.0-YAML-Tiny-1.73
checking for references to /build/ in /nix/store/55dxxdymwgsi962bh6mbsyc38bf3nw32-perl5.32.0-YAML-Tiny-1.73...
shrinking RPATHs of ELF executables and libraries in /nix/store/gg1k7l0n0v31a2lv828k4jp1xjw0hw0m-perl5.32.0-YAML-Tiny-1.73-devdoc
gzipping man pages under /nix/store/gg1k7l0n0v31a2lv828k4jp1xjw0hw0m-perl5.32.0-YAML-Tiny-1.73-devdoc/share/man/
strip is /nix/store/psyzbhp4p088sb9qcs378hfbslcalasl-binutils-2.31.1/bin/strip
patching script interpreter paths in /nix/store/gg1k7l0n0v31a2lv828k4jp1xjw0hw0m-perl5.32.0-YAML-Tiny-1.73-devdoc
checking for references to /build/ in /nix/store/gg1k7l0n0v31a2lv828k4jp1xjw0hw0m-perl5.32.0-YAML-Tiny-1.73-devdoc...
t/00-use-modules.t .. ok
t/2-static_functional_interface_fake.t .......... ok
t/10-parser.t ....... ok
t/11-view-pod.t ..... ok
t/12-view-text.t .... ok
t/13-view-html.t .... ok
t/code.t ............ ok
t/complete.t ........ ok
t/head.t ............ ok
t/htmlescp.t ........ ok
t/htmllist.t ........ ok
t/3-static_oo_interface_real.t .................. ok
t/htmlview.t ........ ok
t/list.t ............ ok
t/meta.t ............ ok
t/text.t ............ ok
t/4-static_functional_interface_options_fake.t .. ok
t/textview.t ........ ok
t/view.t ............ ok
t/warn.t ............ ok
t/wrap.t ............ ok
All tests successful.
Files=18, Tests=134,  2 wallclock secs ( 0.09 usr  0.03 sys +  0.92 cusr  0.21 csys =  1.25 CPU)
Result: PASS
installing
install flags: SHELL=/nix/store/9fqwwd4iybmhjqyxiaxycknslw6bgwh1-bash-4.4-p23/bin/bash pkgconfigdir=/nix/store/599xh61yc8kxs5zv38n1cpigk90666pv-perl5.32.0-Pod-POM-2.01/lib/pkgconfig m4datadir=/nix/store/599xh61yc8kxs5zv38n1cpigk90666pv-perl5.32.0-Pod-POM-2.01/share/aclocal aclocaldir=/nix/store/599xh61yc8kxs5zv38n1cpigk90666pv-perl5.32.0-Pod-POM-2.01/share/aclocal install
t/5-pluggable_fake.t ............................ ok
Manifying 3 pod documents
Manifying 22 pod documents
t/6-file-glob.t ................................. ok
Installing /nix/store/599xh61yc8kxs5zv38n1cpigk90666pv-perl5.32.0-Pod-POM-2.01/lib/perl5/site_perl/5.32.0/Pod/POM.pm
Installing /nix/store/599xh61yc8kxs5zv38n1cpigk90666pv-perl5.32.0-Pod-POM-2.01/lib/perl5/site_perl/5.32.0/Pod/POM/Test.pm
Installing /nix/store/599xh61yc8kxs5zv38n1cpigk90666pv-perl5.32.0-Pod-POM-2.01/lib/perl5/site_perl/5.32.0/Pod/POM/Nodes.pm
Installing /nix/store/599xh61yc8kxs5zv38n1cpigk90666pv-perl5.32.0-Pod-POM-2.01/lib/perl5/site_perl/5.32.0/Pod/POM/View.pm
Installing /nix/store/599xh61yc8kxs5zv38n1cpigk90666pv-perl5.32.0-Pod-POM-2.01/lib/perl5/site_perl/5.32.0/Pod/POM/Node.pm
Installing /nix/store/599xh61yc8kxs5zv38n1cpigk90666pv-perl5.32.0-Pod-POM-2.01/lib/perl5/site_perl/5.32.0/Pod/POM/Constants.pm
Installing /nix/store/599xh61yc8kxs5zv38n1cpigk90666pv-perl5.32.0-Pod-POM-2.01/lib/perl5/site_perl/5.32.0/Pod/POM/Node/Content.pm
Installing /nix/store/599xh61yc8kxs5zv38n1cpigk90666pv-perl5.32.0-Pod-POM-2.01/lib/perl5/site_perl/5.32.0/Pod/POM/Node/For.pm
Installing /nix/store/599xh61yc8kxs5zv38n1cpigk90666pv-perl5.32.0-Pod-POM-2.01/lib/perl5/site_perl/5.32.0/Pod/POM/Node/Head1.pm
Installing /nix/store/599xh61yc8kxs5zv38n1cpigk90666pv-perl5.32.0-Pod-POM-2.01/lib/perl5/site_perl/5.32.0/Pod/POM/Node/Over.pm
Installing /nix/store/599xh61yc8kxs5zv38n1cpigk90666pv-perl5.32.0-Pod-POM-2.01/lib/perl5/site_perl/5.32.0/Pod/POM/Node/Head4.pm
Installing /nix/store/599xh61yc8kxs5zv38n1cpigk90666pv-perl5.32.0-Pod-POM-2.01/lib/perl5/site_perl/5.32.0/Pod/POM/Node/Head3.pm
Installing /nix/store/599xh61yc8kxs5zv38n1cpigk90666pv-perl5.32.0-Pod-POM-2.01/lib/perl5/site_perl/5.32.0/Pod/POM/Node/Verbatim.pm
Installing /nix/store/599xh61yc8kxs5zv38n1cpigk90666pv-perl5.32.0-Pod-POM-2.01/lib/perl5/site_perl/5.32.0/Pod/POM/Node/Head2.pm
Installing /nix/store/599xh61yc8kxs5zv38n1cpigk90666pv-perl5.32.0-Pod-POM-2.01/lib/perl5/site_perl/5.32.0/Pod/POM/Node/Item.pm
Installing /nix/store/599xh61yc8kxs5zv38n1cpigk90666pv-perl5.32.0-Pod-POM-2.01/lib/perl5/site_perl/5.32.0/Pod/POM/Node/Pod.pm
Installing /nix/store/599xh61yc8kxs5zv38n1cpigk90666pv-perl5.32.0-Pod-POM-2.01/lib/perl5/site_perl/5.32.0/Pod/POM/Node/Text.pm
Installing /nix/store/599xh61yc8kxs5zv38n1cpigk90666pv-perl5.32.0-Pod-POM-2.01/lib/perl5/site_perl/5.32.0/Pod/POM/Node/Code.pm
Installing /nix/store/599xh61yc8kxs5zv38n1cpigk90666pv-perl5.32.0-Pod-POM-2.01/lib/perl5/site_perl/5.32.0/Pod/POM/Node/Sequence.pm
Installing /nix/store/599xh61yc8kxs5zv38n1cpigk90666pv-perl5.32.0-Pod-POM-2.01/lib/perl5/site_perl/5.32.0/Pod/POM/Node/Begin.pm
Installing /nix/store/599xh61yc8kxs5zv38n1cpigk90666pv-perl5.32.0-Pod-POM-2.01/lib/perl5/site_perl/5.32.0/Pod/POM/View/Pod.pm
Installing /nix/store/599xh61yc8kxs5zv38n1cpigk90666pv-perl5.32.0-Pod-POM-2.01/lib/perl5/site_perl/5.32.0/Pod/POM/View/HTML.pm
Installing /nix/store/599xh61yc8kxs5zv38n1cpigk90666pv-perl5.32.0-Pod-POM-2.01/lib/perl5/site_perl/5.32.0/Pod/POM/View/Text.pm
Installing /nix/store/599xh61yc8kxs5zv38n1cpigk90666pv-perl5.32.0-Pod-POM-2.01/share/man/man1/pomdump.1
Installing /nix/store/599xh61yc8kxs5zv38n1cpigk90666pv-perl5.32.0-Pod-POM-2.01/share/man/man1/pom2.1
Installing /nix/store/599xh61yc8kxs5zv38n1cpigk90666pv-perl5.32.0-Pod-POM-2.01/share/man/man1/podlint.1
Installing /nix/store/599xh61yc8kxs5zv38n1cpigk90666pv-perl5.32.0-Pod-POM-2.01/share/man/man3/Pod::POM::Node::Head3.3
Installing /nix/store/599xh61yc8kxs5zv38n1cpigk90666pv-perl5.32.0-Pod-POM-2.01/share/man/man3/Pod::POM.3
Installing /nix/store/599xh61yc8kxs5zv38n1cpigk90666pv-perl5.32.0-Pod-POM-2.01/share/man/man3/Pod::POM::Node::Item.3
Installing /nix/store/599xh61yc8kxs5zv38n1cpigk90666pv-perl5.32.0-Pod-POM-2.01/share/man/man3/Pod::POM::Node::Over.3
Installing /nix/store/599xh61yc8kxs5zv38n1cpigk90666pv-perl5.32.0-Pod-POM-2.01/share/man/man3/Pod::POM::Node::Head2.3
Installing /nix/store/599xh61yc8kxs5zv38n1cpigk90666pv-perl5.32.0-Pod-POM-2.01/share/man/man3/Pod::POM::Constants.3
Installing /nix/store/599xh61yc8kxs5zv38n1cpigk90666pv-perl5.32.0-Pod-POM-2.01/share/man/man3/Pod::POM::Node.3
Installing /nix/store/599xh61yc8kxs5zv38n1cpigk90666pv-perl5.32.0-Pod-POM-2.01/share/man/man3/Pod::POM::Node::Head1.3
Installing /nix/store/599xh61yc8kxs5zv38n1cpigk90666pv-perl5.32.0-Pod-POM-2.01/share/man/man3/Pod::POM::Node::Sequence.3
Installing /nix/store/599xh61yc8kxs5zv38n1cpigk90666pv-perl5.32.0-Pod-POM-2.01/share/man/man3/Pod::POM::Node::Verbatim.3
Installing /nix/store/599xh61yc8kxs5zv38n1cpigk90666pv-perl5.32.0-Pod-POM-2.01/share/man/man3/Pod::POM::View::HTML.3
Installing /nix/store/599xh61yc8kxs5zv38n1cpigk90666pv-perl5.32.0-Pod-POM-2.01/share/man/man3/Pod::POM::Nodes.3
Installing /nix/store/599xh61yc8kxs5zv38n1cpigk90666pv-perl5.32.0-Pod-POM-2.01/share/man/man3/Pod::POM::View::Pod.3
Installing /nix/store/599xh61yc8kxs5zv38n1cpigk90666pv-perl5.32.0-Pod-POM-2.01/share/man/man3/Pod::POM::Node::Content.3
Installing /nix/store/599xh61yc8kxs5zv38n1cpigk90666pv-perl5.32.0-Pod-POM-2.01/share/man/man3/Pod::POM::Node::Begin.3
Installing /nix/store/599xh61yc8kxs5zv38n1cpigk90666pv-perl5.32.0-Pod-POM-2.01/share/man/man3/Pod::POM::Node::For.3
Installing /nix/store/599xh61yc8kxs5zv38n1cpigk90666pv-perl5.32.0-Pod-POM-2.01/share/man/man3/Pod::POM::View::Text.3
Installing /nix/store/599xh61yc8kxs5zv38n1cpigk90666pv-perl5.32.0-Pod-POM-2.01/share/man/man3/Pod::POM::Node::Head4.3
Installing /nix/store/599xh61yc8kxs5zv38n1cpigk90666pv-perl5.32.0-Pod-POM-2.01/share/man/man3/Pod::POM::View.3
Installing /nix/store/599xh61yc8kxs5zv38n1cpigk90666pv-perl5.32.0-Pod-POM-2.01/share/man/man3/Pod::POM::Node::Text.3
Installing /nix/store/599xh61yc8kxs5zv38n1cpigk90666pv-perl5.32.0-Pod-POM-2.01/share/man/man3/Pod::POM::Node::Code.3
Installing /nix/store/599xh61yc8kxs5zv38n1cpigk90666pv-perl5.32.0-Pod-POM-2.01/share/man/man3/Pod::POM::Node::Pod.3
Installing /nix/store/599xh61yc8kxs5zv38n1cpigk90666pv-perl5.32.0-Pod-POM-2.01/bin/podlint
Installing /nix/store/599xh61yc8kxs5zv38n1cpigk90666pv-perl5.32.0-Pod-POM-2.01/bin/pomdump
Installing /nix/store/599xh61yc8kxs5zv38n1cpigk90666pv-perl5.32.0-Pod-POM-2.01/bin/pom2
Appending installation info to /nix/store/599xh61yc8kxs5zv38n1cpigk90666pv-perl5.32.0-Pod-POM-2.01/lib/perl5/5.32.0/x86_64-linux-thread-multi/perllocal.pod
t/7-check-dynaloader.t .......................... # dynamic modules used for test: File::Glob Data::Dumper List::Util Time::HiRes Compress::Raw::Zlib
# check_bundle_path:static for File::Glob ...
post-installation fixup
Moving /nix/store/599xh61yc8kxs5zv38n1cpigk90666pv-perl5.32.0-Pod-POM-2.01/share/man/man3 to /nix/store/mk71xmlpp7sgfp5hrkrk3la6plidlk28-perl5.32.0-Pod-POM-2.01-devdoc/share/man/man3
rmdir: failed to remove '/nix/store/599xh61yc8kxs5zv38n1cpigk90666pv-perl5.32.0-Pod-POM-2.01/share/man': Directory not empty
shrinking RPATHs of ELF executables and libraries in /nix/store/599xh61yc8kxs5zv38n1cpigk90666pv-perl5.32.0-Pod-POM-2.01
gzipping man pages under /nix/store/599xh61yc8kxs5zv38n1cpigk90666pv-perl5.32.0-Pod-POM-2.01/share/man/
t/7-check-dynaloader.t .......................... 1/40 /build/UEozvME9sQ syntax OK
# check_bundle_path:compile for File::Glob ...
strip is /nix/store/psyzbhp4p088sb9qcs378hfbslcalasl-binutils-2.31.1/bin/strip
stripping (with command strip and flags -S) in /nix/store/599xh61yc8kxs5zv38n1cpigk90666pv-perl5.32.0-Pod-POM-2.01/lib  /nix/store/599xh61yc8kxs5zv38n1cpigk90666pv-perl5.32.0-Pod-POM-2.01/bin
patching script interpreter paths in /nix/store/599xh61yc8kxs5zv38n1cpigk90666pv-perl5.32.0-Pod-POM-2.01
# check_bundle_path:execute for File::Glob ...
checking for references to /build/ in /nix/store/599xh61yc8kxs5zv38n1cpigk90666pv-perl5.32.0-Pod-POM-2.01...
# check_bundle_path:execute_with_args for File::Glob ...
# check_bundle_path:static for Data::Dumper ...
shrinking RPATHs of ELF executables and libraries in /nix/store/mk71xmlpp7sgfp5hrkrk3la6plidlk28-perl5.32.0-Pod-POM-2.01-devdoc
/build/X2n2Kj7uRF syntax OK
gzipping man pages under /nix/store/mk71xmlpp7sgfp5hrkrk3la6plidlk28-perl5.32.0-Pod-POM-2.01-devdoc/share/man/
# check_bundle_path:compile for Data::Dumper ...
# check_bundle_path:execute for Data::Dumper ...
# check_bundle_path:execute_with_args for Data::Dumper ...
# check_bundle_path:static for List::Util ...
strip is /nix/store/psyzbhp4p088sb9qcs378hfbslcalasl-binutils-2.31.1/bin/strip
patching script interpreter paths in /nix/store/mk71xmlpp7sgfp5hrkrk3la6plidlk28-perl5.32.0-Pod-POM-2.01-devdoc
checking for references to /build/ in /nix/store/mk71xmlpp7sgfp5hrkrk3la6plidlk28-perl5.32.0-Pod-POM-2.01-devdoc...
building '/nix/store/9lnq223ihd98y8rg3hd8hzk6mn2ybald-perl5.32.0-Pod-POM-View-TOC-0.02.drv'...
/build/21AWAf4x5s syntax OK
# check_bundle_path:compile for List::Util ...
# check_bundle_path:execute for List::Util ...
# check_bundle_path:execute_with_args for List::Util ...
# check_bundle_path:static for Time::HiRes ...
/build/TLx_miEigW syntax OK
# check_bundle_path:compile for Time::HiRes ...
unpacking sources
unpacking source archive /nix/store/67skfga46cml5wp3v6lzrjfjx71c30l6-Pod-POM-View-TOC-0.02.tar.gz
source root is Pod-POM-View-TOC-0.02
setting SOURCE_DATE_EPOCH to timestamp 1217239472 of file Pod-POM-View-TOC-0.02/MANIFEST
patching sources
configuring
# check_bundle_path:execute for Time::HiRes ...
patching ./t/00-load.t...
patching ./t/01-toc.t...
# check_bundle_path:execute_with_args for Time::HiRes ...
# check_bundle_path:static for Compress::Raw::Zlib ...
/build/MKP04AjyHd syntax OK
# check_bundle_path:compile for Compress::Raw::Zlib ...
# check_bundle_path:execute for Compress::Raw::Zlib ...
# check_bundle_path:execute_with_args for Compress::Raw::Zlib ...
t/7-check-dynaloader.t .......................... ok
Checking if your kit is complete...
Looks good
t/09_fork.t ........... ok
Generating a Unix-style Makefile
Writing Makefile for Pod::POM::View::TOC
Writing MYMETA.yml and MYMETA.json
no configure script, doing nothing
building
build flags: SHELL=/nix/store/9fqwwd4iybmhjqyxiaxycknslw6bgwh1-bash-4.4-p23/bin/bash
t/8-check_duplicated_entries.t .................. ok
t/10_noglob.t ......... ok
All tests successful.
Files=11, Tests=222,  5 wallclock secs ( 0.07 usr  0.02 sys +  1.08 cusr  0.27 csys =  1.44 CPU)
Result: PASS
installing
t/01use.t ................ ok
Building File-Remove
t/9-check_path_to_inc_name.t .................... ok
Installing /nix/store/bdicakrps7lfdcmzkrm3wpszc8rhav6c-perl5.32.0-File-Remove-1.58/lib/perl5/site_perl/5.32.0/File/Remove.pm
Installing /nix/store/bdicakrps7lfdcmzkrm3wpszc8rhav6c-perl5.32.0-File-Remove-1.58/share/man/man3/File::Remove.3
post-installation fixup
Moving /nix/store/bdicakrps7lfdcmzkrm3wpszc8rhav6c-perl5.32.0-File-Remove-1.58/share/man/man3 to /nix/store/m1y974j529bfslfl4pvs2xa9abvmc3rj-perl5.32.0-File-Remove-1.58-devdoc/share/man/man3
Removing empty /nix/store/bdicakrps7lfdcmzkrm3wpszc8rhav6c-perl5.32.0-File-Remove-1.58/share/man/ and (possibly) its parents
shrinking RPATHs of ELF executables and libraries in /nix/store/bdicakrps7lfdcmzkrm3wpszc8rhav6c-perl5.32.0-File-Remove-1.58
cp lib/Pod/POM/View/TOC.pm blib/lib/Pod/POM/View/TOC.pm
strip is /nix/store/psyzbhp4p088sb9qcs378hfbslcalasl-binutils-2.31.1/bin/strip
stripping (with command strip and flags -S) in /nix/store/bdicakrps7lfdcmzkrm3wpszc8rhav6c-perl5.32.0-File-Remove-1.58/lib
patching script interpreter paths in /nix/store/bdicakrps7lfdcmzkrm3wpszc8rhav6c-perl5.32.0-File-Remove-1.58
checking for references to /build/ in /nix/store/bdicakrps7lfdcmzkrm3wpszc8rhav6c-perl5.32.0-File-Remove-1.58...
shrinking RPATHs of ELF executables and libraries in /nix/store/m1y974j529bfslfl4pvs2xa9abvmc3rj-perl5.32.0-File-Remove-1.58-devdoc
gzipping man pages under /nix/store/m1y974j529bfslfl4pvs2xa9abvmc3rj-perl5.32.0-File-Remove-1.58-devdoc/share/man/
strip is /nix/store/psyzbhp4p088sb9qcs378hfbslcalasl-binutils-2.31.1/bin/strip
patching script interpreter paths in /nix/store/m1y974j529bfslfl4pvs2xa9abvmc3rj-perl5.32.0-File-Remove-1.58-devdoc
checking for references to /build/ in /nix/store/m1y974j529bfslfl4pvs2xa9abvmc3rj-perl5.32.0-File-Remove-1.58-devdoc...
Manifying 1 pod document
running tests
check flags: SHELL=/nix/store/9fqwwd4iybmhjqyxiaxycknslw6bgwh1-bash-4.4-p23/bin/bash VERBOSE=y test
t/rt90869.t ..................................... ok
All tests successful.
Files=18, Tests=3368,  5 wallclock secs ( 0.35 usr  0.04 sys +  3.81 cusr  0.57 csys =  4.77 CPU)
Result: PASS
installing
PERL_DL_NONLAZY=1 "/nix/store/7c044di03qa7qgr5kjjc2d787aspzp0m-perl-5.32.0/bin/perl" "-MExtUtils::Command::MM" "-MTest::Harness" "-e" "undef *Test::Harness::Switches; test_harness(0, 'blib/lib', 'blib/arch')" t/*.t
install flags: SHELL=/nix/store/9fqwwd4iybmhjqyxiaxycknslw6bgwh1-bash-4.4-p23/bin/bash pkgconfigdir=/nix/store/0lljz1bi7fczygsd00j2y5i80r6r0d1q-perl5.32.0-Module-ScanDeps-1.27/lib/pkgconfig m4datadir=/nix/store/0lljz1bi7fczygsd00j2y5i80r6r0d1q-perl5.32.0-Module-ScanDeps-1.27/share/aclocal aclocaldir=/nix/store/0lljz1bi7fczygsd00j2y5i80r6r0d1q-perl5.32.0-Module-ScanDeps-1.27/share/aclocal install
Manifying 1 pod document
Manifying 1 pod document
t/00-load.t .. 1/1 # Testing Pod::POM::View::TOC 1.03, Perl 5.032000, /nix/store/7c044di03qa7qgr5kjjc2d787aspzp0m-perl-5.32.0/bin/perl
t/00-load.t .. ok
Installing /nix/store/0lljz1bi7fczygsd00j2y5i80r6r0d1q-perl5.32.0-Module-ScanDeps-1.27/lib/perl5/site_perl/5.32.0/Module/ScanDeps.pm
Installing /nix/store/0lljz1bi7fczygsd00j2y5i80r6r0d1q-perl5.32.0-Module-ScanDeps-1.27/lib/perl5/site_perl/5.32.0/Module/ScanDeps/Cache.pm
Installing /nix/store/0lljz1bi7fczygsd00j2y5i80r6r0d1q-perl5.32.0-Module-ScanDeps-1.27/share/man/man1/scandeps.pl.1
Installing /nix/store/0lljz1bi7fczygsd00j2y5i80r6r0d1q-perl5.32.0-Module-ScanDeps-1.27/share/man/man3/Module::ScanDeps.3
Installing /nix/store/0lljz1bi7fczygsd00j2y5i80r6r0d1q-perl5.32.0-Module-ScanDeps-1.27/bin/scandeps.pl
Appending installation info to /nix/store/0lljz1bi7fczygsd00j2y5i80r6r0d1q-perl5.32.0-Module-ScanDeps-1.27/lib/perl5/5.32.0/x86_64-linux-thread-multi/perllocal.pod
post-installation fixup
Moving /nix/store/0lljz1bi7fczygsd00j2y5i80r6r0d1q-perl5.32.0-Module-ScanDeps-1.27/share/man/man3 to /nix/store/yi8cqfbkzvzry5pyvwhs2g7hhsdyrg1f-perl5.32.0-Module-ScanDeps-1.27-devdoc/share/man/man3
rmdir: failed to remove '/nix/store/0lljz1bi7fczygsd00j2y5i80r6r0d1q-perl5.32.0-Module-ScanDeps-1.27/share/man': Directory not empty
shrinking RPATHs of ELF executables and libraries in /nix/store/0lljz1bi7fczygsd00j2y5i80r6r0d1q-perl5.32.0-Module-ScanDeps-1.27
gzipping man pages under /nix/store/0lljz1bi7fczygsd00j2y5i80r6r0d1q-perl5.32.0-Module-ScanDeps-1.27/share/man/
strip is /nix/store/psyzbhp4p088sb9qcs378hfbslcalasl-binutils-2.31.1/bin/strip
stripping (with command strip and flags -S) in /nix/store/0lljz1bi7fczygsd00j2y5i80r6r0d1q-perl5.32.0-Module-ScanDeps-1.27/lib  /nix/store/0lljz1bi7fczygsd00j2y5i80r6r0d1q-perl5.32.0-Module-ScanDeps-1.27/bin
patching script interpreter paths in /nix/store/0lljz1bi7fczygsd00j2y5i80r6r0d1q-perl5.32.0-Module-ScanDeps-1.27
t/01-toc.t ... ok
All tests successful.
Files=2, Tests=2,  0 wallclock secs ( 0.03 usr  0.01 sys +  0.16 cusr  0.03 csys =  0.23 CPU)
Result: PASS
checking for references to /build/ in /nix/store/0lljz1bi7fczygsd00j2y5i80r6r0d1q-perl5.32.0-Module-ScanDeps-1.27...
installing
install flags: SHELL=/nix/store/9fqwwd4iybmhjqyxiaxycknslw6bgwh1-bash-4.4-p23/bin/bash pkgconfigdir=/nix/store/873s47rfrxxbny03by05ngqh3lq3ph2k-perl5.32.0-Pod-POM-View-TOC-0.02/lib/pkgconfig m4datadir=/nix/store/873s47rfrxxbny03by05ngqh3lq3ph2k-perl5.32.0-Pod-POM-View-TOC-0.02/share/aclocal aclocaldir=/nix/store/873s47rfrxxbny03by05ngqh3lq3ph2k-perl5.32.0-Pod-POM-View-TOC-0.02/share/aclocal install
shrinking RPATHs of ELF executables and libraries in /nix/store/yi8cqfbkzvzry5pyvwhs2g7hhsdyrg1f-perl5.32.0-Module-ScanDeps-1.27-devdoc
gzipping man pages under /nix/store/yi8cqfbkzvzry5pyvwhs2g7hhsdyrg1f-perl5.32.0-Module-ScanDeps-1.27-devdoc/share/man/
strip is /nix/store/psyzbhp4p088sb9qcs378hfbslcalasl-binutils-2.31.1/bin/strip
patching script interpreter paths in /nix/store/yi8cqfbkzvzry5pyvwhs2g7hhsdyrg1f-perl5.32.0-Module-ScanDeps-1.27-devdoc
checking for references to /build/ in /nix/store/yi8cqfbkzvzry5pyvwhs2g7hhsdyrg1f-perl5.32.0-Module-ScanDeps-1.27-devdoc...
building '/nix/store/x7qj6822m5zjql99lr7dmjk99sf23n9y-perl5.32.0-Module-Install-1.19.drv'...
Manifying 1 pod document
Installing /nix/store/873s47rfrxxbny03by05ngqh3lq3ph2k-perl5.32.0-Pod-POM-View-TOC-0.02/lib/perl5/site_perl/5.32.0/Pod/POM/View/TOC.pm
Installing /nix/store/873s47rfrxxbny03by05ngqh3lq3ph2k-perl5.32.0-Pod-POM-View-TOC-0.02/share/man/man3/Pod::POM::View::TOC.3
Appending installation info to /nix/store/873s47rfrxxbny03by05ngqh3lq3ph2k-perl5.32.0-Pod-POM-View-TOC-0.02/lib/perl5/5.32.0/x86_64-linux-thread-multi/perllocal.pod
unpacking sources
unpacking source archive /nix/store/23ndlx8bvj2cksv4s2iamzv1m9v3n2gk-Module-Install-1.19.tar.gz
source root is Module-Install-1.19
setting SOURCE_DATE_EPOCH to timestamp 1513726205 of file Module-Install-1.19/META.yml
patching sources
configuring
post-installation fixup
Moving /nix/store/873s47rfrxxbny03by05ngqh3lq3ph2k-perl5.32.0-Pod-POM-View-TOC-0.02/share/man/man3 to /nix/store/8z6w44q18icy9q3y9hxv0x9w9ypq8cm3-perl5.32.0-Pod-POM-View-TOC-0.02-devdoc/share/man/man3
patching ./xt/licenses.t...
Removing empty /nix/store/873s47rfrxxbny03by05ngqh3lq3ph2k-perl5.32.0-Pod-POM-View-TOC-0.02/share/man/ and (possibly) its parents
patching ./MANIFEST.SKIP...
shrinking RPATHs of ELF executables and libraries in /nix/store/873s47rfrxxbny03by05ngqh3lq3ph2k-perl5.32.0-Pod-POM-View-TOC-0.02
strip is /nix/store/psyzbhp4p088sb9qcs378hfbslcalasl-binutils-2.31.1/bin/strip
stripping (with command strip and flags -S) in /nix/store/873s47rfrxxbny03by05ngqh3lq3ph2k-perl5.32.0-Pod-POM-View-TOC-0.02/lib
patching script interpreter paths in /nix/store/873s47rfrxxbny03by05ngqh3lq3ph2k-perl5.32.0-Pod-POM-View-TOC-0.02
checking for references to /build/ in /nix/store/873s47rfrxxbny03by05ngqh3lq3ph2k-perl5.32.0-Pod-POM-View-TOC-0.02...
shrinking RPATHs of ELF executables and libraries in /nix/store/8z6w44q18icy9q3y9hxv0x9w9ypq8cm3-perl5.32.0-Pod-POM-View-TOC-0.02-devdoc
gzipping man pages under /nix/store/8z6w44q18icy9q3y9hxv0x9w9ypq8cm3-perl5.32.0-Pod-POM-View-TOC-0.02-devdoc/share/man/
strip is /nix/store/psyzbhp4p088sb9qcs378hfbslcalasl-binutils-2.31.1/bin/strip
patching script interpreter paths in /nix/store/8z6w44q18icy9q3y9hxv0x9w9ypq8cm3-perl5.32.0-Pod-POM-View-TOC-0.02-devdoc
checking for references to /build/ in /nix/store/8z6w44q18icy9q3y9hxv0x9w9ypq8cm3-perl5.32.0-Pod-POM-View-TOC-0.02-devdoc...
include /build/Module-Install-1.19/inc/Module/Install.pm
include inc/Module/Install/Metadata.pm
include inc/Module/Install/Base.pm
include inc/Module/Install/Makefile.pm
include inc/Module/Install/With.pm
include inc/Module/Install/WriteAll.pm
include inc/Module/Install/Win32.pm
include inc/Module/Install/Can.pm
include inc/Module/Install/Fetch.pm
Checking if your kit is complete...
Looks good
Generating a Unix-style Makefile
Writing Makefile for Module::Install
Writing MYMETA.yml and MYMETA.json
Writing META.yml
no configure script, doing nothing
building
build flags: SHELL=/nix/store/9fqwwd4iybmhjqyxiaxycknslw6bgwh1-bash-4.4-p23/bin/bash
t/04static.t ............. ok
cp lib/Module/Install/With.pm blib/lib/Module/Install/With.pm
cp lib/Module/Install/Admin/Bundle.pm blib/lib/Module/Install/Admin/Bundle.pm
cp lib/Module/AutoInstall.pm blib/lib/Module/AutoInstall.pm
cp lib/Module/Install/Admin/Compiler.pm blib/lib/Module/Install/Admin/Compiler.pm
cp lib/Module/Install/Inline.pm blib/lib/Module/Install/Inline.pm
cp lib/Module/Install/Scripts.pm blib/lib/Module/Install/Scripts.pm
cp lib/Module/Install/Admin/Manifest.pm blib/lib/Module/Install/Admin/Manifest.pm
cp lib/Module/Install/Win32.pm blib/lib/Module/Install/Win32.pm
cp lib/Module/Install/Admin.pm blib/lib/Module/Install/Admin.pm
cp lib/Module/Install/FAQ.pod blib/lib/Module/Install/FAQ.pod
cp lib/Module/Install/Base.pm blib/lib/Module/Install/Base.pm
cp lib/Module/Install/Admin/ScanDeps.pm blib/lib/Module/Install/Admin/ScanDeps.pm
cp lib/Module/Install/Fetch.pm blib/lib/Module/Install/Fetch.pm
cp lib/Module/Install/Admin/Makefile.pm blib/lib/Module/Install/Admin/Makefile.pm
cp lib/Module/Install/External.pm blib/lib/Module/Install/External.pm
cp lib/Module/Install/API.pod blib/lib/Module/Install/API.pod
cp lib/Module/Install/Include.pm blib/lib/Module/Install/Include.pm
cp lib/Module/Install/Philosophy.pod blib/lib/Module/Install/Philosophy.pod
cp lib/Module/Install/Metadata.pm blib/lib/Module/Install/Metadata.pm
cp lib/Module/Install/DSL.pm blib/lib/Module/Install/DSL.pm
cp lib/Module/Install/PAR.pm blib/lib/Module/Install/PAR.pm
cp lib/Module/Install/Run.pm blib/lib/Module/Install/Run.pm
cp lib/Module/Install.pod blib/lib/Module/Install.pod
cp lib/Module/Install/AutoInstall.pm blib/lib/Module/Install/AutoInstall.pm
cp lib/Module/Install/Share.pm blib/lib/Module/Install/Share.pm
cp lib/Module/Install/WriteAll.pm blib/lib/Module/Install/WriteAll.pm
cp lib/Module/Install/Admin/Find.pm blib/lib/Module/Install/Admin/Find.pm
cp lib/Module/Install/Admin/Metadata.pm blib/lib/Module/Install/Admin/Metadata.pm
cp lib/Module/Install/MakeMaker.pm blib/lib/Module/Install/MakeMaker.pm
cp lib/Module/Install/Deprecated.pm blib/lib/Module/Install/Deprecated.pm
cp lib/Module/Install/Can.pm blib/lib/Module/Install/Can.pm
cp lib/Module/Install/Compiler.pm blib/lib/Module/Install/Compiler.pm
cp lib/Module/Install/Makefile.pm blib/lib/Module/Install/Makefile.pm
cp lib/Module/Install/Admin/WriteAll.pm blib/lib/Module/Install/Admin/WriteAll.pm
cp lib/Module/Install.pm blib/lib/Module/Install.pm
cp lib/Module/Install/Admin/Include.pm blib/lib/Module/Install/Admin/Include.pm
cp lib/Module/Install/Bundle.pm blib/lib/Module/Install/Bundle.pm
cp lib/inc/Module/Install.pm blib/lib/inc/Module/Install.pm
cp lib/inc/Module/Install/DSL.pm blib/lib/inc/Module/Install/DSL.pm
Manifying 20 pod documents
running tests
check flags: SHELL=/nix/store/9fqwwd4iybmhjqyxiaxycknslw6bgwh1-bash-4.4-p23/bin/bash VERBOSE=y test
PERL_DL_NONLAZY=1 "/nix/store/7c044di03qa7qgr5kjjc2d787aspzp0m-perl-5.32.0/bin/perl" "-MExtUtils::Command::MM" "-MTest::Harness" "-e" "undef *Test::Harness::Switches; test_harness(0, 'inc', 'blib/lib', 'blib/arch')" t/*.t t/recursive/*.t
t/01_compile.t .......................... ok
t/02_mymeta.t ........................... skipped: New EU::MM has own MYMETA support
t/03_autoinstall.t ...................... skipped: Skipping dangerous test
t/05dirs.t ............... ok
t/04_version.t .......................... ok
t/06include_path.t ....... ok
t/05_share.t ............................ ok
t/07mime_types.t ......... ok
t/06_ppport.t ........................... ok
t/07_perl_version.t ..................... ok
t/08subreq.t ............. ok
t/08_dsl.t .............................. ok
t/09_read.t ............................. ok
t/10_test.t ............................. ok
t/09ignore_ext.t ......... ok
t/11_extraction.t ....................... ok
t/12_eumm_params.t ...................... ok
t/10ignore_dirs.t ........ ok
t/13_author_tests.t ..................... ok
t/13_author_tests_ext.t ................. skipped: requires Module::Install::AuthorTests
t/13_author_tests_ext2.t ................ skipped: requires Module::Install::ExtraTests 0.007
t/14_auto_include_deps_with_version.t ... skipped: your perl is new enough to have File::Spec 3.30 in core
t/15_wrong_usage.t ...................... ok
t/16_require.t .......................... ok
t/11serve_static.t ....... ok
t/17_sign.t ............................. ok
t/12check_error_scope.t .. ok
t/18_all_from.t ......................... ok
t/13no_include_path.t .... ok
t/19_authors.t .......................... ok
t/14deprecated.t ......... ok
t/20_authors_with_special_characters.t .. ok
t/20debug.t .............. ok
All tests successful.
Files=13, Tests=69, 15 wallclock secs ( 0.18 usr  0.10 sys + 10.08 cusr  4.49 csys = 14.85 CPU)
Result: PASS
installing
install flags: SHELL=/nix/store/9fqwwd4iybmhjqyxiaxycknslw6bgwh1-bash-4.4-p23/bin/bash pkgconfigdir=/nix/store/w68z1ksll9bcd3m8b1d14b3wgfqs7k0f-perl5.32.0-Catalyst-Plugin-Static-Simple-0.36/lib/pkgconfig m4datadir=/nix/store/w68z1ksll9bcd3m8b1d14b3wgfqs7k0f-perl5.32.0-Catalyst-Plugin-Static-Simple-0.36/share/aclocal aclocaldir=/nix/store/w68z1ksll9bcd3m8b1d14b3wgfqs7k0f-perl5.32.0-Catalyst-Plugin-Static-Simple-0.36/share/aclocal install
Manifying 1 pod document
Installing /nix/store/w68z1ksll9bcd3m8b1d14b3wgfqs7k0f-perl5.32.0-Catalyst-Plugin-Static-Simple-0.36/lib/perl5/site_perl/5.32.0/Catalyst/Plugin/Static/Simple.pm.orig
Installing /nix/store/w68z1ksll9bcd3m8b1d14b3wgfqs7k0f-perl5.32.0-Catalyst-Plugin-Static-Simple-0.36/lib/perl5/site_perl/5.32.0/Catalyst/Plugin/Static/Simple.pm
Installing /nix/store/w68z1ksll9bcd3m8b1d14b3wgfqs7k0f-perl5.32.0-Catalyst-Plugin-Static-Simple-0.36/share/man/man3/Catalyst::Plugin::Static::Simple.3
Appending installation info to /nix/store/w68z1ksll9bcd3m8b1d14b3wgfqs7k0f-perl5.32.0-Catalyst-Plugin-Static-Simple-0.36/lib/perl5/5.32.0/x86_64-linux-thread-multi/perllocal.pod
post-installation fixup
Moving /nix/store/w68z1ksll9bcd3m8b1d14b3wgfqs7k0f-perl5.32.0-Catalyst-Plugin-Static-Simple-0.36/share/man/man3 to /nix/store/sb5mqrw9ja541aq0aa7k7i349ma8lzfa-perl5.32.0-Catalyst-Plugin-Static-Simple-0.36-devdoc/share/man/man3
Removing empty /nix/store/w68z1ksll9bcd3m8b1d14b3wgfqs7k0f-perl5.32.0-Catalyst-Plugin-Static-Simple-0.36/share/man/ and (possibly) its parents
shrinking RPATHs of ELF executables and libraries in /nix/store/w68z1ksll9bcd3m8b1d14b3wgfqs7k0f-perl5.32.0-Catalyst-Plugin-Static-Simple-0.36
strip is /nix/store/psyzbhp4p088sb9qcs378hfbslcalasl-binutils-2.31.1/bin/strip
stripping (with command strip and flags -S) in /nix/store/w68z1ksll9bcd3m8b1d14b3wgfqs7k0f-perl5.32.0-Catalyst-Plugin-Static-Simple-0.36/lib
patching script interpreter paths in /nix/store/w68z1ksll9bcd3m8b1d14b3wgfqs7k0f-perl5.32.0-Catalyst-Plugin-Static-Simple-0.36
checking for references to /build/ in /nix/store/w68z1ksll9bcd3m8b1d14b3wgfqs7k0f-perl5.32.0-Catalyst-Plugin-Static-Simple-0.36...
shrinking RPATHs of ELF executables and libraries in /nix/store/sb5mqrw9ja541aq0aa7k7i349ma8lzfa-perl5.32.0-Catalyst-Plugin-Static-Simple-0.36-devdoc
gzipping man pages under /nix/store/sb5mqrw9ja541aq0aa7k7i349ma8lzfa-perl5.32.0-Catalyst-Plugin-Static-Simple-0.36-devdoc/share/man/
strip is /nix/store/psyzbhp4p088sb9qcs378hfbslcalasl-binutils-2.31.1/bin/strip
patching script interpreter paths in /nix/store/sb5mqrw9ja541aq0aa7k7i349ma8lzfa-perl5.32.0-Catalyst-Plugin-Static-Simple-0.36-devdoc
checking for references to /build/ in /nix/store/sb5mqrw9ja541aq0aa7k7i349ma8lzfa-perl5.32.0-Catalyst-Plugin-Static-Simple-0.36-devdoc...
t/21_makemaker_args.t ................... ok
t/22_installdirs.t ...................... 8/24 old INSTALLDIRS (probably set by makemaker_args) is overriden by installdirs
t/22_installdirs.t ...................... ok
t/23_pl_files.t ......................... ok
t/24_multiple_license_blocks.t .......... ok
t/25_perl_version_from.t ................ ok
t/26_unknown_func.t ..................... ok
t/27_build_requires_and_include.t ....... 1/14 Warning: prerequisite Test::More 9999 not found. We have 1.302175.
t/27_build_requires_and_include.t ....... ok
t/28_makemaker_args.t ................... ok
t/29_requires_from.t .................... ok
t/30_build_subdirs.t .................... ok
t/31_add_metadata.t ..................... ok
t/32_module_name.t ...................... ok
t/33_copy.t ............................. ok
t/34_readwrite.t ........................ ok
t/recursive/test.t ...................... ok
All tests successful.
Files=37, Tests=557, 20 wallclock secs ( 0.18 usr  0.04 sys + 16.71 cusr  3.17 csys = 20.10 CPU)
Result: PASS
installing
install flags: SHELL=/nix/store/9fqwwd4iybmhjqyxiaxycknslw6bgwh1-bash-4.4-p23/bin/bash pkgconfigdir=/nix/store/i0bydp5imby3xfbxi3fgca011sahg5s9-perl5.32.0-Module-Install-1.19/lib/pkgconfig m4datadir=/nix/store/i0bydp5imby3xfbxi3fgca011sahg5s9-perl5.32.0-Module-Install-1.19/share/aclocal aclocaldir=/nix/store/i0bydp5imby3xfbxi3fgca011sahg5s9-perl5.32.0-Module-Install-1.19/share/aclocal install
Manifying 20 pod documents
Installing /nix/store/i0bydp5imby3xfbxi3fgca011sahg5s9-perl5.32.0-Module-Install-1.19/lib/perl5/site_perl/5.32.0/inc/Module/Install.pm
Installing /nix/store/i0bydp5imby3xfbxi3fgca011sahg5s9-perl5.32.0-Module-Install-1.19/lib/perl5/site_perl/5.32.0/inc/Module/Install/DSL.pm
Installing /nix/store/i0bydp5imby3xfbxi3fgca011sahg5s9-perl5.32.0-Module-Install-1.19/lib/perl5/site_perl/5.32.0/Module/Install.pm
Installing /nix/store/i0bydp5imby3xfbxi3fgca011sahg5s9-perl5.32.0-Module-Install-1.19/lib/perl5/site_perl/5.32.0/Module/AutoInstall.pm
Installing /nix/store/i0bydp5imby3xfbxi3fgca011sahg5s9-perl5.32.0-Module-Install-1.19/lib/perl5/site_perl/5.32.0/Module/Install.pod
Installing /nix/store/i0bydp5imby3xfbxi3fgca011sahg5s9-perl5.32.0-Module-Install-1.19/lib/perl5/site_perl/5.32.0/Module/Install/Include.pm
Installing /nix/store/i0bydp5imby3xfbxi3fgca011sahg5s9-perl5.32.0-Module-Install-1.19/lib/perl5/site_perl/5.32.0/Module/Install/Philosophy.pod
Installing /nix/store/i0bydp5imby3xfbxi3fgca011sahg5s9-perl5.32.0-Module-Install-1.19/lib/perl5/site_perl/5.32.0/Module/Install/Deprecated.pm
Installing /nix/store/i0bydp5imby3xfbxi3fgca011sahg5s9-perl5.32.0-Module-Install-1.19/lib/perl5/site_perl/5.32.0/Module/Install/Bundle.pm
Installing /nix/store/i0bydp5imby3xfbxi3fgca011sahg5s9-perl5.32.0-Module-Install-1.19/lib/perl5/site_perl/5.32.0/Module/Install/Makefile.pm
Installing /nix/store/i0bydp5imby3xfbxi3fgca011sahg5s9-perl5.32.0-Module-Install-1.19/lib/perl5/site_perl/5.32.0/Module/Install/WriteAll.pm
Installing /nix/store/i0bydp5imby3xfbxi3fgca011sahg5s9-perl5.32.0-Module-Install-1.19/lib/perl5/site_perl/5.32.0/Module/Install/AutoInstall.pm
Installing /nix/store/i0bydp5imby3xfbxi3fgca011sahg5s9-perl5.32.0-Module-Install-1.19/lib/perl5/site_perl/5.32.0/Module/Install/Metadata.pm
Installing /nix/store/i0bydp5imby3xfbxi3fgca011sahg5s9-perl5.32.0-Module-Install-1.19/lib/perl5/site_perl/5.32.0/Module/Install/Run.pm
Installing /nix/store/i0bydp5imby3xfbxi3fgca011sahg5s9-perl5.32.0-Module-Install-1.19/lib/perl5/site_perl/5.32.0/Module/Install/DSL.pm
Installing /nix/store/i0bydp5imby3xfbxi3fgca011sahg5s9-perl5.32.0-Module-Install-1.19/lib/perl5/site_perl/5.32.0/Module/Install/With.pm
Installing /nix/store/i0bydp5imby3xfbxi3fgca011sahg5s9-perl5.32.0-Module-Install-1.19/lib/perl5/site_perl/5.32.0/Module/Install/Can.pm
Installing /nix/store/i0bydp5imby3xfbxi3fgca011sahg5s9-perl5.32.0-Module-Install-1.19/lib/perl5/site_perl/5.32.0/Module/Install/Admin.pm
Installing /nix/store/i0bydp5imby3xfbxi3fgca011sahg5s9-perl5.32.0-Module-Install-1.19/lib/perl5/site_perl/5.32.0/Module/Install/Inline.pm
Installing /nix/store/i0bydp5imby3xfbxi3fgca011sahg5s9-perl5.32.0-Module-Install-1.19/lib/perl5/site_perl/5.32.0/Module/Install/Fetch.pm
Installing /nix/store/i0bydp5imby3xfbxi3fgca011sahg5s9-perl5.32.0-Module-Install-1.19/lib/perl5/site_perl/5.32.0/Module/Install/Compiler.pm
Installing /nix/store/i0bydp5imby3xfbxi3fgca011sahg5s9-perl5.32.0-Module-Install-1.19/lib/perl5/site_perl/5.32.0/Module/Install/External.pm
Installing /nix/store/i0bydp5imby3xfbxi3fgca011sahg5s9-perl5.32.0-Module-Install-1.19/lib/perl5/site_perl/5.32.0/Module/Install/PAR.pm
Installing /nix/store/i0bydp5imby3xfbxi3fgca011sahg5s9-perl5.32.0-Module-Install-1.19/lib/perl5/site_perl/5.32.0/Module/Install/API.pod
Installing /nix/store/i0bydp5imby3xfbxi3fgca011sahg5s9-perl5.32.0-Module-Install-1.19/lib/perl5/site_perl/5.32.0/Module/Install/MakeMaker.pm
Installing /nix/store/i0bydp5imby3xfbxi3fgca011sahg5s9-perl5.32.0-Module-Install-1.19/lib/perl5/site_perl/5.32.0/Module/Install/Scripts.pm
Installing /nix/store/i0bydp5imby3xfbxi3fgca011sahg5s9-perl5.32.0-Module-Install-1.19/lib/perl5/site_perl/5.32.0/Module/Install/Share.pm
Installing /nix/store/i0bydp5imby3xfbxi3fgca011sahg5s9-perl5.32.0-Module-Install-1.19/lib/perl5/site_perl/5.32.0/Module/Install/Base.pm
Installing /nix/store/i0bydp5imby3xfbxi3fgca011sahg5s9-perl5.32.0-Module-Install-1.19/lib/perl5/site_perl/5.32.0/Module/Install/FAQ.pod
Installing /nix/store/i0bydp5imby3xfbxi3fgca011sahg5s9-perl5.32.0-Module-Install-1.19/lib/perl5/site_perl/5.32.0/Module/Install/Win32.pm
Installing /nix/store/i0bydp5imby3xfbxi3fgca011sahg5s9-perl5.32.0-Module-Install-1.19/lib/perl5/site_perl/5.32.0/Module/Install/Admin/Include.pm
Installing /nix/store/i0bydp5imby3xfbxi3fgca011sahg5s9-perl5.32.0-Module-Install-1.19/lib/perl5/site_perl/5.32.0/Module/Install/Admin/Find.pm
Installing /nix/store/i0bydp5imby3xfbxi3fgca011sahg5s9-perl5.32.0-Module-Install-1.19/lib/perl5/site_perl/5.32.0/Module/Install/Admin/Bundle.pm
Installing /nix/store/i0bydp5imby3xfbxi3fgca011sahg5s9-perl5.32.0-Module-Install-1.19/lib/perl5/site_perl/5.32.0/Module/Install/Admin/Makefile.pm
Installing /nix/store/i0bydp5imby3xfbxi3fgca011sahg5s9-perl5.32.0-Module-Install-1.19/lib/perl5/site_perl/5.32.0/Module/Install/Admin/WriteAll.pm
Installing /nix/store/i0bydp5imby3xfbxi3fgca011sahg5s9-perl5.32.0-Module-Install-1.19/lib/perl5/site_perl/5.32.0/Module/Install/Admin/Metadata.pm
Installing /nix/store/i0bydp5imby3xfbxi3fgca011sahg5s9-perl5.32.0-Module-Install-1.19/lib/perl5/site_perl/5.32.0/Module/Install/Admin/Manifest.pm
Installing /nix/store/i0bydp5imby3xfbxi3fgca011sahg5s9-perl5.32.0-Module-Install-1.19/lib/perl5/site_perl/5.32.0/Module/Install/Admin/ScanDeps.pm
Installing /nix/store/i0bydp5imby3xfbxi3fgca011sahg5s9-perl5.32.0-Module-Install-1.19/lib/perl5/site_perl/5.32.0/Module/Install/Admin/Compiler.pm
Installing /nix/store/i0bydp5imby3xfbxi3fgca011sahg5s9-perl5.32.0-Module-Install-1.19/share/man/man3/inc::Module::Install.3
Installing /nix/store/i0bydp5imby3xfbxi3fgca011sahg5s9-perl5.32.0-Module-Install-1.19/share/man/man3/Module::Install::Makefile.3
Installing /nix/store/i0bydp5imby3xfbxi3fgca011sahg5s9-perl5.32.0-Module-Install-1.19/share/man/man3/Module::Install::Share.3
Installing /nix/store/i0bydp5imby3xfbxi3fgca011sahg5s9-perl5.32.0-Module-Install-1.19/share/man/man3/Module::Install::Can.3
Installing /nix/store/i0bydp5imby3xfbxi3fgca011sahg5s9-perl5.32.0-Module-Install-1.19/share/man/man3/Module::Install::Philosophy.3
Installing /nix/store/i0bydp5imby3xfbxi3fgca011sahg5s9-perl5.32.0-Module-Install-1.19/share/man/man3/Module::Install::With.3
Installing /nix/store/i0bydp5imby3xfbxi3fgca011sahg5s9-perl5.32.0-Module-Install-1.19/share/man/man3/Module::Install::Admin::Manifest.3
Installing /nix/store/i0bydp5imby3xfbxi3fgca011sahg5s9-perl5.32.0-Module-Install-1.19/share/man/man3/Module::AutoInstall.3
Installing /nix/store/i0bydp5imby3xfbxi3fgca011sahg5s9-perl5.32.0-Module-Install-1.19/share/man/man3/Module::Install::PAR.3
Installing /nix/store/i0bydp5imby3xfbxi3fgca011sahg5s9-perl5.32.0-Module-Install-1.19/share/man/man3/Module::Install::Admin::Include.3
Installing /nix/store/i0bydp5imby3xfbxi3fgca011sahg5s9-perl5.32.0-Module-Install-1.19/share/man/man3/Module::Install::Base.3
Installing /nix/store/i0bydp5imby3xfbxi3fgca011sahg5s9-perl5.32.0-Module-Install-1.19/share/man/man3/Module::Install::API.3
Installing /nix/store/i0bydp5imby3xfbxi3fgca011sahg5s9-perl5.32.0-Module-Install-1.19/share/man/man3/inc::Module::Install::DSL.3
Installing /nix/store/i0bydp5imby3xfbxi3fgca011sahg5s9-perl5.32.0-Module-Install-1.19/share/man/man3/Module::Install::Admin.3
Installing /nix/store/i0bydp5imby3xfbxi3fgca011sahg5s9-perl5.32.0-Module-Install-1.19/share/man/man3/Module::Install::External.3
Installing /nix/store/i0bydp5imby3xfbxi3fgca011sahg5s9-perl5.32.0-Module-Install-1.19/share/man/man3/Module::Install::FAQ.3
Installing /nix/store/i0bydp5imby3xfbxi3fgca011sahg5s9-perl5.32.0-Module-Install-1.19/share/man/man3/Module::Install.3
Installing /nix/store/i0bydp5imby3xfbxi3fgca011sahg5s9-perl5.32.0-Module-Install-1.19/share/man/man3/Module::Install::Bundle.3
Installing /nix/store/i0bydp5imby3xfbxi3fgca011sahg5s9-perl5.32.0-Module-Install-1.19/share/man/man3/Module::Install::Deprecated.3
Installing /nix/store/i0bydp5imby3xfbxi3fgca011sahg5s9-perl5.32.0-Module-Install-1.19/share/man/man3/Module::Install::Compiler.3
Appending installation info to /nix/store/i0bydp5imby3xfbxi3fgca011sahg5s9-perl5.32.0-Module-Install-1.19/lib/perl5/5.32.0/x86_64-linux-thread-multi/perllocal.pod
post-installation fixup
Moving /nix/store/i0bydp5imby3xfbxi3fgca011sahg5s9-perl5.32.0-Module-Install-1.19/share/man/man3 to /nix/store/9zjagbd4h6wj5z5r63f0bssjhlyizfrq-perl5.32.0-Module-Install-1.19-devdoc/share/man/man3
Removing empty /nix/store/i0bydp5imby3xfbxi3fgca011sahg5s9-perl5.32.0-Module-Install-1.19/share/man/ and (possibly) its parents
shrinking RPATHs of ELF executables and libraries in /nix/store/i0bydp5imby3xfbxi3fgca011sahg5s9-perl5.32.0-Module-Install-1.19
strip is /nix/store/psyzbhp4p088sb9qcs378hfbslcalasl-binutils-2.31.1/bin/strip
stripping (with command strip and flags -S) in /nix/store/i0bydp5imby3xfbxi3fgca011sahg5s9-perl5.32.0-Module-Install-1.19/lib
patching script interpreter paths in /nix/store/i0bydp5imby3xfbxi3fgca011sahg5s9-perl5.32.0-Module-Install-1.19
checking for references to /build/ in /nix/store/i0bydp5imby3xfbxi3fgca011sahg5s9-perl5.32.0-Module-Install-1.19...
shrinking RPATHs of ELF executables and libraries in /nix/store/9zjagbd4h6wj5z5r63f0bssjhlyizfrq-perl5.32.0-Module-Install-1.19-devdoc
gzipping man pages under /nix/store/9zjagbd4h6wj5z5r63f0bssjhlyizfrq-perl5.32.0-Module-Install-1.19-devdoc/share/man/
strip is /nix/store/psyzbhp4p088sb9qcs378hfbslcalasl-binutils-2.31.1/bin/strip
patching script interpreter paths in /nix/store/9zjagbd4h6wj5z5r63f0bssjhlyizfrq-perl5.32.0-Module-Install-1.19-devdoc
checking for references to /build/ in /nix/store/9zjagbd4h6wj5z5r63f0bssjhlyizfrq-perl5.32.0-Module-Install-1.19-devdoc...
building '/nix/store/l6jkdc1x2cwfznihghicy95yd3s4xpfm-perl5.32.0-Catalyst-Controller-POD-1.0.0.drv'...
unpacking sources
unpacking source archive /nix/store/4imf3mk0d7ddjpbkx5cmz9c35vfjrmz6-Catalyst-Controller-POD-1.0.0.tar.gz
source root is Catalyst-Controller-POD-1.0.0
setting SOURCE_DATE_EPOCH to timestamp 1295951920 of file Catalyst-Controller-POD-1.0.0/t/release-portability.t
patching sources
configuring
patching ./t/00-compile.t...
patching ./t/release-kwalitee.t...
patching ./t/release-has-version.t...
patching ./t/release-portability.t...
patching ./t/release-pod-syntax.t...
patching ./t/00-load.t...
patching ./t/release-minimum-version.t...
patching ./t/release-pod-coverage.t...
include /build/Catalyst-Controller-POD-1.0.0/inc/Module/Install.pm
include inc/Module/Install/Metadata.pm
include inc/Module/Install/Base.pm
include inc/Module/Install/Makefile.pm
Cannot determine perl version info from lib/Catalyst/Controller/POD.pm
include inc/Module/Install/Share.pm
include inc/Module/Install/WriteAll.pm
include inc/Module/Install/Win32.pm
include inc/Module/Install/Can.pm
include inc/Module/Install/Fetch.pm
Checking if your kit is complete...
Looks good
Generating a Unix-style Makefile
Writing Makefile for Catalyst::Controller::POD
Writing MYMETA.yml and MYMETA.json
no configure script, doing nothing
building
Created MYMETA.yml and MYMETA.json
Creating new 'Build' script for 'Catalyst-Controller-POD' version '1.0.0'
Building Catalyst-Controller-POD
running tests
t/00-compile.t ................ ok
t/00-load.t ................... ok
t/000-report-versions-tiny.t .. #
#
# perl: v5.32.0 (wanted any version) on linux from /nix/store/7c044di03qa7qgr5kjjc2d787aspzp0m-perl-5.32.0/bin/perl
#
# Catalyst                                      => 5.90126    (want any version)
# Catalyst::Controller                          => <undef>    (want any version)
# Catalyst::Plugin::Static::Simple              => 0.36       (want any version)
# Catalyst::Runtime                             => 5.90126    (want any version)
# Class::Accessor::Fast                         => 0.51       (want 0.31)
# File::Find                                    => 1.37       (want 0.05)
# File::ShareDir                                => 1.116      (want 0.05)
# File::Slurp                                   => 9999.3     (want 9999)
# File::Spec                                    => 3.78       (want any version)
# File::Temp                                    => 0.2309     (want any version)
# JSON::XS                                      => 4.02       (want 2.21)
# LWP::Simple                                   => 6.45       (want 5.810)
# List::MoreUtils                               => 0.428      (want 0.22)
# Module::Build                                 => 0.4231     (want 0.3601)
# Path::Class::File                             => 0.37       (want any version)
# Pod::POM                                      => 2.01       (want 0.17)
# Pod::POM::View::HTML                          => 2.01       (want any version)
# Pod::POM::View::TOC                           => 1.03       (want 0.02)
# Pod::Simple                                   => 3.40       (want 3.05)
# Pod::Simple::Search                           => 3.40       (want any version)
# Test::More                                    => 1.302175   (want 0.88)
# Test::WWW::Mechanize::Catalyst                => 0.62       (want 0.41)
# XML::Simple                                   => 2.25       (want 2.18)
# parent                                        => 0.238      (want any version)
# utf8                                          => 1.22       (want any version)
#
# Thanks for using my code.  I hope it works for you.
# If not, please try and include this output in the bug report.
# That will help me reproduce the issue and solve you problem.
#
t/000-report-versions-tiny.t .. ok
t/01-run-testapp.t ............ ok
t/release-has-version.t ....... skipped: these tests are for release candidate testing
t/release-kwalitee.t .......... skipped: these tests are for release candidate testing
t/release-minimum-version.t ... skipped: these tests are for release candidate testing
t/release-pod-coverage.t ...... skipped: these tests are for release candidate testing
t/release-pod-syntax.t ........ skipped: these tests are for release candidate testing
t/release-portability.t ....... skipped: these tests are for release candidate testing
All tests successful.
Files=10, Tests=17, 13 wallclock secs ( 0.12 usr  0.04 sys +  5.87 cusr  6.77 csys = 12.80 CPU)
Result: PASS
installing
Building Catalyst-Controller-POD
Installing /nix/store/abrx9bx9rszbvaylf2511mjiwzxk11zv-perl5.32.0-Catalyst-Controller-POD-1.0.0/lib/perl5/site_perl/5.32.0/Catalyst/Controller/POD.pm
Installing /nix/store/abrx9bx9rszbvaylf2511mjiwzxk11zv-perl5.32.0-Catalyst-Controller-POD-1.0.0/lib/perl5/site_perl/5.32.0/Catalyst/Controller/POD/Template.pm
Installing /nix/store/abrx9bx9rszbvaylf2511mjiwzxk11zv-perl5.32.0-Catalyst-Controller-POD-1.0.0/lib/perl5/site_perl/5.32.0/Catalyst/Controller/POD/POM/View.pm
Installing /nix/store/abrx9bx9rszbvaylf2511mjiwzxk11zv-perl5.32.0-Catalyst-Controller-POD-1.0.0/lib/perl5/site_perl/5.32.0/auto/share/dist/Catalyst-Controller-POD/cpan.css
Installing /nix/store/abrx9bx9rszbvaylf2511mjiwzxk11zv-perl5.32.0-Catalyst-Controller-POD-1.0.0/lib/perl5/site_perl/5.32.0/auto/share/dist/Catalyst-Controller-POD/docs.css
Installing /nix/store/abrx9bx9rszbvaylf2511mjiwzxk11zv-perl5.32.0-Catalyst-Controller-POD-1.0.0/lib/perl5/site_perl/5.32.0/auto/share/dist/Catalyst-Controller-POD/docs.js
Installing /nix/store/abrx9bx9rszbvaylf2511mjiwzxk11zv-perl5.32.0-Catalyst-Controller-POD-1.0.0/lib/perl5/site_perl/5.32.0/auto/share/dist/Catalyst-Controller-POD/prettify/lang-css.js
Installing /nix/store/abrx9bx9rszbvaylf2511mjiwzxk11zv-perl5.32.0-Catalyst-Controller-POD-1.0.0/lib/perl5/site_perl/5.32.0/auto/share/dist/Catalyst-Controller-POD/prettify/prettify.js
Installing /nix/store/abrx9bx9rszbvaylf2511mjiwzxk11zv-perl5.32.0-Catalyst-Controller-POD-1.0.0/lib/perl5/site_perl/5.32.0/auto/share/dist/Catalyst-Controller-POD/prettify/lang-yaml.js
Installing /nix/store/abrx9bx9rszbvaylf2511mjiwzxk11zv-perl5.32.0-Catalyst-Controller-POD-1.0.0/lib/perl5/site_perl/5.32.0/auto/share/dist/Catalyst-Controller-POD/prettify/lang-sql.js
Installing /nix/store/abrx9bx9rszbvaylf2511mjiwzxk11zv-perl5.32.0-Catalyst-Controller-POD-1.0.0/lib/perl5/site_perl/5.32.0/auto/share/dist/Catalyst-Controller-POD/prettify/prettify.css
Installing /nix/store/abrx9bx9rszbvaylf2511mjiwzxk11zv-perl5.32.0-Catalyst-Controller-POD-1.0.0/lib/perl5/site_perl/5.32.0/auto/share/dist/Catalyst-Controller-POD/prettify/lang-lua.js
Installing /nix/store/abrx9bx9rszbvaylf2511mjiwzxk11zv-perl5.32.0-Catalyst-Controller-POD-1.0.0/lib/perl5/site_perl/5.32.0/auto/share/dist/Catalyst-Controller-POD/prettify/lang-hs.js
Installing /nix/store/abrx9bx9rszbvaylf2511mjiwzxk11zv-perl5.32.0-Catalyst-Controller-POD-1.0.0/lib/perl5/site_perl/5.32.0/auto/share/dist/Catalyst-Controller-POD/prettify/lang-proto.js
Installing /nix/store/abrx9bx9rszbvaylf2511mjiwzxk11zv-perl5.32.0-Catalyst-Controller-POD-1.0.0/lib/perl5/site_perl/5.32.0/auto/share/dist/Catalyst-Controller-POD/prettify/lang-scala.js
Installing /nix/store/abrx9bx9rszbvaylf2511mjiwzxk11zv-perl5.32.0-Catalyst-Controller-POD-1.0.0/lib/perl5/site_perl/5.32.0/auto/share/dist/Catalyst-Controller-POD/prettify/lang-ml.js
Installing /nix/store/abrx9bx9rszbvaylf2511mjiwzxk11zv-perl5.32.0-Catalyst-Controller-POD-1.0.0/lib/perl5/site_perl/5.32.0/auto/share/dist/Catalyst-Controller-POD/prettify/lang-vb.js
Installing /nix/store/abrx9bx9rszbvaylf2511mjiwzxk11zv-perl5.32.0-Catalyst-Controller-POD-1.0.0/lib/perl5/site_perl/5.32.0/auto/share/dist/Catalyst-Controller-POD/prettify/lang-lisp.js
Installing /nix/store/abrx9bx9rszbvaylf2511mjiwzxk11zv-perl5.32.0-Catalyst-Controller-POD-1.0.0/lib/perl5/site_perl/5.32.0/auto/share/dist/Catalyst-Controller-POD/prettify/lang-apollo.js
Installing /nix/store/abrx9bx9rszbvaylf2511mjiwzxk11zv-perl5.32.0-Catalyst-Controller-POD-1.0.0/lib/perl5/site_perl/5.32.0/auto/share/dist/Catalyst-Controller-POD/prettify/lang-vhdl.js
Installing /nix/store/abrx9bx9rszbvaylf2511mjiwzxk11zv-perl5.32.0-Catalyst-Controller-POD-1.0.0/lib/perl5/site_perl/5.32.0/auto/share/dist/Catalyst-Controller-POD/prettify/lang-wiki.js
Installing /nix/store/abrx9bx9rszbvaylf2511mjiwzxk11zv-perl5.32.0-Catalyst-Controller-POD-1.0.0/lib/perl5/site_perl/5.32.0/auto/share/dist/Catalyst-Controller-POD/ext/ext-all-debug.js
Installing /nix/store/abrx9bx9rszbvaylf2511mjiwzxk11zv-perl5.32.0-Catalyst-Controller-POD-1.0.0/lib/perl5/site_perl/5.32.0/auto/share/dist/Catalyst-Controller-POD/ext/ext-all.js
Installing /nix/store/abrx9bx9rszbvaylf2511mjiwzxk11zv-perl5.32.0-Catalyst-Controller-POD-1.0.0/lib/perl5/site_perl/5.32.0/auto/share/dist/Catalyst-Controller-POD/ext/resources/css/ext-all.css
Installing /nix/store/abrx9bx9rszbvaylf2511mjiwzxk11zv-perl5.32.0-Catalyst-Controller-POD-1.0.0/lib/perl5/site_perl/5.32.0/auto/share/dist/Catalyst-Controller-POD/ext/resources/images/default/s.gif
Installing /nix/store/abrx9bx9rszbvaylf2511mjiwzxk11zv-perl5.32.0-Catalyst-Controller-POD-1.0.0/lib/perl5/site_perl/5.32.0/auto/share/dist/Catalyst-Controller-POD/ext/resources/images/default/gradient-bg.gif
Installing /nix/store/abrx9bx9rszbvaylf2511mjiwzxk11zv-perl5.32.0-Catalyst-Controller-POD-1.0.0/lib/perl5/site_perl/5.32.0/auto/share/dist/Catalyst-Controller-POD/ext/resources/images/default/shadow.png
Installing /nix/store/abrx9bx9rszbvaylf2511mjiwzxk11zv-perl5.32.0-Catalyst-Controller-POD-1.0.0/lib/perl5/site_perl/5.32.0/auto/share/dist/Catalyst-Controller-POD/ext/resources/images/default/shadow-lr.png
Installing /nix/store/abrx9bx9rszbvaylf2511mjiwzxk11zv-perl5.32.0-Catalyst-Controller-POD-1.0.0/lib/perl5/site_perl/5.32.0/auto/share/dist/Catalyst-Controller-POD/ext/resources/images/default/shadow-c.png
Installing /nix/store/abrx9bx9rszbvaylf2511mjiwzxk11zv-perl5.32.0-Catalyst-Controller-POD-1.0.0/lib/perl5/site_perl/5.32.0/auto/share/dist/Catalyst-Controller-POD/ext/resources/images/default/panel/tool-sprites.gif
Installing /nix/store/abrx9bx9rszbvaylf2511mjiwzxk11zv-perl5.32.0-Catalyst-Controller-POD-1.0.0/lib/perl5/site_perl/5.32.0/auto/share/dist/Catalyst-Controller-POD/ext/resources/images/default/panel/corners-sprite.gif
Installing /nix/store/abrx9bx9rszbvaylf2511mjiwzxk11zv-perl5.32.0-Catalyst-Controller-POD-1.0.0/lib/perl5/site_perl/5.32.0/auto/share/dist/Catalyst-Controller-POD/ext/resources/images/default/panel/left-right.gif
Installing /nix/store/abrx9bx9rszbvaylf2511mjiwzxk11zv-perl5.32.0-Catalyst-Controller-POD-1.0.0/lib/perl5/site_perl/5.32.0/auto/share/dist/Catalyst-Controller-POD/ext/resources/images/default/panel/white-left-right.gif
Installing /nix/store/abrx9bx9rszbvaylf2511mjiwzxk11zv-perl5.32.0-Catalyst-Controller-POD-1.0.0/lib/perl5/site_perl/5.32.0/auto/share/dist/Catalyst-Controller-POD/ext/resources/images/default/panel/top-bottom.gif
Installing /nix/store/abrx9bx9rszbvaylf2511mjiwzxk11zv-perl5.32.0-Catalyst-Controller-POD-1.0.0/lib/perl5/site_perl/5.32.0/auto/share/dist/Catalyst-Controller-POD/ext/resources/images/default/panel/tools-sprites-trans.gif
Installing /nix/store/abrx9bx9rszbvaylf2511mjiwzxk11zv-perl5.32.0-Catalyst-Controller-POD-1.0.0/lib/perl5/site_perl/5.32.0/auto/share/dist/Catalyst-Controller-POD/ext/resources/images/default/panel/tool-sprite-tpl.gif
Installing /nix/store/abrx9bx9rszbvaylf2511mjiwzxk11zv-perl5.32.0-Catalyst-Controller-POD-1.0.0/lib/perl5/site_perl/5.32.0/auto/share/dist/Catalyst-Controller-POD/ext/resources/images/default/panel/top-bottom.png
Installing /nix/store/abrx9bx9rszbvaylf2511mjiwzxk11zv-perl5.32.0-Catalyst-Controller-POD-1.0.0/lib/perl5/site_perl/5.32.0/auto/share/dist/Catalyst-Controller-POD/ext/resources/images/default/panel/white-top-bottom.gif
Installing /nix/store/abrx9bx9rszbvaylf2511mjiwzxk11zv-perl5.32.0-Catalyst-Controller-POD-1.0.0/lib/perl5/site_perl/5.32.0/auto/share/dist/Catalyst-Controller-POD/ext/resources/images/default/panel/light-hd.gif
Installing /nix/store/abrx9bx9rszbvaylf2511mjiwzxk11zv-perl5.32.0-Catalyst-Controller-POD-1.0.0/lib/perl5/site_perl/5.32.0/auto/share/dist/Catalyst-Controller-POD/ext/resources/images/default/panel/white-corners-sprite.gif
Installing /nix/store/abrx9bx9rszbvaylf2511mjiwzxk11zv-perl5.32.0-Catalyst-Controller-POD-1.0.0/lib/perl5/site_perl/5.32.0/auto/share/dist/Catalyst-Controller-POD/ext/resources/images/default/tree/s.gif
Installing /nix/store/abrx9bx9rszbvaylf2511mjiwzxk11zv-perl5.32.0-Catalyst-Controller-POD-1.0.0/lib/perl5/site_perl/5.32.0/auto/share/dist/Catalyst-Controller-POD/ext/resources/images/default/tree/folder.gif
Installing /nix/store/abrx9bx9rszbvaylf2511mjiwzxk11zv-perl5.32.0-Catalyst-Controller-POD-1.0.0/lib/perl5/site_perl/5.32.0/auto/share/dist/Catalyst-Controller-POD/ext/resources/images/default/tree/elbow-minus-nl.gif
Installing /nix/store/abrx9bx9rszbvaylf2511mjiwzxk11zv-perl5.32.0-Catalyst-Controller-POD-1.0.0/lib/perl5/site_perl/5.32.0/auto/share/dist/Catalyst-Controller-POD/ext/resources/images/default/tree/elbow-end-plus.gif
Installing /nix/store/abrx9bx9rszbvaylf2511mjiwzxk11zv-perl5.32.0-Catalyst-Controller-POD-1.0.0/lib/perl5/site_perl/5.32.0/auto/share/dist/Catalyst-Controller-POD/ext/resources/images/default/tree/elbow-end-minus-nl.gif
Installing /nix/store/abrx9bx9rszbvaylf2511mjiwzxk11zv-perl5.32.0-Catalyst-Controller-POD-1.0.0/lib/perl5/site_perl/5.32.0/auto/share/dist/Catalyst-Controller-POD/ext/resources/images/default/tree/elbow-end-minus.gif
Installing /nix/store/abrx9bx9rszbvaylf2511mjiwzxk11zv-perl5.32.0-Catalyst-Controller-POD-1.0.0/lib/perl5/site_perl/5.32.0/auto/share/dist/Catalyst-Controller-POD/ext/resources/images/default/tree/drop-under.gif
Installing /nix/store/abrx9bx9rszbvaylf2511mjiwzxk11zv-perl5.32.0-Catalyst-Controller-POD-1.0.0/lib/perl5/site_perl/5.32.0/auto/share/dist/Catalyst-Controller-POD/ext/resources/images/default/tree/elbow-minus.gif
Installing /nix/store/abrx9bx9rszbvaylf2511mjiwzxk11zv-perl5.32.0-Catalyst-Controller-POD-1.0.0/lib/perl5/site_perl/5.32.0/auto/share/dist/Catalyst-Controller-POD/ext/resources/images/default/tree/arrows.gif
Installing /nix/store/abrx9bx9rszbvaylf2511mjiwzxk11zv-perl5.32.0-Catalyst-Controller-POD-1.0.0/lib/perl5/site_perl/5.32.0/auto/share/dist/Catalyst-Controller-POD/ext/resources/images/default/tree/elbow-line.gif
Installing /nix/store/abrx9bx9rszbvaylf2511mjiwzxk11zv-perl5.32.0-Catalyst-Controller-POD-1.0.0/lib/perl5/site_perl/5.32.0/auto/share/dist/Catalyst-Controller-POD/ext/resources/images/default/tree/elbow-plus.gif
Installing /nix/store/abrx9bx9rszbvaylf2511mjiwzxk11zv-perl5.32.0-Catalyst-Controller-POD-1.0.0/lib/perl5/site_perl/5.32.0/auto/share/dist/Catalyst-Controller-POD/ext/resources/images/default/tree/drop-no.gif
Installing /nix/store/abrx9bx9rszbvaylf2511mjiwzxk11zv-perl5.32.0-Catalyst-Controller-POD-1.0.0/lib/perl5/site_perl/5.32.0/auto/share/dist/Catalyst-Controller-POD/ext/resources/images/default/tree/elbow-end.gif
Installing /nix/store/abrx9bx9rszbvaylf2511mjiwzxk11zv-perl5.32.0-Catalyst-Controller-POD-1.0.0/lib/perl5/site_perl/5.32.0/auto/share/dist/Catalyst-Controller-POD/ext/resources/images/default/tree/elbow-end-plus-nl.gif
Installing /nix/store/abrx9bx9rszbvaylf2511mjiwzxk11zv-perl5.32.0-Catalyst-Controller-POD-1.0.0/lib/perl5/site_perl/5.32.0/auto/share/dist/Catalyst-Controller-POD/ext/resources/images/default/tree/elbow-plus-nl.gif
Installing /nix/store/abrx9bx9rszbvaylf2511mjiwzxk11zv-perl5.32.0-Catalyst-Controller-POD-1.0.0/lib/perl5/site_perl/5.32.0/auto/share/dist/Catalyst-Controller-POD/ext/resources/images/default/tree/elbow.gif
Installing /nix/store/abrx9bx9rszbvaylf2511mjiwzxk11zv-perl5.32.0-Catalyst-Controller-POD-1.0.0/lib/perl5/site_perl/5.32.0/auto/share/dist/Catalyst-Controller-POD/ext/resources/images/default/tree/folder-open.gif
Installing /nix/store/abrx9bx9rszbvaylf2511mjiwzxk11zv-perl5.32.0-Catalyst-Controller-POD-1.0.0/lib/perl5/site_perl/5.32.0/auto/share/dist/Catalyst-Controller-POD/ext/resources/images/default/tree/drop-between.gif
Installing /nix/store/abrx9bx9rszbvaylf2511mjiwzxk11zv-perl5.32.0-Catalyst-Controller-POD-1.0.0/lib/perl5/site_perl/5.32.0/auto/share/dist/Catalyst-Controller-POD/ext/resources/images/default/tree/leaf.gif
Installing /nix/store/abrx9bx9rszbvaylf2511mjiwzxk11zv-perl5.32.0-Catalyst-Controller-POD-1.0.0/lib/perl5/site_perl/5.32.0/auto/share/dist/Catalyst-Controller-POD/ext/resources/images/default/tree/drop-over.gif
Installing /nix/store/abrx9bx9rszbvaylf2511mjiwzxk11zv-perl5.32.0-Catalyst-Controller-POD-1.0.0/lib/perl5/site_perl/5.32.0/auto/share/dist/Catalyst-Controller-POD/ext/resources/images/default/tree/drop-yes.gif
Installing /nix/store/abrx9bx9rszbvaylf2511mjiwzxk11zv-perl5.32.0-Catalyst-Controller-POD-1.0.0/lib/perl5/site_perl/5.32.0/auto/share/dist/Catalyst-Controller-POD/ext/resources/images/default/tree/drop-add.gif
Installing /nix/store/abrx9bx9rszbvaylf2511mjiwzxk11zv-perl5.32.0-Catalyst-Controller-POD-1.0.0/lib/perl5/site_perl/5.32.0/auto/share/dist/Catalyst-Controller-POD/ext/resources/images/default/tree/loading.gif
Installing /nix/store/abrx9bx9rszbvaylf2511mjiwzxk11zv-perl5.32.0-Catalyst-Controller-POD-1.0.0/lib/perl5/site_perl/5.32.0/auto/share/dist/Catalyst-Controller-POD/ext/resources/images/default/tabs/scroll-right.gif
Installing /nix/store/abrx9bx9rszbvaylf2511mjiwzxk11zv-perl5.32.0-Catalyst-Controller-POD-1.0.0/lib/perl5/site_perl/5.32.0/auto/share/dist/Catalyst-Controller-POD/ext/resources/images/default/tabs/tab-strip-bg.png
Installing /nix/store/abrx9bx9rszbvaylf2511mjiwzxk11zv-perl5.32.0-Catalyst-Controller-POD-1.0.0/lib/perl5/site_perl/5.32.0/auto/share/dist/Catalyst-Controller-POD/ext/resources/images/default/tabs/tab-strip-bg.gif
Installing /nix/store/abrx9bx9rszbvaylf2511mjiwzxk11zv-perl5.32.0-Catalyst-Controller-POD-1.0.0/lib/perl5/site_perl/5.32.0/auto/share/dist/Catalyst-Controller-POD/ext/resources/images/default/tabs/tab-btm-right-bg.gif
Installing /nix/store/abrx9bx9rszbvaylf2511mjiwzxk11zv-perl5.32.0-Catalyst-Controller-POD-1.0.0/lib/perl5/site_perl/5.32.0/auto/share/dist/Catalyst-Controller-POD/ext/resources/images/default/tabs/tabs-sprite.gif
Installing /nix/store/abrx9bx9rszbvaylf2511mjiwzxk11zv-perl5.32.0-Catalyst-Controller-POD-1.0.0/lib/perl5/site_perl/5.32.0/auto/share/dist/Catalyst-Controller-POD/ext/resources/images/default/tabs/tab-btm-left-bg.gif
Installing /nix/store/abrx9bx9rszbvaylf2511mjiwzxk11zv-perl5.32.0-Catalyst-Controller-POD-1.0.0/lib/perl5/site_perl/5.32.0/auto/share/dist/Catalyst-Controller-POD/ext/resources/images/default/tabs/scroll-left.gif
Installing /nix/store/abrx9bx9rszbvaylf2511mjiwzxk11zv-perl5.32.0-Catalyst-Controller-POD-1.0.0/lib/perl5/site_perl/5.32.0/auto/share/dist/Catalyst-Controller-POD/ext/resources/images/default/tabs/scroller-bg.gif
Installing /nix/store/abrx9bx9rszbvaylf2511mjiwzxk11zv-perl5.32.0-Catalyst-Controller-POD-1.0.0/lib/perl5/site_perl/5.32.0/auto/share/dist/Catalyst-Controller-POD/ext/resources/images/default/tabs/tab-btm-inactive-right-bg.gif
Installing /nix/store/abrx9bx9rszbvaylf2511mjiwzxk11zv-perl5.32.0-Catalyst-Controller-POD-1.0.0/lib/perl5/site_perl/5.32.0/auto/share/dist/Catalyst-Controller-POD/ext/resources/images/default/tabs/tab-strip-btm-bg.gif
Installing /nix/store/abrx9bx9rszbvaylf2511mjiwzxk11zv-perl5.32.0-Catalyst-Controller-POD-1.0.0/lib/perl5/site_perl/5.32.0/auto/share/dist/Catalyst-Controller-POD/ext/resources/images/default/tabs/tab-btm-over-right-bg.gif
Installing /nix/store/abrx9bx9rszbvaylf2511mjiwzxk11zv-perl5.32.0-Catalyst-Controller-POD-1.0.0/lib/perl5/site_perl/5.32.0/auto/share/dist/Catalyst-Controller-POD/ext/resources/images/default/tabs/tab-btm-inactive-left-bg.gif
Installing /nix/store/abrx9bx9rszbvaylf2511mjiwzxk11zv-perl5.32.0-Catalyst-Controller-POD-1.0.0/lib/perl5/site_perl/5.32.0/auto/share/dist/Catalyst-Controller-POD/ext/resources/images/default/tabs/tab-btm-over-left-bg.gif
Installing /nix/store/abrx9bx9rszbvaylf2511mjiwzxk11zv-perl5.32.0-Catalyst-Controller-POD-1.0.0/lib/perl5/site_perl/5.32.0/auto/share/dist/Catalyst-Controller-POD/ext/resources/images/default/tabs/tab-close.gif
Installing /nix/store/abrx9bx9rszbvaylf2511mjiwzxk11zv-perl5.32.0-Catalyst-Controller-POD-1.0.0/lib/perl5/site_perl/5.32.0/auto/share/dist/Catalyst-Controller-POD/ext/resources/images/default/toolbar/gray-bg.gif
Installing /nix/store/abrx9bx9rszbvaylf2511mjiwzxk11zv-perl5.32.0-Catalyst-Controller-POD-1.0.0/lib/perl5/site_perl/5.32.0/auto/share/dist/Catalyst-Controller-POD/ext/resources/images/default/toolbar/more.gif
Installing /nix/store/abrx9bx9rszbvaylf2511mjiwzxk11zv-perl5.32.0-Catalyst-Controller-POD-1.0.0/lib/perl5/site_perl/5.32.0/auto/share/dist/Catalyst-Controller-POD/ext/resources/images/default/toolbar/btn-over-bg.gif
Installing /nix/store/abrx9bx9rszbvaylf2511mjiwzxk11zv-perl5.32.0-Catalyst-Controller-POD-1.0.0/lib/perl5/site_perl/5.32.0/auto/share/dist/Catalyst-Controller-POD/ext/resources/images/default/toolbar/tb-xl-sep.gif
Installing /nix/store/abrx9bx9rszbvaylf2511mjiwzxk11zv-perl5.32.0-Catalyst-Controller-POD-1.0.0/lib/perl5/site_perl/5.32.0/auto/share/dist/Catalyst-Controller-POD/ext/resources/images/default/toolbar/tb-bg.gif
Installing /nix/store/abrx9bx9rszbvaylf2511mjiwzxk11zv-perl5.32.0-Catalyst-Controller-POD-1.0.0/lib/perl5/site_perl/5.32.0/auto/share/dist/Catalyst-Controller-POD/ext/resources/images/default/toolbar/btn-arrow-light.gif
Installing /nix/store/abrx9bx9rszbvaylf2511mjiwzxk11zv-perl5.32.0-Catalyst-Controller-POD-1.0.0/lib/perl5/site_perl/5.32.0/auto/share/dist/Catalyst-Controller-POD/ext/resources/images/default/toolbar/btn-arrow.gif
Installing /nix/store/abrx9bx9rszbvaylf2511mjiwzxk11zv-perl5.32.0-Catalyst-Controller-POD-1.0.0/lib/perl5/site_perl/5.32.0/auto/share/dist/Catalyst-Controller-POD/ext/resources/images/default/toolbar/bg.gif
Installing /nix/store/abrx9bx9rszbvaylf2511mjiwzxk11zv-perl5.32.0-Catalyst-Controller-POD-1.0.0/lib/perl5/site_perl/5.32.0/auto/share/dist/Catalyst-Controller-POD/ext/resources/images/default/toolbar/tb-btn-sprite.gif
Installing /nix/store/abrx9bx9rszbvaylf2511mjiwzxk11zv-perl5.32.0-Catalyst-Controller-POD-1.0.0/lib/perl5/site_perl/5.32.0/auto/share/dist/Catalyst-Controller-POD/ext/resources/images/default/toolbar/tb-xl-btn-sprite.gif
Installing /nix/store/abrx9bx9rszbvaylf2511mjiwzxk11zv-perl5.32.0-Catalyst-Controller-POD-1.0.0/lib/perl5/site_perl/5.32.0/auto/share/dist/Catalyst-Controller-POD/ext/resources/images/default/grid/group-by.gif
Installing /nix/store/abrx9bx9rszbvaylf2511mjiwzxk11zv-perl5.32.0-Catalyst-Controller-POD-1.0.0/lib/perl5/site_perl/5.32.0/auto/share/dist/Catalyst-Controller-POD/ext/resources/images/default/grid/sort_asc.gif
Installing /nix/store/abrx9bx9rszbvaylf2511mjiwzxk11zv-perl5.32.0-Catalyst-Controller-POD-1.0.0/lib/perl5/site_perl/5.32.0/auto/share/dist/Catalyst-Controller-POD/ext/resources/images/default/grid/grid-hrow.gif
Installing /nix/store/abrx9bx9rszbvaylf2511mjiwzxk11zv-perl5.32.0-Catalyst-Controller-POD-1.0.0/lib/perl5/site_perl/5.32.0/auto/share/dist/Catalyst-Controller-POD/ext/resources/images/default/grid/grid3-special-col-bg.gif
Installing /nix/store/abrx9bx9rszbvaylf2511mjiwzxk11zv-perl5.32.0-Catalyst-Controller-POD-1.0.0/lib/perl5/site_perl/5.32.0/auto/share/dist/Catalyst-Controller-POD/ext/resources/images/default/grid/done.gif
Installing /nix/store/abrx9bx9rszbvaylf2511mjiwzxk11zv-perl5.32.0-Catalyst-Controller-POD-1.0.0/lib/perl5/site_perl/5.32.0/auto/share/dist/Catalyst-Controller-POD/ext/resources/images/default/grid/col-move-bottom.gif
Installing /nix/store/abrx9bx9rszbvaylf2511mjiwzxk11zv-perl5.32.0-Catalyst-Controller-POD-1.0.0/lib/perl5/site_perl/5.32.0/auto/share/dist/Catalyst-Controller-POD/ext/resources/images/default/grid/grid-blue-hd.gif
Installing /nix/store/abrx9bx9rszbvaylf2511mjiwzxk11zv-perl5.32.0-Catalyst-Controller-POD-1.0.0/lib/perl5/site_perl/5.32.0/auto/share/dist/Catalyst-Controller-POD/ext/resources/images/default/grid/hd-pop.gif
Installing /nix/store/abrx9bx9rszbvaylf2511mjiwzxk11zv-perl5.32.0-Catalyst-Controller-POD-1.0.0/lib/perl5/site_perl/5.32.0/auto/share/dist/Catalyst-Controller-POD/ext/resources/images/default/grid/page-first-disabled.gif
Installing /nix/store/abrx9bx9rszbvaylf2511mjiwzxk11zv-perl5.32.0-Catalyst-Controller-POD-1.0.0/lib/perl5/site_perl/5.32.0/auto/share/dist/Catalyst-Controller-POD/ext/resources/images/default/grid/sort-hd.gif
Installing /nix/store/abrx9bx9rszbvaylf2511mjiwzxk11zv-perl5.32.0-Catalyst-Controller-POD-1.0.0/lib/perl5/site_perl/5.32.0/auto/share/dist/Catalyst-Controller-POD/ext/resources/images/default/grid/page-prev-disabled.gif
Installing /nix/store/abrx9bx9rszbvaylf2511mjiwzxk11zv-perl5.32.0-Catalyst-Controller-POD-1.0.0/lib/perl5/site_perl/5.32.0/auto/share/dist/Catalyst-Controller-POD/ext/resources/images/default/grid/hmenu-lock.png
Installing /nix/store/abrx9bx9rszbvaylf2511mjiwzxk11zv-perl5.32.0-Catalyst-Controller-POD-1.0.0/lib/perl5/site_perl/5.32.0/auto/share/dist/Catalyst-Controller-POD/ext/resources/images/default/grid/grid3-special-col-sel-bg.gif
Installing /nix/store/abrx9bx9rszbvaylf2511mjiwzxk11zv-perl5.32.0-Catalyst-Controller-POD-1.0.0/lib/perl5/site_perl/5.32.0/auto/share/dist/Catalyst-Controller-POD/ext/resources/images/default/grid/refresh.gif
Installing /nix/store/abrx9bx9rszbvaylf2511mjiwzxk11zv-perl5.32.0-Catalyst-Controller-POD-1.0.0/lib/perl5/site_perl/5.32.0/auto/share/dist/Catalyst-Controller-POD/ext/resources/images/default/grid/group-expand.gif
Installing /nix/store/abrx9bx9rszbvaylf2511mjiwzxk11zv-perl5.32.0-Catalyst-Controller-POD-1.0.0/lib/perl5/site_perl/5.32.0/auto/share/dist/Catalyst-Controller-POD/ext/resources/images/default/grid/nowait.gif
Installing /nix/store/abrx9bx9rszbvaylf2511mjiwzxk11zv-perl5.32.0-Catalyst-Controller-POD-1.0.0/lib/perl5/site_perl/5.32.0/auto/share/dist/Catalyst-Controller-POD/ext/resources/images/default/grid/page-next.gif
Installing /nix/store/abrx9bx9rszbvaylf2511mjiwzxk11zv-perl5.32.0-Catalyst-Controller-POD-1.0.0/lib/perl5/site_perl/5.32.0/auto/share/dist/Catalyst-Controller-POD/ext/resources/images/default/grid/hmenu-unlock.png
Installing /nix/store/abrx9bx9rszbvaylf2511mjiwzxk11zv-perl5.32.0-Catalyst-Controller-POD-1.0.0/lib/perl5/site_perl/5.32.0/auto/share/dist/Catalyst-Controller-POD/ext/resources/images/default/grid/row-over.gif
Installing /nix/store/abrx9bx9rszbvaylf2511mjiwzxk11zv-perl5.32.0-Catalyst-Controller-POD-1.0.0/lib/perl5/site_perl/5.32.0/auto/share/dist/Catalyst-Controller-POD/ext/resources/images/default/grid/hmenu-lock.gif
Installing /nix/store/abrx9bx9rszbvaylf2511mjiwzxk11zv-perl5.32.0-Catalyst-Controller-POD-1.0.0/lib/perl5/site_perl/5.32.0/auto/share/dist/Catalyst-Controller-POD/ext/resources/images/default/grid/wait.gif
Installing /nix/store/abrx9bx9rszbvaylf2511mjiwzxk11zv-perl5.32.0-Catalyst-Controller-POD-1.0.0/lib/perl5/site_perl/5.32.0/auto/share/dist/Catalyst-Controller-POD/ext/resources/images/default/grid/pick-button.gif
Installing /nix/store/abrx9bx9rszbvaylf2511mjiwzxk11zv-perl5.32.0-Catalyst-Controller-POD-1.0.0/lib/perl5/site_perl/5.32.0/auto/share/dist/Catalyst-Controller-POD/ext/resources/images/default/grid/arrow-left-white.gif
Installing /nix/store/abrx9bx9rszbvaylf2511mjiwzxk11zv-perl5.32.0-Catalyst-Controller-POD-1.0.0/lib/perl5/site_perl/5.32.0/auto/share/dist/Catalyst-Controller-POD/ext/resources/images/default/grid/grid-blue-split.gif
Installing /nix/store/abrx9bx9rszbvaylf2511mjiwzxk11zv-perl5.32.0-Catalyst-Controller-POD-1.0.0/lib/perl5/site_perl/5.32.0/auto/share/dist/Catalyst-Controller-POD/ext/resources/images/default/grid/page-first.gif
Installing /nix/store/abrx9bx9rszbvaylf2511mjiwzxk11zv-perl5.32.0-Catalyst-Controller-POD-1.0.0/lib/perl5/site_perl/5.32.0/auto/share/dist/Catalyst-Controller-POD/ext/resources/images/default/grid/row-check-sprite.gif
Installing /nix/store/abrx9bx9rszbvaylf2511mjiwzxk11zv-perl5.32.0-Catalyst-Controller-POD-1.0.0/lib/perl5/site_perl/5.32.0/auto/share/dist/Catalyst-Controller-POD/ext/resources/images/default/grid/invalid_line.gif
Installing /nix/store/abrx9bx9rszbvaylf2511mjiwzxk11zv-perl5.32.0-Catalyst-Controller-POD-1.0.0/lib/perl5/site_perl/5.32.0/auto/share/dist/Catalyst-Controller-POD/ext/resources/images/default/grid/page-last-disabled.gif
Installing /nix/store/abrx9bx9rszbvaylf2511mjiwzxk11zv-perl5.32.0-Catalyst-Controller-POD-1.0.0/lib/perl5/site_perl/5.32.0/auto/share/dist/Catalyst-Controller-POD/ext/resources/images/default/grid/footer-bg.gif
Installing /nix/store/abrx9bx9rszbvaylf2511mjiwzxk11zv-perl5.32.0-Catalyst-Controller-POD-1.0.0/lib/perl5/site_perl/5.32.0/auto/share/dist/Catalyst-Controller-POD/ext/resources/images/default/grid/group-expand-sprite.gif
Installing /nix/store/abrx9bx9rszbvaylf2511mjiwzxk11zv-perl5.32.0-Catalyst-Controller-POD-1.0.0/lib/perl5/site_perl/5.32.0/auto/share/dist/Catalyst-Controller-POD/ext/resources/images/default/grid/grid-vista-hd.gif
Installing /nix/store/abrx9bx9rszbvaylf2511mjiwzxk11zv-perl5.32.0-Catalyst-Controller-POD-1.0.0/lib/perl5/site_perl/5.32.0/auto/share/dist/Catalyst-Controller-POD/ext/resources/images/default/grid/dirty.gif
Installing /nix/store/abrx9bx9rszbvaylf2511mjiwzxk11zv-perl5.32.0-Catalyst-Controller-POD-1.0.0/lib/perl5/site_perl/5.32.0/auto/share/dist/Catalyst-Controller-POD/ext/resources/images/default/grid/sort_desc.gif
Installing /nix/store/abrx9bx9rszbvaylf2511mjiwzxk11zv-perl5.32.0-Catalyst-Controller-POD-1.0.0/lib/perl5/site_perl/5.32.0/auto/share/dist/Catalyst-Controller-POD/ext/resources/images/default/grid/hmenu-unlock.gif
Installing /nix/store/abrx9bx9rszbvaylf2511mjiwzxk11zv-perl5.32.0-Catalyst-Controller-POD-1.0.0/lib/perl5/site_perl/5.32.0/auto/share/dist/Catalyst-Controller-POD/ext/resources/images/default/grid/grid-split.gif
Installing /nix/store/abrx9bx9rszbvaylf2511mjiwzxk11zv-perl5.32.0-Catalyst-Controller-POD-1.0.0/lib/perl5/site_perl/5.32.0/auto/share/dist/Catalyst-Controller-POD/ext/resources/images/default/grid/page-next-disabled.gif
Installing /nix/store/abrx9bx9rszbvaylf2511mjiwzxk11zv-perl5.32.0-Catalyst-Controller-POD-1.0.0/lib/perl5/site_perl/5.32.0/auto/share/dist/Catalyst-Controller-POD/ext/resources/images/default/grid/hmenu-desc.gif
Installing /nix/store/abrx9bx9rszbvaylf2511mjiwzxk11zv-perl5.32.0-Catalyst-Controller-POD-1.0.0/lib/perl5/site_perl/5.32.0/auto/share/dist/Catalyst-Controller-POD/ext/resources/images/default/grid/row-sel.gif
Installing /nix/store/abrx9bx9rszbvaylf2511mjiwzxk11zv-perl5.32.0-Catalyst-Controller-POD-1.0.0/lib/perl5/site_perl/5.32.0/auto/share/dist/Catalyst-Controller-POD/ext/resources/images/default/grid/drop-no.gif
Installing /nix/store/abrx9bx9rszbvaylf2511mjiwzxk11zv-perl5.32.0-Catalyst-Controller-POD-1.0.0/lib/perl5/site_perl/5.32.0/auto/share/dist/Catalyst-Controller-POD/ext/resources/images/default/grid/columns.gif
Installing /nix/store/abrx9bx9rszbvaylf2511mjiwzxk11zv-perl5.32.0-Catalyst-Controller-POD-1.0.0/lib/perl5/site_perl/5.32.0/auto/share/dist/Catalyst-Controller-POD/ext/resources/images/default/grid/refresh-disabled.gif
Installing /nix/store/abrx9bx9rszbvaylf2511mjiwzxk11zv-perl5.32.0-Catalyst-Controller-POD-1.0.0/lib/perl5/site_perl/5.32.0/auto/share/dist/Catalyst-Controller-POD/ext/resources/images/default/grid/page-prev.gif
Installing /nix/store/abrx9bx9rszbvaylf2511mjiwzxk11zv-perl5.32.0-Catalyst-Controller-POD-1.0.0/lib/perl5/site_perl/5.32.0/auto/share/dist/Catalyst-Controller-POD/ext/resources/images/default/grid/grid3-hrow-over.gif
Installing /nix/store/abrx9bx9rszbvaylf2511mjiwzxk11zv-perl5.32.0-Catalyst-Controller-POD-1.0.0/lib/perl5/site_perl/5.32.0/auto/share/dist/Catalyst-Controller-POD/ext/resources/images/default/grid/mso-hd.gif
Installing /nix/store/abrx9bx9rszbvaylf2511mjiwzxk11zv-perl5.32.0-Catalyst-Controller-POD-1.0.0/lib/perl5/site_perl/5.32.0/auto/share/dist/Catalyst-Controller-POD/ext/resources/images/default/grid/hmenu-asc.gif
Installing /nix/store/abrx9bx9rszbvaylf2511mjiwzxk11zv-perl5.32.0-Catalyst-Controller-POD-1.0.0/lib/perl5/site_perl/5.32.0/auto/share/dist/Catalyst-Controller-POD/ext/resources/images/default/grid/grid3-hd-btn.gif
Installing /nix/store/abrx9bx9rszbvaylf2511mjiwzxk11zv-perl5.32.0-Catalyst-Controller-POD-1.0.0/lib/perl5/site_perl/5.32.0/auto/share/dist/Catalyst-Controller-POD/ext/resources/images/default/grid/page-last.gif
Installing /nix/store/abrx9bx9rszbvaylf2511mjiwzxk11zv-perl5.32.0-Catalyst-Controller-POD-1.0.0/lib/perl5/site_perl/5.32.0/auto/share/dist/Catalyst-Controller-POD/ext/resources/images/default/grid/drop-yes.gif
Installing /nix/store/abrx9bx9rszbvaylf2511mjiwzxk11zv-perl5.32.0-Catalyst-Controller-POD-1.0.0/lib/perl5/site_perl/5.32.0/auto/share/dist/Catalyst-Controller-POD/ext/resources/images/default/grid/grid3-rowheader.gif
Installing /nix/store/abrx9bx9rszbvaylf2511mjiwzxk11zv-perl5.32.0-Catalyst-Controller-POD-1.0.0/lib/perl5/site_perl/5.32.0/auto/share/dist/Catalyst-Controller-POD/ext/resources/images/default/grid/row-expand-sprite.gif
Installing /nix/store/abrx9bx9rszbvaylf2511mjiwzxk11zv-perl5.32.0-Catalyst-Controller-POD-1.0.0/lib/perl5/site_perl/5.32.0/auto/share/dist/Catalyst-Controller-POD/ext/resources/images/default/grid/grid3-hrow.gif
Installing /nix/store/abrx9bx9rszbvaylf2511mjiwzxk11zv-perl5.32.0-Catalyst-Controller-POD-1.0.0/lib/perl5/site_perl/5.32.0/auto/share/dist/Catalyst-Controller-POD/ext/resources/images/default/grid/group-collapse.gif
Installing /nix/store/abrx9bx9rszbvaylf2511mjiwzxk11zv-perl5.32.0-Catalyst-Controller-POD-1.0.0/lib/perl5/site_perl/5.32.0/auto/share/dist/Catalyst-Controller-POD/ext/resources/images/default/grid/col-move-top.gif
Installing /nix/store/abrx9bx9rszbvaylf2511mjiwzxk11zv-perl5.32.0-Catalyst-Controller-POD-1.0.0/lib/perl5/site_perl/5.32.0/auto/share/dist/Catalyst-Controller-POD/ext/resources/images/default/grid/grid-loading.gif
Installing /nix/store/abrx9bx9rszbvaylf2511mjiwzxk11zv-perl5.32.0-Catalyst-Controller-POD-1.0.0/lib/perl5/site_perl/5.32.0/auto/share/dist/Catalyst-Controller-POD/ext/resources/images/default/grid/arrow-right-white.gif
Installing /nix/store/abrx9bx9rszbvaylf2511mjiwzxk11zv-perl5.32.0-Catalyst-Controller-POD-1.0.0/lib/perl5/site_perl/5.32.0/auto/share/dist/Catalyst-Controller-POD/ext/resources/images/default/grid/loading.gif
Installing /nix/store/abrx9bx9rszbvaylf2511mjiwzxk11zv-perl5.32.0-Catalyst-Controller-POD-1.0.0/lib/perl5/site_perl/5.32.0/auto/share/dist/Catalyst-Controller-POD/ext/resources/images/default/dd/drop-no.gif
Installing /nix/store/abrx9bx9rszbvaylf2511mjiwzxk11zv-perl5.32.0-Catalyst-Controller-POD-1.0.0/lib/perl5/site_perl/5.32.0/auto/share/dist/Catalyst-Controller-POD/ext/resources/images/default/dd/drop-yes.gif
Installing /nix/store/abrx9bx9rszbvaylf2511mjiwzxk11zv-perl5.32.0-Catalyst-Controller-POD-1.0.0/lib/perl5/site_perl/5.32.0/auto/share/dist/Catalyst-Controller-POD/ext/resources/images/default/dd/drop-add.gif
Installing /nix/store/abrx9bx9rszbvaylf2511mjiwzxk11zv-perl5.32.0-Catalyst-Controller-POD-1.0.0/lib/perl5/site_perl/5.32.0/auto/share/dist/Catalyst-Controller-POD/ext/resources/images/default/layout/mini-top.gif
Installing /nix/store/abrx9bx9rszbvaylf2511mjiwzxk11zv-perl5.32.0-Catalyst-Controller-POD-1.0.0/lib/perl5/site_perl/5.32.0/auto/share/dist/Catalyst-Controller-POD/ext/resources/images/default/layout/stick.gif
Installing /nix/store/abrx9bx9rszbvaylf2511mjiwzxk11zv-perl5.32.0-Catalyst-Controller-POD-1.0.0/lib/perl5/site_perl/5.32.0/auto/share/dist/Catalyst-Controller-POD/ext/resources/images/default/layout/panel-close.gif
Installing /nix/store/abrx9bx9rszbvaylf2511mjiwzxk11zv-perl5.32.0-Catalyst-Controller-POD-1.0.0/lib/perl5/site_perl/5.32.0/auto/share/dist/Catalyst-Controller-POD/ext/resources/images/default/layout/ns-collapse.gif
Installing /nix/store/abrx9bx9rszbvaylf2511mjiwzxk11zv-perl5.32.0-Catalyst-Controller-POD-1.0.0/lib/perl5/site_perl/5.32.0/auto/share/dist/Catalyst-Controller-POD/ext/resources/images/default/layout/panel-title-bg.gif
Installing /nix/store/abrx9bx9rszbvaylf2511mjiwzxk11zv-perl5.32.0-Catalyst-Controller-POD-1.0.0/lib/perl5/site_perl/5.32.0/auto/share/dist/Catalyst-Controller-POD/ext/resources/images/default/layout/panel-title-light-bg.gif
Installing /nix/store/abrx9bx9rszbvaylf2511mjiwzxk11zv-perl5.32.0-Catalyst-Controller-POD-1.0.0/lib/perl5/site_perl/5.32.0/auto/share/dist/Catalyst-Controller-POD/ext/resources/images/default/layout/stuck.gif
Installing /nix/store/abrx9bx9rszbvaylf2511mjiwzxk11zv-perl5.32.0-Catalyst-Controller-POD-1.0.0/lib/perl5/site_perl/5.32.0/auto/share/dist/Catalyst-Controller-POD/ext/resources/images/default/layout/mini-bottom.gif
Installing /nix/store/abrx9bx9rszbvaylf2511mjiwzxk11zv-perl5.32.0-Catalyst-Controller-POD-1.0.0/lib/perl5/site_perl/5.32.0/auto/share/dist/Catalyst-Controller-POD/ext/resources/images/default/layout/gradient-bg.gif
Installing /nix/store/abrx9bx9rszbvaylf2511mjiwzxk11zv-perl5.32.0-Catalyst-Controller-POD-1.0.0/lib/perl5/site_perl/5.32.0/auto/share/dist/Catalyst-Controller-POD/ext/resources/images/default/layout/tab-close-on.gif
Installing /nix/store/abrx9bx9rszbvaylf2511mjiwzxk11zv-perl5.32.0-Catalyst-Controller-POD-1.0.0/lib/perl5/site_perl/5.32.0/auto/share/dist/Catalyst-Controller-POD/ext/resources/images/default/layout/mini-right.gif
Installing /nix/store/abrx9bx9rszbvaylf2511mjiwzxk11zv-perl5.32.0-Catalyst-Controller-POD-1.0.0/lib/perl5/site_perl/5.32.0/auto/share/dist/Catalyst-Controller-POD/ext/resources/images/default/layout/mini-left.gif
Installing /nix/store/abrx9bx9rszbvaylf2511mjiwzxk11zv-perl5.32.0-Catalyst-Controller-POD-1.0.0/lib/perl5/site_perl/5.32.0/auto/share/dist/Catalyst-Controller-POD/ext/resources/images/default/layout/collapse.gif
Installing /nix/store/abrx9bx9rszbvaylf2511mjiwzxk11zv-perl5.32.0-Catalyst-Controller-POD-1.0.0/lib/perl5/site_perl/5.32.0/auto/share/dist/Catalyst-Controller-POD/ext/resources/images/default/layout/expand.gif
Installing /nix/store/abrx9bx9rszbvaylf2511mjiwzxk11zv-perl5.32.0-Catalyst-Controller-POD-1.0.0/lib/perl5/site_perl/5.32.0/auto/share/dist/Catalyst-Controller-POD/ext/resources/images/default/layout/ns-expand.gif
Installing /nix/store/abrx9bx9rszbvaylf2511mjiwzxk11zv-perl5.32.0-Catalyst-Controller-POD-1.0.0/lib/perl5/site_perl/5.32.0/auto/share/dist/Catalyst-Controller-POD/ext/resources/images/default/layout/tab-close.gif
Installing /nix/store/abrx9bx9rszbvaylf2511mjiwzxk11zv-perl5.32.0-Catalyst-Controller-POD-1.0.0/lib/perl5/site_perl/5.32.0/auto/share/dist/Catalyst-Controller-POD/ext/resources/images/default/qtip/tip-sprite.gif
Installing /nix/store/abrx9bx9rszbvaylf2511mjiwzxk11zv-perl5.32.0-Catalyst-Controller-POD-1.0.0/lib/perl5/site_perl/5.32.0/auto/share/dist/Catalyst-Controller-POD/ext/resources/images/default/qtip/bg.gif
Installing /nix/store/abrx9bx9rszbvaylf2511mjiwzxk11zv-perl5.32.0-Catalyst-Controller-POD-1.0.0/lib/perl5/site_perl/5.32.0/auto/share/dist/Catalyst-Controller-POD/ext/resources/images/default/qtip/tip-anchor-sprite.gif
Installing /nix/store/abrx9bx9rszbvaylf2511mjiwzxk11zv-perl5.32.0-Catalyst-Controller-POD-1.0.0/lib/perl5/site_perl/5.32.0/auto/share/dist/Catalyst-Controller-POD/ext/resources/images/default/qtip/close.gif
Installing /nix/store/abrx9bx9rszbvaylf2511mjiwzxk11zv-perl5.32.0-Catalyst-Controller-POD-1.0.0/lib/perl5/site_perl/5.32.0/auto/share/dist/Catalyst-Controller-POD/ext/resources/images/default/box/tb-blue.gif
Installing /nix/store/abrx9bx9rszbvaylf2511mjiwzxk11zv-perl5.32.0-Catalyst-Controller-POD-1.0.0/lib/perl5/site_perl/5.32.0/auto/share/dist/Catalyst-Controller-POD/ext/resources/images/default/box/l.gif
Installing /nix/store/abrx9bx9rszbvaylf2511mjiwzxk11zv-perl5.32.0-Catalyst-Controller-POD-1.0.0/lib/perl5/site_perl/5.32.0/auto/share/dist/Catalyst-Controller-POD/ext/resources/images/default/box/corners-blue.gif
Installing /nix/store/abrx9bx9rszbvaylf2511mjiwzxk11zv-perl5.32.0-Catalyst-Controller-POD-1.0.0/lib/perl5/site_perl/5.32.0/auto/share/dist/Catalyst-Controller-POD/ext/resources/images/default/box/tb.gif
Installing /nix/store/abrx9bx9rszbvaylf2511mjiwzxk11zv-perl5.32.0-Catalyst-Controller-POD-1.0.0/lib/perl5/site_perl/5.32.0/auto/share/dist/Catalyst-Controller-POD/ext/resources/images/default/box/r.gif
Installing /nix/store/abrx9bx9rszbvaylf2511mjiwzxk11zv-perl5.32.0-Catalyst-Controller-POD-1.0.0/lib/perl5/site_perl/5.32.0/auto/share/dist/Catalyst-Controller-POD/ext/resources/images/default/box/l-blue.gif
Installing /nix/store/abrx9bx9rszbvaylf2511mjiwzxk11zv-perl5.32.0-Catalyst-Controller-POD-1.0.0/lib/perl5/site_perl/5.32.0/auto/share/dist/Catalyst-Controller-POD/ext/resources/images/default/box/corners.gif
Installing /nix/store/abrx9bx9rszbvaylf2511mjiwzxk11zv-perl5.32.0-Catalyst-Controller-POD-1.0.0/lib/perl5/site_perl/5.32.0/auto/share/dist/Catalyst-Controller-POD/ext/resources/images/default/box/r-blue.gif
Installing /nix/store/abrx9bx9rszbvaylf2511mjiwzxk11zv-perl5.32.0-Catalyst-Controller-POD-1.0.0/lib/perl5/site_perl/5.32.0/auto/share/dist/Catalyst-Controller-POD/ext/resources/images/default/sizer/ne-handle-dark.gif
Installing /nix/store/abrx9bx9rszbvaylf2511mjiwzxk11zv-perl5.32.0-Catalyst-Controller-POD-1.0.0/lib/perl5/site_perl/5.32.0/auto/share/dist/Catalyst-Controller-POD/ext/resources/images/default/sizer/s-handle.gif
Installing /nix/store/abrx9bx9rszbvaylf2511mjiwzxk11zv-perl5.32.0-Catalyst-Controller-POD-1.0.0/lib/perl5/site_perl/5.32.0/auto/share/dist/Catalyst-Controller-POD/ext/resources/images/default/sizer/se-handle.gif
Installing /nix/store/abrx9bx9rszbvaylf2511mjiwzxk11zv-perl5.32.0-Catalyst-Controller-POD-1.0.0/lib/perl5/site_perl/5.32.0/auto/share/dist/Catalyst-Controller-POD/ext/resources/images/default/sizer/e-handle.gif
Installing /nix/store/abrx9bx9rszbvaylf2511mjiwzxk11zv-perl5.32.0-Catalyst-Controller-POD-1.0.0/lib/perl5/site_perl/5.32.0/auto/share/dist/Catalyst-Controller-POD/ext/resources/images/default/sizer/se-handle-dark.gif
Installing /nix/store/abrx9bx9rszbvaylf2511mjiwzxk11zv-perl5.32.0-Catalyst-Controller-POD-1.0.0/lib/perl5/site_perl/5.32.0/auto/share/dist/Catalyst-Controller-POD/ext/resources/images/default/sizer/s-handle-dark.gif
Installing /nix/store/abrx9bx9rszbvaylf2511mjiwzxk11zv-perl5.32.0-Catalyst-Controller-POD-1.0.0/lib/perl5/site_perl/5.32.0/auto/share/dist/Catalyst-Controller-POD/ext/resources/images/default/sizer/nw-handle.gif
Installing /nix/store/abrx9bx9rszbvaylf2511mjiwzxk11zv-perl5.32.0-Catalyst-Controller-POD-1.0.0/lib/perl5/site_perl/5.32.0/auto/share/dist/Catalyst-Controller-POD/ext/resources/images/default/sizer/sw-handle-dark.gif
Installing /nix/store/abrx9bx9rszbvaylf2511mjiwzxk11zv-perl5.32.0-Catalyst-Controller-POD-1.0.0/lib/perl5/site_perl/5.32.0/auto/share/dist/Catalyst-Controller-POD/ext/resources/images/default/sizer/ne-handle.gif
Installing /nix/store/abrx9bx9rszbvaylf2511mjiwzxk11zv-perl5.32.0-Catalyst-Controller-POD-1.0.0/lib/perl5/site_perl/5.32.0/auto/share/dist/Catalyst-Controller-POD/ext/resources/images/default/sizer/nw-handle-dark.gif
Installing /nix/store/abrx9bx9rszbvaylf2511mjiwzxk11zv-perl5.32.0-Catalyst-Controller-POD-1.0.0/lib/perl5/site_perl/5.32.0/auto/share/dist/Catalyst-Controller-POD/ext/resources/images/default/sizer/sw-handle.gif
Installing /nix/store/abrx9bx9rszbvaylf2511mjiwzxk11zv-perl5.32.0-Catalyst-Controller-POD-1.0.0/lib/perl5/site_perl/5.32.0/auto/share/dist/Catalyst-Controller-POD/ext/resources/images/default/sizer/e-handle-dark.gif
Installing /nix/store/abrx9bx9rszbvaylf2511mjiwzxk11zv-perl5.32.0-Catalyst-Controller-POD-1.0.0/lib/perl5/site_perl/5.32.0/auto/share/dist/Catalyst-Controller-POD/ext/resources/images/default/sizer/square.gif
Installing /nix/store/abrx9bx9rszbvaylf2511mjiwzxk11zv-perl5.32.0-Catalyst-Controller-POD-1.0.0/lib/perl5/site_perl/5.32.0/auto/share/dist/Catalyst-Controller-POD/ext/resources/images/default/window/right-corners.psd
Installing /nix/store/abrx9bx9rszbvaylf2511mjiwzxk11zv-perl5.32.0-Catalyst-Controller-POD-1.0.0/lib/perl5/site_perl/5.32.0/auto/share/dist/Catalyst-Controller-POD/ext/resources/images/default/window/icon-error.gif
Installing /nix/store/abrx9bx9rszbvaylf2511mjiwzxk11zv-perl5.32.0-Catalyst-Controller-POD-1.0.0/lib/perl5/site_perl/5.32.0/auto/share/dist/Catalyst-Controller-POD/ext/resources/images/default/window/left-corners.png
Installing /nix/store/abrx9bx9rszbvaylf2511mjiwzxk11zv-perl5.32.0-Catalyst-Controller-POD-1.0.0/lib/perl5/site_perl/5.32.0/auto/share/dist/Catalyst-Controller-POD/ext/resources/images/default/window/left-right.png
Installing /nix/store/abrx9bx9rszbvaylf2511mjiwzxk11zv-perl5.32.0-Catalyst-Controller-POD-1.0.0/lib/perl5/site_perl/5.32.0/auto/share/dist/Catalyst-Controller-POD/ext/resources/images/default/window/top-bottom.psd
Installing /nix/store/abrx9bx9rszbvaylf2511mjiwzxk11zv-perl5.32.0-Catalyst-Controller-POD-1.0.0/lib/perl5/site_perl/5.32.0/auto/share/dist/Catalyst-Controller-POD/ext/resources/images/default/window/icon-info.gif
Installing /nix/store/abrx9bx9rszbvaylf2511mjiwzxk11zv-perl5.32.0-Catalyst-Controller-POD-1.0.0/lib/perl5/site_perl/5.32.0/auto/share/dist/Catalyst-Controller-POD/ext/resources/images/default/window/icon-warning.gif
Installing /nix/store/abrx9bx9rszbvaylf2511mjiwzxk11zv-perl5.32.0-Catalyst-Controller-POD-1.0.0/lib/perl5/site_perl/5.32.0/auto/share/dist/Catalyst-Controller-POD/ext/resources/images/default/window/right-corners.png
Installing /nix/store/abrx9bx9rszbvaylf2511mjiwzxk11zv-perl5.32.0-Catalyst-Controller-POD-1.0.0/lib/perl5/site_perl/5.32.0/auto/share/dist/Catalyst-Controller-POD/ext/resources/images/default/window/top-bottom.png
Installing /nix/store/abrx9bx9rszbvaylf2511mjiwzxk11zv-perl5.32.0-Catalyst-Controller-POD-1.0.0/lib/perl5/site_perl/5.32.0/auto/share/dist/Catalyst-Controller-POD/ext/resources/images/default/window/left-right.psd
Installing /nix/store/abrx9bx9rszbvaylf2511mjiwzxk11zv-perl5.32.0-Catalyst-Controller-POD-1.0.0/lib/perl5/site_perl/5.32.0/auto/share/dist/Catalyst-Controller-POD/ext/resources/images/default/window/left-corners.psd
Installing /nix/store/abrx9bx9rszbvaylf2511mjiwzxk11zv-perl5.32.0-Catalyst-Controller-POD-1.0.0/lib/perl5/site_perl/5.32.0/auto/share/dist/Catalyst-Controller-POD/ext/resources/images/default/window/icon-question.gif
Installing /nix/store/abrx9bx9rszbvaylf2511mjiwzxk11zv-perl5.32.0-Catalyst-Controller-POD-1.0.0/lib/perl5/site_perl/5.32.0/auto/share/dist/Catalyst-Controller-POD/ext/resources/images/default/shared/loading-balls.gif
Installing /nix/store/abrx9bx9rszbvaylf2511mjiwzxk11zv-perl5.32.0-Catalyst-Controller-POD-1.0.0/lib/perl5/site_perl/5.32.0/auto/share/dist/Catalyst-Controller-POD/ext/resources/images/default/shared/glass-bg.gif
Installing /nix/store/abrx9bx9rszbvaylf2511mjiwzxk11zv-perl5.32.0-Catalyst-Controller-POD-1.0.0/lib/perl5/site_perl/5.32.0/auto/share/dist/Catalyst-Controller-POD/ext/resources/images/default/shared/calendar.gif
Installing /nix/store/abrx9bx9rszbvaylf2511mjiwzxk11zv-perl5.32.0-Catalyst-Controller-POD-1.0.0/lib/perl5/site_perl/5.32.0/auto/share/dist/Catalyst-Controller-POD/ext/resources/images/default/shared/large-loading.gif
Installing /nix/store/abrx9bx9rszbvaylf2511mjiwzxk11zv-perl5.32.0-Catalyst-Controller-POD-1.0.0/lib/perl5/site_perl/5.32.0/auto/share/dist/Catalyst-Controller-POD/ext/resources/images/default/shared/hd-sprite.gif
Installing /nix/store/abrx9bx9rszbvaylf2511mjiwzxk11zv-perl5.32.0-Catalyst-Controller-POD-1.0.0/lib/perl5/site_perl/5.32.0/auto/share/dist/Catalyst-Controller-POD/ext/resources/images/default/shared/warning.gif
Installing /nix/store/abrx9bx9rszbvaylf2511mjiwzxk11zv-perl5.32.0-Catalyst-Controller-POD-1.0.0/lib/perl5/site_perl/5.32.0/auto/share/dist/Catalyst-Controller-POD/ext/resources/images/default/shared/left-btn.gif
Installing /nix/store/abrx9bx9rszbvaylf2511mjiwzxk11zv-perl5.32.0-Catalyst-Controller-POD-1.0.0/lib/perl5/site_perl/5.32.0/auto/share/dist/Catalyst-Controller-POD/ext/resources/images/default/shared/right-btn.gif
Installing /nix/store/abrx9bx9rszbvaylf2511mjiwzxk11zv-perl5.32.0-Catalyst-Controller-POD-1.0.0/lib/perl5/site_perl/5.32.0/auto/share/dist/Catalyst-Controller-POD/ext/resources/images/default/shared/blue-loading.gif
Installing /nix/store/abrx9bx9rszbvaylf2511mjiwzxk11zv-perl5.32.0-Catalyst-Controller-POD-1.0.0/lib/perl5/site_perl/5.32.0/auto/share/dist/Catalyst-Controller-POD/ext/resources/images/default/progress/progress-bg.gif
Installing /nix/store/abrx9bx9rszbvaylf2511mjiwzxk11zv-perl5.32.0-Catalyst-Controller-POD-1.0.0/lib/perl5/site_perl/5.32.0/auto/share/dist/Catalyst-Controller-POD/ext/resources/images/default/editor/tb-sprite.gif
Installing /nix/store/abrx9bx9rszbvaylf2511mjiwzxk11zv-perl5.32.0-Catalyst-Controller-POD-1.0.0/lib/perl5/site_perl/5.32.0/auto/share/dist/Catalyst-Controller-POD/ext/resources/images/default/slider/slider-v-thumb.png
Installing /nix/store/abrx9bx9rszbvaylf2511mjiwzxk11zv-perl5.32.0-Catalyst-Controller-POD-1.0.0/lib/perl5/site_perl/5.32.0/auto/share/dist/Catalyst-Controller-POD/ext/resources/images/default/slider/slider-v-bg.png
Installing /nix/store/abrx9bx9rszbvaylf2511mjiwzxk11zv-perl5.32.0-Catalyst-Controller-POD-1.0.0/lib/perl5/site_perl/5.32.0/auto/share/dist/Catalyst-Controller-POD/ext/resources/images/default/slider/slider-thumb.png
Installing /nix/store/abrx9bx9rszbvaylf2511mjiwzxk11zv-perl5.32.0-Catalyst-Controller-POD-1.0.0/lib/perl5/site_perl/5.32.0/auto/share/dist/Catalyst-Controller-POD/ext/resources/images/default/slider/slider-bg.png
Installing /nix/store/abrx9bx9rszbvaylf2511mjiwzxk11zv-perl5.32.0-Catalyst-Controller-POD-1.0.0/lib/perl5/site_perl/5.32.0/auto/share/dist/Catalyst-Controller-POD/ext/resources/images/default/menu/group-checked.gif
Installing /nix/store/abrx9bx9rszbvaylf2511mjiwzxk11zv-perl5.32.0-Catalyst-Controller-POD-1.0.0/lib/perl5/site_perl/5.32.0/auto/share/dist/Catalyst-Controller-POD/ext/resources/images/default/menu/item-over.gif
Installing /nix/store/abrx9bx9rszbvaylf2511mjiwzxk11zv-perl5.32.0-Catalyst-Controller-POD-1.0.0/lib/perl5/site_perl/5.32.0/auto/share/dist/Catalyst-Controller-POD/ext/resources/images/default/menu/menu-parent.gif
Installing /nix/store/abrx9bx9rszbvaylf2511mjiwzxk11zv-perl5.32.0-Catalyst-Controller-POD-1.0.0/lib/perl5/site_perl/5.32.0/auto/share/dist/Catalyst-Controller-POD/ext/resources/images/default/menu/unchecked.gif
Installing /nix/store/abrx9bx9rszbvaylf2511mjiwzxk11zv-perl5.32.0-Catalyst-Controller-POD-1.0.0/lib/perl5/site_perl/5.32.0/auto/share/dist/Catalyst-Controller-POD/ext/resources/images/default/menu/checked.gif
Installing /nix/store/abrx9bx9rszbvaylf2511mjiwzxk11zv-perl5.32.0-Catalyst-Controller-POD-1.0.0/lib/perl5/site_perl/5.32.0/auto/share/dist/Catalyst-Controller-POD/ext/resources/images/default/menu/menu.gif
Installing /nix/store/abrx9bx9rszbvaylf2511mjiwzxk11zv-perl5.32.0-Catalyst-Controller-POD-1.0.0/lib/perl5/site_perl/5.32.0/auto/share/dist/Catalyst-Controller-POD/ext/resources/images/default/button/s-arrow-noline.gif
Installing /nix/store/abrx9bx9rszbvaylf2511mjiwzxk11zv-perl5.32.0-Catalyst-Controller-POD-1.0.0/lib/perl5/site_perl/5.32.0/auto/share/dist/Catalyst-Controller-POD/ext/resources/images/default/button/group-tb.gif
Installing /nix/store/abrx9bx9rszbvaylf2511mjiwzxk11zv-perl5.32.0-Catalyst-Controller-POD-1.0.0/lib/perl5/site_perl/5.32.0/auto/share/dist/Catalyst-Controller-POD/ext/resources/images/default/button/s-arrow-o.gif
Installing /nix/store/abrx9bx9rszbvaylf2511mjiwzxk11zv-perl5.32.0-Catalyst-Controller-POD-1.0.0/lib/perl5/site_perl/5.32.0/auto/share/dist/Catalyst-Controller-POD/ext/resources/images/default/button/s-arrow-b-noline.gif
Installing /nix/store/abrx9bx9rszbvaylf2511mjiwzxk11zv-perl5.32.0-Catalyst-Controller-POD-1.0.0/lib/perl5/site_perl/5.32.0/auto/share/dist/Catalyst-Controller-POD/ext/resources/images/default/button/s-arrow.gif
Installing /nix/store/abrx9bx9rszbvaylf2511mjiwzxk11zv-perl5.32.0-Catalyst-Controller-POD-1.0.0/lib/perl5/site_perl/5.32.0/auto/share/dist/Catalyst-Controller-POD/ext/resources/images/default/button/group-cs.gif
Installing /nix/store/abrx9bx9rszbvaylf2511mjiwzxk11zv-perl5.32.0-Catalyst-Controller-POD-1.0.0/lib/perl5/site_perl/5.32.0/auto/share/dist/Catalyst-Controller-POD/ext/resources/images/default/button/arrow.gif
Installing /nix/store/abrx9bx9rszbvaylf2511mjiwzxk11zv-perl5.32.0-Catalyst-Controller-POD-1.0.0/lib/perl5/site_perl/5.32.0/auto/share/dist/Catalyst-Controller-POD/ext/resources/images/default/button/s-arrow-b.gif
Installing /nix/store/abrx9bx9rszbvaylf2511mjiwzxk11zv-perl5.32.0-Catalyst-Controller-POD-1.0.0/lib/perl5/site_perl/5.32.0/auto/share/dist/Catalyst-Controller-POD/ext/resources/images/default/button/group-lr.gif
Installing /nix/store/abrx9bx9rszbvaylf2511mjiwzxk11zv-perl5.32.0-Catalyst-Controller-POD-1.0.0/lib/perl5/site_perl/5.32.0/auto/share/dist/Catalyst-Controller-POD/ext/resources/images/default/button/btn.gif
Installing /nix/store/abrx9bx9rszbvaylf2511mjiwzxk11zv-perl5.32.0-Catalyst-Controller-POD-1.0.0/lib/perl5/site_perl/5.32.0/auto/share/dist/Catalyst-Controller-POD/ext/resources/images/default/button/s-arrow-bo.gif
Installing /nix/store/abrx9bx9rszbvaylf2511mjiwzxk11zv-perl5.32.0-Catalyst-Controller-POD-1.0.0/lib/perl5/site_perl/5.32.0/auto/share/dist/Catalyst-Controller-POD/ext/resources/images/default/form/trigger.psd
Installing /nix/store/abrx9bx9rszbvaylf2511mjiwzxk11zv-perl5.32.0-Catalyst-Controller-POD-1.0.0/lib/perl5/site_perl/5.32.0/auto/share/dist/Catalyst-Controller-POD/ext/resources/images/default/form/text-bg.gif
Installing /nix/store/abrx9bx9rszbvaylf2511mjiwzxk11zv-perl5.32.0-Catalyst-Controller-POD-1.0.0/lib/perl5/site_perl/5.32.0/auto/share/dist/Catalyst-Controller-POD/ext/resources/images/default/form/radio.gif
Installing /nix/store/abrx9bx9rszbvaylf2511mjiwzxk11zv-perl5.32.0-Catalyst-Controller-POD-1.0.0/lib/perl5/site_perl/5.32.0/auto/share/dist/Catalyst-Controller-POD/ext/resources/images/default/form/search-trigger.gif
Installing /nix/store/abrx9bx9rszbvaylf2511mjiwzxk11zv-perl5.32.0-Catalyst-Controller-POD-1.0.0/lib/perl5/site_perl/5.32.0/auto/share/dist/Catalyst-Controller-POD/ext/resources/images/default/form/trigger.gif
Installing /nix/store/abrx9bx9rszbvaylf2511mjiwzxk11zv-perl5.32.0-Catalyst-Controller-POD-1.0.0/lib/perl5/site_perl/5.32.0/auto/share/dist/Catalyst-Controller-POD/ext/resources/images/default/form/exclamation.gif
Installing /nix/store/abrx9bx9rszbvaylf2511mjiwzxk11zv-perl5.32.0-Catalyst-Controller-POD-1.0.0/lib/perl5/site_perl/5.32.0/auto/share/dist/Catalyst-Controller-POD/ext/resources/images/default/form/trigger-square.psd
Installing /nix/store/abrx9bx9rszbvaylf2511mjiwzxk11zv-perl5.32.0-Catalyst-Controller-POD-1.0.0/lib/perl5/site_perl/5.32.0/auto/share/dist/Catalyst-Controller-POD/ext/resources/images/default/form/error-tip-corners.gif
Installing /nix/store/abrx9bx9rszbvaylf2511mjiwzxk11zv-perl5.32.0-Catalyst-Controller-POD-1.0.0/lib/perl5/site_perl/5.32.0/auto/share/dist/Catalyst-Controller-POD/ext/resources/images/default/form/trigger-square.gif
Installing /nix/store/abrx9bx9rszbvaylf2511mjiwzxk11zv-perl5.32.0-Catalyst-Controller-POD-1.0.0/lib/perl5/site_perl/5.32.0/auto/share/dist/Catalyst-Controller-POD/ext/resources/images/default/form/date-trigger.psd
Installing /nix/store/abrx9bx9rszbvaylf2511mjiwzxk11zv-perl5.32.0-Catalyst-Controller-POD-1.0.0/lib/perl5/site_perl/5.32.0/auto/share/dist/Catalyst-Controller-POD/ext/resources/images/default/form/clear-trigger.psd
Installing /nix/store/abrx9bx9rszbvaylf2511mjiwzxk11zv-perl5.32.0-Catalyst-Controller-POD-1.0.0/lib/perl5/site_perl/5.32.0/auto/share/dist/Catalyst-Controller-POD/ext/resources/images/default/form/checkbox.gif
Installing /nix/store/abrx9bx9rszbvaylf2511mjiwzxk11zv-perl5.32.0-Catalyst-Controller-POD-1.0.0/lib/perl5/site_perl/5.32.0/auto/share/dist/Catalyst-Controller-POD/ext/resources/images/default/form/clear-trigger.gif
Installing /nix/store/abrx9bx9rszbvaylf2511mjiwzxk11zv-perl5.32.0-Catalyst-Controller-POD-1.0.0/lib/perl5/site_perl/5.32.0/auto/share/dist/Catalyst-Controller-POD/ext/resources/images/default/form/trigger-tpl.gif
Installing /nix/store/abrx9bx9rszbvaylf2511mjiwzxk11zv-perl5.32.0-Catalyst-Controller-POD-1.0.0/lib/perl5/site_perl/5.32.0/auto/share/dist/Catalyst-Controller-POD/ext/resources/images/default/form/search-trigger.psd
Installing /nix/store/abrx9bx9rszbvaylf2511mjiwzxk11zv-perl5.32.0-Catalyst-Controller-POD-1.0.0/lib/perl5/site_perl/5.32.0/auto/share/dist/Catalyst-Controller-POD/ext/resources/images/default/form/date-trigger.gif
Installing /nix/store/abrx9bx9rszbvaylf2511mjiwzxk11zv-perl5.32.0-Catalyst-Controller-POD-1.0.0/lib/perl5/site_perl/5.32.0/auto/share/dist/Catalyst-Controller-POD/ext/adapter/ext/ext-base.js
Installing /nix/store/abrx9bx9rszbvaylf2511mjiwzxk11zv-perl5.32.0-Catalyst-Controller-POD-1.0.0/lib/perl5/site_perl/5.32.0/auto/share/dist/Catalyst-Controller-POD/resources/collapse-all.gif
Installing /nix/store/abrx9bx9rszbvaylf2511mjiwzxk11zv-perl5.32.0-Catalyst-Controller-POD-1.0.0/lib/perl5/site_perl/5.32.0/auto/share/dist/Catalyst-Controller-POD/resources/expand-all.gif
Installing /nix/store/abrx9bx9rszbvaylf2511mjiwzxk11zv-perl5.32.0-Catalyst-Controller-POD-1.0.0/share/man/man3/Catalyst::Controller::POD::Template.3
Installing /nix/store/abrx9bx9rszbvaylf2511mjiwzxk11zv-perl5.32.0-Catalyst-Controller-POD-1.0.0/share/man/man3/Catalyst::Controller::POD.3
Installing /nix/store/abrx9bx9rszbvaylf2511mjiwzxk11zv-perl5.32.0-Catalyst-Controller-POD-1.0.0/share/man/man3/Catalyst::Controller::POD::POM::View.3
post-installation fixup
Moving /nix/store/abrx9bx9rszbvaylf2511mjiwzxk11zv-perl5.32.0-Catalyst-Controller-POD-1.0.0/share/man/man3 to /nix/store/k2h2pw9yqdmpcvg6cx95f8qnzfjmkzsd-perl5.32.0-Catalyst-Controller-POD-1.0.0-devdoc/share/man/man3
Removing empty /nix/store/abrx9bx9rszbvaylf2511mjiwzxk11zv-perl5.32.0-Catalyst-Controller-POD-1.0.0/share/man/ and (possibly) its parents
shrinking RPATHs of ELF executables and libraries in /nix/store/abrx9bx9rszbvaylf2511mjiwzxk11zv-perl5.32.0-Catalyst-Controller-POD-1.0.0
strip is /nix/store/psyzbhp4p088sb9qcs378hfbslcalasl-binutils-2.31.1/bin/strip
stripping (with command strip and flags -S) in /nix/store/abrx9bx9rszbvaylf2511mjiwzxk11zv-perl5.32.0-Catalyst-Controller-POD-1.0.0/lib
patching script interpreter paths in /nix/store/abrx9bx9rszbvaylf2511mjiwzxk11zv-perl5.32.0-Catalyst-Controller-POD-1.0.0
checking for references to /build/ in /nix/store/abrx9bx9rszbvaylf2511mjiwzxk11zv-perl5.32.0-Catalyst-Controller-POD-1.0.0...
shrinking RPATHs of ELF executables and libraries in /nix/store/k2h2pw9yqdmpcvg6cx95f8qnzfjmkzsd-perl5.32.0-Catalyst-Controller-POD-1.0.0-devdoc
gzipping man pages under /nix/store/k2h2pw9yqdmpcvg6cx95f8qnzfjmkzsd-perl5.32.0-Catalyst-Controller-POD-1.0.0-devdoc/share/man/
strip is /nix/store/psyzbhp4p088sb9qcs378hfbslcalasl-binutils-2.31.1/bin/strip
patching script interpreter paths in /nix/store/k2h2pw9yqdmpcvg6cx95f8qnzfjmkzsd-perl5.32.0-Catalyst-Controller-POD-1.0.0-devdoc
checking for references to /build/ in /nix/store/k2h2pw9yqdmpcvg6cx95f8qnzfjmkzsd-perl5.32.0-Catalyst-Controller-POD-1.0.0-devdoc...
/nix/store/abrx9bx9rszbvaylf2511mjiwzxk11zv-perl5.32.0-Catalyst-Controller-POD-1.0.0
