these derivations will be built:
  /nix/store/c9ac0b4cg8xm2z54yhbgcp28y0phajfl-perl5.32.0-CGI-FormBuilder-3.10.drv
these paths will be fetched (0.16 MiB download, 0.15 MiB unpacked):
  /nix/store/yf7sjb0v1aszw5qw4dicac89r7fdgbjb-CGI-FormBuilder-3.10.tar.gz
copying path '/nix/store/yf7sjb0v1aszw5qw4dicac89r7fdgbjb-CGI-FormBuilder-3.10.tar.gz' from 'https://cache.nixos.org'...
building '/nix/store/c9ac0b4cg8xm2z54yhbgcp28y0phajfl-perl5.32.0-CGI-FormBuilder-3.10.drv'...
unpacking sources
unpacking source archive /nix/store/yf7sjb0v1aszw5qw4dicac89r7fdgbjb-CGI-FormBuilder-3.10.tar.gz
source root is CGI-FormBuilder-3.10
setting SOURCE_DATE_EPOCH to timestamp 1471391890 of file CGI-FormBuilder-3.10/META.yml
patching sources
configuring
patching ./t/2e-template-ssi.t...
patching ./t/2c-template-tt2.t...
patching ./t/1d-messages.t...
patching ./t/3a-source-file.t...
patching ./t/1c-validate.t...
patching ./t/1a-generate.t...
patching ./t/2d-template-fast.t...
patching ./t/1b-fields.t...
patching ./t/2b-template-text.t...
patching ./t/3b-multi-page.t...
patching ./t/2a-template-html.t...
Checking if your kit is complete...
Looks good

Doing FormBuilder pre-req checks...

Warning: The following *OPTIONAL* modules are NOT installed:

    HTML::Template     2.06  (Can't locate HTML/Template.pm in @INC)
    Text::Template     1.43  (Can't locate Text/Template.pm in @INC)
    Template           2.08  (Can't locate Template.pm in @INC)
    CGI::FastTemplate  1.09  (Can't locate CGI/FastTemplate.pm in @INC)
    CGI::SSI           0.92  (Can't locate CGI/SSI.pm in @INC)
    CGI::Session       3.95  (Can't locate CGI/Session.pm in @INC)

FormBuilder will still work just fine, a-ok, no problem... unless you
want to use one of these modules for templates. You can always install
them later, FormBuilder will run without them.

Generating a Unix-style Makefile
Writing Makefile for CGI::FormBuilder
Writing MYMETA.yml and MYMETA.json
no configure script, doing nothing
building
build flags: SHELL=/nix/store/9fqwwd4iybmhjqyxiaxycknslw6bgwh1-bash-4.4-p23/bin/bash
cp lib/CGI/FormBuilder/Field/email.pm blib/lib/CGI/FormBuilder/Field/email.pm
cp lib/CGI/FormBuilder/Messages/de_DE.pm blib/lib/CGI/FormBuilder/Messages/de_DE.pm
cp lib/CGI/FormBuilder/Field/time.pm blib/lib/CGI/FormBuilder/Field/time.pm
cp lib/CGI/FormBuilder/Messages/de.pm blib/lib/CGI/FormBuilder/Messages/de.pm
cp lib/CGI/FormBuilder.pm blib/lib/CGI/FormBuilder.pm
cp lib/CGI/FormBuilder/Field.pm blib/lib/CGI/FormBuilder/Field.pm
cp lib/CGI/FormBuilder/Messages/_example.pm blib/lib/CGI/FormBuilder/Messages/_example.pm
cp lib/CGI/FormBuilder/Field/submit.pm blib/lib/CGI/FormBuilder/Field/submit.pm
cp lib/CGI/FormBuilder/Field/datetime.pm blib/lib/CGI/FormBuilder/Field/datetime.pm
cp lib/CGI/FormBuilder/Field/date.pm blib/lib/CGI/FormBuilder/Field/date.pm
cp lib/CGI/FormBuilder/Messages/base.pm blib/lib/CGI/FormBuilder/Messages/base.pm
cp lib/CGI/FormBuilder/Field/textarea.pm blib/lib/CGI/FormBuilder/Field/textarea.pm
cp lib/CGI/FormBuilder/Field/radio.pm blib/lib/CGI/FormBuilder/Field/radio.pm
cp lib/CGI/FormBuilder/Field/file.pm blib/lib/CGI/FormBuilder/Field/file.pm
cp lib/CGI/FormBuilder/Field/select.pm blib/lib/CGI/FormBuilder/Field/select.pm
cp lib/CGI/FormBuilder/Field/checkbox.pm blib/lib/CGI/FormBuilder/Field/checkbox.pm
cp lib/CGI/FormBuilder/Field/number.pm blib/lib/CGI/FormBuilder/Field/number.pm
cp lib/CGI/FormBuilder/Messages/da.pm blib/lib/CGI/FormBuilder/Messages/da.pm
cp lib/CGI/FormBuilder/Messages.pm blib/lib/CGI/FormBuilder/Messages.pm
cp lib/CGI/FormBuilder/Messages/en.pm blib/lib/CGI/FormBuilder/Messages/en.pm
cp lib/CGI/FormBuilder/Messages/da_DK.pm blib/lib/CGI/FormBuilder/Messages/da_DK.pm
cp lib/CGI/FormBuilder/Field/button.pm blib/lib/CGI/FormBuilder/Field/button.pm
cp lib/CGI/FormBuilder/Field/hidden.pm blib/lib/CGI/FormBuilder/Field/hidden.pm
cp lib/CGI/FormBuilder/Messages/default.pm blib/lib/CGI/FormBuilder/Messages/default.pm
cp lib/CGI/FormBuilder.pod blib/lib/CGI/FormBuilder.pod
cp lib/CGI/FormBuilder/Messages/C.pm blib/lib/CGI/FormBuilder/Messages/C.pm
cp lib/CGI/FormBuilder/Field/datetime_local.pm blib/lib/CGI/FormBuilder/Field/datetime_local.pm
cp lib/CGI/FormBuilder/Field/static.pm blib/lib/CGI/FormBuilder/Field/static.pm
cp lib/CGI/FormBuilder/Field/url.pm blib/lib/CGI/FormBuilder/Field/url.pm
cp lib/CGI/FormBuilder/Field/image.pm blib/lib/CGI/FormBuilder/Field/image.pm
cp lib/CGI/FormBuilder/Field/password.pm blib/lib/CGI/FormBuilder/Field/password.pm
cp lib/CGI/FormBuilder/Field/text.pm blib/lib/CGI/FormBuilder/Field/text.pm
cp lib/CGI/FormBuilder/Template/Text.pm blib/lib/CGI/FormBuilder/Template/Text.pm
cp lib/CGI/FormBuilder/Multi.pm blib/lib/CGI/FormBuilder/Multi.pm
cp lib/CGI/FormBuilder/Util.pm blib/lib/CGI/FormBuilder/Util.pm
cp lib/CGI/FormBuilder/Source/File.pm blib/lib/CGI/FormBuilder/Source/File.pm
cp lib/CGI/FormBuilder/Messages/fr.pm blib/lib/CGI/FormBuilder/Messages/fr.pm
cp lib/CGI/FormBuilder/Messages/tr.pm blib/lib/CGI/FormBuilder/Messages/tr.pm
cp lib/CGI/FormBuilder/Messages/ru_RU.pm blib/lib/CGI/FormBuilder/Messages/ru_RU.pm
cp lib/CGI/FormBuilder/Messages/ru.pm blib/lib/CGI/FormBuilder/Messages/ru.pm
cp lib/CGI/FormBuilder/Messages/es.pm blib/lib/CGI/FormBuilder/Messages/es.pm
cp lib/CGI/FormBuilder/Template/HTML.pm blib/lib/CGI/FormBuilder/Template/HTML.pm
cp lib/CGI/FormBuilder/Template/Div.pm blib/lib/CGI/FormBuilder/Template/Div.pm
cp lib/CGI/FormBuilder/Source.pm blib/lib/CGI/FormBuilder/Source.pm
cp lib/CGI/FormBuilder/Messages/sv_SE.pm blib/lib/CGI/FormBuilder/Messages/sv_SE.pm
cp lib/CGI/FormBuilder/Messages/ja_JP.pm blib/lib/CGI/FormBuilder/Messages/ja_JP.pm
cp lib/CGI/FormBuilder/Messages/en_US.pm blib/lib/CGI/FormBuilder/Messages/en_US.pm
cp lib/CGI/FormBuilder/Template/CGI_SSI.pm blib/lib/CGI/FormBuilder/Template/CGI_SSI.pm
cp lib/CGI/FormBuilder/Messages/tr_TR.pm blib/lib/CGI/FormBuilder/Messages/tr_TR.pm
cp lib/CGI/FormBuilder/Template/Fast.pm blib/lib/CGI/FormBuilder/Template/Fast.pm
cp lib/CGI/FormBuilder/Test.pm blib/lib/CGI/FormBuilder/Test.pm
cp lib/CGI/FormBuilder/Template.pm blib/lib/CGI/FormBuilder/Template.pm
cp lib/CGI/FormBuilder/Template/Builtin.pm blib/lib/CGI/FormBuilder/Template/Builtin.pm
cp lib/CGI/FormBuilder/Messages/sv.pm blib/lib/CGI/FormBuilder/Messages/sv.pm
cp lib/CGI/FormBuilder/Template/TT2.pm blib/lib/CGI/FormBuilder/Template/TT2.pm
cp lib/CGI/FormBuilder/Messages/no_NO.pm blib/lib/CGI/FormBuilder/Messages/no_NO.pm
cp lib/CGI/FormBuilder/Messages/no.pm blib/lib/CGI/FormBuilder/Messages/no.pm
cp lib/CGI/FormBuilder/Messages/fr_FR.pm blib/lib/CGI/FormBuilder/Messages/fr_FR.pm
cp lib/CGI/FormBuilder/Messages/ja.pm blib/lib/CGI/FormBuilder/Messages/ja.pm
cp lib/CGI/FormBuilder/Messages/es_ES.pm blib/lib/CGI/FormBuilder/Messages/es_ES.pm
Manifying 16 pod documents
running tests
check flags: SHELL=/nix/store/9fqwwd4iybmhjqyxiaxycknslw6bgwh1-bash-4.4-p23/bin/bash VERBOSE=y test
PERL_DL_NONLAZY=1 "/nix/store/7c044di03qa7qgr5kjjc2d787aspzp0m-perl-5.32.0/bin/perl" "-MExtUtils::Command::MM" "-MTest::Harness" "-e" "undef *Test::Harness::Switches; test_harness(0, 'blib/lib', 'blib/arch')" t/*.t
t/1a-generate.t ....... 1/37 Redundant argument in sprintf at /build/CGI-FormBuilder-3.10/t/../lib/CGI/FormBuilder/Field.pm line 513, <O> line 1136.
Redundant argument in sprintf at /build/CGI-FormBuilder-3.10/t/../lib/CGI/FormBuilder/Field.pm line 513, <O> line 1136.
Redundant argument in sprintf at /build/CGI-FormBuilder-3.10/t/../lib/CGI/FormBuilder/Field.pm line 513, <O> line 1347.
Redundant argument in sprintf at /build/CGI-FormBuilder-3.10/t/../lib/CGI/FormBuilder/Field.pm line 513, <O> line 1347.
t/1a-generate.t ....... ok
t/1b-fields.t ......... ok
t/1c-validate.t ....... ok
t/1d-messages.t ....... 1/440 Malformed UTF-8 character: \xe1\x6c\x69 (unexpected non-continuation byte 0x6c, immediately after start byte 0xe1; need 3 bytes, got 1) at /build/CGI-FormBuilder-3.10/t/../lib/CGI/FormBuilder/Messages/es_ES.pm line 24.
Malformed UTF-8 character: \xe1\x6c\x69 (unexpected non-continuation byte 0x6c, immediately after start byte 0xe1; need 3 bytes, got 1) at /build/CGI-FormBuilder-3.10/t/../lib/CGI/FormBuilder/Messages/es.pm line 24.
[FormBuilder] Warning: Could not load messages module 'es_ES.pm': Malformed UTF-8 character (fatal) at /build/CGI-FormBuilder-3.10/t/../lib/CGI/FormBuilder/Messages/es.pm line 24.
Compilation failed in require at (eval 9) line 1.
 at /build/CGI-FormBuilder-3.10/t/../lib/CGI/FormBuilder.pm line 216.
t/1d-messages.t ....... ok
t/2a-template-html.t .. ok
t/2b-template-text.t .. ok
t/2c-template-tt2.t ... ok
t/2d-template-fast.t .. ok
t/2e-template-ssi.t ... ok
t/3a-source-file.t .... 1/20 Redundant argument in sprintf at /build/CGI-FormBuilder-3.10/t/../lib/CGI/FormBuilder.pm line 1154, <O> line 602.
t/3a-source-file.t .... ok
t/3b-multi-page.t ..... ok
All tests successful.
Files=11, Tests=600,  1 wallclock secs ( 0.07 usr  0.01 sys +  0.80 cusr  0.11 csys =  0.99 CPU)
Result: PASS
installing
install flags: SHELL=/nix/store/9fqwwd4iybmhjqyxiaxycknslw6bgwh1-bash-4.4-p23/bin/bash pkgconfigdir=/nix/store/rhbkpklsf91m43hsn8y0m574wmix166k-perl5.32.0-CGI-FormBuilder-3.10/lib/pkgconfig m4datadir=/nix/store/rhbkpklsf91m43hsn8y0m574wmix166k-perl5.32.0-CGI-FormBuilder-3.10/share/aclocal aclocaldir=/nix/store/rhbkpklsf91m43hsn8y0m574wmix166k-perl5.32.0-CGI-FormBuilder-3.10/share/aclocal install
Manifying 16 pod documents
Installing /nix/store/rhbkpklsf91m43hsn8y0m574wmix166k-perl5.32.0-CGI-FormBuilder-3.10/lib/perl5/site_perl/5.32.0/CGI/FormBuilder.pod
Installing /nix/store/rhbkpklsf91m43hsn8y0m574wmix166k-perl5.32.0-CGI-FormBuilder-3.10/lib/perl5/site_perl/5.32.0/CGI/FormBuilder.pm
Installing /nix/store/rhbkpklsf91m43hsn8y0m574wmix166k-perl5.32.0-CGI-FormBuilder-3.10/lib/perl5/site_perl/5.32.0/CGI/FormBuilder/Util.pm
Installing /nix/store/rhbkpklsf91m43hsn8y0m574wmix166k-perl5.32.0-CGI-FormBuilder-3.10/lib/perl5/site_perl/5.32.0/CGI/FormBuilder/Multi.pm
Installing /nix/store/rhbkpklsf91m43hsn8y0m574wmix166k-perl5.32.0-CGI-FormBuilder-3.10/lib/perl5/site_perl/5.32.0/CGI/FormBuilder/Test.pm
Installing /nix/store/rhbkpklsf91m43hsn8y0m574wmix166k-perl5.32.0-CGI-FormBuilder-3.10/lib/perl5/site_perl/5.32.0/CGI/FormBuilder/Messages.pm
Installing /nix/store/rhbkpklsf91m43hsn8y0m574wmix166k-perl5.32.0-CGI-FormBuilder-3.10/lib/perl5/site_perl/5.32.0/CGI/FormBuilder/Template.pm
Installing /nix/store/rhbkpklsf91m43hsn8y0m574wmix166k-perl5.32.0-CGI-FormBuilder-3.10/lib/perl5/site_perl/5.32.0/CGI/FormBuilder/Source.pm
Installing /nix/store/rhbkpklsf91m43hsn8y0m574wmix166k-perl5.32.0-CGI-FormBuilder-3.10/lib/perl5/site_perl/5.32.0/CGI/FormBuilder/Field.pm
Installing /nix/store/rhbkpklsf91m43hsn8y0m574wmix166k-perl5.32.0-CGI-FormBuilder-3.10/lib/perl5/site_perl/5.32.0/CGI/FormBuilder/Template/Builtin.pm
Installing /nix/store/rhbkpklsf91m43hsn8y0m574wmix166k-perl5.32.0-CGI-FormBuilder-3.10/lib/perl5/site_perl/5.32.0/CGI/FormBuilder/Template/Div.pm
Installing /nix/store/rhbkpklsf91m43hsn8y0m574wmix166k-perl5.32.0-CGI-FormBuilder-3.10/lib/perl5/site_perl/5.32.0/CGI/FormBuilder/Template/HTML.pm
Installing /nix/store/rhbkpklsf91m43hsn8y0m574wmix166k-perl5.32.0-CGI-FormBuilder-3.10/lib/perl5/site_perl/5.32.0/CGI/FormBuilder/Template/CGI_SSI.pm
Installing /nix/store/rhbkpklsf91m43hsn8y0m574wmix166k-perl5.32.0-CGI-FormBuilder-3.10/lib/perl5/site_perl/5.32.0/CGI/FormBuilder/Template/Text.pm
Installing /nix/store/rhbkpklsf91m43hsn8y0m574wmix166k-perl5.32.0-CGI-FormBuilder-3.10/lib/perl5/site_perl/5.32.0/CGI/FormBuilder/Template/TT2.pm
Installing /nix/store/rhbkpklsf91m43hsn8y0m574wmix166k-perl5.32.0-CGI-FormBuilder-3.10/lib/perl5/site_perl/5.32.0/CGI/FormBuilder/Template/Fast.pm
Installing /nix/store/rhbkpklsf91m43hsn8y0m574wmix166k-perl5.32.0-CGI-FormBuilder-3.10/lib/perl5/site_perl/5.32.0/CGI/FormBuilder/Field/text.pm
Installing /nix/store/rhbkpklsf91m43hsn8y0m574wmix166k-perl5.32.0-CGI-FormBuilder-3.10/lib/perl5/site_perl/5.32.0/CGI/FormBuilder/Field/radio.pm
Installing /nix/store/rhbkpklsf91m43hsn8y0m574wmix166k-perl5.32.0-CGI-FormBuilder-3.10/lib/perl5/site_perl/5.32.0/CGI/FormBuilder/Field/email.pm
Installing /nix/store/rhbkpklsf91m43hsn8y0m574wmix166k-perl5.32.0-CGI-FormBuilder-3.10/lib/perl5/site_perl/5.32.0/CGI/FormBuilder/Field/date.pm
Installing /nix/store/rhbkpklsf91m43hsn8y0m574wmix166k-perl5.32.0-CGI-FormBuilder-3.10/lib/perl5/site_perl/5.32.0/CGI/FormBuilder/Field/image.pm
Installing /nix/store/rhbkpklsf91m43hsn8y0m574wmix166k-perl5.32.0-CGI-FormBuilder-3.10/lib/perl5/site_perl/5.32.0/CGI/FormBuilder/Field/textarea.pm
Installing /nix/store/rhbkpklsf91m43hsn8y0m574wmix166k-perl5.32.0-CGI-FormBuilder-3.10/lib/perl5/site_perl/5.32.0/CGI/FormBuilder/Field/time.pm
Installing /nix/store/rhbkpklsf91m43hsn8y0m574wmix166k-perl5.32.0-CGI-FormBuilder-3.10/lib/perl5/site_perl/5.32.0/CGI/FormBuilder/Field/select.pm
Installing /nix/store/rhbkpklsf91m43hsn8y0m574wmix166k-perl5.32.0-CGI-FormBuilder-3.10/lib/perl5/site_perl/5.32.0/CGI/FormBuilder/Field/button.pm
Installing /nix/store/rhbkpklsf91m43hsn8y0m574wmix166k-perl5.32.0-CGI-FormBuilder-3.10/lib/perl5/site_perl/5.32.0/CGI/FormBuilder/Field/file.pm
Installing /nix/store/rhbkpklsf91m43hsn8y0m574wmix166k-perl5.32.0-CGI-FormBuilder-3.10/lib/perl5/site_perl/5.32.0/CGI/FormBuilder/Field/url.pm
Installing /nix/store/rhbkpklsf91m43hsn8y0m574wmix166k-perl5.32.0-CGI-FormBuilder-3.10/lib/perl5/site_perl/5.32.0/CGI/FormBuilder/Field/submit.pm
Installing /nix/store/rhbkpklsf91m43hsn8y0m574wmix166k-perl5.32.0-CGI-FormBuilder-3.10/lib/perl5/site_perl/5.32.0/CGI/FormBuilder/Field/number.pm
Installing /nix/store/rhbkpklsf91m43hsn8y0m574wmix166k-perl5.32.0-CGI-FormBuilder-3.10/lib/perl5/site_perl/5.32.0/CGI/FormBuilder/Field/datetime_local.pm
Installing /nix/store/rhbkpklsf91m43hsn8y0m574wmix166k-perl5.32.0-CGI-FormBuilder-3.10/lib/perl5/site_perl/5.32.0/CGI/FormBuilder/Field/checkbox.pm
Installing /nix/store/rhbkpklsf91m43hsn8y0m574wmix166k-perl5.32.0-CGI-FormBuilder-3.10/lib/perl5/site_perl/5.32.0/CGI/FormBuilder/Field/password.pm
Installing /nix/store/rhbkpklsf91m43hsn8y0m574wmix166k-perl5.32.0-CGI-FormBuilder-3.10/lib/perl5/site_perl/5.32.0/CGI/FormBuilder/Field/datetime.pm
Installing /nix/store/rhbkpklsf91m43hsn8y0m574wmix166k-perl5.32.0-CGI-FormBuilder-3.10/lib/perl5/site_perl/5.32.0/CGI/FormBuilder/Field/static.pm
Installing /nix/store/rhbkpklsf91m43hsn8y0m574wmix166k-perl5.32.0-CGI-FormBuilder-3.10/lib/perl5/site_perl/5.32.0/CGI/FormBuilder/Field/hidden.pm
Installing /nix/store/rhbkpklsf91m43hsn8y0m574wmix166k-perl5.32.0-CGI-FormBuilder-3.10/lib/perl5/site_perl/5.32.0/CGI/FormBuilder/Messages/da.pm
Installing /nix/store/rhbkpklsf91m43hsn8y0m574wmix166k-perl5.32.0-CGI-FormBuilder-3.10/lib/perl5/site_perl/5.32.0/CGI/FormBuilder/Messages/da_DK.pm
Installing /nix/store/rhbkpklsf91m43hsn8y0m574wmix166k-perl5.32.0-CGI-FormBuilder-3.10/lib/perl5/site_perl/5.32.0/CGI/FormBuilder/Messages/_example.pm
Installing /nix/store/rhbkpklsf91m43hsn8y0m574wmix166k-perl5.32.0-CGI-FormBuilder-3.10/lib/perl5/site_perl/5.32.0/CGI/FormBuilder/Messages/base.pm
Installing /nix/store/rhbkpklsf91m43hsn8y0m574wmix166k-perl5.32.0-CGI-FormBuilder-3.10/lib/perl5/site_perl/5.32.0/CGI/FormBuilder/Messages/no.pm
Installing /nix/store/rhbkpklsf91m43hsn8y0m574wmix166k-perl5.32.0-CGI-FormBuilder-3.10/lib/perl5/site_perl/5.32.0/CGI/FormBuilder/Messages/tr_TR.pm
Installing /nix/store/rhbkpklsf91m43hsn8y0m574wmix166k-perl5.32.0-CGI-FormBuilder-3.10/lib/perl5/site_perl/5.32.0/CGI/FormBuilder/Messages/default.pm
Installing /nix/store/rhbkpklsf91m43hsn8y0m574wmix166k-perl5.32.0-CGI-FormBuilder-3.10/lib/perl5/site_perl/5.32.0/CGI/FormBuilder/Messages/ru.pm
Installing /nix/store/rhbkpklsf91m43hsn8y0m574wmix166k-perl5.32.0-CGI-FormBuilder-3.10/lib/perl5/site_perl/5.32.0/CGI/FormBuilder/Messages/sv_SE.pm
Installing /nix/store/rhbkpklsf91m43hsn8y0m574wmix166k-perl5.32.0-CGI-FormBuilder-3.10/lib/perl5/site_perl/5.32.0/CGI/FormBuilder/Messages/fr.pm
Installing /nix/store/rhbkpklsf91m43hsn8y0m574wmix166k-perl5.32.0-CGI-FormBuilder-3.10/lib/perl5/site_perl/5.32.0/CGI/FormBuilder/Messages/es_ES.pm
Installing /nix/store/rhbkpklsf91m43hsn8y0m574wmix166k-perl5.32.0-CGI-FormBuilder-3.10/lib/perl5/site_perl/5.32.0/CGI/FormBuilder/Messages/es.pm
Installing /nix/store/rhbkpklsf91m43hsn8y0m574wmix166k-perl5.32.0-CGI-FormBuilder-3.10/lib/perl5/site_perl/5.32.0/CGI/FormBuilder/Messages/en.pm
Installing /nix/store/rhbkpklsf91m43hsn8y0m574wmix166k-perl5.32.0-CGI-FormBuilder-3.10/lib/perl5/site_perl/5.32.0/CGI/FormBuilder/Messages/C.pm
Installing /nix/store/rhbkpklsf91m43hsn8y0m574wmix166k-perl5.32.0-CGI-FormBuilder-3.10/lib/perl5/site_perl/5.32.0/CGI/FormBuilder/Messages/tr.pm
Installing /nix/store/rhbkpklsf91m43hsn8y0m574wmix166k-perl5.32.0-CGI-FormBuilder-3.10/lib/perl5/site_perl/5.32.0/CGI/FormBuilder/Messages/de.pm
Installing /nix/store/rhbkpklsf91m43hsn8y0m574wmix166k-perl5.32.0-CGI-FormBuilder-3.10/lib/perl5/site_perl/5.32.0/CGI/FormBuilder/Messages/ja.pm
Installing /nix/store/rhbkpklsf91m43hsn8y0m574wmix166k-perl5.32.0-CGI-FormBuilder-3.10/lib/perl5/site_perl/5.32.0/CGI/FormBuilder/Messages/fr_FR.pm
Installing /nix/store/rhbkpklsf91m43hsn8y0m574wmix166k-perl5.32.0-CGI-FormBuilder-3.10/lib/perl5/site_perl/5.32.0/CGI/FormBuilder/Messages/ru_RU.pm
Installing /nix/store/rhbkpklsf91m43hsn8y0m574wmix166k-perl5.32.0-CGI-FormBuilder-3.10/lib/perl5/site_perl/5.32.0/CGI/FormBuilder/Messages/ja_JP.pm
Installing /nix/store/rhbkpklsf91m43hsn8y0m574wmix166k-perl5.32.0-CGI-FormBuilder-3.10/lib/perl5/site_perl/5.32.0/CGI/FormBuilder/Messages/no_NO.pm
Installing /nix/store/rhbkpklsf91m43hsn8y0m574wmix166k-perl5.32.0-CGI-FormBuilder-3.10/lib/perl5/site_perl/5.32.0/CGI/FormBuilder/Messages/de_DE.pm
Installing /nix/store/rhbkpklsf91m43hsn8y0m574wmix166k-perl5.32.0-CGI-FormBuilder-3.10/lib/perl5/site_perl/5.32.0/CGI/FormBuilder/Messages/en_US.pm
Installing /nix/store/rhbkpklsf91m43hsn8y0m574wmix166k-perl5.32.0-CGI-FormBuilder-3.10/lib/perl5/site_perl/5.32.0/CGI/FormBuilder/Messages/sv.pm
Installing /nix/store/rhbkpklsf91m43hsn8y0m574wmix166k-perl5.32.0-CGI-FormBuilder-3.10/lib/perl5/site_perl/5.32.0/CGI/FormBuilder/Source/File.pm
Installing /nix/store/rhbkpklsf91m43hsn8y0m574wmix166k-perl5.32.0-CGI-FormBuilder-3.10/share/man/man3/CGI::FormBuilder::Template::HTML.3
Installing /nix/store/rhbkpklsf91m43hsn8y0m574wmix166k-perl5.32.0-CGI-FormBuilder-3.10/share/man/man3/CGI::FormBuilder::Template::Text.3
Installing /nix/store/rhbkpklsf91m43hsn8y0m574wmix166k-perl5.32.0-CGI-FormBuilder-3.10/share/man/man3/CGI::FormBuilder::Template::Div.3
Installing /nix/store/rhbkpklsf91m43hsn8y0m574wmix166k-perl5.32.0-CGI-FormBuilder-3.10/share/man/man3/CGI::FormBuilder::Field.3
Installing /nix/store/rhbkpklsf91m43hsn8y0m574wmix166k-perl5.32.0-CGI-FormBuilder-3.10/share/man/man3/CGI::FormBuilder::Messages.3
Installing /nix/store/rhbkpklsf91m43hsn8y0m574wmix166k-perl5.32.0-CGI-FormBuilder-3.10/share/man/man3/CGI::FormBuilder::Source::File.3
Installing /nix/store/rhbkpklsf91m43hsn8y0m574wmix166k-perl5.32.0-CGI-FormBuilder-3.10/share/man/man3/CGI::FormBuilder::Test.3
Installing /nix/store/rhbkpklsf91m43hsn8y0m574wmix166k-perl5.32.0-CGI-FormBuilder-3.10/share/man/man3/CGI::FormBuilder::Template::CGI_SSI.3
Installing /nix/store/rhbkpklsf91m43hsn8y0m574wmix166k-perl5.32.0-CGI-FormBuilder-3.10/share/man/man3/CGI::FormBuilder::Template::TT2.3
Installing /nix/store/rhbkpklsf91m43hsn8y0m574wmix166k-perl5.32.0-CGI-FormBuilder-3.10/share/man/man3/CGI::FormBuilder::Multi.3
Installing /nix/store/rhbkpklsf91m43hsn8y0m574wmix166k-perl5.32.0-CGI-FormBuilder-3.10/share/man/man3/CGI::FormBuilder::Template.3
Installing /nix/store/rhbkpklsf91m43hsn8y0m574wmix166k-perl5.32.0-CGI-FormBuilder-3.10/share/man/man3/CGI::FormBuilder.3
Installing /nix/store/rhbkpklsf91m43hsn8y0m574wmix166k-perl5.32.0-CGI-FormBuilder-3.10/share/man/man3/CGI::FormBuilder::Template::Fast.3
Installing /nix/store/rhbkpklsf91m43hsn8y0m574wmix166k-perl5.32.0-CGI-FormBuilder-3.10/share/man/man3/CGI::FormBuilder::Template::Builtin.3
Installing /nix/store/rhbkpklsf91m43hsn8y0m574wmix166k-perl5.32.0-CGI-FormBuilder-3.10/share/man/man3/CGI::FormBuilder::Source.3
Installing /nix/store/rhbkpklsf91m43hsn8y0m574wmix166k-perl5.32.0-CGI-FormBuilder-3.10/share/man/man3/CGI::FormBuilder::Util.3
Appending installation info to /nix/store/rhbkpklsf91m43hsn8y0m574wmix166k-perl5.32.0-CGI-FormBuilder-3.10/lib/perl5/5.32.0/x86_64-linux-thread-multi/perllocal.pod
post-installation fixup
Moving /nix/store/rhbkpklsf91m43hsn8y0m574wmix166k-perl5.32.0-CGI-FormBuilder-3.10/share/man/man3 to /nix/store/7hiblhh762rlqh4ba2h9d9b157qfxszp-perl5.32.0-CGI-FormBuilder-3.10-devdoc/share/man/man3
Removing empty /nix/store/rhbkpklsf91m43hsn8y0m574wmix166k-perl5.32.0-CGI-FormBuilder-3.10/share/man/ and (possibly) its parents
shrinking RPATHs of ELF executables and libraries in /nix/store/rhbkpklsf91m43hsn8y0m574wmix166k-perl5.32.0-CGI-FormBuilder-3.10
strip is /nix/store/psyzbhp4p088sb9qcs378hfbslcalasl-binutils-2.31.1/bin/strip
stripping (with command strip and flags -S) in /nix/store/rhbkpklsf91m43hsn8y0m574wmix166k-perl5.32.0-CGI-FormBuilder-3.10/lib
patching script interpreter paths in /nix/store/rhbkpklsf91m43hsn8y0m574wmix166k-perl5.32.0-CGI-FormBuilder-3.10
checking for references to /build/ in /nix/store/rhbkpklsf91m43hsn8y0m574wmix166k-perl5.32.0-CGI-FormBuilder-3.10...
shrinking RPATHs of ELF executables and libraries in /nix/store/7hiblhh762rlqh4ba2h9d9b157qfxszp-perl5.32.0-CGI-FormBuilder-3.10-devdoc
gzipping man pages under /nix/store/7hiblhh762rlqh4ba2h9d9b157qfxszp-perl5.32.0-CGI-FormBuilder-3.10-devdoc/share/man/
strip is /nix/store/psyzbhp4p088sb9qcs378hfbslcalasl-binutils-2.31.1/bin/strip
patching script interpreter paths in /nix/store/7hiblhh762rlqh4ba2h9d9b157qfxszp-perl5.32.0-CGI-FormBuilder-3.10-devdoc
checking for references to /build/ in /nix/store/7hiblhh762rlqh4ba2h9d9b157qfxszp-perl5.32.0-CGI-FormBuilder-3.10-devdoc...
/nix/store/rhbkpklsf91m43hsn8y0m574wmix166k-perl5.32.0-CGI-FormBuilder-3.10
