these derivations will be built:
  /nix/store/2iahv5w3b8n1rf5936x5b2c4j4mbi44m-perl5.32.0-MooX-Types-MooseLike-Numeric-1.03.drv
  /nix/store/qkdydrmy7nj9s9hzgcsb8c7j38l8xg6i-perl5.32.0-Time-Duration-1.21.drv
  /nix/store/3ma42rcfk18lafbr5sd3c0hhsjn5gnf1-perl5.32.0-Time-Duration-Parse-0.15.drv
  /nix/store/rvrb5xhc6s2zgbi5lwc9wbg5bv1021c5-perl5.32.0-Hash-MoreUtils-0.06.drv
  /nix/store/wfjgh3kqgd1k8bhfqpkgs6i9639mw38h-perl5.32.0-Digest-JHash-0.10.drv
  /nix/store/qlgc43cw4pbf9828yjd1aax07p1118vg-perl5.32.0-CHI-0.60.drv
these paths will be fetched (0.11 MiB download, 0.11 MiB unpacked):
  /nix/store/gxr5l4macls3cb9fhwkqs3r8imlmc7m6-MooX-Types-MooseLike-Numeric-1.03.tar.gz
  /nix/store/jxcrazd4dbimq8gqffv1q1rfcj0csdwh-Hash-MoreUtils-0.06.tar.gz
  /nix/store/k9c651c5ndyka4yfhmrvr99x6ssapv58-Digest-JHash-0.10.tar.gz
  /nix/store/yhx5rhlmicjqa4cw2hvqjq7lkhmkicr5-CHI-0.60.tar.gz
copying path '/nix/store/yhx5rhlmicjqa4cw2hvqjq7lkhmkicr5-CHI-0.60.tar.gz' from 'https://cache.nixos.org'...
copying path '/nix/store/k9c651c5ndyka4yfhmrvr99x6ssapv58-Digest-JHash-0.10.tar.gz' from 'https://cache.nixos.org'...
copying path '/nix/store/jxcrazd4dbimq8gqffv1q1rfcj0csdwh-Hash-MoreUtils-0.06.tar.gz' from 'https://cache.nixos.org'...
copying path '/nix/store/gxr5l4macls3cb9fhwkqs3r8imlmc7m6-MooX-Types-MooseLike-Numeric-1.03.tar.gz' from 'https://cache.nixos.org'...
building '/nix/store/qkdydrmy7nj9s9hzgcsb8c7j38l8xg6i-perl5.32.0-Time-Duration-1.21.drv'...
unpacking sources
unpacking source archive /nix/store/0dxqk63r2zm5gzjq39lsnplg6ih78amm-Time-Duration-1.21.tar.gz
source root is Time-Duration-1.21
setting SOURCE_DATE_EPOCH to timestamp 1557590947 of file Time-Duration-1.21/t/release-03_pod_cover.t
patching sources
configuring
building '/nix/store/rvrb5xhc6s2zgbi5lwc9wbg5bv1021c5-perl5.32.0-Hash-MoreUtils-0.06.drv'...
building '/nix/store/wfjgh3kqgd1k8bhfqpkgs6i9639mw38h-perl5.32.0-Digest-JHash-0.10.drv'...
Checking if your kit is complete...
building '/nix/store/2iahv5w3b8n1rf5936x5b2c4j4mbi44m-perl5.32.0-MooX-Types-MooseLike-Numeric-1.03.drv'...
Looks good
unpacking sources
unpacking source archive /nix/store/jxcrazd4dbimq8gqffv1q1rfcj0csdwh-Hash-MoreUtils-0.06.tar.gz
source root is Hash-MoreUtils-0.06
setting SOURCE_DATE_EPOCH to timestamp 1528464809 of file Hash-MoreUtils-0.06/META.json
patching sources
configuring
Generating a Unix-style Makefile
Writing Makefile for Time::Duration
patching ./t/00-load.t...
Writing MYMETA.yml and MYMETA.json
patching ./t/01-hash.t...
unpacking sources
no configure script, doing nothing
unpacking source archive /nix/store/k9c651c5ndyka4yfhmrvr99x6ssapv58-Digest-JHash-0.10.tar.gz
building
build flags: SHELL=/nix/store/9fqwwd4iybmhjqyxiaxycknslw6bgwh1-bash-4.4-p23/bin/bash
source root is Digest-JHash-0.10
setting SOURCE_DATE_EPOCH to timestamp 1479467625 of file Digest-JHash-0.10/xt/release/trailing-space.t
patching sources
configuring
patching ./misc/make_manifest.pl...
patching ./xt/release/trailing-space.t...
patching ./xt/release/cpan-changes.t...
patching ./xt/author/pod-coverage.t...
patching ./xt/author/pod-syntax.t...
patching ./examples/oo_vs_func.pl...
unpacking sources
unpacking source archive /nix/store/gxr5l4macls3cb9fhwkqs3r8imlmc7m6-MooX-Types-MooseLike-Numeric-1.03.tar.gz
patching ./examples/jhash.pl...
source root is MooX-Types-MooseLike-Numeric-1.03
setting SOURCE_DATE_EPOCH to timestamp 1484927004 of file MooX-Types-MooseLike-Numeric-1.03/README
patching sources
configuring
Checking if your kit is complete...
Looks good
Generating a Unix-style Makefile
Writing Makefile for Hash::MoreUtils
Writing MYMETA.yml and MYMETA.json
no configure script, doing nothing
building
Checking if your kit is complete...
build flags: SHELL=/nix/store/9fqwwd4iybmhjqyxiaxycknslw6bgwh1-bash-4.4-p23/bin/bash
Checking if your kit is complete...
Looks good
Looks good
Generating a Unix-style Makefile
Writing Makefile for MooX::Types::MooseLike::Numeric
Writing MYMETA.yml and MYMETA.json
no configure script, doing nothing
building
build flags: SHELL=/nix/store/9fqwwd4iybmhjqyxiaxycknslw6bgwh1-bash-4.4-p23/bin/bash
cp lib/Time/Duration.pm blib/lib/Time/Duration.pm
Generating a Unix-style Makefile
Writing Makefile for Digest::JHash
Writing MYMETA.yml and MYMETA.json
no configure script, doing nothing
building
build flags: SHELL=/nix/store/9fqwwd4iybmhjqyxiaxycknslw6bgwh1-bash-4.4-p23/bin/bash
Manifying 1 pod document
running tests
check flags: SHELL=/nix/store/9fqwwd4iybmhjqyxiaxycknslw6bgwh1-bash-4.4-p23/bin/bash VERBOSE=y test
PERL_DL_NONLAZY=1 "/nix/store/7c044di03qa7qgr5kjjc2d787aspzp0m-perl-5.32.0/bin/perl" "-MExtUtils::Command::MM" "-MTest::Harness" "-e" "undef *Test::Harness::Switches; test_harness(0, 'blib/lib', 'blib/arch')" t/*.t
cp lib/Hash/MoreUtils.pm blib/lib/Hash/MoreUtils.pm
Manifying 1 pod document
t/01_tdur.t ............... ok
cp lib/Digest/JHash.pm blib/lib/Digest/JHash.pm
t/04_tdur_ms.t ............ ok
t/release-02_pod.t ........ skipped: these tests are for release candidate testing
running tests
check flags: SHELL=/nix/store/9fqwwd4iybmhjqyxiaxycknslw6bgwh1-bash-4.4-p23/bin/bash VERBOSE=y test
Running Mkbootstrap for JHash ()
t/release-03_pod_cover.t .. skipped: these tests are for release candidate testing
All tests successful.
Files=4, Tests=250,  0 wallclock secs ( 0.06 usr  0.01 sys +  0.05 cusr  0.01 csys =  0.13 CPU)
Result: PASS
installing
install flags: SHELL=/nix/store/9fqwwd4iybmhjqyxiaxycknslw6bgwh1-bash-4.4-p23/bin/bash pkgconfigdir=/nix/store/k9jyrl6j4zk8cjpj71rggsdfqv102phw-perl5.32.0-Time-Duration-1.21/lib/pkgconfig m4datadir=/nix/store/k9jyrl6j4zk8cjpj71rggsdfqv102phw-perl5.32.0-Time-Duration-1.21/share/aclocal aclocaldir=/nix/store/k9jyrl6j4zk8cjpj71rggsdfqv102phw-perl5.32.0-Time-Duration-1.21/share/aclocal install
PERL_DL_NONLAZY=1 "/nix/store/7c044di03qa7qgr5kjjc2d787aspzp0m-perl-5.32.0/bin/perl" "-MExtUtils::Command::MM" "-MTest::Harness" "-e" "undef *Test::Harness::Switches; test_harness(0, 'blib/lib', 'blib/arch')" t/*.t xt/*.t
chmod 644 "JHash.bs"
"/nix/store/7c044di03qa7qgr5kjjc2d787aspzp0m-perl-5.32.0/bin/perl" -MExtUtils::Command::MM -e 'cp_nonempty' -- JHash.bs blib/arch/auto/Digest/JHash/JHash.bs 644
"/nix/store/7c044di03qa7qgr5kjjc2d787aspzp0m-perl-5.32.0/bin/perl" "/nix/store/7c044di03qa7qgr5kjjc2d787aspzp0m-perl-5.32.0/lib/perl5/5.32.0/ExtUtils/xsubpp"  -typemap '/nix/store/7c044di03qa7qgr5kjjc2d787aspzp0m-perl-5.32.0/lib/perl5/5.32.0/ExtUtils/typemap'  JHash.xs > JHash.xsc
cp lib/MooX/Types/MooseLike/Numeric.pm blib/lib/MooX/Types/MooseLike/Numeric.pm
mv JHash.xsc JHash.c
cc -c   -D_REENTRANT -D_GNU_SOURCE -fwrapv -fno-strict-aliasing -pipe -fstack-protector-strong -I/no-such-path/include -D_LARGEFILE_SOURCE -D_FILE_OFFSET_BITS=64 -O2   -DVERSION=\"0.10\" -DXS_VERSION=\"0.10\" -fPIC "-I/nix/store/7c044di03qa7qgr5kjjc2d787aspzp0m-perl-5.32.0/lib/perl5/5.32.0/x86_64-linux-thread-multi/CORE"   JHash.c
Manifying 1 pod document
Manifying 1 pod document
running tests
check flags: SHELL=/nix/store/9fqwwd4iybmhjqyxiaxycknslw6bgwh1-bash-4.4-p23/bin/bash VERBOSE=y test
PERL_DL_NONLAZY=1 "/nix/store/7c044di03qa7qgr5kjjc2d787aspzp0m-perl-5.32.0/bin/perl" "-MExtUtils::Command::MM" "-MTest::Harness" "-e" "undef *Test::Harness::Switches; test_harness(0, 'blib/lib', 'blib/arch')" t/*.t
Installing /nix/store/k9jyrl6j4zk8cjpj71rggsdfqv102phw-perl5.32.0-Time-Duration-1.21/lib/perl5/site_perl/5.32.0/Time/Duration.pm
Installing /nix/store/k9jyrl6j4zk8cjpj71rggsdfqv102phw-perl5.32.0-Time-Duration-1.21/share/man/man3/Time::Duration.3
Appending installation info to /nix/store/k9jyrl6j4zk8cjpj71rggsdfqv102phw-perl5.32.0-Time-Duration-1.21/lib/perl5/5.32.0/x86_64-linux-thread-multi/perllocal.pod
t/00-load.t .. 1/1 # Testing Hash::MoreUtils 0.06, Perl 5.032000, /nix/store/7c044di03qa7qgr5kjjc2d787aspzp0m-perl-5.32.0/bin/perl
t/00-load.t .. ok
post-installation fixup
Moving /nix/store/k9jyrl6j4zk8cjpj71rggsdfqv102phw-perl5.32.0-Time-Duration-1.21/share/man/man3 to /nix/store/i380cq733z33ymwwprs2fddvpajh5y2r-perl5.32.0-Time-Duration-1.21-devdoc/share/man/man3
Removing empty /nix/store/k9jyrl6j4zk8cjpj71rggsdfqv102phw-perl5.32.0-Time-Duration-1.21/share/man/ and (possibly) its parents
shrinking RPATHs of ELF executables and libraries in /nix/store/k9jyrl6j4zk8cjpj71rggsdfqv102phw-perl5.32.0-Time-Duration-1.21
strip is /nix/store/psyzbhp4p088sb9qcs378hfbslcalasl-binutils-2.31.1/bin/strip
stripping (with command strip and flags -S) in /nix/store/k9jyrl6j4zk8cjpj71rggsdfqv102phw-perl5.32.0-Time-Duration-1.21/lib
patching script interpreter paths in /nix/store/k9jyrl6j4zk8cjpj71rggsdfqv102phw-perl5.32.0-Time-Duration-1.21
checking for references to /build/ in /nix/store/k9jyrl6j4zk8cjpj71rggsdfqv102phw-perl5.32.0-Time-Duration-1.21...
shrinking RPATHs of ELF executables and libraries in /nix/store/i380cq733z33ymwwprs2fddvpajh5y2r-perl5.32.0-Time-Duration-1.21-devdoc
gzipping man pages under /nix/store/i380cq733z33ymwwprs2fddvpajh5y2r-perl5.32.0-Time-Duration-1.21-devdoc/share/man/
strip is /nix/store/psyzbhp4p088sb9qcs378hfbslcalasl-binutils-2.31.1/bin/strip
patching script interpreter paths in /nix/store/i380cq733z33ymwwprs2fddvpajh5y2r-perl5.32.0-Time-Duration-1.21-devdoc
checking for references to /build/ in /nix/store/i380cq733z33ymwwprs2fddvpajh5y2r-perl5.32.0-Time-Duration-1.21-devdoc...
building '/nix/store/3ma42rcfk18lafbr5sd3c0hhsjn5gnf1-perl5.32.0-Time-Duration-Parse-0.15.drv'...
t/01-hash.t .. ok
All tests successful.
Files=2, Tests=66,  0 wallclock secs ( 0.03 usr  0.01 sys +  0.11 cusr  0.02 csys =  0.17 CPU)
Result: PASS
installing
install flags: SHELL=/nix/store/9fqwwd4iybmhjqyxiaxycknslw6bgwh1-bash-4.4-p23/bin/bash pkgconfigdir=/nix/store/j0b66flwqbvdcxsqvxslnjdk9986hbxm-perl5.32.0-Hash-MoreUtils-0.06/lib/pkgconfig m4datadir=/nix/store/j0b66flwqbvdcxsqvxslnjdk9986hbxm-perl5.32.0-Hash-MoreUtils-0.06/share/aclocal aclocaldir=/nix/store/j0b66flwqbvdcxsqvxslnjdk9986hbxm-perl5.32.0-Hash-MoreUtils-0.06/share/aclocal install
unpacking sources
unpacking source archive /nix/store/vprkmfbi9k32gy8zklms1mdsyisfy0sq-Time-Duration-Parse-0.15.tar.gz
source root is Time-Duration-Parse-0.15
setting SOURCE_DATE_EPOCH to timestamp 1557650575 of file Time-Duration-Parse-0.15/t/02_roundtrip.t
patching sources
configuring
Manifying 1 pod document
Installing /nix/store/j0b66flwqbvdcxsqvxslnjdk9986hbxm-perl5.32.0-Hash-MoreUtils-0.06/lib/perl5/site_perl/5.32.0/Hash/MoreUtils.pm
Installing /nix/store/j0b66flwqbvdcxsqvxslnjdk9986hbxm-perl5.32.0-Hash-MoreUtils-0.06/share/man/man3/Hash::MoreUtils.3
Appending installation info to /nix/store/j0b66flwqbvdcxsqvxslnjdk9986hbxm-perl5.32.0-Hash-MoreUtils-0.06/lib/perl5/5.32.0/x86_64-linux-thread-multi/perllocal.pod
post-installation fixup
Moving /nix/store/j0b66flwqbvdcxsqvxslnjdk9986hbxm-perl5.32.0-Hash-MoreUtils-0.06/share/man/man3 to /nix/store/wraq0xg2jf5630qvr9d35j640qj91p48-perl5.32.0-Hash-MoreUtils-0.06-devdoc/share/man/man3
t/numeric.t .. ok
All tests successful.
Files=1, Tests=43,  0 wallclock secs ( 0.04 usr  0.02 sys +  0.13 cusr  0.03 csys =  0.22 CPU)
Result: PASS
installing
Removing empty /nix/store/j0b66flwqbvdcxsqvxslnjdk9986hbxm-perl5.32.0-Hash-MoreUtils-0.06/share/man/ and (possibly) its parents
install flags: SHELL=/nix/store/9fqwwd4iybmhjqyxiaxycknslw6bgwh1-bash-4.4-p23/bin/bash pkgconfigdir=/nix/store/nzr9yr6lm4ggs1snszqai1bqxwyxvzmz-perl5.32.0-MooX-Types-MooseLike-Numeric-1.03/lib/pkgconfig m4datadir=/nix/store/nzr9yr6lm4ggs1snszqai1bqxwyxvzmz-perl5.32.0-MooX-Types-MooseLike-Numeric-1.03/share/aclocal aclocaldir=/nix/store/nzr9yr6lm4ggs1snszqai1bqxwyxvzmz-perl5.32.0-MooX-Types-MooseLike-Numeric-1.03/share/aclocal install
shrinking RPATHs of ELF executables and libraries in /nix/store/j0b66flwqbvdcxsqvxslnjdk9986hbxm-perl5.32.0-Hash-MoreUtils-0.06
strip is /nix/store/psyzbhp4p088sb9qcs378hfbslcalasl-binutils-2.31.1/bin/strip
stripping (with command strip and flags -S) in /nix/store/j0b66flwqbvdcxsqvxslnjdk9986hbxm-perl5.32.0-Hash-MoreUtils-0.06/lib
patching script interpreter paths in /nix/store/j0b66flwqbvdcxsqvxslnjdk9986hbxm-perl5.32.0-Hash-MoreUtils-0.06
checking for references to /build/ in /nix/store/j0b66flwqbvdcxsqvxslnjdk9986hbxm-perl5.32.0-Hash-MoreUtils-0.06...
shrinking RPATHs of ELF executables and libraries in /nix/store/wraq0xg2jf5630qvr9d35j640qj91p48-perl5.32.0-Hash-MoreUtils-0.06-devdoc
gzipping man pages under /nix/store/wraq0xg2jf5630qvr9d35j640qj91p48-perl5.32.0-Hash-MoreUtils-0.06-devdoc/share/man/
rm -f blib/arch/auto/Digest/JHash/JHash.so
cc  -shared -O2 -L/nix/store/68pw3wxwkrx0rwzjifm7g1jxy5g2sg1p-glibc-2.31/lib -fstack-protector-strong  JHash.o  -o blib/arch/auto/Digest/JHash/JHash.so  \
      \

Checking if your kit is complete...
strip is /nix/store/psyzbhp4p088sb9qcs378hfbslcalasl-binutils-2.31.1/bin/strip
patching script interpreter paths in /nix/store/wraq0xg2jf5630qvr9d35j640qj91p48-perl5.32.0-Hash-MoreUtils-0.06-devdoc
checking for references to /build/ in /nix/store/wraq0xg2jf5630qvr9d35j640qj91p48-perl5.32.0-Hash-MoreUtils-0.06-devdoc...
Looks good
chmod 755 blib/arch/auto/Digest/JHash/JHash.so
Manifying 1 pod document
Generating a Unix-style Makefile
Writing Makefile for Time::Duration::Parse
Writing MYMETA.yml and MYMETA.json
no configure script, doing nothing
building
build flags: SHELL=/nix/store/9fqwwd4iybmhjqyxiaxycknslw6bgwh1-bash-4.4-p23/bin/bash
Manifying 1 pod document
Installing /nix/store/nzr9yr6lm4ggs1snszqai1bqxwyxvzmz-perl5.32.0-MooX-Types-MooseLike-Numeric-1.03/lib/perl5/site_perl/5.32.0/MooX/Types/MooseLike/Numeric.pm
Installing /nix/store/nzr9yr6lm4ggs1snszqai1bqxwyxvzmz-perl5.32.0-MooX-Types-MooseLike-Numeric-1.03/share/man/man3/MooX::Types::MooseLike::Numeric.3
running tests
check flags: SHELL=/nix/store/9fqwwd4iybmhjqyxiaxycknslw6bgwh1-bash-4.4-p23/bin/bash VERBOSE=y test
"/nix/store/7c044di03qa7qgr5kjjc2d787aspzp0m-perl-5.32.0/bin/perl" -MExtUtils::Command::MM -e 'cp_nonempty' -- JHash.bs blib/arch/auto/Digest/JHash/JHash.bs 644
Appending installation info to /nix/store/nzr9yr6lm4ggs1snszqai1bqxwyxvzmz-perl5.32.0-MooX-Types-MooseLike-Numeric-1.03/lib/perl5/5.32.0/x86_64-linux-thread-multi/perllocal.pod
PERL_DL_NONLAZY=1 "/nix/store/7c044di03qa7qgr5kjjc2d787aspzp0m-perl-5.32.0/bin/perl" "-MExtUtils::Command::MM" "-MTest::Harness" "-e" "undef *Test::Harness::Switches; test_harness(0, 'blib/lib', 'blib/arch')" t/*.t
post-installation fixup
Moving /nix/store/nzr9yr6lm4ggs1snszqai1bqxwyxvzmz-perl5.32.0-MooX-Types-MooseLike-Numeric-1.03/share/man/man3 to /nix/store/djh3xy0ppfz1rim576lq8vpd17619pzb-perl5.32.0-MooX-Types-MooseLike-Numeric-1.03-devdoc/share/man/man3
Removing empty /nix/store/nzr9yr6lm4ggs1snszqai1bqxwyxvzmz-perl5.32.0-MooX-Types-MooseLike-Numeric-1.03/share/man/ and (possibly) its parents
shrinking RPATHs of ELF executables and libraries in /nix/store/nzr9yr6lm4ggs1snszqai1bqxwyxvzmz-perl5.32.0-MooX-Types-MooseLike-Numeric-1.03
strip is /nix/store/psyzbhp4p088sb9qcs378hfbslcalasl-binutils-2.31.1/bin/strip
stripping (with command strip and flags -S) in /nix/store/nzr9yr6lm4ggs1snszqai1bqxwyxvzmz-perl5.32.0-MooX-Types-MooseLike-Numeric-1.03/lib
patching script interpreter paths in /nix/store/nzr9yr6lm4ggs1snszqai1bqxwyxvzmz-perl5.32.0-MooX-Types-MooseLike-Numeric-1.03
checking for references to /build/ in /nix/store/nzr9yr6lm4ggs1snszqai1bqxwyxvzmz-perl5.32.0-MooX-Types-MooseLike-Numeric-1.03...
shrinking RPATHs of ELF executables and libraries in /nix/store/djh3xy0ppfz1rim576lq8vpd17619pzb-perl5.32.0-MooX-Types-MooseLike-Numeric-1.03-devdoc
gzipping man pages under /nix/store/djh3xy0ppfz1rim576lq8vpd17619pzb-perl5.32.0-MooX-Types-MooseLike-Numeric-1.03-devdoc/share/man/
strip is /nix/store/psyzbhp4p088sb9qcs378hfbslcalasl-binutils-2.31.1/bin/strip
patching script interpreter paths in /nix/store/djh3xy0ppfz1rim576lq8vpd17619pzb-perl5.32.0-MooX-Types-MooseLike-Numeric-1.03-devdoc
checking for references to /build/ in /nix/store/djh3xy0ppfz1rim576lq8vpd17619pzb-perl5.32.0-MooX-Types-MooseLike-Numeric-1.03-devdoc...
cp lib/Time/Duration/Parse.pm blib/lib/Time/Duration/Parse.pm
t/00-compile.t .. ok
t/jhash.t ....... ok
All tests successful.
Files=2, Tests=6,  1 wallclock secs ( 0.02 usr  0.01 sys +  0.09 cusr  0.01 csys =  0.13 CPU)
Result: PASS
installing
install flags: SHELL=/nix/store/9fqwwd4iybmhjqyxiaxycknslw6bgwh1-bash-4.4-p23/bin/bash pkgconfigdir=/nix/store/hi66r8rh1x4j8ijpagvldhp3brsawnnp-perl5.32.0-Digest-JHash-0.10/lib/pkgconfig m4datadir=/nix/store/hi66r8rh1x4j8ijpagvldhp3brsawnnp-perl5.32.0-Digest-JHash-0.10/share/aclocal aclocaldir=/nix/store/hi66r8rh1x4j8ijpagvldhp3brsawnnp-perl5.32.0-Digest-JHash-0.10/share/aclocal install
"/nix/store/7c044di03qa7qgr5kjjc2d787aspzp0m-perl-5.32.0/bin/perl" -MExtUtils::Command::MM -e 'cp_nonempty' -- JHash.bs blib/arch/auto/Digest/JHash/JHash.bs 644
Manifying 1 pod document
running tests
check flags: SHELL=/nix/store/9fqwwd4iybmhjqyxiaxycknslw6bgwh1-bash-4.4-p23/bin/bash VERBOSE=y test
PERL_DL_NONLAZY=1 "/nix/store/7c044di03qa7qgr5kjjc2d787aspzp0m-perl-5.32.0/bin/perl" "-MExtUtils::Command::MM" "-MTest::Harness" "-e" "undef *Test::Harness::Switches; test_harness(0, 'blib/lib', 'blib/arch')" t/*.t
Manifying 1 pod document
Files found in blib/arch: installing files in blib/lib into architecture dependent library tree
Installing /nix/store/hi66r8rh1x4j8ijpagvldhp3brsawnnp-perl5.32.0-Digest-JHash-0.10/lib/perl5/site_perl/5.32.0/x86_64-linux-thread-multi/auto/Digest/JHash/JHash.so
Installing /nix/store/hi66r8rh1x4j8ijpagvldhp3brsawnnp-perl5.32.0-Digest-JHash-0.10/lib/perl5/site_perl/5.32.0/x86_64-linux-thread-multi/Digest/JHash.pm
Installing /nix/store/hi66r8rh1x4j8ijpagvldhp3brsawnnp-perl5.32.0-Digest-JHash-0.10/share/man/man3/Digest::JHash.3
Appending installation info to /nix/store/hi66r8rh1x4j8ijpagvldhp3brsawnnp-perl5.32.0-Digest-JHash-0.10/lib/perl5/5.32.0/x86_64-linux-thread-multi/perllocal.pod
post-installation fixup
Moving /nix/store/hi66r8rh1x4j8ijpagvldhp3brsawnnp-perl5.32.0-Digest-JHash-0.10/share/man/man3 to /nix/store/2mg7gjrah91vi9jxyl34zmrwylrma8xx-perl5.32.0-Digest-JHash-0.10-devdoc/share/man/man3
Removing empty /nix/store/hi66r8rh1x4j8ijpagvldhp3brsawnnp-perl5.32.0-Digest-JHash-0.10/share/man/ and (possibly) its parents
shrinking RPATHs of ELF executables and libraries in /nix/store/hi66r8rh1x4j8ijpagvldhp3brsawnnp-perl5.32.0-Digest-JHash-0.10
shrinking /nix/store/hi66r8rh1x4j8ijpagvldhp3brsawnnp-perl5.32.0-Digest-JHash-0.10/lib/perl5/site_perl/5.32.0/x86_64-linux-thread-multi/auto/Digest/JHash/JHash.so
strip is /nix/store/psyzbhp4p088sb9qcs378hfbslcalasl-binutils-2.31.1/bin/strip
stripping (with command strip and flags -S) in /nix/store/hi66r8rh1x4j8ijpagvldhp3brsawnnp-perl5.32.0-Digest-JHash-0.10/lib
patching script interpreter paths in /nix/store/hi66r8rh1x4j8ijpagvldhp3brsawnnp-perl5.32.0-Digest-JHash-0.10
checking for references to /build/ in /nix/store/hi66r8rh1x4j8ijpagvldhp3brsawnnp-perl5.32.0-Digest-JHash-0.10...
shrinking RPATHs of ELF executables and libraries in /nix/store/2mg7gjrah91vi9jxyl34zmrwylrma8xx-perl5.32.0-Digest-JHash-0.10-devdoc
gzipping man pages under /nix/store/2mg7gjrah91vi9jxyl34zmrwylrma8xx-perl5.32.0-Digest-JHash-0.10-devdoc/share/man/
strip is /nix/store/psyzbhp4p088sb9qcs378hfbslcalasl-binutils-2.31.1/bin/strip
patching script interpreter paths in /nix/store/2mg7gjrah91vi9jxyl34zmrwylrma8xx-perl5.32.0-Digest-JHash-0.10-devdoc
checking for references to /build/ in /nix/store/2mg7gjrah91vi9jxyl34zmrwylrma8xx-perl5.32.0-Digest-JHash-0.10-devdoc...
t/00_compile.t .... ok
t/01_parse.t ...... ok
t/02_roundtrip.t .. ok
All tests successful.
Files=3, Tests=2051,  0 wallclock secs ( 0.14 usr  0.01 sys +  0.44 cusr  0.03 csys =  0.62 CPU)
Result: PASS
installing
install flags: SHELL=/nix/store/9fqwwd4iybmhjqyxiaxycknslw6bgwh1-bash-4.4-p23/bin/bash pkgconfigdir=/nix/store/wjl4v17dn11mqlcjgdw0yan0zr7qd9kf-perl5.32.0-Time-Duration-Parse-0.15/lib/pkgconfig m4datadir=/nix/store/wjl4v17dn11mqlcjgdw0yan0zr7qd9kf-perl5.32.0-Time-Duration-Parse-0.15/share/aclocal aclocaldir=/nix/store/wjl4v17dn11mqlcjgdw0yan0zr7qd9kf-perl5.32.0-Time-Duration-Parse-0.15/share/aclocal install
Manifying 1 pod document
Installing /nix/store/wjl4v17dn11mqlcjgdw0yan0zr7qd9kf-perl5.32.0-Time-Duration-Parse-0.15/lib/perl5/site_perl/5.32.0/Time/Duration/Parse.pm
Installing /nix/store/wjl4v17dn11mqlcjgdw0yan0zr7qd9kf-perl5.32.0-Time-Duration-Parse-0.15/share/man/man3/Time::Duration::Parse.3
Appending installation info to /nix/store/wjl4v17dn11mqlcjgdw0yan0zr7qd9kf-perl5.32.0-Time-Duration-Parse-0.15/lib/perl5/5.32.0/x86_64-linux-thread-multi/perllocal.pod
post-installation fixup
Moving /nix/store/wjl4v17dn11mqlcjgdw0yan0zr7qd9kf-perl5.32.0-Time-Duration-Parse-0.15/share/man/man3 to /nix/store/lzjqjc252w60xbsz9yqhbigrvq76np2j-perl5.32.0-Time-Duration-Parse-0.15-devdoc/share/man/man3
Removing empty /nix/store/wjl4v17dn11mqlcjgdw0yan0zr7qd9kf-perl5.32.0-Time-Duration-Parse-0.15/share/man/ and (possibly) its parents
shrinking RPATHs of ELF executables and libraries in /nix/store/wjl4v17dn11mqlcjgdw0yan0zr7qd9kf-perl5.32.0-Time-Duration-Parse-0.15
strip is /nix/store/psyzbhp4p088sb9qcs378hfbslcalasl-binutils-2.31.1/bin/strip
stripping (with command strip and flags -S) in /nix/store/wjl4v17dn11mqlcjgdw0yan0zr7qd9kf-perl5.32.0-Time-Duration-Parse-0.15/lib
patching script interpreter paths in /nix/store/wjl4v17dn11mqlcjgdw0yan0zr7qd9kf-perl5.32.0-Time-Duration-Parse-0.15
checking for references to /build/ in /nix/store/wjl4v17dn11mqlcjgdw0yan0zr7qd9kf-perl5.32.0-Time-Duration-Parse-0.15...
shrinking RPATHs of ELF executables and libraries in /nix/store/lzjqjc252w60xbsz9yqhbigrvq76np2j-perl5.32.0-Time-Duration-Parse-0.15-devdoc
gzipping man pages under /nix/store/lzjqjc252w60xbsz9yqhbigrvq76np2j-perl5.32.0-Time-Duration-Parse-0.15-devdoc/share/man/
strip is /nix/store/psyzbhp4p088sb9qcs378hfbslcalasl-binutils-2.31.1/bin/strip
patching script interpreter paths in /nix/store/lzjqjc252w60xbsz9yqhbigrvq76np2j-perl5.32.0-Time-Duration-Parse-0.15-devdoc
checking for references to /build/ in /nix/store/lzjqjc252w60xbsz9yqhbigrvq76np2j-perl5.32.0-Time-Duration-Parse-0.15-devdoc...
building '/nix/store/qlgc43cw4pbf9828yjd1aax07p1118vg-perl5.32.0-CHI-0.60.drv'...
unpacking sources
unpacking source archive /nix/store/yhx5rhlmicjqa4cw2hvqjq7lkhmkicr5-CHI-0.60.tar.gz
source root is CHI-0.60
setting SOURCE_DATE_EPOCH to timestamp 1433711897 of file CHI-0.60/t/smoke-Null.t
patching sources
configuring
patching ./t/author-RequiredModules.t...
patching ./t/author-file-driver.t...
patching ./t/Subcache.t...
patching ./t/smoke-Driver-CacheCache.t...
patching ./t/author-no-data-serializer.t...
patching ./t/Subclass.t...
patching ./t/smoke-Driver-NonMoose.t...
patching ./t/author-03-pod.t...
patching ./t/set_permcache.pl...
patching ./t/Initialize.t...
patching ./t/GetError.t...
patching ./t/Sanity.t...
patching ./t/smoke-Driver-FastMmap.t...
patching ./t/Config.t...
patching ./t/Util.t...
patching ./t/Driver-RawMemory.t...
patching ./t/Bugs.t...
patching ./t/smoke-Driver-File-DepthZero.t...
patching ./t/00-load.t...
patching ./t/smoke-Driver-Subcache-mirror_cache.t...
patching ./t/SetError.t...
patching ./t/smoke-Null.t...
patching ./t/smoke-Driver-Subcache-l1_cache.t...
patching ./t/Driver-Memory.t...
patching ./t/smoke-Driver-File.t...
patching ./t/Constants.t...
patching ./etc/bench/bench.pl...
Checking if your kit is complete...
Looks good
Generating a Unix-style Makefile
Writing Makefile for CHI
Writing MYMETA.yml and MYMETA.json
no configure script, doing nothing
building
build flags: SHELL=/nix/store/9fqwwd4iybmhjqyxiaxycknslw6bgwh1-bash-4.4-p23/bin/bash
cp lib/CHI/Driver/RawMemory.pm blib/lib/CHI/Driver/RawMemory.pm
cp lib/CHI/Serializer/JSON.pm blib/lib/CHI/Serializer/JSON.pm
cp lib/CHI/Test/Driver/NonMoose.pm blib/lib/CHI/Test/Driver/NonMoose.pm
cp lib/CHI/CacheObject.pm blib/lib/CHI/CacheObject.pm
cp lib/CHI/Stats.pm blib/lib/CHI/Stats.pm
cp lib/CHI/Driver/Role/HasSubcaches.pm blib/lib/CHI/Driver/Role/HasSubcaches.pm
cp lib/CHI/t/Driver/RawMemory.pm blib/lib/CHI/t/Driver/RawMemory.pm
cp lib/CHI/t/Driver.pm blib/lib/CHI/t/Driver.pm
cp lib/CHI/Driver/CacheCache.pm blib/lib/CHI/Driver/CacheCache.pm
cp lib/CHI/t/Driver/FastMmap.pm blib/lib/CHI/t/Driver/FastMmap.pm
cp lib/CHI/t/Driver/Memory.pm blib/lib/CHI/t/Driver/Memory.pm
cp lib/CHI/Types.pm blib/lib/CHI/Types.pm
cp lib/CHI/Driver/FastMmap.pm blib/lib/CHI/Driver/FastMmap.pm
cp lib/CHI.pm blib/lib/CHI.pm
cp lib/CHI/t/Driver/NonMoose.pm blib/lib/CHI/t/Driver/NonMoose.pm
cp lib/CHI/Driver.pm blib/lib/CHI/Driver.pm
cp lib/CHI/t/Driver/File/DepthZero.pm blib/lib/CHI/t/Driver/File/DepthZero.pm
cp lib/CHI/t/Driver/File.pm blib/lib/CHI/t/Driver/File.pm
cp lib/CHI/Test/Driver/Role/CheckKeyValidity.pm blib/lib/CHI/Test/Driver/Role/CheckKeyValidity.pm
cp lib/CHI/Constants.pm blib/lib/CHI/Constants.pm
cp lib/CHI/Test.pm blib/lib/CHI/Test.pm
cp lib/CHI/Serializer/Storable.pm blib/lib/CHI/Serializer/Storable.pm
cp lib/CHI/Test/Driver/Readonly.pm blib/lib/CHI/Test/Driver/Readonly.pm
cp lib/CHI/t/Config.pm blib/lib/CHI/t/Config.pm
cp lib/CHI/Driver/Null.pm blib/lib/CHI/Driver/Null.pm
cp lib/CHI/Driver/Role/Universal.pm blib/lib/CHI/Driver/Role/Universal.pm
cp lib/CHI/Test/Class.pm blib/lib/CHI/Test/Class.pm
cp lib/CHI/Driver/Role/IsSubcache.pm blib/lib/CHI/Driver/Role/IsSubcache.pm
cp lib/CHI/t/Bugs.pm blib/lib/CHI/t/Bugs.pm
cp lib/CHI/t/Driver/CacheCache.pm blib/lib/CHI/t/Driver/CacheCache.pm
cp lib/CHI/Driver/Base/CacheContainer.pm blib/lib/CHI/Driver/Base/CacheContainer.pm
cp lib/CHI/Test/Util.pm blib/lib/CHI/Test/Util.pm
cp lib/CHI/Util.pm blib/lib/CHI/Util.pm
cp lib/CHI/Driver/Role/IsSizeAware.pm blib/lib/CHI/Driver/Role/IsSizeAware.pm
cp lib/CHI/Benchmarks.pod blib/lib/CHI/Benchmarks.pod
cp lib/CHI/Driver/Metacache.pm blib/lib/CHI/Driver/Metacache.pm
cp lib/CHI/Driver/File.pm blib/lib/CHI/Driver/File.pm
cp lib/CHI/Driver/Development.pod blib/lib/CHI/Driver/Development.pod
cp lib/CHI/Driver/Memory.pm blib/lib/CHI/Driver/Memory.pm
cp lib/CHI/t/Constants.pm blib/lib/CHI/t/Constants.pm
cp lib/CHI/Test/Driver/Writeonly.pm blib/lib/CHI/Test/Driver/Writeonly.pm
cp lib/CHI/t/Initialize.pm blib/lib/CHI/t/Initialize.pm
cp lib/CHI/t/Driver/Subcache/l1_cache.pm blib/lib/CHI/t/Driver/Subcache/l1_cache.pm
cp lib/CHI/t/Subclass.pm blib/lib/CHI/t/Subclass.pm
cp lib/CHI/t/Driver/Subcache/mirror_cache.pm blib/lib/CHI/t/Driver/Subcache/mirror_cache.pm
cp lib/CHI/t/Subcache.pm blib/lib/CHI/t/Subcache.pm
cp lib/CHI/t/GetError.pm blib/lib/CHI/t/GetError.pm
cp lib/CHI/t/Sanity.pm blib/lib/CHI/t/Sanity.pm
cp lib/CHI/t/Null.pm blib/lib/CHI/t/Null.pm
cp lib/CHI/t/RequiredModules.pm blib/lib/CHI/t/RequiredModules.pm
cp lib/CHI/t/SetError.pm blib/lib/CHI/t/SetError.pm
cp lib/CHI/t/Util.pm blib/lib/CHI/t/Util.pm
cp lib/CHI/t/Driver/Subcache.pm blib/lib/CHI/t/Driver/Subcache.pm
Manifying 15 pod documents
running tests
check flags: SHELL=/nix/store/9fqwwd4iybmhjqyxiaxycknslw6bgwh1-bash-4.4-p23/bin/bash VERBOSE=y test
PERL_DL_NONLAZY=1 "/nix/store/7c044di03qa7qgr5kjjc2d787aspzp0m-perl-5.32.0/bin/perl" "-MExtUtils::Command::MM" "-MTest::Harness" "-e" "undef *Test::Harness::Switches; test_harness(0, 'blib/lib', 'blib/arch')" t/*.t
t/00-load.t ............................. 1/1 # Testing CHI 0.60, Perl 5.032000, /nix/store/7c044di03qa7qgr5kjjc2d787aspzp0m-perl-5.32.0/bin/perl
t/00-load.t ............................. ok
t/author-03-pod.t ....................... skipped: these tests are for testing by the author
t/author-file-driver.t .................. skipped: these tests are for testing by the author
t/author-no-data-serializer.t ........... skipped: these tests are for testing by the author
t/author-RequiredModules.t .............. skipped: these tests are for testing by the author
t/Bugs.t ................................ ok
t/Config.t .............................. ok
t/Constants.t ........................... ok
t/Driver-Memory.t ....................... ok
t/Driver-RawMemory.t .................... ok
t/GetError.t ............................ ok
t/Initialize.t .......................... ok
t/release-dependent.t ................... skipped: these tests are for release candidate testing
t/Sanity.t .............................. ok
t/SetError.t ............................ ok
t/smoke-Driver-CacheCache.t ............. skipped: one of required modules not installed: Cache::Cache
t/smoke-Driver-FastMmap.t ............... skipped: one of required modules not installed: Cache::FastMmap
t/smoke-Driver-File-DepthZero.t ......... ok
t/smoke-Driver-File.t ................... ok
t/smoke-Driver-NonMoose.t ............... ok
t/smoke-Driver-Subcache-l1_cache.t ...... ok
t/smoke-Driver-Subcache-mirror_cache.t .. ok
t/smoke-Null.t .......................... ok
t/Subcache.t ............................ ok
t/Subclass.t ............................ ok
t/Util.t ................................ ok
All tests successful.
Files=26, Tests=5218, 17 wallclock secs ( 0.55 usr  0.09 sys +  9.95 cusr  7.27 csys = 17.86 CPU)
Result: PASS
installing
install flags: SHELL=/nix/store/9fqwwd4iybmhjqyxiaxycknslw6bgwh1-bash-4.4-p23/bin/bash pkgconfigdir=/nix/store/jws71fiqib0dynchvgbk5vrqy8z89ddj-perl5.32.0-CHI-0.60/lib/pkgconfig m4datadir=/nix/store/jws71fiqib0dynchvgbk5vrqy8z89ddj-perl5.32.0-CHI-0.60/share/aclocal aclocaldir=/nix/store/jws71fiqib0dynchvgbk5vrqy8z89ddj-perl5.32.0-CHI-0.60/share/aclocal install
Manifying 15 pod documents
Installing /nix/store/jws71fiqib0dynchvgbk5vrqy8z89ddj-perl5.32.0-CHI-0.60/lib/perl5/site_perl/5.32.0/CHI.pm
Installing /nix/store/jws71fiqib0dynchvgbk5vrqy8z89ddj-perl5.32.0-CHI-0.60/lib/perl5/site_perl/5.32.0/CHI/Types.pm
Installing /nix/store/jws71fiqib0dynchvgbk5vrqy8z89ddj-perl5.32.0-CHI-0.60/lib/perl5/site_perl/5.32.0/CHI/Util.pm
Installing /nix/store/jws71fiqib0dynchvgbk5vrqy8z89ddj-perl5.32.0-CHI-0.60/lib/perl5/site_perl/5.32.0/CHI/CacheObject.pm
Installing /nix/store/jws71fiqib0dynchvgbk5vrqy8z89ddj-perl5.32.0-CHI-0.60/lib/perl5/site_perl/5.32.0/CHI/Test.pm
Installing /nix/store/jws71fiqib0dynchvgbk5vrqy8z89ddj-perl5.32.0-CHI-0.60/lib/perl5/site_perl/5.32.0/CHI/Stats.pm
Installing /nix/store/jws71fiqib0dynchvgbk5vrqy8z89ddj-perl5.32.0-CHI-0.60/lib/perl5/site_perl/5.32.0/CHI/Benchmarks.pod
Installing /nix/store/jws71fiqib0dynchvgbk5vrqy8z89ddj-perl5.32.0-CHI-0.60/lib/perl5/site_perl/5.32.0/CHI/Driver.pm
Installing /nix/store/jws71fiqib0dynchvgbk5vrqy8z89ddj-perl5.32.0-CHI-0.60/lib/perl5/site_perl/5.32.0/CHI/Constants.pm
Installing /nix/store/jws71fiqib0dynchvgbk5vrqy8z89ddj-perl5.32.0-CHI-0.60/lib/perl5/site_perl/5.32.0/CHI/Test/Class.pm
Installing /nix/store/jws71fiqib0dynchvgbk5vrqy8z89ddj-perl5.32.0-CHI-0.60/lib/perl5/site_perl/5.32.0/CHI/Test/Util.pm
Installing /nix/store/jws71fiqib0dynchvgbk5vrqy8z89ddj-perl5.32.0-CHI-0.60/lib/perl5/site_perl/5.32.0/CHI/Test/Driver/Readonly.pm
Installing /nix/store/jws71fiqib0dynchvgbk5vrqy8z89ddj-perl5.32.0-CHI-0.60/lib/perl5/site_perl/5.32.0/CHI/Test/Driver/NonMoose.pm
Installing /nix/store/jws71fiqib0dynchvgbk5vrqy8z89ddj-perl5.32.0-CHI-0.60/lib/perl5/site_perl/5.32.0/CHI/Test/Driver/Writeonly.pm
Installing /nix/store/jws71fiqib0dynchvgbk5vrqy8z89ddj-perl5.32.0-CHI-0.60/lib/perl5/site_perl/5.32.0/CHI/Test/Driver/Role/CheckKeyValidity.pm
Installing /nix/store/jws71fiqib0dynchvgbk5vrqy8z89ddj-perl5.32.0-CHI-0.60/lib/perl5/site_perl/5.32.0/CHI/t/Config.pm
Installing /nix/store/jws71fiqib0dynchvgbk5vrqy8z89ddj-perl5.32.0-CHI-0.60/lib/perl5/site_perl/5.32.0/CHI/t/RequiredModules.pm
Installing /nix/store/jws71fiqib0dynchvgbk5vrqy8z89ddj-perl5.32.0-CHI-0.60/lib/perl5/site_perl/5.32.0/CHI/t/Util.pm
Installing /nix/store/jws71fiqib0dynchvgbk5vrqy8z89ddj-perl5.32.0-CHI-0.60/lib/perl5/site_perl/5.32.0/CHI/t/Initialize.pm
Installing /nix/store/jws71fiqib0dynchvgbk5vrqy8z89ddj-perl5.32.0-CHI-0.60/lib/perl5/site_perl/5.32.0/CHI/t/GetError.pm
Installing /nix/store/jws71fiqib0dynchvgbk5vrqy8z89ddj-perl5.32.0-CHI-0.60/lib/perl5/site_perl/5.32.0/CHI/t/Null.pm
Installing /nix/store/jws71fiqib0dynchvgbk5vrqy8z89ddj-perl5.32.0-CHI-0.60/lib/perl5/site_perl/5.32.0/CHI/t/Subclass.pm
Installing /nix/store/jws71fiqib0dynchvgbk5vrqy8z89ddj-perl5.32.0-CHI-0.60/lib/perl5/site_perl/5.32.0/CHI/t/Bugs.pm
Installing /nix/store/jws71fiqib0dynchvgbk5vrqy8z89ddj-perl5.32.0-CHI-0.60/lib/perl5/site_perl/5.32.0/CHI/t/Subcache.pm
Installing /nix/store/jws71fiqib0dynchvgbk5vrqy8z89ddj-perl5.32.0-CHI-0.60/lib/perl5/site_perl/5.32.0/CHI/t/SetError.pm
Installing /nix/store/jws71fiqib0dynchvgbk5vrqy8z89ddj-perl5.32.0-CHI-0.60/lib/perl5/site_perl/5.32.0/CHI/t/Driver.pm
Installing /nix/store/jws71fiqib0dynchvgbk5vrqy8z89ddj-perl5.32.0-CHI-0.60/lib/perl5/site_perl/5.32.0/CHI/t/Sanity.pm
Installing /nix/store/jws71fiqib0dynchvgbk5vrqy8z89ddj-perl5.32.0-CHI-0.60/lib/perl5/site_perl/5.32.0/CHI/t/Constants.pm
Installing /nix/store/jws71fiqib0dynchvgbk5vrqy8z89ddj-perl5.32.0-CHI-0.60/lib/perl5/site_perl/5.32.0/CHI/t/Driver/Memory.pm
Installing /nix/store/jws71fiqib0dynchvgbk5vrqy8z89ddj-perl5.32.0-CHI-0.60/lib/perl5/site_perl/5.32.0/CHI/t/Driver/RawMemory.pm
Installing /nix/store/jws71fiqib0dynchvgbk5vrqy8z89ddj-perl5.32.0-CHI-0.60/lib/perl5/site_perl/5.32.0/CHI/t/Driver/NonMoose.pm
Installing /nix/store/jws71fiqib0dynchvgbk5vrqy8z89ddj-perl5.32.0-CHI-0.60/lib/perl5/site_perl/5.32.0/CHI/t/Driver/File.pm
Installing /nix/store/jws71fiqib0dynchvgbk5vrqy8z89ddj-perl5.32.0-CHI-0.60/lib/perl5/site_perl/5.32.0/CHI/t/Driver/FastMmap.pm
Installing /nix/store/jws71fiqib0dynchvgbk5vrqy8z89ddj-perl5.32.0-CHI-0.60/lib/perl5/site_perl/5.32.0/CHI/t/Driver/Subcache.pm
Installing /nix/store/jws71fiqib0dynchvgbk5vrqy8z89ddj-perl5.32.0-CHI-0.60/lib/perl5/site_perl/5.32.0/CHI/t/Driver/CacheCache.pm
Installing /nix/store/jws71fiqib0dynchvgbk5vrqy8z89ddj-perl5.32.0-CHI-0.60/lib/perl5/site_perl/5.32.0/CHI/t/Driver/File/DepthZero.pm
Installing /nix/store/jws71fiqib0dynchvgbk5vrqy8z89ddj-perl5.32.0-CHI-0.60/lib/perl5/site_perl/5.32.0/CHI/t/Driver/Subcache/mirror_cache.pm
Installing /nix/store/jws71fiqib0dynchvgbk5vrqy8z89ddj-perl5.32.0-CHI-0.60/lib/perl5/site_perl/5.32.0/CHI/t/Driver/Subcache/l1_cache.pm
Installing /nix/store/jws71fiqib0dynchvgbk5vrqy8z89ddj-perl5.32.0-CHI-0.60/lib/perl5/site_perl/5.32.0/CHI/Driver/Metacache.pm
Installing /nix/store/jws71fiqib0dynchvgbk5vrqy8z89ddj-perl5.32.0-CHI-0.60/lib/perl5/site_perl/5.32.0/CHI/Driver/Memory.pm
Installing /nix/store/jws71fiqib0dynchvgbk5vrqy8z89ddj-perl5.32.0-CHI-0.60/lib/perl5/site_perl/5.32.0/CHI/Driver/RawMemory.pm
Installing /nix/store/jws71fiqib0dynchvgbk5vrqy8z89ddj-perl5.32.0-CHI-0.60/lib/perl5/site_perl/5.32.0/CHI/Driver/File.pm
Installing /nix/store/jws71fiqib0dynchvgbk5vrqy8z89ddj-perl5.32.0-CHI-0.60/lib/perl5/site_perl/5.32.0/CHI/Driver/Null.pm
Installing /nix/store/jws71fiqib0dynchvgbk5vrqy8z89ddj-perl5.32.0-CHI-0.60/lib/perl5/site_perl/5.32.0/CHI/Driver/FastMmap.pm
Installing /nix/store/jws71fiqib0dynchvgbk5vrqy8z89ddj-perl5.32.0-CHI-0.60/lib/perl5/site_perl/5.32.0/CHI/Driver/Development.pod
Installing /nix/store/jws71fiqib0dynchvgbk5vrqy8z89ddj-perl5.32.0-CHI-0.60/lib/perl5/site_perl/5.32.0/CHI/Driver/CacheCache.pm
Installing /nix/store/jws71fiqib0dynchvgbk5vrqy8z89ddj-perl5.32.0-CHI-0.60/lib/perl5/site_perl/5.32.0/CHI/Driver/Base/CacheContainer.pm
Installing /nix/store/jws71fiqib0dynchvgbk5vrqy8z89ddj-perl5.32.0-CHI-0.60/lib/perl5/site_perl/5.32.0/CHI/Driver/Role/HasSubcaches.pm
Installing /nix/store/jws71fiqib0dynchvgbk5vrqy8z89ddj-perl5.32.0-CHI-0.60/lib/perl5/site_perl/5.32.0/CHI/Driver/Role/IsSubcache.pm
Installing /nix/store/jws71fiqib0dynchvgbk5vrqy8z89ddj-perl5.32.0-CHI-0.60/lib/perl5/site_perl/5.32.0/CHI/Driver/Role/IsSizeAware.pm
Installing /nix/store/jws71fiqib0dynchvgbk5vrqy8z89ddj-perl5.32.0-CHI-0.60/lib/perl5/site_perl/5.32.0/CHI/Driver/Role/Universal.pm
Installing /nix/store/jws71fiqib0dynchvgbk5vrqy8z89ddj-perl5.32.0-CHI-0.60/lib/perl5/site_perl/5.32.0/CHI/Serializer/Storable.pm
Installing /nix/store/jws71fiqib0dynchvgbk5vrqy8z89ddj-perl5.32.0-CHI-0.60/lib/perl5/site_perl/5.32.0/CHI/Serializer/JSON.pm
Installing /nix/store/jws71fiqib0dynchvgbk5vrqy8z89ddj-perl5.32.0-CHI-0.60/share/man/man3/CHI::Driver::FastMmap.3
Installing /nix/store/jws71fiqib0dynchvgbk5vrqy8z89ddj-perl5.32.0-CHI-0.60/share/man/man3/CHI::Driver::Base::CacheContainer.3
Installing /nix/store/jws71fiqib0dynchvgbk5vrqy8z89ddj-perl5.32.0-CHI-0.60/share/man/man3/CHI::Driver::File.3
Installing /nix/store/jws71fiqib0dynchvgbk5vrqy8z89ddj-perl5.32.0-CHI-0.60/share/man/man3/CHI::Constants.3
Installing /nix/store/jws71fiqib0dynchvgbk5vrqy8z89ddj-perl5.32.0-CHI-0.60/share/man/man3/CHI::Benchmarks.3
Installing /nix/store/jws71fiqib0dynchvgbk5vrqy8z89ddj-perl5.32.0-CHI-0.60/share/man/man3/CHI::Driver::RawMemory.3
Installing /nix/store/jws71fiqib0dynchvgbk5vrqy8z89ddj-perl5.32.0-CHI-0.60/share/man/man3/CHI::Driver::CacheCache.3
Installing /nix/store/jws71fiqib0dynchvgbk5vrqy8z89ddj-perl5.32.0-CHI-0.60/share/man/man3/CHI::CacheObject.3
Installing /nix/store/jws71fiqib0dynchvgbk5vrqy8z89ddj-perl5.32.0-CHI-0.60/share/man/man3/CHI::Driver::Development.3
Installing /nix/store/jws71fiqib0dynchvgbk5vrqy8z89ddj-perl5.32.0-CHI-0.60/share/man/man3/CHI::Driver::Null.3
Installing /nix/store/jws71fiqib0dynchvgbk5vrqy8z89ddj-perl5.32.0-CHI-0.60/share/man/man3/CHI::Driver::Metacache.3
Installing /nix/store/jws71fiqib0dynchvgbk5vrqy8z89ddj-perl5.32.0-CHI-0.60/share/man/man3/CHI.3
Installing /nix/store/jws71fiqib0dynchvgbk5vrqy8z89ddj-perl5.32.0-CHI-0.60/share/man/man3/CHI::Driver.3
Installing /nix/store/jws71fiqib0dynchvgbk5vrqy8z89ddj-perl5.32.0-CHI-0.60/share/man/man3/CHI::Stats.3
Installing /nix/store/jws71fiqib0dynchvgbk5vrqy8z89ddj-perl5.32.0-CHI-0.60/share/man/man3/CHI::Driver::Memory.3
Appending installation info to /nix/store/jws71fiqib0dynchvgbk5vrqy8z89ddj-perl5.32.0-CHI-0.60/lib/perl5/5.32.0/x86_64-linux-thread-multi/perllocal.pod
post-installation fixup
Moving /nix/store/jws71fiqib0dynchvgbk5vrqy8z89ddj-perl5.32.0-CHI-0.60/share/man/man3 to /nix/store/7w5g3j6a5z61i69r66fbdi0rndmp6npa-perl5.32.0-CHI-0.60-devdoc/share/man/man3
Removing empty /nix/store/jws71fiqib0dynchvgbk5vrqy8z89ddj-perl5.32.0-CHI-0.60/share/man/ and (possibly) its parents
shrinking RPATHs of ELF executables and libraries in /nix/store/jws71fiqib0dynchvgbk5vrqy8z89ddj-perl5.32.0-CHI-0.60
strip is /nix/store/psyzbhp4p088sb9qcs378hfbslcalasl-binutils-2.31.1/bin/strip
stripping (with command strip and flags -S) in /nix/store/jws71fiqib0dynchvgbk5vrqy8z89ddj-perl5.32.0-CHI-0.60/lib
patching script interpreter paths in /nix/store/jws71fiqib0dynchvgbk5vrqy8z89ddj-perl5.32.0-CHI-0.60
checking for references to /build/ in /nix/store/jws71fiqib0dynchvgbk5vrqy8z89ddj-perl5.32.0-CHI-0.60...
shrinking RPATHs of ELF executables and libraries in /nix/store/7w5g3j6a5z61i69r66fbdi0rndmp6npa-perl5.32.0-CHI-0.60-devdoc
gzipping man pages under /nix/store/7w5g3j6a5z61i69r66fbdi0rndmp6npa-perl5.32.0-CHI-0.60-devdoc/share/man/
strip is /nix/store/psyzbhp4p088sb9qcs378hfbslcalasl-binutils-2.31.1/bin/strip
patching script interpreter paths in /nix/store/7w5g3j6a5z61i69r66fbdi0rndmp6npa-perl5.32.0-CHI-0.60-devdoc
checking for references to /build/ in /nix/store/7w5g3j6a5z61i69r66fbdi0rndmp6npa-perl5.32.0-CHI-0.60-devdoc...
/nix/store/jws71fiqib0dynchvgbk5vrqy8z89ddj-perl5.32.0-CHI-0.60
