these derivations will be built:
  /nix/store/xzyl4zil5ljh9jdn1k5sxr43ds07x1il-perl5.32.0-Class-Factory-Util-1.7.drv
these paths will be fetched (0.01 MiB download, 0.01 MiB unpacked):
  /nix/store/09nk2cmb4f2q08iyjnj9qrp19sz571zm-Class-Factory-Util-1.7.tar.gz
copying path '/nix/store/09nk2cmb4f2q08iyjnj9qrp19sz571zm-Class-Factory-Util-1.7.tar.gz' from 'https://cache.nixos.org'...
building '/nix/store/xzyl4zil5ljh9jdn1k5sxr43ds07x1il-perl5.32.0-Class-Factory-Util-1.7.drv'...
unpacking sources
unpacking source archive /nix/store/09nk2cmb4f2q08iyjnj9qrp19sz571zm-Class-Factory-Util-1.7.tar.gz
source root is Class-Factory-Util-1.7
setting SOURCE_DATE_EPOCH to timestamp 1175269491 of file Class-Factory-Util-1.7/SIGNATURE
patching sources
configuring
# running Build.PL --prefix /nix/store/lprclv6z1wp4ckjzhmlvppfrx3vlqi4w-perl5.32.0-Class-Factory-Util-1.7 --installdirs site --config perl=/nix/store/7c044di03qa7qgr5kjjc2d787aspzp0m-perl-5.32.0/bin/perl --fullperl "/nix/store/7c044di03qa7qgr5kjjc2d787aspzp0m-perl-5.32.0/bin/perl"
Created MYMETA.yml and MYMETA.json
Creating new 'Build' script for 'Class-Factory-Util' version '1.7'
no configure script, doing nothing
building
Created MYMETA.yml and MYMETA.json
Creating new 'Build' script for 'Class-Factory-Util' version '1.7'
Building Class-Factory-Util
running tests
t/01test.t ........ ok
t/pod-coverage.t .. skipped: Test::Pod::Coverage 1.04 required for testing POD coverage
t/pod.t ........... skipped: Test::Pod 1.14 required for testing POD
All tests successful.
Files=3, Tests=5,  0 wallclock secs ( 0.02 usr  0.01 sys +  0.10 cusr  0.03 csys =  0.16 CPU)
Result: PASS
installing
Building Class-Factory-Util
Installing /nix/store/lprclv6z1wp4ckjzhmlvppfrx3vlqi4w-perl5.32.0-Class-Factory-Util-1.7/lib/perl5/site_perl/5.32.0/Class/Factory/Util.pm
Installing /nix/store/lprclv6z1wp4ckjzhmlvppfrx3vlqi4w-perl5.32.0-Class-Factory-Util-1.7/share/man/man3/Class::Factory::Util.3
post-installation fixup
Moving /nix/store/lprclv6z1wp4ckjzhmlvppfrx3vlqi4w-perl5.32.0-Class-Factory-Util-1.7/share/man/man3 to /nix/store/jzcg4y8imw7ivpl0gg4v05na7lpmnksd-perl5.32.0-Class-Factory-Util-1.7-devdoc/share/man/man3
Removing empty /nix/store/lprclv6z1wp4ckjzhmlvppfrx3vlqi4w-perl5.32.0-Class-Factory-Util-1.7/share/man/ and (possibly) its parents
shrinking RPATHs of ELF executables and libraries in /nix/store/lprclv6z1wp4ckjzhmlvppfrx3vlqi4w-perl5.32.0-Class-Factory-Util-1.7
strip is /nix/store/psyzbhp4p088sb9qcs378hfbslcalasl-binutils-2.31.1/bin/strip
stripping (with command strip and flags -S) in /nix/store/lprclv6z1wp4ckjzhmlvppfrx3vlqi4w-perl5.32.0-Class-Factory-Util-1.7/lib
patching script interpreter paths in /nix/store/lprclv6z1wp4ckjzhmlvppfrx3vlqi4w-perl5.32.0-Class-Factory-Util-1.7
checking for references to /build/ in /nix/store/lprclv6z1wp4ckjzhmlvppfrx3vlqi4w-perl5.32.0-Class-Factory-Util-1.7...
shrinking RPATHs of ELF executables and libraries in /nix/store/jzcg4y8imw7ivpl0gg4v05na7lpmnksd-perl5.32.0-Class-Factory-Util-1.7-devdoc
gzipping man pages under /nix/store/jzcg4y8imw7ivpl0gg4v05na7lpmnksd-perl5.32.0-Class-Factory-Util-1.7-devdoc/share/man/
strip is /nix/store/psyzbhp4p088sb9qcs378hfbslcalasl-binutils-2.31.1/bin/strip
patching script interpreter paths in /nix/store/jzcg4y8imw7ivpl0gg4v05na7lpmnksd-perl5.32.0-Class-Factory-Util-1.7-devdoc
checking for references to /build/ in /nix/store/jzcg4y8imw7ivpl0gg4v05na7lpmnksd-perl5.32.0-Class-Factory-Util-1.7-devdoc...
/nix/store/lprclv6z1wp4ckjzhmlvppfrx3vlqi4w-perl5.32.0-Class-Factory-Util-1.7
