these derivations will be built:
  /nix/store/p9l3qfhr5f9w4rp97z8kndhm5lrfwn0i-perl5.32.0-Class-Container-0.13.drv
building '/nix/store/p9l3qfhr5f9w4rp97z8kndhm5lrfwn0i-perl5.32.0-Class-Container-0.13.drv'...
unpacking sources
unpacking source archive /nix/store/dvi81xr4izqx6w8vhks72w7bm3rk8qc7-Class-Container-0.13.tar.gz
source root is Class-Container-0.13
setting SOURCE_DATE_EPOCH to timestamp 1509684902 of file Class-Container-0.13/t/classes.pl
patching sources
configuring
patching ./t/author-critic.t...
patching ./t/01-basic.t...
Checking if your kit is complete...
Looks good
Generating a Unix-style Makefile
Writing Makefile for Class::Container
Writing MYMETA.yml and MYMETA.json
no configure script, doing nothing
building
Created MYMETA.yml and MYMETA.json
Creating new 'Build' script for 'Class-Container' version '0.13'
Building Class-Container
running tests
t/01-basic.t ....... ok
t/02-decorator.t ... ok
t/author-critic.t .. skipped: these tests are for testing by the author
All tests successful.
Files=3, Tests=92,  0 wallclock secs ( 0.02 usr  0.00 sys +  0.11 cusr  0.04 csys =  0.17 CPU)
Result: PASS
installing
Building Class-Container
Installing /nix/store/wz0jp6fywd6sc1g8xydy0cbb77bbfg4f-perl5.32.0-Class-Container-0.13/lib/perl5/site_perl/5.32.0/Class/Container.pm
Installing /nix/store/wz0jp6fywd6sc1g8xydy0cbb77bbfg4f-perl5.32.0-Class-Container-0.13/share/man/man3/Class::Container.3
post-installation fixup
Moving /nix/store/wz0jp6fywd6sc1g8xydy0cbb77bbfg4f-perl5.32.0-Class-Container-0.13/share/man/man3 to /nix/store/kcpl63b7bgk77pnlb9y12ll3fndz64gk-perl5.32.0-Class-Container-0.13-devdoc/share/man/man3
Removing empty /nix/store/wz0jp6fywd6sc1g8xydy0cbb77bbfg4f-perl5.32.0-Class-Container-0.13/share/man/ and (possibly) its parents
shrinking RPATHs of ELF executables and libraries in /nix/store/wz0jp6fywd6sc1g8xydy0cbb77bbfg4f-perl5.32.0-Class-Container-0.13
strip is /nix/store/psyzbhp4p088sb9qcs378hfbslcalasl-binutils-2.31.1/bin/strip
stripping (with command strip and flags -S) in /nix/store/wz0jp6fywd6sc1g8xydy0cbb77bbfg4f-perl5.32.0-Class-Container-0.13/lib
patching script interpreter paths in /nix/store/wz0jp6fywd6sc1g8xydy0cbb77bbfg4f-perl5.32.0-Class-Container-0.13
checking for references to /build/ in /nix/store/wz0jp6fywd6sc1g8xydy0cbb77bbfg4f-perl5.32.0-Class-Container-0.13...
shrinking RPATHs of ELF executables and libraries in /nix/store/kcpl63b7bgk77pnlb9y12ll3fndz64gk-perl5.32.0-Class-Container-0.13-devdoc
gzipping man pages under /nix/store/kcpl63b7bgk77pnlb9y12ll3fndz64gk-perl5.32.0-Class-Container-0.13-devdoc/share/man/
strip is /nix/store/psyzbhp4p088sb9qcs378hfbslcalasl-binutils-2.31.1/bin/strip
patching script interpreter paths in /nix/store/kcpl63b7bgk77pnlb9y12ll3fndz64gk-perl5.32.0-Class-Container-0.13-devdoc
checking for references to /build/ in /nix/store/kcpl63b7bgk77pnlb9y12ll3fndz64gk-perl5.32.0-Class-Container-0.13-devdoc...
/nix/store/wz0jp6fywd6sc1g8xydy0cbb77bbfg4f-perl5.32.0-Class-Container-0.13
