these derivations will be built:
  /nix/store/4algkdqfqnh3pkkpq371jq7y92029ljj-perl5.32.0-Class-MakeMethods-1.01.drv
these paths will be fetched (0.15 MiB download, 0.15 MiB unpacked):
  /nix/store/fl6lhj5466vhzsbjsc0zy2climgj31w9-Class-MakeMethods-1.01.tar.gz
copying path '/nix/store/fl6lhj5466vhzsbjsc0zy2climgj31w9-Class-MakeMethods-1.01.tar.gz' from 'https://cache.nixos.org'...
building '/nix/store/4algkdqfqnh3pkkpq371jq7y92029ljj-perl5.32.0-Class-MakeMethods-1.01.drv'...
unpacking sources
unpacking source archive /nix/store/fl6lhj5466vhzsbjsc0zy2climgj31w9-Class-MakeMethods-1.01.tar.gz
source root is Class-MakeMethods-1.01
setting SOURCE_DATE_EPOCH to timestamp 1094593375 of file Class-MakeMethods-1.01/META.yml
patching sources
configuring
patching ./tests/access/attribute_stnd_hash.t...
patching ./tests/access/autoload_stnd_hash.t...
patching ./tests/access/import_version.t...
patching ./tests/access/autoload_typemap.t...
patching ./tests/evaled/hash_scalar.t...
patching ./tests/basic/declarations.t...
patching ./tests/basic/hash_scalar.t...
patching ./tests/basic/global_scalar.t...
patching ./tests/basic/array_scalar.t...
patching ./tests/basic/global_hash.t...
patching ./tests/TieScalarTest.pm...
patching ./tests/utility/inheritable.t...
patching ./tests/utility/text_builder.t...
patching ./tests/xemulator/accessors/default.t...
patching ./tests/xemulator/accessors/invalid.t...
patching ./tests/xemulator/accessors/chained.t...
patching ./tests/xemulator/accessors/classic.t...
patching ./tests/xemulator/class_struct/equivalent.t...
patching ./tests/xemulator/class_struct/emulate.t...
patching ./tests/xemulator/class_methodmaker/hash_of_lists.t...
patching ./tests/xemulator/class_methodmaker/struct.t...
patching ./tests/xemulator/class_methodmaker/key_with_create.t...
patching ./tests/xemulator/class_methodmaker/sugar.092.t...
patching ./tests/xemulator/class_methodmaker/counter.t...
patching ./tests/xemulator/class_methodmaker/static_hash.t...
patching ./tests/xemulator/class_methodmaker/static_get_set.t...
patching ./tests/xemulator/class_methodmaker/get_set.092.t...
patching ./tests/xemulator/class_methodmaker/boolean.t...
patching ./tests/xemulator/class_methodmaker/boolean.092.t...
patching ./tests/xemulator/class_methodmaker/list.104.t...
patching ./tests/xemulator/class_methodmaker/object_tie_hash.110.todo...
patching ./tests/xemulator/class_methodmaker/key_attrib.t...
patching ./tests/xemulator/class_methodmaker/method.t...
patching ./tests/xemulator/class_methodmaker/get_concat.092.t...
patching ./tests/xemulator/class_methodmaker/object.t...
patching ./tests/xemulator/class_methodmaker/hash.092.t...
patching ./tests/xemulator/class_methodmaker/list.092.t...
patching ./tests/xemulator/class_methodmaker/new.t...
patching ./tests/xemulator/class_methodmaker/get_concat.t...
patching ./tests/xemulator/class_methodmaker/hash.t...
patching ./tests/xemulator/class_methodmaker/get_set_hi.110.todo...
patching ./tests/xemulator/class_methodmaker/tie_list.110.todo...
patching ./tests/xemulator/class_methodmaker/list.t...
patching ./tests/xemulator/class_methodmaker/tie_hash.t...
patching ./tests/xemulator/class_methodmaker/object_list.t...
patching ./tests/xemulator/class_methodmaker/object_list.102.t...
patching ./tests/xemulator/class_methodmaker/copy.t...
patching ./tests/xemulator/class_methodmaker/object_tie_list.110.todo...
patching ./tests/xemulator/class_methodmaker/static_hash.092.t...
patching ./tests/xemulator/class_methodmaker/listed_attrib.t...
patching ./tests/xemulator/class_methodmaker/get_set.t...
patching ./tests/xemulator/class_methodmaker/grouped_fields.t...
patching ./tests/xemulator/class_methodmaker/abstract.t...
patching ./tests/xemulator/class_methodmaker/static_list.t...
patching ./tests/xemulator/class_methodmaker/new.092.t...
patching ./tests/xemulator/class_methodmaker/new.102.t...
patching ./tests/xemulator/class_methodmaker/tie_scalar.110.todo...
patching ./tests/xemulator/class_methodmaker/code.t...
patching ./tests/xemulator/class_methodmaker/object.092.t...
patching ./tests/template/hash_copy.t...
patching ./tests/template/hash_number_interfaces.t...
patching ./tests/template/hash_array.t...
patching ./tests/template/doc_examples.t...
patching ./tests/template/hash_tiedhash.t...
patching ./tests/template/class_array.t...
patching ./tests/template/global_array.t...
patching ./tests/template/insideout_scalar.t...
patching ./tests/template/array_object.t...
patching ./tests/template/global_scalar_lvalue.t...
patching ./tests/template/classvar_array.t...
patching ./tests/template/clone.t...
patching ./tests/template/hash_number.t...
patching ./tests/template/scalar_bits.t...
patching ./tests/template/hash_scalar_interfaces.t...
patching ./tests/template/inherit_scalar.t...
patching ./tests/template/doc_extending.t...
patching ./tests/template/hash_array_getset.t...
patching ./tests/template/insideout_bool_i.t...
patching ./tests/template/modifier_private.t...
patching ./tests/template/inherit_hash.todo...
patching ./tests/template/hash_classkey.todo...
patching ./tests/template/class_scalar.t...
patching ./tests/template/hash_method.t...
patching ./tests/template/hash_string_concat.t...
patching ./tests/template/scalar_counter.t...
patching ./tests/template/hash_scalar.t...
patching ./tests/template/hash_hash.t...
patching ./tests/template/hash_code.t...
patching ./tests/template/classvar_scalar.t...
patching ./tests/template/hash_scalar_closure.t...
patching ./tests/template/hash_object.t...
patching ./tests/template/hash_string_index.t...
patching ./tests/template/hash_string_index_create.t...
patching ./tests/template/declaration.t...
patching ./tests/template/hash_array_object.t...
patching ./tests/template/global_code.t...
patching ./tests/template/hash_counter.t...
patching ./tests/template/hash_boolean.t...
patching ./tests/template/insideout_array.t...
patching ./tests/template/package_scalar.t...
patching ./tests/template/global_scalar.t...
patching ./tests/template/hash_scalar_lvalue.t...
patching ./tests/template/hash_array_lvalue.t...
patching ./tests/template/array_scalar.t...
patching ./tests/template/hash_struct.t...
patching ./tests/template/global_hash.t...
patching ./tests/template/abstract.t...
patching ./tests/template/hash_new.t...
patching ./tests/template/hash_hash_array.t...
patching ./tests/template/hash_counter_closure.t...
patching ./tests/template/array_number.t...
patching ./tests/standard/standard_inheritable_hash.t...
patching ./tests/standard/standard_inheritable.t...
patching ./tests/standard/standard_hash.t...
patching ./tests/standard/standard_declarations.t...
patching ./tests/composite/inheritable.t...
patching ./tests/composite/declarations.t...
patching ./tests/composite/hash.t...
patching ./tests/composite/patch.t...
patching ./tests/composite/inheritable_hook.t...
patching ./tests/composite/inheritable_hash.t...
patching ./test.pl...
patching ./benchmark.pl...
Checking if your kit is complete...
Looks good
Generating a Unix-style Makefile
Writing Makefile for Class::MakeMethods
Writing MYMETA.yml and MYMETA.json
no configure script, doing nothing
building
build flags: SHELL=/nix/store/9fqwwd4iybmhjqyxiaxycknslw6bgwh1-bash-4.4-p23/bin/bash
cp MakeMethods/Composite/Hash.pm blib/lib/Class/MakeMethods/Composite/Hash.pm
cp MakeMethods/Basic/Hash.pm blib/lib/Class/MakeMethods/Basic/Hash.pm
cp MakeMethods/Emulator/Struct.pm blib/lib/Class/MakeMethods/Emulator/Struct.pm
cp MakeMethods/Docs/Changes.pod blib/lib/Class/MakeMethods/Docs/Changes.pod
cp MakeMethods/Evaled/Hash.pm blib/lib/Class/MakeMethods/Evaled/Hash.pm
cp MakeMethods/Composite.pm blib/lib/Class/MakeMethods/Composite.pm
cp MakeMethods/Evaled.pm blib/lib/Class/MakeMethods/Evaled.pm
cp MakeMethods/Emulator/Inheritable.pm blib/lib/Class/MakeMethods/Emulator/Inheritable.pm
cp MakeMethods/Composite/Inheritable.pm blib/lib/Class/MakeMethods/Composite/Inheritable.pm
cp MakeMethods/Standard/Global.pm blib/lib/Class/MakeMethods/Standard/Global.pm
cp MakeMethods/Docs/ReadMe.pod blib/lib/Class/MakeMethods/Docs/ReadMe.pod
cp MakeMethods/Emulator/accessors.pm blib/lib/Class/MakeMethods/Emulator/accessors.pm
cp MakeMethods/Attribute.pm blib/lib/Class/MakeMethods/Attribute.pm
cp MakeMethods/Emulator/mcoder.pm blib/lib/Class/MakeMethods/Emulator/mcoder.pm
cp MakeMethods/Emulator/Singleton.pm blib/lib/Class/MakeMethods/Emulator/Singleton.pm
cp MakeMethods/Docs/Catalog.pod blib/lib/Class/MakeMethods/Docs/Catalog.pod
cp MakeMethods/Basic.pm blib/lib/Class/MakeMethods/Basic.pm
cp MakeMethods/Emulator/AccessorFast.pm blib/lib/Class/MakeMethods/Emulator/AccessorFast.pm
cp MakeMethods/Composite/Array.pm blib/lib/Class/MakeMethods/Composite/Array.pm
cp MakeMethods/Standard.pm blib/lib/Class/MakeMethods/Standard.pm
cp MakeMethods/Basic/Global.pm blib/lib/Class/MakeMethods/Basic/Global.pm
cp MakeMethods/Docs/Examples.pod blib/lib/Class/MakeMethods/Docs/Examples.pod
cp MakeMethods/Standard/Array.pm blib/lib/Class/MakeMethods/Standard/Array.pm
cp MakeMethods.pm blib/lib/Class/MakeMethods.pm
cp MakeMethods/Autoload.pm blib/lib/Class/MakeMethods/Autoload.pm
cp MakeMethods/Composite/Universal.pm blib/lib/Class/MakeMethods/Composite/Universal.pm
cp MakeMethods/Basic/Array.pm blib/lib/Class/MakeMethods/Basic/Array.pm
cp MakeMethods/Docs/RelatedModules.pod blib/lib/Class/MakeMethods/Docs/RelatedModules.pod
cp MakeMethods/Composite/Global.pm blib/lib/Class/MakeMethods/Composite/Global.pm
cp MakeMethods/Emulator/MethodMaker.pm blib/lib/Class/MakeMethods/Emulator/MethodMaker.pm
cp MakeMethods/Docs/ToDo.pod blib/lib/Class/MakeMethods/Docs/ToDo.pod
cp MakeMethods/Emulator.pm blib/lib/Class/MakeMethods/Emulator.pm
cp MakeMethods/Template/Inheritable.pm blib/lib/Class/MakeMethods/Template/Inheritable.pm
cp MakeMethods/Utility/TextBuilder.pm blib/lib/Class/MakeMethods/Utility/TextBuilder.pm
cp MakeMethods/Template/StructBuiltin.pm blib/lib/Class/MakeMethods/Template/StructBuiltin.pm
cp MakeMethods/Template/ClassVar.pm blib/lib/Class/MakeMethods/Template/ClassVar.pm
cp MakeMethods/Utility/DiskCache.pm blib/lib/Class/MakeMethods/Utility/DiskCache.pm
cp MakeMethods/Template/Array.pm blib/lib/Class/MakeMethods/Template/Array.pm
cp MakeMethods/Template/ClassName.pm blib/lib/Class/MakeMethods/Template/ClassName.pm
cp MakeMethods/Standard/Hash.pm blib/lib/Class/MakeMethods/Standard/Hash.pm
cp benchmark.pl blib/lib/Class/benchmark.pl
cp MakeMethods/Template/Global.pm blib/lib/Class/MakeMethods/Template/Global.pm
cp MakeMethods/Template/Generic.pm blib/lib/Class/MakeMethods/Template/Generic.pm
cp MakeMethods/Template/Class.pm blib/lib/Class/MakeMethods/Template/Class.pm
cp MakeMethods/Standard/Inheritable.pm blib/lib/Class/MakeMethods/Standard/Inheritable.pm
cp MakeMethods/Template/Universal.pm blib/lib/Class/MakeMethods/Template/Universal.pm
cp MakeMethods/Template/InsideOut.pm blib/lib/Class/MakeMethods/Template/InsideOut.pm
cp MakeMethods/Template/PackageVar.pm blib/lib/Class/MakeMethods/Template/PackageVar.pm
cp MakeMethods/Template/Hash.pm blib/lib/Class/MakeMethods/Template/Hash.pm
cp MakeMethods/Template.pm blib/lib/Class/MakeMethods/Template.pm
cp MakeMethods/Template/Scalar.pm blib/lib/Class/MakeMethods/Template/Scalar.pm
cp MakeMethods/Utility/ArraySplicer.pm blib/lib/Class/MakeMethods/Utility/ArraySplicer.pm
cp MakeMethods/Utility/Ref.pm blib/lib/Class/MakeMethods/Utility/Ref.pm
cp MakeMethods/Template/Flyweight.pm blib/lib/Class/MakeMethods/Template/Flyweight.pm
cp MakeMethods/Template/Static.pm blib/lib/Class/MakeMethods/Template/Static.pm
cp MakeMethods/Utility/Inheritable.pm blib/lib/Class/MakeMethods/Utility/Inheritable.pm
cp MakeMethods/Template/ClassInherit.pm blib/lib/Class/MakeMethods/Template/ClassInherit.pm
cp MakeMethods/Standard/Universal.pm blib/lib/Class/MakeMethods/Standard/Universal.pm
cp MakeMethods/Template/Struct.pm blib/lib/Class/MakeMethods/Template/Struct.pm
cp MakeMethods/Template/Ref.pm blib/lib/Class/MakeMethods/Template/Ref.pm
Manifying 29 pod documents
Manifying 27 pod documents
Manifying 3 pod documents
running tests
check flags: SHELL=/nix/store/9fqwwd4iybmhjqyxiaxycknslw6bgwh1-bash-4.4-p23/bin/bash VERBOSE=y test
PERL_DL_NONLAZY=1 "/nix/store/7c044di03qa7qgr5kjjc2d787aspzp0m-perl-5.32.0/bin/perl" "-Iblib/lib" "-Iblib/arch" test.pl
test.pl: Searching for test scripts in .
test.pl: Found 121 .t files for test harness.
./tests/access/attribute_stnd_hash.t .................... ok
./tests/access/autoload_stnd_hash.t ..................... ok
./tests/access/autoload_typemap.t ....................... ok
./tests/access/import_version.t ......................... ok
./tests/basic/array_scalar.t ............................ ok
./tests/basic/declarations.t ............................ ok
./tests/basic/global_hash.t ............................. ok
./tests/basic/global_scalar.t ........................... ok
./tests/basic/hash_scalar.t ............................. ok
./tests/composite/declarations.t ........................ ok
./tests/composite/hash.t ................................ ok
./tests/composite/inheritable.t ......................... ok
./tests/composite/inheritable_hash.t .................... ok
./tests/composite/inheritable_hook.t .................... ok
./tests/composite/patch.t ............................... ok
./tests/evaled/hash_scalar.t ............................ ok
./tests/standard/standard_declarations.t ................ ok
./tests/standard/standard_hash.t ........................ ok
./tests/standard/standard_inheritable.t ................. ok
./tests/standard/standard_inheritable_hash.t ............ ok
./tests/template/abstract.t ............................. ok
./tests/template/array_number.t ......................... ok
./tests/template/array_object.t ......................... ok
./tests/template/array_scalar.t ......................... ok
./tests/template/class_array.t .......................... ok
./tests/template/class_scalar.t ......................... ok
./tests/template/classvar_array.t ....................... ok
./tests/template/classvar_scalar.t ...................... ok
./tests/template/clone.t ................................ ok
./tests/template/declaration.t .......................... ok
./tests/template/doc_examples.t ......................... ok
./tests/template/doc_extending.t ........................ ok
./tests/template/global_array.t ......................... ok
./tests/template/global_code.t .......................... ok
./tests/template/global_hash.t .......................... ok
./tests/template/global_scalar.t ........................ ok
./tests/template/global_scalar_lvalue.t ................. ok
./tests/template/hash_array.t ........................... ok
./tests/template/hash_array_getset.t .................... ok
./tests/template/hash_array_lvalue.t .................... ok
./tests/template/hash_array_object.t .................... ok
./tests/template/hash_boolean.t ......................... ok
./tests/template/hash_code.t ............................ ok
./tests/template/hash_copy.t ............................ ok
./tests/template/hash_counter.t ......................... ok
./tests/template/hash_counter_closure.t ................. ok
./tests/template/hash_hash.t ............................ ok
./tests/template/hash_hash_array.t ...................... ok
./tests/template/hash_method.t .......................... ok
./tests/template/hash_new.t ............................. ok
./tests/template/hash_number.t .......................... ok
./tests/template/hash_number_interfaces.t ............... ok
./tests/template/hash_object.t .......................... ok
./tests/template/hash_scalar.t .......................... ok
./tests/template/hash_scalar_closure.t .................. ok
./tests/template/hash_scalar_interfaces.t ............... ok
./tests/template/hash_scalar_lvalue.t ................... ok
./tests/template/hash_string_concat.t ................... ok
./tests/template/hash_string_index.t .................... ok
./tests/template/hash_string_index_create.t ............. ok
./tests/template/hash_struct.t .......................... ok
./tests/template/hash_tiedhash.t ........................ ok
./tests/template/inherit_scalar.t ....................... ok
./tests/template/insideout_array.t ...................... ok
./tests/template/insideout_bool_i.t ..................... ok
./tests/template/insideout_scalar.t ..................... ok
./tests/template/modifier_private.t ..................... ok
./tests/template/package_scalar.t ....................... ok
./tests/template/scalar_bits.t .......................... ok
./tests/template/scalar_counter.t ....................... ok
./tests/utility/inheritable.t ........................... ok
./tests/utility/text_builder.t .......................... ok
./tests/xemulator/accessors/chained.t ................... ok
./tests/xemulator/accessors/classic.t ................... ok
./tests/xemulator/accessors/default.t ................... ok
./tests/xemulator/accessors/invalid.t ................... ok
./tests/xemulator/class_accessor/class_accessor_fast.t .. ok
./tests/xemulator/class_inheritable/emulate.t ........... ok
./tests/xemulator/class_inheritable/transparent.t ....... ok
./tests/xemulator/class_methodmaker/abstract.t .......... ok
./tests/xemulator/class_methodmaker/boolean.092.t ....... ok
./tests/xemulator/class_methodmaker/boolean.t ........... ok
./tests/xemulator/class_methodmaker/code.t .............. ok
./tests/xemulator/class_methodmaker/copy.t .............. ok
./tests/xemulator/class_methodmaker/counter.t ........... ok
./tests/xemulator/class_methodmaker/get_concat.092.t .... ok
./tests/xemulator/class_methodmaker/get_concat.t ........ ok
./tests/xemulator/class_methodmaker/get_set.092.t ....... ok
./tests/xemulator/class_methodmaker/get_set.t ........... ok
./tests/xemulator/class_methodmaker/grouped_fields.t .... ok
./tests/xemulator/class_methodmaker/hash.092.t .......... ok
./tests/xemulator/class_methodmaker/hash.t .............. ok
./tests/xemulator/class_methodmaker/hash_of_lists.t ..... ok
./tests/xemulator/class_methodmaker/key_attrib.t ........ ok
./tests/xemulator/class_methodmaker/key_with_create.t ... ok
./tests/xemulator/class_methodmaker/list.092.t .......... ok
./tests/xemulator/class_methodmaker/list.104.t .......... ok
./tests/xemulator/class_methodmaker/list.t .............. ok
./tests/xemulator/class_methodmaker/listed_attrib.t ..... ok
./tests/xemulator/class_methodmaker/method.t ............ ok
./tests/xemulator/class_methodmaker/new.092.t ........... ok
./tests/xemulator/class_methodmaker/new.102.t ........... ok
./tests/xemulator/class_methodmaker/new.t ............... ok
./tests/xemulator/class_methodmaker/object.092.t ........ ok
./tests/xemulator/class_methodmaker/object.t ............ ok
./tests/xemulator/class_methodmaker/object_list.102.t ... ok
./tests/xemulator/class_methodmaker/object_list.t ....... ok
./tests/xemulator/class_methodmaker/static_get_set.t .... ok
./tests/xemulator/class_methodmaker/static_hash.092.t ... ok
./tests/xemulator/class_methodmaker/static_hash.t ....... ok
./tests/xemulator/class_methodmaker/static_list.t ....... ok
./tests/xemulator/class_methodmaker/struct.t ............ ok
./tests/xemulator/class_methodmaker/sugar.092.t ......... ok
./tests/xemulator/class_methodmaker/tie_hash.t .......... ok
./tests/xemulator/class_singleton/emulate.t ............. ok
./tests/xemulator/class_singleton/transparent.t ......... ok
./tests/xemulator/class_struct/emulate.t ................ ok
./tests/xemulator/class_struct/equivalent.t ............. ok
./tests/xemulator/mcoder/getset.t ....................... ok
./tests/xemulator/mcoder/proxies.t ...................... ok
./tests/xemulator/mcoder/sugar.t ........................ ok
All tests successful.
Files=121, Tests=1760,  3 wallclock secs ( 0.32 usr  0.09 sys +  2.21 cusr  0.37 csys =  2.99 CPU)
Result: PASS
installing
install flags: SHELL=/nix/store/9fqwwd4iybmhjqyxiaxycknslw6bgwh1-bash-4.4-p23/bin/bash pkgconfigdir=/nix/store/f8hq14yxf0x66hvi9972aq3i9s82x7d1-perl5.32.0-Class-MakeMethods-1.01/lib/pkgconfig m4datadir=/nix/store/f8hq14yxf0x66hvi9972aq3i9s82x7d1-perl5.32.0-Class-MakeMethods-1.01/share/aclocal aclocaldir=/nix/store/f8hq14yxf0x66hvi9972aq3i9s82x7d1-perl5.32.0-Class-MakeMethods-1.01/share/aclocal install
Manifying 29 pod documents
Manifying 27 pod documents
Manifying 3 pod documents
Installing /nix/store/f8hq14yxf0x66hvi9972aq3i9s82x7d1-perl5.32.0-Class-MakeMethods-1.01/lib/perl5/site_perl/5.32.0/Class/MakeMethods.pm
Installing /nix/store/f8hq14yxf0x66hvi9972aq3i9s82x7d1-perl5.32.0-Class-MakeMethods-1.01/lib/perl5/site_perl/5.32.0/Class/benchmark.pl
Installing /nix/store/f8hq14yxf0x66hvi9972aq3i9s82x7d1-perl5.32.0-Class-MakeMethods-1.01/lib/perl5/site_perl/5.32.0/Class/MakeMethods/Autoload.pm
Installing /nix/store/f8hq14yxf0x66hvi9972aq3i9s82x7d1-perl5.32.0-Class-MakeMethods-1.01/lib/perl5/site_perl/5.32.0/Class/MakeMethods/Composite.pm
Installing /nix/store/f8hq14yxf0x66hvi9972aq3i9s82x7d1-perl5.32.0-Class-MakeMethods-1.01/lib/perl5/site_perl/5.32.0/Class/MakeMethods/Attribute.pm
Installing /nix/store/f8hq14yxf0x66hvi9972aq3i9s82x7d1-perl5.32.0-Class-MakeMethods-1.01/lib/perl5/site_perl/5.32.0/Class/MakeMethods/Basic.pm
Installing /nix/store/f8hq14yxf0x66hvi9972aq3i9s82x7d1-perl5.32.0-Class-MakeMethods-1.01/lib/perl5/site_perl/5.32.0/Class/MakeMethods/Emulator.pm
Installing /nix/store/f8hq14yxf0x66hvi9972aq3i9s82x7d1-perl5.32.0-Class-MakeMethods-1.01/lib/perl5/site_perl/5.32.0/Class/MakeMethods/Template.pm
Installing /nix/store/f8hq14yxf0x66hvi9972aq3i9s82x7d1-perl5.32.0-Class-MakeMethods-1.01/lib/perl5/site_perl/5.32.0/Class/MakeMethods/Standard.pm
Installing /nix/store/f8hq14yxf0x66hvi9972aq3i9s82x7d1-perl5.32.0-Class-MakeMethods-1.01/lib/perl5/site_perl/5.32.0/Class/MakeMethods/Evaled.pm
Installing /nix/store/f8hq14yxf0x66hvi9972aq3i9s82x7d1-perl5.32.0-Class-MakeMethods-1.01/lib/perl5/site_perl/5.32.0/Class/MakeMethods/Basic/Hash.pm
Installing /nix/store/f8hq14yxf0x66hvi9972aq3i9s82x7d1-perl5.32.0-Class-MakeMethods-1.01/lib/perl5/site_perl/5.32.0/Class/MakeMethods/Basic/Global.pm
Installing /nix/store/f8hq14yxf0x66hvi9972aq3i9s82x7d1-perl5.32.0-Class-MakeMethods-1.01/lib/perl5/site_perl/5.32.0/Class/MakeMethods/Basic/Array.pm
Installing /nix/store/f8hq14yxf0x66hvi9972aq3i9s82x7d1-perl5.32.0-Class-MakeMethods-1.01/lib/perl5/site_perl/5.32.0/Class/MakeMethods/Evaled/Hash.pm
Installing /nix/store/f8hq14yxf0x66hvi9972aq3i9s82x7d1-perl5.32.0-Class-MakeMethods-1.01/lib/perl5/site_perl/5.32.0/Class/MakeMethods/Composite/Hash.pm
Installing /nix/store/f8hq14yxf0x66hvi9972aq3i9s82x7d1-perl5.32.0-Class-MakeMethods-1.01/lib/perl5/site_perl/5.32.0/Class/MakeMethods/Composite/Global.pm
Installing /nix/store/f8hq14yxf0x66hvi9972aq3i9s82x7d1-perl5.32.0-Class-MakeMethods-1.01/lib/perl5/site_perl/5.32.0/Class/MakeMethods/Composite/Inheritable.pm
Installing /nix/store/f8hq14yxf0x66hvi9972aq3i9s82x7d1-perl5.32.0-Class-MakeMethods-1.01/lib/perl5/site_perl/5.32.0/Class/MakeMethods/Composite/Universal.pm
Installing /nix/store/f8hq14yxf0x66hvi9972aq3i9s82x7d1-perl5.32.0-Class-MakeMethods-1.01/lib/perl5/site_perl/5.32.0/Class/MakeMethods/Composite/Array.pm
Installing /nix/store/f8hq14yxf0x66hvi9972aq3i9s82x7d1-perl5.32.0-Class-MakeMethods-1.01/lib/perl5/site_perl/5.32.0/Class/MakeMethods/Utility/TextBuilder.pm
Installing /nix/store/f8hq14yxf0x66hvi9972aq3i9s82x7d1-perl5.32.0-Class-MakeMethods-1.01/lib/perl5/site_perl/5.32.0/Class/MakeMethods/Utility/Ref.pm
Installing /nix/store/f8hq14yxf0x66hvi9972aq3i9s82x7d1-perl5.32.0-Class-MakeMethods-1.01/lib/perl5/site_perl/5.32.0/Class/MakeMethods/Utility/DiskCache.pm
Installing /nix/store/f8hq14yxf0x66hvi9972aq3i9s82x7d1-perl5.32.0-Class-MakeMethods-1.01/lib/perl5/site_perl/5.32.0/Class/MakeMethods/Utility/Inheritable.pm
Installing /nix/store/f8hq14yxf0x66hvi9972aq3i9s82x7d1-perl5.32.0-Class-MakeMethods-1.01/lib/perl5/site_perl/5.32.0/Class/MakeMethods/Utility/ArraySplicer.pm
Installing /nix/store/f8hq14yxf0x66hvi9972aq3i9s82x7d1-perl5.32.0-Class-MakeMethods-1.01/lib/perl5/site_perl/5.32.0/Class/MakeMethods/Template/ClassVar.pm
Installing /nix/store/f8hq14yxf0x66hvi9972aq3i9s82x7d1-perl5.32.0-Class-MakeMethods-1.01/lib/perl5/site_perl/5.32.0/Class/MakeMethods/Template/Generic.pm
Installing /nix/store/f8hq14yxf0x66hvi9972aq3i9s82x7d1-perl5.32.0-Class-MakeMethods-1.01/lib/perl5/site_perl/5.32.0/Class/MakeMethods/Template/Class.pm
Installing /nix/store/f8hq14yxf0x66hvi9972aq3i9s82x7d1-perl5.32.0-Class-MakeMethods-1.01/lib/perl5/site_perl/5.32.0/Class/MakeMethods/Template/ClassInherit.pm
Installing /nix/store/f8hq14yxf0x66hvi9972aq3i9s82x7d1-perl5.32.0-Class-MakeMethods-1.01/lib/perl5/site_perl/5.32.0/Class/MakeMethods/Template/Ref.pm
Installing /nix/store/f8hq14yxf0x66hvi9972aq3i9s82x7d1-perl5.32.0-Class-MakeMethods-1.01/lib/perl5/site_perl/5.32.0/Class/MakeMethods/Template/InsideOut.pm
Installing /nix/store/f8hq14yxf0x66hvi9972aq3i9s82x7d1-perl5.32.0-Class-MakeMethods-1.01/lib/perl5/site_perl/5.32.0/Class/MakeMethods/Template/Hash.pm
Installing /nix/store/f8hq14yxf0x66hvi9972aq3i9s82x7d1-perl5.32.0-Class-MakeMethods-1.01/lib/perl5/site_perl/5.32.0/Class/MakeMethods/Template/Static.pm
Installing /nix/store/f8hq14yxf0x66hvi9972aq3i9s82x7d1-perl5.32.0-Class-MakeMethods-1.01/lib/perl5/site_perl/5.32.0/Class/MakeMethods/Template/Global.pm
Installing /nix/store/f8hq14yxf0x66hvi9972aq3i9s82x7d1-perl5.32.0-Class-MakeMethods-1.01/lib/perl5/site_perl/5.32.0/Class/MakeMethods/Template/StructBuiltin.pm
Installing /nix/store/f8hq14yxf0x66hvi9972aq3i9s82x7d1-perl5.32.0-Class-MakeMethods-1.01/lib/perl5/site_perl/5.32.0/Class/MakeMethods/Template/ClassName.pm
Installing /nix/store/f8hq14yxf0x66hvi9972aq3i9s82x7d1-perl5.32.0-Class-MakeMethods-1.01/lib/perl5/site_perl/5.32.0/Class/MakeMethods/Template/Inheritable.pm
Installing /nix/store/f8hq14yxf0x66hvi9972aq3i9s82x7d1-perl5.32.0-Class-MakeMethods-1.01/lib/perl5/site_perl/5.32.0/Class/MakeMethods/Template/Struct.pm
Installing /nix/store/f8hq14yxf0x66hvi9972aq3i9s82x7d1-perl5.32.0-Class-MakeMethods-1.01/lib/perl5/site_perl/5.32.0/Class/MakeMethods/Template/Universal.pm
Installing /nix/store/f8hq14yxf0x66hvi9972aq3i9s82x7d1-perl5.32.0-Class-MakeMethods-1.01/lib/perl5/site_perl/5.32.0/Class/MakeMethods/Template/Array.pm
Installing /nix/store/f8hq14yxf0x66hvi9972aq3i9s82x7d1-perl5.32.0-Class-MakeMethods-1.01/lib/perl5/site_perl/5.32.0/Class/MakeMethods/Template/Scalar.pm
Installing /nix/store/f8hq14yxf0x66hvi9972aq3i9s82x7d1-perl5.32.0-Class-MakeMethods-1.01/lib/perl5/site_perl/5.32.0/Class/MakeMethods/Template/PackageVar.pm
Installing /nix/store/f8hq14yxf0x66hvi9972aq3i9s82x7d1-perl5.32.0-Class-MakeMethods-1.01/lib/perl5/site_perl/5.32.0/Class/MakeMethods/Template/Flyweight.pm
Installing /nix/store/f8hq14yxf0x66hvi9972aq3i9s82x7d1-perl5.32.0-Class-MakeMethods-1.01/lib/perl5/site_perl/5.32.0/Class/MakeMethods/Docs/Catalog.pod
Installing /nix/store/f8hq14yxf0x66hvi9972aq3i9s82x7d1-perl5.32.0-Class-MakeMethods-1.01/lib/perl5/site_perl/5.32.0/Class/MakeMethods/Docs/RelatedModules.pod
Installing /nix/store/f8hq14yxf0x66hvi9972aq3i9s82x7d1-perl5.32.0-Class-MakeMethods-1.01/lib/perl5/site_perl/5.32.0/Class/MakeMethods/Docs/ReadMe.pod
Installing /nix/store/f8hq14yxf0x66hvi9972aq3i9s82x7d1-perl5.32.0-Class-MakeMethods-1.01/lib/perl5/site_perl/5.32.0/Class/MakeMethods/Docs/Examples.pod
Installing /nix/store/f8hq14yxf0x66hvi9972aq3i9s82x7d1-perl5.32.0-Class-MakeMethods-1.01/lib/perl5/site_perl/5.32.0/Class/MakeMethods/Docs/ToDo.pod
Installing /nix/store/f8hq14yxf0x66hvi9972aq3i9s82x7d1-perl5.32.0-Class-MakeMethods-1.01/lib/perl5/site_perl/5.32.0/Class/MakeMethods/Docs/Changes.pod
Installing /nix/store/f8hq14yxf0x66hvi9972aq3i9s82x7d1-perl5.32.0-Class-MakeMethods-1.01/lib/perl5/site_perl/5.32.0/Class/MakeMethods/Emulator/mcoder.pm
Installing /nix/store/f8hq14yxf0x66hvi9972aq3i9s82x7d1-perl5.32.0-Class-MakeMethods-1.01/lib/perl5/site_perl/5.32.0/Class/MakeMethods/Emulator/accessors.pm
Installing /nix/store/f8hq14yxf0x66hvi9972aq3i9s82x7d1-perl5.32.0-Class-MakeMethods-1.01/lib/perl5/site_perl/5.32.0/Class/MakeMethods/Emulator/AccessorFast.pm
Installing /nix/store/f8hq14yxf0x66hvi9972aq3i9s82x7d1-perl5.32.0-Class-MakeMethods-1.01/lib/perl5/site_perl/5.32.0/Class/MakeMethods/Emulator/Singleton.pm
Installing /nix/store/f8hq14yxf0x66hvi9972aq3i9s82x7d1-perl5.32.0-Class-MakeMethods-1.01/lib/perl5/site_perl/5.32.0/Class/MakeMethods/Emulator/MethodMaker.pm
Installing /nix/store/f8hq14yxf0x66hvi9972aq3i9s82x7d1-perl5.32.0-Class-MakeMethods-1.01/lib/perl5/site_perl/5.32.0/Class/MakeMethods/Emulator/Inheritable.pm
Installing /nix/store/f8hq14yxf0x66hvi9972aq3i9s82x7d1-perl5.32.0-Class-MakeMethods-1.01/lib/perl5/site_perl/5.32.0/Class/MakeMethods/Emulator/Struct.pm
Installing /nix/store/f8hq14yxf0x66hvi9972aq3i9s82x7d1-perl5.32.0-Class-MakeMethods-1.01/lib/perl5/site_perl/5.32.0/Class/MakeMethods/Standard/Hash.pm
Installing /nix/store/f8hq14yxf0x66hvi9972aq3i9s82x7d1-perl5.32.0-Class-MakeMethods-1.01/lib/perl5/site_perl/5.32.0/Class/MakeMethods/Standard/Global.pm
Installing /nix/store/f8hq14yxf0x66hvi9972aq3i9s82x7d1-perl5.32.0-Class-MakeMethods-1.01/lib/perl5/site_perl/5.32.0/Class/MakeMethods/Standard/Inheritable.pm
Installing /nix/store/f8hq14yxf0x66hvi9972aq3i9s82x7d1-perl5.32.0-Class-MakeMethods-1.01/lib/perl5/site_perl/5.32.0/Class/MakeMethods/Standard/Universal.pm
Installing /nix/store/f8hq14yxf0x66hvi9972aq3i9s82x7d1-perl5.32.0-Class-MakeMethods-1.01/lib/perl5/site_perl/5.32.0/Class/MakeMethods/Standard/Array.pm
Installing /nix/store/f8hq14yxf0x66hvi9972aq3i9s82x7d1-perl5.32.0-Class-MakeMethods-1.01/share/man/man3/Class::MakeMethods::Emulator::Struct.3
Installing /nix/store/f8hq14yxf0x66hvi9972aq3i9s82x7d1-perl5.32.0-Class-MakeMethods-1.01/share/man/man3/Class::MakeMethods::Composite.3
Installing /nix/store/f8hq14yxf0x66hvi9972aq3i9s82x7d1-perl5.32.0-Class-MakeMethods-1.01/share/man/man3/Class::MakeMethods::Docs::Changes.3
Installing /nix/store/f8hq14yxf0x66hvi9972aq3i9s82x7d1-perl5.32.0-Class-MakeMethods-1.01/share/man/man3/Class::MakeMethods::Utility::Ref.3
Installing /nix/store/f8hq14yxf0x66hvi9972aq3i9s82x7d1-perl5.32.0-Class-MakeMethods-1.01/share/man/man3/Class::MakeMethods::Template::StructBuiltin.3
Installing /nix/store/f8hq14yxf0x66hvi9972aq3i9s82x7d1-perl5.32.0-Class-MakeMethods-1.01/share/man/man3/Class::MakeMethods::Standard.3
Installing /nix/store/f8hq14yxf0x66hvi9972aq3i9s82x7d1-perl5.32.0-Class-MakeMethods-1.01/share/man/man3/Class::MakeMethods::Emulator::Singleton.3
Installing /nix/store/f8hq14yxf0x66hvi9972aq3i9s82x7d1-perl5.32.0-Class-MakeMethods-1.01/share/man/man3/Class::MakeMethods::Utility::Inheritable.3
Installing /nix/store/f8hq14yxf0x66hvi9972aq3i9s82x7d1-perl5.32.0-Class-MakeMethods-1.01/share/man/man3/Class::MakeMethods::Basic::Array.3
Installing /nix/store/f8hq14yxf0x66hvi9972aq3i9s82x7d1-perl5.32.0-Class-MakeMethods-1.01/share/man/man3/Class::MakeMethods::Emulator::Inheritable.3
Installing /nix/store/f8hq14yxf0x66hvi9972aq3i9s82x7d1-perl5.32.0-Class-MakeMethods-1.01/share/man/man3/Class::MakeMethods::Template::ClassName.3
Installing /nix/store/f8hq14yxf0x66hvi9972aq3i9s82x7d1-perl5.32.0-Class-MakeMethods-1.01/share/man/man3/Class::MakeMethods::Template::Inheritable.3
Installing /nix/store/f8hq14yxf0x66hvi9972aq3i9s82x7d1-perl5.32.0-Class-MakeMethods-1.01/share/man/man3/Class::MakeMethods::Evaled::Hash.3
Installing /nix/store/f8hq14yxf0x66hvi9972aq3i9s82x7d1-perl5.32.0-Class-MakeMethods-1.01/share/man/man3/Class::MakeMethods::Docs::Examples.3
Installing /nix/store/f8hq14yxf0x66hvi9972aq3i9s82x7d1-perl5.32.0-Class-MakeMethods-1.01/share/man/man3/Class::MakeMethods::Template::Array.3
Installing /nix/store/f8hq14yxf0x66hvi9972aq3i9s82x7d1-perl5.32.0-Class-MakeMethods-1.01/share/man/man3/Class::MakeMethods::Emulator.3
Installing /nix/store/f8hq14yxf0x66hvi9972aq3i9s82x7d1-perl5.32.0-Class-MakeMethods-1.01/share/man/man3/Class::MakeMethods::Docs::Catalog.3
Installing /nix/store/f8hq14yxf0x66hvi9972aq3i9s82x7d1-perl5.32.0-Class-MakeMethods-1.01/share/man/man3/Class::MakeMethods::Template::ClassVar.3
Installing /nix/store/f8hq14yxf0x66hvi9972aq3i9s82x7d1-perl5.32.0-Class-MakeMethods-1.01/share/man/man3/Class::MakeMethods::Basic::Hash.3
Installing /nix/store/f8hq14yxf0x66hvi9972aq3i9s82x7d1-perl5.32.0-Class-MakeMethods-1.01/share/man/man3/Class::MakeMethods::Basic::Global.3
Installing /nix/store/f8hq14yxf0x66hvi9972aq3i9s82x7d1-perl5.32.0-Class-MakeMethods-1.01/share/man/man3/Class::MakeMethods::Standard::Global.3
Installing /nix/store/f8hq14yxf0x66hvi9972aq3i9s82x7d1-perl5.32.0-Class-MakeMethods-1.01/share/man/man3/Class::MakeMethods.3
Installing /nix/store/f8hq14yxf0x66hvi9972aq3i9s82x7d1-perl5.32.0-Class-MakeMethods-1.01/share/man/man3/Class::MakeMethods::Emulator::accessors.3
Installing /nix/store/f8hq14yxf0x66hvi9972aq3i9s82x7d1-perl5.32.0-Class-MakeMethods-1.01/share/man/man3/Class::MakeMethods::Composite::Global.3
Installing /nix/store/f8hq14yxf0x66hvi9972aq3i9s82x7d1-perl5.32.0-Class-MakeMethods-1.01/share/man/man3/Class::MakeMethods::Template::Class.3
Installing /nix/store/f8hq14yxf0x66hvi9972aq3i9s82x7d1-perl5.32.0-Class-MakeMethods-1.01/share/man/man3/Class::MakeMethods::Standard::Hash.3
Installing /nix/store/f8hq14yxf0x66hvi9972aq3i9s82x7d1-perl5.32.0-Class-MakeMethods-1.01/share/man/man3/Class::MakeMethods::Template::Static.3
Installing /nix/store/f8hq14yxf0x66hvi9972aq3i9s82x7d1-perl5.32.0-Class-MakeMethods-1.01/share/man/man3/Class::MakeMethods::Template::Universal.3
Installing /nix/store/f8hq14yxf0x66hvi9972aq3i9s82x7d1-perl5.32.0-Class-MakeMethods-1.01/share/man/man3/Class::MakeMethods::Template::Generic.3
Installing /nix/store/f8hq14yxf0x66hvi9972aq3i9s82x7d1-perl5.32.0-Class-MakeMethods-1.01/share/man/man3/Class::MakeMethods::Standard::Inheritable.3
Installing /nix/store/f8hq14yxf0x66hvi9972aq3i9s82x7d1-perl5.32.0-Class-MakeMethods-1.01/share/man/man3/Class::MakeMethods::Template::Global.3
Installing /nix/store/f8hq14yxf0x66hvi9972aq3i9s82x7d1-perl5.32.0-Class-MakeMethods-1.01/share/man/man3/Class::MakeMethods::Template::Hash.3
Installing /nix/store/f8hq14yxf0x66hvi9972aq3i9s82x7d1-perl5.32.0-Class-MakeMethods-1.01/share/man/man3/Class::MakeMethods::Docs::ToDo.3
Installing /nix/store/f8hq14yxf0x66hvi9972aq3i9s82x7d1-perl5.32.0-Class-MakeMethods-1.01/share/man/man3/Class::MakeMethods::Standard::Universal.3
Installing /nix/store/f8hq14yxf0x66hvi9972aq3i9s82x7d1-perl5.32.0-Class-MakeMethods-1.01/share/man/man3/Class::MakeMethods::Template::PackageVar.3
Installing /nix/store/f8hq14yxf0x66hvi9972aq3i9s82x7d1-perl5.32.0-Class-MakeMethods-1.01/share/man/man3/Class::MakeMethods::Autoload.3
Installing /nix/store/f8hq14yxf0x66hvi9972aq3i9s82x7d1-perl5.32.0-Class-MakeMethods-1.01/share/man/man3/Class::MakeMethods::Composite::Inheritable.3
Installing /nix/store/f8hq14yxf0x66hvi9972aq3i9s82x7d1-perl5.32.0-Class-MakeMethods-1.01/share/man/man3/Class::MakeMethods::Template::Ref.3
Installing /nix/store/f8hq14yxf0x66hvi9972aq3i9s82x7d1-perl5.32.0-Class-MakeMethods-1.01/share/man/man3/Class::MakeMethods::Emulator::AccessorFast.3
Installing /nix/store/f8hq14yxf0x66hvi9972aq3i9s82x7d1-perl5.32.0-Class-MakeMethods-1.01/share/man/man3/Class::MakeMethods::Basic.3
Installing /nix/store/f8hq14yxf0x66hvi9972aq3i9s82x7d1-perl5.32.0-Class-MakeMethods-1.01/share/man/man3/Class::MakeMethods::Emulator::mcoder.3
Installing /nix/store/f8hq14yxf0x66hvi9972aq3i9s82x7d1-perl5.32.0-Class-MakeMethods-1.01/share/man/man3/Class::MakeMethods::Template::Struct.3
Installing /nix/store/f8hq14yxf0x66hvi9972aq3i9s82x7d1-perl5.32.0-Class-MakeMethods-1.01/share/man/man3/Class::MakeMethods::Template::InsideOut.3
Installing /nix/store/f8hq14yxf0x66hvi9972aq3i9s82x7d1-perl5.32.0-Class-MakeMethods-1.01/share/man/man3/Class::MakeMethods::Utility::TextBuilder.3
Installing /nix/store/f8hq14yxf0x66hvi9972aq3i9s82x7d1-perl5.32.0-Class-MakeMethods-1.01/share/man/man3/Class::MakeMethods::Template::Scalar.3
Installing /nix/store/f8hq14yxf0x66hvi9972aq3i9s82x7d1-perl5.32.0-Class-MakeMethods-1.01/share/man/man3/Class::MakeMethods::Evaled.3
Installing /nix/store/f8hq14yxf0x66hvi9972aq3i9s82x7d1-perl5.32.0-Class-MakeMethods-1.01/share/man/man3/Class::MakeMethods::Docs::RelatedModules.3
Installing /nix/store/f8hq14yxf0x66hvi9972aq3i9s82x7d1-perl5.32.0-Class-MakeMethods-1.01/share/man/man3/Class::MakeMethods::Template.3
Installing /nix/store/f8hq14yxf0x66hvi9972aq3i9s82x7d1-perl5.32.0-Class-MakeMethods-1.01/share/man/man3/Class::MakeMethods::Template::ClassInherit.3
Installing /nix/store/f8hq14yxf0x66hvi9972aq3i9s82x7d1-perl5.32.0-Class-MakeMethods-1.01/share/man/man3/Class::MakeMethods::Emulator::MethodMaker.3
Installing /nix/store/f8hq14yxf0x66hvi9972aq3i9s82x7d1-perl5.32.0-Class-MakeMethods-1.01/share/man/man3/Class::MakeMethods::Template::Flyweight.3
Installing /nix/store/f8hq14yxf0x66hvi9972aq3i9s82x7d1-perl5.32.0-Class-MakeMethods-1.01/share/man/man3/Class::MakeMethods::Composite::Hash.3
Installing /nix/store/f8hq14yxf0x66hvi9972aq3i9s82x7d1-perl5.32.0-Class-MakeMethods-1.01/share/man/man3/Class::MakeMethods::Standard::Array.3
Installing /nix/store/f8hq14yxf0x66hvi9972aq3i9s82x7d1-perl5.32.0-Class-MakeMethods-1.01/share/man/man3/Class::MakeMethods::Composite::Array.3
Installing /nix/store/f8hq14yxf0x66hvi9972aq3i9s82x7d1-perl5.32.0-Class-MakeMethods-1.01/share/man/man3/Class::MakeMethods::Attribute.3
Installing /nix/store/f8hq14yxf0x66hvi9972aq3i9s82x7d1-perl5.32.0-Class-MakeMethods-1.01/share/man/man3/Class::MakeMethods::Composite::Universal.3
Installing /nix/store/f8hq14yxf0x66hvi9972aq3i9s82x7d1-perl5.32.0-Class-MakeMethods-1.01/share/man/man3/Class::MakeMethods::Utility::DiskCache.3
Installing /nix/store/f8hq14yxf0x66hvi9972aq3i9s82x7d1-perl5.32.0-Class-MakeMethods-1.01/share/man/man3/Class::MakeMethods::Docs::ReadMe.3
Installing /nix/store/f8hq14yxf0x66hvi9972aq3i9s82x7d1-perl5.32.0-Class-MakeMethods-1.01/share/man/man3/Class::MakeMethods::Utility::ArraySplicer.3
Appending installation info to /nix/store/f8hq14yxf0x66hvi9972aq3i9s82x7d1-perl5.32.0-Class-MakeMethods-1.01/lib/perl5/5.32.0/x86_64-linux-thread-multi/perllocal.pod
post-installation fixup
Moving /nix/store/f8hq14yxf0x66hvi9972aq3i9s82x7d1-perl5.32.0-Class-MakeMethods-1.01/share/man/man3 to /nix/store/9z74z2mjb1qkf5hf0wgs6v5pilyhh6q4-perl5.32.0-Class-MakeMethods-1.01-devdoc/share/man/man3
Removing empty /nix/store/f8hq14yxf0x66hvi9972aq3i9s82x7d1-perl5.32.0-Class-MakeMethods-1.01/share/man/ and (possibly) its parents
shrinking RPATHs of ELF executables and libraries in /nix/store/f8hq14yxf0x66hvi9972aq3i9s82x7d1-perl5.32.0-Class-MakeMethods-1.01
strip is /nix/store/psyzbhp4p088sb9qcs378hfbslcalasl-binutils-2.31.1/bin/strip
stripping (with command strip and flags -S) in /nix/store/f8hq14yxf0x66hvi9972aq3i9s82x7d1-perl5.32.0-Class-MakeMethods-1.01/lib
patching script interpreter paths in /nix/store/f8hq14yxf0x66hvi9972aq3i9s82x7d1-perl5.32.0-Class-MakeMethods-1.01
checking for references to /build/ in /nix/store/f8hq14yxf0x66hvi9972aq3i9s82x7d1-perl5.32.0-Class-MakeMethods-1.01...
shrinking RPATHs of ELF executables and libraries in /nix/store/9z74z2mjb1qkf5hf0wgs6v5pilyhh6q4-perl5.32.0-Class-MakeMethods-1.01-devdoc
gzipping man pages under /nix/store/9z74z2mjb1qkf5hf0wgs6v5pilyhh6q4-perl5.32.0-Class-MakeMethods-1.01-devdoc/share/man/
strip is /nix/store/psyzbhp4p088sb9qcs378hfbslcalasl-binutils-2.31.1/bin/strip
patching script interpreter paths in /nix/store/9z74z2mjb1qkf5hf0wgs6v5pilyhh6q4-perl5.32.0-Class-MakeMethods-1.01-devdoc
checking for references to /build/ in /nix/store/9z74z2mjb1qkf5hf0wgs6v5pilyhh6q4-perl5.32.0-Class-MakeMethods-1.01-devdoc...
/nix/store/f8hq14yxf0x66hvi9972aq3i9s82x7d1-perl5.32.0-Class-MakeMethods-1.01
