these derivations will be built:
  /nix/store/7y4qxixywb2cc0991rw4qx7rskv2fz3x-perl5.32.0-Class-Std-0.013.drv
these paths will be fetched (0.04 MiB download, 0.04 MiB unpacked):
  /nix/store/csb81xcp8q4xdbri9fbnyrmvnp7qzsaq-Class-Std-0.013.tar.gz
copying path '/nix/store/csb81xcp8q4xdbri9fbnyrmvnp7qzsaq-Class-Std-0.013.tar.gz' from 'https://cache.nixos.org'...
building '/nix/store/7y4qxixywb2cc0991rw4qx7rskv2fz3x-perl5.32.0-Class-Std-0.013.drv'...
unpacking sources
unpacking source archive /nix/store/csb81xcp8q4xdbri9fbnyrmvnp7qzsaq-Class-Std-0.013.tar.gz
source root is Class-Std-0.013
setting SOURCE_DATE_EPOCH to timestamp 1432473011 of file Class-Std-0.013/META.yml
patching sources
configuring
patching ./xt/pod-coverage.t...
patching ./xt/pod.t...
Checking if your kit is complete...
Looks good
Generating a Unix-style Makefile
Writing Makefile for Class::Std
Writing MYMETA.yml and MYMETA.json
no configure script, doing nothing
building
Created MYMETA.yml and MYMETA.json
Creating new 'Build' script for 'Class-Std' version '0.013'
Building Class-Std
running tests
t/00.load.t ............ 1/1 # Testing Class::Std 0.013
t/00.load.t ............ ok
t/access.t ............. ok
t/access_automethod.t .. ok
t/access_name.t ........ ok
t/automethod.t ......... ok
t/begin-coercion.t ..... ok
t/can.t ................ ok
t/coercions.t .......... ok
t/cumulative.t ......... ok
t/dump.t ............... ok
t/perlattrs.t .......... ok
t/runtime.t ............ ok
t/simple.t ............. ok
t/start.t .............. ok
All tests successful.
Files=14, Tests=275,  1 wallclock secs ( 0.05 usr  0.02 sys +  0.72 cusr  0.14 csys =  0.93 CPU)
Result: PASS
installing
Building Class-Std
Installing /nix/store/28y6pxbhxsjxldsh5wy7vzrnp531mb6v-perl5.32.0-Class-Std-0.013/lib/perl5/site_perl/5.32.0/Class/Std.pm
Installing /nix/store/28y6pxbhxsjxldsh5wy7vzrnp531mb6v-perl5.32.0-Class-Std-0.013/share/man/man3/Class::Std.3
post-installation fixup
Moving /nix/store/28y6pxbhxsjxldsh5wy7vzrnp531mb6v-perl5.32.0-Class-Std-0.013/share/man/man3 to /nix/store/a7nsb8szvasyd165brdlrzbv5a3cwj8k-perl5.32.0-Class-Std-0.013-devdoc/share/man/man3
Removing empty /nix/store/28y6pxbhxsjxldsh5wy7vzrnp531mb6v-perl5.32.0-Class-Std-0.013/share/man/ and (possibly) its parents
shrinking RPATHs of ELF executables and libraries in /nix/store/28y6pxbhxsjxldsh5wy7vzrnp531mb6v-perl5.32.0-Class-Std-0.013
strip is /nix/store/psyzbhp4p088sb9qcs378hfbslcalasl-binutils-2.31.1/bin/strip
stripping (with command strip and flags -S) in /nix/store/28y6pxbhxsjxldsh5wy7vzrnp531mb6v-perl5.32.0-Class-Std-0.013/lib
patching script interpreter paths in /nix/store/28y6pxbhxsjxldsh5wy7vzrnp531mb6v-perl5.32.0-Class-Std-0.013
checking for references to /build/ in /nix/store/28y6pxbhxsjxldsh5wy7vzrnp531mb6v-perl5.32.0-Class-Std-0.013...
shrinking RPATHs of ELF executables and libraries in /nix/store/a7nsb8szvasyd165brdlrzbv5a3cwj8k-perl5.32.0-Class-Std-0.013-devdoc
gzipping man pages under /nix/store/a7nsb8szvasyd165brdlrzbv5a3cwj8k-perl5.32.0-Class-Std-0.013-devdoc/share/man/
strip is /nix/store/psyzbhp4p088sb9qcs378hfbslcalasl-binutils-2.31.1/bin/strip
patching script interpreter paths in /nix/store/a7nsb8szvasyd165brdlrzbv5a3cwj8k-perl5.32.0-Class-Std-0.013-devdoc
checking for references to /build/ in /nix/store/a7nsb8szvasyd165brdlrzbv5a3cwj8k-perl5.32.0-Class-Std-0.013-devdoc...
/nix/store/28y6pxbhxsjxldsh5wy7vzrnp531mb6v-perl5.32.0-Class-Std-0.013
