these derivations will be built:
  /nix/store/hks2mppnxm9qrp26m1y48b4lr398lmd6-perl5.32.0-Text-Aligner-0.16.drv
  /nix/store/msmyd4k63cm6xqr5mg03j7gis257r3p9-perl5.32.0-Code-TidyAll-Plugin-Perl-AlignMooseAttributes-0.01.drv
building '/nix/store/hks2mppnxm9qrp26m1y48b4lr398lmd6-perl5.32.0-Text-Aligner-0.16.drv'...
unpacking sources
unpacking source archive /nix/store/gkpbdfw73xx9lfp5jmm893ly4w4myv8s-Text-Aligner-0.16.tar.gz
source root is Text-Aligner-0.16
setting SOURCE_DATE_EPOCH to timestamp 1588172036 of file Text-Aligner-0.16/xt/release/trailing-space.t
patching sources
configuring
patching ./scripts/tag-release.pl...
patching ./xt/release/trailing-space.t...
patching ./xt/author/pod-coverage.t...
patching ./xt/author/pod-syntax.t...
Checking if your kit is complete...
Looks good
Generating a Unix-style Makefile
Writing Makefile for Text::Aligner
Writing MYMETA.yml and MYMETA.json
no configure script, doing nothing
building
Created MYMETA.yml and MYMETA.json
Creating new 'Build' script for 'Text-Aligner' version '0.16'
Building Text-Aligner
running tests
t/00-compile.t .. ok
t/01_ini.t ...... ok
t/10_Aligner.t .. ok
All tests successful.
Files=3, Tests=513,  1 wallclock secs ( 0.05 usr  0.00 sys +  0.19 cusr  0.03 csys =  0.27 CPU)
Result: PASS
installing
Building Text-Aligner
Installing /nix/store/6hd45ksn99frch6i31vrkzlhjc7cdgbb-perl5.32.0-Text-Aligner-0.16/lib/perl5/site_perl/5.32.0/Text/Aligner.pm
Installing /nix/store/6hd45ksn99frch6i31vrkzlhjc7cdgbb-perl5.32.0-Text-Aligner-0.16/share/man/man3/Text::Aligner.3
post-installation fixup
Moving /nix/store/6hd45ksn99frch6i31vrkzlhjc7cdgbb-perl5.32.0-Text-Aligner-0.16/share/man/man3 to /nix/store/zdmdj1ci2vndb53grws395wms13pw3di-perl5.32.0-Text-Aligner-0.16-devdoc/share/man/man3
Removing empty /nix/store/6hd45ksn99frch6i31vrkzlhjc7cdgbb-perl5.32.0-Text-Aligner-0.16/share/man/ and (possibly) its parents
shrinking RPATHs of ELF executables and libraries in /nix/store/6hd45ksn99frch6i31vrkzlhjc7cdgbb-perl5.32.0-Text-Aligner-0.16
strip is /nix/store/psyzbhp4p088sb9qcs378hfbslcalasl-binutils-2.31.1/bin/strip
stripping (with command strip and flags -S) in /nix/store/6hd45ksn99frch6i31vrkzlhjc7cdgbb-perl5.32.0-Text-Aligner-0.16/lib
patching script interpreter paths in /nix/store/6hd45ksn99frch6i31vrkzlhjc7cdgbb-perl5.32.0-Text-Aligner-0.16
checking for references to /build/ in /nix/store/6hd45ksn99frch6i31vrkzlhjc7cdgbb-perl5.32.0-Text-Aligner-0.16...
shrinking RPATHs of ELF executables and libraries in /nix/store/zdmdj1ci2vndb53grws395wms13pw3di-perl5.32.0-Text-Aligner-0.16-devdoc
gzipping man pages under /nix/store/zdmdj1ci2vndb53grws395wms13pw3di-perl5.32.0-Text-Aligner-0.16-devdoc/share/man/
strip is /nix/store/psyzbhp4p088sb9qcs378hfbslcalasl-binutils-2.31.1/bin/strip
patching script interpreter paths in /nix/store/zdmdj1ci2vndb53grws395wms13pw3di-perl5.32.0-Text-Aligner-0.16-devdoc
checking for references to /build/ in /nix/store/zdmdj1ci2vndb53grws395wms13pw3di-perl5.32.0-Text-Aligner-0.16-devdoc...
building '/nix/store/msmyd4k63cm6xqr5mg03j7gis257r3p9-perl5.32.0-Code-TidyAll-Plugin-Perl-AlignMooseAttributes-0.01.drv'...
unpacking sources
unpacking source archive /nix/store/v0hvr3ggsmfiwwmjk4wiy5g3xj2mgiz1-Code-TidyAll-Plugin-Perl-AlignMooseAttributes-0.01.tar.gz
source root is Code-TidyAll-Plugin-Perl-AlignMooseAttributes-0.01
setting SOURCE_DATE_EPOCH to timestamp 1344228376 of file Code-TidyAll-Plugin-Perl-AlignMooseAttributes-0.01/t/author-tidy.t
patching sources
configuring
patching ./t/01-use.t...
patching ./t/author-tidy.t...
Checking if your kit is complete...
Looks good
Generating a Unix-style Makefile
Writing Makefile for Code::TidyAll::Plugin::Perl::AlignMooseAttributes
Writing MYMETA.yml and MYMETA.json
no configure script, doing nothing
building
build flags: SHELL=/nix/store/9fqwwd4iybmhjqyxiaxycknslw6bgwh1-bash-4.4-p23/bin/bash
cp lib/Code/TidyAll/Plugin/Perl/AlignMooseAttributes.pm blib/lib/Code/TidyAll/Plugin/Perl/AlignMooseAttributes.pm
Manifying 1 pod document
running tests
check flags: SHELL=/nix/store/9fqwwd4iybmhjqyxiaxycknslw6bgwh1-bash-4.4-p23/bin/bash VERBOSE=y test
PERL_DL_NONLAZY=1 "/nix/store/7c044di03qa7qgr5kjjc2d787aspzp0m-perl-5.32.0/bin/perl" "-MExtUtils::Command::MM" "-MTest::Harness" "-e" "undef *Test::Harness::Switches; test_harness(0, 'blib/lib', 'blib/arch')" t/*.t
t/01-use.t ....... ok
t/author-tidy.t .. skipped: these tests are for testing by the author
All tests successful.
Files=2, Tests=1,  1 wallclock secs ( 0.04 usr  0.02 sys +  0.36 cusr  0.37 csys =  0.79 CPU)
Result: PASS
installing
install flags: SHELL=/nix/store/9fqwwd4iybmhjqyxiaxycknslw6bgwh1-bash-4.4-p23/bin/bash pkgconfigdir=/nix/store/qj4h1xgqc8kal12ln8skfhr9q1bg41h6-perl5.32.0-Code-TidyAll-Plugin-Perl-AlignMooseAttributes-0.01/lib/pkgconfig m4datadir=/nix/store/qj4h1xgqc8kal12ln8skfhr9q1bg41h6-perl5.32.0-Code-TidyAll-Plugin-Perl-AlignMooseAttributes-0.01/share/aclocal aclocaldir=/nix/store/qj4h1xgqc8kal12ln8skfhr9q1bg41h6-perl5.32.0-Code-TidyAll-Plugin-Perl-AlignMooseAttributes-0.01/share/aclocal install
Manifying 1 pod document
Installing /nix/store/qj4h1xgqc8kal12ln8skfhr9q1bg41h6-perl5.32.0-Code-TidyAll-Plugin-Perl-AlignMooseAttributes-0.01/lib/perl5/site_perl/5.32.0/Code/TidyAll/Plugin/Perl/AlignMooseAttributes.pm
Installing /nix/store/qj4h1xgqc8kal12ln8skfhr9q1bg41h6-perl5.32.0-Code-TidyAll-Plugin-Perl-AlignMooseAttributes-0.01/share/man/man3/Code::TidyAll::Plugin::Perl::AlignMooseAttributes.3
Appending installation info to /nix/store/qj4h1xgqc8kal12ln8skfhr9q1bg41h6-perl5.32.0-Code-TidyAll-Plugin-Perl-AlignMooseAttributes-0.01/lib/perl5/5.32.0/x86_64-linux-thread-multi/perllocal.pod
post-installation fixup
Moving /nix/store/qj4h1xgqc8kal12ln8skfhr9q1bg41h6-perl5.32.0-Code-TidyAll-Plugin-Perl-AlignMooseAttributes-0.01/share/man/man3 to /nix/store/sjk3d2sf98qlgw1hhbx141bwg0qlym3f-perl5.32.0-Code-TidyAll-Plugin-Perl-AlignMooseAttributes-0.01-devdoc/share/man/man3
Removing empty /nix/store/qj4h1xgqc8kal12ln8skfhr9q1bg41h6-perl5.32.0-Code-TidyAll-Plugin-Perl-AlignMooseAttributes-0.01/share/man/ and (possibly) its parents
shrinking RPATHs of ELF executables and libraries in /nix/store/qj4h1xgqc8kal12ln8skfhr9q1bg41h6-perl5.32.0-Code-TidyAll-Plugin-Perl-AlignMooseAttributes-0.01
strip is /nix/store/psyzbhp4p088sb9qcs378hfbslcalasl-binutils-2.31.1/bin/strip
stripping (with command strip and flags -S) in /nix/store/qj4h1xgqc8kal12ln8skfhr9q1bg41h6-perl5.32.0-Code-TidyAll-Plugin-Perl-AlignMooseAttributes-0.01/lib
patching script interpreter paths in /nix/store/qj4h1xgqc8kal12ln8skfhr9q1bg41h6-perl5.32.0-Code-TidyAll-Plugin-Perl-AlignMooseAttributes-0.01
checking for references to /build/ in /nix/store/qj4h1xgqc8kal12ln8skfhr9q1bg41h6-perl5.32.0-Code-TidyAll-Plugin-Perl-AlignMooseAttributes-0.01...
shrinking RPATHs of ELF executables and libraries in /nix/store/sjk3d2sf98qlgw1hhbx141bwg0qlym3f-perl5.32.0-Code-TidyAll-Plugin-Perl-AlignMooseAttributes-0.01-devdoc
gzipping man pages under /nix/store/sjk3d2sf98qlgw1hhbx141bwg0qlym3f-perl5.32.0-Code-TidyAll-Plugin-Perl-AlignMooseAttributes-0.01-devdoc/share/man/
strip is /nix/store/psyzbhp4p088sb9qcs378hfbslcalasl-binutils-2.31.1/bin/strip
patching script interpreter paths in /nix/store/sjk3d2sf98qlgw1hhbx141bwg0qlym3f-perl5.32.0-Code-TidyAll-Plugin-Perl-AlignMooseAttributes-0.01-devdoc
checking for references to /build/ in /nix/store/sjk3d2sf98qlgw1hhbx141bwg0qlym3f-perl5.32.0-Code-TidyAll-Plugin-Perl-AlignMooseAttributes-0.01-devdoc...
/nix/store/qj4h1xgqc8kal12ln8skfhr9q1bg41h6-perl5.32.0-Code-TidyAll-Plugin-Perl-AlignMooseAttributes-0.01
