these derivations will be built:
  /nix/store/jh31bf9d41p743v6851dwaldkivlfnsn-perl5.32.0-Compress-Raw-Bzip2-2.093.drv
building '/nix/store/jh31bf9d41p743v6851dwaldkivlfnsn-perl5.32.0-Compress-Raw-Bzip2-2.093.drv'...
unpacking sources
unpacking source archive /nix/store/rvx2gc68kdngp52x7r8gviqm8l5dqf4s-Compress-Raw-Bzip2-2.093.tar.gz
source root is Compress-Raw-Bzip2-2.093
setting SOURCE_DATE_EPOCH to timestamp 1575731807 of file Compress-Raw-Bzip2-2.093/META.yml
patching sources
configuring
patching ./Makefile.PL...
Up/Downgrade not needed.
Checking if your kit is complete...
Looks good
Generating a Unix-style Makefile
Writing Makefile for Compress::Raw::Bzip2
Writing MYMETA.yml and MYMETA.json
no configure script, doing nothing
building
build flags: SHELL=/nix/store/9fqwwd4iybmhjqyxiaxycknslw6bgwh1-bash-4.4-p23/bin/bash
cp lib/Compress/Raw/Bzip2.pm blib/lib/Compress/Raw/Bzip2.pm
Running Mkbootstrap for Bzip2 ()
chmod 644 "Bzip2.bs"
"/nix/store/7c044di03qa7qgr5kjjc2d787aspzp0m-perl-5.32.0/bin/perl" -MExtUtils::Command::MM -e 'cp_nonempty' -- Bzip2.bs blib/arch/auto/Compress/Raw/Bzip2/Bzip2.bs 644
"/nix/store/7c044di03qa7qgr5kjjc2d787aspzp0m-perl-5.32.0/bin/perl" "/nix/store/7c044di03qa7qgr5kjjc2d787aspzp0m-perl-5.32.0/lib/perl5/5.32.0/ExtUtils/xsubpp"  -typemap '/nix/store/7c044di03qa7qgr5kjjc2d787aspzp0m-perl-5.32.0/lib/perl5/5.32.0/ExtUtils/typemap' -typemap '/build/Compress-Raw-Bzip2-2.093/typemap'  Bzip2.xs > Bzip2.xsc
mv Bzip2.xsc Bzip2.c
cc -c  -I/nix/store/kk6g6aj0igs9vc8vpqmy6ga9jrl3a6zr-bzip2-1.0.6.0.1-dev/include -D_REENTRANT -D_GNU_SOURCE -fwrapv -fno-strict-aliasing -pipe -fstack-protector-strong -I/no-such-path/include -D_LARGEFILE_SOURCE -D_FILE_OFFSET_BITS=64 -O2   -DVERSION=\"2.093\" -DXS_VERSION=\"2.093\" -fPIC "-I/nix/store/7c044di03qa7qgr5kjjc2d787aspzp0m-perl-5.32.0/lib/perl5/5.32.0/x86_64-linux-thread-multi/CORE"  -DBZ_NO_STDIO -DUSE_PPPORT_H Bzip2.c
rm -f blib/arch/auto/Compress/Raw/Bzip2/Bzip2.so
LD_RUN_PATH="/nix/store/7yi72svaiymqqnv2nirybn0akqk6986c-bzip2-1.0.6.0.1/lib" cc  -shared -O2 -L/nix/store/68pw3wxwkrx0rwzjifm7g1jxy5g2sg1p-glibc-2.31/lib -fstack-protector-strong  Bzip2.o  -o blib/arch/auto/Compress/Raw/Bzip2/Bzip2.so  \
   -L/nix/store/7yi72svaiymqqnv2nirybn0akqk6986c-bzip2-1.0.6.0.1/lib -lbz2   \

chmod 755 blib/arch/auto/Compress/Raw/Bzip2/Bzip2.so
Manifying 1 pod document
running tests
check flags: SHELL=/nix/store/9fqwwd4iybmhjqyxiaxycknslw6bgwh1-bash-4.4-p23/bin/bash VERBOSE=y test
"/nix/store/7c044di03qa7qgr5kjjc2d787aspzp0m-perl-5.32.0/bin/perl" -MExtUtils::Command::MM -e 'cp_nonempty' -- Bzip2.bs blib/arch/auto/Compress/Raw/Bzip2/Bzip2.bs 644
PERL_DL_NONLAZY=1 "/nix/store/7c044di03qa7qgr5kjjc2d787aspzp0m-perl-5.32.0/bin/perl" "-MExtUtils::Command::MM" "-MTest::Harness" "-e" "undef *Test::Harness::Switches; test_harness(0, 'blib/lib', 'blib/arch')" t/*.t
t/000prereq.t ...... ok
t/01bzip2.t ........ ok
t/09limitoutput.t .. ok
t/19nonpv.t ........ ok
t/99pod.t .......... skipped: Test::Pod 1.00 required for testing POD
t/meta-json.t ...... skipped: Test::CPAN::Meta::JSON required for testing META.json
t/meta-yaml.t ...... skipped: Test::CPAN::Meta required for testing META.yml
All tests successful.
Files=7, Tests=283,  0 wallclock secs ( 0.05 usr  0.00 sys +  0.26 cusr  0.03 csys =  0.34 CPU)
Result: PASS
installing
install flags: SHELL=/nix/store/9fqwwd4iybmhjqyxiaxycknslw6bgwh1-bash-4.4-p23/bin/bash pkgconfigdir=/nix/store/jlmrzakxxn3w9w5qcsyg1p8r9cdw3w29-perl5.32.0-Compress-Raw-Bzip2-2.093/lib/pkgconfig m4datadir=/nix/store/jlmrzakxxn3w9w5qcsyg1p8r9cdw3w29-perl5.32.0-Compress-Raw-Bzip2-2.093/share/aclocal aclocaldir=/nix/store/jlmrzakxxn3w9w5qcsyg1p8r9cdw3w29-perl5.32.0-Compress-Raw-Bzip2-2.093/share/aclocal install
"/nix/store/7c044di03qa7qgr5kjjc2d787aspzp0m-perl-5.32.0/bin/perl" -MExtUtils::Command::MM -e 'cp_nonempty' -- Bzip2.bs blib/arch/auto/Compress/Raw/Bzip2/Bzip2.bs 644
Manifying 1 pod document
Files found in blib/arch: installing files in blib/lib into architecture dependent library tree
Installing /nix/store/jlmrzakxxn3w9w5qcsyg1p8r9cdw3w29-perl5.32.0-Compress-Raw-Bzip2-2.093/lib/perl5/site_perl/5.32.0/x86_64-linux-thread-multi/auto/Compress/Raw/Bzip2/Bzip2.so
Installing /nix/store/jlmrzakxxn3w9w5qcsyg1p8r9cdw3w29-perl5.32.0-Compress-Raw-Bzip2-2.093/lib/perl5/site_perl/5.32.0/x86_64-linux-thread-multi/Compress/Raw/Bzip2.pm
Installing /nix/store/jlmrzakxxn3w9w5qcsyg1p8r9cdw3w29-perl5.32.0-Compress-Raw-Bzip2-2.093/share/man/man3/Compress::Raw::Bzip2.3
Appending installation info to /nix/store/jlmrzakxxn3w9w5qcsyg1p8r9cdw3w29-perl5.32.0-Compress-Raw-Bzip2-2.093/lib/perl5/5.32.0/x86_64-linux-thread-multi/perllocal.pod
post-installation fixup
Moving /nix/store/jlmrzakxxn3w9w5qcsyg1p8r9cdw3w29-perl5.32.0-Compress-Raw-Bzip2-2.093/share/man/man3 to /nix/store/wp5av8siaxijl3nmyrasdyxpghc3fqbw-perl5.32.0-Compress-Raw-Bzip2-2.093-devdoc/share/man/man3
Removing empty /nix/store/jlmrzakxxn3w9w5qcsyg1p8r9cdw3w29-perl5.32.0-Compress-Raw-Bzip2-2.093/share/man/ and (possibly) its parents
shrinking RPATHs of ELF executables and libraries in /nix/store/jlmrzakxxn3w9w5qcsyg1p8r9cdw3w29-perl5.32.0-Compress-Raw-Bzip2-2.093
shrinking /nix/store/jlmrzakxxn3w9w5qcsyg1p8r9cdw3w29-perl5.32.0-Compress-Raw-Bzip2-2.093/lib/perl5/site_perl/5.32.0/x86_64-linux-thread-multi/auto/Compress/Raw/Bzip2/Bzip2.so
strip is /nix/store/psyzbhp4p088sb9qcs378hfbslcalasl-binutils-2.31.1/bin/strip
stripping (with command strip and flags -S) in /nix/store/jlmrzakxxn3w9w5qcsyg1p8r9cdw3w29-perl5.32.0-Compress-Raw-Bzip2-2.093/lib
patching script interpreter paths in /nix/store/jlmrzakxxn3w9w5qcsyg1p8r9cdw3w29-perl5.32.0-Compress-Raw-Bzip2-2.093
checking for references to /build/ in /nix/store/jlmrzakxxn3w9w5qcsyg1p8r9cdw3w29-perl5.32.0-Compress-Raw-Bzip2-2.093...
shrinking RPATHs of ELF executables and libraries in /nix/store/wp5av8siaxijl3nmyrasdyxpghc3fqbw-perl5.32.0-Compress-Raw-Bzip2-2.093-devdoc
gzipping man pages under /nix/store/wp5av8siaxijl3nmyrasdyxpghc3fqbw-perl5.32.0-Compress-Raw-Bzip2-2.093-devdoc/share/man/
strip is /nix/store/psyzbhp4p088sb9qcs378hfbslcalasl-binutils-2.31.1/bin/strip
patching script interpreter paths in /nix/store/wp5av8siaxijl3nmyrasdyxpghc3fqbw-perl5.32.0-Compress-Raw-Bzip2-2.093-devdoc
checking for references to /build/ in /nix/store/wp5av8siaxijl3nmyrasdyxpghc3fqbw-perl5.32.0-Compress-Raw-Bzip2-2.093-devdoc...
/nix/store/jlmrzakxxn3w9w5qcsyg1p8r9cdw3w29-perl5.32.0-Compress-Raw-Bzip2-2.093
