these derivations will be built:
  /nix/store/wqhy9dqk0ddidqybgwwmk0rs3c4hz4bi-perl5.32.0-Compress-Bzip2-2.27.drv
these paths will be fetched (0.85 MiB download, 0.85 MiB unpacked):
  /nix/store/v824n03knawf8qfviwi6wvn4iqfcx3ap-Compress-Bzip2-2.27.tar.gz
copying path '/nix/store/v824n03knawf8qfviwi6wvn4iqfcx3ap-Compress-Bzip2-2.27.tar.gz' from 'https://cache.nixos.org'...
building '/nix/store/wqhy9dqk0ddidqybgwwmk0rs3c4hz4bi-perl5.32.0-Compress-Bzip2-2.27.drv'...
unpacking sources
unpacking source archive /nix/store/v824n03knawf8qfviwi6wvn4iqfcx3ap-Compress-Bzip2-2.27.tar.gz
source root is Compress-Bzip2-2.27
setting SOURCE_DATE_EPOCH to timestamp 1590516850 of file Compress-Bzip2-2.27/SIGNATURE
patching sources
configuring
patching ./bzlib-src/bzgrep...
patching ./bzlib-src/bzmore...
patching ./bzlib-src/fixup-bzlib-src...
patching ./bzlib-src/bzdiff...
patching ./bzlib-src/format.pl...
patching ./bzlib-src/xmlproc.sh...
patching ./t/900_perl_minimum_version.t...
patching ./t/900_leaktrace.t...
patching ./t/090-memory-usage.pl...
patching ./Makefile.PL...
Parsing config.in...
show_bzversion.c:3:10: fatal error: bzlib.h: No such file or directory
    3 | #include <bzlib.h>
      |          ^~~~~~~~~
compilation terminated.
compile command 'cc -D_REENTRANT -D_GNU_SOURCE -fwrapv -fno-strict-aliasing -pipe -fstack-protector-strong -I/no-such-path/include -D_LARGEFILE_SOURCE -D_FILE_OFFSET_BITS=64 -Wl,-E -Wl,-rpath,/nix/store/7c044di03qa7qgr5kjjc2d787aspzp0m-perl-5.32.0/lib/perl5/5.32.0/x86_64-linux-thread-multi/CORE  -fstack-protector-strong -L/nix/store/68pw3wxwkrx0rwzjifm7g1jxy5g2sg1p-glibc-2.31/lib -o show_bzversion show_bzversion.c -lbz2' failed
system bzip2 not found, building internal libbz2
Looks Good.
Checking if your kit is complete...
Looks good
Writing MYMETA.yml and MYMETA.json
Generating a Unix-style Makefile
Writing Makefile for Compress::Bzip2
Writing MYMETA.yml and MYMETA.json
no configure script, doing nothing
building
build flags: SHELL=/nix/store/9fqwwd4iybmhjqyxiaxycknslw6bgwh1-bash-4.4-p23/bin/bash
cp lib/Compress/Bzip2.pm blib/lib/Compress/Bzip2.pm
AutoSplitting blib/lib/Compress/Bzip2.pm (blib/lib/auto/Compress/Bzip2)
cd bzlib-src && make
make[1]: Entering directory '/build/Compress-Bzip2-2.27/bzlib-src'
cc -c   -D_REENTRANT -D_GNU_SOURCE -fwrapv -fno-strict-aliasing -pipe -fstack-protector-strong -I/no-such-path/include -D_LARGEFILE_SOURCE -D_FILE_OFFSET_BITS=64 -O2   -DVERSION=\"\" -DXS_VERSION=\"\" -fPIC "-I/nix/store/7c044di03qa7qgr5kjjc2d787aspzp0m-perl-5.32.0/lib/perl5/5.32.0/x86_64-linux-thread-multi/CORE"   blocksort.c
cc -c   -D_REENTRANT -D_GNU_SOURCE -fwrapv -fno-strict-aliasing -pipe -fstack-protector-strong -I/no-such-path/include -D_LARGEFILE_SOURCE -D_FILE_OFFSET_BITS=64 -O2   -DVERSION=\"\" -DXS_VERSION=\"\" -fPIC "-I/nix/store/7c044di03qa7qgr5kjjc2d787aspzp0m-perl-5.32.0/lib/perl5/5.32.0/x86_64-linux-thread-multi/CORE"   huffman.c
cc -c   -D_REENTRANT -D_GNU_SOURCE -fwrapv -fno-strict-aliasing -pipe -fstack-protector-strong -I/no-such-path/include -D_LARGEFILE_SOURCE -D_FILE_OFFSET_BITS=64 -O2   -DVERSION=\"\" -DXS_VERSION=\"\" -fPIC "-I/nix/store/7c044di03qa7qgr5kjjc2d787aspzp0m-perl-5.32.0/lib/perl5/5.32.0/x86_64-linux-thread-multi/CORE"   crctable.c
cc -c   -D_REENTRANT -D_GNU_SOURCE -fwrapv -fno-strict-aliasing -pipe -fstack-protector-strong -I/no-such-path/include -D_LARGEFILE_SOURCE -D_FILE_OFFSET_BITS=64 -O2   -DVERSION=\"\" -DXS_VERSION=\"\" -fPIC "-I/nix/store/7c044di03qa7qgr5kjjc2d787aspzp0m-perl-5.32.0/lib/perl5/5.32.0/x86_64-linux-thread-multi/CORE"   randtable.c
cc -c   -D_REENTRANT -D_GNU_SOURCE -fwrapv -fno-strict-aliasing -pipe -fstack-protector-strong -I/no-such-path/include -D_LARGEFILE_SOURCE -D_FILE_OFFSET_BITS=64 -O2   -DVERSION=\"\" -DXS_VERSION=\"\" -fPIC "-I/nix/store/7c044di03qa7qgr5kjjc2d787aspzp0m-perl-5.32.0/lib/perl5/5.32.0/x86_64-linux-thread-multi/CORE"   compress.c
cc -c   -D_REENTRANT -D_GNU_SOURCE -fwrapv -fno-strict-aliasing -pipe -fstack-protector-strong -I/no-such-path/include -D_LARGEFILE_SOURCE -D_FILE_OFFSET_BITS=64 -O2   -DVERSION=\"\" -DXS_VERSION=\"\" -fPIC "-I/nix/store/7c044di03qa7qgr5kjjc2d787aspzp0m-perl-5.32.0/lib/perl5/5.32.0/x86_64-linux-thread-multi/CORE"   decompress.c
cc -c   -D_REENTRANT -D_GNU_SOURCE -fwrapv -fno-strict-aliasing -pipe -fstack-protector-strong -I/no-such-path/include -D_LARGEFILE_SOURCE -D_FILE_OFFSET_BITS=64 -O2   -DVERSION=\"\" -DXS_VERSION=\"\" -fPIC "-I/nix/store/7c044di03qa7qgr5kjjc2d787aspzp0m-perl-5.32.0/lib/perl5/5.32.0/x86_64-linux-thread-multi/CORE"   bzlib.c
ar cr libbz2.a blocksort.o huffman.o crctable.o randtable.o compress.o decompress.o bzlib.o && : libbz2.a
cc -c   -D_REENTRANT -D_GNU_SOURCE -fwrapv -fno-strict-aliasing -pipe -fstack-protector-strong -I/no-such-path/include -D_LARGEFILE_SOURCE -D_FILE_OFFSET_BITS=64 -O2   -DVERSION=\"\" -DXS_VERSION=\"\" -fPIC "-I/nix/store/7c044di03qa7qgr5kjjc2d787aspzp0m-perl-5.32.0/lib/perl5/5.32.0/x86_64-linux-thread-multi/CORE"   bzip2.c
bzip2.c: In function 'applySavedFileAttrToOutputFile':
bzip2.c:1073:11: warning: ignoring return value of 'fchown', declared with attribute warn_unused_result [-Wunused-result]
 1073 |    (void) fchown ( fd, fileMetaInfo.st_uid, fileMetaInfo.st_gid );
      |           ^~~~~~~~~~~~~~~~~~~~~~~~~~~~~~~~~~~~~~~~~~~~~~~~~~~~~~~
cc -fstack-protector-strong -L/nix/store/68pw3wxwkrx0rwzjifm7g1jxy5g2sg1p-glibc-2.31/lib  bzip2.o libbz2.a   -o bzip2
make[1]: Leaving directory '/build/Compress-Bzip2-2.27/bzlib-src'
make[1]: Entering directory '/build/Compress-Bzip2-2.27/bzlib-src'
make[1]: Nothing to be done for 'all'.
make[1]: Leaving directory '/build/Compress-Bzip2-2.27/bzlib-src'
Running Mkbootstrap for Bzip2 ()
chmod 644 "Bzip2.bs"
"/nix/store/7c044di03qa7qgr5kjjc2d787aspzp0m-perl-5.32.0/bin/perl" -MExtUtils::Command::MM -e 'cp_nonempty' -- Bzip2.bs blib/arch/auto/Compress/Bzip2/Bzip2.bs 644
"/nix/store/7c044di03qa7qgr5kjjc2d787aspzp0m-perl-5.32.0/bin/perl" "/nix/store/7c044di03qa7qgr5kjjc2d787aspzp0m-perl-5.32.0/lib/perl5/5.32.0/ExtUtils/xsubpp"  -typemap '/nix/store/7c044di03qa7qgr5kjjc2d787aspzp0m-perl-5.32.0/lib/perl5/5.32.0/ExtUtils/typemap' -typemap '/build/Compress-Bzip2-2.27/typemap'  Bzip2.xs > Bzip2.xsc
mv Bzip2.xsc Bzip2.c
cc -c  -Ibzlib-src -D_REENTRANT -D_GNU_SOURCE -fwrapv -fno-strict-aliasing -pipe -fstack-protector-strong -I/no-such-path/include -D_LARGEFILE_SOURCE -D_FILE_OFFSET_BITS=64 -O2   -DVERSION=\"2.27\" -DXS_VERSION=\"2.27\" -fPIC "-I/nix/store/7c044di03qa7qgr5kjjc2d787aspzp0m-perl-5.32.0/lib/perl5/5.32.0/x86_64-linux-thread-multi/CORE"   Bzip2.c
rm -f blib/arch/auto/Compress/Bzip2/Bzip2.so
cc  -shared -O2 -L/nix/store/68pw3wxwkrx0rwzjifm7g1jxy5g2sg1p-glibc-2.31/lib -fstack-protector-strong -Wl,-E -Wl,-rpath,/nix/store/7c044di03qa7qgr5kjjc2d787aspzp0m-perl-5.32.0/lib/perl5/5.32.0/x86_64-linux-thread-multi/CORE  Bzip2.o  -o blib/arch/auto/Compress/Bzip2/Bzip2.so bzlib-src/libbz2.a \
      \

chmod 755 blib/arch/auto/Compress/Bzip2/Bzip2.so
Manifying 1 pod document
running tests
check flags: SHELL=/nix/store/9fqwwd4iybmhjqyxiaxycknslw6bgwh1-bash-4.4-p23/bin/bash VERBOSE=y test
"/nix/store/7c044di03qa7qgr5kjjc2d787aspzp0m-perl-5.32.0/bin/perl" -MExtUtils::Command::MM -e 'cp_nonempty' -- Bzip2.bs blib/arch/auto/Compress/Bzip2/Bzip2.bs 644
make[1]: Entering directory '/build/Compress-Bzip2-2.27/bzlib-src'
make[1]: Nothing to be done for 'all'.
make[1]: Leaving directory '/build/Compress-Bzip2-2.27/bzlib-src'
make[1]: Entering directory '/build/Compress-Bzip2-2.27/bzlib-src'
PERL_DL_NONLAZY=1 "/nix/store/7c044di03qa7qgr5kjjc2d787aspzp0m-perl-5.32.0/bin/perl" "-MExtUtils::Command::MM" "-MTest::Harness" "-e" "undef *Test::Harness::Switches; test_harness(0, '../blib/lib', '../blib/arch')" t/*.t
t/01-baseline.t .. ok
All tests successful.
Files=1, Tests=6,  0 wallclock secs ( 0.01 usr  0.00 sys +  0.14 cusr  0.01 csys =  0.16 CPU)
Result: PASS
make[1]: Leaving directory '/build/Compress-Bzip2-2.27/bzlib-src'
PERL_DL_NONLAZY=1 "/nix/store/7c044di03qa7qgr5kjjc2d787aspzp0m-perl-5.32.0/bin/perl" "-MExtUtils::Command::MM" "-MTest::Harness" "-e" "undef *Test::Harness::Switches; test_harness(0, 'blib/lib', 'blib/arch')" t/*.t
t/010-useability.t ............ ok
t/011-prototype.t ............. ok
t/020-compfile.t .............. ok
t/021-compfile.t .............. ok
t/022-compfile.t .............. ok
t/023-compfile.t .............. ok
t/024-compfile.t .............. ok
t/025-compfile.t .............. ok
t/026-compfile.t .............. ok
t/030-uncompfile.t ............ ok
t/031-uncompfile.t ............ ok
t/032-uncompfile.t ............ ok
t/033-uncompfile.t ............ ok
t/034-uncompfile.t ............ ok
t/035-uncompreadline.t ........ ok
t/040-memory.t ................ ok
t/041-double-free.t ........... ok
t/041-error.t ................. 1/9 Warning: unable to close filehandle $out properly: Bad file descriptor at t/041-error.t line 63.
t/041-error.t ................. ok
t/050-deflate.t ............... ok
t/051-deflate-flush.t ......... ok
t/060-inflate.t ............... ok
t/070-gzcomp.t ................ ok
t/071-gzuncomp.t .............. ok
t/080-version.t ............... ok
t/081-basic.t ................. ok
t/082-stream.t ................ ok
t/900_kwalitee.t .............. skipped: This test is only run for the module author
t/900_leaktrace.t ............. skipped: require Test::LeakTrace
t/900_meta.t .................. skipped: This test is only run for the module author
t/900_perl_minimum_version.t .. skipped: Author tests not required for installation
t/900_pod-coverage.t .......... skipped: This test is only run for the module author
t/900_pod.t ................... skipped: Test::Pod 1.00 required for testing POD
All tests successful.
Files=32, Tests=569,  6 wallclock secs ( 0.14 usr  0.04 sys +  5.15 cusr  0.48 csys =  5.81 CPU)
Result: PASS
installing
install flags: SHELL=/nix/store/9fqwwd4iybmhjqyxiaxycknslw6bgwh1-bash-4.4-p23/bin/bash pkgconfigdir=/nix/store/ac1hl3f0q1riyb2s1bvykgp5divpd7hw-perl5.32.0-Compress-Bzip2-2.27/lib/pkgconfig m4datadir=/nix/store/ac1hl3f0q1riyb2s1bvykgp5divpd7hw-perl5.32.0-Compress-Bzip2-2.27/share/aclocal aclocaldir=/nix/store/ac1hl3f0q1riyb2s1bvykgp5divpd7hw-perl5.32.0-Compress-Bzip2-2.27/share/aclocal install
make[1]: Entering directory '/build/Compress-Bzip2-2.27/bzlib-src'
make[1]: Nothing to be done for 'all'.
make[1]: Leaving directory '/build/Compress-Bzip2-2.27/bzlib-src'
"/nix/store/7c044di03qa7qgr5kjjc2d787aspzp0m-perl-5.32.0/bin/perl" -MExtUtils::Command::MM -e 'cp_nonempty' -- Bzip2.bs blib/arch/auto/Compress/Bzip2/Bzip2.bs 644
Manifying 1 pod document
Files found in blib/arch: installing files in blib/lib into architecture dependent library tree
Installing /nix/store/ac1hl3f0q1riyb2s1bvykgp5divpd7hw-perl5.32.0-Compress-Bzip2-2.27/lib/perl5/site_perl/5.32.0/x86_64-linux-thread-multi/auto/Compress/Bzip2/Bzip2.so
Installing /nix/store/ac1hl3f0q1riyb2s1bvykgp5divpd7hw-perl5.32.0-Compress-Bzip2-2.27/lib/perl5/site_perl/5.32.0/x86_64-linux-thread-multi/auto/Compress/Bzip2/autosplit.ix
Installing /nix/store/ac1hl3f0q1riyb2s1bvykgp5divpd7hw-perl5.32.0-Compress-Bzip2-2.27/lib/perl5/site_perl/5.32.0/x86_64-linux-thread-multi/Compress/Bzip2.pm
Installing /nix/store/ac1hl3f0q1riyb2s1bvykgp5divpd7hw-perl5.32.0-Compress-Bzip2-2.27/share/man/man3/Compress::Bzip2.3
Appending installation info to /nix/store/ac1hl3f0q1riyb2s1bvykgp5divpd7hw-perl5.32.0-Compress-Bzip2-2.27/lib/perl5/5.32.0/x86_64-linux-thread-multi/perllocal.pod
post-installation fixup
Moving /nix/store/ac1hl3f0q1riyb2s1bvykgp5divpd7hw-perl5.32.0-Compress-Bzip2-2.27/share/man/man3 to /nix/store/9ipp0dld2nslzgd63p099fjl7v4hc48h-perl5.32.0-Compress-Bzip2-2.27-devdoc/share/man/man3
Removing empty /nix/store/ac1hl3f0q1riyb2s1bvykgp5divpd7hw-perl5.32.0-Compress-Bzip2-2.27/share/man/ and (possibly) its parents
shrinking RPATHs of ELF executables and libraries in /nix/store/ac1hl3f0q1riyb2s1bvykgp5divpd7hw-perl5.32.0-Compress-Bzip2-2.27
shrinking /nix/store/ac1hl3f0q1riyb2s1bvykgp5divpd7hw-perl5.32.0-Compress-Bzip2-2.27/lib/perl5/site_perl/5.32.0/x86_64-linux-thread-multi/auto/Compress/Bzip2/Bzip2.so
strip is /nix/store/psyzbhp4p088sb9qcs378hfbslcalasl-binutils-2.31.1/bin/strip
stripping (with command strip and flags -S) in /nix/store/ac1hl3f0q1riyb2s1bvykgp5divpd7hw-perl5.32.0-Compress-Bzip2-2.27/lib
patching script interpreter paths in /nix/store/ac1hl3f0q1riyb2s1bvykgp5divpd7hw-perl5.32.0-Compress-Bzip2-2.27
checking for references to /build/ in /nix/store/ac1hl3f0q1riyb2s1bvykgp5divpd7hw-perl5.32.0-Compress-Bzip2-2.27...
shrinking RPATHs of ELF executables and libraries in /nix/store/9ipp0dld2nslzgd63p099fjl7v4hc48h-perl5.32.0-Compress-Bzip2-2.27-devdoc
gzipping man pages under /nix/store/9ipp0dld2nslzgd63p099fjl7v4hc48h-perl5.32.0-Compress-Bzip2-2.27-devdoc/share/man/
strip is /nix/store/psyzbhp4p088sb9qcs378hfbslcalasl-binutils-2.31.1/bin/strip
patching script interpreter paths in /nix/store/9ipp0dld2nslzgd63p099fjl7v4hc48h-perl5.32.0-Compress-Bzip2-2.27-devdoc
checking for references to /build/ in /nix/store/9ipp0dld2nslzgd63p099fjl7v4hc48h-perl5.32.0-Compress-Bzip2-2.27-devdoc...
/nix/store/ac1hl3f0q1riyb2s1bvykgp5divpd7hw-perl5.32.0-Compress-Bzip2-2.27
