these derivations will be built:
  /nix/store/7hwxwa2m3jq6iw102rlm9dcx3k9g79f5-perl5.32.0-Config-IniFiles-3.000003.drv
these paths will be fetched (0.07 MiB download, 0.07 MiB unpacked):
  /nix/store/bvky2v7sdxhgpvl3980gbjj4i7r73pmq-Config-IniFiles-3.000003.tar.gz
copying path '/nix/store/bvky2v7sdxhgpvl3980gbjj4i7r73pmq-Config-IniFiles-3.000003.tar.gz' from 'https://cache.nixos.org'...
building '/nix/store/7hwxwa2m3jq6iw102rlm9dcx3k9g79f5-perl5.32.0-Config-IniFiles-3.000003.drv'...
unpacking sources
unpacking source archive /nix/store/bvky2v7sdxhgpvl3980gbjj4i7r73pmq-Config-IniFiles-3.000003.tar.gz
source root is Config-IniFiles-3.000003
setting SOURCE_DATE_EPOCH to timestamp 1585064646 of file Config-IniFiles-3.000003/xt/release/trailing-space.t
patching sources
configuring
patching ./scripts/tag-release.pl...
patching ./xt/release/trailing-space.t...
patching ./xt/author/pod-coverage.t...
patching ./xt/author/pod-syntax.t...
patching ./t/23scalar-ref.t...
patching ./t/04import.t...
patching ./t/12open-empty-file.t...
patching ./t/01basic.t...
patching ./t/16case-sensitive-default.t...
patching ./t/28nomultiline.t...
patching ./t/05hash.t...
patching ./t/27empty-ini.t...
patching ./t/13val-in-list-context.t...
patching ./t/10delta.t...
patching ./t/19param-found-outside-section.t...
patching ./t/35section-iterators.t...
patching ./t/34trailing-comments-double-delimeter.t...
patching ./t/20allowedcommentchars.t...
patching ./t/07misc.t...
patching ./t/18non-contiguous-groups.t...
patching ./t/02weird.t...
patching ./t/22trailing-comment-lines.t...
patching ./t/09case.t...
patching ./t/00load.t...
patching ./t/29end-of-line-comment.t...
patching ./t/14brackets-within-values.t...
patching ./t/24case-sensitive-exists.t...
patching ./t/03comments.t...
patching ./t/37here-doc-no-end-marker.t...
patching ./t/30parameters-with-empty-values.t...
patching ./t/33update-using-tied-fh-w-shorter-names.t...
patching ./t/11copy-ties-with-array-vals.t...
patching ./t/32mswin-outputs-contain-crs.t...
patching ./t/36php-compat.t...
patching ./t/06oo.t...
patching ./t/15store-and-retrieve-here-doc-terminator.t...
patching ./t/17untainted-multiline-values.t...
patching ./t/08group.t...
patching ./t/31comments_with_spaces.t...
patching ./t/25line-endings.t...
patching ./t/26scalar-filehandle.t...
Checking if your kit is complete...
Looks good
Generating a Unix-style Makefile
Writing Makefile for Config::IniFiles
Writing MYMETA.yml and MYMETA.json
no configure script, doing nothing
building
Created MYMETA.yml and MYMETA.json
Creating new 'Build' script for 'Config-IniFiles' version '3.000003'
Building Config-IniFiles
running tests
t/00-compile.t ................................ ok
t/00load.t .................................... ok
t/01basic.t ................................... ok
t/02weird.t ................................... ok
t/03comments.t ................................ ok
t/04import.t .................................. ok
t/05hash.t .................................... ok
t/06oo.t ...................................... ok
t/07misc.t .................................... ok
t/08group.t ................................... ok
t/09case.t .................................... ok
t/10delta.t ................................... ok
t/11copy-ties-with-array-vals.t ............... ok
t/12open-empty-file.t ......................... ok
t/13val-in-list-context.t ..................... ok
t/14brackets-within-values.t .................. ok
t/15store-and-retrieve-here-doc-terminator.t .. ok
t/16case-sensitive-default.t .................. ok
t/17untainted-multiline-values.t .............. ok
t/18non-contiguous-groups.t ................... ok
t/19param-found-outside-section.t ............. ok
t/20allowedcommentchars.t ..................... ok
t/22trailing-comment-lines.t .................. ok
t/23scalar-ref.t .............................. ok
t/24case-sensitive-exists.t ................... ok
t/25line-endings.t ............................ ok
t/26scalar-filehandle.t ....................... ok
t/27empty-ini.t ............................... ok
t/28nomultiline.t ............................. ok
t/29end-of-line-comment.t ..................... ok
t/30parameters-with-empty-values.t ............ ok
t/31comments_with_spaces.t .................... ok
t/32mswin-outputs-contain-crs.t ............... skipped: Test is only relevant for Microsoft Windows
t/33update-using-tied-fh-w-shorter-names.t .... untie attempted while 1 inner references still exist at t/33update-using-tied-fh-w-shorter-names.t line 52.
t/33update-using-tied-fh-w-shorter-names.t .... ok
t/34trailing-comments-double-delimeter.t ...... ok
t/35reload-config-no-file.t ................... ok
t/35section-iterators.t ....................... ok
t/36php-compat.t .............................. ok
t/37here-doc-no-end-marker.t .................. ok
All tests successful.
Files=39, Tests=205,  4 wallclock secs ( 0.11 usr  0.04 sys +  3.02 cusr  0.82 csys =  3.99 CPU)
Result: PASS
installing
Building Config-IniFiles
Installing /nix/store/54ma1w54s04g5rbwp10lkdii911lycv8-perl5.32.0-Config-IniFiles-3.000003/lib/perl5/site_perl/5.32.0/Config/IniFiles.pm
Installing /nix/store/54ma1w54s04g5rbwp10lkdii911lycv8-perl5.32.0-Config-IniFiles-3.000003/share/man/man3/Config::IniFiles.3
post-installation fixup
Moving /nix/store/54ma1w54s04g5rbwp10lkdii911lycv8-perl5.32.0-Config-IniFiles-3.000003/share/man/man3 to /nix/store/4njjf7vxsymy0d4kf3ps8f0gii9wd8fw-perl5.32.0-Config-IniFiles-3.000003-devdoc/share/man/man3
Removing empty /nix/store/54ma1w54s04g5rbwp10lkdii911lycv8-perl5.32.0-Config-IniFiles-3.000003/share/man/ and (possibly) its parents
shrinking RPATHs of ELF executables and libraries in /nix/store/54ma1w54s04g5rbwp10lkdii911lycv8-perl5.32.0-Config-IniFiles-3.000003
strip is /nix/store/psyzbhp4p088sb9qcs378hfbslcalasl-binutils-2.31.1/bin/strip
stripping (with command strip and flags -S) in /nix/store/54ma1w54s04g5rbwp10lkdii911lycv8-perl5.32.0-Config-IniFiles-3.000003/lib
patching script interpreter paths in /nix/store/54ma1w54s04g5rbwp10lkdii911lycv8-perl5.32.0-Config-IniFiles-3.000003
checking for references to /build/ in /nix/store/54ma1w54s04g5rbwp10lkdii911lycv8-perl5.32.0-Config-IniFiles-3.000003...
shrinking RPATHs of ELF executables and libraries in /nix/store/4njjf7vxsymy0d4kf3ps8f0gii9wd8fw-perl5.32.0-Config-IniFiles-3.000003-devdoc
gzipping man pages under /nix/store/4njjf7vxsymy0d4kf3ps8f0gii9wd8fw-perl5.32.0-Config-IniFiles-3.000003-devdoc/share/man/
strip is /nix/store/psyzbhp4p088sb9qcs378hfbslcalasl-binutils-2.31.1/bin/strip
patching script interpreter paths in /nix/store/4njjf7vxsymy0d4kf3ps8f0gii9wd8fw-perl5.32.0-Config-IniFiles-3.000003-devdoc
checking for references to /build/ in /nix/store/4njjf7vxsymy0d4kf3ps8f0gii9wd8fw-perl5.32.0-Config-IniFiles-3.000003-devdoc...
/nix/store/54ma1w54s04g5rbwp10lkdii911lycv8-perl5.32.0-Config-IniFiles-3.000003
