these derivations will be built:
  /nix/store/yrb55jf1p83bdv61zlyaf28f270xqyyq-perl5.32.0-Config-Tiny-2.24.drv
these paths will be fetched (0.02 MiB download, 0.02 MiB unpacked):
  /nix/store/m4hdw5rj2gbjkl8nrh8ywhwrvfm6ipq9-Config-Tiny-2.24.tgz
copying path '/nix/store/m4hdw5rj2gbjkl8nrh8ywhwrvfm6ipq9-Config-Tiny-2.24.tgz' from 'https://cache.nixos.org'...
building '/nix/store/yrb55jf1p83bdv61zlyaf28f270xqyyq-perl5.32.0-Config-Tiny-2.24.drv'...
unpacking sources
unpacking source archive /nix/store/m4hdw5rj2gbjkl8nrh8ywhwrvfm6ipq9-Config-Tiny-2.24.tgz
source root is Config-Tiny-2.24
setting SOURCE_DATE_EPOCH to timestamp 1560745814 of file Config-Tiny-2.24/META.yml
patching sources
configuring
patching ./xt/meta.t...
patching ./xt/author/pod.t...
patching ./xt/pmv.t...
patching ./t/06.repeat.key.t...
patching ./t/05.zero.t...
patching ./t/01.compile.t...
patching ./t/07.trailing.comment.t...
patching ./t/02.main.t...
patching ./t/03.read.string.t...
patching ./t/04.utf8.t...
Checking if your kit is complete...
Looks good
Generating a Unix-style Makefile
Writing Makefile for Config::Tiny
Writing MYMETA.yml and MYMETA.json
no configure script, doing nothing
building
build flags: SHELL=/nix/store/9fqwwd4iybmhjqyxiaxycknslw6bgwh1-bash-4.4-p23/bin/bash
cp lib/Config/Tiny.pm blib/lib/Config/Tiny.pm
Manifying 1 pod document
running tests
check flags: SHELL=/nix/store/9fqwwd4iybmhjqyxiaxycknslw6bgwh1-bash-4.4-p23/bin/bash VERBOSE=y test
PERL_DL_NONLAZY=1 "/nix/store/7c044di03qa7qgr5kjjc2d787aspzp0m-perl-5.32.0/bin/perl" "-MExtUtils::Command::MM" "-MTest::Harness" "-e" "undef *Test::Harness::Switches; test_harness(0, 'blib/lib', 'blib/arch')" t/*.t
t/00.versions.t .......... 1/? # Testing Config::Tiny V 2.24
# Using File::Spec V 3.78
# Using File::Temp V 0.2309
# Using strict V 1.11
# Using UNIVERSAL V 1.13
# Using utf8 V 1.22
t/00.versions.t .......... ok
t/01.compile.t ........... ok
t/02.main.t .............. ok
t/03.read.string.t ....... ok
t/04.utf8.t .............. ok
t/05.zero.t .............. ok
t/06.repeat.key.t ........ ok
t/07.trailing.comment.t .. ok
All tests successful.
Files=8, Tests=57,  1 wallclock secs ( 0.03 usr  0.01 sys +  0.48 cusr  0.10 csys =  0.62 CPU)
Result: PASS
installing
install flags: SHELL=/nix/store/9fqwwd4iybmhjqyxiaxycknslw6bgwh1-bash-4.4-p23/bin/bash pkgconfigdir=/nix/store/9apfy7dmmgr39spldp1lm6q0jl07s0x1-perl5.32.0-Config-Tiny-2.24/lib/pkgconfig m4datadir=/nix/store/9apfy7dmmgr39spldp1lm6q0jl07s0x1-perl5.32.0-Config-Tiny-2.24/share/aclocal aclocaldir=/nix/store/9apfy7dmmgr39spldp1lm6q0jl07s0x1-perl5.32.0-Config-Tiny-2.24/share/aclocal install
Manifying 1 pod document
Installing /nix/store/9apfy7dmmgr39spldp1lm6q0jl07s0x1-perl5.32.0-Config-Tiny-2.24/lib/perl5/site_perl/5.32.0/Config/Tiny.pm
Installing /nix/store/9apfy7dmmgr39spldp1lm6q0jl07s0x1-perl5.32.0-Config-Tiny-2.24/share/man/man3/Config::Tiny.3
Appending installation info to /nix/store/9apfy7dmmgr39spldp1lm6q0jl07s0x1-perl5.32.0-Config-Tiny-2.24/lib/perl5/5.32.0/x86_64-linux-thread-multi/perllocal.pod
post-installation fixup
Moving /nix/store/9apfy7dmmgr39spldp1lm6q0jl07s0x1-perl5.32.0-Config-Tiny-2.24/share/man/man3 to /nix/store/w1jkg5zscgg7fb7qgj2bs6x5xp3g2swv-perl5.32.0-Config-Tiny-2.24-devdoc/share/man/man3
Removing empty /nix/store/9apfy7dmmgr39spldp1lm6q0jl07s0x1-perl5.32.0-Config-Tiny-2.24/share/man/ and (possibly) its parents
shrinking RPATHs of ELF executables and libraries in /nix/store/9apfy7dmmgr39spldp1lm6q0jl07s0x1-perl5.32.0-Config-Tiny-2.24
strip is /nix/store/psyzbhp4p088sb9qcs378hfbslcalasl-binutils-2.31.1/bin/strip
stripping (with command strip and flags -S) in /nix/store/9apfy7dmmgr39spldp1lm6q0jl07s0x1-perl5.32.0-Config-Tiny-2.24/lib
patching script interpreter paths in /nix/store/9apfy7dmmgr39spldp1lm6q0jl07s0x1-perl5.32.0-Config-Tiny-2.24
checking for references to /build/ in /nix/store/9apfy7dmmgr39spldp1lm6q0jl07s0x1-perl5.32.0-Config-Tiny-2.24...
shrinking RPATHs of ELF executables and libraries in /nix/store/w1jkg5zscgg7fb7qgj2bs6x5xp3g2swv-perl5.32.0-Config-Tiny-2.24-devdoc
gzipping man pages under /nix/store/w1jkg5zscgg7fb7qgj2bs6x5xp3g2swv-perl5.32.0-Config-Tiny-2.24-devdoc/share/man/
strip is /nix/store/psyzbhp4p088sb9qcs378hfbslcalasl-binutils-2.31.1/bin/strip
patching script interpreter paths in /nix/store/w1jkg5zscgg7fb7qgj2bs6x5xp3g2swv-perl5.32.0-Config-Tiny-2.24-devdoc
checking for references to /build/ in /nix/store/w1jkg5zscgg7fb7qgj2bs6x5xp3g2swv-perl5.32.0-Config-Tiny-2.24-devdoc...
/nix/store/9apfy7dmmgr39spldp1lm6q0jl07s0x1-perl5.32.0-Config-Tiny-2.24
