these derivations will be built:
  /nix/store/0lpayw31d1kasskpxfb84rm835lxqvl7-perl5.32.0-Config-AutoConf-0.318.drv
these paths will be fetched (0.05 MiB download, 0.05 MiB unpacked):
  /nix/store/43r3jxwjn98wh8yl79alrwf5wfdq78cm-Config-AutoConf-0.318.tar.gz
copying path '/nix/store/43r3jxwjn98wh8yl79alrwf5wfdq78cm-Config-AutoConf-0.318.tar.gz' from 'https://cache.nixos.org'...
building '/nix/store/0lpayw31d1kasskpxfb84rm835lxqvl7-perl5.32.0-Config-AutoConf-0.318.drv'...
unpacking sources
unpacking source archive /nix/store/43r3jxwjn98wh8yl79alrwf5wfdq78cm-Config-AutoConf-0.318.tar.gz
source root is Config-AutoConf-0.318
setting SOURCE_DATE_EPOCH to timestamp 1577982954 of file Config-AutoConf-0.318/MANIFEST
patching sources
configuring
Checking if your kit is complete...
Looks good
Generating a Unix-style Makefile
Writing Makefile for Config::AutoConf
Writing MYMETA.yml and MYMETA.json
no configure script, doing nothing
building
build flags: SHELL=/nix/store/9fqwwd4iybmhjqyxiaxycknslw6bgwh1-bash-4.4-p23/bin/bash
cp lib/Config/AutoConf.pm blib/lib/Config/AutoConf.pm
Manifying 1 pod document
running tests
check flags: SHELL=/nix/store/9fqwwd4iybmhjqyxiaxycknslw6bgwh1-bash-4.4-p23/bin/bash VERBOSE=y test
PERL_DL_NONLAZY=1 "/nix/store/7c044di03qa7qgr5kjjc2d787aspzp0m-perl-5.32.0/bin/perl" "-MExtUtils::Command::MM" "-MTest::Harness" "-e" "undef *Test::Harness::Switches; test_harness(0, 'blib/lib', 'blib/arch')" t/*.t xt/*.t
t/00.load.t ....... ok
t/01.checkprog.t .. 1/18 # Check for some progs to get an overview about world outside
# Found AWK as /nix/store/2km8wjl2rsw72lmlcdlmn2ljbmg4cvia-gawk-5.1.0/bin/gawk
# Found SED as /nix/store/bxagq7si45grj1fvyp4c37i9ir30mh7z-gnused-4.8/bin/sed
# Found EGREP as /nix/store/0b0kdaczss42xfn3wdpz83sjhnsk2708-gnugrep-3.4/bin/egrep
t/01.checkprog.t .. ok
t/02.compile.t .... ok
t/03.link.t ....... ok
All tests successful.
Files=4, Tests=68, 35 wallclock secs ( 0.04 usr  0.01 sys + 30.75 cusr  5.61 csys = 36.41 CPU)
Result: PASS
installing
install flags: SHELL=/nix/store/9fqwwd4iybmhjqyxiaxycknslw6bgwh1-bash-4.4-p23/bin/bash pkgconfigdir=/nix/store/54cyda01j5qpww3p6i6rp8p1qj11zp54-perl5.32.0-Config-AutoConf-0.318/lib/pkgconfig m4datadir=/nix/store/54cyda01j5qpww3p6i6rp8p1qj11zp54-perl5.32.0-Config-AutoConf-0.318/share/aclocal aclocaldir=/nix/store/54cyda01j5qpww3p6i6rp8p1qj11zp54-perl5.32.0-Config-AutoConf-0.318/share/aclocal install
Manifying 1 pod document
Installing /nix/store/54cyda01j5qpww3p6i6rp8p1qj11zp54-perl5.32.0-Config-AutoConf-0.318/lib/perl5/site_perl/5.32.0/Config/AutoConf.pm
Installing /nix/store/54cyda01j5qpww3p6i6rp8p1qj11zp54-perl5.32.0-Config-AutoConf-0.318/share/man/man3/Config::AutoConf.3
Appending installation info to /nix/store/54cyda01j5qpww3p6i6rp8p1qj11zp54-perl5.32.0-Config-AutoConf-0.318/lib/perl5/5.32.0/x86_64-linux-thread-multi/perllocal.pod
post-installation fixup
Moving /nix/store/54cyda01j5qpww3p6i6rp8p1qj11zp54-perl5.32.0-Config-AutoConf-0.318/share/man/man3 to /nix/store/9iiiif9ayd8f69axf16dps91wnhszi84-perl5.32.0-Config-AutoConf-0.318-devdoc/share/man/man3
Removing empty /nix/store/54cyda01j5qpww3p6i6rp8p1qj11zp54-perl5.32.0-Config-AutoConf-0.318/share/man/ and (possibly) its parents
shrinking RPATHs of ELF executables and libraries in /nix/store/54cyda01j5qpww3p6i6rp8p1qj11zp54-perl5.32.0-Config-AutoConf-0.318
strip is /nix/store/psyzbhp4p088sb9qcs378hfbslcalasl-binutils-2.31.1/bin/strip
stripping (with command strip and flags -S) in /nix/store/54cyda01j5qpww3p6i6rp8p1qj11zp54-perl5.32.0-Config-AutoConf-0.318/lib
patching script interpreter paths in /nix/store/54cyda01j5qpww3p6i6rp8p1qj11zp54-perl5.32.0-Config-AutoConf-0.318
checking for references to /build/ in /nix/store/54cyda01j5qpww3p6i6rp8p1qj11zp54-perl5.32.0-Config-AutoConf-0.318...
shrinking RPATHs of ELF executables and libraries in /nix/store/9iiiif9ayd8f69axf16dps91wnhszi84-perl5.32.0-Config-AutoConf-0.318-devdoc
gzipping man pages under /nix/store/9iiiif9ayd8f69axf16dps91wnhszi84-perl5.32.0-Config-AutoConf-0.318-devdoc/share/man/
strip is /nix/store/psyzbhp4p088sb9qcs378hfbslcalasl-binutils-2.31.1/bin/strip
patching script interpreter paths in /nix/store/9iiiif9ayd8f69axf16dps91wnhszi84-perl5.32.0-Config-AutoConf-0.318-devdoc
checking for references to /build/ in /nix/store/9iiiif9ayd8f69axf16dps91wnhszi84-perl5.32.0-Config-AutoConf-0.318-devdoc...
/nix/store/54cyda01j5qpww3p6i6rp8p1qj11zp54-perl5.32.0-Config-AutoConf-0.318
