these derivations will be built:
  /nix/store/m7jd9iymsg75knrxbwi0r7nsifsl09g6-perl5.32.0-Config-Merge-1.04.drv
these paths will be fetched (0.03 MiB download, 0.03 MiB unpacked):
  /nix/store/0w04q7ky5f110gxg1pw845c9ly9g210g-Config-Merge-1.04.tar.gz
copying path '/nix/store/0w04q7ky5f110gxg1pw845c9ly9g210g-Config-Merge-1.04.tar.gz' from 'https://cache.nixos.org'...
building '/nix/store/m7jd9iymsg75knrxbwi0r7nsifsl09g6-perl5.32.0-Config-Merge-1.04.drv'...
unpacking sources
unpacking source archive /nix/store/0w04q7ky5f110gxg1pw845c9ly9g210g-Config-Merge-1.04.tar.gz
source root is Config-Merge-1.04
setting SOURCE_DATE_EPOCH to timestamp 1408971119 of file Config-Merge-1.04/t/data/with
patching sources
configuring
patching ./examples/browser.pl...
patching ./examples/oo.pl...
patching ./examples/advanced.pl...
patching ./examples/func.pl...
Checking if your kit is complete...
Looks good
Generating a Unix-style Makefile
Writing Makefile for Config::Merge
Writing MYMETA.yml and MYMETA.json
no configure script, doing nothing
building
build flags: SHELL=/nix/store/9fqwwd4iybmhjqyxiaxycknslw6bgwh1-bash-4.4-p23/bin/bash
cp lib/Config/Merge.pm blib/lib/Config/Merge.pm
cp lib/Config/Merge/Perl.pm blib/lib/Config/Merge/Perl.pm
Manifying 2 pod documents
running tests
check flags: SHELL=/nix/store/9fqwwd4iybmhjqyxiaxycknslw6bgwh1-bash-4.4-p23/bin/bash VERBOSE=y test
PERL_DL_NONLAZY=1 "/nix/store/7c044di03qa7qgr5kjjc2d787aspzp0m-perl-5.32.0/bin/perl" "-MExtUtils::Command::MM" "-MTest::Harness" "-e" "undef *Test::Harness::Switches; test_harness(0, 'blib/lib', 'blib/arch')" t/*.t
t/10_oo.t .............. ok
t/20_functional.t ...... ok
t/30_errors.t .......... ok
t/40_advanced.t ........ ok
t/50_spaces_in_path.t .. ok
t/80_pod.t ............. skipped: Test::Pod 1.00 required for testing POD
t/81_pod_coverage.t .... skipped: Test::Pod::Coverage required for testing POD coverage
All tests successful.
Files=7, Tests=161,  1 wallclock secs ( 0.04 usr  0.01 sys +  0.43 cusr  0.12 csys =  0.60 CPU)
Result: PASS
installing
install flags: SHELL=/nix/store/9fqwwd4iybmhjqyxiaxycknslw6bgwh1-bash-4.4-p23/bin/bash pkgconfigdir=/nix/store/6swf0yc1b890cds0pk2s56zg2j3s25hq-perl5.32.0-Config-Merge-1.04/lib/pkgconfig m4datadir=/nix/store/6swf0yc1b890cds0pk2s56zg2j3s25hq-perl5.32.0-Config-Merge-1.04/share/aclocal aclocaldir=/nix/store/6swf0yc1b890cds0pk2s56zg2j3s25hq-perl5.32.0-Config-Merge-1.04/share/aclocal install
Manifying 2 pod documents
Installing /nix/store/6swf0yc1b890cds0pk2s56zg2j3s25hq-perl5.32.0-Config-Merge-1.04/lib/perl5/site_perl/5.32.0/Config/Merge.pm
Installing /nix/store/6swf0yc1b890cds0pk2s56zg2j3s25hq-perl5.32.0-Config-Merge-1.04/lib/perl5/site_perl/5.32.0/Config/Merge/Perl.pm
Installing /nix/store/6swf0yc1b890cds0pk2s56zg2j3s25hq-perl5.32.0-Config-Merge-1.04/share/man/man3/Config::Merge.3
Installing /nix/store/6swf0yc1b890cds0pk2s56zg2j3s25hq-perl5.32.0-Config-Merge-1.04/share/man/man3/Config::Merge::Perl.3
Appending installation info to /nix/store/6swf0yc1b890cds0pk2s56zg2j3s25hq-perl5.32.0-Config-Merge-1.04/lib/perl5/5.32.0/x86_64-linux-thread-multi/perllocal.pod
post-installation fixup
Moving /nix/store/6swf0yc1b890cds0pk2s56zg2j3s25hq-perl5.32.0-Config-Merge-1.04/share/man/man3 to /nix/store/kj20vbil931s5d3d29ycyz5aj8zq3s87-perl5.32.0-Config-Merge-1.04-devdoc/share/man/man3
Removing empty /nix/store/6swf0yc1b890cds0pk2s56zg2j3s25hq-perl5.32.0-Config-Merge-1.04/share/man/ and (possibly) its parents
shrinking RPATHs of ELF executables and libraries in /nix/store/6swf0yc1b890cds0pk2s56zg2j3s25hq-perl5.32.0-Config-Merge-1.04
strip is /nix/store/psyzbhp4p088sb9qcs378hfbslcalasl-binutils-2.31.1/bin/strip
stripping (with command strip and flags -S) in /nix/store/6swf0yc1b890cds0pk2s56zg2j3s25hq-perl5.32.0-Config-Merge-1.04/lib
patching script interpreter paths in /nix/store/6swf0yc1b890cds0pk2s56zg2j3s25hq-perl5.32.0-Config-Merge-1.04
checking for references to /build/ in /nix/store/6swf0yc1b890cds0pk2s56zg2j3s25hq-perl5.32.0-Config-Merge-1.04...
shrinking RPATHs of ELF executables and libraries in /nix/store/kj20vbil931s5d3d29ycyz5aj8zq3s87-perl5.32.0-Config-Merge-1.04-devdoc
gzipping man pages under /nix/store/kj20vbil931s5d3d29ycyz5aj8zq3s87-perl5.32.0-Config-Merge-1.04-devdoc/share/man/
strip is /nix/store/psyzbhp4p088sb9qcs378hfbslcalasl-binutils-2.31.1/bin/strip
patching script interpreter paths in /nix/store/kj20vbil931s5d3d29ycyz5aj8zq3s87-perl5.32.0-Config-Merge-1.04-devdoc
checking for references to /build/ in /nix/store/kj20vbil931s5d3d29ycyz5aj8zq3s87-perl5.32.0-Config-Merge-1.04-devdoc...
/nix/store/6swf0yc1b890cds0pk2s56zg2j3s25hq-perl5.32.0-Config-Merge-1.04
