these derivations will be built:
  /nix/store/dbxpgcipl0jlciq3mj1wy6a4qininns7-perl5.32.0-PerlIO-via-dynamic-0.14.drv
  /nix/store/752cd71bhf52zr9i84zbwywhww73nrbq-perl5.32.0-IO-Digest-0.11.drv
  /nix/store/8a2qip6mr754a03w6gz4djg1il83rs7y-perl5.32.0-MooseX-Types-Path-Class-0.09.drv
  /nix/store/v9a9ypqqdjvahj5lik36gnjrd0qq9sx9-perl5.32.0-Data-Stream-Bulk-0.11.drv
  /nix/store/gb4akcrhsbmp5dajm8qaxdmv8j6a9qij-perl5.32.0-Git-PurePerl-0.53.drv
  /nix/store/29hcn26gcs915ydpvpjc2nby49q8id0f-perl5.32.0-Config-Versioned-1.01.drv
these paths will be fetched (0.04 MiB download, 0.04 MiB unpacked):
  /nix/store/gpv4fasvaax8v5swa3s24a3ilw4z1z0s-Config-Versioned-1.01.tar.gz
copying path '/nix/store/gpv4fasvaax8v5swa3s24a3ilw4z1z0s-Config-Versioned-1.01.tar.gz' from 'https://cache.nixos.org'...
building '/nix/store/v9a9ypqqdjvahj5lik36gnjrd0qq9sx9-perl5.32.0-Data-Stream-Bulk-0.11.drv'...
building '/nix/store/8a2qip6mr754a03w6gz4djg1il83rs7y-perl5.32.0-MooseX-Types-Path-Class-0.09.drv'...
building '/nix/store/dbxpgcipl0jlciq3mj1wy6a4qininns7-perl5.32.0-PerlIO-via-dynamic-0.14.drv'...
unpacking sources
unpacking source archive /nix/store/aj1cjx2s0ick1ibbxcfsyrxp8mkgzhx2-PerlIO-via-dynamic-0.14.tar.gz
source root is PerlIO-via-dynamic-0.14
setting SOURCE_DATE_EPOCH to timestamp 1351991783 of file PerlIO-via-dynamic-0.14/SIGNATURE
patching sources
configuring
patching ./t/1use.t...
patching ./t/3gc.t...
patching ./t/4gc-array.t...
patching ./t/2basic.t...
patching ./Makefile.PL...
unpacking sources
unpacking source archive /nix/store/ffhk6907gy39y8xrzh2jpgifsh77dwj8-Data-Stream-Bulk-0.11.tar.gz
source root is Data-Stream-Bulk-0.11
setting SOURCE_DATE_EPOCH to timestamp 1329189659 of file Data-Stream-Bulk-0.11/t/release-pod-syntax.t
patching sources
configuring
patching ./t/00-compile.t...
patching ./t/path_class.t...
patching ./t/release-pod-syntax.t...
patching ./t/dbic.t...
patching ./t/basic.t...
patching ./t/dbi.t...
patching ./t/release-pod-coverage.t...
unpacking sources
unpacking source archive /nix/store/cyn2w47y4gbgwxbgqgs3yszc5cg8fdvw-MooseX-Types-Path-Class-0.09.tar.gz
source root is MooseX-Types-Path-Class-0.09
setting SOURCE_DATE_EPOCH to timestamp 1465347917 of file MooseX-Types-Path-Class-0.09/xt/release/portability.t
patching sources
configuring
patching ./xt/release/changes_has_content.t...
patching ./xt/release/portability.t...
patching ./xt/release/distmeta.t...
patching ./xt/release/cpan-changes.t...
patching ./xt/release/minimum-version.t...
patching ./xt/author/pod-coverage.t...
patching ./xt/author/mojibake.t...
patching ./xt/author/pod-syntax.t...
patching ./xt/author/pod-no404s.t...
patching ./t/00-report-prereqs.t...
Checking if your kit is complete...
Looks good
Generating a Unix-style Makefile
Writing Makefile for PerlIO::via::dynamic
Checking if your kit is complete...
Writing MYMETA.yml and MYMETA.json
no configure script, doing nothing
Looks good
building
build flags: SHELL=/nix/store/9fqwwd4iybmhjqyxiaxycknslw6bgwh1-bash-4.4-p23/bin/bash
Generating a Unix-style Makefile
Writing Makefile for Data::Stream::Bulk
Writing MYMETA.yml and MYMETA.json
no configure script, doing nothing
building
build flags: SHELL=/nix/store/9fqwwd4iybmhjqyxiaxycknslw6bgwh1-bash-4.4-p23/bin/bash
Checking if your kit is complete...
Looks good
cp dynamic.pm blib/lib/PerlIO/via/dynamic.pm
Generating a Unix-style Makefile
Writing Makefile for MooseX::Types::Path::Class
Manifying 1 pod document
running tests
check flags: SHELL=/nix/store/9fqwwd4iybmhjqyxiaxycknslw6bgwh1-bash-4.4-p23/bin/bash VERBOSE=y test
PERL_DL_NONLAZY=1 "/nix/store/7c044di03qa7qgr5kjjc2d787aspzp0m-perl-5.32.0/bin/perl" "-MExtUtils::Command::MM" "-MTest::Harness" "-e" "undef *Test::Harness::Switches; test_harness(0, 'inc', 'blib/lib', 'blib/arch')" t/1use.t t/2basic.t t/3gc.t t/4gc-array.t
Writing MYMETA.yml and MYMETA.json
no configure script, doing nothing
building
t/1use.t ....... ok
t/2basic.t ..... ok
t/3gc.t ........ ok
cp lib/Data/Stream/Bulk/DoneFlag.pm blib/lib/Data/Stream/Bulk/DoneFlag.pm
cp lib/Data/Stream/Bulk/Cat.pm blib/lib/Data/Stream/Bulk/Cat.pm
cp lib/Data/Stream/Bulk/Chunked.pm blib/lib/Data/Stream/Bulk/Chunked.pm
cp lib/Data/Stream/Bulk/Util.pm blib/lib/Data/Stream/Bulk/Util.pm
cp lib/Data/Stream/Bulk/FileHandle.pm blib/lib/Data/Stream/Bulk/FileHandle.pm
cp lib/Data/Stream/Bulk/Array.pm blib/lib/Data/Stream/Bulk/Array.pm
cp lib/Data/Stream/Bulk/Nil.pm blib/lib/Data/Stream/Bulk/Nil.pm
cp lib/Data/Stream/Bulk/Path/Class.pm blib/lib/Data/Stream/Bulk/Path/Class.pm
cp lib/Data/Stream/Bulk.pm blib/lib/Data/Stream/Bulk.pm
cp lib/Data/Stream/Bulk/Filter.pm blib/lib/Data/Stream/Bulk/Filter.pm
cp lib/Data/Stream/Bulk/DBI.pm blib/lib/Data/Stream/Bulk/DBI.pm
cp lib/Data/Stream/Bulk/DBIC.pm blib/lib/Data/Stream/Bulk/DBIC.pm
cp lib/Data/Stream/Bulk/Callback.pm blib/lib/Data/Stream/Bulk/Callback.pm
Creating new 'Build' script for 'MooseX-Types-Path-Class' version '0.09'
t/4gc-array.t .. ok
All tests successful.
Files=4, Tests=6,  0 wallclock secs ( 0.02 usr  0.01 sys +  0.17 cusr  0.03 csys =  0.23 CPU)
Result: PASS
installing
install flags: SHELL=/nix/store/9fqwwd4iybmhjqyxiaxycknslw6bgwh1-bash-4.4-p23/bin/bash pkgconfigdir=/nix/store/dg8icci4289fihpxpyav8vxxsaml3mgh-perl5.32.0-PerlIO-via-dynamic-0.14/lib/pkgconfig m4datadir=/nix/store/dg8icci4289fihpxpyav8vxxsaml3mgh-perl5.32.0-PerlIO-via-dynamic-0.14/share/aclocal aclocaldir=/nix/store/dg8icci4289fihpxpyav8vxxsaml3mgh-perl5.32.0-PerlIO-via-dynamic-0.14/share/aclocal install
Manifying 13 pod documents
Manifying 1 pod document
running tests
check flags: SHELL=/nix/store/9fqwwd4iybmhjqyxiaxycknslw6bgwh1-bash-4.4-p23/bin/bash VERBOSE=y test
PERL_DL_NONLAZY=1 "/nix/store/7c044di03qa7qgr5kjjc2d787aspzp0m-perl-5.32.0/bin/perl" "-MExtUtils::Command::MM" "-MTest::Harness" "-e" "undef *Test::Harness::Switches; test_harness(0, 'blib/lib', 'blib/arch')" t/*.t
Installing /nix/store/dg8icci4289fihpxpyav8vxxsaml3mgh-perl5.32.0-PerlIO-via-dynamic-0.14/lib/perl5/site_perl/5.32.0/PerlIO/via/dynamic.pm
Installing /nix/store/dg8icci4289fihpxpyav8vxxsaml3mgh-perl5.32.0-PerlIO-via-dynamic-0.14/share/man/man3/PerlIO::via::dynamic.3
Appending installation info to /nix/store/dg8icci4289fihpxpyav8vxxsaml3mgh-perl5.32.0-PerlIO-via-dynamic-0.14/lib/perl5/5.32.0/x86_64-linux-thread-multi/perllocal.pod
post-installation fixup
Moving /nix/store/dg8icci4289fihpxpyav8vxxsaml3mgh-perl5.32.0-PerlIO-via-dynamic-0.14/share/man/man3 to /nix/store/0cz008vqwcfkrmrrfn242sps1hvr2wra-perl5.32.0-PerlIO-via-dynamic-0.14-devdoc/share/man/man3
Removing empty /nix/store/dg8icci4289fihpxpyav8vxxsaml3mgh-perl5.32.0-PerlIO-via-dynamic-0.14/share/man/ and (possibly) its parents
shrinking RPATHs of ELF executables and libraries in /nix/store/dg8icci4289fihpxpyav8vxxsaml3mgh-perl5.32.0-PerlIO-via-dynamic-0.14
strip is /nix/store/psyzbhp4p088sb9qcs378hfbslcalasl-binutils-2.31.1/bin/strip
stripping (with command strip and flags -S) in /nix/store/dg8icci4289fihpxpyav8vxxsaml3mgh-perl5.32.0-PerlIO-via-dynamic-0.14/lib
patching script interpreter paths in /nix/store/dg8icci4289fihpxpyav8vxxsaml3mgh-perl5.32.0-PerlIO-via-dynamic-0.14
checking for references to /build/ in /nix/store/dg8icci4289fihpxpyav8vxxsaml3mgh-perl5.32.0-PerlIO-via-dynamic-0.14...
shrinking RPATHs of ELF executables and libraries in /nix/store/0cz008vqwcfkrmrrfn242sps1hvr2wra-perl5.32.0-PerlIO-via-dynamic-0.14-devdoc
gzipping man pages under /nix/store/0cz008vqwcfkrmrrfn242sps1hvr2wra-perl5.32.0-PerlIO-via-dynamic-0.14-devdoc/share/man/
strip is /nix/store/psyzbhp4p088sb9qcs378hfbslcalasl-binutils-2.31.1/bin/strip
patching script interpreter paths in /nix/store/0cz008vqwcfkrmrrfn242sps1hvr2wra-perl5.32.0-PerlIO-via-dynamic-0.14-devdoc
checking for references to /build/ in /nix/store/0cz008vqwcfkrmrrfn242sps1hvr2wra-perl5.32.0-PerlIO-via-dynamic-0.14-devdoc...
building '/nix/store/752cd71bhf52zr9i84zbwywhww73nrbq-perl5.32.0-IO-Digest-0.11.drv'...
cp lib/MooseX/Types/Path/Class.pm blib/lib/MooseX/Types/Path/Class.pm
unpacking sources
unpacking source archive /nix/store/pr6wy9mzw74lkr69g0xgp53vhfqxnkb8-IO-Digest-0.11.tar.gz
source root is IO-Digest-0.11
running tests
setting SOURCE_DATE_EPOCH to timestamp 1361009005 of file IO-Digest-0.11/META.yml
patching sources
configuring
patching ./t/0use.t...
patching ./t/1basic.t...
Checking if your kit is complete...
Looks good
Generating a Unix-style Makefile
Writing Makefile for IO::Digest
Writing MYMETA.yml and MYMETA.json
no configure script, doing nothing
building
build flags: SHELL=/nix/store/9fqwwd4iybmhjqyxiaxycknslw6bgwh1-bash-4.4-p23/bin/bash
cp lib/IO/Digest.pm blib/lib/IO/Digest.pm
Manifying 1 pod document
running tests
check flags: SHELL=/nix/store/9fqwwd4iybmhjqyxiaxycknslw6bgwh1-bash-4.4-p23/bin/bash VERBOSE=y test
PERL_DL_NONLAZY=1 "/nix/store/7c044di03qa7qgr5kjjc2d787aspzp0m-perl-5.32.0/bin/perl" "-MExtUtils::Command::MM" "-MTest::Harness" "-e" "undef *Test::Harness::Switches; test_harness(0, 'inc', 'blib/lib', 'blib/arch')" t/*.t
t/0use.t .... ok
t/1basic.t .. ok
All tests successful.
Files=2, Tests=4,  0 wallclock secs ( 0.02 usr  0.01 sys +  0.08 cusr  0.01 csys =  0.12 CPU)
Result: PASS
installing
install flags: SHELL=/nix/store/9fqwwd4iybmhjqyxiaxycknslw6bgwh1-bash-4.4-p23/bin/bash pkgconfigdir=/nix/store/dik33g1fpxr0qli1p5na4fvgvlr8rxvs-perl5.32.0-IO-Digest-0.11/lib/pkgconfig m4datadir=/nix/store/dik33g1fpxr0qli1p5na4fvgvlr8rxvs-perl5.32.0-IO-Digest-0.11/share/aclocal aclocaldir=/nix/store/dik33g1fpxr0qli1p5na4fvgvlr8rxvs-perl5.32.0-IO-Digest-0.11/share/aclocal install
Manifying 1 pod document
Installing /nix/store/dik33g1fpxr0qli1p5na4fvgvlr8rxvs-perl5.32.0-IO-Digest-0.11/lib/perl5/site_perl/5.32.0/IO/Digest.pm
Installing /nix/store/dik33g1fpxr0qli1p5na4fvgvlr8rxvs-perl5.32.0-IO-Digest-0.11/share/man/man3/IO::Digest.3
Appending installation info to /nix/store/dik33g1fpxr0qli1p5na4fvgvlr8rxvs-perl5.32.0-IO-Digest-0.11/lib/perl5/5.32.0/x86_64-linux-thread-multi/perllocal.pod
post-installation fixup
Moving /nix/store/dik33g1fpxr0qli1p5na4fvgvlr8rxvs-perl5.32.0-IO-Digest-0.11/share/man/man3 to /nix/store/98s68a2fi4yvqgf0jdwb9djxyfqxj8m5-perl5.32.0-IO-Digest-0.11-devdoc/share/man/man3
Removing empty /nix/store/dik33g1fpxr0qli1p5na4fvgvlr8rxvs-perl5.32.0-IO-Digest-0.11/share/man/ and (possibly) its parents
shrinking RPATHs of ELF executables and libraries in /nix/store/dik33g1fpxr0qli1p5na4fvgvlr8rxvs-perl5.32.0-IO-Digest-0.11
t/00-report-prereqs.t .. #
# Versions for all modules listed in MYMETA.json (including optional ones):
#
# === Configure Requires ===
#
#     Module               Want  Have
#     ------------------- ----- -----
#     Module::Build::Tiny 0.034 0.039
#
# === Test Requires ===
#
#     Module                       Want     Have
#     ---------------------------- ---- --------
#     File::Spec                    any     3.78
#     Module::Metadata              any 1.000037
#     Moose                         any   2.2012
#     Moose::Util::TypeConstraints  any   2.2012
#     Test::More                    any 1.302175
#     Test::Needs                   any 0.002006
#
# === Test Recommends ===
#
#     Module         Want     Have
#     ---------- -------- --------
#     CPAN::Meta 2.120900 2.150010
#
# === Runtime Requires ===
#
#     Module               Want   Have
#     -------------------- ---- ------
#     MooseX::Types         any   0.50
#     MooseX::Types::Moose  any   0.50
#     Path::Class          0.16   0.37
#     if                    any 0.0608
#     strict                any   1.11
#     warnings              any   1.47
#
# === Runtime Suggests ===
#
#     Module         Want    Have
#     -------------- ---- -------
#     MooseX::Getopt  any missing
#
# === Other Modules ===
#
#     Module           Have
#     ------------- -------
#     Pod::Coverage missing
#
t/00-report-prereqs.t .. ok
strip is /nix/store/psyzbhp4p088sb9qcs378hfbslcalasl-binutils-2.31.1/bin/strip
stripping (with command strip and flags -S) in /nix/store/dik33g1fpxr0qli1p5na4fvgvlr8rxvs-perl5.32.0-IO-Digest-0.11/lib
patching script interpreter paths in /nix/store/dik33g1fpxr0qli1p5na4fvgvlr8rxvs-perl5.32.0-IO-Digest-0.11
checking for references to /build/ in /nix/store/dik33g1fpxr0qli1p5na4fvgvlr8rxvs-perl5.32.0-IO-Digest-0.11...
shrinking RPATHs of ELF executables and libraries in /nix/store/98s68a2fi4yvqgf0jdwb9djxyfqxj8m5-perl5.32.0-IO-Digest-0.11-devdoc
gzipping man pages under /nix/store/98s68a2fi4yvqgf0jdwb9djxyfqxj8m5-perl5.32.0-IO-Digest-0.11-devdoc/share/man/
strip is /nix/store/psyzbhp4p088sb9qcs378hfbslcalasl-binutils-2.31.1/bin/strip
patching script interpreter paths in /nix/store/98s68a2fi4yvqgf0jdwb9djxyfqxj8m5-perl5.32.0-IO-Digest-0.11-devdoc
checking for references to /build/ in /nix/store/98s68a2fi4yvqgf0jdwb9djxyfqxj8m5-perl5.32.0-IO-Digest-0.11-devdoc...
t/01-basic.t ........... ok
t/02-getopt.t .......... skipped: Need MooseX::Getopt
t/03-subtype.t ......... ok
t/zzz-check-breaks.t ... ok
All tests successful.
Files=5, Tests=17,  2 wallclock secs ( 0.05 usr  0.04 sys +  1.23 cusr  0.71 csys =  2.03 CPU)
Result: PASS
installing
Installing /nix/store/qg7p6j290hvwh2sachm2mm664nqvkh9h-perl5.32.0-MooseX-Types-Path-Class-0.09/lib/perl5/site_perl/5.32.0/MooseX/Types/Path/Class.pm
Installing /nix/store/qg7p6j290hvwh2sachm2mm664nqvkh9h-perl5.32.0-MooseX-Types-Path-Class-0.09/share/man/man3/MooseX::Types::Path::Class.3
post-installation fixup
Moving /nix/store/qg7p6j290hvwh2sachm2mm664nqvkh9h-perl5.32.0-MooseX-Types-Path-Class-0.09/share/man/man3 to /nix/store/mqcs1wr4g2apphabdyjnvszap8aykdvr-perl5.32.0-MooseX-Types-Path-Class-0.09-devdoc/share/man/man3
Removing empty /nix/store/qg7p6j290hvwh2sachm2mm664nqvkh9h-perl5.32.0-MooseX-Types-Path-Class-0.09/share/man/ and (possibly) its parents
shrinking RPATHs of ELF executables and libraries in /nix/store/qg7p6j290hvwh2sachm2mm664nqvkh9h-perl5.32.0-MooseX-Types-Path-Class-0.09
strip is /nix/store/psyzbhp4p088sb9qcs378hfbslcalasl-binutils-2.31.1/bin/strip
stripping (with command strip and flags -S) in /nix/store/qg7p6j290hvwh2sachm2mm664nqvkh9h-perl5.32.0-MooseX-Types-Path-Class-0.09/lib
patching script interpreter paths in /nix/store/qg7p6j290hvwh2sachm2mm664nqvkh9h-perl5.32.0-MooseX-Types-Path-Class-0.09
checking for references to /build/ in /nix/store/qg7p6j290hvwh2sachm2mm664nqvkh9h-perl5.32.0-MooseX-Types-Path-Class-0.09...
shrinking RPATHs of ELF executables and libraries in /nix/store/mqcs1wr4g2apphabdyjnvszap8aykdvr-perl5.32.0-MooseX-Types-Path-Class-0.09-devdoc
gzipping man pages under /nix/store/mqcs1wr4g2apphabdyjnvszap8aykdvr-perl5.32.0-MooseX-Types-Path-Class-0.09-devdoc/share/man/
strip is /nix/store/psyzbhp4p088sb9qcs378hfbslcalasl-binutils-2.31.1/bin/strip
patching script interpreter paths in /nix/store/mqcs1wr4g2apphabdyjnvszap8aykdvr-perl5.32.0-MooseX-Types-Path-Class-0.09-devdoc
checking for references to /build/ in /nix/store/mqcs1wr4g2apphabdyjnvszap8aykdvr-perl5.32.0-MooseX-Types-Path-Class-0.09-devdoc...
t/00-compile.t ............ ok
t/basic.t ................. ok
t/dbi.t ................... skipped: Test requires module 'DBD::Mock' but it's not found
t/dbic.t .................. skipped: Test requires module 'DBIx::Class' but it's not found
t/path_class.t ............ ok
t/release-eol.t ........... skipped: these tests are for release candidate testing
t/release-pod-coverage.t .. skipped: these tests are for release candidate testing
t/release-pod-syntax.t .... skipped: these tests are for release candidate testing
All tests successful.
Files=8, Tests=170,  6 wallclock secs ( 0.07 usr  0.03 sys +  3.83 cusr  1.71 csys =  5.64 CPU)
Result: PASS
installing
install flags: SHELL=/nix/store/9fqwwd4iybmhjqyxiaxycknslw6bgwh1-bash-4.4-p23/bin/bash pkgconfigdir=/nix/store/6lx30psxxawmcg0pgf3ri1hfpvzgi27x-perl5.32.0-Data-Stream-Bulk-0.11/lib/pkgconfig m4datadir=/nix/store/6lx30psxxawmcg0pgf3ri1hfpvzgi27x-perl5.32.0-Data-Stream-Bulk-0.11/share/aclocal aclocaldir=/nix/store/6lx30psxxawmcg0pgf3ri1hfpvzgi27x-perl5.32.0-Data-Stream-Bulk-0.11/share/aclocal install
Manifying 13 pod documents
Installing /nix/store/6lx30psxxawmcg0pgf3ri1hfpvzgi27x-perl5.32.0-Data-Stream-Bulk-0.11/lib/perl5/site_perl/5.32.0/Data/Stream/Bulk.pm
Installing /nix/store/6lx30psxxawmcg0pgf3ri1hfpvzgi27x-perl5.32.0-Data-Stream-Bulk-0.11/lib/perl5/site_perl/5.32.0/Data/Stream/Bulk/DBI.pm
Installing /nix/store/6lx30psxxawmcg0pgf3ri1hfpvzgi27x-perl5.32.0-Data-Stream-Bulk-0.11/lib/perl5/site_perl/5.32.0/Data/Stream/Bulk/FileHandle.pm
Installing /nix/store/6lx30psxxawmcg0pgf3ri1hfpvzgi27x-perl5.32.0-Data-Stream-Bulk-0.11/lib/perl5/site_perl/5.32.0/Data/Stream/Bulk/Util.pm
Installing /nix/store/6lx30psxxawmcg0pgf3ri1hfpvzgi27x-perl5.32.0-Data-Stream-Bulk-0.11/lib/perl5/site_perl/5.32.0/Data/Stream/Bulk/Nil.pm
Installing /nix/store/6lx30psxxawmcg0pgf3ri1hfpvzgi27x-perl5.32.0-Data-Stream-Bulk-0.11/lib/perl5/site_perl/5.32.0/Data/Stream/Bulk/Chunked.pm
Installing /nix/store/6lx30psxxawmcg0pgf3ri1hfpvzgi27x-perl5.32.0-Data-Stream-Bulk-0.11/lib/perl5/site_perl/5.32.0/Data/Stream/Bulk/Filter.pm
Installing /nix/store/6lx30psxxawmcg0pgf3ri1hfpvzgi27x-perl5.32.0-Data-Stream-Bulk-0.11/lib/perl5/site_perl/5.32.0/Data/Stream/Bulk/DoneFlag.pm
Installing /nix/store/6lx30psxxawmcg0pgf3ri1hfpvzgi27x-perl5.32.0-Data-Stream-Bulk-0.11/lib/perl5/site_perl/5.32.0/Data/Stream/Bulk/Callback.pm
Installing /nix/store/6lx30psxxawmcg0pgf3ri1hfpvzgi27x-perl5.32.0-Data-Stream-Bulk-0.11/lib/perl5/site_perl/5.32.0/Data/Stream/Bulk/Cat.pm
Installing /nix/store/6lx30psxxawmcg0pgf3ri1hfpvzgi27x-perl5.32.0-Data-Stream-Bulk-0.11/lib/perl5/site_perl/5.32.0/Data/Stream/Bulk/Array.pm
Installing /nix/store/6lx30psxxawmcg0pgf3ri1hfpvzgi27x-perl5.32.0-Data-Stream-Bulk-0.11/lib/perl5/site_perl/5.32.0/Data/Stream/Bulk/DBIC.pm
Installing /nix/store/6lx30psxxawmcg0pgf3ri1hfpvzgi27x-perl5.32.0-Data-Stream-Bulk-0.11/lib/perl5/site_perl/5.32.0/Data/Stream/Bulk/Path/Class.pm
Installing /nix/store/6lx30psxxawmcg0pgf3ri1hfpvzgi27x-perl5.32.0-Data-Stream-Bulk-0.11/share/man/man3/Data::Stream::Bulk::DoneFlag.3
Installing /nix/store/6lx30psxxawmcg0pgf3ri1hfpvzgi27x-perl5.32.0-Data-Stream-Bulk-0.11/share/man/man3/Data::Stream::Bulk::Callback.3
Installing /nix/store/6lx30psxxawmcg0pgf3ri1hfpvzgi27x-perl5.32.0-Data-Stream-Bulk-0.11/share/man/man3/Data::Stream::Bulk::Chunked.3
Installing /nix/store/6lx30psxxawmcg0pgf3ri1hfpvzgi27x-perl5.32.0-Data-Stream-Bulk-0.11/share/man/man3/Data::Stream::Bulk.3
Installing /nix/store/6lx30psxxawmcg0pgf3ri1hfpvzgi27x-perl5.32.0-Data-Stream-Bulk-0.11/share/man/man3/Data::Stream::Bulk::Path::Class.3
Installing /nix/store/6lx30psxxawmcg0pgf3ri1hfpvzgi27x-perl5.32.0-Data-Stream-Bulk-0.11/share/man/man3/Data::Stream::Bulk::Nil.3
Installing /nix/store/6lx30psxxawmcg0pgf3ri1hfpvzgi27x-perl5.32.0-Data-Stream-Bulk-0.11/share/man/man3/Data::Stream::Bulk::DBIC.3
Installing /nix/store/6lx30psxxawmcg0pgf3ri1hfpvzgi27x-perl5.32.0-Data-Stream-Bulk-0.11/share/man/man3/Data::Stream::Bulk::Cat.3
Installing /nix/store/6lx30psxxawmcg0pgf3ri1hfpvzgi27x-perl5.32.0-Data-Stream-Bulk-0.11/share/man/man3/Data::Stream::Bulk::Util.3
Installing /nix/store/6lx30psxxawmcg0pgf3ri1hfpvzgi27x-perl5.32.0-Data-Stream-Bulk-0.11/share/man/man3/Data::Stream::Bulk::Filter.3
Installing /nix/store/6lx30psxxawmcg0pgf3ri1hfpvzgi27x-perl5.32.0-Data-Stream-Bulk-0.11/share/man/man3/Data::Stream::Bulk::DBI.3
Installing /nix/store/6lx30psxxawmcg0pgf3ri1hfpvzgi27x-perl5.32.0-Data-Stream-Bulk-0.11/share/man/man3/Data::Stream::Bulk::FileHandle.3
Installing /nix/store/6lx30psxxawmcg0pgf3ri1hfpvzgi27x-perl5.32.0-Data-Stream-Bulk-0.11/share/man/man3/Data::Stream::Bulk::Array.3
Appending installation info to /nix/store/6lx30psxxawmcg0pgf3ri1hfpvzgi27x-perl5.32.0-Data-Stream-Bulk-0.11/lib/perl5/5.32.0/x86_64-linux-thread-multi/perllocal.pod
post-installation fixup
Moving /nix/store/6lx30psxxawmcg0pgf3ri1hfpvzgi27x-perl5.32.0-Data-Stream-Bulk-0.11/share/man/man3 to /nix/store/zkiqhv58f4xf7jqxwld36sfylapzdx8n-perl5.32.0-Data-Stream-Bulk-0.11-devdoc/share/man/man3
Removing empty /nix/store/6lx30psxxawmcg0pgf3ri1hfpvzgi27x-perl5.32.0-Data-Stream-Bulk-0.11/share/man/ and (possibly) its parents
shrinking RPATHs of ELF executables and libraries in /nix/store/6lx30psxxawmcg0pgf3ri1hfpvzgi27x-perl5.32.0-Data-Stream-Bulk-0.11
strip is /nix/store/psyzbhp4p088sb9qcs378hfbslcalasl-binutils-2.31.1/bin/strip
stripping (with command strip and flags -S) in /nix/store/6lx30psxxawmcg0pgf3ri1hfpvzgi27x-perl5.32.0-Data-Stream-Bulk-0.11/lib
patching script interpreter paths in /nix/store/6lx30psxxawmcg0pgf3ri1hfpvzgi27x-perl5.32.0-Data-Stream-Bulk-0.11
checking for references to /build/ in /nix/store/6lx30psxxawmcg0pgf3ri1hfpvzgi27x-perl5.32.0-Data-Stream-Bulk-0.11...
shrinking RPATHs of ELF executables and libraries in /nix/store/zkiqhv58f4xf7jqxwld36sfylapzdx8n-perl5.32.0-Data-Stream-Bulk-0.11-devdoc
gzipping man pages under /nix/store/zkiqhv58f4xf7jqxwld36sfylapzdx8n-perl5.32.0-Data-Stream-Bulk-0.11-devdoc/share/man/
strip is /nix/store/psyzbhp4p088sb9qcs378hfbslcalasl-binutils-2.31.1/bin/strip
patching script interpreter paths in /nix/store/zkiqhv58f4xf7jqxwld36sfylapzdx8n-perl5.32.0-Data-Stream-Bulk-0.11-devdoc
checking for references to /build/ in /nix/store/zkiqhv58f4xf7jqxwld36sfylapzdx8n-perl5.32.0-Data-Stream-Bulk-0.11-devdoc...
building '/nix/store/gb4akcrhsbmp5dajm8qaxdmv8j6a9qij-perl5.32.0-Git-PurePerl-0.53.drv'...
unpacking sources
unpacking source archive /nix/store/f5lzfqfr7s5jqanw5kgb43f9lvds3fwg-Git-PurePerl-0.53.tar.gz
source root is Git-PurePerl-0.53
setting SOURCE_DATE_EPOCH to timestamp 1474298023 of file Git-PurePerl-0.53/MYMETA.json
patching sources
configuring
patching ./t/encoding.t...
patching ./t/protocol.t...
patching ./t/protocol_gpp.t...
patching ./t/00_setup.t...
patching ./t/init.t...
patching ./t/simple.t...
patching ./Makefile.PL...
Cannot determine perl version info from lib/Git/PurePerl.pm
Checking if your kit is complete...
Looks good
Generating a Unix-style Makefile
Writing Makefile for Git::PurePerl
Writing MYMETA.yml and MYMETA.json
no configure script, doing nothing
building
build flags: SHELL=/nix/store/9fqwwd4iybmhjqyxiaxycknslw6bgwh1-bash-4.4-p23/bin/bash
cp lib/Git/PurePerl/Protocol.pm blib/lib/Git/PurePerl/Protocol.pm
cp lib/Git/PurePerl/Object/Tree.pm blib/lib/Git/PurePerl/Object/Tree.pm
cp lib/Git/PurePerl/Object/Tag.pm blib/lib/Git/PurePerl/Object/Tag.pm
cp lib/Git/PurePerl/Pack.pm blib/lib/Git/PurePerl/Pack.pm
cp lib/Git/PurePerl/Protocol/SSH.pm blib/lib/Git/PurePerl/Protocol/SSH.pm
cp lib/Git/PurePerl/NewObject/Tag.pm blib/lib/Git/PurePerl/NewObject/Tag.pm
cp lib/Git/PurePerl/Actor.pm blib/lib/Git/PurePerl/Actor.pm
cp lib/Git/PurePerl.pm blib/lib/Git/PurePerl.pm
cp lib/Git/PurePerl/NewDirectoryEntry.pm blib/lib/Git/PurePerl/NewDirectoryEntry.pm
cp lib/Git/PurePerl/Protocol/File.pm blib/lib/Git/PurePerl/Protocol/File.pm
cp lib/Git/PurePerl/NewObject.pm blib/lib/Git/PurePerl/NewObject.pm
cp lib/Git/PurePerl/NewObject/Tree.pm blib/lib/Git/PurePerl/NewObject/Tree.pm
cp lib/Git/PurePerl/PackIndex/Version2.pm blib/lib/Git/PurePerl/PackIndex/Version2.pm
cp lib/Git/PurePerl/NewObject/Blob.pm blib/lib/Git/PurePerl/NewObject/Blob.pm
cp lib/Git/PurePerl/Protocol/Git.pm blib/lib/Git/PurePerl/Protocol/Git.pm
cp lib/Git/PurePerl/PackIndex/Version1.pm blib/lib/Git/PurePerl/PackIndex/Version1.pm
cp lib/Git/PurePerl/PackIndex.pm blib/lib/Git/PurePerl/PackIndex.pm
cp lib/Git/PurePerl/Object/Commit.pm blib/lib/Git/PurePerl/Object/Commit.pm
cp lib/Git/PurePerl/Loose.pm blib/lib/Git/PurePerl/Loose.pm
cp lib/Git/PurePerl/Config.pm blib/lib/Git/PurePerl/Config.pm
cp lib/Git/PurePerl/Object/Blob.pm blib/lib/Git/PurePerl/Object/Blob.pm
cp lib/Git/PurePerl/NewObject/Commit.pm blib/lib/Git/PurePerl/NewObject/Commit.pm
cp lib/Git/PurePerl/DirectoryEntry.pm blib/lib/Git/PurePerl/DirectoryEntry.pm
cp lib/Git/PurePerl/Pack/WithoutIndex.pm blib/lib/Git/PurePerl/Pack/WithoutIndex.pm
cp lib/Git/PurePerl/Object.pm blib/lib/Git/PurePerl/Object.pm
cp lib/Git/PurePerl/Pack/WithIndex.pm blib/lib/Git/PurePerl/Pack/WithIndex.pm
Manifying 1 pod document
installing
install flags: SHELL=/nix/store/9fqwwd4iybmhjqyxiaxycknslw6bgwh1-bash-4.4-p23/bin/bash pkgconfigdir=/nix/store/wvsy92xr7awiaz50yrahpwdv4fb6dhs0-perl5.32.0-Git-PurePerl-0.53/lib/pkgconfig m4datadir=/nix/store/wvsy92xr7awiaz50yrahpwdv4fb6dhs0-perl5.32.0-Git-PurePerl-0.53/share/aclocal aclocaldir=/nix/store/wvsy92xr7awiaz50yrahpwdv4fb6dhs0-perl5.32.0-Git-PurePerl-0.53/share/aclocal install
Manifying 1 pod document
Installing /nix/store/wvsy92xr7awiaz50yrahpwdv4fb6dhs0-perl5.32.0-Git-PurePerl-0.53/lib/perl5/site_perl/5.32.0/Git/PurePerl.pm
Installing /nix/store/wvsy92xr7awiaz50yrahpwdv4fb6dhs0-perl5.32.0-Git-PurePerl-0.53/lib/perl5/site_perl/5.32.0/Git/PurePerl/Config.pm
Installing /nix/store/wvsy92xr7awiaz50yrahpwdv4fb6dhs0-perl5.32.0-Git-PurePerl-0.53/lib/perl5/site_perl/5.32.0/Git/PurePerl/Pack.pm
Installing /nix/store/wvsy92xr7awiaz50yrahpwdv4fb6dhs0-perl5.32.0-Git-PurePerl-0.53/lib/perl5/site_perl/5.32.0/Git/PurePerl/Object.pm
Installing /nix/store/wvsy92xr7awiaz50yrahpwdv4fb6dhs0-perl5.32.0-Git-PurePerl-0.53/lib/perl5/site_perl/5.32.0/Git/PurePerl/Actor.pm
Installing /nix/store/wvsy92xr7awiaz50yrahpwdv4fb6dhs0-perl5.32.0-Git-PurePerl-0.53/lib/perl5/site_perl/5.32.0/Git/PurePerl/NewDirectoryEntry.pm
Installing /nix/store/wvsy92xr7awiaz50yrahpwdv4fb6dhs0-perl5.32.0-Git-PurePerl-0.53/lib/perl5/site_perl/5.32.0/Git/PurePerl/Protocol.pm
Installing /nix/store/wvsy92xr7awiaz50yrahpwdv4fb6dhs0-perl5.32.0-Git-PurePerl-0.53/lib/perl5/site_perl/5.32.0/Git/PurePerl/NewObject.pm
Installing /nix/store/wvsy92xr7awiaz50yrahpwdv4fb6dhs0-perl5.32.0-Git-PurePerl-0.53/lib/perl5/site_perl/5.32.0/Git/PurePerl/Loose.pm
Installing /nix/store/wvsy92xr7awiaz50yrahpwdv4fb6dhs0-perl5.32.0-Git-PurePerl-0.53/lib/perl5/site_perl/5.32.0/Git/PurePerl/PackIndex.pm
Installing /nix/store/wvsy92xr7awiaz50yrahpwdv4fb6dhs0-perl5.32.0-Git-PurePerl-0.53/lib/perl5/site_perl/5.32.0/Git/PurePerl/DirectoryEntry.pm
Installing /nix/store/wvsy92xr7awiaz50yrahpwdv4fb6dhs0-perl5.32.0-Git-PurePerl-0.53/lib/perl5/site_perl/5.32.0/Git/PurePerl/Pack/WithoutIndex.pm
Installing /nix/store/wvsy92xr7awiaz50yrahpwdv4fb6dhs0-perl5.32.0-Git-PurePerl-0.53/lib/perl5/site_perl/5.32.0/Git/PurePerl/Pack/WithIndex.pm
Installing /nix/store/wvsy92xr7awiaz50yrahpwdv4fb6dhs0-perl5.32.0-Git-PurePerl-0.53/lib/perl5/site_perl/5.32.0/Git/PurePerl/Object/Commit.pm
Installing /nix/store/wvsy92xr7awiaz50yrahpwdv4fb6dhs0-perl5.32.0-Git-PurePerl-0.53/lib/perl5/site_perl/5.32.0/Git/PurePerl/Object/Tag.pm
Installing /nix/store/wvsy92xr7awiaz50yrahpwdv4fb6dhs0-perl5.32.0-Git-PurePerl-0.53/lib/perl5/site_perl/5.32.0/Git/PurePerl/Object/Blob.pm
Installing /nix/store/wvsy92xr7awiaz50yrahpwdv4fb6dhs0-perl5.32.0-Git-PurePerl-0.53/lib/perl5/site_perl/5.32.0/Git/PurePerl/Object/Tree.pm
Installing /nix/store/wvsy92xr7awiaz50yrahpwdv4fb6dhs0-perl5.32.0-Git-PurePerl-0.53/lib/perl5/site_perl/5.32.0/Git/PurePerl/NewObject/Commit.pm
Installing /nix/store/wvsy92xr7awiaz50yrahpwdv4fb6dhs0-perl5.32.0-Git-PurePerl-0.53/lib/perl5/site_perl/5.32.0/Git/PurePerl/NewObject/Tag.pm
Installing /nix/store/wvsy92xr7awiaz50yrahpwdv4fb6dhs0-perl5.32.0-Git-PurePerl-0.53/lib/perl5/site_perl/5.32.0/Git/PurePerl/NewObject/Blob.pm
Installing /nix/store/wvsy92xr7awiaz50yrahpwdv4fb6dhs0-perl5.32.0-Git-PurePerl-0.53/lib/perl5/site_perl/5.32.0/Git/PurePerl/NewObject/Tree.pm
Installing /nix/store/wvsy92xr7awiaz50yrahpwdv4fb6dhs0-perl5.32.0-Git-PurePerl-0.53/lib/perl5/site_perl/5.32.0/Git/PurePerl/Protocol/SSH.pm
Installing /nix/store/wvsy92xr7awiaz50yrahpwdv4fb6dhs0-perl5.32.0-Git-PurePerl-0.53/lib/perl5/site_perl/5.32.0/Git/PurePerl/Protocol/Git.pm
Installing /nix/store/wvsy92xr7awiaz50yrahpwdv4fb6dhs0-perl5.32.0-Git-PurePerl-0.53/lib/perl5/site_perl/5.32.0/Git/PurePerl/Protocol/File.pm
Installing /nix/store/wvsy92xr7awiaz50yrahpwdv4fb6dhs0-perl5.32.0-Git-PurePerl-0.53/lib/perl5/site_perl/5.32.0/Git/PurePerl/PackIndex/Version1.pm
Installing /nix/store/wvsy92xr7awiaz50yrahpwdv4fb6dhs0-perl5.32.0-Git-PurePerl-0.53/lib/perl5/site_perl/5.32.0/Git/PurePerl/PackIndex/Version2.pm
Installing /nix/store/wvsy92xr7awiaz50yrahpwdv4fb6dhs0-perl5.32.0-Git-PurePerl-0.53/share/man/man3/Git::PurePerl.3
Appending installation info to /nix/store/wvsy92xr7awiaz50yrahpwdv4fb6dhs0-perl5.32.0-Git-PurePerl-0.53/lib/perl5/5.32.0/x86_64-linux-thread-multi/perllocal.pod
post-installation fixup
Moving /nix/store/wvsy92xr7awiaz50yrahpwdv4fb6dhs0-perl5.32.0-Git-PurePerl-0.53/share/man/man3 to /nix/store/p43wqzwzr8khp98izi8kz489j9ci3szk-perl5.32.0-Git-PurePerl-0.53-devdoc/share/man/man3
Removing empty /nix/store/wvsy92xr7awiaz50yrahpwdv4fb6dhs0-perl5.32.0-Git-PurePerl-0.53/share/man/ and (possibly) its parents
shrinking RPATHs of ELF executables and libraries in /nix/store/wvsy92xr7awiaz50yrahpwdv4fb6dhs0-perl5.32.0-Git-PurePerl-0.53
strip is /nix/store/psyzbhp4p088sb9qcs378hfbslcalasl-binutils-2.31.1/bin/strip
stripping (with command strip and flags -S) in /nix/store/wvsy92xr7awiaz50yrahpwdv4fb6dhs0-perl5.32.0-Git-PurePerl-0.53/lib
patching script interpreter paths in /nix/store/wvsy92xr7awiaz50yrahpwdv4fb6dhs0-perl5.32.0-Git-PurePerl-0.53
checking for references to /build/ in /nix/store/wvsy92xr7awiaz50yrahpwdv4fb6dhs0-perl5.32.0-Git-PurePerl-0.53...
shrinking RPATHs of ELF executables and libraries in /nix/store/p43wqzwzr8khp98izi8kz489j9ci3szk-perl5.32.0-Git-PurePerl-0.53-devdoc
gzipping man pages under /nix/store/p43wqzwzr8khp98izi8kz489j9ci3szk-perl5.32.0-Git-PurePerl-0.53-devdoc/share/man/
strip is /nix/store/psyzbhp4p088sb9qcs378hfbslcalasl-binutils-2.31.1/bin/strip
patching script interpreter paths in /nix/store/p43wqzwzr8khp98izi8kz489j9ci3szk-perl5.32.0-Git-PurePerl-0.53-devdoc
checking for references to /build/ in /nix/store/p43wqzwzr8khp98izi8kz489j9ci3szk-perl5.32.0-Git-PurePerl-0.53-devdoc...
building '/nix/store/29hcn26gcs915ydpvpjc2nby49q8id0f-perl5.32.0-Config-Versioned-1.01.drv'...
unpacking sources
unpacking source archive /nix/store/gpv4fasvaax8v5swa3s24a3ilw4z1z0s-Config-Versioned-1.01.tar.gz
source root is Config-Versioned-1.01
setting SOURCE_DATE_EPOCH to timestamp 1403082110 of file Config-Versioned-1.01/MANIFEST
patching sources
configuring
patching ./t/pod.t...
patching ./bin/cfgver...
patching ./commands...
Cannot determine perl version info from lib/Config/Versioned.pm
*** Module::AutoInstall version 1.08
*** Checking for Perl dependencies...
[Core Features]
- Test::More    ...loaded. (1.302175)
- DateTime      ...loaded. (1.52)
- Path::Class   ...loaded. (0.37)
- Moose         ...loaded. (2.2012)
- Git::PurePerl ...loaded. (0.53)
- Config::Std   ...loaded. (0.903)
*** Module::AutoInstall configuration finished.
Checking if your kit is complete...
Looks good
Generating a Unix-style Makefile
Writing Makefile for Config::Versioned
Writing MYMETA.yml and MYMETA.json
no configure script, doing nothing
building
build flags: SHELL=/nix/store/9fqwwd4iybmhjqyxiaxycknslw6bgwh1-bash-4.4-p23/bin/bash
cp lib/Config/Versioned.pm blib/lib/Config/Versioned.pm
cp bin/cfgver blib/script/cfgver
"/nix/store/7c044di03qa7qgr5kjjc2d787aspzp0m-perl-5.32.0/bin/perl" "-Iinc" -MExtUtils::MY -e 'MY->fixin(shift)' -- blib/script/cfgver
Manifying 1 pod document
installing
install flags: SHELL=/nix/store/9fqwwd4iybmhjqyxiaxycknslw6bgwh1-bash-4.4-p23/bin/bash pkgconfigdir=/nix/store/c6sf4ss2xnj17klcbapz99m1h0c7vgcp-perl5.32.0-Config-Versioned-1.01/lib/pkgconfig m4datadir=/nix/store/c6sf4ss2xnj17klcbapz99m1h0c7vgcp-perl5.32.0-Config-Versioned-1.01/share/aclocal aclocaldir=/nix/store/c6sf4ss2xnj17klcbapz99m1h0c7vgcp-perl5.32.0-Config-Versioned-1.01/share/aclocal install
Manifying 1 pod document
Installing /nix/store/c6sf4ss2xnj17klcbapz99m1h0c7vgcp-perl5.32.0-Config-Versioned-1.01/lib/perl5/site_perl/5.32.0/Config/Versioned.pm
Installing /nix/store/c6sf4ss2xnj17klcbapz99m1h0c7vgcp-perl5.32.0-Config-Versioned-1.01/share/man/man3/Config::Versioned.3
Installing /nix/store/c6sf4ss2xnj17klcbapz99m1h0c7vgcp-perl5.32.0-Config-Versioned-1.01/bin/cfgver
Appending installation info to /nix/store/c6sf4ss2xnj17klcbapz99m1h0c7vgcp-perl5.32.0-Config-Versioned-1.01/lib/perl5/5.32.0/x86_64-linux-thread-multi/perllocal.pod
post-installation fixup
Moving /nix/store/c6sf4ss2xnj17klcbapz99m1h0c7vgcp-perl5.32.0-Config-Versioned-1.01/share/man/man3 to /nix/store/zlxfrafcv88dlf57x17hgssjjyf3nnqd-perl5.32.0-Config-Versioned-1.01-devdoc/share/man/man3
Removing empty /nix/store/c6sf4ss2xnj17klcbapz99m1h0c7vgcp-perl5.32.0-Config-Versioned-1.01/share/man/ and (possibly) its parents
shrinking RPATHs of ELF executables and libraries in /nix/store/c6sf4ss2xnj17klcbapz99m1h0c7vgcp-perl5.32.0-Config-Versioned-1.01
strip is /nix/store/psyzbhp4p088sb9qcs378hfbslcalasl-binutils-2.31.1/bin/strip
stripping (with command strip and flags -S) in /nix/store/c6sf4ss2xnj17klcbapz99m1h0c7vgcp-perl5.32.0-Config-Versioned-1.01/lib  /nix/store/c6sf4ss2xnj17klcbapz99m1h0c7vgcp-perl5.32.0-Config-Versioned-1.01/bin
patching script interpreter paths in /nix/store/c6sf4ss2xnj17klcbapz99m1h0c7vgcp-perl5.32.0-Config-Versioned-1.01
checking for references to /build/ in /nix/store/c6sf4ss2xnj17klcbapz99m1h0c7vgcp-perl5.32.0-Config-Versioned-1.01...
shrinking RPATHs of ELF executables and libraries in /nix/store/zlxfrafcv88dlf57x17hgssjjyf3nnqd-perl5.32.0-Config-Versioned-1.01-devdoc
gzipping man pages under /nix/store/zlxfrafcv88dlf57x17hgssjjyf3nnqd-perl5.32.0-Config-Versioned-1.01-devdoc/share/man/
strip is /nix/store/psyzbhp4p088sb9qcs378hfbslcalasl-binutils-2.31.1/bin/strip
patching script interpreter paths in /nix/store/zlxfrafcv88dlf57x17hgssjjyf3nnqd-perl5.32.0-Config-Versioned-1.01-devdoc
checking for references to /build/ in /nix/store/zlxfrafcv88dlf57x17hgssjjyf3nnqd-perl5.32.0-Config-Versioned-1.01-devdoc...
/nix/store/c6sf4ss2xnj17klcbapz99m1h0c7vgcp-perl5.32.0-Config-Versioned-1.01
