these derivations will be built:
  /nix/store/pq0vn5aw3xl44msilb2vwcc4lqhm7jis-perl5.32.0-Symbol-Util-0.0203.drv
  /nix/store/78l6k17z0d4pbrqdwx05rdyy7z2i306x-perl5.32.0-constant-boolean-0.02.drv
these paths will be fetched (0.04 MiB download, 0.04 MiB unpacked):
  /nix/store/64i40hb7sxp152sdy40y2x74fgxr30p7-constant-boolean-0.02.tar.gz
  /nix/store/7fncmbk1jwff07plgj6dm6x2m043638k-Symbol-Util-0.0203.tar.gz
copying path '/nix/store/64i40hb7sxp152sdy40y2x74fgxr30p7-constant-boolean-0.02.tar.gz' from 'https://cache.nixos.org'...
copying path '/nix/store/7fncmbk1jwff07plgj6dm6x2m043638k-Symbol-Util-0.0203.tar.gz' from 'https://cache.nixos.org'...
building '/nix/store/pq0vn5aw3xl44msilb2vwcc4lqhm7jis-perl5.32.0-Symbol-Util-0.0203.drv'...
unpacking sources
unpacking source archive /nix/store/7fncmbk1jwff07plgj6dm6x2m043638k-Symbol-Util-0.0203.tar.gz
source root is Symbol-Util-0.0203
setting SOURCE_DATE_EPOCH to timestamp 1331846367 of file Symbol-Util-0.0203/xt/signature.t
patching sources
configuring
patching ./xt/pod_syntax.t...
patching ./xt/signature.t...
patching ./xt/minimumversion.t...
patching ./xt/distribution.t...
patching ./xt/check_changes.t...
patching ./xt/pod_coverage.t...
patching ./xt/pod_spell.t...
patching ./xt/copyright.t...
patching ./xt/consistent_version_numbers.t...
patching ./xt/cover.pl...
patching ./xt/kwalitee.t...
patching ./xt/perlcritic.t...
patching ./examples/delete_glob.pl...
patching ./t/70export_glob.t...
patching ./t/40delete_glob.t...
patching ./t/20fetch_glob.t...
patching ./t/80export_package.t...
patching ./t/60list_glob_slots.t...
patching ./t/50delete_sub.t...
patching ./t/10use.t...
patching ./t/test.pl...
patching ./t/30stash.t...
patching ./lib/Symbol/Util.pm...
patching ./Build.PL...
Checking if your kit is complete...
Looks good
Generating a Unix-style Makefile
Writing Makefile for Symbol::Util
Writing MYMETA.yml and MYMETA.json
no configure script, doing nothing
building
Created MYMETA.yml and MYMETA.json
Creating new 'Build' script for 'Symbol-Util' version '0.0203'
Building Symbol-Util
running tests
t/10use.t .............. ok
t/20fetch_glob.t ....... ok
t/30stash.t ............ ok
t/40delete_glob.t ...... ok
t/50delete_sub.t ....... ok
t/60list_glob_slots.t .. ok
t/70export_glob.t ...... ok
t/80export_package.t ... ok
All tests successful.
Files=8, Tests=307,  1 wallclock secs ( 0.05 usr  0.01 sys +  0.44 cusr  0.10 csys =  0.60 CPU)
Result: PASS
installing
Building Symbol-Util
Installing /nix/store/by6rncq9g1j1l699lp2sm61w1nyzndlh-perl5.32.0-Symbol-Util-0.0203/lib/perl5/site_perl/5.32.0/Symbol/Util.pm
Installing /nix/store/by6rncq9g1j1l699lp2sm61w1nyzndlh-perl5.32.0-Symbol-Util-0.0203/share/man/man3/Symbol::Util.3
post-installation fixup
Moving /nix/store/by6rncq9g1j1l699lp2sm61w1nyzndlh-perl5.32.0-Symbol-Util-0.0203/share/man/man3 to /nix/store/ckbl9bpshbwv978zmh43i11cs54jrm0a-perl5.32.0-Symbol-Util-0.0203-devdoc/share/man/man3
Removing empty /nix/store/by6rncq9g1j1l699lp2sm61w1nyzndlh-perl5.32.0-Symbol-Util-0.0203/share/man/ and (possibly) its parents
shrinking RPATHs of ELF executables and libraries in /nix/store/by6rncq9g1j1l699lp2sm61w1nyzndlh-perl5.32.0-Symbol-Util-0.0203
strip is /nix/store/psyzbhp4p088sb9qcs378hfbslcalasl-binutils-2.31.1/bin/strip
stripping (with command strip and flags -S) in /nix/store/by6rncq9g1j1l699lp2sm61w1nyzndlh-perl5.32.0-Symbol-Util-0.0203/lib
patching script interpreter paths in /nix/store/by6rncq9g1j1l699lp2sm61w1nyzndlh-perl5.32.0-Symbol-Util-0.0203
checking for references to /build/ in /nix/store/by6rncq9g1j1l699lp2sm61w1nyzndlh-perl5.32.0-Symbol-Util-0.0203...
shrinking RPATHs of ELF executables and libraries in /nix/store/ckbl9bpshbwv978zmh43i11cs54jrm0a-perl5.32.0-Symbol-Util-0.0203-devdoc
gzipping man pages under /nix/store/ckbl9bpshbwv978zmh43i11cs54jrm0a-perl5.32.0-Symbol-Util-0.0203-devdoc/share/man/
strip is /nix/store/psyzbhp4p088sb9qcs378hfbslcalasl-binutils-2.31.1/bin/strip
patching script interpreter paths in /nix/store/ckbl9bpshbwv978zmh43i11cs54jrm0a-perl5.32.0-Symbol-Util-0.0203-devdoc
checking for references to /build/ in /nix/store/ckbl9bpshbwv978zmh43i11cs54jrm0a-perl5.32.0-Symbol-Util-0.0203-devdoc...
building '/nix/store/78l6k17z0d4pbrqdwx05rdyy7z2i306x-perl5.32.0-constant-boolean-0.02.drv'...
unpacking sources
unpacking source archive /nix/store/64i40hb7sxp152sdy40y2x74fgxr30p7-constant-boolean-0.02.tar.gz
source root is constant-boolean-0.02
setting SOURCE_DATE_EPOCH to timestamp 1259416914 of file constant-boolean-0.02/xt/signature.t
patching sources
configuring
patching ./xt/pod_syntax.t...
patching ./xt/signature.t...
patching ./xt/minimumversion.t...
patching ./xt/distribution.t...
patching ./xt/check_changes.t...
patching ./xt/pod_coverage.t...
patching ./xt/pod_spell.t...
patching ./xt/copyright.t...
patching ./xt/consistent_version_numbers.t...
patching ./xt/cover.pl...
patching ./xt/kwalitee.t...
patching ./xt/perlcritic.t...
patching ./t/20example.t...
patching ./t/10use.t...
patching ./t/test.pl...
patching ./lib/constant/boolean.pm...
patching ./Build.PL...
WARNING: TESTS is not a known parameter.
Checking if your kit is complete...
Looks good
'TESTS' is not a known MakeMaker parameter name.
Generating a Unix-style Makefile
Writing Makefile for constant::boolean
Writing MYMETA.yml and MYMETA.json
no configure script, doing nothing
building
Created MYMETA.yml and MYMETA.json
Creating new 'Build' script for 'constant-boolean' version '0.02'
Building constant-boolean
running tests
t/10use.t ...... ok
t/20example.t .. ok
All tests successful.
Files=2, Tests=15,  0 wallclock secs ( 0.02 usr  0.00 sys +  0.11 cusr  0.03 csys =  0.16 CPU)
Result: PASS
installing
Building constant-boolean
Installing /nix/store/71kbfwl7qykhhwz1wkxb5dgka3hyk33s-perl5.32.0-constant-boolean-0.02/lib/perl5/site_perl/5.32.0/constant/boolean.pm
Installing /nix/store/71kbfwl7qykhhwz1wkxb5dgka3hyk33s-perl5.32.0-constant-boolean-0.02/share/man/man3/constant::boolean.3
post-installation fixup
Moving /nix/store/71kbfwl7qykhhwz1wkxb5dgka3hyk33s-perl5.32.0-constant-boolean-0.02/share/man/man3 to /nix/store/w65shwiffrrxirsvp63590jnlf747yhh-perl5.32.0-constant-boolean-0.02-devdoc/share/man/man3
Removing empty /nix/store/71kbfwl7qykhhwz1wkxb5dgka3hyk33s-perl5.32.0-constant-boolean-0.02/share/man/ and (possibly) its parents
shrinking RPATHs of ELF executables and libraries in /nix/store/71kbfwl7qykhhwz1wkxb5dgka3hyk33s-perl5.32.0-constant-boolean-0.02
strip is /nix/store/psyzbhp4p088sb9qcs378hfbslcalasl-binutils-2.31.1/bin/strip
stripping (with command strip and flags -S) in /nix/store/71kbfwl7qykhhwz1wkxb5dgka3hyk33s-perl5.32.0-constant-boolean-0.02/lib
patching script interpreter paths in /nix/store/71kbfwl7qykhhwz1wkxb5dgka3hyk33s-perl5.32.0-constant-boolean-0.02
checking for references to /build/ in /nix/store/71kbfwl7qykhhwz1wkxb5dgka3hyk33s-perl5.32.0-constant-boolean-0.02...
shrinking RPATHs of ELF executables and libraries in /nix/store/w65shwiffrrxirsvp63590jnlf747yhh-perl5.32.0-constant-boolean-0.02-devdoc
gzipping man pages under /nix/store/w65shwiffrrxirsvp63590jnlf747yhh-perl5.32.0-constant-boolean-0.02-devdoc/share/man/
strip is /nix/store/psyzbhp4p088sb9qcs378hfbslcalasl-binutils-2.31.1/bin/strip
patching script interpreter paths in /nix/store/w65shwiffrrxirsvp63590jnlf747yhh-perl5.32.0-constant-boolean-0.02-devdoc
checking for references to /build/ in /nix/store/w65shwiffrrxirsvp63590jnlf747yhh-perl5.32.0-constant-boolean-0.02-devdoc...
/nix/store/71kbfwl7qykhhwz1wkxb5dgka3hyk33s-perl5.32.0-constant-boolean-0.02
