these derivations will be built:
  /nix/store/8qb1zfa4xkzciff6hmj6ihx2bia8wnng-perl5.32.0-Crypt-OpenSSL-Random-0.15.drv
these paths will be fetched (0.01 MiB download, 0.01 MiB unpacked):
  /nix/store/m2j0vcysgr3gijx2wah1qghv4pxc0min-Crypt-OpenSSL-Random-0.15.tar.gz
copying path '/nix/store/m2j0vcysgr3gijx2wah1qghv4pxc0min-Crypt-OpenSSL-Random-0.15.tar.gz' from 'https://cache.nixos.org'...
building '/nix/store/8qb1zfa4xkzciff6hmj6ihx2bia8wnng-perl5.32.0-Crypt-OpenSSL-Random-0.15.drv'...
unpacking sources
unpacking source archive /nix/store/m2j0vcysgr3gijx2wah1qghv4pxc0min-Crypt-OpenSSL-Random-0.15.tar.gz
source root is Crypt-OpenSSL-Random-0.15
setting SOURCE_DATE_EPOCH to timestamp 1524399448 of file Crypt-OpenSSL-Random-0.15/SIGNATURE
patching sources
configuring
Checking if your kit is complete...
Looks good
Warning: Guessing NAME [Crypt-OpenSSL-Random] from current directory name.
Warning: NAME must be a package name
Use of uninitialized value $thispth in concatenation (.) or string at /nix/store/7c044di03qa7qgr5kjjc2d787aspzp0m-perl-5.32.0/lib/perl5/5.32.0/ExtUtils/Liblist/Kid.pm line 162.
Use of uninitialized value $thispth in concatenation (.) or string at /nix/store/7c044di03qa7qgr5kjjc2d787aspzp0m-perl-5.32.0/lib/perl5/5.32.0/ExtUtils/Liblist/Kid.pm line 166.
Use of uninitialized value $thispth in concatenation (.) or string at /nix/store/7c044di03qa7qgr5kjjc2d787aspzp0m-perl-5.32.0/lib/perl5/5.32.0/ExtUtils/Liblist/Kid.pm line 171.
Use of uninitialized value $thispth in concatenation (.) or string at /nix/store/7c044di03qa7qgr5kjjc2d787aspzp0m-perl-5.32.0/lib/perl5/5.32.0/ExtUtils/Liblist/Kid.pm line 173.
Use of uninitialized value $thispth in concatenation (.) or string at /nix/store/7c044di03qa7qgr5kjjc2d787aspzp0m-perl-5.32.0/lib/perl5/5.32.0/ExtUtils/Liblist/Kid.pm line 177.
Use of uninitialized value $thispth in concatenation (.) or string at /nix/store/7c044di03qa7qgr5kjjc2d787aspzp0m-perl-5.32.0/lib/perl5/5.32.0/ExtUtils/Liblist/Kid.pm line 179.
Use of uninitialized value $thispth in concatenation (.) or string at /nix/store/7c044di03qa7qgr5kjjc2d787aspzp0m-perl-5.32.0/lib/perl5/5.32.0/ExtUtils/Liblist/Kid.pm line 183.
Warning (mostly harmless): No library found for -lssl
Use of uninitialized value in subroutine entry at /nix/store/37872rmkrdkd09slj3r7ifmka2s8ya95-perl5.32.0-Crypt-OpenSSL-Guess-0.11/lib/perl5/site_perl/5.32.0/Crypt/OpenSSL/Guess.pm line 135.
Use of uninitialized value in subroutine entry at /nix/store/37872rmkrdkd09slj3r7ifmka2s8ya95-perl5.32.0-Crypt-OpenSSL-Guess-0.11/lib/perl5/site_perl/5.32.0/Crypt/OpenSSL/Guess.pm line 135.
Use of uninitialized value in subroutine entry at /nix/store/37872rmkrdkd09slj3r7ifmka2s8ya95-perl5.32.0-Crypt-OpenSSL-Guess-0.11/lib/perl5/site_perl/5.32.0/Crypt/OpenSSL/Guess.pm line 135.
Use of uninitialized value in subroutine entry at /nix/store/37872rmkrdkd09slj3r7ifmka2s8ya95-perl5.32.0-Crypt-OpenSSL-Guess-0.11/lib/perl5/site_perl/5.32.0/Crypt/OpenSSL/Guess.pm line 135.
Use of uninitialized value in subroutine entry at /nix/store/37872rmkrdkd09slj3r7ifmka2s8ya95-perl5.32.0-Crypt-OpenSSL-Guess-0.11/lib/perl5/site_perl/5.32.0/Crypt/OpenSSL/Guess.pm line 135.
Use of uninitialized value $exec in -x at /nix/store/37872rmkrdkd09slj3r7ifmka2s8ya95-perl5.32.0-Crypt-OpenSSL-Guess-0.11/lib/perl5/site_perl/5.32.0/Crypt/OpenSSL/Guess.pm line 34.
Use of uninitialized value in subroutine entry at /nix/store/37872rmkrdkd09slj3r7ifmka2s8ya95-perl5.32.0-Crypt-OpenSSL-Guess-0.11/lib/perl5/site_perl/5.32.0/Crypt/OpenSSL/Guess.pm line 135.
Use of uninitialized value in subroutine entry at /nix/store/37872rmkrdkd09slj3r7ifmka2s8ya95-perl5.32.0-Crypt-OpenSSL-Guess-0.11/lib/perl5/site_perl/5.32.0/Crypt/OpenSSL/Guess.pm line 135.
Use of uninitialized value in subroutine entry at /nix/store/37872rmkrdkd09slj3r7ifmka2s8ya95-perl5.32.0-Crypt-OpenSSL-Guess-0.11/lib/perl5/site_perl/5.32.0/Crypt/OpenSSL/Guess.pm line 135.
Use of uninitialized value in subroutine entry at /nix/store/37872rmkrdkd09slj3r7ifmka2s8ya95-perl5.32.0-Crypt-OpenSSL-Guess-0.11/lib/perl5/site_perl/5.32.0/Crypt/OpenSSL/Guess.pm line 135.
Use of uninitialized value in subroutine entry at /nix/store/37872rmkrdkd09slj3r7ifmka2s8ya95-perl5.32.0-Crypt-OpenSSL-Guess-0.11/lib/perl5/site_perl/5.32.0/Crypt/OpenSSL/Guess.pm line 135.
Use of uninitialized value $exec in -x at /nix/store/37872rmkrdkd09slj3r7ifmka2s8ya95-perl5.32.0-Crypt-OpenSSL-Guess-0.11/lib/perl5/site_perl/5.32.0/Crypt/OpenSSL/Guess.pm line 20.
Checking if your kit is complete...
Looks good
Use of uninitialized value $thispth in concatenation (.) or string at /nix/store/7c044di03qa7qgr5kjjc2d787aspzp0m-perl-5.32.0/lib/perl5/5.32.0/ExtUtils/Liblist/Kid.pm line 162.
Use of uninitialized value $thispth in concatenation (.) or string at /nix/store/7c044di03qa7qgr5kjjc2d787aspzp0m-perl-5.32.0/lib/perl5/5.32.0/ExtUtils/Liblist/Kid.pm line 166.
Use of uninitialized value $thispth in concatenation (.) or string at /nix/store/7c044di03qa7qgr5kjjc2d787aspzp0m-perl-5.32.0/lib/perl5/5.32.0/ExtUtils/Liblist/Kid.pm line 171.
Use of uninitialized value $thispth in concatenation (.) or string at /nix/store/7c044di03qa7qgr5kjjc2d787aspzp0m-perl-5.32.0/lib/perl5/5.32.0/ExtUtils/Liblist/Kid.pm line 173.
Use of uninitialized value $thispth in concatenation (.) or string at /nix/store/7c044di03qa7qgr5kjjc2d787aspzp0m-perl-5.32.0/lib/perl5/5.32.0/ExtUtils/Liblist/Kid.pm line 177.
Use of uninitialized value $thispth in concatenation (.) or string at /nix/store/7c044di03qa7qgr5kjjc2d787aspzp0m-perl-5.32.0/lib/perl5/5.32.0/ExtUtils/Liblist/Kid.pm line 179.
Use of uninitialized value $thispth in concatenation (.) or string at /nix/store/7c044di03qa7qgr5kjjc2d787aspzp0m-perl-5.32.0/lib/perl5/5.32.0/ExtUtils/Liblist/Kid.pm line 183.
Warning (mostly harmless): No library found for -lssl
Use of uninitialized value $thispth in concatenation (.) or string at /nix/store/7c044di03qa7qgr5kjjc2d787aspzp0m-perl-5.32.0/lib/perl5/5.32.0/ExtUtils/Liblist/Kid.pm line 162.
Use of uninitialized value $thispth in concatenation (.) or string at /nix/store/7c044di03qa7qgr5kjjc2d787aspzp0m-perl-5.32.0/lib/perl5/5.32.0/ExtUtils/Liblist/Kid.pm line 166.
Use of uninitialized value $thispth in concatenation (.) or string at /nix/store/7c044di03qa7qgr5kjjc2d787aspzp0m-perl-5.32.0/lib/perl5/5.32.0/ExtUtils/Liblist/Kid.pm line 171.
Use of uninitialized value $thispth in concatenation (.) or string at /nix/store/7c044di03qa7qgr5kjjc2d787aspzp0m-perl-5.32.0/lib/perl5/5.32.0/ExtUtils/Liblist/Kid.pm line 173.
Use of uninitialized value $thispth in concatenation (.) or string at /nix/store/7c044di03qa7qgr5kjjc2d787aspzp0m-perl-5.32.0/lib/perl5/5.32.0/ExtUtils/Liblist/Kid.pm line 177.
Use of uninitialized value $thispth in concatenation (.) or string at /nix/store/7c044di03qa7qgr5kjjc2d787aspzp0m-perl-5.32.0/lib/perl5/5.32.0/ExtUtils/Liblist/Kid.pm line 179.
Use of uninitialized value $thispth in concatenation (.) or string at /nix/store/7c044di03qa7qgr5kjjc2d787aspzp0m-perl-5.32.0/lib/perl5/5.32.0/ExtUtils/Liblist/Kid.pm line 183.
Warning (mostly harmless): No library found for -lcrypto
Generating a Unix-style Makefile
Writing Makefile for Crypt::OpenSSL::Random
Writing MYMETA.yml and MYMETA.json
no configure script, doing nothing
building
build flags: SHELL=/nix/store/9fqwwd4iybmhjqyxiaxycknslw6bgwh1-bash-4.4-p23/bin/bash
cp Random.pm blib/lib/Crypt/OpenSSL/Random.pm
Running Mkbootstrap for Random ()
chmod 644 "Random.bs"
"/nix/store/7c044di03qa7qgr5kjjc2d787aspzp0m-perl-5.32.0/bin/perl" -MExtUtils::Command::MM -e 'cp_nonempty' -- Random.bs blib/arch/auto/Crypt/OpenSSL/Random/Random.bs 644
"/nix/store/7c044di03qa7qgr5kjjc2d787aspzp0m-perl-5.32.0/bin/perl" "/nix/store/7c044di03qa7qgr5kjjc2d787aspzp0m-perl-5.32.0/lib/perl5/5.32.0/ExtUtils/xsubpp"  -typemap '/nix/store/7c044di03qa7qgr5kjjc2d787aspzp0m-perl-5.32.0/lib/perl5/5.32.0/ExtUtils/typemap'  Random.xs > Random.xsc
mv Random.xsc Random.c
cc -c   -D_REENTRANT -D_GNU_SOURCE -fwrapv -fno-strict-aliasing -pipe -fstack-protector-strong -I/no-such-path/include -D_LARGEFILE_SOURCE -D_FILE_OFFSET_BITS=64 -O2   -DVERSION=\"0.15\" -DXS_VERSION=\"0.15\" -fPIC "-I/nix/store/7c044di03qa7qgr5kjjc2d787aspzp0m-perl-5.32.0/lib/perl5/5.32.0/x86_64-linux-thread-multi/CORE"   Random.c
rm -f blib/arch/auto/Crypt/OpenSSL/Random/Random.so
cc  -shared -O2 -L/nix/store/68pw3wxwkrx0rwzjifm7g1jxy5g2sg1p-glibc-2.31/lib -fstack-protector-strong  Random.o  -o blib/arch/auto/Crypt/OpenSSL/Random/Random.so  \
      \

chmod 755 blib/arch/auto/Crypt/OpenSSL/Random/Random.so
Manifying 1 pod document
running tests
check flags: SHELL=/nix/store/9fqwwd4iybmhjqyxiaxycknslw6bgwh1-bash-4.4-p23/bin/bash VERBOSE=y test
"/nix/store/7c044di03qa7qgr5kjjc2d787aspzp0m-perl-5.32.0/bin/perl" -MExtUtils::Command::MM -e 'cp_nonempty' -- Random.bs blib/arch/auto/Crypt/OpenSSL/Random/Random.bs 644
PERL_DL_NONLAZY=1 "/nix/store/7c044di03qa7qgr5kjjc2d787aspzp0m-perl-5.32.0/bin/perl" "-MExtUtils::Command::MM" "-MTest::Harness" "-e" "undef *Test::Harness::Switches; test_harness(0, 'blib/lib', 'blib/arch')" t/*.t
t/0-basic.t ................. ok
t/z_kwalitee.t .............. skipped: This test is only run for the module author
t/z_manifest.t .............. skipped: requires a git checkout and a unix for git and diff
t/z_meta.t .................. skipped: This test is only run for the module author
t/z_perl_minimum_version.t .. skipped: Author tests not required for installation
t/z_pod-coverage.t .......... skipped: This test is only run for the module author
t/z_pod.t ................... skipped: Test::Pod 1.00 required for testing POD
All tests successful.
Files=7, Tests=5,  0 wallclock secs ( 0.02 usr  0.01 sys +  0.27 cusr  0.07 csys =  0.37 CPU)
Result: PASS
installing
install flags: SHELL=/nix/store/9fqwwd4iybmhjqyxiaxycknslw6bgwh1-bash-4.4-p23/bin/bash pkgconfigdir=/nix/store/da5zd07c8w3k5wa6pcqmrws030vfpxnx-perl5.32.0-Crypt-OpenSSL-Random-0.15/lib/pkgconfig m4datadir=/nix/store/da5zd07c8w3k5wa6pcqmrws030vfpxnx-perl5.32.0-Crypt-OpenSSL-Random-0.15/share/aclocal aclocaldir=/nix/store/da5zd07c8w3k5wa6pcqmrws030vfpxnx-perl5.32.0-Crypt-OpenSSL-Random-0.15/share/aclocal install
"/nix/store/7c044di03qa7qgr5kjjc2d787aspzp0m-perl-5.32.0/bin/perl" -MExtUtils::Command::MM -e 'cp_nonempty' -- Random.bs blib/arch/auto/Crypt/OpenSSL/Random/Random.bs 644
Manifying 1 pod document
Files found in blib/arch: installing files in blib/lib into architecture dependent library tree
Installing /nix/store/da5zd07c8w3k5wa6pcqmrws030vfpxnx-perl5.32.0-Crypt-OpenSSL-Random-0.15/lib/perl5/site_perl/5.32.0/x86_64-linux-thread-multi/auto/Crypt/OpenSSL/Random/Random.so
Installing /nix/store/da5zd07c8w3k5wa6pcqmrws030vfpxnx-perl5.32.0-Crypt-OpenSSL-Random-0.15/lib/perl5/site_perl/5.32.0/x86_64-linux-thread-multi/Crypt/OpenSSL/Random.pm
Installing /nix/store/da5zd07c8w3k5wa6pcqmrws030vfpxnx-perl5.32.0-Crypt-OpenSSL-Random-0.15/share/man/man3/Crypt::OpenSSL::Random.3
Appending installation info to /nix/store/da5zd07c8w3k5wa6pcqmrws030vfpxnx-perl5.32.0-Crypt-OpenSSL-Random-0.15/lib/perl5/5.32.0/x86_64-linux-thread-multi/perllocal.pod
post-installation fixup
Moving /nix/store/da5zd07c8w3k5wa6pcqmrws030vfpxnx-perl5.32.0-Crypt-OpenSSL-Random-0.15/share/man/man3 to /nix/store/c7p70i9xhsav9z87zggxvxhlmhji9dnq-perl5.32.0-Crypt-OpenSSL-Random-0.15-devdoc/share/man/man3
Removing empty /nix/store/da5zd07c8w3k5wa6pcqmrws030vfpxnx-perl5.32.0-Crypt-OpenSSL-Random-0.15/share/man/ and (possibly) its parents
shrinking RPATHs of ELF executables and libraries in /nix/store/da5zd07c8w3k5wa6pcqmrws030vfpxnx-perl5.32.0-Crypt-OpenSSL-Random-0.15
shrinking /nix/store/da5zd07c8w3k5wa6pcqmrws030vfpxnx-perl5.32.0-Crypt-OpenSSL-Random-0.15/lib/perl5/site_perl/5.32.0/x86_64-linux-thread-multi/auto/Crypt/OpenSSL/Random/Random.so
strip is /nix/store/psyzbhp4p088sb9qcs378hfbslcalasl-binutils-2.31.1/bin/strip
stripping (with command strip and flags -S) in /nix/store/da5zd07c8w3k5wa6pcqmrws030vfpxnx-perl5.32.0-Crypt-OpenSSL-Random-0.15/lib
patching script interpreter paths in /nix/store/da5zd07c8w3k5wa6pcqmrws030vfpxnx-perl5.32.0-Crypt-OpenSSL-Random-0.15
checking for references to /build/ in /nix/store/da5zd07c8w3k5wa6pcqmrws030vfpxnx-perl5.32.0-Crypt-OpenSSL-Random-0.15...
shrinking RPATHs of ELF executables and libraries in /nix/store/c7p70i9xhsav9z87zggxvxhlmhji9dnq-perl5.32.0-Crypt-OpenSSL-Random-0.15-devdoc
gzipping man pages under /nix/store/c7p70i9xhsav9z87zggxvxhlmhji9dnq-perl5.32.0-Crypt-OpenSSL-Random-0.15-devdoc/share/man/
strip is /nix/store/psyzbhp4p088sb9qcs378hfbslcalasl-binutils-2.31.1/bin/strip
patching script interpreter paths in /nix/store/c7p70i9xhsav9z87zggxvxhlmhji9dnq-perl5.32.0-Crypt-OpenSSL-Random-0.15-devdoc
checking for references to /build/ in /nix/store/c7p70i9xhsav9z87zggxvxhlmhji9dnq-perl5.32.0-Crypt-OpenSSL-Random-0.15-devdoc...
/nix/store/da5zd07c8w3k5wa6pcqmrws030vfpxnx-perl5.32.0-Crypt-OpenSSL-Random-0.15
