these derivations will be built:
  /nix/store/xzfs7via0vzpcph0lxj97m6sxcvrl21j-perl5.32.0-Crypt-OpenSSL-RSA-0.31.drv
these paths will be fetched (0.02 MiB download, 0.02 MiB unpacked):
  /nix/store/kbjliwxm18ywjmxi58k6kpl81msi1zlw-Crypt-OpenSSL-RSA-0.31.tar.gz
copying path '/nix/store/kbjliwxm18ywjmxi58k6kpl81msi1zlw-Crypt-OpenSSL-RSA-0.31.tar.gz' from 'https://cache.nixos.org'...
building '/nix/store/xzfs7via0vzpcph0lxj97m6sxcvrl21j-perl5.32.0-Crypt-OpenSSL-RSA-0.31.drv'...
unpacking sources
unpacking source archive /nix/store/kbjliwxm18ywjmxi58k6kpl81msi1zlw-Crypt-OpenSSL-RSA-0.31.tar.gz
source root is Crypt-OpenSSL-RSA-0.31
setting SOURCE_DATE_EPOCH to timestamp 1537810347 of file Crypt-OpenSSL-RSA-0.31/META.yml
patching sources
configuring
Checking if your kit is complete...
Looks good
Warning: Guessing NAME [Crypt-OpenSSL-RSA] from current directory name.
Warning: NAME must be a package name
Use of uninitialized value $thispth in concatenation (.) or string at /nix/store/7c044di03qa7qgr5kjjc2d787aspzp0m-perl-5.32.0/lib/perl5/5.32.0/ExtUtils/Liblist/Kid.pm line 162.
Use of uninitialized value $thispth in concatenation (.) or string at /nix/store/7c044di03qa7qgr5kjjc2d787aspzp0m-perl-5.32.0/lib/perl5/5.32.0/ExtUtils/Liblist/Kid.pm line 166.
Use of uninitialized value $thispth in concatenation (.) or string at /nix/store/7c044di03qa7qgr5kjjc2d787aspzp0m-perl-5.32.0/lib/perl5/5.32.0/ExtUtils/Liblist/Kid.pm line 171.
Use of uninitialized value $thispth in concatenation (.) or string at /nix/store/7c044di03qa7qgr5kjjc2d787aspzp0m-perl-5.32.0/lib/perl5/5.32.0/ExtUtils/Liblist/Kid.pm line 173.
Use of uninitialized value $thispth in concatenation (.) or string at /nix/store/7c044di03qa7qgr5kjjc2d787aspzp0m-perl-5.32.0/lib/perl5/5.32.0/ExtUtils/Liblist/Kid.pm line 177.
Use of uninitialized value $thispth in concatenation (.) or string at /nix/store/7c044di03qa7qgr5kjjc2d787aspzp0m-perl-5.32.0/lib/perl5/5.32.0/ExtUtils/Liblist/Kid.pm line 179.
Use of uninitialized value $thispth in concatenation (.) or string at /nix/store/7c044di03qa7qgr5kjjc2d787aspzp0m-perl-5.32.0/lib/perl5/5.32.0/ExtUtils/Liblist/Kid.pm line 183.
Warning (mostly harmless): No library found for -lssl
Use of uninitialized value in subroutine entry at /nix/store/37872rmkrdkd09slj3r7ifmka2s8ya95-perl5.32.0-Crypt-OpenSSL-Guess-0.11/lib/perl5/site_perl/5.32.0/Crypt/OpenSSL/Guess.pm line 135.
Use of uninitialized value in subroutine entry at /nix/store/37872rmkrdkd09slj3r7ifmka2s8ya95-perl5.32.0-Crypt-OpenSSL-Guess-0.11/lib/perl5/site_perl/5.32.0/Crypt/OpenSSL/Guess.pm line 135.
Use of uninitialized value in subroutine entry at /nix/store/37872rmkrdkd09slj3r7ifmka2s8ya95-perl5.32.0-Crypt-OpenSSL-Guess-0.11/lib/perl5/site_perl/5.32.0/Crypt/OpenSSL/Guess.pm line 135.
Use of uninitialized value in subroutine entry at /nix/store/37872rmkrdkd09slj3r7ifmka2s8ya95-perl5.32.0-Crypt-OpenSSL-Guess-0.11/lib/perl5/site_perl/5.32.0/Crypt/OpenSSL/Guess.pm line 135.
Use of uninitialized value in subroutine entry at /nix/store/37872rmkrdkd09slj3r7ifmka2s8ya95-perl5.32.0-Crypt-OpenSSL-Guess-0.11/lib/perl5/site_perl/5.32.0/Crypt/OpenSSL/Guess.pm line 135.
Use of uninitialized value $exec in -x at /nix/store/37872rmkrdkd09slj3r7ifmka2s8ya95-perl5.32.0-Crypt-OpenSSL-Guess-0.11/lib/perl5/site_perl/5.32.0/Crypt/OpenSSL/Guess.pm line 34.
Use of uninitialized value in subroutine entry at /nix/store/37872rmkrdkd09slj3r7ifmka2s8ya95-perl5.32.0-Crypt-OpenSSL-Guess-0.11/lib/perl5/site_perl/5.32.0/Crypt/OpenSSL/Guess.pm line 135.
Use of uninitialized value in subroutine entry at /nix/store/37872rmkrdkd09slj3r7ifmka2s8ya95-perl5.32.0-Crypt-OpenSSL-Guess-0.11/lib/perl5/site_perl/5.32.0/Crypt/OpenSSL/Guess.pm line 135.
Use of uninitialized value in subroutine entry at /nix/store/37872rmkrdkd09slj3r7ifmka2s8ya95-perl5.32.0-Crypt-OpenSSL-Guess-0.11/lib/perl5/site_perl/5.32.0/Crypt/OpenSSL/Guess.pm line 135.
Use of uninitialized value in subroutine entry at /nix/store/37872rmkrdkd09slj3r7ifmka2s8ya95-perl5.32.0-Crypt-OpenSSL-Guess-0.11/lib/perl5/site_perl/5.32.0/Crypt/OpenSSL/Guess.pm line 135.
Use of uninitialized value in subroutine entry at /nix/store/37872rmkrdkd09slj3r7ifmka2s8ya95-perl5.32.0-Crypt-OpenSSL-Guess-0.11/lib/perl5/site_perl/5.32.0/Crypt/OpenSSL/Guess.pm line 135.
Use of uninitialized value $exec in -x at /nix/store/37872rmkrdkd09slj3r7ifmka2s8ya95-perl5.32.0-Crypt-OpenSSL-Guess-0.11/lib/perl5/site_perl/5.32.0/Crypt/OpenSSL/Guess.pm line 20.
Checking if your kit is complete...
Looks good
Use of uninitialized value $thispth in concatenation (.) or string at /nix/store/7c044di03qa7qgr5kjjc2d787aspzp0m-perl-5.32.0/lib/perl5/5.32.0/ExtUtils/Liblist/Kid.pm line 162.
Use of uninitialized value $thispth in concatenation (.) or string at /nix/store/7c044di03qa7qgr5kjjc2d787aspzp0m-perl-5.32.0/lib/perl5/5.32.0/ExtUtils/Liblist/Kid.pm line 166.
Use of uninitialized value $thispth in concatenation (.) or string at /nix/store/7c044di03qa7qgr5kjjc2d787aspzp0m-perl-5.32.0/lib/perl5/5.32.0/ExtUtils/Liblist/Kid.pm line 171.
Use of uninitialized value $thispth in concatenation (.) or string at /nix/store/7c044di03qa7qgr5kjjc2d787aspzp0m-perl-5.32.0/lib/perl5/5.32.0/ExtUtils/Liblist/Kid.pm line 173.
Use of uninitialized value $thispth in concatenation (.) or string at /nix/store/7c044di03qa7qgr5kjjc2d787aspzp0m-perl-5.32.0/lib/perl5/5.32.0/ExtUtils/Liblist/Kid.pm line 177.
Use of uninitialized value $thispth in concatenation (.) or string at /nix/store/7c044di03qa7qgr5kjjc2d787aspzp0m-perl-5.32.0/lib/perl5/5.32.0/ExtUtils/Liblist/Kid.pm line 179.
Use of uninitialized value $thispth in concatenation (.) or string at /nix/store/7c044di03qa7qgr5kjjc2d787aspzp0m-perl-5.32.0/lib/perl5/5.32.0/ExtUtils/Liblist/Kid.pm line 183.
Warning (mostly harmless): No library found for -lssl
Use of uninitialized value $thispth in concatenation (.) or string at /nix/store/7c044di03qa7qgr5kjjc2d787aspzp0m-perl-5.32.0/lib/perl5/5.32.0/ExtUtils/Liblist/Kid.pm line 162.
Use of uninitialized value $thispth in concatenation (.) or string at /nix/store/7c044di03qa7qgr5kjjc2d787aspzp0m-perl-5.32.0/lib/perl5/5.32.0/ExtUtils/Liblist/Kid.pm line 166.
Use of uninitialized value $thispth in concatenation (.) or string at /nix/store/7c044di03qa7qgr5kjjc2d787aspzp0m-perl-5.32.0/lib/perl5/5.32.0/ExtUtils/Liblist/Kid.pm line 171.
Use of uninitialized value $thispth in concatenation (.) or string at /nix/store/7c044di03qa7qgr5kjjc2d787aspzp0m-perl-5.32.0/lib/perl5/5.32.0/ExtUtils/Liblist/Kid.pm line 173.
Use of uninitialized value $thispth in concatenation (.) or string at /nix/store/7c044di03qa7qgr5kjjc2d787aspzp0m-perl-5.32.0/lib/perl5/5.32.0/ExtUtils/Liblist/Kid.pm line 177.
Use of uninitialized value $thispth in concatenation (.) or string at /nix/store/7c044di03qa7qgr5kjjc2d787aspzp0m-perl-5.32.0/lib/perl5/5.32.0/ExtUtils/Liblist/Kid.pm line 179.
Use of uninitialized value $thispth in concatenation (.) or string at /nix/store/7c044di03qa7qgr5kjjc2d787aspzp0m-perl-5.32.0/lib/perl5/5.32.0/ExtUtils/Liblist/Kid.pm line 183.
Warning (mostly harmless): No library found for -lcrypto
Generating a Unix-style Makefile
Writing Makefile for Crypt::OpenSSL::RSA
Writing MYMETA.yml and MYMETA.json
no configure script, doing nothing
building
build flags: SHELL=/nix/store/9fqwwd4iybmhjqyxiaxycknslw6bgwh1-bash-4.4-p23/bin/bash
cp RSA.pm blib/lib/Crypt/OpenSSL/RSA.pm
AutoSplitting blib/lib/Crypt/OpenSSL/RSA.pm (blib/lib/auto/Crypt/OpenSSL/RSA)
Running Mkbootstrap for RSA ()
chmod 644 "RSA.bs"
"/nix/store/7c044di03qa7qgr5kjjc2d787aspzp0m-perl-5.32.0/bin/perl" -MExtUtils::Command::MM -e 'cp_nonempty' -- RSA.bs blib/arch/auto/Crypt/OpenSSL/RSA/RSA.bs 644
"/nix/store/7c044di03qa7qgr5kjjc2d787aspzp0m-perl-5.32.0/bin/perl" "/nix/store/7c044di03qa7qgr5kjjc2d787aspzp0m-perl-5.32.0/lib/perl5/5.32.0/ExtUtils/xsubpp"  -typemap '/nix/store/7c044di03qa7qgr5kjjc2d787aspzp0m-perl-5.32.0/lib/perl5/5.32.0/ExtUtils/typemap' -typemap '/build/Crypt-OpenSSL-RSA-0.31/typemap'  RSA.xs > RSA.xsc
mv RSA.xsc RSA.c
cc -c   -D_REENTRANT -D_GNU_SOURCE -fwrapv -fno-strict-aliasing -pipe -fstack-protector-strong -I/no-such-path/include -D_LARGEFILE_SOURCE -D_FILE_OFFSET_BITS=64 -O2   -DVERSION=\"0.31\" -DXS_VERSION=\"0.31\" -fPIC "-I/nix/store/7c044di03qa7qgr5kjjc2d787aspzp0m-perl-5.32.0/lib/perl5/5.32.0/x86_64-linux-thread-multi/CORE"  -DPERL5 -DOPENSSL_NO_KRB5 RSA.c
rm -f blib/arch/auto/Crypt/OpenSSL/RSA/RSA.so
cc  -shared -O2 -L/nix/store/68pw3wxwkrx0rwzjifm7g1jxy5g2sg1p-glibc-2.31/lib -fstack-protector-strong  RSA.o  -o blib/arch/auto/Crypt/OpenSSL/RSA/RSA.so  \
      \

chmod 755 blib/arch/auto/Crypt/OpenSSL/RSA/RSA.so
Manifying 1 pod document
running tests
check flags: SHELL=/nix/store/9fqwwd4iybmhjqyxiaxycknslw6bgwh1-bash-4.4-p23/bin/bash VERBOSE=y test
"/nix/store/7c044di03qa7qgr5kjjc2d787aspzp0m-perl-5.32.0/bin/perl" -MExtUtils::Command::MM -e 'cp_nonempty' -- RSA.bs blib/arch/auto/Crypt/OpenSSL/RSA/RSA.bs 644
PERL_DL_NONLAZY=1 "/nix/store/7c044di03qa7qgr5kjjc2d787aspzp0m-perl-5.32.0/bin/perl" "-MExtUtils::Command::MM" "-MTest::Harness" "-e" "undef *Test::Harness::Switches; test_harness(0, 'blib/lib', 'blib/arch')" t/*.t
t/bignum.t .................. skipped: Crypt::OpenSSL::Bignum required for bignum tests
t/format.t .................. ok
t/rsa.t ..................... ok
t/z_kwalitee.t .............. skipped: This test is only run for the module author
t/z_meta.t .................. skipped: This test is only run for the module author
t/z_perl_minimum_version.t .. skipped: Author tests not required for installation
t/z_pod-coverage.t .......... skipped: This test is only run for the module author
t/z_pod.t ................... skipped: This test is only run for the module author
All tests successful.
Files=8, Tests=73,  0 wallclock secs ( 0.03 usr  0.01 sys +  0.39 cusr  0.07 csys =  0.50 CPU)
Result: PASS
installing
install flags: SHELL=/nix/store/9fqwwd4iybmhjqyxiaxycknslw6bgwh1-bash-4.4-p23/bin/bash pkgconfigdir=/nix/store/c3aa8ychscih7mazspmw9jyza96ljrsp-perl5.32.0-Crypt-OpenSSL-RSA-0.31/lib/pkgconfig m4datadir=/nix/store/c3aa8ychscih7mazspmw9jyza96ljrsp-perl5.32.0-Crypt-OpenSSL-RSA-0.31/share/aclocal aclocaldir=/nix/store/c3aa8ychscih7mazspmw9jyza96ljrsp-perl5.32.0-Crypt-OpenSSL-RSA-0.31/share/aclocal install
"/nix/store/7c044di03qa7qgr5kjjc2d787aspzp0m-perl-5.32.0/bin/perl" -MExtUtils::Command::MM -e 'cp_nonempty' -- RSA.bs blib/arch/auto/Crypt/OpenSSL/RSA/RSA.bs 644
Manifying 1 pod document
Files found in blib/arch: installing files in blib/lib into architecture dependent library tree
Installing /nix/store/c3aa8ychscih7mazspmw9jyza96ljrsp-perl5.32.0-Crypt-OpenSSL-RSA-0.31/lib/perl5/site_perl/5.32.0/x86_64-linux-thread-multi/auto/Crypt/OpenSSL/RSA/RSA.so
Installing /nix/store/c3aa8ychscih7mazspmw9jyza96ljrsp-perl5.32.0-Crypt-OpenSSL-RSA-0.31/lib/perl5/site_perl/5.32.0/x86_64-linux-thread-multi/Crypt/OpenSSL/RSA.pm
Installing /nix/store/c3aa8ychscih7mazspmw9jyza96ljrsp-perl5.32.0-Crypt-OpenSSL-RSA-0.31/lib/perl5/site_perl/5.32.0/x86_64-linux-thread-multi/auto/Crypt/OpenSSL/RSA/autosplit.ix
Installing /nix/store/c3aa8ychscih7mazspmw9jyza96ljrsp-perl5.32.0-Crypt-OpenSSL-RSA-0.31/lib/perl5/site_perl/5.32.0/x86_64-linux-thread-multi/auto/Crypt/OpenSSL/RSA/new_public_key.al
Installing /nix/store/c3aa8ychscih7mazspmw9jyza96ljrsp-perl5.32.0-Crypt-OpenSSL-RSA-0.31/lib/perl5/site_perl/5.32.0/x86_64-linux-thread-multi/auto/Crypt/OpenSSL/RSA/new_key_from_parameters.al
Installing /nix/store/c3aa8ychscih7mazspmw9jyza96ljrsp-perl5.32.0-Crypt-OpenSSL-RSA-0.31/lib/perl5/site_perl/5.32.0/x86_64-linux-thread-multi/auto/Crypt/OpenSSL/RSA/import_random_seed.al
Installing /nix/store/c3aa8ychscih7mazspmw9jyza96ljrsp-perl5.32.0-Crypt-OpenSSL-RSA-0.31/lib/perl5/site_perl/5.32.0/x86_64-linux-thread-multi/auto/Crypt/OpenSSL/RSA/get_key_parameters.al
Installing /nix/store/c3aa8ychscih7mazspmw9jyza96ljrsp-perl5.32.0-Crypt-OpenSSL-RSA-0.31/share/man/man3/Crypt::OpenSSL::RSA.3
Appending installation info to /nix/store/c3aa8ychscih7mazspmw9jyza96ljrsp-perl5.32.0-Crypt-OpenSSL-RSA-0.31/lib/perl5/5.32.0/x86_64-linux-thread-multi/perllocal.pod
post-installation fixup
Moving /nix/store/c3aa8ychscih7mazspmw9jyza96ljrsp-perl5.32.0-Crypt-OpenSSL-RSA-0.31/share/man/man3 to /nix/store/fq6g9kidjsxw28px89ikn5i3y5z1jjw2-perl5.32.0-Crypt-OpenSSL-RSA-0.31-devdoc/share/man/man3
Removing empty /nix/store/c3aa8ychscih7mazspmw9jyza96ljrsp-perl5.32.0-Crypt-OpenSSL-RSA-0.31/share/man/ and (possibly) its parents
shrinking RPATHs of ELF executables and libraries in /nix/store/c3aa8ychscih7mazspmw9jyza96ljrsp-perl5.32.0-Crypt-OpenSSL-RSA-0.31
shrinking /nix/store/c3aa8ychscih7mazspmw9jyza96ljrsp-perl5.32.0-Crypt-OpenSSL-RSA-0.31/lib/perl5/site_perl/5.32.0/x86_64-linux-thread-multi/auto/Crypt/OpenSSL/RSA/RSA.so
strip is /nix/store/psyzbhp4p088sb9qcs378hfbslcalasl-binutils-2.31.1/bin/strip
stripping (with command strip and flags -S) in /nix/store/c3aa8ychscih7mazspmw9jyza96ljrsp-perl5.32.0-Crypt-OpenSSL-RSA-0.31/lib
patching script interpreter paths in /nix/store/c3aa8ychscih7mazspmw9jyza96ljrsp-perl5.32.0-Crypt-OpenSSL-RSA-0.31
checking for references to /build/ in /nix/store/c3aa8ychscih7mazspmw9jyza96ljrsp-perl5.32.0-Crypt-OpenSSL-RSA-0.31...
shrinking RPATHs of ELF executables and libraries in /nix/store/fq6g9kidjsxw28px89ikn5i3y5z1jjw2-perl5.32.0-Crypt-OpenSSL-RSA-0.31-devdoc
gzipping man pages under /nix/store/fq6g9kidjsxw28px89ikn5i3y5z1jjw2-perl5.32.0-Crypt-OpenSSL-RSA-0.31-devdoc/share/man/
strip is /nix/store/psyzbhp4p088sb9qcs378hfbslcalasl-binutils-2.31.1/bin/strip
patching script interpreter paths in /nix/store/fq6g9kidjsxw28px89ikn5i3y5z1jjw2-perl5.32.0-Crypt-OpenSSL-RSA-0.31-devdoc
checking for references to /build/ in /nix/store/fq6g9kidjsxw28px89ikn5i3y5z1jjw2-perl5.32.0-Crypt-OpenSSL-RSA-0.31-devdoc...
/nix/store/c3aa8ychscih7mazspmw9jyza96ljrsp-perl5.32.0-Crypt-OpenSSL-RSA-0.31
