these derivations will be built:
  /nix/store/8n0329vpgzz31z0vhgd9ma07bzb8njx3-perl5.32.0-CSS-Squish-0.10.drv
these paths will be fetched (0.01 MiB download, 0.01 MiB unpacked):
  /nix/store/rv4d863ghma0w718pk9ab3xibg3m5n59-CSS-Squish-0.10.tar.gz
copying path '/nix/store/rv4d863ghma0w718pk9ab3xibg3m5n59-CSS-Squish-0.10.tar.gz' from 'https://cache.nixos.org'...
building '/nix/store/8n0329vpgzz31z0vhgd9ma07bzb8njx3-perl5.32.0-CSS-Squish-0.10.drv'...
unpacking sources
unpacking source archive /nix/store/rv4d863ghma0w718pk9ab3xibg3m5n59-CSS-Squish-0.10.tar.gz
source root is CSS-Squish-0.10
setting SOURCE_DATE_EPOCH to timestamp 1288985732 of file CSS-Squish-0.10/META.yml
patching sources
configuring
patching ./t/04-recursion.t...
patching ./t/00-use.t...
patching ./t/07-basic-extra-roots.t...
patching ./t/03-skip-http.t...
patching ./t/02-edge-cases.t...
patching ./t/01-basic.t...
patching ./t/05-basic-loop-prevention.t...
patching ./t/06-server-relative-urls.t...
Checking if your kit is complete...
Looks good
Generating a Unix-style Makefile
Writing Makefile for CSS::Squish
Writing MYMETA.yml and MYMETA.json
no configure script, doing nothing
building
build flags: SHELL=/nix/store/9fqwwd4iybmhjqyxiaxycknslw6bgwh1-bash-4.4-p23/bin/bash
cp lib/CSS/Squish.pm blib/lib/CSS/Squish.pm
Manifying 1 pod document
running tests
check flags: SHELL=/nix/store/9fqwwd4iybmhjqyxiaxycknslw6bgwh1-bash-4.4-p23/bin/bash VERBOSE=y test
PERL_DL_NONLAZY=1 "/nix/store/7c044di03qa7qgr5kjjc2d787aspzp0m-perl-5.32.0/bin/perl" "-MExtUtils::Command::MM" "-MTest::Harness" "-e" "undef *Test::Harness::Switches; test_harness(0, 'blib/lib', 'blib/arch')" t/*.t
t/00-use.t .................... ok
t/01-basic.t .................. ok
t/02-edge-cases.t ............. ok
t/03-skip-http.t .............. ok
t/04-recursion.t .............. ok
t/05-basic-loop-prevention.t .. ok
t/06-server-relative-urls.t ... skipped: Functionality non-existant.  (and tests incomplete.)
t/07-basic-extra-roots.t ...... ok
t/99-pod-coverage.t ........... skipped: Test::Pod::Coverage 1.00 required for testing POD coverage
t/99-pod.t .................... skipped: Test::Pod 1.00 required for testing POD
All tests successful.
Files=10, Tests=14,  1 wallclock secs ( 0.03 usr  0.01 sys +  0.59 cusr  0.16 csys =  0.79 CPU)
Result: PASS
installing
install flags: SHELL=/nix/store/9fqwwd4iybmhjqyxiaxycknslw6bgwh1-bash-4.4-p23/bin/bash pkgconfigdir=/nix/store/qwy960argb0h9xyz7acag20akr4ask0v-perl5.32.0-CSS-Squish-0.10/lib/pkgconfig m4datadir=/nix/store/qwy960argb0h9xyz7acag20akr4ask0v-perl5.32.0-CSS-Squish-0.10/share/aclocal aclocaldir=/nix/store/qwy960argb0h9xyz7acag20akr4ask0v-perl5.32.0-CSS-Squish-0.10/share/aclocal install
Manifying 1 pod document
Installing /nix/store/qwy960argb0h9xyz7acag20akr4ask0v-perl5.32.0-CSS-Squish-0.10/lib/perl5/site_perl/5.32.0/CSS/Squish.pm
Installing /nix/store/qwy960argb0h9xyz7acag20akr4ask0v-perl5.32.0-CSS-Squish-0.10/share/man/man3/CSS::Squish.3
Appending installation info to /nix/store/qwy960argb0h9xyz7acag20akr4ask0v-perl5.32.0-CSS-Squish-0.10/lib/perl5/5.32.0/x86_64-linux-thread-multi/perllocal.pod
post-installation fixup
Moving /nix/store/qwy960argb0h9xyz7acag20akr4ask0v-perl5.32.0-CSS-Squish-0.10/share/man/man3 to /nix/store/0snw5z0lcvbkp2yndwh370x25xr3qqzv-perl5.32.0-CSS-Squish-0.10-devdoc/share/man/man3
Removing empty /nix/store/qwy960argb0h9xyz7acag20akr4ask0v-perl5.32.0-CSS-Squish-0.10/share/man/ and (possibly) its parents
shrinking RPATHs of ELF executables and libraries in /nix/store/qwy960argb0h9xyz7acag20akr4ask0v-perl5.32.0-CSS-Squish-0.10
strip is /nix/store/psyzbhp4p088sb9qcs378hfbslcalasl-binutils-2.31.1/bin/strip
stripping (with command strip and flags -S) in /nix/store/qwy960argb0h9xyz7acag20akr4ask0v-perl5.32.0-CSS-Squish-0.10/lib
patching script interpreter paths in /nix/store/qwy960argb0h9xyz7acag20akr4ask0v-perl5.32.0-CSS-Squish-0.10
checking for references to /build/ in /nix/store/qwy960argb0h9xyz7acag20akr4ask0v-perl5.32.0-CSS-Squish-0.10...
shrinking RPATHs of ELF executables and libraries in /nix/store/0snw5z0lcvbkp2yndwh370x25xr3qqzv-perl5.32.0-CSS-Squish-0.10-devdoc
gzipping man pages under /nix/store/0snw5z0lcvbkp2yndwh370x25xr3qqzv-perl5.32.0-CSS-Squish-0.10-devdoc/share/man/
strip is /nix/store/psyzbhp4p088sb9qcs378hfbslcalasl-binutils-2.31.1/bin/strip
patching script interpreter paths in /nix/store/0snw5z0lcvbkp2yndwh370x25xr3qqzv-perl5.32.0-CSS-Squish-0.10-devdoc
checking for references to /build/ in /nix/store/0snw5z0lcvbkp2yndwh370x25xr3qqzv-perl5.32.0-CSS-Squish-0.10-devdoc...
/nix/store/qwy960argb0h9xyz7acag20akr4ask0v-perl5.32.0-CSS-Squish-0.10
