these derivations will be built:
  /nix/store/94znj6r77d1jywda1rijyp8sii7lnnc8-perl5.32.0-Math-Random-Secure-0.080001.drv
  /nix/store/pak1jlvja5sg69whsln1qhzxilwwnfxw-perl5.32.0-Math-GMPz-0.48.drv
  /nix/store/i2q36xmxkvilayycksyhxhpwja40vz66-perl5.32.0-Encode-Base32-GMP-0.02.drv
  /nix/store/j4gbzhlqwgnhp8dprzjppzgwxfwbj1l3-perl5.32.0-Data-ULID-1.0.0.drv
these paths will be fetched (0.13 MiB download, 0.13 MiB unpacked):
  /nix/store/m0hmyy5fa17cqqw8kkpvi4f2ra0in1l6-Math-Random-Secure-0.080001.tar.gz
  /nix/store/pxwx5b51df08xz6hjxjnfshrqxh109l0-Encode-Base32-GMP-0.02.tar.gz
  /nix/store/w3r2c04cm856wgnjs9sl5g1k612cxbs4-Data-ULID-1.0.0.tar.gz
  /nix/store/wxap94gc2rwsbbswkv04ckws2rawxcir-Math-GMPz-0.48.tar.gz
copying path '/nix/store/w3r2c04cm856wgnjs9sl5g1k612cxbs4-Data-ULID-1.0.0.tar.gz' from 'https://cache.nixos.org'...
copying path '/nix/store/pxwx5b51df08xz6hjxjnfshrqxh109l0-Encode-Base32-GMP-0.02.tar.gz' from 'https://cache.nixos.org'...
copying path '/nix/store/m0hmyy5fa17cqqw8kkpvi4f2ra0in1l6-Math-Random-Secure-0.080001.tar.gz' from 'https://cache.nixos.org'...
copying path '/nix/store/wxap94gc2rwsbbswkv04ckws2rawxcir-Math-GMPz-0.48.tar.gz' from 'https://cache.nixos.org'...
building '/nix/store/94znj6r77d1jywda1rijyp8sii7lnnc8-perl5.32.0-Math-Random-Secure-0.080001.drv'...
building '/nix/store/pak1jlvja5sg69whsln1qhzxilwwnfxw-perl5.32.0-Math-GMPz-0.48.drv'...
unpacking sources
unpacking source archive /nix/store/wxap94gc2rwsbbswkv04ckws2rawxcir-Math-GMPz-0.48.tar.gz
source root is Math-GMPz-0.48
setting SOURCE_DATE_EPOCH to timestamp 1513766139 of file Math-GMPz-0.48/META.json
patching sources
configuring
unpacking sources
unpacking source archive /nix/store/m0hmyy5fa17cqqw8kkpvi4f2ra0in1l6-Math-Random-Secure-0.080001.tar.gz
source root is Math-Random-Secure-0.080001
setting SOURCE_DATE_EPOCH to timestamp 1489358737 of file Math-Random-Secure-0.080001/t/seed.t
patching sources
configuring
patching ./t/memory.t...
patching ./t/author-pod-syntax.t...
patching ./t/author-uniform.t...
patching ./t/compile.t...
patching ./t/seed.t...
patching ./t/range.t...
patching ./t/release-changes_has_content.t...

This module requires gmp-4.2.0 (or later)

Building without 64-bit 'long long' support
If this is wrong, see the "64-bit support" section in the README

Building without 'long double' support
Building without '__float128' support
If this is wrong, see the "64-bit support" section in the README

Checking if your kit is complete...
Looks good
Use of uninitialized value $thispth in concatenation (.) or string at /nix/store/7c044di03qa7qgr5kjjc2d787aspzp0m-perl-5.32.0/lib/perl5/5.32.0/ExtUtils/Liblist/Kid.pm line 162.
Use of uninitialized value $thispth in concatenation (.) or string at /nix/store/7c044di03qa7qgr5kjjc2d787aspzp0m-perl-5.32.0/lib/perl5/5.32.0/ExtUtils/Liblist/Kid.pm line 166.
Use of uninitialized value $thispth in concatenation (.) or string at /nix/store/7c044di03qa7qgr5kjjc2d787aspzp0m-perl-5.32.0/lib/perl5/5.32.0/ExtUtils/Liblist/Kid.pm line 171.
Use of uninitialized value $thispth in concatenation (.) or string at /nix/store/7c044di03qa7qgr5kjjc2d787aspzp0m-perl-5.32.0/lib/perl5/5.32.0/ExtUtils/Liblist/Kid.pm line 173.
Use of uninitialized value $thispth in concatenation (.) or string at /nix/store/7c044di03qa7qgr5kjjc2d787aspzp0m-perl-5.32.0/lib/perl5/5.32.0/ExtUtils/Liblist/Kid.pm line 177.
Use of uninitialized value $thispth in concatenation (.) or string at /nix/store/7c044di03qa7qgr5kjjc2d787aspzp0m-perl-5.32.0/lib/perl5/5.32.0/ExtUtils/Liblist/Kid.pm line 179.
Use of uninitialized value $thispth in concatenation (.) or string at /nix/store/7c044di03qa7qgr5kjjc2d787aspzp0m-perl-5.32.0/lib/perl5/5.32.0/ExtUtils/Liblist/Kid.pm line 183.
Warning (mostly harmless): No library found for -lgmp
Use of uninitialized value $thispth in concatenation (.) or string at /nix/store/7c044di03qa7qgr5kjjc2d787aspzp0m-perl-5.32.0/lib/perl5/5.32.0/ExtUtils/Liblist/Kid.pm line 162.
Use of uninitialized value $thispth in concatenation (.) or string at /nix/store/7c044di03qa7qgr5kjjc2d787aspzp0m-perl-5.32.0/lib/perl5/5.32.0/ExtUtils/Liblist/Kid.pm line 166.
Use of uninitialized value $thispth in concatenation (.) or string at /nix/store/7c044di03qa7qgr5kjjc2d787aspzp0m-perl-5.32.0/lib/perl5/5.32.0/ExtUtils/Liblist/Kid.pm line 171.
Use of uninitialized value $thispth in concatenation (.) or string at /nix/store/7c044di03qa7qgr5kjjc2d787aspzp0m-perl-5.32.0/lib/perl5/5.32.0/ExtUtils/Liblist/Kid.pm line 173.
Use of uninitialized value $thispth in concatenation (.) or string at /nix/store/7c044di03qa7qgr5kjjc2d787aspzp0m-perl-5.32.0/lib/perl5/5.32.0/ExtUtils/Liblist/Kid.pm line 177.
Use of uninitialized value $thispth in concatenation (.) or string at /nix/store/7c044di03qa7qgr5kjjc2d787aspzp0m-perl-5.32.0/lib/perl5/5.32.0/ExtUtils/Liblist/Kid.pm line 179.
Use of uninitialized value $thispth in concatenation (.) or string at /nix/store/7c044di03qa7qgr5kjjc2d787aspzp0m-perl-5.32.0/lib/perl5/5.32.0/ExtUtils/Liblist/Kid.pm line 183.
Warning (mostly harmless): No library found for -lgmp
Writing MYMETA.yml and MYMETA.json
Checking if your kit is complete...
Writing MYMETA.yml and MYMETA.json
Generating a Unix-style Makefile
Writing Makefile for Math::GMPz
Writing MYMETA.yml and MYMETA.json
Looks good
no configure script, doing nothing
building
build flags: SHELL=/nix/store/9fqwwd4iybmhjqyxiaxycknslw6bgwh1-bash-4.4-p23/bin/bash
Generating a Unix-style Makefile
Writing Makefile for Math::Random::Secure
Writing MYMETA.yml and MYMETA.json
no configure script, doing nothing
building
build flags: SHELL=/nix/store/9fqwwd4iybmhjqyxiaxycknslw6bgwh1-bash-4.4-p23/bin/bash
cp GMPz.pm blib/lib/Math/GMPz.pm
cp GMPz.pod blib/lib/Math/GMPz.pod
make[1]: Entering directory '/build/Math-GMPz-0.48/Random'
cp Random.pm ../blib/lib/Math/GMPz/Random.pm
Running Mkbootstrap for Random ()
chmod 644 "Random.bs"
"/nix/store/7c044di03qa7qgr5kjjc2d787aspzp0m-perl-5.32.0/bin/perl" -MExtUtils::Command::MM -e 'cp_nonempty' -- Random.bs ../blib/arch/auto/Math/GMPz/Random/Random.bs 644
"/nix/store/7c044di03qa7qgr5kjjc2d787aspzp0m-perl-5.32.0/bin/perl" "/nix/store/7c044di03qa7qgr5kjjc2d787aspzp0m-perl-5.32.0/lib/perl5/5.32.0/ExtUtils/xsubpp"  -typemap '/nix/store/7c044di03qa7qgr5kjjc2d787aspzp0m-perl-5.32.0/lib/perl5/5.32.0/ExtUtils/typemap' -typemap '/build/Math-GMPz-0.48/Random/../typemap'  Random.xs > Random.xsc
mv Random.xsc Random.c
cc -c   -D_REENTRANT -D_GNU_SOURCE -fwrapv -fno-strict-aliasing -pipe -fstack-protector-strong -I/no-such-path/include -D_LARGEFILE_SOURCE -D_FILE_OFFSET_BITS=64 -O2   -DVERSION=\"0.48\" -DXS_VERSION=\"0.48\" -fPIC "-I/nix/store/7c044di03qa7qgr5kjjc2d787aspzp0m-perl-5.32.0/lib/perl5/5.32.0/x86_64-linux-thread-multi/CORE" -DNEWPERL -DENABLE_MATH_BIGINT_GMP_OVERLOAD   Random.c
cp lib/Math/Random/Secure/RNG.pm blib/lib/Math/Random/Secure/RNG.pm
cp lib/Math/Random/Secure.pm blib/lib/Math/Random/Secure.pm
Manifying 2 pod documents
running tests
check flags: SHELL=/nix/store/9fqwwd4iybmhjqyxiaxycknslw6bgwh1-bash-4.4-p23/bin/bash VERBOSE=y test
PERL_DL_NONLAZY=1 "/nix/store/7c044di03qa7qgr5kjjc2d787aspzp0m-perl-5.32.0/bin/perl" "-MExtUtils::Command::MM" "-MTest::Harness" "-e" "undef *Test::Harness::Switches; test_harness(0, 'blib/lib', 'blib/arch')" t/*.t
Random.xs: In function 'Rgmp_urandomb_ui':
Random.xs:116:26: warning: format '%u' expects argument of type 'unsigned int', but argument 2 has type 'long unsigned int' [-Wformat=]
  116 |      if(req > max) croak("In Math::GMPz::Random::Rgmp_urandomb_ui, requested %u bits, but %u is the maximum allowed", req, max);
      |                          ^~~~~~~~~~~~~~~~~~~~~~~~~~~~~~~~~~~~~~~~~~~~~~~~~~~~~~~~~~~~~~~~~~~~~~~~~~~~~~~~~~~~~~~~~~~  ~~~
      |                                                                                                                       |
      |                                                                                                                       long unsigned int
Random.xs:116:26: warning: format '%u' expects argument of type 'unsigned int', but argument 3 has type 'long unsigned int' [-Wformat=]
t/author-pod-syntax.t ............ skipped: these tests are for testing by the author
rm -f ../blib/arch/auto/Math/GMPz/Random/Random.so
cc  -shared -O2 -L/nix/store/68pw3wxwkrx0rwzjifm7g1jxy5g2sg1p-glibc-2.31/lib -fstack-protector-strong  Random.o  -o ../blib/arch/auto/Math/GMPz/Random/Random.so  \
      \

chmod 755 ../blib/arch/auto/Math/GMPz/Random/Random.so
make[1]: Leaving directory '/build/Math-GMPz-0.48/Random'
make[1]: Entering directory '/build/Math-GMPz-0.48/V'
cp V.pm ../blib/lib/Math/GMPz/V.pm
Running Mkbootstrap for V ()
chmod 644 "V.bs"
"/nix/store/7c044di03qa7qgr5kjjc2d787aspzp0m-perl-5.32.0/bin/perl" -MExtUtils::Command::MM -e 'cp_nonempty' -- V.bs ../blib/arch/auto/Math/GMPz/V/V.bs 644
"/nix/store/7c044di03qa7qgr5kjjc2d787aspzp0m-perl-5.32.0/bin/perl" "/nix/store/7c044di03qa7qgr5kjjc2d787aspzp0m-perl-5.32.0/lib/perl5/5.32.0/ExtUtils/xsubpp"  -typemap '/nix/store/7c044di03qa7qgr5kjjc2d787aspzp0m-perl-5.32.0/lib/perl5/5.32.0/ExtUtils/typemap'  V.xs > V.xsc
t/author-uniform.t ............... skipped: these tests are for testing by the author
mv V.xsc V.c
cc -c   -D_REENTRANT -D_GNU_SOURCE -fwrapv -fno-strict-aliasing -pipe -fstack-protector-strong -I/no-such-path/include -D_LARGEFILE_SOURCE -D_FILE_OFFSET_BITS=64 -O2   -DVERSION=\"0.48\" -DXS_VERSION=\"0.48\" -fPIC "-I/nix/store/7c044di03qa7qgr5kjjc2d787aspzp0m-perl-5.32.0/lib/perl5/5.32.0/x86_64-linux-thread-multi/CORE" -DNEWPERL -DENABLE_MATH_BIGINT_GMP_OVERLOAD   V.c
rm -f ../blib/arch/auto/Math/GMPz/V/V.so
cc  -shared -O2 -L/nix/store/68pw3wxwkrx0rwzjifm7g1jxy5g2sg1p-glibc-2.31/lib -fstack-protector-strong  V.o  -o ../blib/arch/auto/Math/GMPz/V/V.so  \
      \

chmod 755 ../blib/arch/auto/Math/GMPz/V/V.so
make[1]: Leaving directory '/build/Math-GMPz-0.48/V'
Running Mkbootstrap for GMPz ()
chmod 644 "GMPz.bs"
"/nix/store/7c044di03qa7qgr5kjjc2d787aspzp0m-perl-5.32.0/bin/perl" -MExtUtils::Command::MM -e 'cp_nonempty' -- GMPz.bs blib/arch/auto/Math/GMPz/GMPz.bs 644
"/nix/store/7c044di03qa7qgr5kjjc2d787aspzp0m-perl-5.32.0/bin/perl" "/nix/store/7c044di03qa7qgr5kjjc2d787aspzp0m-perl-5.32.0/lib/perl5/5.32.0/ExtUtils/xsubpp"  -typemap '/nix/store/7c044di03qa7qgr5kjjc2d787aspzp0m-perl-5.32.0/lib/perl5/5.32.0/ExtUtils/typemap' -typemap '/build/Math-GMPz-0.48/typemap'  GMPz.xs > GMPz.xsc
t/compile.t ...................... ok
mv GMPz.xsc GMPz.c
cc -c   -D_REENTRANT -D_GNU_SOURCE -fwrapv -fno-strict-aliasing -pipe -fstack-protector-strong -I/no-such-path/include -D_LARGEFILE_SOURCE -D_FILE_OFFSET_BITS=64 -O2   -DVERSION=\"0.48\" -DXS_VERSION=\"0.48\" -fPIC "-I/nix/store/7c044di03qa7qgr5kjjc2d787aspzp0m-perl-5.32.0/lib/perl5/5.32.0/x86_64-linux-thread-multi/CORE"  -DNEWPERL -DENABLE_MATH_BIGINT_GMP_OVERLOAD GMPz.c
t/memory.t ....................... skipped: Test::LeakTrace required to test memory leaks
GMPz.xs: In function 'Rmpz_init_set_str_nobless':
GMPz.xs:63:15: warning: format '%u' expects argument of type 'unsigned int', but argument 2 has type 'long unsigned int' [-Wformat=]
   63 |         croak("First argument supplied to Rmpz_create_init_nobless is not a valid base %u integer", b);
      |               ^~~~~~~~~~~~~~~~~~~~~~~~~~~~~~~~~~~~~~~~~~~~~~~~~~~~~~~~~~~~~~~~~~~~~~~~~~~~~~~~~~~~  ~
      |                                                                                                     |
      |                                                                                                     long unsigned int
GMPz.xs: In function 'Rmpz_init_set_str':
GMPz.xs:419:15: warning: format '%u' expects argument of type 'unsigned int', but argument 2 has type 'long unsigned int' [-Wformat=]
  419 |         croak("First argument supplied to Rmpz_init_set_str is not a valid base %u integer", b);
      |               ^~~~~~~~~~~~~~~~~~~~~~~~~~~~~~~~~~~~~~~~~~~~~~~~~~~~~~~~~~~~~~~~~~~~~~~~~~~~~  ~
      |                                                                                              |
      |                                                                                              long unsigned int
GMPz.xs: In function 'autocorrelation':
GMPz.xs:6198:55: warning: format '%d' expects argument of type 'int', but argument 2 has type 'size_t' {aka 'long unsigned int'} [-Wformat=]
 6198 |      if(mpz_sizeinbase(*bitstream, 2) != 20000) croak("Bit sequence has length of %d bits in autocorrelation function", mpz_sizeinbase(*bitstream, 2));
      |                                                       ^~~~~~~~~~~~~~~~~~~~~~~~~~~~~~~~~~~~~~~~~~~~~~~~~~~~~~~~~~~~~~~~
GMPz.xs: In function 'autocorrelation_20000':
GMPz.xs:6244:62: warning: format '%d' expects argument of type 'int', but argument 2 has type 'size_t' {aka 'long unsigned int'} [-Wformat=]
 6244 |    if(mpz_sizeinbase(*bitstream, 2) != 20000 + offset) croak("Bit sequence has length of %d bits in autocorrelation_20000 function; should have size of %d bits", mpz_sizeinbase(*bitstream, 2), 20000 + offset);
      |                                                              ^~~~~~~~~~~~~~~~~~~~~~~~~~~~~~~~~~~~~~~~~~~~~~~~~~~~~~~~~~~~~~~~~~~~~~~~~~~~~~~~~~~~~~~~~~~~~~~~~~~
t/range.t ........................ ok
t/release-changes_has_content.t .. skipped: these tests are for release candidate testing
t/seed.t ......................... ok
All tests successful.
Files=7, Tests=28,  2 wallclock secs ( 0.06 usr  0.03 sys +  1.64 cusr  0.90 csys =  2.63 CPU)
Result: PASS
installing
install flags: SHELL=/nix/store/9fqwwd4iybmhjqyxiaxycknslw6bgwh1-bash-4.4-p23/bin/bash pkgconfigdir=/nix/store/37ifbf5dn2il2gjbds1jlcwb5736y79n-perl5.32.0-Math-Random-Secure-0.080001/lib/pkgconfig m4datadir=/nix/store/37ifbf5dn2il2gjbds1jlcwb5736y79n-perl5.32.0-Math-Random-Secure-0.080001/share/aclocal aclocaldir=/nix/store/37ifbf5dn2il2gjbds1jlcwb5736y79n-perl5.32.0-Math-Random-Secure-0.080001/share/aclocal install
Manifying 2 pod documents
Installing /nix/store/37ifbf5dn2il2gjbds1jlcwb5736y79n-perl5.32.0-Math-Random-Secure-0.080001/lib/perl5/site_perl/5.32.0/Math/Random/Secure.pm
Installing /nix/store/37ifbf5dn2il2gjbds1jlcwb5736y79n-perl5.32.0-Math-Random-Secure-0.080001/lib/perl5/site_perl/5.32.0/Math/Random/Secure/RNG.pm
Installing /nix/store/37ifbf5dn2il2gjbds1jlcwb5736y79n-perl5.32.0-Math-Random-Secure-0.080001/share/man/man3/Math::Random::Secure.3
Installing /nix/store/37ifbf5dn2il2gjbds1jlcwb5736y79n-perl5.32.0-Math-Random-Secure-0.080001/share/man/man3/Math::Random::Secure::RNG.3
Appending installation info to /nix/store/37ifbf5dn2il2gjbds1jlcwb5736y79n-perl5.32.0-Math-Random-Secure-0.080001/lib/perl5/5.32.0/x86_64-linux-thread-multi/perllocal.pod
post-installation fixup
Moving /nix/store/37ifbf5dn2il2gjbds1jlcwb5736y79n-perl5.32.0-Math-Random-Secure-0.080001/share/man/man3 to /nix/store/0v1hxz1l6dhcnh0qjxr29wskj89d9jn2-perl5.32.0-Math-Random-Secure-0.080001-devdoc/share/man/man3
Removing empty /nix/store/37ifbf5dn2il2gjbds1jlcwb5736y79n-perl5.32.0-Math-Random-Secure-0.080001/share/man/ and (possibly) its parents
shrinking RPATHs of ELF executables and libraries in /nix/store/37ifbf5dn2il2gjbds1jlcwb5736y79n-perl5.32.0-Math-Random-Secure-0.080001
strip is /nix/store/psyzbhp4p088sb9qcs378hfbslcalasl-binutils-2.31.1/bin/strip
stripping (with command strip and flags -S) in /nix/store/37ifbf5dn2il2gjbds1jlcwb5736y79n-perl5.32.0-Math-Random-Secure-0.080001/lib
patching script interpreter paths in /nix/store/37ifbf5dn2il2gjbds1jlcwb5736y79n-perl5.32.0-Math-Random-Secure-0.080001
checking for references to /build/ in /nix/store/37ifbf5dn2il2gjbds1jlcwb5736y79n-perl5.32.0-Math-Random-Secure-0.080001...
shrinking RPATHs of ELF executables and libraries in /nix/store/0v1hxz1l6dhcnh0qjxr29wskj89d9jn2-perl5.32.0-Math-Random-Secure-0.080001-devdoc
gzipping man pages under /nix/store/0v1hxz1l6dhcnh0qjxr29wskj89d9jn2-perl5.32.0-Math-Random-Secure-0.080001-devdoc/share/man/
strip is /nix/store/psyzbhp4p088sb9qcs378hfbslcalasl-binutils-2.31.1/bin/strip
patching script interpreter paths in /nix/store/0v1hxz1l6dhcnh0qjxr29wskj89d9jn2-perl5.32.0-Math-Random-Secure-0.080001-devdoc
checking for references to /build/ in /nix/store/0v1hxz1l6dhcnh0qjxr29wskj89d9jn2-perl5.32.0-Math-Random-Secure-0.080001-devdoc...
rm -f blib/arch/auto/Math/GMPz/GMPz.so
cc  -shared -O2 -L/nix/store/68pw3wxwkrx0rwzjifm7g1jxy5g2sg1p-glibc-2.31/lib -fstack-protector-strong  GMPz.o  -o blib/arch/auto/Math/GMPz/GMPz.so  \
      \

chmod 755 blib/arch/auto/Math/GMPz/GMPz.so
Manifying 1 pod document
running tests
check flags: SHELL=/nix/store/9fqwwd4iybmhjqyxiaxycknslw6bgwh1-bash-4.4-p23/bin/bash VERBOSE=y test
"/nix/store/7c044di03qa7qgr5kjjc2d787aspzp0m-perl-5.32.0/bin/perl" -MExtUtils::Command::MM -e 'cp_nonempty' -- GMPz.bs blib/arch/auto/Math/GMPz/GMPz.bs 644
make[1]: Entering directory '/build/Math-GMPz-0.48/Random'
"/nix/store/7c044di03qa7qgr5kjjc2d787aspzp0m-perl-5.32.0/bin/perl" -MExtUtils::Command::MM -e 'cp_nonempty' -- Random.bs ../blib/arch/auto/Math/GMPz/Random/Random.bs 644
make[1]: Leaving directory '/build/Math-GMPz-0.48/Random'
make[1]: Entering directory '/build/Math-GMPz-0.48/V'
"/nix/store/7c044di03qa7qgr5kjjc2d787aspzp0m-perl-5.32.0/bin/perl" -MExtUtils::Command::MM -e 'cp_nonempty' -- V.bs ../blib/arch/auto/Math/GMPz/V/V.bs 644
make[1]: Leaving directory '/build/Math-GMPz-0.48/V'
make[1]: Entering directory '/build/Math-GMPz-0.48/Random'
"/nix/store/7c044di03qa7qgr5kjjc2d787aspzp0m-perl-5.32.0/bin/perl" -MExtUtils::Command::MM -e 'cp_nonempty' -- Random.bs ../blib/arch/auto/Math/GMPz/Random/Random.bs 644
PERL_DL_NONLAZY=1 "/nix/store/7c044di03qa7qgr5kjjc2d787aspzp0m-perl-5.32.0/bin/perl" "-MExtUtils::Command::MM" "-MTest::Harness" "-e" "undef *Test::Harness::Switches; test_harness(0, '../blib/lib', '../blib/arch')" t/*.t
t/gmp_random.t .. ok
All tests successful.
Files=1, Tests=17,  0 wallclock secs ( 0.02 usr  0.00 sys +  0.01 cusr  0.00 csys =  0.03 CPU)
Result: PASS
make[1]: Leaving directory '/build/Math-GMPz-0.48/Random'
make[1]: Entering directory '/build/Math-GMPz-0.48/V'
"/nix/store/7c044di03qa7qgr5kjjc2d787aspzp0m-perl-5.32.0/bin/perl" -MExtUtils::Command::MM -e 'cp_nonempty' -- V.bs ../blib/arch/auto/Math/GMPz/V/V.bs 644
No tests defined for Math::GMPz::V extension.
make[1]: Leaving directory '/build/Math-GMPz-0.48/V'
PERL_DL_NONLAZY=1 "/nix/store/7c044di03qa7qgr5kjjc2d787aspzp0m-perl-5.32.0/bin/perl" "-MExtUtils::Command::MM" "-MTest::Harness" "-e" "undef *Test::Harness::Switches; test_harness(0, 'blib/lib', 'blib/arch')" t/*.t
t/_1aaa_v.t ............... 1/1
GMP Header version (major): 6
GMP Header version (minor): 2
GMP Header version (patchlevel): 0
GMP CC: gcc
GMP CFLAGS: -O2 -pedantic -fomit-frame-pointer -m64
t/_1aaa_v.t ............... ok
t/_1basic.t ...............
# Using Math::GMPz version 0.48
# Using gmp library version 6.2.0
# CC is gcc
# CFLAGS are -O2 -pedantic -fomit-frame-pointer -m64
# GMP_LIMB_BITS is 64
# GMP_NAIL_BITS is 0
# MATH_GMPz_HAS_MAGICEXT is 1
# MATH_GMPz_IV_MAX is 9223372036854775807
# MATH_GMPz_IV_MIN is -9223372036854775808
# MATH_GMPz_UV_MAX is 18446744073709551615
t/_1basic.t ............... ok
t/aliases.t ............... ok
t/alloc.t ................. 1/21 Skipping test 13 - no Math::GMPf
Skipping test 14 - no Math::GMPq
t/alloc.t ................. ok
t/arith.t ................. ok
t/bits.t .................. ok
t/bitwise.t ............... ok
t/cdiv.t .................. ok
t/cmp.t ................... ok
t/cmp_q.t ................. 1/1
Couldn't load Math::GMPq - skipping all tests:
Can't locate Math/GMPq.pm in @INC (you may need to install the Math::GMPq module) (@INC contains: /build/Math-GMPz-0.48/blib/lib /build/Math-GMPz-0.48/blib/arch /nix/store/7c044di03qa7qgr5kjjc2d787aspzp0m-perl-5.32.0/lib/perl5/site_perl/5.32.0/x86_64-linux-thread-multi /nix/store/7c044di03qa7qgr5kjjc2d787aspzp0m-perl-5.32.0/lib/perl5/site_perl/5.32.0 /nix/store/7c044di03qa7qgr5kjjc2d787aspzp0m-perl-5.32.0/lib/perl5/site_perl /nix/store/i2jms2c1nf86j08rb8aa89k2d3wxy1a5-perl5.32.0-Math-GMPz-0.48/lib/perl5/site_perl /nix/store/7c044di03qa7qgr5kjjc2d787aspzp0m-perl-5.32.0/lib/perl5/site_perl/5.32.0/x86_64-linux-thread-multi /nix/store/7c044di03qa7qgr5kjjc2d787aspzp0m-perl-5.32.0/lib/perl5/site_perl/5.32.0 /nix/store/7c044di03qa7qgr5kjjc2d787aspzp0m-perl-5.32.0/lib/perl5/site_perl /nix/store/7c044di03qa7qgr5kjjc2d787aspzp0m-perl-5.32.0/lib/perl5/site_perl/5.32.0/x86_64-linux-thread-multi /nix/store/7c044di03qa7qgr5kjjc2d787aspzp0m-perl-5.32.0/lib/perl5/site_perl/5.32.0 /nix/store/7c044di03qa7qgr5kjjc2d787aspzp0m-perl-5.32.0/lib/perl5/site_perl /nix/store/7c044di03qa7qgr5kjjc2d787aspzp0m-perl-5.32.0/lib/perl5/site_perl/5.32.0/x86_64-linux-thread-multi /nix/store/7c044di03qa7qgr5kjjc2d787aspzp0m-perl-5.32.0/lib/perl5/site_perl/5.32.0 /nix/store/7c044di03qa7qgr5kjjc2d787aspzp0m-perl-5.32.0/lib/perl5/site_perl /nix/store/7c044di03qa7qgr5kjjc2d787aspzp0m-perl-5.32.0/lib/perl5/site_perl/5.32.0/x86_64-linux-thread-multi /nix/store/7c044di03qa7qgr5kjjc2d787aspzp0m-perl-5.32.0/lib/perl5/site_perl/5.32.0 /nix/store/7c044di03qa7qgr5kjjc2d787aspzp0m-perl-5.32.0/lib/perl5/site_perl /nix/store/7c044di03qa7qgr5kjjc2d787aspzp0m-perl-5.32.0/lib/perl5/site_perl/5.32.0/x86_64-linux-thread-multi /nix/store/7c044di03qa7qgr5kjjc2d787aspzp0m-perl-5.32.0/lib/perl5/site_perl/5.32.0 /nix/store/7c044di03qa7qgr5kjjc2d787aspzp0m-perl-5.32.0/lib/perl5/site_perl /nix/store/i2jms2c1nf86j08rb8aa89k2d3wxy1a5-perl5.32.0-Math-GMPz-0.48/lib/perl5/site_perl /nix/store/7c044di03qa7qgr5kjjc2d787aspzp0m-perl-5.32.0/lib/perl5/site_perl/5.32.0/x86_64-linux-thread-multi /nix/store/7c044di03qa7qgr5kjjc2d787aspzp0m-perl-5.32.0/lib/perl5/site_perl/5.32.0 /nix/store/7c044di03qa7qgr5kjjc2d787aspzp0m-perl-5.32.0/lib/perl5/5.32.0/x86_64-linux-thread-multi /nix/store/7c044di03qa7qgr5kjjc2d787aspzp0m-perl-5.32.0/lib/perl5/5.32.0 .) at t/cmp_q.t line 5.

t/cmp_q.t ................. ok
t/div2.t .................. ok
t/divby0.t ................ 1/38
$@: Can't locate Math/GMPq.pm in @INC (you may need to install the Math::GMPq module) (@INC contains: /build/Math-GMPz-0.48/blib/lib /build/Math-GMPz-0.48/blib/arch /nix/store/7c044di03qa7qgr5kjjc2d787aspzp0m-perl-5.32.0/lib/perl5/site_perl/5.32.0/x86_64-linux-thread-multi /nix/store/7c044di03qa7qgr5kjjc2d787aspzp0m-perl-5.32.0/lib/perl5/site_perl/5.32.0 /nix/store/7c044di03qa7qgr5kjjc2d787aspzp0m-perl-5.32.0/lib/perl5/site_perl /nix/store/i2jms2c1nf86j08rb8aa89k2d3wxy1a5-perl5.32.0-Math-GMPz-0.48/lib/perl5/site_perl /nix/store/7c044di03qa7qgr5kjjc2d787aspzp0m-perl-5.32.0/lib/perl5/site_perl/5.32.0/x86_64-linux-thread-multi /nix/store/7c044di03qa7qgr5kjjc2d787aspzp0m-perl-5.32.0/lib/perl5/site_perl/5.32.0 /nix/store/7c044di03qa7qgr5kjjc2d787aspzp0m-perl-5.32.0/lib/perl5/site_perl /nix/store/7c044di03qa7qgr5kjjc2d787aspzp0m-perl-5.32.0/lib/perl5/site_perl/5.32.0/x86_64-linux-thread-multi /nix/store/7c044di03qa7qgr5kjjc2d787aspzp0m-perl-5.32.0/lib/perl5/site_perl/5.32.0 /nix/store/7c044di03qa7qgr5kjjc2d787aspzp0m-perl-5.32.0/lib/perl5/site_perl /nix/store/7c044di03qa7qgr5kjjc2d787aspzp0m-perl-5.32.0/lib/perl5/site_perl/5.32.0/x86_64-linux-thread-multi /nix/store/7c044di03qa7qgr5kjjc2d787aspzp0m-perl-5.32.0/lib/perl5/site_perl/5.32.0 /nix/store/7c044di03qa7qgr5kjjc2d787aspzp0m-perl-5.32.0/lib/perl5/site_perl /nix/store/7c044di03qa7qgr5kjjc2d787aspzp0m-perl-5.32.0/lib/perl5/site_perl/5.32.0/x86_64-linux-thread-multi /nix/store/7c044di03qa7qgr5kjjc2d787aspzp0m-perl-5.32.0/lib/perl5/site_perl/5.32.0 /nix/store/7c044di03qa7qgr5kjjc2d787aspzp0m-perl-5.32.0/lib/perl5/site_perl /nix/store/7c044di03qa7qgr5kjjc2d787aspzp0m-perl-5.32.0/lib/perl5/site_perl/5.32.0/x86_64-linux-thread-multi /nix/store/7c044di03qa7qgr5kjjc2d787aspzp0m-perl-5.32.0/lib/perl5/site_perl/5.32.0 /nix/store/7c044di03qa7qgr5kjjc2d787aspzp0m-perl-5.32.0/lib/perl5/site_perl /nix/store/i2jms2c1nf86j08rb8aa89k2d3wxy1a5-perl5.32.0-Math-GMPz-0.48/lib/perl5/site_perl /nix/store/7c044di03qa7qgr5kjjc2d787aspzp0m-perl-5.32.0/lib/perl5/site_perl/5.32.0/x86_64-linux-thread-multi /nix/store/7c044di03qa7qgr5kjjc2d787aspzp0m-perl-5.32.0/lib/perl5/site_perl/5.32.0 /nix/store/7c044di03qa7qgr5kjjc2d787aspzp0m-perl-5.32.0/lib/perl5/5.32.0/x86_64-linux-thread-multi /nix/store/7c044di03qa7qgr5kjjc2d787aspzp0m-perl-5.32.0/lib/perl5/5.32.0 .) at t/divby0.t line 372.

Skipping tests 37 & 38 - can't load Math::GMPq
t/divby0.t ................ ok
t/fac.t ................... ok
t/fdiv.t .................. ok
t/imp_exp.t ............... ok
t/index_bug.t ............. ok
t/io_raw.t ................ ok
t/IV_UV_NV.t .............. ok
t/longdouble.t ............ Skipping test 2 - no long double support
t/longdouble.t ............ ok
t/math_bigint.t ...........
Using Math::BigInt version 1.999818
t/math_bigint.t ........... ok
t/math_bigint_gmp.t ....... Math::BigInt: couldn't load specified math lib(s), fallback to Math::BigInt::Calc at t/math_bigint_gmp.t line 15.
Using Math::BigInt version 1.999818
t/math_bigint_gmp.t ....... ok
t/math_bigint_gmp_only.t .. 1/1
 Skipping all tests - couldn't load Math::BigInt::GMP
t/math_bigint_gmp_only.t .. ok
t/misc.t .................. ok
t/new.t ................... ok
t/NOK_and_POK.t ........... ok
t/not_zero.t .............. ok
t/out_str.t ............... ok
t/overload.t .............. ok
t/overload_cross_class.t ..
Skipping Math::MPFR tests - no Math::MPFR

Skipping Math::GMPq tests - no Math::GMPq
t/overload_cross_class.t .. ok
t/pod.t ................... 1/1 Skipping test 1 - no recent version of Test::Pod installed
t/pod.t ................... ok
t/power.t ................. ok
t/primes.t ................ ok
t/printf.t ................ 1/7 Skipping test 5 - Math::GMPq not available
Skipping test 6 - Math::GMPf not available
t/printf.t ................ ok
t/random.t ................ ok
t/theoretic.t ............. ok
t/TRmpz_out_str.t ......... ok
t/use64bitint.t ........... 1/3 Skipping test 2 - nothing to test
Skipping test3 - nothing to test
t/use64bitint.t ........... ok
All tests successful.
Files=37, Tests=597,  1 wallclock secs ( 0.09 usr  0.03 sys +  0.77 cusr  0.12 csys =  1.01 CPU)
Result: PASS
installing
install flags: SHELL=/nix/store/9fqwwd4iybmhjqyxiaxycknslw6bgwh1-bash-4.4-p23/bin/bash pkgconfigdir=/nix/store/i2jms2c1nf86j08rb8aa89k2d3wxy1a5-perl5.32.0-Math-GMPz-0.48/lib/pkgconfig m4datadir=/nix/store/i2jms2c1nf86j08rb8aa89k2d3wxy1a5-perl5.32.0-Math-GMPz-0.48/share/aclocal aclocaldir=/nix/store/i2jms2c1nf86j08rb8aa89k2d3wxy1a5-perl5.32.0-Math-GMPz-0.48/share/aclocal install
make[1]: Entering directory '/build/Math-GMPz-0.48/Random'
"/nix/store/7c044di03qa7qgr5kjjc2d787aspzp0m-perl-5.32.0/bin/perl" -MExtUtils::Command::MM -e 'cp_nonempty' -- Random.bs ../blib/arch/auto/Math/GMPz/Random/Random.bs 644
make[1]: Leaving directory '/build/Math-GMPz-0.48/Random'
make[1]: Entering directory '/build/Math-GMPz-0.48/V'
"/nix/store/7c044di03qa7qgr5kjjc2d787aspzp0m-perl-5.32.0/bin/perl" -MExtUtils::Command::MM -e 'cp_nonempty' -- V.bs ../blib/arch/auto/Math/GMPz/V/V.bs 644
make[1]: Leaving directory '/build/Math-GMPz-0.48/V'
"/nix/store/7c044di03qa7qgr5kjjc2d787aspzp0m-perl-5.32.0/bin/perl" -MExtUtils::Command::MM -e 'cp_nonempty' -- GMPz.bs blib/arch/auto/Math/GMPz/GMPz.bs 644
Manifying 1 pod document
Files found in blib/arch: installing files in blib/lib into architecture dependent library tree
Installing /nix/store/i2jms2c1nf86j08rb8aa89k2d3wxy1a5-perl5.32.0-Math-GMPz-0.48/lib/perl5/site_perl/5.32.0/x86_64-linux-thread-multi/auto/Math/GMPz/GMPz.so
Installing /nix/store/i2jms2c1nf86j08rb8aa89k2d3wxy1a5-perl5.32.0-Math-GMPz-0.48/lib/perl5/site_perl/5.32.0/x86_64-linux-thread-multi/auto/Math/GMPz/Random/Random.so
Installing /nix/store/i2jms2c1nf86j08rb8aa89k2d3wxy1a5-perl5.32.0-Math-GMPz-0.48/lib/perl5/site_perl/5.32.0/x86_64-linux-thread-multi/auto/Math/GMPz/V/V.so
Installing /nix/store/i2jms2c1nf86j08rb8aa89k2d3wxy1a5-perl5.32.0-Math-GMPz-0.48/lib/perl5/site_perl/5.32.0/x86_64-linux-thread-multi/Math/GMPz.pod
Installing /nix/store/i2jms2c1nf86j08rb8aa89k2d3wxy1a5-perl5.32.0-Math-GMPz-0.48/lib/perl5/site_perl/5.32.0/x86_64-linux-thread-multi/Math/GMPz.pm
Installing /nix/store/i2jms2c1nf86j08rb8aa89k2d3wxy1a5-perl5.32.0-Math-GMPz-0.48/lib/perl5/site_perl/5.32.0/x86_64-linux-thread-multi/Math/GMPz/V.pm
Installing /nix/store/i2jms2c1nf86j08rb8aa89k2d3wxy1a5-perl5.32.0-Math-GMPz-0.48/lib/perl5/site_perl/5.32.0/x86_64-linux-thread-multi/Math/GMPz/Random.pm
Installing /nix/store/i2jms2c1nf86j08rb8aa89k2d3wxy1a5-perl5.32.0-Math-GMPz-0.48/share/man/man3/Math::GMPz.3
Appending installation info to /nix/store/i2jms2c1nf86j08rb8aa89k2d3wxy1a5-perl5.32.0-Math-GMPz-0.48/lib/perl5/5.32.0/x86_64-linux-thread-multi/perllocal.pod
post-installation fixup
Moving /nix/store/i2jms2c1nf86j08rb8aa89k2d3wxy1a5-perl5.32.0-Math-GMPz-0.48/share/man/man3 to /nix/store/75dlljj8jq7yqnd461ppk2bafy7r0qlz-perl5.32.0-Math-GMPz-0.48-devdoc/share/man/man3
Removing empty /nix/store/i2jms2c1nf86j08rb8aa89k2d3wxy1a5-perl5.32.0-Math-GMPz-0.48/share/man/ and (possibly) its parents
shrinking RPATHs of ELF executables and libraries in /nix/store/i2jms2c1nf86j08rb8aa89k2d3wxy1a5-perl5.32.0-Math-GMPz-0.48
shrinking /nix/store/i2jms2c1nf86j08rb8aa89k2d3wxy1a5-perl5.32.0-Math-GMPz-0.48/lib/perl5/site_perl/5.32.0/x86_64-linux-thread-multi/auto/Math/GMPz/Random/Random.so
shrinking /nix/store/i2jms2c1nf86j08rb8aa89k2d3wxy1a5-perl5.32.0-Math-GMPz-0.48/lib/perl5/site_perl/5.32.0/x86_64-linux-thread-multi/auto/Math/GMPz/V/V.so
shrinking /nix/store/i2jms2c1nf86j08rb8aa89k2d3wxy1a5-perl5.32.0-Math-GMPz-0.48/lib/perl5/site_perl/5.32.0/x86_64-linux-thread-multi/auto/Math/GMPz/GMPz.so
strip is /nix/store/psyzbhp4p088sb9qcs378hfbslcalasl-binutils-2.31.1/bin/strip
stripping (with command strip and flags -S) in /nix/store/i2jms2c1nf86j08rb8aa89k2d3wxy1a5-perl5.32.0-Math-GMPz-0.48/lib
patching script interpreter paths in /nix/store/i2jms2c1nf86j08rb8aa89k2d3wxy1a5-perl5.32.0-Math-GMPz-0.48
checking for references to /build/ in /nix/store/i2jms2c1nf86j08rb8aa89k2d3wxy1a5-perl5.32.0-Math-GMPz-0.48...
shrinking RPATHs of ELF executables and libraries in /nix/store/75dlljj8jq7yqnd461ppk2bafy7r0qlz-perl5.32.0-Math-GMPz-0.48-devdoc
gzipping man pages under /nix/store/75dlljj8jq7yqnd461ppk2bafy7r0qlz-perl5.32.0-Math-GMPz-0.48-devdoc/share/man/
strip is /nix/store/psyzbhp4p088sb9qcs378hfbslcalasl-binutils-2.31.1/bin/strip
patching script interpreter paths in /nix/store/75dlljj8jq7yqnd461ppk2bafy7r0qlz-perl5.32.0-Math-GMPz-0.48-devdoc
checking for references to /build/ in /nix/store/75dlljj8jq7yqnd461ppk2bafy7r0qlz-perl5.32.0-Math-GMPz-0.48-devdoc...
building '/nix/store/i2q36xmxkvilayycksyhxhpwja40vz66-perl5.32.0-Encode-Base32-GMP-0.02.drv'...
unpacking sources
unpacking source archive /nix/store/pxwx5b51df08xz6hjxjnfshrqxh109l0-Encode-Base32-GMP-0.02.tar.gz
source root is Encode-Base32-GMP-0.02
setting SOURCE_DATE_EPOCH to timestamp 1379876532 of file Encode-Base32-GMP-0.02/t/02_md5-base32.tb
patching sources
configuring
Checking if your kit is complete...
Looks good
Generating a Unix-style Makefile
Writing Makefile for Encode::Base32::GMP
Writing MYMETA.yml and MYMETA.json
no configure script, doing nothing
building
build flags: SHELL=/nix/store/9fqwwd4iybmhjqyxiaxycknslw6bgwh1-bash-4.4-p23/bin/bash
cp lib/Encode/Base32/GMP.pm blib/lib/Encode/Base32/GMP.pm
Manifying 1 pod document
running tests
check flags: SHELL=/nix/store/9fqwwd4iybmhjqyxiaxycknslw6bgwh1-bash-4.4-p23/bin/bash VERBOSE=y test
PERL_DL_NONLAZY=1 "/nix/store/7c044di03qa7qgr5kjjc2d787aspzp0m-perl-5.32.0/bin/perl" "-MExtUtils::Command::MM" "-MTest::Harness" "-e" "undef *Test::Harness::Switches; test_harness(0, 'blib/lib', 'blib/arch')" t/*.t
t/00_compile.t ........ ok
t/01_encode-decode.t .. ok
t/02_md5-base32.t ..... ok
All tests successful.
Files=3, Tests=2667,  1 wallclock secs ( 0.19 usr  0.02 sys +  0.63 cusr  0.05 csys =  0.89 CPU)
Result: PASS
installing
install flags: SHELL=/nix/store/9fqwwd4iybmhjqyxiaxycknslw6bgwh1-bash-4.4-p23/bin/bash pkgconfigdir=/nix/store/742i9kcs5bbwy8zi016i1a5bb4q2gvrr-perl5.32.0-Encode-Base32-GMP-0.02/lib/pkgconfig m4datadir=/nix/store/742i9kcs5bbwy8zi016i1a5bb4q2gvrr-perl5.32.0-Encode-Base32-GMP-0.02/share/aclocal aclocaldir=/nix/store/742i9kcs5bbwy8zi016i1a5bb4q2gvrr-perl5.32.0-Encode-Base32-GMP-0.02/share/aclocal install
Manifying 1 pod document
Installing /nix/store/742i9kcs5bbwy8zi016i1a5bb4q2gvrr-perl5.32.0-Encode-Base32-GMP-0.02/lib/perl5/site_perl/5.32.0/Encode/Base32/GMP.pm
Installing /nix/store/742i9kcs5bbwy8zi016i1a5bb4q2gvrr-perl5.32.0-Encode-Base32-GMP-0.02/share/man/man3/Encode::Base32::GMP.3
Appending installation info to /nix/store/742i9kcs5bbwy8zi016i1a5bb4q2gvrr-perl5.32.0-Encode-Base32-GMP-0.02/lib/perl5/5.32.0/x86_64-linux-thread-multi/perllocal.pod
post-installation fixup
Moving /nix/store/742i9kcs5bbwy8zi016i1a5bb4q2gvrr-perl5.32.0-Encode-Base32-GMP-0.02/share/man/man3 to /nix/store/3ghxbjp2ac3c0a1kb26lmlak4crwa8bk-perl5.32.0-Encode-Base32-GMP-0.02-devdoc/share/man/man3
Removing empty /nix/store/742i9kcs5bbwy8zi016i1a5bb4q2gvrr-perl5.32.0-Encode-Base32-GMP-0.02/share/man/ and (possibly) its parents
shrinking RPATHs of ELF executables and libraries in /nix/store/742i9kcs5bbwy8zi016i1a5bb4q2gvrr-perl5.32.0-Encode-Base32-GMP-0.02
strip is /nix/store/psyzbhp4p088sb9qcs378hfbslcalasl-binutils-2.31.1/bin/strip
stripping (with command strip and flags -S) in /nix/store/742i9kcs5bbwy8zi016i1a5bb4q2gvrr-perl5.32.0-Encode-Base32-GMP-0.02/lib
patching script interpreter paths in /nix/store/742i9kcs5bbwy8zi016i1a5bb4q2gvrr-perl5.32.0-Encode-Base32-GMP-0.02
checking for references to /build/ in /nix/store/742i9kcs5bbwy8zi016i1a5bb4q2gvrr-perl5.32.0-Encode-Base32-GMP-0.02...
shrinking RPATHs of ELF executables and libraries in /nix/store/3ghxbjp2ac3c0a1kb26lmlak4crwa8bk-perl5.32.0-Encode-Base32-GMP-0.02-devdoc
gzipping man pages under /nix/store/3ghxbjp2ac3c0a1kb26lmlak4crwa8bk-perl5.32.0-Encode-Base32-GMP-0.02-devdoc/share/man/
strip is /nix/store/psyzbhp4p088sb9qcs378hfbslcalasl-binutils-2.31.1/bin/strip
patching script interpreter paths in /nix/store/3ghxbjp2ac3c0a1kb26lmlak4crwa8bk-perl5.32.0-Encode-Base32-GMP-0.02-devdoc
checking for references to /build/ in /nix/store/3ghxbjp2ac3c0a1kb26lmlak4crwa8bk-perl5.32.0-Encode-Base32-GMP-0.02-devdoc...
building '/nix/store/j4gbzhlqwgnhp8dprzjppzgwxfwbj1l3-perl5.32.0-Data-ULID-1.0.0.drv'...
unpacking sources
unpacking source archive /nix/store/w3r2c04cm856wgnjs9sl5g1k612cxbs4-Data-ULID-1.0.0.tar.gz
source root is Data-ULID-1.0.0
setting SOURCE_DATE_EPOCH to timestamp 1483006908 of file Data-ULID-1.0.0/t/00_basic.t
patching sources
configuring
patching ./t/00_basic.t...
Checking if your kit is complete...
Looks good
Generating a Unix-style Makefile
Writing Makefile for Data::ULID
Writing MYMETA.yml and MYMETA.json
no configure script, doing nothing
building
build flags: SHELL=/nix/store/9fqwwd4iybmhjqyxiaxycknslw6bgwh1-bash-4.4-p23/bin/bash
cp lib/Data/ULID.pm blib/lib/Data/ULID.pm
Manifying 1 pod document
running tests
check flags: SHELL=/nix/store/9fqwwd4iybmhjqyxiaxycknslw6bgwh1-bash-4.4-p23/bin/bash VERBOSE=y test
PERL_DL_NONLAZY=1 "/nix/store/7c044di03qa7qgr5kjjc2d787aspzp0m-perl-5.32.0/bin/perl" "-MExtUtils::Command::MM" "-MTest::Harness" "-e" "undef *Test::Harness::Switches; test_harness(0, 'blib/lib', 'blib/arch')" t/*.t
t/00_basic.t .. Math::BigInt: couldn't load specified math lib(s), fallback to Math::BigInt::Calc at /build/Data-ULID-1.0.0/blib/lib/Data/ULID.pm line 13.
t/00_basic.t .. ok
All tests successful.
Files=1, Tests=15,  0 wallclock secs ( 0.03 usr  0.03 sys +  0.45 cusr  0.35 csys =  0.86 CPU)
Result: PASS
installing
install flags: SHELL=/nix/store/9fqwwd4iybmhjqyxiaxycknslw6bgwh1-bash-4.4-p23/bin/bash pkgconfigdir=/nix/store/r26lnzrils14d36yxzk5056p3s1lv5bj-perl5.32.0-Data-ULID-1.0.0/lib/pkgconfig m4datadir=/nix/store/r26lnzrils14d36yxzk5056p3s1lv5bj-perl5.32.0-Data-ULID-1.0.0/share/aclocal aclocaldir=/nix/store/r26lnzrils14d36yxzk5056p3s1lv5bj-perl5.32.0-Data-ULID-1.0.0/share/aclocal install
Manifying 1 pod document
Installing /nix/store/r26lnzrils14d36yxzk5056p3s1lv5bj-perl5.32.0-Data-ULID-1.0.0/lib/perl5/site_perl/5.32.0/Data/ULID.pm
Installing /nix/store/r26lnzrils14d36yxzk5056p3s1lv5bj-perl5.32.0-Data-ULID-1.0.0/share/man/man3/Data::ULID.3
Appending installation info to /nix/store/r26lnzrils14d36yxzk5056p3s1lv5bj-perl5.32.0-Data-ULID-1.0.0/lib/perl5/5.32.0/x86_64-linux-thread-multi/perllocal.pod
post-installation fixup
Moving /nix/store/r26lnzrils14d36yxzk5056p3s1lv5bj-perl5.32.0-Data-ULID-1.0.0/share/man/man3 to /nix/store/7lxj6hns14gw41vd15shqlgjha4cij28-perl5.32.0-Data-ULID-1.0.0-devdoc/share/man/man3
Removing empty /nix/store/r26lnzrils14d36yxzk5056p3s1lv5bj-perl5.32.0-Data-ULID-1.0.0/share/man/ and (possibly) its parents
shrinking RPATHs of ELF executables and libraries in /nix/store/r26lnzrils14d36yxzk5056p3s1lv5bj-perl5.32.0-Data-ULID-1.0.0
strip is /nix/store/psyzbhp4p088sb9qcs378hfbslcalasl-binutils-2.31.1/bin/strip
stripping (with command strip and flags -S) in /nix/store/r26lnzrils14d36yxzk5056p3s1lv5bj-perl5.32.0-Data-ULID-1.0.0/lib
patching script interpreter paths in /nix/store/r26lnzrils14d36yxzk5056p3s1lv5bj-perl5.32.0-Data-ULID-1.0.0
checking for references to /build/ in /nix/store/r26lnzrils14d36yxzk5056p3s1lv5bj-perl5.32.0-Data-ULID-1.0.0...
shrinking RPATHs of ELF executables and libraries in /nix/store/7lxj6hns14gw41vd15shqlgjha4cij28-perl5.32.0-Data-ULID-1.0.0-devdoc
gzipping man pages under /nix/store/7lxj6hns14gw41vd15shqlgjha4cij28-perl5.32.0-Data-ULID-1.0.0-devdoc/share/man/
strip is /nix/store/psyzbhp4p088sb9qcs378hfbslcalasl-binutils-2.31.1/bin/strip
patching script interpreter paths in /nix/store/7lxj6hns14gw41vd15shqlgjha4cij28-perl5.32.0-Data-ULID-1.0.0-devdoc
checking for references to /build/ in /nix/store/7lxj6hns14gw41vd15shqlgjha4cij28-perl5.32.0-Data-ULID-1.0.0-devdoc...
/nix/store/r26lnzrils14d36yxzk5056p3s1lv5bj-perl5.32.0-Data-ULID-1.0.0
