these derivations will be built:
  /nix/store/f4d7jhazasppynyr4vm013yspk8ri22p-perl5.32.0-Data-Validate-URI-0.07.drv
these paths will be fetched (0.01 MiB download, 0.01 MiB unpacked):
  /nix/store/3k2kx277vb74fhga6rxhwszg0na0m42p-Data-Validate-URI-0.07.tar.gz
copying path '/nix/store/3k2kx277vb74fhga6rxhwszg0na0m42p-Data-Validate-URI-0.07.tar.gz' from 'https://cache.nixos.org'...
building '/nix/store/f4d7jhazasppynyr4vm013yspk8ri22p-perl5.32.0-Data-Validate-URI-0.07.drv'...
unpacking sources
unpacking source archive /nix/store/3k2kx277vb74fhga6rxhwszg0na0m42p-Data-Validate-URI-0.07.tar.gz
source root is Data-Validate-URI-0.07
setting SOURCE_DATE_EPOCH to timestamp 1453221281 of file Data-Validate-URI-0.07/Changes
patching sources
configuring
patching ./t/is_tel_uri.t...
patching ./t/is_web_uri.t...
patching ./t/is_uri.t...
patching ./t/is_https_uri.t...
patching ./t/is_http_uri.t...
Checking if your kit is complete...
Looks good
Generating a Unix-style Makefile
Writing Makefile for Data::Validate::URI
Writing MYMETA.yml and MYMETA.json
no configure script, doing nothing
building
build flags: SHELL=/nix/store/9fqwwd4iybmhjqyxiaxycknslw6bgwh1-bash-4.4-p23/bin/bash
cp lib/Data/Validate/URI.pm blib/lib/Data/Validate/URI.pm
AutoSplitting blib/lib/Data/Validate/URI.pm (blib/lib/auto/Data/Validate/URI)
Manifying 1 pod document
running tests
check flags: SHELL=/nix/store/9fqwwd4iybmhjqyxiaxycknslw6bgwh1-bash-4.4-p23/bin/bash VERBOSE=y test
PERL_DL_NONLAZY=1 "/nix/store/7c044di03qa7qgr5kjjc2d787aspzp0m-perl-5.32.0/bin/perl" "-MExtUtils::Command::MM" "-MTest::Harness" "-e" "undef *Test::Harness::Switches; test_harness(0, 'blib/lib', 'blib/arch')" t/*.t
t/is_http_uri.t ... ok
t/is_https_uri.t .. ok
t/is_tel_uri.t .... ok
t/is_uri.t ........ ok
t/is_web_uri.t .... ok
All tests successful.
Files=5, Tests=108,  0 wallclock secs ( 0.03 usr  0.01 sys +  0.20 cusr  0.02 csys =  0.26 CPU)
Result: PASS
installing
install flags: SHELL=/nix/store/9fqwwd4iybmhjqyxiaxycknslw6bgwh1-bash-4.4-p23/bin/bash pkgconfigdir=/nix/store/i8ppsi4nk42hjsyxg6p5l9j1zp0gk9jx-perl5.32.0-Data-Validate-URI-0.07/lib/pkgconfig m4datadir=/nix/store/i8ppsi4nk42hjsyxg6p5l9j1zp0gk9jx-perl5.32.0-Data-Validate-URI-0.07/share/aclocal aclocaldir=/nix/store/i8ppsi4nk42hjsyxg6p5l9j1zp0gk9jx-perl5.32.0-Data-Validate-URI-0.07/share/aclocal install
Manifying 1 pod document
Installing /nix/store/i8ppsi4nk42hjsyxg6p5l9j1zp0gk9jx-perl5.32.0-Data-Validate-URI-0.07/lib/perl5/site_perl/5.32.0/Data/Validate/URI.pm
Installing /nix/store/i8ppsi4nk42hjsyxg6p5l9j1zp0gk9jx-perl5.32.0-Data-Validate-URI-0.07/lib/perl5/site_perl/5.32.0/auto/Data/Validate/URI/autosplit.ix
Installing /nix/store/i8ppsi4nk42hjsyxg6p5l9j1zp0gk9jx-perl5.32.0-Data-Validate-URI-0.07/lib/perl5/site_perl/5.32.0/auto/Data/Validate/URI/is_https_uri.al
Installing /nix/store/i8ppsi4nk42hjsyxg6p5l9j1zp0gk9jx-perl5.32.0-Data-Validate-URI-0.07/lib/perl5/site_perl/5.32.0/auto/Data/Validate/URI/_test_uri.al
Installing /nix/store/i8ppsi4nk42hjsyxg6p5l9j1zp0gk9jx-perl5.32.0-Data-Validate-URI-0.07/lib/perl5/site_perl/5.32.0/auto/Data/Validate/URI/is_tel_uri.al
Installing /nix/store/i8ppsi4nk42hjsyxg6p5l9j1zp0gk9jx-perl5.32.0-Data-Validate-URI-0.07/lib/perl5/site_perl/5.32.0/auto/Data/Validate/URI/is_http_uri.al
Installing /nix/store/i8ppsi4nk42hjsyxg6p5l9j1zp0gk9jx-perl5.32.0-Data-Validate-URI-0.07/lib/perl5/site_perl/5.32.0/auto/Data/Validate/URI/_split_uri.al
Installing /nix/store/i8ppsi4nk42hjsyxg6p5l9j1zp0gk9jx-perl5.32.0-Data-Validate-URI-0.07/lib/perl5/site_perl/5.32.0/auto/Data/Validate/URI/new.al
Installing /nix/store/i8ppsi4nk42hjsyxg6p5l9j1zp0gk9jx-perl5.32.0-Data-Validate-URI-0.07/lib/perl5/site_perl/5.32.0/auto/Data/Validate/URI/is_uri.al
Installing /nix/store/i8ppsi4nk42hjsyxg6p5l9j1zp0gk9jx-perl5.32.0-Data-Validate-URI-0.07/lib/perl5/site_perl/5.32.0/auto/Data/Validate/URI/is_web_uri.al
Installing /nix/store/i8ppsi4nk42hjsyxg6p5l9j1zp0gk9jx-perl5.32.0-Data-Validate-URI-0.07/share/man/man3/Data::Validate::URI.3
Appending installation info to /nix/store/i8ppsi4nk42hjsyxg6p5l9j1zp0gk9jx-perl5.32.0-Data-Validate-URI-0.07/lib/perl5/5.32.0/x86_64-linux-thread-multi/perllocal.pod
post-installation fixup
Moving /nix/store/i8ppsi4nk42hjsyxg6p5l9j1zp0gk9jx-perl5.32.0-Data-Validate-URI-0.07/share/man/man3 to /nix/store/s809g63c2hiw4cj48lrggd8nbydz4srx-perl5.32.0-Data-Validate-URI-0.07-devdoc/share/man/man3
Removing empty /nix/store/i8ppsi4nk42hjsyxg6p5l9j1zp0gk9jx-perl5.32.0-Data-Validate-URI-0.07/share/man/ and (possibly) its parents
shrinking RPATHs of ELF executables and libraries in /nix/store/i8ppsi4nk42hjsyxg6p5l9j1zp0gk9jx-perl5.32.0-Data-Validate-URI-0.07
strip is /nix/store/psyzbhp4p088sb9qcs378hfbslcalasl-binutils-2.31.1/bin/strip
stripping (with command strip and flags -S) in /nix/store/i8ppsi4nk42hjsyxg6p5l9j1zp0gk9jx-perl5.32.0-Data-Validate-URI-0.07/lib
patching script interpreter paths in /nix/store/i8ppsi4nk42hjsyxg6p5l9j1zp0gk9jx-perl5.32.0-Data-Validate-URI-0.07
checking for references to /build/ in /nix/store/i8ppsi4nk42hjsyxg6p5l9j1zp0gk9jx-perl5.32.0-Data-Validate-URI-0.07...
shrinking RPATHs of ELF executables and libraries in /nix/store/s809g63c2hiw4cj48lrggd8nbydz4srx-perl5.32.0-Data-Validate-URI-0.07-devdoc
gzipping man pages under /nix/store/s809g63c2hiw4cj48lrggd8nbydz4srx-perl5.32.0-Data-Validate-URI-0.07-devdoc/share/man/
strip is /nix/store/psyzbhp4p088sb9qcs378hfbslcalasl-binutils-2.31.1/bin/strip
patching script interpreter paths in /nix/store/s809g63c2hiw4cj48lrggd8nbydz4srx-perl5.32.0-Data-Validate-URI-0.07-devdoc
checking for references to /build/ in /nix/store/s809g63c2hiw4cj48lrggd8nbydz4srx-perl5.32.0-Data-Validate-URI-0.07-devdoc...
/nix/store/i8ppsi4nk42hjsyxg6p5l9j1zp0gk9jx-perl5.32.0-Data-Validate-URI-0.07
