these derivations will be built:
  /nix/store/5k9548v8812wchwcnphsl86bz6h7v4gf-perl5.32.0-Data-Hexdumper-3.0001.drv
these paths will be fetched (0.02 MiB download, 0.02 MiB unpacked):
  /nix/store/arwl2qbdjyzxpniysin1qz328ph0q6ri-Data-Hexdumper-3.0001.tar.gz
copying path '/nix/store/arwl2qbdjyzxpniysin1qz328ph0q6ri-Data-Hexdumper-3.0001.tar.gz' from 'https://cache.nixos.org'...
building '/nix/store/5k9548v8812wchwcnphsl86bz6h7v4gf-perl5.32.0-Data-Hexdumper-3.0001.drv'...
unpacking sources
unpacking source archive /nix/store/arwl2qbdjyzxpniysin1qz328ph0q6ri-Data-Hexdumper-3.0001.tar.gz
source root is Data-Hexdumper-3.0001
setting SOURCE_DATE_EPOCH to timestamp 1338324952 of file Data-Hexdumper-3.0001/META.yml
patching sources
configuring
patching ./t/output_format.t...
patching ./t/regression.t...
patching ./t/endianspecifiers.t...
Checking if your kit is complete...
Looks good
Generating a Unix-style Makefile
Writing Makefile for Data::Hexdumper
Writing MYMETA.yml and MYMETA.json
no configure script, doing nothing
building
build flags: SHELL=/nix/store/9fqwwd4iybmhjqyxiaxycknslw6bgwh1-bash-4.4-p23/bin/bash
cp lib/Data/Hexdumper.pm blib/lib/Data/Hexdumper.pm
Manifying 1 pod document
running tests
check flags: SHELL=/nix/store/9fqwwd4iybmhjqyxiaxycknslw6bgwh1-bash-4.4-p23/bin/bash VERBOSE=y test
PERL_DL_NONLAZY=1 "/nix/store/7c044di03qa7qgr5kjjc2d787aspzp0m-perl-5.32.0/bin/perl" "-MExtUtils::Command::MM" "-MTest::Harness" "-e" "undef *Test::Harness::Switches; test_harness(0, 'blib/lib', 'blib/arch')" t/*.t
t/endianspecifiers.t .. ok
t/output_format.t ..... ok
t/pod-coverage.t ...... skipped: Test::Pod::Coverage 1.00 required for testing POD coverage
t/pod.t ............... skipped: Test::Pod 1.00 required for testing POD
t/regression.t ........ ok
All tests successful.
Files=5, Tests=27,  0 wallclock secs ( 0.03 usr  0.01 sys +  0.24 cusr  0.04 csys =  0.32 CPU)
Result: PASS
installing
install flags: SHELL=/nix/store/9fqwwd4iybmhjqyxiaxycknslw6bgwh1-bash-4.4-p23/bin/bash pkgconfigdir=/nix/store/kq2kiazm15s8hy2bn12bqhc0qy4hrkb2-perl5.32.0-Data-Hexdumper-3.0001/lib/pkgconfig m4datadir=/nix/store/kq2kiazm15s8hy2bn12bqhc0qy4hrkb2-perl5.32.0-Data-Hexdumper-3.0001/share/aclocal aclocaldir=/nix/store/kq2kiazm15s8hy2bn12bqhc0qy4hrkb2-perl5.32.0-Data-Hexdumper-3.0001/share/aclocal install
Manifying 1 pod document
Installing /nix/store/kq2kiazm15s8hy2bn12bqhc0qy4hrkb2-perl5.32.0-Data-Hexdumper-3.0001/lib/perl5/site_perl/5.32.0/Data/Hexdumper.pm
Installing /nix/store/kq2kiazm15s8hy2bn12bqhc0qy4hrkb2-perl5.32.0-Data-Hexdumper-3.0001/share/man/man3/Data::Hexdumper.3
Appending installation info to /nix/store/kq2kiazm15s8hy2bn12bqhc0qy4hrkb2-perl5.32.0-Data-Hexdumper-3.0001/lib/perl5/5.32.0/x86_64-linux-thread-multi/perllocal.pod
post-installation fixup
Moving /nix/store/kq2kiazm15s8hy2bn12bqhc0qy4hrkb2-perl5.32.0-Data-Hexdumper-3.0001/share/man/man3 to /nix/store/482ily99vbjzf1lffjzj6ji4kqgw4bij-perl5.32.0-Data-Hexdumper-3.0001-devdoc/share/man/man3
Removing empty /nix/store/kq2kiazm15s8hy2bn12bqhc0qy4hrkb2-perl5.32.0-Data-Hexdumper-3.0001/share/man/ and (possibly) its parents
shrinking RPATHs of ELF executables and libraries in /nix/store/kq2kiazm15s8hy2bn12bqhc0qy4hrkb2-perl5.32.0-Data-Hexdumper-3.0001
strip is /nix/store/psyzbhp4p088sb9qcs378hfbslcalasl-binutils-2.31.1/bin/strip
stripping (with command strip and flags -S) in /nix/store/kq2kiazm15s8hy2bn12bqhc0qy4hrkb2-perl5.32.0-Data-Hexdumper-3.0001/lib
patching script interpreter paths in /nix/store/kq2kiazm15s8hy2bn12bqhc0qy4hrkb2-perl5.32.0-Data-Hexdumper-3.0001
checking for references to /build/ in /nix/store/kq2kiazm15s8hy2bn12bqhc0qy4hrkb2-perl5.32.0-Data-Hexdumper-3.0001...
shrinking RPATHs of ELF executables and libraries in /nix/store/482ily99vbjzf1lffjzj6ji4kqgw4bij-perl5.32.0-Data-Hexdumper-3.0001-devdoc
gzipping man pages under /nix/store/482ily99vbjzf1lffjzj6ji4kqgw4bij-perl5.32.0-Data-Hexdumper-3.0001-devdoc/share/man/
strip is /nix/store/psyzbhp4p088sb9qcs378hfbslcalasl-binutils-2.31.1/bin/strip
patching script interpreter paths in /nix/store/482ily99vbjzf1lffjzj6ji4kqgw4bij-perl5.32.0-Data-Hexdumper-3.0001-devdoc
checking for references to /build/ in /nix/store/482ily99vbjzf1lffjzj6ji4kqgw4bij-perl5.32.0-Data-Hexdumper-3.0001-devdoc...
/nix/store/kq2kiazm15s8hy2bn12bqhc0qy4hrkb2-perl5.32.0-Data-Hexdumper-3.0001
