these derivations will be built:
  /nix/store/25y1mk4p6ryfdd6za8b66bl0z9rrjk4z-perl5.32.0-Text-vFile-asData-0.08.drv
  /nix/store/4h3z216gw3fn7shjqd80favprav2nc6a-perl5.32.0-Data-ICal-0.24.drv
these paths will be fetched (0.12 MiB download, 0.11 MiB unpacked):
  /nix/store/zdnz625ikjcdxj2d2hnk1aa9lcfmgrms-Data-ICal-0.24.tar.gz
copying path '/nix/store/zdnz625ikjcdxj2d2hnk1aa9lcfmgrms-Data-ICal-0.24.tar.gz' from 'https://cache.nixos.org'...
building '/nix/store/25y1mk4p6ryfdd6za8b66bl0z9rrjk4z-perl5.32.0-Text-vFile-asData-0.08.drv'...
unpacking sources
unpacking source archive /nix/store/1li1zz4i41sv3iz3hrzxcklbvjlvlpav-Text-vFile-asData-0.08.tar.gz
source root is Text-vFile-asData-0.08
setting SOURCE_DATE_EPOCH to timestamp 1359376341 of file Text-vFile-asData-0.08/META.json
patching sources
configuring
patching ./t/02examples.t...
patching ./t/03usage.t...
patching ./t/parse_line.t...
patching ./t/01vfile.t...
patching ./bin/holidays_ical...
patching ./bin/v2yaml...
patching ./bin/rota_ical.cgi...
patching ./bin/wgo...
Checking if your kit is complete...
Looks good
Generating a Unix-style Makefile
Writing Makefile for Text::vFile::asData
Writing MYMETA.yml and MYMETA.json
no configure script, doing nothing
building
build flags: SHELL=/nix/store/9fqwwd4iybmhjqyxiaxycknslw6bgwh1-bash-4.4-p23/bin/bash
cp lib/Text/vFile/asData.pm blib/lib/Text/vFile/asData.pm
Manifying 1 pod document
running tests
check flags: SHELL=/nix/store/9fqwwd4iybmhjqyxiaxycknslw6bgwh1-bash-4.4-p23/bin/bash VERBOSE=y test
PERL_DL_NONLAZY=1 "/nix/store/7c044di03qa7qgr5kjjc2d787aspzp0m-perl-5.32.0/bin/perl" "-MExtUtils::Command::MM" "-MTest::Harness" "-e" "undef *Test::Harness::Switches; test_harness(0, 'blib/lib', 'blib/arch')" t/*.t
t/01vfile.t ..... ok
t/02examples.t .. 1/? # preservation is off
# preservation is on
t/02examples.t .. ok
t/03usage.t ..... ok
t/parse_line.t .. ok
t/pod.t ......... skipped: Test::Pod 1.00 required for testing POD
All tests successful.
Files=5, Tests=182,  1 wallclock secs ( 0.04 usr  0.01 sys +  0.36 cusr  0.10 csys =  0.51 CPU)
Result: PASS
installing
install flags: SHELL=/nix/store/9fqwwd4iybmhjqyxiaxycknslw6bgwh1-bash-4.4-p23/bin/bash pkgconfigdir=/nix/store/0xivg2cy92q6bqyrcfqp2z78ighxc0gd-perl5.32.0-Text-vFile-asData-0.08/lib/pkgconfig m4datadir=/nix/store/0xivg2cy92q6bqyrcfqp2z78ighxc0gd-perl5.32.0-Text-vFile-asData-0.08/share/aclocal aclocaldir=/nix/store/0xivg2cy92q6bqyrcfqp2z78ighxc0gd-perl5.32.0-Text-vFile-asData-0.08/share/aclocal install
Manifying 1 pod document
Installing /nix/store/0xivg2cy92q6bqyrcfqp2z78ighxc0gd-perl5.32.0-Text-vFile-asData-0.08/lib/perl5/site_perl/5.32.0/Text/vFile/asData.pm
Installing /nix/store/0xivg2cy92q6bqyrcfqp2z78ighxc0gd-perl5.32.0-Text-vFile-asData-0.08/share/man/man3/Text::vFile::asData.3
Appending installation info to /nix/store/0xivg2cy92q6bqyrcfqp2z78ighxc0gd-perl5.32.0-Text-vFile-asData-0.08/lib/perl5/5.32.0/x86_64-linux-thread-multi/perllocal.pod
post-installation fixup
Moving /nix/store/0xivg2cy92q6bqyrcfqp2z78ighxc0gd-perl5.32.0-Text-vFile-asData-0.08/share/man/man3 to /nix/store/cpky3d8rbnj7adpk7gcy5hjy7yxv5vjg-perl5.32.0-Text-vFile-asData-0.08-devdoc/share/man/man3
Removing empty /nix/store/0xivg2cy92q6bqyrcfqp2z78ighxc0gd-perl5.32.0-Text-vFile-asData-0.08/share/man/ and (possibly) its parents
shrinking RPATHs of ELF executables and libraries in /nix/store/0xivg2cy92q6bqyrcfqp2z78ighxc0gd-perl5.32.0-Text-vFile-asData-0.08
strip is /nix/store/psyzbhp4p088sb9qcs378hfbslcalasl-binutils-2.31.1/bin/strip
stripping (with command strip and flags -S) in /nix/store/0xivg2cy92q6bqyrcfqp2z78ighxc0gd-perl5.32.0-Text-vFile-asData-0.08/lib
patching script interpreter paths in /nix/store/0xivg2cy92q6bqyrcfqp2z78ighxc0gd-perl5.32.0-Text-vFile-asData-0.08
checking for references to /build/ in /nix/store/0xivg2cy92q6bqyrcfqp2z78ighxc0gd-perl5.32.0-Text-vFile-asData-0.08...
shrinking RPATHs of ELF executables and libraries in /nix/store/cpky3d8rbnj7adpk7gcy5hjy7yxv5vjg-perl5.32.0-Text-vFile-asData-0.08-devdoc
gzipping man pages under /nix/store/cpky3d8rbnj7adpk7gcy5hjy7yxv5vjg-perl5.32.0-Text-vFile-asData-0.08-devdoc/share/man/
strip is /nix/store/psyzbhp4p088sb9qcs378hfbslcalasl-binutils-2.31.1/bin/strip
patching script interpreter paths in /nix/store/cpky3d8rbnj7adpk7gcy5hjy7yxv5vjg-perl5.32.0-Text-vFile-asData-0.08-devdoc
checking for references to /build/ in /nix/store/cpky3d8rbnj7adpk7gcy5hjy7yxv5vjg-perl5.32.0-Text-vFile-asData-0.08-devdoc...
building '/nix/store/4h3z216gw3fn7shjqd80favprav2nc6a-perl5.32.0-Data-ICal-0.24.drv'...
unpacking sources
unpacking source archive /nix/store/zdnz625ikjcdxj2d2hnk1aa9lcfmgrms-Data-ICal-0.24.tar.gz
source root is Data-ICal-0.24
setting SOURCE_DATE_EPOCH to timestamp 1578061119 of file Data-ICal-0.24/SIGNATURE
patching sources
configuring
patching ./examples/ical2html.pl...
patching ./t/pod-coverage.t...
patching ./t/01.simplegen.t...
patching ./t/07.roundtrip.t...
patching ./t/08.parse.t...
patching ./t/pod.t...
patching ./t/09.mime.t...
patching ./t/05.prop-params.t...
patching ./t/03.unknown-props.t...
patching ./t/04.mandatory-props.t...
patching ./t/11.crlf.t...
patching ./t/12.verson1.t...
patching ./t/02.linewrap.t...
patching ./t/06.prop-bad-quote.t...
patching ./t/10.mime-vcal10.t...
*** Module::AutoInstall version 1.19
*** Checking for Perl dependencies...
[Core Features]
- Test::More          ...loaded. (1.302175)
- Test::Warn          ...loaded. (0.36)
- Test::NoWarnings    ...loaded. (1.04)
- Test::LongString    ...loaded. (0.17)
- Class::Accessor     ...loaded. (0.51)
- Text::vFile::asData ...loaded. (0.08)
- MIME::QuotedPrint   ...loaded. (3.13)
- Class::ReturnValue  ...loaded. (0.55)
*** Module::AutoInstall configuration finished.
Checking if your kit is complete...
Looks good
Generating a Unix-style Makefile
Writing Makefile for Data::ICal
Writing MYMETA.yml and MYMETA.json
no configure script, doing nothing
building
build flags: SHELL=/nix/store/9fqwwd4iybmhjqyxiaxycknslw6bgwh1-bash-4.4-p23/bin/bash
cp lib/Data/ICal.pm blib/lib/Data/ICal.pm
cp lib/Data/ICal/Property.pm blib/lib/Data/ICal/Property.pm
cp lib/Data/ICal/Entry/Alarm/URI.pm blib/lib/Data/ICal/Entry/Alarm/URI.pm
cp lib/Data/ICal/Entry/Alarm/Audio.pm blib/lib/Data/ICal/Entry/Alarm/Audio.pm
cp lib/Data/ICal/Entry/FreeBusy.pm blib/lib/Data/ICal/Entry/FreeBusy.pm
cp lib/Data/ICal/Entry/Alarm/Procedure.pm blib/lib/Data/ICal/Entry/Alarm/Procedure.pm
cp lib/Data/ICal/Entry/TimeZone.pm blib/lib/Data/ICal/Entry/TimeZone.pm
cp lib/Data/ICal/Entry/Alarm/Display.pm blib/lib/Data/ICal/Entry/Alarm/Display.pm
cp lib/Data/ICal/Entry/Alarm/None.pm blib/lib/Data/ICal/Entry/Alarm/None.pm
cp lib/Data/ICal/Entry/Event.pm blib/lib/Data/ICal/Entry/Event.pm
cp lib/Data/ICal/Entry/Todo.pm blib/lib/Data/ICal/Entry/Todo.pm
cp lib/Data/ICal/Entry/Alarm.pm blib/lib/Data/ICal/Entry/Alarm.pm
cp lib/Data/ICal/Entry.pm blib/lib/Data/ICal/Entry.pm
cp lib/Data/ICal/Entry/TimeZone/Standard.pm blib/lib/Data/ICal/Entry/TimeZone/Standard.pm
cp lib/Data/ICal/Entry/TimeZone/Daylight.pm blib/lib/Data/ICal/Entry/TimeZone/Daylight.pm
cp lib/Data/ICal/Entry/Journal.pm blib/lib/Data/ICal/Entry/Journal.pm
cp lib/Data/ICal/Entry/Alarm/Email.pm blib/lib/Data/ICal/Entry/Alarm/Email.pm
Manifying 17 pod documents
running tests
check flags: SHELL=/nix/store/9fqwwd4iybmhjqyxiaxycknslw6bgwh1-bash-4.4-p23/bin/bash VERBOSE=y test
PERL_DL_NONLAZY=1 "/nix/store/7c044di03qa7qgr5kjjc2d787aspzp0m-perl-5.32.0/bin/perl" "-MExtUtils::Command::MM" "-MTest::Harness" "-e" "undef *Test::Harness::Switches; test_harness(0, 'inc', 'blib/lib', 'blib/arch')" t/00.load.t t/01.simplegen.t t/02.linewrap.t t/03.unknown-props.t t/04.mandatory-props.t t/05.prop-params.t t/06.prop-bad-quote.t t/07.roundtrip.t t/08.parse.t t/09.mime.t t/10.mime-vcal10.t t/11.crlf.t t/12.verson1.t t/pod-coverage.t t/pod.t
t/00.load.t ............. 1/1 # Testing Data::ICal 0.24
t/00.load.t ............. ok
t/01.simplegen.t ........ ok
t/02.linewrap.t ......... ok
t/03.unknown-props.t .... ok
t/04.mandatory-props.t .. ok
t/05.prop-params.t ...... ok
t/06.prop-bad-quote.t ... ok
t/07.roundtrip.t ........ ok
t/08.parse.t ............ ok
t/09.mime.t ............. ok
t/10.mime-vcal10.t ...... ok
t/11.crlf.t ............. ok
t/12.verson1.t .......... ok
t/pod-coverage.t ........ skipped: Test::Pod::Coverage 1.04 required for testing POD coverage
t/pod.t ................. skipped: Test::Pod 1.14 required for testing POD
All tests successful.
Files=15, Tests=162,  2 wallclock secs ( 0.06 usr  0.03 sys +  1.32 cusr  0.73 csys =  2.14 CPU)
Result: PASS
installing
install flags: SHELL=/nix/store/9fqwwd4iybmhjqyxiaxycknslw6bgwh1-bash-4.4-p23/bin/bash pkgconfigdir=/nix/store/brvs30ql52z71lwj3mq52kfyj1m8yl1l-perl5.32.0-Data-ICal-0.24/lib/pkgconfig m4datadir=/nix/store/brvs30ql52z71lwj3mq52kfyj1m8yl1l-perl5.32.0-Data-ICal-0.24/share/aclocal aclocaldir=/nix/store/brvs30ql52z71lwj3mq52kfyj1m8yl1l-perl5.32.0-Data-ICal-0.24/share/aclocal install
Manifying 17 pod documents
Installing /nix/store/brvs30ql52z71lwj3mq52kfyj1m8yl1l-perl5.32.0-Data-ICal-0.24/lib/perl5/site_perl/5.32.0/Data/ICal.pm
Installing /nix/store/brvs30ql52z71lwj3mq52kfyj1m8yl1l-perl5.32.0-Data-ICal-0.24/lib/perl5/site_perl/5.32.0/Data/ICal/Property.pm
Installing /nix/store/brvs30ql52z71lwj3mq52kfyj1m8yl1l-perl5.32.0-Data-ICal-0.24/lib/perl5/site_perl/5.32.0/Data/ICal/Entry.pm
Installing /nix/store/brvs30ql52z71lwj3mq52kfyj1m8yl1l-perl5.32.0-Data-ICal-0.24/lib/perl5/site_perl/5.32.0/Data/ICal/Entry/FreeBusy.pm
Installing /nix/store/brvs30ql52z71lwj3mq52kfyj1m8yl1l-perl5.32.0-Data-ICal-0.24/lib/perl5/site_perl/5.32.0/Data/ICal/Entry/TimeZone.pm
Installing /nix/store/brvs30ql52z71lwj3mq52kfyj1m8yl1l-perl5.32.0-Data-ICal-0.24/lib/perl5/site_perl/5.32.0/Data/ICal/Entry/Alarm.pm
Installing /nix/store/brvs30ql52z71lwj3mq52kfyj1m8yl1l-perl5.32.0-Data-ICal-0.24/lib/perl5/site_perl/5.32.0/Data/ICal/Entry/Journal.pm
Installing /nix/store/brvs30ql52z71lwj3mq52kfyj1m8yl1l-perl5.32.0-Data-ICal-0.24/lib/perl5/site_perl/5.32.0/Data/ICal/Entry/Event.pm
Installing /nix/store/brvs30ql52z71lwj3mq52kfyj1m8yl1l-perl5.32.0-Data-ICal-0.24/lib/perl5/site_perl/5.32.0/Data/ICal/Entry/Todo.pm
Installing /nix/store/brvs30ql52z71lwj3mq52kfyj1m8yl1l-perl5.32.0-Data-ICal-0.24/lib/perl5/site_perl/5.32.0/Data/ICal/Entry/TimeZone/Standard.pm
Installing /nix/store/brvs30ql52z71lwj3mq52kfyj1m8yl1l-perl5.32.0-Data-ICal-0.24/lib/perl5/site_perl/5.32.0/Data/ICal/Entry/TimeZone/Daylight.pm
Installing /nix/store/brvs30ql52z71lwj3mq52kfyj1m8yl1l-perl5.32.0-Data-ICal-0.24/lib/perl5/site_perl/5.32.0/Data/ICal/Entry/Alarm/Email.pm
Installing /nix/store/brvs30ql52z71lwj3mq52kfyj1m8yl1l-perl5.32.0-Data-ICal-0.24/lib/perl5/site_perl/5.32.0/Data/ICal/Entry/Alarm/Procedure.pm
Installing /nix/store/brvs30ql52z71lwj3mq52kfyj1m8yl1l-perl5.32.0-Data-ICal-0.24/lib/perl5/site_perl/5.32.0/Data/ICal/Entry/Alarm/None.pm
Installing /nix/store/brvs30ql52z71lwj3mq52kfyj1m8yl1l-perl5.32.0-Data-ICal-0.24/lib/perl5/site_perl/5.32.0/Data/ICal/Entry/Alarm/Display.pm
Installing /nix/store/brvs30ql52z71lwj3mq52kfyj1m8yl1l-perl5.32.0-Data-ICal-0.24/lib/perl5/site_perl/5.32.0/Data/ICal/Entry/Alarm/Audio.pm
Installing /nix/store/brvs30ql52z71lwj3mq52kfyj1m8yl1l-perl5.32.0-Data-ICal-0.24/lib/perl5/site_perl/5.32.0/Data/ICal/Entry/Alarm/URI.pm
Installing /nix/store/brvs30ql52z71lwj3mq52kfyj1m8yl1l-perl5.32.0-Data-ICal-0.24/share/man/man3/Data::ICal::Entry::Alarm::URI.3
Installing /nix/store/brvs30ql52z71lwj3mq52kfyj1m8yl1l-perl5.32.0-Data-ICal-0.24/share/man/man3/Data::ICal::Entry::Journal.3
Installing /nix/store/brvs30ql52z71lwj3mq52kfyj1m8yl1l-perl5.32.0-Data-ICal-0.24/share/man/man3/Data::ICal.3
Installing /nix/store/brvs30ql52z71lwj3mq52kfyj1m8yl1l-perl5.32.0-Data-ICal-0.24/share/man/man3/Data::ICal::Entry::Alarm::Display.3
Installing /nix/store/brvs30ql52z71lwj3mq52kfyj1m8yl1l-perl5.32.0-Data-ICal-0.24/share/man/man3/Data::ICal::Entry::FreeBusy.3
Installing /nix/store/brvs30ql52z71lwj3mq52kfyj1m8yl1l-perl5.32.0-Data-ICal-0.24/share/man/man3/Data::ICal::Entry::Todo.3
Installing /nix/store/brvs30ql52z71lwj3mq52kfyj1m8yl1l-perl5.32.0-Data-ICal-0.24/share/man/man3/Data::ICal::Entry::Alarm::Email.3
Installing /nix/store/brvs30ql52z71lwj3mq52kfyj1m8yl1l-perl5.32.0-Data-ICal-0.24/share/man/man3/Data::ICal::Entry::TimeZone::Standard.3
Installing /nix/store/brvs30ql52z71lwj3mq52kfyj1m8yl1l-perl5.32.0-Data-ICal-0.24/share/man/man3/Data::ICal::Property.3
Installing /nix/store/brvs30ql52z71lwj3mq52kfyj1m8yl1l-perl5.32.0-Data-ICal-0.24/share/man/man3/Data::ICal::Entry.3
Installing /nix/store/brvs30ql52z71lwj3mq52kfyj1m8yl1l-perl5.32.0-Data-ICal-0.24/share/man/man3/Data::ICal::Entry::Alarm::Procedure.3
Installing /nix/store/brvs30ql52z71lwj3mq52kfyj1m8yl1l-perl5.32.0-Data-ICal-0.24/share/man/man3/Data::ICal::Entry::TimeZone::Daylight.3
Installing /nix/store/brvs30ql52z71lwj3mq52kfyj1m8yl1l-perl5.32.0-Data-ICal-0.24/share/man/man3/Data::ICal::Entry::Event.3
Installing /nix/store/brvs30ql52z71lwj3mq52kfyj1m8yl1l-perl5.32.0-Data-ICal-0.24/share/man/man3/Data::ICal::Entry::Alarm.3
Installing /nix/store/brvs30ql52z71lwj3mq52kfyj1m8yl1l-perl5.32.0-Data-ICal-0.24/share/man/man3/Data::ICal::Entry::TimeZone.3
Installing /nix/store/brvs30ql52z71lwj3mq52kfyj1m8yl1l-perl5.32.0-Data-ICal-0.24/share/man/man3/Data::ICal::Entry::Alarm::None.3
Installing /nix/store/brvs30ql52z71lwj3mq52kfyj1m8yl1l-perl5.32.0-Data-ICal-0.24/share/man/man3/Data::ICal::Entry::Alarm::Audio.3
Appending installation info to /nix/store/brvs30ql52z71lwj3mq52kfyj1m8yl1l-perl5.32.0-Data-ICal-0.24/lib/perl5/5.32.0/x86_64-linux-thread-multi/perllocal.pod
post-installation fixup
Moving /nix/store/brvs30ql52z71lwj3mq52kfyj1m8yl1l-perl5.32.0-Data-ICal-0.24/share/man/man3 to /nix/store/i92lppfgmcxwrhs5cvfc6jw3a08yzjjm-perl5.32.0-Data-ICal-0.24-devdoc/share/man/man3
Removing empty /nix/store/brvs30ql52z71lwj3mq52kfyj1m8yl1l-perl5.32.0-Data-ICal-0.24/share/man/ and (possibly) its parents
shrinking RPATHs of ELF executables and libraries in /nix/store/brvs30ql52z71lwj3mq52kfyj1m8yl1l-perl5.32.0-Data-ICal-0.24
strip is /nix/store/psyzbhp4p088sb9qcs378hfbslcalasl-binutils-2.31.1/bin/strip
stripping (with command strip and flags -S) in /nix/store/brvs30ql52z71lwj3mq52kfyj1m8yl1l-perl5.32.0-Data-ICal-0.24/lib
patching script interpreter paths in /nix/store/brvs30ql52z71lwj3mq52kfyj1m8yl1l-perl5.32.0-Data-ICal-0.24
checking for references to /build/ in /nix/store/brvs30ql52z71lwj3mq52kfyj1m8yl1l-perl5.32.0-Data-ICal-0.24...
shrinking RPATHs of ELF executables and libraries in /nix/store/i92lppfgmcxwrhs5cvfc6jw3a08yzjjm-perl5.32.0-Data-ICal-0.24-devdoc
gzipping man pages under /nix/store/i92lppfgmcxwrhs5cvfc6jw3a08yzjjm-perl5.32.0-Data-ICal-0.24-devdoc/share/man/
strip is /nix/store/psyzbhp4p088sb9qcs378hfbslcalasl-binutils-2.31.1/bin/strip
patching script interpreter paths in /nix/store/i92lppfgmcxwrhs5cvfc6jw3a08yzjjm-perl5.32.0-Data-ICal-0.24-devdoc
checking for references to /build/ in /nix/store/i92lppfgmcxwrhs5cvfc6jw3a08yzjjm-perl5.32.0-Data-ICal-0.24-devdoc...
/nix/store/brvs30ql52z71lwj3mq52kfyj1m8yl1l-perl5.32.0-Data-ICal-0.24
