these derivations will be built:
  /nix/store/jxmnv5dkksa3llxkd5pdxfzx39qi5k3i-perl5.32.0-Data-Util-0.66.drv
building '/nix/store/jxmnv5dkksa3llxkd5pdxfzx39qi5k3i-perl5.32.0-Data-Util-0.66.drv'...
unpacking sources
unpacking source archive /nix/store/ay2b07b4gqfp5nr8mg13crkgblwawni7-Data-Util-0.66.tar.gz
source root is Data-Util-0.66
setting SOURCE_DATE_EPOCH to timestamp 1491412214 of file Data-Util-0.66/xt/pp07_threads.t
patching sources
configuring
patching ./example/export_lexical.pl...
patching ./example/curry.pl...
patching ./example/neat.pl...
patching ./example/modifier.pl...
patching ./example/synopsis.pl...
patching ./xt/02_pod-coverage.t...
patching ./xt/03_synopsis.t...
patching ./xt/pp07_threads.t...
patching ./xt/07_threads.t...
patching ./xt/01_pod.t...
patching ./t/pp22_install2.t...
patching ./t/16_modify.t...
patching ./t/05_get_stash.t...
patching ./t/pp05_get_stash.t...
patching ./t/pp20_lexical_sub.t...
patching ./t/12_in_attr_handler.t...
patching ./t/pp04_overloaded.t...
patching ./t/pp14_uninst_subr.t...
patching ./t/23_largeargs.t...
patching ./t/pp02_inst.t...
patching ./t/20_lexical_sub.t...
patching ./t/pp16_modify.t...
patching ./t/19_multiple_modifiers.t...
patching ./t/pp13_optlist.t...
patching ./t/pp12_in_attr_handler.t...
patching ./t/pp21_get_code_ref.t...
patching ./t/11_fail_handler.t...
patching ./t/13_optlist.t...
patching ./t/04_overloaded.t...
patching ./t/03_gen.t...
patching ./t/pp03_gen.t...
patching ./t/pp11_fail_handler.t...
patching ./t/pp15_curry.t...
patching ./t/pp01_refs.t...
patching ./t/pp00_load.t...
patching ./t/24_eval_in_modifiers.t...
patching ./t/00_load.t...
patching ./t/pp18_is_value.t...
patching ./t/18_is_value.t...
patching ./t/02_inst.t...
patching ./t/08_mgvars.t...
patching ./t/pp24_eval_in_modifiers.t...
patching ./t/pp06_subroutine.t...
patching ./t/pp08_mgvars.t...
patching ./t/pp10_neat.t...
patching ./t/21_get_code_ref.t...
patching ./t/17_nsclean.t...
patching ./t/01_refs.t...
patching ./t/pp19_multiple_modifiers.t...
patching ./t/14_uninst_subr.t...
patching ./t/22_install2.t...
patching ./t/09_paranoia.t...
patching ./t/10_neat.t...
patching ./t/pp23_largeargs.t...
patching ./t/06_subroutine.t...
patching ./t/15_curry.t...
patching ./t/pp17_nsclean.t...
patching ./benchmark/modify_bench.pl...
patching ./benchmark/install_subr_bench.pl...
patching ./benchmark/gen_bench.pl...
patching ./benchmark/number_bench.pl...
patching ./benchmark/export_bench.pl...
patching ./benchmark/get_code_ref_bench.pl...
patching ./benchmark/invocant_bench.pl...
patching ./benchmark/get_stash_bench.pl...
patching ./benchmark/curry_bench.pl...
patching ./benchmark/methext_bench.pl...
patching ./benchmark/mkopt_bench.pl...
patching ./benchmark/modifier_bench.pl...
patching ./benchmark/ref_bench.pl...
patching ./benchmark/instance_bench.pl...
no configure script, doing nothing
building
Created MYMETA.yml and MYMETA.json
Creating new 'Build' script for 'Data-Util' version '0.66'
Building Data-Util
gcc -Ixs-src -I/nix/store/7c044di03qa7qgr5kjjc2d787aspzp0m-perl-5.32.0/lib/perl5/5.32.0/x86_64-linux-thread-multi/CORE -fPIC -c -D_REENTRANT -D_GNU_SOURCE -fwrapv -fno-strict-aliasing -pipe -fstack-protector-strong -I/no-such-path/include -D_LARGEFILE_SOURCE -D_FILE_OFFSET_BITS=64 -O2 -o xs-src/misc_scalar.o xs-src/misc_scalar.c
gcc -Ixs-src -I/nix/store/7c044di03qa7qgr5kjjc2d787aspzp0m-perl-5.32.0/lib/perl5/5.32.0/x86_64-linux-thread-multi/CORE -fPIC -c -D_REENTRANT -D_GNU_SOURCE -fwrapv -fno-strict-aliasing -pipe -fstack-protector-strong -I/no-such-path/include -D_LARGEFILE_SOURCE -D_FILE_OFFSET_BITS=64 -O2 -o xs-src/subs.o xs-src/subs.c
gcc -Ixs-src -I/nix/store/7c044di03qa7qgr5kjjc2d787aspzp0m-perl-5.32.0/lib/perl5/5.32.0/x86_64-linux-thread-multi/CORE -DVERSION="0.66" -DXS_VERSION="0.66" -fPIC -c -D_REENTRANT -D_GNU_SOURCE -fwrapv -fno-strict-aliasing -pipe -fstack-protector-strong -I/no-such-path/include -D_LARGEFILE_SOURCE -D_FILE_OFFSET_BITS=64 -O2 -o lib/Data/Util.o lib/Data/Util.c
In file included from /nix/store/7c044di03qa7qgr5kjjc2d787aspzp0m-perl-5.32.0/lib/perl5/5.32.0/x86_64-linux-thread-multi/CORE/perl.h:28,
                 from xs-src/xshelper.h:36,
                 from xs-src/data-util.h:2,
                 from lib/Data/Util.xs:5:
lib/Data/Util.xs: In function 'S_nv_is_integer':
/nix/store/7c044di03qa7qgr5kjjc2d787aspzp0m-perl-5.32.0/lib/perl5/5.32.0/x86_64-linux-thread-multi/CORE/config.h:909:27: warning: ignoring return value of 'gcvt', declared with attribute warn_unused_result [-Wunused-result]
  909 | #define Gconvert(x,n,t,b) gcvt((x),(n),(b))
      |                           ^~~~~~~~~~~~~~~~~
lib/Data/Util.xs:107:15: note: in expansion of macro 'Gconvert'
  107 |         (void)Gconvert(nv, NV_DIG, 0, buf);
      |               ^~~~~~~~
ExtUtils::Mkbootstrap::Mkbootstrap('blib/arch/auto/Data/Util/Util.bs')
ld -shared -O2 -L/nix/store/68pw3wxwkrx0rwzjifm7g1jxy5g2sg1p-glibc-2.31/lib -fstack-protector-strong -o blib/arch/auto/Data/Util/Util.so lib/Data/Util.o xs-src/misc_scalar.o xs-src/subs.o
running tests
t/00_load.t .................. 1/1 # Testing Data::Util 0.66 (XS)
t/00_load.t .................. ok
t/01_refs.t .................. # Testing XS
t/01_refs.t .................. ok
t/02_inst.t .................. ok
t/03_gen.t ................... ok
t/04_overloaded.t ............ ok
t/05_get_stash.t ............. ok
t/06_subroutine.t ............ ok
t/08_mgvars.t ................ ok
t/09_paranoia.t .............. 1/26 Can't locate package A for @Bar::ISA during global destruction.
t/09_paranoia.t .............. ok
t/10_neat.t .................. ok
t/11_fail_handler.t .......... ok
t/12_in_attr_handler.t ....... skipped: This test is for old perls
t/13_optlist.t ............... ok
t/14_uninst_subr.t ........... ok
t/15_curry.t ................. ok
t/16_modify.t ................ ok
t/17_nsclean.t ............... ok
t/18_is_value.t .............. ok
t/19_multiple_modifiers.t .... ok
t/20_lexical_sub.t ........... ok
t/21_get_code_ref.t .......... ok
t/22_install2.t .............. ok
t/23_largeargs.t ............. ok
t/24_eval_in_modifiers.t ..... ok
t/pp00_load.t ................ ok
t/pp01_refs.t ................ # Testing PurePerl
t/pp01_refs.t ................ ok
t/pp02_inst.t ................ ok
t/pp03_gen.t ................. ok
t/pp04_overloaded.t .......... ok
t/pp05_get_stash.t ........... ok
t/pp06_subroutine.t .......... ok
t/pp08_mgvars.t .............. ok
t/pp10_neat.t ................ ok
t/pp11_fail_handler.t ........ ok
t/pp12_in_attr_handler.t ..... skipped: This test is for old perls
t/pp13_optlist.t ............. ok
t/pp14_uninst_subr.t ......... ok
t/pp15_curry.t ............... ok
t/pp16_modify.t .............. ok
t/pp17_nsclean.t ............. ok
t/pp18_is_value.t ............ ok
t/pp19_multiple_modifiers.t .. ok
t/pp20_lexical_sub.t ......... ok
t/pp21_get_code_ref.t ........ ok
t/pp22_install2.t ............ ok
t/pp23_largeargs.t ........... ok
t/pp24_eval_in_modifiers.t ... ok
All tests successful.
Files=47, Tests=1141,  5 wallclock secs ( 0.19 usr  0.07 sys +  3.34 cusr  1.85 csys =  5.45 CPU)
Result: PASS
installing
Building Data-Util
Files found in blib/arch: installing files in blib/lib into architecture dependent library tree
Installing /nix/store/mbpc71znkd3qivlapgrxb6zkrf5000ll-perl5.32.0-Data-Util-0.66/lib/perl5/site_perl/5.32.0/x86_64-linux-thread-multi/auto/Data/Util/Util.so
Installing /nix/store/mbpc71znkd3qivlapgrxb6zkrf5000ll-perl5.32.0-Data-Util-0.66/lib/perl5/site_perl/5.32.0/x86_64-linux-thread-multi/auto/Data/Util/Util.bs
Installing /nix/store/mbpc71znkd3qivlapgrxb6zkrf5000ll-perl5.32.0-Data-Util-0.66/lib/perl5/site_perl/5.32.0/x86_64-linux-thread-multi/Data/Util.pm
Installing /nix/store/mbpc71znkd3qivlapgrxb6zkrf5000ll-perl5.32.0-Data-Util-0.66/lib/perl5/site_perl/5.32.0/x86_64-linux-thread-multi/Data/Util/JA.pod
Installing /nix/store/mbpc71znkd3qivlapgrxb6zkrf5000ll-perl5.32.0-Data-Util-0.66/lib/perl5/site_perl/5.32.0/x86_64-linux-thread-multi/Data/Util/PurePerl.pm
Installing /nix/store/mbpc71znkd3qivlapgrxb6zkrf5000ll-perl5.32.0-Data-Util-0.66/lib/perl5/site_perl/5.32.0/x86_64-linux-thread-multi/Data/Util/Curry.pod
Installing /nix/store/mbpc71znkd3qivlapgrxb6zkrf5000ll-perl5.32.0-Data-Util-0.66/lib/perl5/site_perl/5.32.0/x86_64-linux-thread-multi/Data/Util/Error.pm
Installing /nix/store/mbpc71znkd3qivlapgrxb6zkrf5000ll-perl5.32.0-Data-Util-0.66/share/man/man3/Data::Util::Curry.3
Installing /nix/store/mbpc71znkd3qivlapgrxb6zkrf5000ll-perl5.32.0-Data-Util-0.66/share/man/man3/Data::Util::JA.3
Installing /nix/store/mbpc71znkd3qivlapgrxb6zkrf5000ll-perl5.32.0-Data-Util-0.66/share/man/man3/Data::Util::Error.3
Installing /nix/store/mbpc71znkd3qivlapgrxb6zkrf5000ll-perl5.32.0-Data-Util-0.66/share/man/man3/Data::Util::PurePerl.3
Installing /nix/store/mbpc71znkd3qivlapgrxb6zkrf5000ll-perl5.32.0-Data-Util-0.66/share/man/man3/Data::Util.3
post-installation fixup
Moving /nix/store/mbpc71znkd3qivlapgrxb6zkrf5000ll-perl5.32.0-Data-Util-0.66/share/man/man3 to /nix/store/ji7nz3lzd7lxscw1lybr9lqjq9mxbna6-perl5.32.0-Data-Util-0.66-devdoc/share/man/man3
Removing empty /nix/store/mbpc71znkd3qivlapgrxb6zkrf5000ll-perl5.32.0-Data-Util-0.66/share/man/ and (possibly) its parents
shrinking RPATHs of ELF executables and libraries in /nix/store/mbpc71znkd3qivlapgrxb6zkrf5000ll-perl5.32.0-Data-Util-0.66
shrinking /nix/store/mbpc71znkd3qivlapgrxb6zkrf5000ll-perl5.32.0-Data-Util-0.66/lib/perl5/site_perl/5.32.0/x86_64-linux-thread-multi/auto/Data/Util/Util.so
strip is /nix/store/psyzbhp4p088sb9qcs378hfbslcalasl-binutils-2.31.1/bin/strip
stripping (with command strip and flags -S) in /nix/store/mbpc71znkd3qivlapgrxb6zkrf5000ll-perl5.32.0-Data-Util-0.66/lib
patching script interpreter paths in /nix/store/mbpc71znkd3qivlapgrxb6zkrf5000ll-perl5.32.0-Data-Util-0.66
checking for references to /build/ in /nix/store/mbpc71znkd3qivlapgrxb6zkrf5000ll-perl5.32.0-Data-Util-0.66...
shrinking RPATHs of ELF executables and libraries in /nix/store/ji7nz3lzd7lxscw1lybr9lqjq9mxbna6-perl5.32.0-Data-Util-0.66-devdoc
gzipping man pages under /nix/store/ji7nz3lzd7lxscw1lybr9lqjq9mxbna6-perl5.32.0-Data-Util-0.66-devdoc/share/man/
strip is /nix/store/psyzbhp4p088sb9qcs378hfbslcalasl-binutils-2.31.1/bin/strip
patching script interpreter paths in /nix/store/ji7nz3lzd7lxscw1lybr9lqjq9mxbna6-perl5.32.0-Data-Util-0.66-devdoc
checking for references to /build/ in /nix/store/ji7nz3lzd7lxscw1lybr9lqjq9mxbna6-perl5.32.0-Data-Util-0.66-devdoc...
/nix/store/mbpc71znkd3qivlapgrxb6zkrf5000ll-perl5.32.0-Data-Util-0.66
