these derivations will be built:
  /nix/store/b2qh8s8pvl94xhhws2qyj14j4g4wv81a-perl5.32.0-NetAddr-IP-4.079.drv
  /nix/store/9kx2m9vlvlhqsyz6y6wlnp9978fwn8yr-perl5.32.0-Data-Validate-IP-0.27.drv
building '/nix/store/b2qh8s8pvl94xhhws2qyj14j4g4wv81a-perl5.32.0-NetAddr-IP-4.079.drv'...
unpacking sources
unpacking source archive /nix/store/j9m1linv14kf639hijl1d0cy497dsmsm-NetAddr-IP-4.079.tar.gz
source root is NetAddr-IP-4.079
setting SOURCE_DATE_EPOCH to timestamp 1458954301 of file NetAddr-IP-4.079/META.yml
patching sources
configuring
patching ./Lite/bug2742981...
patching ./Lite/Lite.pm...
patching ./Lite/Util/Util.pm...
patching ./Lite/Util/tlib/NetAddr/IP/Util_IS.pm...
patching ./Lite/Util/configure.cc...
patching ./Lite/Util/lib/NetAddr/IP/UtilPP.pm...
patching ./Lite/Util/lib/NetAddr/IP/InetBase.pm...
patching ./Lite/Util/configure.gcc...
patching ./t/imhoff.t...
patching ./IP.pm...

This build requires a C compiler by default except on Windows where
the Pure Perl version is mandatory. The Pure Perl version, which does
not require compilation of XS code, can be used by invoking this as:

  perl Makefile.PL -noxs


======================================================================
W A R N I N G - Please do read below if you have legacy code
======================================================================

Versions 3.21 and above of NetAddr::IP, include hooks for the Storable
class that are incompatible with the old (automatic) method of storing
data. To regain backwards compatibility, the module must be use()d as

    use NetAddr::IP ':old_storable';

which will disable the new hooks and revert back to the old ways.

If you do not use Storable along with NetAddr::IP, or just don't know
what this all means, most likely you're safe to go ahead.

Versions before 3.25 recognized by default IP addresses as returned by
inet_aton. This is no longer the default. To enable this behavior
again, the module must be use()d as

    use NetAddr::IP ':aton';

Versions before 4.008 recognized the above syntax. This behavior is
fundamentally broken, is DEPRECATED and WILL BE REMOVED in version 5.0
Use this method to create new objects from 'aton's

    $ip = new_from_aton NetAddr::IP(inet_aton('1.2.3.4'))

Checking if your kit is complete...
Looks good
Checking if your kit is complete...
Looks good
building for linux
Testing if you have a C compiler and the needed header files....
gcc compile.c -o compile.output
You have a working compiler.
checking for gcc... gcc
checking for C compiler default output file name... a.out
checking whether the C compiler works... yes
checking whether we are cross compiling... no
checking for suffix of executables...
checking for suffix of object files... o
checking whether we are using the GNU C compiler... yes
checking whether gcc accepts -g... yes
checking for gcc option to accept ISO C89... none needed
checking how to run the C preprocessor... gcc -E
checking for grep that handles long lines and -e... /nix/store/0b0kdaczss42xfn3wdpz83sjhnsk2708-gnugrep-3.4/bin/grep
checking for egrep... /nix/store/0b0kdaczss42xfn3wdpz83sjhnsk2708-gnugrep-3.4/bin/grep -E
checking for ANSI C header files... yes
checking for sys/types.h... yes
checking for sys/stat.h... yes
checking for stdlib.h... yes
checking for string.h... yes
checking for memory.h... yes
checking for strings.h... yes
checking for inttypes.h... yes
checking for stdint.h... yes
checking for unistd.h... yes
checking sys/socket.h usability... yes
checking sys/socket.h presence... yes
checking for sys/socket.h... yes
checking netinet/in.h usability... yes
checking netinet/in.h presence... yes
checking for netinet/in.h... yes
checking arpa/inet.h usability... yes
checking arpa/inet.h presence... yes
checking for arpa/inet.h... yes
checking netdb.h usability... yes
checking netdb.h presence... yes
checking for netdb.h... yes
checking for an ANSI C-conforming const... yes
checking for int32_t... yes
checking for uint16_t... yes
checking for uint32_t... yes
checking for uint8_t... yes
checking whether gcc needs -traditional... no
checking for library containing gethostbyname... none required
checking for library containing inet_aton... none required
checking for library containing inet_pton... none required
checking for library containing inet_addr... none required
checking whether byte ordering is bigendian... no
checking for uint8_t... yes
checking size of uint8_t... 1
checking for uint16_t... yes
checking size of uint16_t... 2
checking for uint32_t... yes
checking size of uint32_t... 4
checking for u_int8_t... yes
checking size of u_int8_t... 1
checking for u_int16_t... yes
checking size of u_int16_t... 2
checking for u_int32_t... yes
checking size of u_int32_t... 4
configure.gcc: creating ./config.status
config.status: creating config.h
Checking if your kit is complete...
Looks good
Writing MYMETA.yml and MYMETA.json
Writing MYMETA.yml and MYMETA.json
Generating a Unix-style Makefile
Writing Makefile for NetAddr::IP
Writing MYMETA.yml and MYMETA.json
no configure script, doing nothing
building
build flags: SHELL=/nix/store/9fqwwd4iybmhjqyxiaxycknslw6bgwh1-bash-4.4-p23/bin/bash
cp IP.pm blib/lib/NetAddr/IP.pm
AutoSplitting blib/lib/NetAddr/IP.pm (blib/lib/auto/NetAddr/IP)
make[1]: Entering directory '/build/NetAddr-IP-4.079/Lite'
cp Lite.pm ../blib/lib/NetAddr/IP/Lite.pm
make[2]: Entering directory '/build/NetAddr-IP-4.079/Lite/Util'
cp Util.pm ../../blib/lib/NetAddr/IP/Util.pm
AutoSplitting ../../blib/lib/NetAddr/IP/Util.pm (../../blib/lib/auto/NetAddr/IP/Util)
cp Util_IS.pm ../../blib/lib/NetAddr/IP/Util_IS.pm
cp lib/NetAddr/IP/UtilPP.pm ../../blib/lib/NetAddr/IP/UtilPP.pm
AutoSplitting ../../blib/lib/NetAddr/IP/UtilPP.pm (../../blib/lib/auto/NetAddr/IP/UtilPP)
cp lib/NetAddr/IP/InetBase.pm ../../blib/lib/NetAddr/IP/InetBase.pm
AutoSplitting ../../blib/lib/NetAddr/IP/InetBase.pm (../../blib/lib/auto/NetAddr/IP/InetBase)
Running Mkbootstrap for Util ()
chmod 644 "Util.bs"
"/nix/store/7c044di03qa7qgr5kjjc2d787aspzp0m-perl-5.32.0/bin/perl" -MExtUtils::Command::MM -e 'cp_nonempty' -- Util.bs ../../blib/arch/auto/NetAddr/IP/Util/Util.bs 644
"/nix/store/7c044di03qa7qgr5kjjc2d787aspzp0m-perl-5.32.0/bin/perl" "/nix/store/7c044di03qa7qgr5kjjc2d787aspzp0m-perl-5.32.0/lib/perl5/5.32.0/ExtUtils/xsubpp"  -typemap '/nix/store/7c044di03qa7qgr5kjjc2d787aspzp0m-perl-5.32.0/lib/perl5/5.32.0/ExtUtils/typemap' -typemap '/build/NetAddr-IP-4.079/Lite/Util/typemap'  Util.xs > Util.xsc
mv Util.xsc Util.c
cc -c   -D_REENTRANT -D_GNU_SOURCE -fwrapv -fno-strict-aliasing -pipe -fstack-protector-strong -I/no-such-path/include -D_LARGEFILE_SOURCE -D_FILE_OFFSET_BITS=64 -O2   -DVERSION=\"1.53\" -DXS_VERSION=\"1.53\" -fPIC "-I/nix/store/7c044di03qa7qgr5kjjc2d787aspzp0m-perl-5.32.0/lib/perl5/5.32.0/x86_64-linux-thread-multi/CORE"   Util.c
Util.xs: In function 'XS_NetAddr__IP__Util_comp128':
Util.xs:501:10: warning: format '%d' expects argument of type 'int', but argument 4 has type 'STRLEN' {aka 'long unsigned int'} [-Wformat=]
  501 |    croak("Bad arg length for %s%s, length is %d, should be %d",
      |          ^~~~~~~~~~~~~~~~~~~~~~~~~~~~~~~~~~~~~~~~~~~~~~~~~~~~~
  502 |   "NetAddr::IP::Util::",subname,len *8,128);
      |                                 ~~~~~~
      |                                     |
      |                                     STRLEN {aka long unsigned int}
Util.xs: In function 'XS_NetAddr__IP__Util_add128':
Util.xs:555:10: warning: format '%d' expects argument of type 'int', but argument 4 has type 'STRLEN' {aka 'long unsigned int'} [-Wformat=]
  555 |    croak("Bad arg length for %s%s, length is %d, should be %d",
      |          ^~~~~~~~~~~~~~~~~~~~~~~~~~~~~~~~~~~~~~~~~~~~~~~~~~~~~
  556 |   "NetAddr::IP::Util::",subname,len *8,128);
      |                                 ~~~~~~
      |                                     |
      |                                     STRLEN {aka long unsigned int}
Util.xs: In function 'XS_NetAddr__IP__Util_addconst':
Util.xs:591:10: warning: format '%d' expects argument of type 'int', but argument 3 has type 'STRLEN' {aka 'long unsigned int'} [-Wformat=]
  591 |    croak("Bad arg length for %s, length is %d, should be %d",
      |          ^~~~~~~~~~~~~~~~~~~~~~~~~~~~~~~~~~~~~~~~~~~~~~~~~~~
  592 |   "NetAddr::IP::Util::addconst",len *8,128);
      |                                 ~~~~~~
      |                                     |
      |                                     STRLEN {aka long unsigned int}
Util.xs: In function 'XS_NetAddr__IP__Util_hasbits':
Util.xs:615:10: warning: format '%d' expects argument of type 'int', but argument 4 has type 'STRLEN' {aka 'long unsigned int'} [-Wformat=]
  615 |    croak("Bad arg length for %s%s, length is %d, should be %d",
      |          ^~~~~~~~~~~~~~~~~~~~~~~~~~~~~~~~~~~~~~~~~~~~~~~~~~~~~
  616 |   "NetAddr::IP::Util::",subname,len *8,128);
      |                                 ~~~~~~
      |                                     |
      |                                     STRLEN {aka long unsigned int}
Util.xs: In function 'XS_NetAddr__IP__Util_bin2bcd':
Util.xs:636:12: warning: format '%d' expects argument of type 'int', but argument 3 has type 'STRLEN' {aka 'long unsigned int'} [-Wformat=]
  636 |      croak("Bad arg length for %s, length is %d, should be %d",
      |            ^~~~~~~~~~~~~~~~~~~~~~~~~~~~~~~~~~~~~~~~~~~~~~~~~~~
  637 |   "NetAddr::IP::Util::bin2bcd",len *8,128);
      |                                ~~~~~~
      |                                    |
      |                                    STRLEN {aka long unsigned int}
Util.xs:644:12: warning: format '%d' expects argument of type 'int', but argument 3 has type 'STRLEN' {aka 'long unsigned int'} [-Wformat=]
  644 |      croak("Bad arg length for %s, length is %d, should be %d",
      |            ^~~~~~~~~~~~~~~~~~~~~~~~~~~~~~~~~~~~~~~~~~~~~~~~~~~
  645 |   "NetAddr::IP::Util::bin2bcdn",len *8,128);
      |                                 ~~~~~~
      |                                     |
      |                                     STRLEN {aka long unsigned int}
Util.xs:651:12: warning: format '%d' expects argument of type 'int', but argument 3 has type 'STRLEN' {aka 'long unsigned int'} [-Wformat=]
  651 |      croak("Bad arg length for %s, length is %d, should %d digits or less",
      |            ^~~~~~~~~~~~~~~~~~~~~~~~~~~~~~~~~~~~~~~~~~~~~~~~~~~~~~~~~~~~~~~
  652 |   "NetAddr::IP::Util::bcdn2txt",len *2,40);
      |                                 ~~~~~~
      |                                     |
      |                                     STRLEN {aka long unsigned int}
Util.xs: In function 'XS_NetAddr__IP__Util_bcd2bin':
Util.xs:684:10: warning: format '%d' expects argument of type 'int', but argument 4 has type 'STRLEN' {aka 'long unsigned int'} [-Wformat=]
  684 |    croak("Bad arg length for %s%s, length is %d, should be %d digits or less",
      |          ^~~~~~~~~~~~~~~~~~~~~~~~~~~~~~~~~~~~~~~~~~~~~~~~~~~~~~~~~~~~~~~~~~~~
  685 |   "NetAddr::IP::Util::",subname,len,40);
      |                                 ~~~
      |                                 |
      |                                 STRLEN {aka long unsigned int}
Util.xs: In function 'XS_NetAddr__IP__Util_notcontiguous':
Util.xs:732:10: warning: format '%d' expects argument of type 'int', but argument 3 has type 'STRLEN' {aka 'long unsigned int'} [-Wformat=]
  732 |    croak("Bad arg length for %s, length is %d, should be %d",
      |          ^~~~~~~~~~~~~~~~~~~~~~~~~~~~~~~~~~~~~~~~~~~~~~~~~~~
  733 |   "NetAddr::IP::Util::countbits",len *8,128);
      |                                  ~~~~~~
      |                                      |
      |                                      STRLEN {aka long unsigned int}
Util.xs: In function 'XS_NetAddr__IP__Util_ipv4to6':
Util.xs:761:10: warning: format '%d' expects argument of type 'int', but argument 4 has type 'STRLEN' {aka 'long unsigned int'} [-Wformat=]
  761 |    croak("Bad arg length for %s%s, length is %d, should be 32",
      |          ^~~~~~~~~~~~~~~~~~~~~~~~~~~~~~~~~~~~~~~~~~~~~~~~~~~~~
  762 |   "NetAddr::IP::Util::",subname,len *8);
      |                                 ~~~~~~
      |                                     |
      |                                     STRLEN {aka long unsigned int}
Util.xs: In function 'XS_NetAddr__IP__Util_ipanyto6':
Util.xs:797:10: warning: format '%d' expects argument of type 'int', but argument 4 has type 'STRLEN' {aka 'long unsigned int'} [-Wformat=]
  797 |    croak("Bad arg length for %s%s, length is %d, should be 32 or 128",
      |          ^~~~~~~~~~~~~~~~~~~~~~~~~~~~~~~~~~~~~~~~~~~~~~~~~~~~~~~~~~~~
  798 |   "NetAddr::IP::Util::",subname,len *8);
      |                                 ~~~~~~
      |                                     |
      |                                     STRLEN {aka long unsigned int}
rm -f ../../blib/arch/auto/NetAddr/IP/Util/Util.so
cc  -shared -O2 -L/nix/store/68pw3wxwkrx0rwzjifm7g1jxy5g2sg1p-glibc-2.31/lib -fstack-protector-strong  Util.o  -o ../../blib/arch/auto/NetAddr/IP/Util/Util.so  \
      \

chmod 755 ../../blib/arch/auto/NetAddr/IP/Util/Util.so
Manifying 3 pod documents
make[2]: Leaving directory '/build/NetAddr-IP-4.079/Lite/Util'
Manifying 1 pod document
make[1]: Leaving directory '/build/NetAddr-IP-4.079/Lite'
Manifying 1 pod document
running tests
check flags: SHELL=/nix/store/9fqwwd4iybmhjqyxiaxycknslw6bgwh1-bash-4.4-p23/bin/bash VERBOSE=y test
make[1]: Entering directory '/build/NetAddr-IP-4.079/Lite'
make[2]: Entering directory '/build/NetAddr-IP-4.079/Lite/Util'
"/nix/store/7c044di03qa7qgr5kjjc2d787aspzp0m-perl-5.32.0/bin/perl" -MExtUtils::Command::MM -e 'cp_nonempty' -- Util.bs ../../blib/arch/auto/NetAddr/IP/Util/Util.bs 644
Manifying 3 pod documents
make[2]: Leaving directory '/build/NetAddr-IP-4.079/Lite/Util'
Manifying 1 pod document
make[1]: Leaving directory '/build/NetAddr-IP-4.079/Lite'
make[1]: Entering directory '/build/NetAddr-IP-4.079/Lite'
make[2]: Entering directory '/build/NetAddr-IP-4.079/Lite/Util'
"/nix/store/7c044di03qa7qgr5kjjc2d787aspzp0m-perl-5.32.0/bin/perl" -MExtUtils::Command::MM -e 'cp_nonempty' -- Util.bs ../../blib/arch/auto/NetAddr/IP/Util/Util.bs 644
Manifying 3 pod documents
make[2]: Leaving directory '/build/NetAddr-IP-4.079/Lite/Util'
make[2]: Entering directory '/build/NetAddr-IP-4.079/Lite/Util'
"/nix/store/7c044di03qa7qgr5kjjc2d787aspzp0m-perl-5.32.0/bin/perl" -MExtUtils::Command::MM -e 'cp_nonempty' -- Util.bs ../../blib/arch/auto/NetAddr/IP/Util/Util.bs 644
PERL_DL_NONLAZY=1 "/nix/store/7c044di03qa7qgr5kjjc2d787aspzp0m-perl-5.32.0/bin/perl" "-MExtUtils::Command::MM" "-MTest::Harness" "-e" "undef *Test::Harness::Switches; test_harness(0, '../../blib/lib', '../../blib/arch')" t/*.t
t/4to6.t .................... ok
t/add128.t .................. ok
t/addconst.t ................ ok
t/af_inet6.t ................ 1/3
        Socket does not have AF_INET6, Socket6 not present
        guessed AF_INET6 for 'linux' = 10
t/af_inet6.t ................ ok
t/anyto6.t .................. ok
t/badd.t .................... ok
t/bcd2bin.t ................. ok
t/bcdn2bin.t ................ ok
t/bin.t ..................... ok
t/binet_n2ad.t .............. ok
t/binet_n2dx.t .............. ok
t/binet_ntoa.t .............. ok
t/binet_pton.t .............. ok
t/bipv4_inet.t .............. ok
t/bipv6_any2n.t ............. ok
t/bipv6func.t ............... ok
t/bisIPv4.t ................. ok
t/bpackzeros.t .............. ok
t/comp128.t ................. ok
t/croak.t ................... ok
t/hasbits.t ................. ok
t/inet_4map6.t .............. ok
t/inet_n2ad.t ............... ok
t/inet_n2dx.t ............... ok
t/inet_pton.t ............... ok
t/ipv4_inet.t ............... ok
t/ipv6_any2n.t .............. ok
t/ipv6_ntoa.t ............... ok
t/ipv6func.t ................ ok
t/ipv6to4.t ................. ok
t/isIPv4.t .................. ok
t/leftshift.t ............... ok
t/mode.t .................... 1/2       mode CC XS
t/mode.t .................... ok
t/naip_gethostbyname.t ...... ok
t/no6_naip_gethostbyname.t .. ok
t/notcontiguous.t ........... ok
t/packzeros.t ............... ok
t/simple_pack.t ............. ok
t/sub128.t .................. ok
All tests successful.
Files=39, Tests=1528,  0 wallclock secs ( 0.15 usr  0.03 sys +  0.55 cusr  0.09 csys =  0.82 CPU)
Result: PASS
make[2]: Leaving directory '/build/NetAddr-IP-4.079/Lite/Util'
PERL_DL_NONLAZY=1 "/nix/store/7c044di03qa7qgr5kjjc2d787aspzp0m-perl-5.32.0/bin/perl" "-MExtUtils::Command::MM" "-MTest::Harness" "-e" "undef *Test::Harness::Switches; test_harness(0, '../blib/lib', '../blib/arch')" t/*.t
t/addr.t .............. ok
t/aton.t .............. ok
t/bigint.t ............ ok
t/bignums.t ........... ok
t/bin_ips.t ........... ok
t/bits.t .............. ok
t/broadcast.t ......... ok
t/bug62521.t .......... ok
t/bug75976.t .......... ok
t/cidr.t .............. ok
t/constants.t ......... ok
t/contains.t .......... ok
t/copy.t .............. ok
t/firstlast.t ......... ok
t/ipv4FFFF.t .......... ok
t/is_local.t .......... ok
t/lemasklen.t ......... ok
t/loops.t ............. ok
t/lower.t ............. ok
t/mask.t .............. ok
t/masklen.t ........... ok
t/netaddr.t ........... ok
t/network.t ........... ok
t/new-nth.t ........... ok
t/new-num.t ........... ok
t/nofqdn.t ............ ok
t/numeric.t ........... ok
t/old-nth.t ........... ok
t/old-num.t ........... ok
t/over-qq.t ........... ok
t/over_comp.t ......... ok
t/over_copy.t ......... ok
t/over_equal.t ........ ok
t/over_math.t ......... ok
t/overminus.t ......... ok
t/pathological.t ...... ok
t/range.t ............. ok
t/relops.t ............ ok
t/rfc_1918.t .......... ok
t/v4-aton.t ........... ok
t/v4-badnm.t .......... ok
t/v4-base.t ........... ok
t/v4-basem.t .......... ok
t/v4-cidr.t ........... ok
t/v4-cnew.t ........... ok
t/v4-contains.t ....... ok
t/v4-last.t ........... ok
t/v4-new-first.t ...... ok
t/v4-new.t ............ ok
t/v4-new_from_aton.t .. ok
t/v4-no_octal.t ....... ok
t/v4-num.t ............ ok
t/v4-numeric.t ........ ok
t/v4-old-first.t ...... ok
t/v4-range.t .......... ok
t/v4-snew.t ........... ok
t/v4-wnew.t ........... #
#       The following 8 tests involve resolving (hopefully)
#       non-existant names. This may take a while.
t/v4-wnew.t ........... ok
t/v4_new_cis.t ........ ok
t/v6-cnew-uri.t ....... ok
t/v6-cnew.t ........... ok
t/v6-contains.t ....... ok
t/v6-inc.t ............ ok
t/v6-new-base-uri.t ... ok
t/v6-new-base.t ....... ok
t/v6-new_cis6_base.t .. ok
t/v6-new_cis_base.t ... ok
t/v6-num.t ............ ok
t/v6-numeric-uri.t .... ok
t/v6-numeric.t ........ ok
t/v6-old-base-uri.t ... ok
t/v6-old-base.t ....... ok
t/version.t ........... ok
t/within.t ............ ok
All tests successful.
Files=73, Tests=3651,  3 wallclock secs ( 0.33 usr  0.06 sys +  2.68 cusr  0.36 csys =  3.43 CPU)
Result: PASS
make[1]: Leaving directory '/build/NetAddr-IP-4.079/Lite'
PERL_DL_NONLAZY=1 "/nix/store/7c044di03qa7qgr5kjjc2d787aspzp0m-perl-5.32.0/bin/perl" "-MExtUtils::Command::MM" "-MTest::Harness" "-e" "undef *Test::Harness::Switches; test_harness(0, 'blib/lib', 'blib/arch')" t/*.t
t/canon.t .......... ok
t/constants.t ...... ok
t/full.t ........... ok
t/full6-uri.t ...... ok
t/full6.t .......... ok
t/imhoff.t ......... ok
t/loops.t .......... ok
t/lower.t .......... ok
t/masklen.t ........ ok
t/new-store.t ...... ok
t/nofqdn.t ......... ok
t/old-store.t ...... ok
t/over-arr.t ....... ok
t/over-qq.t ........ ok
t/relops.t ......... ok
t/rfc3021.t ........ ok
t/short.t .......... ok
t/splitref.t ....... ok
t/v4-coalesce.t .... ok
t/v4-compact.t ..... ok
t/v4-compplus.t .... ok
t/v4-hostenum.t .... ok
t/v4-re.t .......... ok
t/v4-split-bulk.t .. ok
t/v4-split-list.t .. ok
t/v4-splitplan.t ... ok
t/v4-sprefix.t ..... ok
t/v4-xprefix.t ..... ok
t/v6-re.t .......... ok
t/v6-split-bulk.t .. ok
t/v6-splitplan.t ... ok
t/wildcard.t ....... ok
All tests successful.
Files=32, Tests=9538,  4 wallclock secs ( 0.57 usr  0.06 sys +  4.24 cusr  0.26 csys =  5.13 CPU)
Result: PASS
installing
install flags: SHELL=/nix/store/9fqwwd4iybmhjqyxiaxycknslw6bgwh1-bash-4.4-p23/bin/bash pkgconfigdir=/nix/store/cmzli7h4sgndkpxmlarb7cl30vly6qbg-perl5.32.0-NetAddr-IP-4.079/lib/pkgconfig m4datadir=/nix/store/cmzli7h4sgndkpxmlarb7cl30vly6qbg-perl5.32.0-NetAddr-IP-4.079/share/aclocal aclocaldir=/nix/store/cmzli7h4sgndkpxmlarb7cl30vly6qbg-perl5.32.0-NetAddr-IP-4.079/share/aclocal install
make[1]: Entering directory '/build/NetAddr-IP-4.079/Lite'
make[2]: Entering directory '/build/NetAddr-IP-4.079/Lite/Util'
"/nix/store/7c044di03qa7qgr5kjjc2d787aspzp0m-perl-5.32.0/bin/perl" -MExtUtils::Command::MM -e 'cp_nonempty' -- Util.bs ../../blib/arch/auto/NetAddr/IP/Util/Util.bs 644
Manifying 3 pod documents
make[2]: Leaving directory '/build/NetAddr-IP-4.079/Lite/Util'
Manifying 1 pod document
make[1]: Leaving directory '/build/NetAddr-IP-4.079/Lite'
Manifying 1 pod document
Files found in blib/arch: installing files in blib/lib into architecture dependent library tree
Installing /nix/store/cmzli7h4sgndkpxmlarb7cl30vly6qbg-perl5.32.0-NetAddr-IP-4.079/lib/perl5/site_perl/5.32.0/x86_64-linux-thread-multi/auto/NetAddr/IP/Util/Util.so
Installing /nix/store/cmzli7h4sgndkpxmlarb7cl30vly6qbg-perl5.32.0-NetAddr-IP-4.079/lib/perl5/site_perl/5.32.0/x86_64-linux-thread-multi/auto/NetAddr/IP/autosplit.ix
Installing /nix/store/cmzli7h4sgndkpxmlarb7cl30vly6qbg-perl5.32.0-NetAddr-IP-4.079/lib/perl5/site_perl/5.32.0/x86_64-linux-thread-multi/auto/NetAddr/IP/short.al
Installing /nix/store/cmzli7h4sgndkpxmlarb7cl30vly6qbg-perl5.32.0-NetAddr-IP-4.079/lib/perl5/site_perl/5.32.0/x86_64-linux-thread-multi/auto/NetAddr/IP/wildcard.al
Installing /nix/store/cmzli7h4sgndkpxmlarb7cl30vly6qbg-perl5.32.0-NetAddr-IP-4.079/lib/perl5/site_perl/5.32.0/x86_64-linux-thread-multi/auto/NetAddr/IP/mod_version.al
Installing /nix/store/cmzli7h4sgndkpxmlarb7cl30vly6qbg-perl5.32.0-NetAddr-IP-4.079/lib/perl5/site_perl/5.32.0/x86_64-linux-thread-multi/auto/NetAddr/IP/_compact_v6.al
Installing /nix/store/cmzli7h4sgndkpxmlarb7cl30vly6qbg-perl5.32.0-NetAddr-IP-4.079/lib/perl5/site_perl/5.32.0/x86_64-linux-thread-multi/auto/NetAddr/IP/_splitref.al
Installing /nix/store/cmzli7h4sgndkpxmlarb7cl30vly6qbg-perl5.32.0-NetAddr-IP-4.079/lib/perl5/site_perl/5.32.0/x86_64-linux-thread-multi/auto/NetAddr/IP/_compV6.al
Installing /nix/store/cmzli7h4sgndkpxmlarb7cl30vly6qbg-perl5.32.0-NetAddr-IP-4.079/lib/perl5/site_perl/5.32.0/x86_64-linux-thread-multi/auto/NetAddr/IP/hostenum.al
Installing /nix/store/cmzli7h4sgndkpxmlarb7cl30vly6qbg-perl5.32.0-NetAddr-IP-4.079/lib/perl5/site_perl/5.32.0/x86_64-linux-thread-multi/auto/NetAddr/IP/nprefix.al
Installing /nix/store/cmzli7h4sgndkpxmlarb7cl30vly6qbg-perl5.32.0-NetAddr-IP-4.079/lib/perl5/site_perl/5.32.0/x86_64-linux-thread-multi/auto/NetAddr/IP/prefix.al
Installing /nix/store/cmzli7h4sgndkpxmlarb7cl30vly6qbg-perl5.32.0-NetAddr-IP-4.079/lib/perl5/site_perl/5.32.0/x86_64-linux-thread-multi/auto/NetAddr/IP/do_prefix.al
Installing /nix/store/cmzli7h4sgndkpxmlarb7cl30vly6qbg-perl5.32.0-NetAddr-IP-4.079/lib/perl5/site_perl/5.32.0/x86_64-linux-thread-multi/auto/NetAddr/IP/_splitplan.al
Installing /nix/store/cmzli7h4sgndkpxmlarb7cl30vly6qbg-perl5.32.0-NetAddr-IP-4.079/lib/perl5/site_perl/5.32.0/x86_64-linux-thread-multi/auto/NetAddr/IP/re6.al
Installing /nix/store/cmzli7h4sgndkpxmlarb7cl30vly6qbg-perl5.32.0-NetAddr-IP-4.079/lib/perl5/site_perl/5.32.0/x86_64-linux-thread-multi/auto/NetAddr/IP/compactref.al
Installing /nix/store/cmzli7h4sgndkpxmlarb7cl30vly6qbg-perl5.32.0-NetAddr-IP-4.079/lib/perl5/site_perl/5.32.0/x86_64-linux-thread-multi/auto/NetAddr/IP/coalesce.al
Installing /nix/store/cmzli7h4sgndkpxmlarb7cl30vly6qbg-perl5.32.0-NetAddr-IP-4.079/lib/perl5/site_perl/5.32.0/x86_64-linux-thread-multi/auto/NetAddr/IP/re.al
Installing /nix/store/cmzli7h4sgndkpxmlarb7cl30vly6qbg-perl5.32.0-NetAddr-IP-4.079/lib/perl5/site_perl/5.32.0/x86_64-linux-thread-multi/auto/NetAddr/IP/canon.al
Installing /nix/store/cmzli7h4sgndkpxmlarb7cl30vly6qbg-perl5.32.0-NetAddr-IP-4.079/lib/perl5/site_perl/5.32.0/x86_64-linux-thread-multi/auto/NetAddr/IP/UtilPP/autosplit.ix
Installing /nix/store/cmzli7h4sgndkpxmlarb7cl30vly6qbg-perl5.32.0-NetAddr-IP-4.079/lib/perl5/site_perl/5.32.0/x86_64-linux-thread-multi/auto/NetAddr/IP/UtilPP/comp128.al
Installing /nix/store/cmzli7h4sgndkpxmlarb7cl30vly6qbg-perl5.32.0-NetAddr-IP-4.079/lib/perl5/site_perl/5.32.0/x86_64-linux-thread-multi/auto/NetAddr/IP/UtilPP/notcontiguous.al
Installing /nix/store/cmzli7h4sgndkpxmlarb7cl30vly6qbg-perl5.32.0-NetAddr-IP-4.079/lib/perl5/site_perl/5.32.0/x86_64-linux-thread-multi/auto/NetAddr/IP/UtilPP/_128x2.al
Installing /nix/store/cmzli7h4sgndkpxmlarb7cl30vly6qbg-perl5.32.0-NetAddr-IP-4.079/lib/perl5/site_perl/5.32.0/x86_64-linux-thread-multi/auto/NetAddr/IP/UtilPP/simple_pack.al
Installing /nix/store/cmzli7h4sgndkpxmlarb7cl30vly6qbg-perl5.32.0-NetAddr-IP-4.079/lib/perl5/site_perl/5.32.0/x86_64-linux-thread-multi/auto/NetAddr/IP/UtilPP/bcd2bin.al
Installing /nix/store/cmzli7h4sgndkpxmlarb7cl30vly6qbg-perl5.32.0-NetAddr-IP-4.079/lib/perl5/site_perl/5.32.0/x86_64-linux-thread-multi/auto/NetAddr/IP/UtilPP/_128x10.al
Installing /nix/store/cmzli7h4sgndkpxmlarb7cl30vly6qbg-perl5.32.0-NetAddr-IP-4.079/lib/perl5/site_perl/5.32.0/x86_64-linux-thread-multi/auto/NetAddr/IP/UtilPP/ipanyto6.al
Installing /nix/store/cmzli7h4sgndkpxmlarb7cl30vly6qbg-perl5.32.0-NetAddr-IP-4.079/lib/perl5/site_perl/5.32.0/x86_64-linux-thread-multi/auto/NetAddr/IP/UtilPP/hasbits.al
Installing /nix/store/cmzli7h4sgndkpxmlarb7cl30vly6qbg-perl5.32.0-NetAddr-IP-4.079/lib/perl5/site_perl/5.32.0/x86_64-linux-thread-multi/auto/NetAddr/IP/UtilPP/_sa128.al
Installing /nix/store/cmzli7h4sgndkpxmlarb7cl30vly6qbg-perl5.32.0-NetAddr-IP-4.079/lib/perl5/site_perl/5.32.0/x86_64-linux-thread-multi/auto/NetAddr/IP/UtilPP/bin2bcd.al
Installing /nix/store/cmzli7h4sgndkpxmlarb7cl30vly6qbg-perl5.32.0-NetAddr-IP-4.079/lib/perl5/site_perl/5.32.0/x86_64-linux-thread-multi/auto/NetAddr/IP/UtilPP/shiftleft.al
Installing /nix/store/cmzli7h4sgndkpxmlarb7cl30vly6qbg-perl5.32.0-NetAddr-IP-4.079/lib/perl5/site_perl/5.32.0/x86_64-linux-thread-multi/auto/NetAddr/IP/UtilPP/ipv6to4.al
Installing /nix/store/cmzli7h4sgndkpxmlarb7cl30vly6qbg-perl5.32.0-NetAddr-IP-4.079/lib/perl5/site_perl/5.32.0/x86_64-linux-thread-multi/auto/NetAddr/IP/UtilPP/_deadlen.al
Installing /nix/store/cmzli7h4sgndkpxmlarb7cl30vly6qbg-perl5.32.0-NetAddr-IP-4.079/lib/perl5/site_perl/5.32.0/x86_64-linux-thread-multi/auto/NetAddr/IP/UtilPP/_bcdcheck.al
Installing /nix/store/cmzli7h4sgndkpxmlarb7cl30vly6qbg-perl5.32.0-NetAddr-IP-4.079/lib/perl5/site_perl/5.32.0/x86_64-linux-thread-multi/auto/NetAddr/IP/UtilPP/bcdn2txt.al
Installing /nix/store/cmzli7h4sgndkpxmlarb7cl30vly6qbg-perl5.32.0-NetAddr-IP-4.079/lib/perl5/site_perl/5.32.0/x86_64-linux-thread-multi/auto/NetAddr/IP/UtilPP/addconst.al
Installing /nix/store/cmzli7h4sgndkpxmlarb7cl30vly6qbg-perl5.32.0-NetAddr-IP-4.079/lib/perl5/site_perl/5.32.0/x86_64-linux-thread-multi/auto/NetAddr/IP/UtilPP/_bcd2bin.al
Installing /nix/store/cmzli7h4sgndkpxmlarb7cl30vly6qbg-perl5.32.0-NetAddr-IP-4.079/lib/perl5/site_perl/5.32.0/x86_64-linux-thread-multi/auto/NetAddr/IP/UtilPP/ipv4to6.al
Installing /nix/store/cmzli7h4sgndkpxmlarb7cl30vly6qbg-perl5.32.0-NetAddr-IP-4.079/lib/perl5/site_perl/5.32.0/x86_64-linux-thread-multi/auto/NetAddr/IP/UtilPP/bcdn2bin.al
Installing /nix/store/cmzli7h4sgndkpxmlarb7cl30vly6qbg-perl5.32.0-NetAddr-IP-4.079/lib/perl5/site_perl/5.32.0/x86_64-linux-thread-multi/auto/NetAddr/IP/UtilPP/add128.al
Installing /nix/store/cmzli7h4sgndkpxmlarb7cl30vly6qbg-perl5.32.0-NetAddr-IP-4.079/lib/perl5/site_perl/5.32.0/x86_64-linux-thread-multi/auto/NetAddr/IP/UtilPP/maskanyto6.al
Installing /nix/store/cmzli7h4sgndkpxmlarb7cl30vly6qbg-perl5.32.0-NetAddr-IP-4.079/lib/perl5/site_perl/5.32.0/x86_64-linux-thread-multi/auto/NetAddr/IP/UtilPP/mask4to6.al
Installing /nix/store/cmzli7h4sgndkpxmlarb7cl30vly6qbg-perl5.32.0-NetAddr-IP-4.079/lib/perl5/site_perl/5.32.0/x86_64-linux-thread-multi/auto/NetAddr/IP/UtilPP/_bin2bcdn.al
Installing /nix/store/cmzli7h4sgndkpxmlarb7cl30vly6qbg-perl5.32.0-NetAddr-IP-4.079/lib/perl5/site_perl/5.32.0/x86_64-linux-thread-multi/auto/NetAddr/IP/UtilPP/sub128.al
Installing /nix/store/cmzli7h4sgndkpxmlarb7cl30vly6qbg-perl5.32.0-NetAddr-IP-4.079/lib/perl5/site_perl/5.32.0/x86_64-linux-thread-multi/auto/NetAddr/IP/UtilPP/slowadd128.al
Installing /nix/store/cmzli7h4sgndkpxmlarb7cl30vly6qbg-perl5.32.0-NetAddr-IP-4.079/lib/perl5/site_perl/5.32.0/x86_64-linux-thread-multi/auto/NetAddr/IP/UtilPP/bin2bcdn.al
Installing /nix/store/cmzli7h4sgndkpxmlarb7cl30vly6qbg-perl5.32.0-NetAddr-IP-4.079/lib/perl5/site_perl/5.32.0/x86_64-linux-thread-multi/auto/NetAddr/IP/InetBase/autosplit.ix
Installing /nix/store/cmzli7h4sgndkpxmlarb7cl30vly6qbg-perl5.32.0-NetAddr-IP-4.079/lib/perl5/site_perl/5.32.0/x86_64-linux-thread-multi/auto/NetAddr/IP/InetBase/inet_any2n.al
Installing /nix/store/cmzli7h4sgndkpxmlarb7cl30vly6qbg-perl5.32.0-NetAddr-IP-4.079/lib/perl5/site_perl/5.32.0/x86_64-linux-thread-multi/auto/NetAddr/IP/InetBase/inet_ntoa.al
Installing /nix/store/cmzli7h4sgndkpxmlarb7cl30vly6qbg-perl5.32.0-NetAddr-IP-4.079/lib/perl5/site_perl/5.32.0/x86_64-linux-thread-multi/auto/NetAddr/IP/InetBase/ipv6_aton.al
Installing /nix/store/cmzli7h4sgndkpxmlarb7cl30vly6qbg-perl5.32.0-NetAddr-IP-4.079/lib/perl5/site_perl/5.32.0/x86_64-linux-thread-multi/auto/NetAddr/IP/InetBase/_inet_pton.al
Installing /nix/store/cmzli7h4sgndkpxmlarb7cl30vly6qbg-perl5.32.0-NetAddr-IP-4.079/lib/perl5/site_perl/5.32.0/x86_64-linux-thread-multi/auto/NetAddr/IP/InetBase/ipv6_ntoa.al
Installing /nix/store/cmzli7h4sgndkpxmlarb7cl30vly6qbg-perl5.32.0-NetAddr-IP-4.079/lib/perl5/site_perl/5.32.0/x86_64-linux-thread-multi/auto/NetAddr/IP/InetBase/inet_n2ad.al
Installing /nix/store/cmzli7h4sgndkpxmlarb7cl30vly6qbg-perl5.32.0-NetAddr-IP-4.079/lib/perl5/site_perl/5.32.0/x86_64-linux-thread-multi/auto/NetAddr/IP/InetBase/_inet_ntop.al
Installing /nix/store/cmzli7h4sgndkpxmlarb7cl30vly6qbg-perl5.32.0-NetAddr-IP-4.079/lib/perl5/site_perl/5.32.0/x86_64-linux-thread-multi/auto/NetAddr/IP/InetBase/_packzeros.al
Installing /nix/store/cmzli7h4sgndkpxmlarb7cl30vly6qbg-perl5.32.0-NetAddr-IP-4.079/lib/perl5/site_perl/5.32.0/x86_64-linux-thread-multi/auto/NetAddr/IP/InetBase/inet_n2dx.al
Installing /nix/store/cmzli7h4sgndkpxmlarb7cl30vly6qbg-perl5.32.0-NetAddr-IP-4.079/lib/perl5/site_perl/5.32.0/x86_64-linux-thread-multi/auto/NetAddr/IP/Util/autosplit.ix
Installing /nix/store/cmzli7h4sgndkpxmlarb7cl30vly6qbg-perl5.32.0-NetAddr-IP-4.079/lib/perl5/site_perl/5.32.0/x86_64-linux-thread-multi/NetAddr/IP.pm
Installing /nix/store/cmzli7h4sgndkpxmlarb7cl30vly6qbg-perl5.32.0-NetAddr-IP-4.079/lib/perl5/site_perl/5.32.0/x86_64-linux-thread-multi/NetAddr/IP/Util.pm
Installing /nix/store/cmzli7h4sgndkpxmlarb7cl30vly6qbg-perl5.32.0-NetAddr-IP-4.079/lib/perl5/site_perl/5.32.0/x86_64-linux-thread-multi/NetAddr/IP/Lite.pm
Installing /nix/store/cmzli7h4sgndkpxmlarb7cl30vly6qbg-perl5.32.0-NetAddr-IP-4.079/lib/perl5/site_perl/5.32.0/x86_64-linux-thread-multi/NetAddr/IP/UtilPP.pm
Installing /nix/store/cmzli7h4sgndkpxmlarb7cl30vly6qbg-perl5.32.0-NetAddr-IP-4.079/lib/perl5/site_perl/5.32.0/x86_64-linux-thread-multi/NetAddr/IP/Util_IS.pm
Installing /nix/store/cmzli7h4sgndkpxmlarb7cl30vly6qbg-perl5.32.0-NetAddr-IP-4.079/lib/perl5/site_perl/5.32.0/x86_64-linux-thread-multi/NetAddr/IP/InetBase.pm
Installing /nix/store/cmzli7h4sgndkpxmlarb7cl30vly6qbg-perl5.32.0-NetAddr-IP-4.079/share/man/man3/NetAddr::IP::Lite.3
Installing /nix/store/cmzli7h4sgndkpxmlarb7cl30vly6qbg-perl5.32.0-NetAddr-IP-4.079/share/man/man3/NetAddr::IP::Util.3
Installing /nix/store/cmzli7h4sgndkpxmlarb7cl30vly6qbg-perl5.32.0-NetAddr-IP-4.079/share/man/man3/NetAddr::IP.3
Installing /nix/store/cmzli7h4sgndkpxmlarb7cl30vly6qbg-perl5.32.0-NetAddr-IP-4.079/share/man/man3/NetAddr::IP::UtilPP.3
Installing /nix/store/cmzli7h4sgndkpxmlarb7cl30vly6qbg-perl5.32.0-NetAddr-IP-4.079/share/man/man3/NetAddr::IP::InetBase.3
Appending installation info to /nix/store/cmzli7h4sgndkpxmlarb7cl30vly6qbg-perl5.32.0-NetAddr-IP-4.079/lib/perl5/5.32.0/x86_64-linux-thread-multi/perllocal.pod
post-installation fixup
Moving /nix/store/cmzli7h4sgndkpxmlarb7cl30vly6qbg-perl5.32.0-NetAddr-IP-4.079/share/man/man3 to /nix/store/2g47kvmbs30brmqd3vv9lvkqwqkmnh45-perl5.32.0-NetAddr-IP-4.079-devdoc/share/man/man3
Removing empty /nix/store/cmzli7h4sgndkpxmlarb7cl30vly6qbg-perl5.32.0-NetAddr-IP-4.079/share/man/ and (possibly) its parents
shrinking RPATHs of ELF executables and libraries in /nix/store/cmzli7h4sgndkpxmlarb7cl30vly6qbg-perl5.32.0-NetAddr-IP-4.079
shrinking /nix/store/cmzli7h4sgndkpxmlarb7cl30vly6qbg-perl5.32.0-NetAddr-IP-4.079/lib/perl5/site_perl/5.32.0/x86_64-linux-thread-multi/auto/NetAddr/IP/Util/Util.so
strip is /nix/store/psyzbhp4p088sb9qcs378hfbslcalasl-binutils-2.31.1/bin/strip
stripping (with command strip and flags -S) in /nix/store/cmzli7h4sgndkpxmlarb7cl30vly6qbg-perl5.32.0-NetAddr-IP-4.079/lib
patching script interpreter paths in /nix/store/cmzli7h4sgndkpxmlarb7cl30vly6qbg-perl5.32.0-NetAddr-IP-4.079
checking for references to /build/ in /nix/store/cmzli7h4sgndkpxmlarb7cl30vly6qbg-perl5.32.0-NetAddr-IP-4.079...
shrinking RPATHs of ELF executables and libraries in /nix/store/2g47kvmbs30brmqd3vv9lvkqwqkmnh45-perl5.32.0-NetAddr-IP-4.079-devdoc
gzipping man pages under /nix/store/2g47kvmbs30brmqd3vv9lvkqwqkmnh45-perl5.32.0-NetAddr-IP-4.079-devdoc/share/man/
strip is /nix/store/psyzbhp4p088sb9qcs378hfbslcalasl-binutils-2.31.1/bin/strip
patching script interpreter paths in /nix/store/2g47kvmbs30brmqd3vv9lvkqwqkmnh45-perl5.32.0-NetAddr-IP-4.079-devdoc
checking for references to /build/ in /nix/store/2g47kvmbs30brmqd3vv9lvkqwqkmnh45-perl5.32.0-NetAddr-IP-4.079-devdoc...
building '/nix/store/9kx2m9vlvlhqsyz6y6wlnp9978fwn8yr-perl5.32.0-Data-Validate-IP-0.27.drv'...
unpacking sources
unpacking source archive /nix/store/3w0px8vbcrac1pf9fqacdc751mnl9zpg-Data-Validate-IP-0.27.tar.gz
source root is Data-Validate-IP-0.27
setting SOURCE_DATE_EPOCH to timestamp 1479405939 of file Data-Validate-IP-0.27/xt/release/meta-json.t
patching sources
configuring
patching ./xt/release/meta-json.t...
patching ./xt/author/pod-coverage.t...
patching ./xt/author/mojibake.t...
patching ./xt/author/pod-syntax.t...
patching ./xt/author/synopsis.t...
patching ./t/00-report-prereqs.t...
patching ./t/Untaint.t...
Checking if your kit is complete...
Looks good
Generating a Unix-style Makefile
Writing Makefile for Data::Validate::IP
Writing MYMETA.yml and MYMETA.json
no configure script, doing nothing
building
build flags: SHELL=/nix/store/9fqwwd4iybmhjqyxiaxycknslw6bgwh1-bash-4.4-p23/bin/bash
cp lib/Data/Validate/IP.pm blib/lib/Data/Validate/IP.pm
Manifying 1 pod document
running tests
check flags: SHELL=/nix/store/9fqwwd4iybmhjqyxiaxycknslw6bgwh1-bash-4.4-p23/bin/bash VERBOSE=y test
PERL_DL_NONLAZY=1 "/nix/store/7c044di03qa7qgr5kjjc2d787aspzp0m-perl-5.32.0/bin/perl" "-MExtUtils::Command::MM" "-MTest::Harness" "-e" "undef *Test::Harness::Switches; test_harness(0, 'blib/lib', 'blib/arch')" t/*.t
t/00-report-prereqs.t ...... #
# Versions for all modules listed in MYMETA.json (including optional ones):
#
# === Configure Requires ===
#
#     Module              Want Have
#     ------------------- ---- ----
#     ExtUtils::MakeMaker  any 7.44
#
# === Build Requires ===
#
#     Module              Want Have
#     ------------------- ---- ----
#     ExtUtils::MakeMaker  any 7.44
#
# === Test Requires ===
#
#     Module              Want     Have
#     ------------------- ---- --------
#     ExtUtils::MakeMaker  any     7.44
#     File::Spec           any     3.78
#     Test::More          0.96 1.302175
#     Test::Requires       any     0.11
#     lib                  any     0.65
#
# === Test Recommends ===
#
#     Module         Want     Have
#     ---------- -------- --------
#     CPAN::Meta 2.120900 2.150010
#
# === Runtime Requires ===
#
#     Module       Want  Have
#     ------------ ---- -----
#     Exporter      any  5.74
#     NetAddr::IP     4 4.079
#     Scalar::Util  any  1.55
#     base          any  2.27
#     strict        any  1.11
#     warnings      any  1.47
#
t/00-report-prereqs.t ...... ok
t/Data-Validate-IP-slow.t .. ok
t/Data-Validate-IP.t ....... ok
t/Untaint.t ................ skipped: Test requires module 'Test::Taint' but it's not found
All tests successful.
Files=4, Tests=3871,  1 wallclock secs ( 0.24 usr  0.02 sys +  0.74 cusr  0.06 csys =  1.06 CPU)
Result: PASS
installing
install flags: SHELL=/nix/store/9fqwwd4iybmhjqyxiaxycknslw6bgwh1-bash-4.4-p23/bin/bash pkgconfigdir=/nix/store/zspxjkyqqrdn3zb9rpsibzr9r5w9yyxh-perl5.32.0-Data-Validate-IP-0.27/lib/pkgconfig m4datadir=/nix/store/zspxjkyqqrdn3zb9rpsibzr9r5w9yyxh-perl5.32.0-Data-Validate-IP-0.27/share/aclocal aclocaldir=/nix/store/zspxjkyqqrdn3zb9rpsibzr9r5w9yyxh-perl5.32.0-Data-Validate-IP-0.27/share/aclocal install
Manifying 1 pod document
Installing /nix/store/zspxjkyqqrdn3zb9rpsibzr9r5w9yyxh-perl5.32.0-Data-Validate-IP-0.27/lib/perl5/site_perl/5.32.0/Data/Validate/IP.pm
Installing /nix/store/zspxjkyqqrdn3zb9rpsibzr9r5w9yyxh-perl5.32.0-Data-Validate-IP-0.27/share/man/man3/Data::Validate::IP.3
Appending installation info to /nix/store/zspxjkyqqrdn3zb9rpsibzr9r5w9yyxh-perl5.32.0-Data-Validate-IP-0.27/lib/perl5/5.32.0/x86_64-linux-thread-multi/perllocal.pod
post-installation fixup
Moving /nix/store/zspxjkyqqrdn3zb9rpsibzr9r5w9yyxh-perl5.32.0-Data-Validate-IP-0.27/share/man/man3 to /nix/store/2gdgdlhi0xm0v08fcbjqjsmsrv9dq9q1-perl5.32.0-Data-Validate-IP-0.27-devdoc/share/man/man3
Removing empty /nix/store/zspxjkyqqrdn3zb9rpsibzr9r5w9yyxh-perl5.32.0-Data-Validate-IP-0.27/share/man/ and (possibly) its parents
shrinking RPATHs of ELF executables and libraries in /nix/store/zspxjkyqqrdn3zb9rpsibzr9r5w9yyxh-perl5.32.0-Data-Validate-IP-0.27
strip is /nix/store/psyzbhp4p088sb9qcs378hfbslcalasl-binutils-2.31.1/bin/strip
stripping (with command strip and flags -S) in /nix/store/zspxjkyqqrdn3zb9rpsibzr9r5w9yyxh-perl5.32.0-Data-Validate-IP-0.27/lib
patching script interpreter paths in /nix/store/zspxjkyqqrdn3zb9rpsibzr9r5w9yyxh-perl5.32.0-Data-Validate-IP-0.27
checking for references to /build/ in /nix/store/zspxjkyqqrdn3zb9rpsibzr9r5w9yyxh-perl5.32.0-Data-Validate-IP-0.27...
shrinking RPATHs of ELF executables and libraries in /nix/store/2gdgdlhi0xm0v08fcbjqjsmsrv9dq9q1-perl5.32.0-Data-Validate-IP-0.27-devdoc
gzipping man pages under /nix/store/2gdgdlhi0xm0v08fcbjqjsmsrv9dq9q1-perl5.32.0-Data-Validate-IP-0.27-devdoc/share/man/
strip is /nix/store/psyzbhp4p088sb9qcs378hfbslcalasl-binutils-2.31.1/bin/strip
patching script interpreter paths in /nix/store/2gdgdlhi0xm0v08fcbjqjsmsrv9dq9q1-perl5.32.0-Data-Validate-IP-0.27-devdoc
checking for references to /build/ in /nix/store/2gdgdlhi0xm0v08fcbjqjsmsrv9dq9q1-perl5.32.0-Data-Validate-IP-0.27-devdoc...
/nix/store/zspxjkyqqrdn3zb9rpsibzr9r5w9yyxh-perl5.32.0-Data-Validate-IP-0.27
