these derivations will be built:
  /nix/store/4gp4ak6vin8zrhq54rkl3y8g1dc15a3a-perl5.32.0-Test-Toolbox-0.4.drv
  /nix/store/jnwxa9qzry37fr9dz2n5zv2lbbys7aw4-perl5.32.0-Text-TabularDisplay-1.38.drv
  /nix/store/q8989ckm7hvr7xc6nr9ja956zidqppnw-perl5.32.0-Number-Misc-1.2.drv
  /nix/store/yjjv4sf88nxdbdfix9n8kd209b6zpj1v-perl5.32.0-String-Util-1.26.drv
  /nix/store/kv7g224waiz6p0sgpxbfk22jx9zr2h9h-perl5.32.0-Debug-ShowStuff-1.16.drv
  /nix/store/i087yx590csc8811f9pbd8n6vjpbwr22-perl5.32.0-Data-Taxi-0.96.drv
these paths will be fetched (0.11 MiB download, 0.11 MiB unpacked):
  /nix/store/3i4q7i53s51fai518kqg27j5z82dgnsy-Text-TabularDisplay-1.38.tar.gz
  /nix/store/6312b3sr6kj4pgk2zic74dc2vxsj58gq-String-Util-1.26.tar.gz
  /nix/store/69ahb6sb943zdczws3yybm1v6xcbpzzg-Data-Taxi-0.96.tar.gz
  /nix/store/i7l11q28wp63b3bpbjvlh2q81njp8f4k-Debug-ShowStuff-1.16.tar.gz
  /nix/store/rxh6yz924sz0wch81qchckdjd231yar8-Test-Toolbox-0.4.tar.gz
  /nix/store/yzdv72w62aqzi92yp1svsdsymjrhc7qn-Number-Misc-1.2.tar.gz
copying path '/nix/store/69ahb6sb943zdczws3yybm1v6xcbpzzg-Data-Taxi-0.96.tar.gz' from 'https://cache.nixos.org'...
copying path '/nix/store/i7l11q28wp63b3bpbjvlh2q81njp8f4k-Debug-ShowStuff-1.16.tar.gz' from 'https://cache.nixos.org'...
copying path '/nix/store/6312b3sr6kj4pgk2zic74dc2vxsj58gq-String-Util-1.26.tar.gz' from 'https://cache.nixos.org'...
copying path '/nix/store/3i4q7i53s51fai518kqg27j5z82dgnsy-Text-TabularDisplay-1.38.tar.gz' from 'https://cache.nixos.org'...
copying path '/nix/store/yzdv72w62aqzi92yp1svsdsymjrhc7qn-Number-Misc-1.2.tar.gz' from 'https://cache.nixos.org'...
copying path '/nix/store/rxh6yz924sz0wch81qchckdjd231yar8-Test-Toolbox-0.4.tar.gz' from 'https://cache.nixos.org'...
building '/nix/store/q8989ckm7hvr7xc6nr9ja956zidqppnw-perl5.32.0-Number-Misc-1.2.drv'...
building '/nix/store/jnwxa9qzry37fr9dz2n5zv2lbbys7aw4-perl5.32.0-Text-TabularDisplay-1.38.drv'...
building '/nix/store/4gp4ak6vin8zrhq54rkl3y8g1dc15a3a-perl5.32.0-Test-Toolbox-0.4.drv'...
unpacking sources
unpacking source archive /nix/store/yzdv72w62aqzi92yp1svsdsymjrhc7qn-Number-Misc-1.2.tar.gz
unpacking sources
unpacking source archive /nix/store/3i4q7i53s51fai518kqg27j5z82dgnsy-Text-TabularDisplay-1.38.tar.gz
source root is Number-Misc-1.2
source root is Text-TabularDisplay-1.38
setting SOURCE_DATE_EPOCH to timestamp 1420188490 of file Number-Misc-1.2/t/test.t
setting SOURCE_DATE_EPOCH to timestamp 1404741697 of file Text-TabularDisplay-1.38/META.yml
patching sources
unpacking sources
configuring
patching sources
unpacking source archive /nix/store/rxh6yz924sz0wch81qchckdjd231yar8-Test-Toolbox-0.4.tar.gz
configuring
source root is Test-Toolbox-0.4
setting SOURCE_DATE_EPOCH to timestamp 1472190729 of file Test-Toolbox-0.4/t/tests.t
patching ./examples/mysql.pl...
patching sources
patching ./t/test.t...
configuring
patching ./examples/dump-passwd.pl...
patching ./examples/aliases...
patching ./examples/tdisplay...
patching ./t/tests.t...
patching ./t/11.t...
patching ./t/12.t...
patching ./t/16.t...
patching ./t/15.t...
patching ./t/17.t...
patching ./t/01.t...
patching ./t/08.t...
patching ./t/13.t...
patching ./t/06.t...
patching ./t/04.t...
patching ./t/14.t...
patching ./t/07.t...
patching ./t/10.t...
patching ./t/05.t...
patching ./t/02.t...
patching ./t/03.t...
patching ./t/09.t...
Checking if your kit is complete...
Checking if your kit is complete...
Looks good
Looks good
Checking if your kit is complete...
Looks good
Generating a Unix-style Makefile
Writing Makefile for Number::Misc
Writing MYMETA.yml and MYMETA.json
Generating a Unix-style Makefile
Writing Makefile for Test::Toolbox
no configure script, doing nothing
building
Writing MYMETA.yml and MYMETA.json
no configure script, doing nothing
building
Generating a Unix-style Makefile
Writing Makefile for Text::TabularDisplay
Writing MYMETA.yml and MYMETA.json
no configure script, doing nothing
building
build flags: SHELL=/nix/store/9fqwwd4iybmhjqyxiaxycknslw6bgwh1-bash-4.4-p23/bin/bash
Created MYMETA.yml and MYMETA.json
Creating new 'Build' script for 'Number-Misc' version '1.2'
Created MYMETA.yml and MYMETA.json
Creating new 'Build' script for 'Test-Toolbox' version '0.4'
Building Number-Misc
cp TabularDisplay.pm blib/lib/Text/TabularDisplay.pm
Building Test-Toolbox
Manifying 1 pod document
running tests
running tests
check flags: SHELL=/nix/store/9fqwwd4iybmhjqyxiaxycknslw6bgwh1-bash-4.4-p23/bin/bash VERBOSE=y test
PERL_DL_NONLAZY=1 "/nix/store/7c044di03qa7qgr5kjjc2d787aspzp0m-perl-5.32.0/bin/perl" "-MExtUtils::Command::MM" "-MTest::Harness" "-e" "undef *Test::Harness::Switches; test_harness(0, 'blib/lib', 'blib/arch')" t/*.t
running tests
t/01.t .. ok
t/02.t .. ok
t/03.t .. ok
t/04.t .. ok
t/05.t .. ok
t/06.t .. ok
t/07.t .. ok
t/test.t .. ok
All tests successful.
Files=1, Tests=31,  0 wallclock secs ( 0.02 usr  0.01 sys +  0.06 cusr  0.01 csys =  0.10 CPU)
Result: PASS
installing
t/08.t .. ok
t/tests.t .. # cwd: /build/Test-Toolbox-0.4/t
# have ./tests.pl: undef
t/tests.t .. ok
All tests successful.
Files=1, Tests=23,  0 wallclock secs ( 0.01 usr  0.00 sys +  0.06 cusr  0.02 csys =  0.09 CPU)
Result: PASS
installing
t/09.t .. ok
t/10.t .. ok
t/11.t .. ok
t/12.t .. ok
t/13.t .. ok
Building Number-Misc
t/14.t .. ok
Building Test-Toolbox
t/15.t .. ok
t/16.t .. ok
t/17.t .. ok
All tests successful.
Files=17, Tests=85,  1 wallclock secs ( 0.05 usr  0.02 sys +  0.21 cusr  0.04 csys =  0.32 CPU)
Result: PASS
installing
install flags: SHELL=/nix/store/9fqwwd4iybmhjqyxiaxycknslw6bgwh1-bash-4.4-p23/bin/bash pkgconfigdir=/nix/store/lmmlr32rvsqi2nmanpgcbr0pvlkqhsyd-perl5.32.0-Text-TabularDisplay-1.38/lib/pkgconfig m4datadir=/nix/store/lmmlr32rvsqi2nmanpgcbr0pvlkqhsyd-perl5.32.0-Text-TabularDisplay-1.38/share/aclocal aclocaldir=/nix/store/lmmlr32rvsqi2nmanpgcbr0pvlkqhsyd-perl5.32.0-Text-TabularDisplay-1.38/share/aclocal install
Installing /nix/store/f3gwizx71xl5bfcwqajfd6r0slpsv0hn-perl5.32.0-Number-Misc-1.2/lib/perl5/site_perl/5.32.0/Number/Misc.pod
Installing /nix/store/f3gwizx71xl5bfcwqajfd6r0slpsv0hn-perl5.32.0-Number-Misc-1.2/lib/perl5/site_perl/5.32.0/Number/Misc.pm
Installing /nix/store/f3gwizx71xl5bfcwqajfd6r0slpsv0hn-perl5.32.0-Number-Misc-1.2/share/man/man3/Number::Misc.3
post-installation fixup
Moving /nix/store/f3gwizx71xl5bfcwqajfd6r0slpsv0hn-perl5.32.0-Number-Misc-1.2/share/man/man3 to /nix/store/npr7y1423l4v14a6y63gql604l7rg1vc-perl5.32.0-Number-Misc-1.2-devdoc/share/man/man3
Removing empty /nix/store/f3gwizx71xl5bfcwqajfd6r0slpsv0hn-perl5.32.0-Number-Misc-1.2/share/man/ and (possibly) its parents
shrinking RPATHs of ELF executables and libraries in /nix/store/f3gwizx71xl5bfcwqajfd6r0slpsv0hn-perl5.32.0-Number-Misc-1.2
Installing /nix/store/59wq1yayibnbwpaphwdj0wxx965qk1sa-perl5.32.0-Test-Toolbox-0.4/lib/perl5/site_perl/5.32.0/Test/Toolbox.pm
Installing /nix/store/59wq1yayibnbwpaphwdj0wxx965qk1sa-perl5.32.0-Test-Toolbox-0.4/lib/perl5/site_perl/5.32.0/Test/Toolbox.pod
Installing /nix/store/59wq1yayibnbwpaphwdj0wxx965qk1sa-perl5.32.0-Test-Toolbox-0.4/share/man/man3/Test::Toolbox.3
strip is /nix/store/psyzbhp4p088sb9qcs378hfbslcalasl-binutils-2.31.1/bin/strip
stripping (with command strip and flags -S) in /nix/store/f3gwizx71xl5bfcwqajfd6r0slpsv0hn-perl5.32.0-Number-Misc-1.2/lib
patching script interpreter paths in /nix/store/f3gwizx71xl5bfcwqajfd6r0slpsv0hn-perl5.32.0-Number-Misc-1.2
post-installation fixup
checking for references to /build/ in /nix/store/f3gwizx71xl5bfcwqajfd6r0slpsv0hn-perl5.32.0-Number-Misc-1.2...
Moving /nix/store/59wq1yayibnbwpaphwdj0wxx965qk1sa-perl5.32.0-Test-Toolbox-0.4/share/man/man3 to /nix/store/89vnkbw6bwgix4b9jyaz2n5xlngpzhvj-perl5.32.0-Test-Toolbox-0.4-devdoc/share/man/man3
shrinking RPATHs of ELF executables and libraries in /nix/store/npr7y1423l4v14a6y63gql604l7rg1vc-perl5.32.0-Number-Misc-1.2-devdoc
gzipping man pages under /nix/store/npr7y1423l4v14a6y63gql604l7rg1vc-perl5.32.0-Number-Misc-1.2-devdoc/share/man/
Removing empty /nix/store/59wq1yayibnbwpaphwdj0wxx965qk1sa-perl5.32.0-Test-Toolbox-0.4/share/man/ and (possibly) its parents
shrinking RPATHs of ELF executables and libraries in /nix/store/59wq1yayibnbwpaphwdj0wxx965qk1sa-perl5.32.0-Test-Toolbox-0.4
strip is /nix/store/psyzbhp4p088sb9qcs378hfbslcalasl-binutils-2.31.1/bin/strip
patching script interpreter paths in /nix/store/npr7y1423l4v14a6y63gql604l7rg1vc-perl5.32.0-Number-Misc-1.2-devdoc
checking for references to /build/ in /nix/store/npr7y1423l4v14a6y63gql604l7rg1vc-perl5.32.0-Number-Misc-1.2-devdoc...
strip is /nix/store/psyzbhp4p088sb9qcs378hfbslcalasl-binutils-2.31.1/bin/strip
stripping (with command strip and flags -S) in /nix/store/59wq1yayibnbwpaphwdj0wxx965qk1sa-perl5.32.0-Test-Toolbox-0.4/lib
patching script interpreter paths in /nix/store/59wq1yayibnbwpaphwdj0wxx965qk1sa-perl5.32.0-Test-Toolbox-0.4
checking for references to /build/ in /nix/store/59wq1yayibnbwpaphwdj0wxx965qk1sa-perl5.32.0-Test-Toolbox-0.4...
Manifying 1 pod document
shrinking RPATHs of ELF executables and libraries in /nix/store/89vnkbw6bwgix4b9jyaz2n5xlngpzhvj-perl5.32.0-Test-Toolbox-0.4-devdoc
gzipping man pages under /nix/store/89vnkbw6bwgix4b9jyaz2n5xlngpzhvj-perl5.32.0-Test-Toolbox-0.4-devdoc/share/man/
strip is /nix/store/psyzbhp4p088sb9qcs378hfbslcalasl-binutils-2.31.1/bin/strip
patching script interpreter paths in /nix/store/89vnkbw6bwgix4b9jyaz2n5xlngpzhvj-perl5.32.0-Test-Toolbox-0.4-devdoc
checking for references to /build/ in /nix/store/89vnkbw6bwgix4b9jyaz2n5xlngpzhvj-perl5.32.0-Test-Toolbox-0.4-devdoc...
building '/nix/store/yjjv4sf88nxdbdfix9n8kd209b6zpj1v-perl5.32.0-String-Util-1.26.drv'...
Installing /nix/store/lmmlr32rvsqi2nmanpgcbr0pvlkqhsyd-perl5.32.0-Text-TabularDisplay-1.38/lib/perl5/site_perl/5.32.0/Text/TabularDisplay.pm
Installing /nix/store/lmmlr32rvsqi2nmanpgcbr0pvlkqhsyd-perl5.32.0-Text-TabularDisplay-1.38/share/man/man3/Text::TabularDisplay.3
Appending installation info to /nix/store/lmmlr32rvsqi2nmanpgcbr0pvlkqhsyd-perl5.32.0-Text-TabularDisplay-1.38/lib/perl5/5.32.0/x86_64-linux-thread-multi/perllocal.pod
post-installation fixup
Moving /nix/store/lmmlr32rvsqi2nmanpgcbr0pvlkqhsyd-perl5.32.0-Text-TabularDisplay-1.38/share/man/man3 to /nix/store/4r7iqwnaqpz017mzaipm24aqa8pdm792-perl5.32.0-Text-TabularDisplay-1.38-devdoc/share/man/man3
Removing empty /nix/store/lmmlr32rvsqi2nmanpgcbr0pvlkqhsyd-perl5.32.0-Text-TabularDisplay-1.38/share/man/ and (possibly) its parents
shrinking RPATHs of ELF executables and libraries in /nix/store/lmmlr32rvsqi2nmanpgcbr0pvlkqhsyd-perl5.32.0-Text-TabularDisplay-1.38
strip is /nix/store/psyzbhp4p088sb9qcs378hfbslcalasl-binutils-2.31.1/bin/strip
stripping (with command strip and flags -S) in /nix/store/lmmlr32rvsqi2nmanpgcbr0pvlkqhsyd-perl5.32.0-Text-TabularDisplay-1.38/lib
patching script interpreter paths in /nix/store/lmmlr32rvsqi2nmanpgcbr0pvlkqhsyd-perl5.32.0-Text-TabularDisplay-1.38
checking for references to /build/ in /nix/store/lmmlr32rvsqi2nmanpgcbr0pvlkqhsyd-perl5.32.0-Text-TabularDisplay-1.38...
shrinking RPATHs of ELF executables and libraries in /nix/store/4r7iqwnaqpz017mzaipm24aqa8pdm792-perl5.32.0-Text-TabularDisplay-1.38-devdoc
gzipping man pages under /nix/store/4r7iqwnaqpz017mzaipm24aqa8pdm792-perl5.32.0-Text-TabularDisplay-1.38-devdoc/share/man/
unpacking sources
unpacking source archive /nix/store/6312b3sr6kj4pgk2zic74dc2vxsj58gq-String-Util-1.26.tar.gz
source root is String-Util-1.26
strip is /nix/store/psyzbhp4p088sb9qcs378hfbslcalasl-binutils-2.31.1/bin/strip
patching script interpreter paths in /nix/store/4r7iqwnaqpz017mzaipm24aqa8pdm792-perl5.32.0-Text-TabularDisplay-1.38-devdoc
setting SOURCE_DATE_EPOCH to timestamp 1472517831 of file String-Util-1.26/t/test.t
checking for references to /build/ in /nix/store/4r7iqwnaqpz017mzaipm24aqa8pdm792-perl5.32.0-Text-TabularDisplay-1.38-devdoc...
patching sources
configuring
patching ./t/test.t...
Checking if your kit is complete...
Looks good
Generating a Unix-style Makefile
Writing Makefile for String::Util
Writing MYMETA.yml and MYMETA.json
no configure script, doing nothing
building
Created MYMETA.yml and MYMETA.json
Creating new 'Build' script for 'String-Util' version '1.26'
Building String-Util
running tests
t/test.t .. ok
All tests successful.
Files=1, Tests=37,  0 wallclock secs ( 0.01 usr  0.00 sys +  0.06 cusr  0.02 csys =  0.09 CPU)
Result: PASS
installing
Building String-Util
Installing /nix/store/hpm5v41hqyhppglh023sh60pdah4j6m0-perl5.32.0-String-Util-1.26/lib/perl5/site_perl/5.32.0/String/Util.pm
Installing /nix/store/hpm5v41hqyhppglh023sh60pdah4j6m0-perl5.32.0-String-Util-1.26/lib/perl5/site_perl/5.32.0/String/Util.pod
Installing /nix/store/hpm5v41hqyhppglh023sh60pdah4j6m0-perl5.32.0-String-Util-1.26/share/man/man3/String::Util.3
post-installation fixup
Moving /nix/store/hpm5v41hqyhppglh023sh60pdah4j6m0-perl5.32.0-String-Util-1.26/share/man/man3 to /nix/store/vri9p2ngd5wgag6gn4bzr90ssyrgdlwl-perl5.32.0-String-Util-1.26-devdoc/share/man/man3
Removing empty /nix/store/hpm5v41hqyhppglh023sh60pdah4j6m0-perl5.32.0-String-Util-1.26/share/man/ and (possibly) its parents
shrinking RPATHs of ELF executables and libraries in /nix/store/hpm5v41hqyhppglh023sh60pdah4j6m0-perl5.32.0-String-Util-1.26
strip is /nix/store/psyzbhp4p088sb9qcs378hfbslcalasl-binutils-2.31.1/bin/strip
stripping (with command strip and flags -S) in /nix/store/hpm5v41hqyhppglh023sh60pdah4j6m0-perl5.32.0-String-Util-1.26/lib
patching script interpreter paths in /nix/store/hpm5v41hqyhppglh023sh60pdah4j6m0-perl5.32.0-String-Util-1.26
checking for references to /build/ in /nix/store/hpm5v41hqyhppglh023sh60pdah4j6m0-perl5.32.0-String-Util-1.26...
shrinking RPATHs of ELF executables and libraries in /nix/store/vri9p2ngd5wgag6gn4bzr90ssyrgdlwl-perl5.32.0-String-Util-1.26-devdoc
gzipping man pages under /nix/store/vri9p2ngd5wgag6gn4bzr90ssyrgdlwl-perl5.32.0-String-Util-1.26-devdoc/share/man/
strip is /nix/store/psyzbhp4p088sb9qcs378hfbslcalasl-binutils-2.31.1/bin/strip
patching script interpreter paths in /nix/store/vri9p2ngd5wgag6gn4bzr90ssyrgdlwl-perl5.32.0-String-Util-1.26-devdoc
checking for references to /build/ in /nix/store/vri9p2ngd5wgag6gn4bzr90ssyrgdlwl-perl5.32.0-String-Util-1.26-devdoc...
building '/nix/store/kv7g224waiz6p0sgpxbfk22jx9zr2h9h-perl5.32.0-Debug-ShowStuff-1.16.drv'...
unpacking sources
unpacking source archive /nix/store/i7l11q28wp63b3bpbjvlh2q81njp8f4k-Debug-ShowStuff-1.16.tar.gz
source root is Debug-ShowStuff-1.16
setting SOURCE_DATE_EPOCH to timestamp 1363738619 of file Debug-ShowStuff-1.16/t/test.t
patching sources
configuring
patching ./t/test.t...
Checking if your kit is complete...
Looks good
Generating a Unix-style Makefile
Writing Makefile for Debug::ShowStuff
Writing MYMETA.yml and MYMETA.json
no configure script, doing nothing
building
Created MYMETA.yml and MYMETA.json
Creating new 'Build' script for 'Debug-ShowStuff' version '1.16'
Building Debug-ShowStuff
running tests
t/test.t .. Subroutine spacepad redefined at /build/Debug-ShowStuff-1.16/blib/lib/Debug/ShowStuff.pm line 1635.
t/test.t .. ok
All tests successful.
Files=1, Tests=1,  0 wallclock secs ( 0.01 usr  0.01 sys +  0.03 cusr  0.01 csys =  0.06 CPU)
Result: PASS
installing
Building Debug-ShowStuff
Installing /nix/store/d7j5wi3bzrpvlgki9n1x25gv8wfdr4cn-perl5.32.0-Debug-ShowStuff-1.16/lib/perl5/site_perl/5.32.0/Debug/ShowStuff.pm
Installing /nix/store/d7j5wi3bzrpvlgki9n1x25gv8wfdr4cn-perl5.32.0-Debug-ShowStuff-1.16/lib/perl5/site_perl/5.32.0/Debug/ShowStuff.pod
Installing /nix/store/d7j5wi3bzrpvlgki9n1x25gv8wfdr4cn-perl5.32.0-Debug-ShowStuff-1.16/lib/perl5/site_perl/5.32.0/Debug/ShowStuff/ShowVar.pod
Installing /nix/store/d7j5wi3bzrpvlgki9n1x25gv8wfdr4cn-perl5.32.0-Debug-ShowStuff-1.16/lib/perl5/site_perl/5.32.0/Debug/ShowStuff/ShowVar.pm
Installing /nix/store/d7j5wi3bzrpvlgki9n1x25gv8wfdr4cn-perl5.32.0-Debug-ShowStuff-1.16/share/man/man3/Debug::ShowStuff::ShowVar.3
Installing /nix/store/d7j5wi3bzrpvlgki9n1x25gv8wfdr4cn-perl5.32.0-Debug-ShowStuff-1.16/share/man/man3/Debug::ShowStuff.3
post-installation fixup
Moving /nix/store/d7j5wi3bzrpvlgki9n1x25gv8wfdr4cn-perl5.32.0-Debug-ShowStuff-1.16/share/man/man3 to /nix/store/cj33lbzqbqiccif7nlhnn1nlj589n7an-perl5.32.0-Debug-ShowStuff-1.16-devdoc/share/man/man3
Removing empty /nix/store/d7j5wi3bzrpvlgki9n1x25gv8wfdr4cn-perl5.32.0-Debug-ShowStuff-1.16/share/man/ and (possibly) its parents
shrinking RPATHs of ELF executables and libraries in /nix/store/d7j5wi3bzrpvlgki9n1x25gv8wfdr4cn-perl5.32.0-Debug-ShowStuff-1.16
strip is /nix/store/psyzbhp4p088sb9qcs378hfbslcalasl-binutils-2.31.1/bin/strip
stripping (with command strip and flags -S) in /nix/store/d7j5wi3bzrpvlgki9n1x25gv8wfdr4cn-perl5.32.0-Debug-ShowStuff-1.16/lib
patching script interpreter paths in /nix/store/d7j5wi3bzrpvlgki9n1x25gv8wfdr4cn-perl5.32.0-Debug-ShowStuff-1.16
checking for references to /build/ in /nix/store/d7j5wi3bzrpvlgki9n1x25gv8wfdr4cn-perl5.32.0-Debug-ShowStuff-1.16...
shrinking RPATHs of ELF executables and libraries in /nix/store/cj33lbzqbqiccif7nlhnn1nlj589n7an-perl5.32.0-Debug-ShowStuff-1.16-devdoc
gzipping man pages under /nix/store/cj33lbzqbqiccif7nlhnn1nlj589n7an-perl5.32.0-Debug-ShowStuff-1.16-devdoc/share/man/
strip is /nix/store/psyzbhp4p088sb9qcs378hfbslcalasl-binutils-2.31.1/bin/strip
patching script interpreter paths in /nix/store/cj33lbzqbqiccif7nlhnn1nlj589n7an-perl5.32.0-Debug-ShowStuff-1.16-devdoc
checking for references to /build/ in /nix/store/cj33lbzqbqiccif7nlhnn1nlj589n7an-perl5.32.0-Debug-ShowStuff-1.16-devdoc...
building '/nix/store/i087yx590csc8811f9pbd8n6vjpbwr22-perl5.32.0-Data-Taxi-0.96.drv'...
unpacking sources
unpacking source archive /nix/store/69ahb6sb943zdczws3yybm1v6xcbpzzg-Data-Taxi-0.96.tar.gz
source root is Data-Taxi-0.96
setting SOURCE_DATE_EPOCH to timestamp 1289792309 of file Data-Taxi-0.96/test.pl
patching sources
configuring
patching ./test.pl...
Checking if your kit is complete...
Looks good
Generating a Unix-style Makefile
Writing Makefile for Data::Taxi
Writing MYMETA.yml and MYMETA.json
no configure script, doing nothing
building
build flags: SHELL=/nix/store/9fqwwd4iybmhjqyxiaxycknslw6bgwh1-bash-4.4-p23/bin/bash
cp Taxi.pm blib/lib/Data/Taxi.pm
Manifying 1 pod document
running tests
check flags: SHELL=/nix/store/9fqwwd4iybmhjqyxiaxycknslw6bgwh1-bash-4.4-p23/bin/bash VERBOSE=y test
PERL_DL_NONLAZY=1 "/nix/store/7c044di03qa7qgr5kjjc2d787aspzp0m-perl-5.32.0/bin/perl" "-Iblib/lib" "-Iblib/arch" test.pl
Subroutine spacepad redefined at /nix/store/d7j5wi3bzrpvlgki9n1x25gv8wfdr4cn-perl5.32.0-Debug-ShowStuff-1.16/lib/perl5/site_perl/5.32.0/Debug/ShowStuff.pm line 1635.
1..3
# Running under perl version 5.032000 for linux
# Current time local: Wed Jul 15 03:01:11 2020
# Current time GMT:   Wed Jul 15 03:01:11 2020
# Using Test.pm version 1.31
ok 1
ok 2
ok 3
installing
install flags: SHELL=/nix/store/9fqwwd4iybmhjqyxiaxycknslw6bgwh1-bash-4.4-p23/bin/bash pkgconfigdir=/nix/store/ijvxfwmzxnyf1disxc8hpx4z9yhml9nl-perl5.32.0-Data-Taxi-0.96/lib/pkgconfig m4datadir=/nix/store/ijvxfwmzxnyf1disxc8hpx4z9yhml9nl-perl5.32.0-Data-Taxi-0.96/share/aclocal aclocaldir=/nix/store/ijvxfwmzxnyf1disxc8hpx4z9yhml9nl-perl5.32.0-Data-Taxi-0.96/share/aclocal install
Manifying 1 pod document
Installing /nix/store/ijvxfwmzxnyf1disxc8hpx4z9yhml9nl-perl5.32.0-Data-Taxi-0.96/lib/perl5/site_perl/5.32.0/Data/Taxi.pm
Installing /nix/store/ijvxfwmzxnyf1disxc8hpx4z9yhml9nl-perl5.32.0-Data-Taxi-0.96/share/man/man3/Data::Taxi.3
Appending installation info to /nix/store/ijvxfwmzxnyf1disxc8hpx4z9yhml9nl-perl5.32.0-Data-Taxi-0.96/lib/perl5/5.32.0/x86_64-linux-thread-multi/perllocal.pod
post-installation fixup
Moving /nix/store/ijvxfwmzxnyf1disxc8hpx4z9yhml9nl-perl5.32.0-Data-Taxi-0.96/share/man/man3 to /nix/store/hxjq1g85lp0x4ymgavajss1ir37x2i4w-perl5.32.0-Data-Taxi-0.96-devdoc/share/man/man3
Removing empty /nix/store/ijvxfwmzxnyf1disxc8hpx4z9yhml9nl-perl5.32.0-Data-Taxi-0.96/share/man/ and (possibly) its parents
shrinking RPATHs of ELF executables and libraries in /nix/store/ijvxfwmzxnyf1disxc8hpx4z9yhml9nl-perl5.32.0-Data-Taxi-0.96
strip is /nix/store/psyzbhp4p088sb9qcs378hfbslcalasl-binutils-2.31.1/bin/strip
stripping (with command strip and flags -S) in /nix/store/ijvxfwmzxnyf1disxc8hpx4z9yhml9nl-perl5.32.0-Data-Taxi-0.96/lib
patching script interpreter paths in /nix/store/ijvxfwmzxnyf1disxc8hpx4z9yhml9nl-perl5.32.0-Data-Taxi-0.96
checking for references to /build/ in /nix/store/ijvxfwmzxnyf1disxc8hpx4z9yhml9nl-perl5.32.0-Data-Taxi-0.96...
shrinking RPATHs of ELF executables and libraries in /nix/store/hxjq1g85lp0x4ymgavajss1ir37x2i4w-perl5.32.0-Data-Taxi-0.96-devdoc
gzipping man pages under /nix/store/hxjq1g85lp0x4ymgavajss1ir37x2i4w-perl5.32.0-Data-Taxi-0.96-devdoc/share/man/
strip is /nix/store/psyzbhp4p088sb9qcs378hfbslcalasl-binutils-2.31.1/bin/strip
patching script interpreter paths in /nix/store/hxjq1g85lp0x4ymgavajss1ir37x2i4w-perl5.32.0-Data-Taxi-0.96-devdoc
checking for references to /build/ in /nix/store/hxjq1g85lp0x4ymgavajss1ir37x2i4w-perl5.32.0-Data-Taxi-0.96-devdoc...
/nix/store/ijvxfwmzxnyf1disxc8hpx4z9yhml9nl-perl5.32.0-Data-Taxi-0.96
