these derivations will be built:
  /nix/store/hfm1327ncyzldrr6kis2kkslv8mgbc16-perl5.32.0-DateTime-Format-MySQL-0.06.drv
these paths will be fetched (0.01 MiB download, 0.01 MiB unpacked):
  /nix/store/8fpzviz4yj49paa1rgkd25cnd6n5xdxl-DateTime-Format-MySQL-0.06.tar.gz
copying path '/nix/store/8fpzviz4yj49paa1rgkd25cnd6n5xdxl-DateTime-Format-MySQL-0.06.tar.gz' from 'https://cache.nixos.org'...
building '/nix/store/hfm1327ncyzldrr6kis2kkslv8mgbc16-perl5.32.0-DateTime-Format-MySQL-0.06.drv'...
unpacking sources
unpacking source archive /nix/store/8fpzviz4yj49paa1rgkd25cnd6n5xdxl-DateTime-Format-MySQL-0.06.tar.gz
source root is DateTime-Format-MySQL-0.06
setting SOURCE_DATE_EPOCH to timestamp 1455288074 of file DateTime-Format-MySQL-0.06/t/02parse.t
patching sources
configuring
# running Build.PL --prefix /nix/store/8skkir17vcizrzcx2ndmj6fsbffa7jd3-perl5.32.0-DateTime-Format-MySQL-0.06 --installdirs site --config perl=/nix/store/7c044di03qa7qgr5kjjc2d787aspzp0m-perl-5.32.0/bin/perl --fullperl "/nix/store/7c044di03qa7qgr5kjjc2d787aspzp0m-perl-5.32.0/bin/perl"
Created MYMETA.yml and MYMETA.json
Creating new 'Build' script for 'DateTime-Format-MySQL' version '0.06'
no configure script, doing nothing
building
Created MYMETA.yml and MYMETA.json
Creating new 'Build' script for 'DateTime-Format-MySQL' version '0.06'
Building DateTime-Format-MySQL
running tests
t/00load.t .... ok
t/01format.t .. ok
t/02parse.t ... ok
All tests successful.
Files=3, Tests=88,  1 wallclock secs ( 0.04 usr  0.01 sys +  0.79 cusr  0.34 csys =  1.18 CPU)
Result: PASS
installing
Building DateTime-Format-MySQL
Installing /nix/store/8skkir17vcizrzcx2ndmj6fsbffa7jd3-perl5.32.0-DateTime-Format-MySQL-0.06/lib/perl5/site_perl/5.32.0/DateTime/Format/MySQL.pm
Installing /nix/store/8skkir17vcizrzcx2ndmj6fsbffa7jd3-perl5.32.0-DateTime-Format-MySQL-0.06/share/man/man3/DateTime::Format::MySQL.3
post-installation fixup
Moving /nix/store/8skkir17vcizrzcx2ndmj6fsbffa7jd3-perl5.32.0-DateTime-Format-MySQL-0.06/share/man/man3 to /nix/store/4vy8kr63gxk12b2gkhxayyyfq35nca8y-perl5.32.0-DateTime-Format-MySQL-0.06-devdoc/share/man/man3
Removing empty /nix/store/8skkir17vcizrzcx2ndmj6fsbffa7jd3-perl5.32.0-DateTime-Format-MySQL-0.06/share/man/ and (possibly) its parents
shrinking RPATHs of ELF executables and libraries in /nix/store/8skkir17vcizrzcx2ndmj6fsbffa7jd3-perl5.32.0-DateTime-Format-MySQL-0.06
strip is /nix/store/psyzbhp4p088sb9qcs378hfbslcalasl-binutils-2.31.1/bin/strip
stripping (with command strip and flags -S) in /nix/store/8skkir17vcizrzcx2ndmj6fsbffa7jd3-perl5.32.0-DateTime-Format-MySQL-0.06/lib
patching script interpreter paths in /nix/store/8skkir17vcizrzcx2ndmj6fsbffa7jd3-perl5.32.0-DateTime-Format-MySQL-0.06
checking for references to /build/ in /nix/store/8skkir17vcizrzcx2ndmj6fsbffa7jd3-perl5.32.0-DateTime-Format-MySQL-0.06...
shrinking RPATHs of ELF executables and libraries in /nix/store/4vy8kr63gxk12b2gkhxayyyfq35nca8y-perl5.32.0-DateTime-Format-MySQL-0.06-devdoc
gzipping man pages under /nix/store/4vy8kr63gxk12b2gkhxayyyfq35nca8y-perl5.32.0-DateTime-Format-MySQL-0.06-devdoc/share/man/
strip is /nix/store/psyzbhp4p088sb9qcs378hfbslcalasl-binutils-2.31.1/bin/strip
patching script interpreter paths in /nix/store/4vy8kr63gxk12b2gkhxayyyfq35nca8y-perl5.32.0-DateTime-Format-MySQL-0.06-devdoc
checking for references to /build/ in /nix/store/4vy8kr63gxk12b2gkhxayyyfq35nca8y-perl5.32.0-DateTime-Format-MySQL-0.06-devdoc...
/nix/store/8skkir17vcizrzcx2ndmj6fsbffa7jd3-perl5.32.0-DateTime-Format-MySQL-0.06
