these derivations will be built:
  /nix/store/lqw4idc9d0hb6z9ibn230qr7wbp9wfb9-perl5.32.0-Date-Simple-3.03.drv
these paths will be fetched (0.02 MiB download, 0.02 MiB unpacked):
  /nix/store/bb31z34jv640l7sqgqdcg2g5dbhxz9wd-Date-Simple-3.03.tar.gz
copying path '/nix/store/bb31z34jv640l7sqgqdcg2g5dbhxz9wd-Date-Simple-3.03.tar.gz' from 'https://cache.nixos.org'...
building '/nix/store/lqw4idc9d0hb6z9ibn230qr7wbp9wfb9-perl5.32.0-Date-Simple-3.03.drv'...
unpacking sources
unpacking source archive /nix/store/bb31z34jv640l7sqgqdcg2g5dbhxz9wd-Date-Simple-3.03.tar.gz
source root is Date-Simple-3.03
setting SOURCE_DATE_EPOCH to timestamp 1230319661 of file Date-Simple-3.03/META.yml
patching sources
configuring
patching ./t/date.t...
Enabling XS code.
If you get errors, run `make distclean'
and try again using `perl Makefile.PL noxs'.
Undefined requirement for Scalar::Util treated as '0' at /nix/store/7c044di03qa7qgr5kjjc2d787aspzp0m-perl-5.32.0/lib/perl5/5.32.0/ExtUtils/MakeMaker.pm line 470.
Undefined requirement for Test::More treated as '0' at /nix/store/7c044di03qa7qgr5kjjc2d787aspzp0m-perl-5.32.0/lib/perl5/5.32.0/ExtUtils/MakeMaker.pm line 470.
Checking if your kit is complete...
Looks good
Generating a Unix-style Makefile
Writing Makefile for Date::Simple
Writing MYMETA.yml and MYMETA.json
no configure script, doing nothing
building
build flags: SHELL=/nix/store/9fqwwd4iybmhjqyxiaxycknslw6bgwh1-bash-4.4-p23/bin/bash
cp lib/Date/Simple/NoXS.pm blib/lib/Date/Simple/NoXS.pm
cp lib/Date/Simple/ISO.pm blib/lib/Date/Simple/ISO.pm
cp lib/Date/Simple/Fmt.pm blib/lib/Date/Simple/Fmt.pm
cp lib/Date/Simple.pm blib/lib/Date/Simple.pm
cp lib/Date/Simple/D8.pm blib/lib/Date/Simple/D8.pm
Running Mkbootstrap for Simple ()
chmod 644 "Simple.bs"
"/nix/store/7c044di03qa7qgr5kjjc2d787aspzp0m-perl-5.32.0/bin/perl" -MExtUtils::Command::MM -e 'cp_nonempty' -- Simple.bs blib/arch/auto/Date/Simple/Simple.bs 644
"/nix/store/7c044di03qa7qgr5kjjc2d787aspzp0m-perl-5.32.0/bin/perl" "/nix/store/7c044di03qa7qgr5kjjc2d787aspzp0m-perl-5.32.0/lib/perl5/5.32.0/ExtUtils/xsubpp"  -typemap '/nix/store/7c044di03qa7qgr5kjjc2d787aspzp0m-perl-5.32.0/lib/perl5/5.32.0/ExtUtils/typemap'  Simple.xs > Simple.xsc
Please specify prototyping behavior for Simple.xs (see perlxs manual)
mv Simple.xsc Simple.c
cc -c   -D_REENTRANT -D_GNU_SOURCE -fwrapv -fno-strict-aliasing -pipe -fstack-protector-strong -I/no-such-path/include -D_LARGEFILE_SOURCE -D_FILE_OFFSET_BITS=64 -O2   -DVERSION=\"3.03\" -DXS_VERSION=\"3.03\" -fPIC "-I/nix/store/7c044di03qa7qgr5kjjc2d787aspzp0m-perl-5.32.0/lib/perl5/5.32.0/x86_64-linux-thread-multi/CORE"   Simple.c
rm -f blib/arch/auto/Date/Simple/Simple.so
cc  -shared -O2 -L/nix/store/68pw3wxwkrx0rwzjifm7g1jxy5g2sg1p-glibc-2.31/lib -fstack-protector-strong  Simple.o  -o blib/arch/auto/Date/Simple/Simple.so  \
      \

chmod 755 blib/arch/auto/Date/Simple/Simple.so
Manifying 5 pod documents
running tests
check flags: SHELL=/nix/store/9fqwwd4iybmhjqyxiaxycknslw6bgwh1-bash-4.4-p23/bin/bash VERBOSE=y test
"/nix/store/7c044di03qa7qgr5kjjc2d787aspzp0m-perl-5.32.0/bin/perl" -MExtUtils::Command::MM -e 'cp_nonempty' -- Simple.bs blib/arch/auto/Date/Simple/Simple.bs 644
PERL_DL_NONLAZY=1 "/nix/store/7c044di03qa7qgr5kjjc2d787aspzp0m-perl-5.32.0/bin/perl" "-MExtUtils::Command::MM" "-MTest::Harness" "-e" "undef *Test::Harness::Switches; test_harness(0, 'blib/lib', 'blib/arch')" t/*.t
t/bug31037.t .. ok
t/bug32315.t .. ok
t/date.t ...... ok
All tests successful.
Files=3, Tests=233,  1 wallclock secs ( 0.04 usr  0.01 sys +  0.17 cusr  0.02 csys =  0.24 CPU)
Result: PASS
installing
install flags: SHELL=/nix/store/9fqwwd4iybmhjqyxiaxycknslw6bgwh1-bash-4.4-p23/bin/bash pkgconfigdir=/nix/store/vsi705gbyxwcmbwab4bc40k646agl0mk-perl5.32.0-Date-Simple-3.03/lib/pkgconfig m4datadir=/nix/store/vsi705gbyxwcmbwab4bc40k646agl0mk-perl5.32.0-Date-Simple-3.03/share/aclocal aclocaldir=/nix/store/vsi705gbyxwcmbwab4bc40k646agl0mk-perl5.32.0-Date-Simple-3.03/share/aclocal install
"/nix/store/7c044di03qa7qgr5kjjc2d787aspzp0m-perl-5.32.0/bin/perl" -MExtUtils::Command::MM -e 'cp_nonempty' -- Simple.bs blib/arch/auto/Date/Simple/Simple.bs 644
Manifying 5 pod documents
Files found in blib/arch: installing files in blib/lib into architecture dependent library tree
Installing /nix/store/vsi705gbyxwcmbwab4bc40k646agl0mk-perl5.32.0-Date-Simple-3.03/lib/perl5/site_perl/5.32.0/x86_64-linux-thread-multi/auto/Date/Simple/Simple.so
Installing /nix/store/vsi705gbyxwcmbwab4bc40k646agl0mk-perl5.32.0-Date-Simple-3.03/lib/perl5/site_perl/5.32.0/x86_64-linux-thread-multi/Date/Simple.pm
Installing /nix/store/vsi705gbyxwcmbwab4bc40k646agl0mk-perl5.32.0-Date-Simple-3.03/lib/perl5/site_perl/5.32.0/x86_64-linux-thread-multi/Date/Simple/D8.pm
Installing /nix/store/vsi705gbyxwcmbwab4bc40k646agl0mk-perl5.32.0-Date-Simple-3.03/lib/perl5/site_perl/5.32.0/x86_64-linux-thread-multi/Date/Simple/NoXS.pm
Installing /nix/store/vsi705gbyxwcmbwab4bc40k646agl0mk-perl5.32.0-Date-Simple-3.03/lib/perl5/site_perl/5.32.0/x86_64-linux-thread-multi/Date/Simple/Fmt.pm
Installing /nix/store/vsi705gbyxwcmbwab4bc40k646agl0mk-perl5.32.0-Date-Simple-3.03/lib/perl5/site_perl/5.32.0/x86_64-linux-thread-multi/Date/Simple/ISO.pm
Installing /nix/store/vsi705gbyxwcmbwab4bc40k646agl0mk-perl5.32.0-Date-Simple-3.03/share/man/man3/Date::Simple::ISO.3
Installing /nix/store/vsi705gbyxwcmbwab4bc40k646agl0mk-perl5.32.0-Date-Simple-3.03/share/man/man3/Date::Simple::D8.3
Installing /nix/store/vsi705gbyxwcmbwab4bc40k646agl0mk-perl5.32.0-Date-Simple-3.03/share/man/man3/Date::Simple::NoXS.3
Installing /nix/store/vsi705gbyxwcmbwab4bc40k646agl0mk-perl5.32.0-Date-Simple-3.03/share/man/man3/Date::Simple::Fmt.3
Installing /nix/store/vsi705gbyxwcmbwab4bc40k646agl0mk-perl5.32.0-Date-Simple-3.03/share/man/man3/Date::Simple.3
Appending installation info to /nix/store/vsi705gbyxwcmbwab4bc40k646agl0mk-perl5.32.0-Date-Simple-3.03/lib/perl5/5.32.0/x86_64-linux-thread-multi/perllocal.pod
post-installation fixup
Moving /nix/store/vsi705gbyxwcmbwab4bc40k646agl0mk-perl5.32.0-Date-Simple-3.03/share/man/man3 to /nix/store/zdcw8gcg43vkmjb9z7dgiw5ifd5gv0hb-perl5.32.0-Date-Simple-3.03-devdoc/share/man/man3
Removing empty /nix/store/vsi705gbyxwcmbwab4bc40k646agl0mk-perl5.32.0-Date-Simple-3.03/share/man/ and (possibly) its parents
shrinking RPATHs of ELF executables and libraries in /nix/store/vsi705gbyxwcmbwab4bc40k646agl0mk-perl5.32.0-Date-Simple-3.03
shrinking /nix/store/vsi705gbyxwcmbwab4bc40k646agl0mk-perl5.32.0-Date-Simple-3.03/lib/perl5/site_perl/5.32.0/x86_64-linux-thread-multi/auto/Date/Simple/Simple.so
strip is /nix/store/psyzbhp4p088sb9qcs378hfbslcalasl-binutils-2.31.1/bin/strip
stripping (with command strip and flags -S) in /nix/store/vsi705gbyxwcmbwab4bc40k646agl0mk-perl5.32.0-Date-Simple-3.03/lib
patching script interpreter paths in /nix/store/vsi705gbyxwcmbwab4bc40k646agl0mk-perl5.32.0-Date-Simple-3.03
checking for references to /build/ in /nix/store/vsi705gbyxwcmbwab4bc40k646agl0mk-perl5.32.0-Date-Simple-3.03...
shrinking RPATHs of ELF executables and libraries in /nix/store/zdcw8gcg43vkmjb9z7dgiw5ifd5gv0hb-perl5.32.0-Date-Simple-3.03-devdoc
gzipping man pages under /nix/store/zdcw8gcg43vkmjb9z7dgiw5ifd5gv0hb-perl5.32.0-Date-Simple-3.03-devdoc/share/man/
strip is /nix/store/psyzbhp4p088sb9qcs378hfbslcalasl-binutils-2.31.1/bin/strip
patching script interpreter paths in /nix/store/zdcw8gcg43vkmjb9z7dgiw5ifd5gv0hb-perl5.32.0-Date-Simple-3.03-devdoc
checking for references to /build/ in /nix/store/zdcw8gcg43vkmjb9z7dgiw5ifd5gv0hb-perl5.32.0-Date-Simple-3.03-devdoc...
/nix/store/vsi705gbyxwcmbwab4bc40k646agl0mk-perl5.32.0-Date-Simple-3.03
