these derivations will be built:
  /nix/store/qjjpqmrp019kgcgfyyqb98j2g95cwp22-perl5.32.0-DateTime-Format-SQLite-0.11.drv
these paths will be fetched (0.01 MiB download, 0.01 MiB unpacked):
  /nix/store/40iq8ajhib2y3hr8zs3jjznzj6454qnv-DateTime-Format-SQLite-0.11.tar.gz
copying path '/nix/store/40iq8ajhib2y3hr8zs3jjznzj6454qnv-DateTime-Format-SQLite-0.11.tar.gz' from 'https://cache.nixos.org'...
building '/nix/store/qjjpqmrp019kgcgfyyqb98j2g95cwp22-perl5.32.0-DateTime-Format-SQLite-0.11.drv'...
unpacking sources
unpacking source archive /nix/store/40iq8ajhib2y3hr8zs3jjznzj6454qnv-DateTime-Format-SQLite-0.11.tar.gz
source root is DateTime-Format-SQLite-0.11
setting SOURCE_DATE_EPOCH to timestamp 1260463819 of file DateTime-Format-SQLite-0.11/SIGNATURE
patching sources
configuring
Checking if your kit is complete...
Looks good
Generating a Unix-style Makefile
Writing Makefile for DateTime::Format::SQLite
Writing MYMETA.yml and MYMETA.json
no configure script, doing nothing
building
build flags: SHELL=/nix/store/9fqwwd4iybmhjqyxiaxycknslw6bgwh1-bash-4.4-p23/bin/bash
cp lib/DateTime/Format/SQLite.pm blib/lib/DateTime/Format/SQLite.pm
Manifying 1 pod document
running tests
check flags: SHELL=/nix/store/9fqwwd4iybmhjqyxiaxycknslw6bgwh1-bash-4.4-p23/bin/bash VERBOSE=y test
PERL_DL_NONLAZY=1 "/nix/store/7c044di03qa7qgr5kjjc2d787aspzp0m-perl-5.32.0/bin/perl" "-MExtUtils::Command::MM" "-MTest::Harness" "-e" "undef *Test::Harness::Switches; test_harness(0, 'blib/lib', 'blib/arch')" t/*.t
t/00load.t ....... ok
t/10pod.t ........ skipped: Test::Pod 1.00 required for testing POD
t/11pod_cover.t .. skipped: Test::Pod::Coverage required for testing POD coverage
t/format.t ....... ok
t/parse.t ........ ok
t/withsqlite.t ... skipped: DBI required for real database test
All tests successful.
Files=6, Tests=51,  2 wallclock secs ( 0.04 usr  0.03 sys +  1.17 cusr  0.62 csys =  1.86 CPU)
Result: PASS
installing
install flags: SHELL=/nix/store/9fqwwd4iybmhjqyxiaxycknslw6bgwh1-bash-4.4-p23/bin/bash pkgconfigdir=/nix/store/m1rra0q6521dzkbzyn4ay48j7cgf57zy-perl5.32.0-DateTime-Format-SQLite-0.11/lib/pkgconfig m4datadir=/nix/store/m1rra0q6521dzkbzyn4ay48j7cgf57zy-perl5.32.0-DateTime-Format-SQLite-0.11/share/aclocal aclocaldir=/nix/store/m1rra0q6521dzkbzyn4ay48j7cgf57zy-perl5.32.0-DateTime-Format-SQLite-0.11/share/aclocal install
Manifying 1 pod document
Installing /nix/store/m1rra0q6521dzkbzyn4ay48j7cgf57zy-perl5.32.0-DateTime-Format-SQLite-0.11/lib/perl5/site_perl/5.32.0/DateTime/Format/SQLite.pm
Installing /nix/store/m1rra0q6521dzkbzyn4ay48j7cgf57zy-perl5.32.0-DateTime-Format-SQLite-0.11/share/man/man3/DateTime::Format::SQLite.3
Appending installation info to /nix/store/m1rra0q6521dzkbzyn4ay48j7cgf57zy-perl5.32.0-DateTime-Format-SQLite-0.11/lib/perl5/5.32.0/x86_64-linux-thread-multi/perllocal.pod
post-installation fixup
Moving /nix/store/m1rra0q6521dzkbzyn4ay48j7cgf57zy-perl5.32.0-DateTime-Format-SQLite-0.11/share/man/man3 to /nix/store/4cvpkggs5wgmv9n13f9y5gngsv11waz0-perl5.32.0-DateTime-Format-SQLite-0.11-devdoc/share/man/man3
Removing empty /nix/store/m1rra0q6521dzkbzyn4ay48j7cgf57zy-perl5.32.0-DateTime-Format-SQLite-0.11/share/man/ and (possibly) its parents
shrinking RPATHs of ELF executables and libraries in /nix/store/m1rra0q6521dzkbzyn4ay48j7cgf57zy-perl5.32.0-DateTime-Format-SQLite-0.11
strip is /nix/store/psyzbhp4p088sb9qcs378hfbslcalasl-binutils-2.31.1/bin/strip
stripping (with command strip and flags -S) in /nix/store/m1rra0q6521dzkbzyn4ay48j7cgf57zy-perl5.32.0-DateTime-Format-SQLite-0.11/lib
patching script interpreter paths in /nix/store/m1rra0q6521dzkbzyn4ay48j7cgf57zy-perl5.32.0-DateTime-Format-SQLite-0.11
checking for references to /build/ in /nix/store/m1rra0q6521dzkbzyn4ay48j7cgf57zy-perl5.32.0-DateTime-Format-SQLite-0.11...
shrinking RPATHs of ELF executables and libraries in /nix/store/4cvpkggs5wgmv9n13f9y5gngsv11waz0-perl5.32.0-DateTime-Format-SQLite-0.11-devdoc
gzipping man pages under /nix/store/4cvpkggs5wgmv9n13f9y5gngsv11waz0-perl5.32.0-DateTime-Format-SQLite-0.11-devdoc/share/man/
strip is /nix/store/psyzbhp4p088sb9qcs378hfbslcalasl-binutils-2.31.1/bin/strip
patching script interpreter paths in /nix/store/4cvpkggs5wgmv9n13f9y5gngsv11waz0-perl5.32.0-DateTime-Format-SQLite-0.11-devdoc
checking for references to /build/ in /nix/store/4cvpkggs5wgmv9n13f9y5gngsv11waz0-perl5.32.0-DateTime-Format-SQLite-0.11-devdoc...
/nix/store/m1rra0q6521dzkbzyn4ay48j7cgf57zy-perl5.32.0-DateTime-Format-SQLite-0.11
