these derivations will be built:
  /nix/store/nghk1r2lk36fqc0176q6hvd5q8wwshsw-perl5.32.0-DateTime-Format-Pg-0.16013.drv
these paths will be fetched (0.03 MiB download, 0.03 MiB unpacked):
  /nix/store/zlzzhn2lq1m2arka6y1d706qxanfyh7n-DateTime-Format-Pg-0.16013.tar.gz
copying path '/nix/store/zlzzhn2lq1m2arka6y1d706qxanfyh7n-DateTime-Format-Pg-0.16013.tar.gz' from 'https://cache.nixos.org'...
building '/nix/store/nghk1r2lk36fqc0176q6hvd5q8wwshsw-perl5.32.0-DateTime-Format-Pg-0.16013.drv'...
unpacking sources
unpacking source archive /nix/store/zlzzhn2lq1m2arka6y1d706qxanfyh7n-DateTime-Format-Pg-0.16013.tar.gz
source root is DateTime-Format-Pg-0.16013
setting SOURCE_DATE_EPOCH to timestamp 1493901986 of file DateTime-Format-Pg-0.16013/t/tz_1901_2038.t
patching sources
configuring
patching ./t/99-pod-coverage.t...
no configure script, doing nothing
building
Creating new 'Build' script for 'DateTime-Format-Pg' version '0.16013'
cp lib/DateTime/Format/Pg.pm blib/lib/DateTime/Format/Pg.pm
running tests
t/1basic.t ............. ok
t/2new-param.t ......... ok
t/99-pod-coverage.t .... skipped: Test::Pod::Coverage required for testing POD
t/99-pod.t ............. skipped: Test::Pod required for testing POD
t/format_date.t ........ ok
t/format_datetime.t .... ok
t/format_fractional.t .. ok
t/format_interval.t .... ok
t/gh12.t ............... ok
t/parse_date.t ......... ok
t/parse_datetime.t ..... ok
t/parse_datetime2.t .... ok
t/parse_datetime3.t .... ok
t/parse_datetime4.t .... ok
t/parse_datetime5.t .... ok
t/parse_infinity.t ..... ok
t/parse_interval.t ..... ok
t/parse_time.t ......... ok
t/rt18487.t ............ ok
t/rt29635.t ............ ok
t/rt72706.t ............ ok
t/self_circle.t ........ ok
t/tz_1901_2038.t ....... ok
All tests successful.
Files=23, Tests=201,  8 wallclock secs ( 0.09 usr  0.06 sys +  5.39 cusr  2.27 csys =  7.81 CPU)
Result: PASS
installing
Installing /nix/store/hbxmpdnp78a0vp5f2w8js1lx28d7q8rm-perl5.32.0-DateTime-Format-Pg-0.16013/lib/perl5/site_perl/5.32.0/DateTime/Format/Pg.pm
Installing /nix/store/hbxmpdnp78a0vp5f2w8js1lx28d7q8rm-perl5.32.0-DateTime-Format-Pg-0.16013/share/man/man3/DateTime::Format::Pg.3
post-installation fixup
Moving /nix/store/hbxmpdnp78a0vp5f2w8js1lx28d7q8rm-perl5.32.0-DateTime-Format-Pg-0.16013/share/man/man3 to /nix/store/zahhbwgszzcykkcy1d9wrlyz6x9fvwh1-perl5.32.0-DateTime-Format-Pg-0.16013-devdoc/share/man/man3
Removing empty /nix/store/hbxmpdnp78a0vp5f2w8js1lx28d7q8rm-perl5.32.0-DateTime-Format-Pg-0.16013/share/man/ and (possibly) its parents
shrinking RPATHs of ELF executables and libraries in /nix/store/hbxmpdnp78a0vp5f2w8js1lx28d7q8rm-perl5.32.0-DateTime-Format-Pg-0.16013
strip is /nix/store/psyzbhp4p088sb9qcs378hfbslcalasl-binutils-2.31.1/bin/strip
stripping (with command strip and flags -S) in /nix/store/hbxmpdnp78a0vp5f2w8js1lx28d7q8rm-perl5.32.0-DateTime-Format-Pg-0.16013/lib
patching script interpreter paths in /nix/store/hbxmpdnp78a0vp5f2w8js1lx28d7q8rm-perl5.32.0-DateTime-Format-Pg-0.16013
checking for references to /build/ in /nix/store/hbxmpdnp78a0vp5f2w8js1lx28d7q8rm-perl5.32.0-DateTime-Format-Pg-0.16013...
shrinking RPATHs of ELF executables and libraries in /nix/store/zahhbwgszzcykkcy1d9wrlyz6x9fvwh1-perl5.32.0-DateTime-Format-Pg-0.16013-devdoc
gzipping man pages under /nix/store/zahhbwgszzcykkcy1d9wrlyz6x9fvwh1-perl5.32.0-DateTime-Format-Pg-0.16013-devdoc/share/man/
strip is /nix/store/psyzbhp4p088sb9qcs378hfbslcalasl-binutils-2.31.1/bin/strip
patching script interpreter paths in /nix/store/zahhbwgszzcykkcy1d9wrlyz6x9fvwh1-perl5.32.0-DateTime-Format-Pg-0.16013-devdoc
checking for references to /build/ in /nix/store/zahhbwgszzcykkcy1d9wrlyz6x9fvwh1-perl5.32.0-DateTime-Format-Pg-0.16013-devdoc...
/nix/store/hbxmpdnp78a0vp5f2w8js1lx28d7q8rm-perl5.32.0-DateTime-Format-Pg-0.16013
