these derivations will be built:
  /nix/store/9m2k093sbm9zg01kkza270ay276rs5hd-perl5.32.0-DateTime-Format-Builder-0.82.drv
building '/nix/store/9m2k093sbm9zg01kkza270ay276rs5hd-perl5.32.0-DateTime-Format-Builder-0.82.drv'...
unpacking sources
unpacking source archive /nix/store/8b78crpcgyl9dzzd3y0zs4y026zpgc1f-DateTime-Format-Builder-0.82.tar.gz
source root is DateTime-Format-Builder-0.82
setting SOURCE_DATE_EPOCH to timestamp 1551637686 of file DateTime-Format-Builder-0.82/xt/release/meta-json.t
patching sources
configuring
patching ./xt/release/meta-json.t...
patching ./xt/author/mojibake.t...
patching ./xt/author/pod-syntax.t...
patching ./examples/Fall.pm...
patching ./t/00-report-prereqs.t...
Checking if your kit is complete...
Looks good
Generating a Unix-style Makefile
Writing Makefile for DateTime::Format::Builder
Writing MYMETA.yml and MYMETA.json
no configure script, doing nothing
building
build flags: SHELL=/nix/store/9fqwwd4iybmhjqyxiaxycknslw6bgwh1-bash-4.4-p23/bin/bash
cp lib/DateTime/Format/Builder/Parser/Strptime.pm blib/lib/DateTime/Format/Builder/Parser/Strptime.pm
cp lib/DateTime/Format/Builder/Parser/Regex.pm blib/lib/DateTime/Format/Builder/Parser/Regex.pm
cp lib/DateTime/Format/Builder/Parser/generic.pm blib/lib/DateTime/Format/Builder/Parser/generic.pm
cp lib/DateTime/Format/Builder/Parser.pm blib/lib/DateTime/Format/Builder/Parser.pm
cp lib/DateTime/Format/Builder/Tutorial.pod blib/lib/DateTime/Format/Builder/Tutorial.pod
cp lib/DateTime/Format/Builder/Parser/Dispatch.pm blib/lib/DateTime/Format/Builder/Parser/Dispatch.pm
cp lib/DateTime/Format/Builder/Parser/Quick.pm blib/lib/DateTime/Format/Builder/Parser/Quick.pm
cp lib/DateTime/Format/Builder.pm blib/lib/DateTime/Format/Builder.pm
Manifying 8 pod documents
running tests
check flags: SHELL=/nix/store/9fqwwd4iybmhjqyxiaxycknslw6bgwh1-bash-4.4-p23/bin/bash VERBOSE=y test
PERL_DL_NONLAZY=1 "/nix/store/7c044di03qa7qgr5kjjc2d787aspzp0m-perl-5.32.0/bin/perl" "-MExtUtils::Command::MM" "-MTest::Harness" "-e" "undef *Test::Harness::Switches; test_harness(0, 'blib/lib', 'blib/arch')" t/*.t
t/00-report-prereqs.t .. #
# Versions for all modules listed in MYMETA.json (including optional ones):
#
# === Configure Requires ===
#
#     Module              Want Have
#     ------------------- ---- ----
#     ExtUtils::MakeMaker  any 7.44
#
# === Build Requires ===
#
#     Module              Want Have
#     ------------------- ---- ----
#     ExtUtils::MakeMaker  any 7.44
#
# === Test Requires ===
#
#     Module              Want     Have
#     ------------------- ---- --------
#     ExtUtils::MakeMaker  any     7.44
#     File::Spec           any     3.78
#     Test::More          0.96 1.302175
#     lib                  any     0.65
#
# === Test Recommends ===
#
#     Module         Want     Have
#     ---------- -------- --------
#     CPAN::Meta 2.120900 2.150010
#
# === Runtime Requires ===
#
#     Module                     Want  Have
#     -------------------------- ---- -----
#     Carp                        any  1.50
#     DateTime                   1.00  1.52
#     DateTime::Format::Strptime 1.04  1.77
#     Params::Validate           0.72  1.29
#     Scalar::Util                any  1.55
#     parent                      any 0.238
#     strict                      any  1.11
#     vars                        any  1.05
#     warnings                    any  1.47
#
t/00-report-prereqs.t .. ok
t/99pod.t .............. skipped: Test::Pod 1.00 required for testing POD
t/altcon.t ............. ok
t/basic.t .............. ok
t/clone.t .............. ok
t/create.t ............. ok
t/dispatch.t ........... ok
t/extra.t .............. ok
t/fall.t ............... ok
t/import.t ............. ok
t/lengths.t ............ ok
t/memory-cycle.t ....... skipped: These tests require Test::Memory::Cycle and a working Devel::Cycle (> 1.07).
t/mergecb.t ............ ok
t/newclass.t ........... ok
t/nocon.t .............. ok
t/noredef.t ............ ok
t/on_fail.t ............ ok
t/on_fail_regex.t ...... ok
t/on_fail_sub.t ........ ok
t/param.t .............. ok
t/quick.t .............. ok
t/self.t ............... ok
t/strptime.t ........... ok
t/taint.t .............. ok
t/verbose.t ............ ok
t/wholeclass.t ......... ok
All tests successful.
Files=26, Tests=218, 10 wallclock secs ( 0.13 usr  0.03 sys +  6.37 cusr  2.96 csys =  9.49 CPU)
Result: PASS
installing
install flags: SHELL=/nix/store/9fqwwd4iybmhjqyxiaxycknslw6bgwh1-bash-4.4-p23/bin/bash pkgconfigdir=/nix/store/j2x1rhlkqf780bvfmqblvz5qjfq81p96-perl5.32.0-DateTime-Format-Builder-0.82/lib/pkgconfig m4datadir=/nix/store/j2x1rhlkqf780bvfmqblvz5qjfq81p96-perl5.32.0-DateTime-Format-Builder-0.82/share/aclocal aclocaldir=/nix/store/j2x1rhlkqf780bvfmqblvz5qjfq81p96-perl5.32.0-DateTime-Format-Builder-0.82/share/aclocal install
Manifying 8 pod documents
Installing /nix/store/j2x1rhlkqf780bvfmqblvz5qjfq81p96-perl5.32.0-DateTime-Format-Builder-0.82/lib/perl5/site_perl/5.32.0/DateTime/Format/Builder.pm
Installing /nix/store/j2x1rhlkqf780bvfmqblvz5qjfq81p96-perl5.32.0-DateTime-Format-Builder-0.82/lib/perl5/site_perl/5.32.0/DateTime/Format/Builder/Parser.pm
Installing /nix/store/j2x1rhlkqf780bvfmqblvz5qjfq81p96-perl5.32.0-DateTime-Format-Builder-0.82/lib/perl5/site_perl/5.32.0/DateTime/Format/Builder/Tutorial.pod
Installing /nix/store/j2x1rhlkqf780bvfmqblvz5qjfq81p96-perl5.32.0-DateTime-Format-Builder-0.82/lib/perl5/site_perl/5.32.0/DateTime/Format/Builder/Parser/Quick.pm
Installing /nix/store/j2x1rhlkqf780bvfmqblvz5qjfq81p96-perl5.32.0-DateTime-Format-Builder-0.82/lib/perl5/site_perl/5.32.0/DateTime/Format/Builder/Parser/generic.pm
Installing /nix/store/j2x1rhlkqf780bvfmqblvz5qjfq81p96-perl5.32.0-DateTime-Format-Builder-0.82/lib/perl5/site_perl/5.32.0/DateTime/Format/Builder/Parser/Strptime.pm
Installing /nix/store/j2x1rhlkqf780bvfmqblvz5qjfq81p96-perl5.32.0-DateTime-Format-Builder-0.82/lib/perl5/site_perl/5.32.0/DateTime/Format/Builder/Parser/Dispatch.pm
Installing /nix/store/j2x1rhlkqf780bvfmqblvz5qjfq81p96-perl5.32.0-DateTime-Format-Builder-0.82/lib/perl5/site_perl/5.32.0/DateTime/Format/Builder/Parser/Regex.pm
Installing /nix/store/j2x1rhlkqf780bvfmqblvz5qjfq81p96-perl5.32.0-DateTime-Format-Builder-0.82/share/man/man3/DateTime::Format::Builder::Parser::Quick.3
Installing /nix/store/j2x1rhlkqf780bvfmqblvz5qjfq81p96-perl5.32.0-DateTime-Format-Builder-0.82/share/man/man3/DateTime::Format::Builder.3
Installing /nix/store/j2x1rhlkqf780bvfmqblvz5qjfq81p96-perl5.32.0-DateTime-Format-Builder-0.82/share/man/man3/DateTime::Format::Builder::Parser::Strptime.3
Installing /nix/store/j2x1rhlkqf780bvfmqblvz5qjfq81p96-perl5.32.0-DateTime-Format-Builder-0.82/share/man/man3/DateTime::Format::Builder::Tutorial.3
Installing /nix/store/j2x1rhlkqf780bvfmqblvz5qjfq81p96-perl5.32.0-DateTime-Format-Builder-0.82/share/man/man3/DateTime::Format::Builder::Parser::Regex.3
Installing /nix/store/j2x1rhlkqf780bvfmqblvz5qjfq81p96-perl5.32.0-DateTime-Format-Builder-0.82/share/man/man3/DateTime::Format::Builder::Parser::generic.3
Installing /nix/store/j2x1rhlkqf780bvfmqblvz5qjfq81p96-perl5.32.0-DateTime-Format-Builder-0.82/share/man/man3/DateTime::Format::Builder::Parser.3
Installing /nix/store/j2x1rhlkqf780bvfmqblvz5qjfq81p96-perl5.32.0-DateTime-Format-Builder-0.82/share/man/man3/DateTime::Format::Builder::Parser::Dispatch.3
Appending installation info to /nix/store/j2x1rhlkqf780bvfmqblvz5qjfq81p96-perl5.32.0-DateTime-Format-Builder-0.82/lib/perl5/5.32.0/x86_64-linux-thread-multi/perllocal.pod
post-installation fixup
Moving /nix/store/j2x1rhlkqf780bvfmqblvz5qjfq81p96-perl5.32.0-DateTime-Format-Builder-0.82/share/man/man3 to /nix/store/zs9ypwx3dahp4ip72v6ly2n62mm2m6vh-perl5.32.0-DateTime-Format-Builder-0.82-devdoc/share/man/man3
Removing empty /nix/store/j2x1rhlkqf780bvfmqblvz5qjfq81p96-perl5.32.0-DateTime-Format-Builder-0.82/share/man/ and (possibly) its parents
shrinking RPATHs of ELF executables and libraries in /nix/store/j2x1rhlkqf780bvfmqblvz5qjfq81p96-perl5.32.0-DateTime-Format-Builder-0.82
strip is /nix/store/psyzbhp4p088sb9qcs378hfbslcalasl-binutils-2.31.1/bin/strip
stripping (with command strip and flags -S) in /nix/store/j2x1rhlkqf780bvfmqblvz5qjfq81p96-perl5.32.0-DateTime-Format-Builder-0.82/lib
patching script interpreter paths in /nix/store/j2x1rhlkqf780bvfmqblvz5qjfq81p96-perl5.32.0-DateTime-Format-Builder-0.82
checking for references to /build/ in /nix/store/j2x1rhlkqf780bvfmqblvz5qjfq81p96-perl5.32.0-DateTime-Format-Builder-0.82...
shrinking RPATHs of ELF executables and libraries in /nix/store/zs9ypwx3dahp4ip72v6ly2n62mm2m6vh-perl5.32.0-DateTime-Format-Builder-0.82-devdoc
gzipping man pages under /nix/store/zs9ypwx3dahp4ip72v6ly2n62mm2m6vh-perl5.32.0-DateTime-Format-Builder-0.82-devdoc/share/man/
strip is /nix/store/psyzbhp4p088sb9qcs378hfbslcalasl-binutils-2.31.1/bin/strip
patching script interpreter paths in /nix/store/zs9ypwx3dahp4ip72v6ly2n62mm2m6vh-perl5.32.0-DateTime-Format-Builder-0.82-devdoc
checking for references to /build/ in /nix/store/zs9ypwx3dahp4ip72v6ly2n62mm2m6vh-perl5.32.0-DateTime-Format-Builder-0.82-devdoc...
/nix/store/j2x1rhlkqf780bvfmqblvz5qjfq81p96-perl5.32.0-DateTime-Format-Builder-0.82
