these derivations will be built:
  /nix/store/dyvibnnnspzayhlxrc20pq97qg7sf49y-perl5.32.0-DateTime-Format-ICal-0.09.drv
building '/nix/store/dyvibnnnspzayhlxrc20pq97qg7sf49y-perl5.32.0-DateTime-Format-ICal-0.09.drv'...
unpacking sources
unpacking source archive /nix/store/in453h01pk10n5f60d9qn88vcp8kip96-DateTime-Format-ICal-0.09.tar.gz
source root is DateTime-Format-ICal-0.09
setting SOURCE_DATE_EPOCH to timestamp 1204922223 of file DateTime-Format-ICal-0.09/t/04recurrence.t
patching sources
configuring
patching ./t/04recurrence.t...
patching ./t/01datetime.t...
patching ./t/02duration.t...
patching ./t/03period.t...
# running Build.PL --prefix /nix/store/46h4vzv4xgc58qh0w298g2yl56qlfzj7-perl5.32.0-DateTime-Format-ICal-0.09 --installdirs site --config perl=/nix/store/7c044di03qa7qgr5kjjc2d787aspzp0m-perl-5.32.0/bin/perl --fullperl "/nix/store/7c044di03qa7qgr5kjjc2d787aspzp0m-perl-5.32.0/bin/perl"
Created MYMETA.yml and MYMETA.json
Creating new 'Build' script for 'DateTime-Format-ICal' version '0.09'
Unknown 'build_class', defaulting to 'Module::Build'
no configure script, doing nothing
building
Created MYMETA.yml and MYMETA.json
Creating new 'Build' script for 'DateTime-Format-ICal' version '0.09'
Building DateTime-Format-ICal
running tests
t/00load.t ........ ok
t/01datetime.t .... ok
t/02duration.t .... ok
t/03period.t ...... ok
t/04recurrence.t .. ok
All tests successful.
Files=5, Tests=134,  3 wallclock secs ( 0.05 usr  0.02 sys +  2.35 cusr  0.93 csys =  3.35 CPU)
Result: PASS
installing
Building DateTime-Format-ICal
Installing /nix/store/46h4vzv4xgc58qh0w298g2yl56qlfzj7-perl5.32.0-DateTime-Format-ICal-0.09/lib/perl5/site_perl/5.32.0/DateTime/Format/ICal.pm
Installing /nix/store/46h4vzv4xgc58qh0w298g2yl56qlfzj7-perl5.32.0-DateTime-Format-ICal-0.09/share/man/man3/DateTime::Format::ICal.3
post-installation fixup
Moving /nix/store/46h4vzv4xgc58qh0w298g2yl56qlfzj7-perl5.32.0-DateTime-Format-ICal-0.09/share/man/man3 to /nix/store/db0d023vkn2nkkm23a1bwcajrjdi8c2w-perl5.32.0-DateTime-Format-ICal-0.09-devdoc/share/man/man3
Removing empty /nix/store/46h4vzv4xgc58qh0w298g2yl56qlfzj7-perl5.32.0-DateTime-Format-ICal-0.09/share/man/ and (possibly) its parents
shrinking RPATHs of ELF executables and libraries in /nix/store/46h4vzv4xgc58qh0w298g2yl56qlfzj7-perl5.32.0-DateTime-Format-ICal-0.09
strip is /nix/store/psyzbhp4p088sb9qcs378hfbslcalasl-binutils-2.31.1/bin/strip
stripping (with command strip and flags -S) in /nix/store/46h4vzv4xgc58qh0w298g2yl56qlfzj7-perl5.32.0-DateTime-Format-ICal-0.09/lib
patching script interpreter paths in /nix/store/46h4vzv4xgc58qh0w298g2yl56qlfzj7-perl5.32.0-DateTime-Format-ICal-0.09
checking for references to /build/ in /nix/store/46h4vzv4xgc58qh0w298g2yl56qlfzj7-perl5.32.0-DateTime-Format-ICal-0.09...
shrinking RPATHs of ELF executables and libraries in /nix/store/db0d023vkn2nkkm23a1bwcajrjdi8c2w-perl5.32.0-DateTime-Format-ICal-0.09-devdoc
gzipping man pages under /nix/store/db0d023vkn2nkkm23a1bwcajrjdi8c2w-perl5.32.0-DateTime-Format-ICal-0.09-devdoc/share/man/
strip is /nix/store/psyzbhp4p088sb9qcs378hfbslcalasl-binutils-2.31.1/bin/strip
patching script interpreter paths in /nix/store/db0d023vkn2nkkm23a1bwcajrjdi8c2w-perl5.32.0-DateTime-Format-ICal-0.09-devdoc
checking for references to /build/ in /nix/store/db0d023vkn2nkkm23a1bwcajrjdi8c2w-perl5.32.0-DateTime-Format-ICal-0.09-devdoc...
/nix/store/46h4vzv4xgc58qh0w298g2yl56qlfzj7-perl5.32.0-DateTime-Format-ICal-0.09
