these derivations will be built:
  /nix/store/lhs40scvwc5q8bs114cbjkh3m23nmrv3-perl5.32.0-DateTime-Format-Mail-0.403.drv
these paths will be fetched (0.17 MiB download, 0.17 MiB unpacked):
  /nix/store/sxfss6idyzsvqy7q30r6dhj0x3rz4n0m-DateTime-Format-Mail-0.403.tar.gz
copying path '/nix/store/sxfss6idyzsvqy7q30r6dhj0x3rz4n0m-DateTime-Format-Mail-0.403.tar.gz' from 'https://cache.nixos.org'...
building '/nix/store/lhs40scvwc5q8bs114cbjkh3m23nmrv3-perl5.32.0-DateTime-Format-Mail-0.403.drv'...
unpacking sources
unpacking source archive /nix/store/sxfss6idyzsvqy7q30r6dhj0x3rz4n0m-DateTime-Format-Mail-0.403.tar.gz
source root is DateTime-Format-Mail-0.403
setting SOURCE_DATE_EPOCH to timestamp 1467063000 of file DateTime-Format-Mail-0.403/t/timezones.t
patching sources
configuring
patching ./t/00-report-prereqs.t...
patching ./t/author-pod-syntax.t...
patching ./t/author-pod-coverage.t...
patching ./t/release-distmeta.t...
Checking if your kit is complete...
Looks good
Generating a Unix-style Makefile
Writing Makefile for DateTime::Format::Mail
Writing MYMETA.yml and MYMETA.json
no configure script, doing nothing
building
build flags: SHELL=/nix/store/9fqwwd4iybmhjqyxiaxycknslw6bgwh1-bash-4.4-p23/bin/bash
cp lib/DateTime/Format/Mail.pm blib/lib/DateTime/Format/Mail.pm
Manifying 1 pod document
running tests
check flags: SHELL=/nix/store/9fqwwd4iybmhjqyxiaxycknslw6bgwh1-bash-4.4-p23/bin/bash VERBOSE=y test
PERL_DL_NONLAZY=1 "/nix/store/7c044di03qa7qgr5kjjc2d787aspzp0m-perl-5.32.0/bin/perl" "-MExtUtils::Command::MM" "-MTest::Harness" "-e" "undef *Test::Harness::Switches; test_harness(0, 'blib/lib', 'blib/arch')" t/*.t
t/00-report-prereqs.t .... #
# Versions for all modules listed in MYMETA.json (including optional ones):
#
# === Configure Requires ===
#
#     Module              Want Have
#     ------------------- ---- ----
#     ExtUtils::MakeMaker  any 7.44
#
# === Build Requires ===
#
#     Module              Want Have
#     ------------------- ---- ----
#     ExtUtils::MakeMaker  any 7.44
#
# === Test Requires ===
#
#     Module              Want     Have
#     ------------------- ---- --------
#     ExtUtils::MakeMaker  any     7.44
#     File::Spec           any     3.78
#     Test::More           any 1.302175
#     warnings             any     1.47
#
# === Test Recommends ===
#
#     Module         Want     Have
#     ---------- -------- --------
#     CPAN::Meta 2.120900 2.150010
#
# === Runtime Requires ===
#
#     Module           Want Have
#     ---------------- ---- ----
#     Carp              any 1.50
#     DateTime         1.04 1.52
#     Params::Validate  any 1.29
#     strict            any 1.11
#     vars              any 1.05
#
t/00-report-prereqs.t .... ok
t/author-pod-coverage.t .. skipped: these tests are for testing by the author
t/author-pod-syntax.t .... skipped: these tests are for testing by the author
t/basic.t ................ ok
t/fixyears.t ............. ok
t/format.t ............... ok
t/invalid.t .............. ok
t/parse-strict.t ......... ok
t/parse.t ................ ok
t/release-distmeta.t ..... skipped: these tests are for release candidate testing
t/sample.t ............... ok
t/timezones.t ............ ok
All tests successful.
Files=12, Tests=29625,  9 wallclock secs ( 2.29 usr  0.16 sys +  7.53 cusr  1.57 csys = 11.55 CPU)
Result: PASS
installing
install flags: SHELL=/nix/store/9fqwwd4iybmhjqyxiaxycknslw6bgwh1-bash-4.4-p23/bin/bash pkgconfigdir=/nix/store/n5zhqfdqz9lfq1ik2kpj40y301zv46gr-perl5.32.0-DateTime-Format-Mail-0.403/lib/pkgconfig m4datadir=/nix/store/n5zhqfdqz9lfq1ik2kpj40y301zv46gr-perl5.32.0-DateTime-Format-Mail-0.403/share/aclocal aclocaldir=/nix/store/n5zhqfdqz9lfq1ik2kpj40y301zv46gr-perl5.32.0-DateTime-Format-Mail-0.403/share/aclocal install
Manifying 1 pod document
Installing /nix/store/n5zhqfdqz9lfq1ik2kpj40y301zv46gr-perl5.32.0-DateTime-Format-Mail-0.403/lib/perl5/site_perl/5.32.0/DateTime/Format/Mail.pm
Installing /nix/store/n5zhqfdqz9lfq1ik2kpj40y301zv46gr-perl5.32.0-DateTime-Format-Mail-0.403/share/man/man3/DateTime::Format::Mail.3
Appending installation info to /nix/store/n5zhqfdqz9lfq1ik2kpj40y301zv46gr-perl5.32.0-DateTime-Format-Mail-0.403/lib/perl5/5.32.0/x86_64-linux-thread-multi/perllocal.pod
post-installation fixup
Moving /nix/store/n5zhqfdqz9lfq1ik2kpj40y301zv46gr-perl5.32.0-DateTime-Format-Mail-0.403/share/man/man3 to /nix/store/7nk0rvsxxrsjb0sc0f9g6knc6814hqkv-perl5.32.0-DateTime-Format-Mail-0.403-devdoc/share/man/man3
Removing empty /nix/store/n5zhqfdqz9lfq1ik2kpj40y301zv46gr-perl5.32.0-DateTime-Format-Mail-0.403/share/man/ and (possibly) its parents
shrinking RPATHs of ELF executables and libraries in /nix/store/n5zhqfdqz9lfq1ik2kpj40y301zv46gr-perl5.32.0-DateTime-Format-Mail-0.403
strip is /nix/store/psyzbhp4p088sb9qcs378hfbslcalasl-binutils-2.31.1/bin/strip
stripping (with command strip and flags -S) in /nix/store/n5zhqfdqz9lfq1ik2kpj40y301zv46gr-perl5.32.0-DateTime-Format-Mail-0.403/lib
patching script interpreter paths in /nix/store/n5zhqfdqz9lfq1ik2kpj40y301zv46gr-perl5.32.0-DateTime-Format-Mail-0.403
checking for references to /build/ in /nix/store/n5zhqfdqz9lfq1ik2kpj40y301zv46gr-perl5.32.0-DateTime-Format-Mail-0.403...
shrinking RPATHs of ELF executables and libraries in /nix/store/7nk0rvsxxrsjb0sc0f9g6knc6814hqkv-perl5.32.0-DateTime-Format-Mail-0.403-devdoc
gzipping man pages under /nix/store/7nk0rvsxxrsjb0sc0f9g6knc6814hqkv-perl5.32.0-DateTime-Format-Mail-0.403-devdoc/share/man/
strip is /nix/store/psyzbhp4p088sb9qcs378hfbslcalasl-binutils-2.31.1/bin/strip
patching script interpreter paths in /nix/store/7nk0rvsxxrsjb0sc0f9g6knc6814hqkv-perl5.32.0-DateTime-Format-Mail-0.403-devdoc
checking for references to /build/ in /nix/store/7nk0rvsxxrsjb0sc0f9g6knc6814hqkv-perl5.32.0-DateTime-Format-Mail-0.403-devdoc...
/nix/store/n5zhqfdqz9lfq1ik2kpj40y301zv46gr-perl5.32.0-DateTime-Format-Mail-0.403
