these derivations will be built:
  /nix/store/a7gvg4kcclf62lfdv3xc9aj51gfmr5m5-perl5.32.0-Import-Into-1.002005.drv
  /nix/store/na9d7k922szbg4yhvqixsn8d197j01yh-perl5.32.0-XML-Writer-0.625.drv
  /nix/store/pcbyh84mr4kv3kb97hjidvfdh7qx4frh-perl5.32.0-Parse-RecDescent-1.967015.drv
  /nix/store/rzh33kwrjcgg8s2qnk9y5nz1c9avr6d5-perl5.32.0-Package-Variant-1.003002.drv
  /nix/store/qa2akhnaflrn4hk9jha7qkdpikcg61is-perl5.32.0-SQL-Translator-1.61.drv
  /nix/store/h78l1qnyki57bmgb2nnwls64v3ss7na6-perl5.32.0-DBICx-TestDatabase-0.05.drv
these paths will be fetched (0.45 MiB download, 0.46 MiB unpacked):
  /nix/store/1h28x45yclmv327b4w1jy2q0bigxczc7-SQL-Translator-1.61.tar.gz
  /nix/store/gyfkk5gyvg205jn9vyl89na172vfw6zp-DBICx-TestDatabase-0.05.tar.gz
  /nix/store/w684yky4hkgl0q19gcr79bnr1jbjhj65-XML-Writer-0.625.tar.gz
  /nix/store/xp4hxzrczkyr2lqpkpvzzl68lmjgjb6c-Package-Variant-1.003002.tar.gz
copying path '/nix/store/gyfkk5gyvg205jn9vyl89na172vfw6zp-DBICx-TestDatabase-0.05.tar.gz' from 'https://cache.nixos.org'...
copying path '/nix/store/1h28x45yclmv327b4w1jy2q0bigxczc7-SQL-Translator-1.61.tar.gz' from 'https://cache.nixos.org'...
copying path '/nix/store/xp4hxzrczkyr2lqpkpvzzl68lmjgjb6c-Package-Variant-1.003002.tar.gz' from 'https://cache.nixos.org'...
copying path '/nix/store/w684yky4hkgl0q19gcr79bnr1jbjhj65-XML-Writer-0.625.tar.gz' from 'https://cache.nixos.org'...
building '/nix/store/pcbyh84mr4kv3kb97hjidvfdh7qx4frh-perl5.32.0-Parse-RecDescent-1.967015.drv'...
building '/nix/store/a7gvg4kcclf62lfdv3xc9aj51gfmr5m5-perl5.32.0-Import-Into-1.002005.drv'...
unpacking sources
unpacking source archive /nix/store/hm64kpnk4nckrbwlw84ark04l4l8xxa0-Import-Into-1.002005.tar.gz
unpacking sources
unpacking source archive /nix/store/3zjbqkxhkik5c3hp5dk980nhyf7623fz-Parse-RecDescent-1.967015.tar.gz
source root is Import-Into-1.002005
setting SOURCE_DATE_EPOCH to timestamp 1440721797 of file Import-Into-1.002005/README
source root is Parse-RecDescent-1.967015
patching sources
configuring
setting SOURCE_DATE_EPOCH to timestamp 1491317610 of file Parse-RecDescent-1.967015/META.yml
patching sources
configuring
patching ./demo/demo_quicklist.pl...
patching ./demo/demo_methods.pl...
patching ./demo/demo_matchrule2.pl...
patching ./demo/demo_embedding.pl...
patching ./demo/demo_skipcomment.pl...
patching ./demo/demo_arithmetic.pl...
patching ./demo/demo_lexer.pl...
patching ./demo/demo_itemhash.pl...
patching ./demo/demo_autostub.pl...
patching ./demo/demo_another_Cgrammar.pl...
building '/nix/store/na9d7k922szbg4yhvqixsn8d197j01yh-perl5.32.0-XML-Writer-0.625.drv'...
patching ./demo/demo_PerlCSV.pl...
patching ./demo/demo_simplequery.pl...
patching ./demo/demo_OOautoparsetree.pl...
patching ./demo/demo_restructure_painful.pl...
patching ./demo/demo_randomsentence.pl...
patching ./demo/demo_whoson.pl...
patching ./demo/demo_codeblock.pl...
patching ./demo/demo_leftop.pl...
patching ./demo/demo_opreps.pl...
patching ./demo/demo_restructure_easy.pl...
patching ./demo/demo_simpleXML.pl...
patching ./demo/demo_buildcalc.pl...
patching ./demo/demo_autorule.pl...
patching ./demo/demo_piecewise.pl...
patching ./demo/demo_recipe.pl...
patching ./demo/demo_language.pl...
patching ./demo/demo_street.pl...
patching ./demo/demo_logic.pl...
patching ./demo/demo_scoredsep.pl...
patching ./demo/demo_NL2SQL.pl...
patching ./demo/demo_precalc.pl...
patching ./demo/demo_operator.pl...
patching ./demo/demo_decomment.pl...
patching ./demo/demo_decomment_nonlocal.pl...
patching ./demo/demo_separators.pl...
patching ./demo/demo_perlparsing.pl...
patching ./demo/demo_textgen.pl...
patching ./demo/demo_leftassoc.pl...
Checking if your kit is complete...
unpacking sources
patching ./demo/demo_tokens.pl...
unpacking source archive /nix/store/w684yky4hkgl0q19gcr79bnr1jbjhj65-XML-Writer-0.625.tar.gz
source root is XML-Writer-0.625
patching ./demo/demo_OOparsetree.pl...
setting SOURCE_DATE_EPOCH to timestamp 1401976589 of file XML-Writer-0.625/t/selfcontained_output.t
patching ./demo/demo_eval.pl...
patching sources
configuring
patching ./demo/demo_implicit.pl...
Looks good
patching ./demo/demo_matchrule.pl...
patching ./demo/demo_cpp.pl...
patching ./demo/demo_parsetree.pl...
patching ./examples/directory-as-atom.pl...
patching ./examples/xml-writer-string.pl...
patching ./demo/demo.pl...
patching ./examples/writing-unicode.pl...
patching ./demo/demo_template.pl...
patching ./examples/data-mode-sample.pl...
patching ./demo/demo_mccoy.pl...
patching ./examples/namespace-prefixes.pl...
patching ./demo/demo_selfmod.pl...
patching ./examples/double-escaping-example.pl...
patching ./examples/simple-xml.pl...
patching ./demo/demo_autoscoresep.pl...
patching ./demo/demo_delete.pl...
patching ./t/01_main.t...
patching ./demo/demo_lisplike.pl...
patching ./demo/demo_derived.pl...
patching ./Makefile.PL...
patching ./t/skip_dynamic.t...
Generating a Unix-style Makefile
Writing Makefile for Import::Into
Writing MYMETA.yml and MYMETA.json
no configure script, doing nothing
building
build flags: SHELL=/nix/store/9fqwwd4iybmhjqyxiaxycknslw6bgwh1-bash-4.4-p23/bin/bash
Checking if your kit is complete...
Looks good
Generating a Unix-style Makefile
Writing Makefile for XML::Writer
Checking if your kit is complete...
Looks good
Writing MYMETA.yml and MYMETA.json
no configure script, doing nothing
building
build flags: SHELL=/nix/store/9fqwwd4iybmhjqyxiaxycknslw6bgwh1-bash-4.4-p23/bin/bash
Generating a Unix-style Makefile
Writing Makefile for Parse::RecDescent
Writing MYMETA.yml and MYMETA.json
no configure script, doing nothing
building
cp lib/Import/Into.pm blib/lib/Import/Into.pm
Manifying 1 pod document
running tests
check flags: SHELL=/nix/store/9fqwwd4iybmhjqyxiaxycknslw6bgwh1-bash-4.4-p23/bin/bash VERBOSE=y test
PERL_DL_NONLAZY=1 "/nix/store/7c044di03qa7qgr5kjjc2d787aspzp0m-perl-5.32.0/bin/perl" "-MExtUtils::Command::MM" "-MTest::Harness" "-e" "undef *Test::Harness::Switches; test_harness(0, 'blib/lib', 'blib/arch')" t/*.t
cp Writer.pm blib/lib/XML/Writer.pm
Created MYMETA.yml and MYMETA.json
Creating new 'Build' script for 'Parse-RecDescent' version '1.967015'
Manifying 1 pod document
Building Parse-RecDescent
running tests
check flags: SHELL=/nix/store/9fqwwd4iybmhjqyxiaxycknslw6bgwh1-bash-4.4-p23/bin/bash VERBOSE=y test
PERL_DL_NONLAZY=1 "/nix/store/7c044di03qa7qgr5kjjc2d787aspzp0m-perl-5.32.0/bin/perl" "-MExtUtils::Command::MM" "-MTest::Harness" "-e" "undef *Test::Harness::Switches; test_harness(0, 'blib/lib', 'blib/arch')" t/*.t
t/import_into.t .. ok
All tests successful.
Files=1, Tests=23,  0 wallclock secs ( 0.02 usr  0.00 sys +  0.06 cusr  0.01 csys =  0.09 CPU)
Result: PASS
installing
install flags: SHELL=/nix/store/9fqwwd4iybmhjqyxiaxycknslw6bgwh1-bash-4.4-p23/bin/bash pkgconfigdir=/nix/store/mh6pclr3lipbaydaif0klxhknvpyp18d-perl5.32.0-Import-Into-1.002005/lib/pkgconfig m4datadir=/nix/store/mh6pclr3lipbaydaif0klxhknvpyp18d-perl5.32.0-Import-Into-1.002005/share/aclocal aclocaldir=/nix/store/mh6pclr3lipbaydaif0klxhknvpyp18d-perl5.32.0-Import-Into-1.002005/share/aclocal install
Manifying 1 pod document
Installing /nix/store/mh6pclr3lipbaydaif0klxhknvpyp18d-perl5.32.0-Import-Into-1.002005/lib/perl5/site_perl/5.32.0/Import/Into.pm
Installing /nix/store/mh6pclr3lipbaydaif0klxhknvpyp18d-perl5.32.0-Import-Into-1.002005/share/man/man3/Import::Into.3
Appending installation info to /nix/store/mh6pclr3lipbaydaif0klxhknvpyp18d-perl5.32.0-Import-Into-1.002005/lib/perl5/5.32.0/x86_64-linux-thread-multi/perllocal.pod
post-installation fixup
Moving /nix/store/mh6pclr3lipbaydaif0klxhknvpyp18d-perl5.32.0-Import-Into-1.002005/share/man/man3 to /nix/store/f3a40svlznppkk3gjkdzv06izhj85pll-perl5.32.0-Import-Into-1.002005-devdoc/share/man/man3
Removing empty /nix/store/mh6pclr3lipbaydaif0klxhknvpyp18d-perl5.32.0-Import-Into-1.002005/share/man/ and (possibly) its parents
shrinking RPATHs of ELF executables and libraries in /nix/store/mh6pclr3lipbaydaif0klxhknvpyp18d-perl5.32.0-Import-Into-1.002005
strip is /nix/store/psyzbhp4p088sb9qcs378hfbslcalasl-binutils-2.31.1/bin/strip
stripping (with command strip and flags -S) in /nix/store/mh6pclr3lipbaydaif0klxhknvpyp18d-perl5.32.0-Import-Into-1.002005/lib
patching script interpreter paths in /nix/store/mh6pclr3lipbaydaif0klxhknvpyp18d-perl5.32.0-Import-Into-1.002005
checking for references to /build/ in /nix/store/mh6pclr3lipbaydaif0klxhknvpyp18d-perl5.32.0-Import-Into-1.002005...
shrinking RPATHs of ELF executables and libraries in /nix/store/f3a40svlznppkk3gjkdzv06izhj85pll-perl5.32.0-Import-Into-1.002005-devdoc
gzipping man pages under /nix/store/f3a40svlznppkk3gjkdzv06izhj85pll-perl5.32.0-Import-Into-1.002005-devdoc/share/man/
strip is /nix/store/psyzbhp4p088sb9qcs378hfbslcalasl-binutils-2.31.1/bin/strip
patching script interpreter paths in /nix/store/f3a40svlznppkk3gjkdzv06izhj85pll-perl5.32.0-Import-Into-1.002005-devdoc
checking for references to /build/ in /nix/store/f3a40svlznppkk3gjkdzv06izhj85pll-perl5.32.0-Import-Into-1.002005-devdoc...
building '/nix/store/rzh33kwrjcgg8s2qnk9y5nz1c9avr6d5-perl5.32.0-Package-Variant-1.003002.drv'...
t/01_main.t ............... ok
running tests
t/pod-coverage.t .......... skipped: Test::Pod::Coverage required for testing pod coverage
unpacking sources
unpacking source archive /nix/store/xp4hxzrczkyr2lqpkpvzzl68lmjgjb6c-Package-Variant-1.003002.tar.gz
source root is Package-Variant-1.003002
setting SOURCE_DATE_EPOCH to timestamp 1437844904 of file Package-Variant-1.003002/README
patching sources
configuring
t/pod.t ................... skipped: Test::Pod 1.00 required for testing POD
t/selfcontained_output.t .. ok
All tests successful.
Files=4, Tests=256,  0 wallclock secs ( 0.05 usr  0.01 sys +  0.30 cusr  0.04 csys =  0.40 CPU)
Result: PASS
installing
install flags: SHELL=/nix/store/9fqwwd4iybmhjqyxiaxycknslw6bgwh1-bash-4.4-p23/bin/bash pkgconfigdir=/nix/store/9sn1akxj78yxsznji4hpzfkldqlcdfx3-perl5.32.0-XML-Writer-0.625/lib/pkgconfig m4datadir=/nix/store/9sn1akxj78yxsznji4hpzfkldqlcdfx3-perl5.32.0-XML-Writer-0.625/share/aclocal aclocaldir=/nix/store/9sn1akxj78yxsznji4hpzfkldqlcdfx3-perl5.32.0-XML-Writer-0.625/share/aclocal install
Checking if your kit is complete...
Looks good
t/00.load.t ............... 1/1 # Testing Parse::RecDescent 1.967015
t/00.load.t ............... ok
Manifying 1 pod document
Generating a Unix-style Makefile
Writing Makefile for Package::Variant
Writing MYMETA.yml and MYMETA.json
no configure script, doing nothing
building
build flags: SHELL=/nix/store/9fqwwd4iybmhjqyxiaxycknslw6bgwh1-bash-4.4-p23/bin/bash
Installing /nix/store/9sn1akxj78yxsznji4hpzfkldqlcdfx3-perl5.32.0-XML-Writer-0.625/lib/perl5/site_perl/5.32.0/XML/Writer.pm
Installing /nix/store/9sn1akxj78yxsznji4hpzfkldqlcdfx3-perl5.32.0-XML-Writer-0.625/share/man/man3/XML::Writer.3
Appending installation info to /nix/store/9sn1akxj78yxsznji4hpzfkldqlcdfx3-perl5.32.0-XML-Writer-0.625/lib/perl5/5.32.0/x86_64-linux-thread-multi/perllocal.pod
post-installation fixup
Moving /nix/store/9sn1akxj78yxsznji4hpzfkldqlcdfx3-perl5.32.0-XML-Writer-0.625/share/man/man3 to /nix/store/86mhxsl461vzgc12ph2as5g15sxn3rvp-perl5.32.0-XML-Writer-0.625-devdoc/share/man/man3
Removing empty /nix/store/9sn1akxj78yxsznji4hpzfkldqlcdfx3-perl5.32.0-XML-Writer-0.625/share/man/ and (possibly) its parents
shrinking RPATHs of ELF executables and libraries in /nix/store/9sn1akxj78yxsznji4hpzfkldqlcdfx3-perl5.32.0-XML-Writer-0.625
strip is /nix/store/psyzbhp4p088sb9qcs378hfbslcalasl-binutils-2.31.1/bin/strip
stripping (with command strip and flags -S) in /nix/store/9sn1akxj78yxsznji4hpzfkldqlcdfx3-perl5.32.0-XML-Writer-0.625/lib
patching script interpreter paths in /nix/store/9sn1akxj78yxsznji4hpzfkldqlcdfx3-perl5.32.0-XML-Writer-0.625
checking for references to /build/ in /nix/store/9sn1akxj78yxsznji4hpzfkldqlcdfx3-perl5.32.0-XML-Writer-0.625...
shrinking RPATHs of ELF executables and libraries in /nix/store/86mhxsl461vzgc12ph2as5g15sxn3rvp-perl5.32.0-XML-Writer-0.625-devdoc
t/01.basics.t ............. ok
gzipping man pages under /nix/store/86mhxsl461vzgc12ph2as5g15sxn3rvp-perl5.32.0-XML-Writer-0.625-devdoc/share/man/
strip is /nix/store/psyzbhp4p088sb9qcs378hfbslcalasl-binutils-2.31.1/bin/strip
patching script interpreter paths in /nix/store/86mhxsl461vzgc12ph2as5g15sxn3rvp-perl5.32.0-XML-Writer-0.625-devdoc
checking for references to /build/ in /nix/store/86mhxsl461vzgc12ph2as5g15sxn3rvp-perl5.32.0-XML-Writer-0.625-devdoc...
t/autotree.t .............. ok
cp lib/Package/Variant.pm blib/lib/Package/Variant.pm
Manifying 1 pod document
t/leftop_cap.t ............ ok
running tests
check flags: SHELL=/nix/store/9fqwwd4iybmhjqyxiaxycknslw6bgwh1-bash-4.4-p23/bin/bash VERBOSE=y test
PERL_DL_NONLAZY=1 "/nix/store/7c044di03qa7qgr5kjjc2d787aspzp0m-perl-5.32.0/bin/perl" "-MExtUtils::Command::MM" "-MTest::Harness" "-e" "undef *Test::Harness::Switches; test_harness(0, 'blib/lib', 'blib/arch')" t/*.t
t/pod.t ................... skipped: Test::Pod 1.14 required for testing POD
t/precompile.t ............ ok
t/01simple.t .......... ok
t/10argument-types.t .. ok
t/re_capture_return.t ..... ok
t/11dynamic-build.t ... ok
t/reentry.t ............... skipped: Test::Warn required for testing reentry
t/20moo-param-role.t .. skipped: Requires Moo::Role
t/30-pragma-leak.t .... ok
All tests successful.
Files=5, Tests=29,  0 wallclock secs ( 0.03 usr  0.01 sys +  0.30 cusr  0.12 csys =  0.46 CPU)
Result: PASS
installing
install flags: SHELL=/nix/store/9fqwwd4iybmhjqyxiaxycknslw6bgwh1-bash-4.4-p23/bin/bash pkgconfigdir=/nix/store/4xy3fri8w9w2nxj9sz6s782jyipnj8c8-perl5.32.0-Package-Variant-1.003002/lib/pkgconfig m4datadir=/nix/store/4xy3fri8w9w2nxj9sz6s782jyipnj8c8-perl5.32.0-Package-Variant-1.003002/share/aclocal aclocaldir=/nix/store/4xy3fri8w9w2nxj9sz6s782jyipnj8c8-perl5.32.0-Package-Variant-1.003002/share/aclocal install
Manifying 1 pod document
Installing /nix/store/4xy3fri8w9w2nxj9sz6s782jyipnj8c8-perl5.32.0-Package-Variant-1.003002/lib/perl5/site_perl/5.32.0/Package/Variant.pm
Installing /nix/store/4xy3fri8w9w2nxj9sz6s782jyipnj8c8-perl5.32.0-Package-Variant-1.003002/share/man/man3/Package::Variant.3
Appending installation info to /nix/store/4xy3fri8w9w2nxj9sz6s782jyipnj8c8-perl5.32.0-Package-Variant-1.003002/lib/perl5/5.32.0/x86_64-linux-thread-multi/perllocal.pod
post-installation fixup
Moving /nix/store/4xy3fri8w9w2nxj9sz6s782jyipnj8c8-perl5.32.0-Package-Variant-1.003002/share/man/man3 to /nix/store/kzrg31a97pmnjn178rsis2vqxcmm78qd-perl5.32.0-Package-Variant-1.003002-devdoc/share/man/man3
Removing empty /nix/store/4xy3fri8w9w2nxj9sz6s782jyipnj8c8-perl5.32.0-Package-Variant-1.003002/share/man/ and (possibly) its parents
shrinking RPATHs of ELF executables and libraries in /nix/store/4xy3fri8w9w2nxj9sz6s782jyipnj8c8-perl5.32.0-Package-Variant-1.003002
strip is /nix/store/psyzbhp4p088sb9qcs378hfbslcalasl-binutils-2.31.1/bin/strip
stripping (with command strip and flags -S) in /nix/store/4xy3fri8w9w2nxj9sz6s782jyipnj8c8-perl5.32.0-Package-Variant-1.003002/lib
patching script interpreter paths in /nix/store/4xy3fri8w9w2nxj9sz6s782jyipnj8c8-perl5.32.0-Package-Variant-1.003002
checking for references to /build/ in /nix/store/4xy3fri8w9w2nxj9sz6s782jyipnj8c8-perl5.32.0-Package-Variant-1.003002...
shrinking RPATHs of ELF executables and libraries in /nix/store/kzrg31a97pmnjn178rsis2vqxcmm78qd-perl5.32.0-Package-Variant-1.003002-devdoc
gzipping man pages under /nix/store/kzrg31a97pmnjn178rsis2vqxcmm78qd-perl5.32.0-Package-Variant-1.003002-devdoc/share/man/
strip is /nix/store/psyzbhp4p088sb9qcs378hfbslcalasl-binutils-2.31.1/bin/strip
patching script interpreter paths in /nix/store/kzrg31a97pmnjn178rsis2vqxcmm78qd-perl5.32.0-Package-Variant-1.003002-devdoc
checking for references to /build/ in /nix/store/kzrg31a97pmnjn178rsis2vqxcmm78qd-perl5.32.0-Package-Variant-1.003002-devdoc...
t/reproducible.t .......... ok
t/separated_repetition.t .. ok
t/skip.t .................. ok
t/skip_dynamic.t .......... ok
t/text.t .................. ok
All tests successful.
Files=13, Tests=122,  2 wallclock secs ( 0.06 usr  0.01 sys +  1.63 cusr  0.18 csys =  1.88 CPU)
Result: PASS
installing
Building Parse-RecDescent
Installing /nix/store/j6kz8lfn3y72zhpqm63aa4vh9zwg3qdr-perl5.32.0-Parse-RecDescent-1.967015/lib/perl5/site_perl/5.32.0/Parse/RecDescent.pm
Installing /nix/store/j6kz8lfn3y72zhpqm63aa4vh9zwg3qdr-perl5.32.0-Parse-RecDescent-1.967015/share/man/man3/Parse::RecDescent.3
post-installation fixup
Moving /nix/store/j6kz8lfn3y72zhpqm63aa4vh9zwg3qdr-perl5.32.0-Parse-RecDescent-1.967015/share/man/man3 to /nix/store/94s51jiannqs4hqbracimj70i17pc07m-perl5.32.0-Parse-RecDescent-1.967015-devdoc/share/man/man3
Removing empty /nix/store/j6kz8lfn3y72zhpqm63aa4vh9zwg3qdr-perl5.32.0-Parse-RecDescent-1.967015/share/man/ and (possibly) its parents
shrinking RPATHs of ELF executables and libraries in /nix/store/j6kz8lfn3y72zhpqm63aa4vh9zwg3qdr-perl5.32.0-Parse-RecDescent-1.967015
strip is /nix/store/psyzbhp4p088sb9qcs378hfbslcalasl-binutils-2.31.1/bin/strip
stripping (with command strip and flags -S) in /nix/store/j6kz8lfn3y72zhpqm63aa4vh9zwg3qdr-perl5.32.0-Parse-RecDescent-1.967015/lib
patching script interpreter paths in /nix/store/j6kz8lfn3y72zhpqm63aa4vh9zwg3qdr-perl5.32.0-Parse-RecDescent-1.967015
checking for references to /build/ in /nix/store/j6kz8lfn3y72zhpqm63aa4vh9zwg3qdr-perl5.32.0-Parse-RecDescent-1.967015...
shrinking RPATHs of ELF executables and libraries in /nix/store/94s51jiannqs4hqbracimj70i17pc07m-perl5.32.0-Parse-RecDescent-1.967015-devdoc
gzipping man pages under /nix/store/94s51jiannqs4hqbracimj70i17pc07m-perl5.32.0-Parse-RecDescent-1.967015-devdoc/share/man/
strip is /nix/store/psyzbhp4p088sb9qcs378hfbslcalasl-binutils-2.31.1/bin/strip
patching script interpreter paths in /nix/store/94s51jiannqs4hqbracimj70i17pc07m-perl5.32.0-Parse-RecDescent-1.967015-devdoc
checking for references to /build/ in /nix/store/94s51jiannqs4hqbracimj70i17pc07m-perl5.32.0-Parse-RecDescent-1.967015-devdoc...
building '/nix/store/qa2akhnaflrn4hk9jha7qkdpikcg61is-perl5.32.0-SQL-Translator-1.61.drv'...
unpacking sources
unpacking source archive /nix/store/1h28x45yclmv327b4w1jy2q0bigxczc7-SQL-Translator-1.61.tar.gz
source root is SQL-Translator-1.61
setting SOURCE_DATE_EPOCH to timestamp 1587308894 of file SQL-Translator-1.61/MANIFEST
patching sources
configuring
patching ./script/sqlt.cgi...
patching ./script/sqlt-diff-old...
patching ./script/sqlt-diff...
patching ./script/sqlt...
patching ./script/sqlt-graph...
patching ./script/sqlt-diagram...
patching ./script/sqlt-dumper...
patching ./t/03mysql-to-oracle.t...
patching ./t/52-oracle-options.t...
patching ./t/47postgres-producer.t...
patching ./t/70sqlt-diff_script.t...
patching ./t/14postgres-parser.t...
patching ./t/17sqlfxml-producer.t...
patching ./t/mysql-sqlite-translate.t...
patching ./t/07p_args.t...
patching ./t/57-class-dbi.t...
patching ./t/16xml-parser.t...
patching ./t/20format_X_name.t...
patching ./t/13schema.t...
patching ./t/45db2-producer.t...
patching ./t/48xml-to-sqlite.t...
patching ./t/30sqlt-new-diff-sqlite.t...
patching ./t/29html.t...
patching ./t/36-filters.t...
patching ./t/64xml-to-mysql.t...
patching ./t/38-mysql-producer.t...
patching ./t/35-access-parser.t...
patching ./t/postgresql-rename-table-and-field.t...
patching ./t/30sqlt-new-diff-mysql.t...
patching ./t/30sqlt-new-diff.t...
patching ./t/53-oracle-delay-constraints_quoted.t...
patching ./t/51-xml-to-oracle.t...
patching ./t/55-oracle-producer.t...
patching ./t/33tt-table-producer.t...
patching ./t/31dumper.t...
patching ./t/30sqlt-new-diff-pgsql.t...
patching ./t/44-xml-to-db2-array.t...
patching ./t/34tt-base.t...
patching ./t/sqlite-rename-field.t...
patching ./t/27sqlite-parser.t...
patching ./t/55-oracle-add-field.t...
patching ./t/61translator_agnostic.t...
patching ./t/72-sqlite-add-drop-fields.t...
patching ./t/49xml-to-pg-samefield.t...
patching ./t/51-xml-to-oracle_quoted.t...
patching ./t/06xsv.t...
patching ./t/11normalize.t...
patching ./t/10excel.t...
patching ./t/15oracle-parser.t...
patching ./t/54-oracle-alter-field.t...
patching ./t/12header_comment.t...
patching ./t/60roundtrip.t...
patching ./t/56-sqlite-producer.t...
patching ./t/43xml-to-db2.t...
patching ./t/32schema-lookups.t...
patching ./t/66-postgres-dbi-parser.t...
patching ./t/19sybase-parser.t...
patching ./t/05bgep-re.t...
patching ./t/53-oracle-delay-constraints.t...
patching ./t/70sqlt-diff_script_old.t...
patching ./t/04file,fh,string.t...
patching ./t/38-filter-names.t...
patching ./t/18ttschema-producer.t...
patching ./t/46xml-to-pg.t...
patching ./t/74-filename-arrayref.t...
patching ./t/39-filter-globals.t...
patching ./t/63-spacial-pgsql.t...
patching ./t/02mysql-parser.t...
patching ./t/50-sqlserver-parser.t...
patching ./t/08postgres-to-mysql.t...
patching ./t/73-sqlite-respects-quote.t...
Checking if your kit is complete...
Looks good
Generating a Unix-style Makefile
Writing Makefile for SQL::Translator
Writing MYMETA.yml and MYMETA.json
no configure script, doing nothing
building
build flags: SHELL=/nix/store/9fqwwd4iybmhjqyxiaxycknslw6bgwh1-bash-4.4-p23/bin/bash
cp share/DiaUml/uml-class-all.tt2 blib/lib/auto/share/dist/SQL-Translator/DiaUml/uml-class-all.tt2
cp share/DiaUml/uml-class-end.tt2 blib/lib/auto/share/dist/SQL-Translator/DiaUml/uml-class-end.tt2
cp share/DiaUml/uml-class.tt2 blib/lib/auto/share/dist/SQL-Translator/DiaUml/uml-class.tt2
cp share/DiaUml/diagram.tt2 blib/lib/auto/share/dist/SQL-Translator/DiaUml/diagram.tt2
cp share/DiaUml/layer.tt2 blib/lib/auto/share/dist/SQL-Translator/DiaUml/layer.tt2
cp share/DiaUml/uml-class-start.tt2 blib/lib/auto/share/dist/SQL-Translator/DiaUml/uml-class-start.tt2
cp share/DiaUml/schema.tt2 blib/lib/auto/share/dist/SQL-Translator/DiaUml/schema.tt2
cp share/PrecompiledParsers/Parse/RecDescent/DDL/SQLT/README blib/lib/auto/share/dist/SQL-Translator/PrecompiledParsers/Parse/RecDescent/DDL/SQLT/README
cp share/DiaUml/uml-attribute.tt2 blib/lib/auto/share/dist/SQL-Translator/DiaUml/uml-attribute.tt2
cp lib/SQL/Translator/Parser/DBI/DB2.pm blib/lib/SQL/Translator/Parser/DBI/DB2.pm
cp lib/SQL/Translator/Parser/DBI/Oracle.pm blib/lib/SQL/Translator/Parser/DBI/Oracle.pm
cp lib/SQL/Translator/Parser/DBI/PostgreSQL.pm blib/lib/SQL/Translator/Parser/DBI/PostgreSQL.pm
cp lib/SQL/Translator/Manual.pod blib/lib/SQL/Translator/Manual.pod
cp lib/SQL/Translator/Parser/Oracle.pm blib/lib/SQL/Translator/Parser/Oracle.pm
cp lib/SQL/Translator/Generator/DDL/SQLite.pm blib/lib/SQL/Translator/Generator/DDL/SQLite.pm
cp lib/SQL/Translator/Diff.pm blib/lib/SQL/Translator/Diff.pm
cp lib/SQL/Translator/Generator/Role/DDL.pm blib/lib/SQL/Translator/Generator/Role/DDL.pm
cp lib/SQL/Translator/Parser/DBI/SQLite.pm blib/lib/SQL/Translator/Parser/DBI/SQLite.pm
cp lib/SQL/Translator/Generator/Role/Quote.pm blib/lib/SQL/Translator/Generator/Role/Quote.pm
cp lib/SQL/Translator/Filter/Globals.pm blib/lib/SQL/Translator/Filter/Globals.pm
cp lib/SQL/Translator/Parser/DB2.pm blib/lib/SQL/Translator/Parser/DB2.pm
cp lib/SQL/Translator/Parser/DBI/MySQL.pm blib/lib/SQL/Translator/Parser/DBI/MySQL.pm
cp lib/SQL/Translator/Parser/MySQL.pm blib/lib/SQL/Translator/Parser/MySQL.pm
cp lib/SQL/Translator.pm blib/lib/SQL/Translator.pm
cp lib/SQL/Translator/Generator/DDL/MySQL.pm blib/lib/SQL/Translator/Generator/DDL/MySQL.pm
cp lib/SQL/Translator/Generator/DDL/PostgreSQL.pm blib/lib/SQL/Translator/Generator/DDL/PostgreSQL.pm
cp lib/SQL/Translator/Filter/DefaultExtra.pm blib/lib/SQL/Translator/Filter/DefaultExtra.pm
cp lib/SQL/Translator/Parser/PostgreSQL.pm blib/lib/SQL/Translator/Parser/PostgreSQL.pm
cp lib/SQL/Translator/Parser.pm blib/lib/SQL/Translator/Parser.pm
cp lib/SQL/Translator/Parser/DBI/Sybase.pm blib/lib/SQL/Translator/Parser/DBI/Sybase.pm
cp lib/SQL/Translator/Filter/Names.pm blib/lib/SQL/Translator/Filter/Names.pm
cp lib/SQL/Translator/Parser/SQLServer.pm blib/lib/SQL/Translator/Parser/SQLServer.pm
cp lib/SQL/Translator/Parser/Access.pm blib/lib/SQL/Translator/Parser/Access.pm
cp lib/SQL/Translator/Parser/DB2/Grammar.pm blib/lib/SQL/Translator/Parser/DB2/Grammar.pm
cp lib/SQL/Translator/Parser/DBI/SQLServer.pm blib/lib/SQL/Translator/Parser/DBI/SQLServer.pm
cp lib/SQL/Translator/Parser/Excel.pm blib/lib/SQL/Translator/Parser/Excel.pm
cp lib/SQL/Translator/Parser/JSON.pm blib/lib/SQL/Translator/Parser/JSON.pm
cp lib/SQL/Translator/Parser/DBI.pm blib/lib/SQL/Translator/Parser/DBI.pm
cp lib/SQL/Translator/Generator/DDL/SQLServer.pm blib/lib/SQL/Translator/Generator/DDL/SQLServer.pm
cp lib/SQL/Translator/Parser/SQLite.pm blib/lib/SQL/Translator/Parser/SQLite.pm
cp lib/SQL/Translator/Producer/MySQL.pm blib/lib/SQL/Translator/Producer/MySQL.pm
cp lib/SQL/Translator/Producer/ClassDBI.pm blib/lib/SQL/Translator/Producer/ClassDBI.pm
cp lib/SQL/Translator/Producer/XML/SQLFairy.pm blib/lib/SQL/Translator/Producer/XML/SQLFairy.pm
cp lib/SQL/Translator/Producer/DB2.pm blib/lib/SQL/Translator/Producer/DB2.pm
cp lib/SQL/Translator/Producer/Diagram.pm blib/lib/SQL/Translator/Producer/Diagram.pm
cp lib/SQL/Translator/Producer/Oracle.pm blib/lib/SQL/Translator/Producer/Oracle.pm
cp lib/SQL/Translator/Parser/Sybase.pm blib/lib/SQL/Translator/Parser/Sybase.pm
cp lib/SQL/Translator/Producer.pm blib/lib/SQL/Translator/Producer.pm
cp lib/SQL/Translator/Role/BuildArgs.pm blib/lib/SQL/Translator/Role/BuildArgs.pm
cp lib/SQL/Translator/Producer/TTSchema.pm blib/lib/SQL/Translator/Producer/TTSchema.pm
cp lib/SQL/Translator/Producer/SQLite.pm blib/lib/SQL/Translator/Producer/SQLite.pm
cp lib/SQL/Translator/Producer/Dumper.pm blib/lib/SQL/Translator/Producer/Dumper.pm
cp lib/SQL/Translator/Producer/JSON.pm blib/lib/SQL/Translator/Producer/JSON.pm
cp lib/SQL/Translator/Producer/SQLServer.pm blib/lib/SQL/Translator/Producer/SQLServer.pm
cp lib/SQL/Translator/Parser/YAML.pm blib/lib/SQL/Translator/Parser/YAML.pm
cp lib/SQL/Translator/Parser/Storable.pm blib/lib/SQL/Translator/Parser/Storable.pm
cp lib/SQL/Translator/Parser/XML.pm blib/lib/SQL/Translator/Parser/XML.pm
cp lib/SQL/Translator/Producer/Sybase.pm blib/lib/SQL/Translator/Producer/Sybase.pm
cp lib/SQL/Translator/Producer/TT/Table.pm blib/lib/SQL/Translator/Producer/TT/Table.pm
cp lib/SQL/Translator/Producer/Storable.pm blib/lib/SQL/Translator/Producer/Storable.pm
cp lib/SQL/Translator/Producer/Latex.pm blib/lib/SQL/Translator/Producer/Latex.pm
cp lib/SQL/Translator/Producer/DiaUml.pm blib/lib/SQL/Translator/Producer/DiaUml.pm
cp lib/SQL/Translator/Parser/XML/SQLFairy.pm blib/lib/SQL/Translator/Parser/XML/SQLFairy.pm
cp lib/SQL/Translator/Parser/xSV.pm blib/lib/SQL/Translator/Parser/xSV.pm
cp lib/SQL/Translator/Producer/PostgreSQL.pm blib/lib/SQL/Translator/Producer/PostgreSQL.pm
cp lib/SQL/Translator/Producer/XML.pm blib/lib/SQL/Translator/Producer/XML.pm
cp lib/SQL/Translator/Producer/YAML.pm blib/lib/SQL/Translator/Producer/YAML.pm
cp lib/SQL/Translator/Producer/GraphViz.pm blib/lib/SQL/Translator/Producer/GraphViz.pm
cp lib/SQL/Translator/Producer/TT/Base.pm blib/lib/SQL/Translator/Producer/TT/Base.pm
cp lib/SQL/Translator/Producer/HTML.pm blib/lib/SQL/Translator/Producer/HTML.pm
cp lib/SQL/Translator/Producer/POD.pm blib/lib/SQL/Translator/Producer/POD.pm
cp lib/SQL/Translator/Utils.pm blib/lib/SQL/Translator/Utils.pm
cp lib/SQL/Translator/Schema.pm blib/lib/SQL/Translator/Schema.pm
cp lib/SQL/Translator/Role/Error.pm blib/lib/SQL/Translator/Role/Error.pm
cp lib/SQL/Translator/Role/Debug.pm blib/lib/SQL/Translator/Role/Debug.pm
cp lib/Test/SQL/Translator.pm blib/lib/Test/SQL/Translator.pm
cp lib/SQL/Translator/Schema/Constants.pm blib/lib/SQL/Translator/Schema/Constants.pm
cp lib/SQL/Translator/Schema/Field.pm blib/lib/SQL/Translator/Schema/Field.pm
cp lib/SQL/Translator/Role/ListAttr.pm blib/lib/SQL/Translator/Role/ListAttr.pm
cp lib/SQL/Translator/Schema/Role/Extra.pm blib/lib/SQL/Translator/Schema/Role/Extra.pm
cp lib/SQL/Translator/Schema/Procedure.pm blib/lib/SQL/Translator/Schema/Procedure.pm
cp lib/SQL/Translator/Schema/Role/Compare.pm blib/lib/SQL/Translator/Schema/Role/Compare.pm
cp lib/SQL/Translator/Schema/Index.pm blib/lib/SQL/Translator/Schema/Index.pm
cp lib/SQL/Translator/Types.pm blib/lib/SQL/Translator/Types.pm
cp lib/SQL/Translator/Schema/Table.pm blib/lib/SQL/Translator/Schema/Table.pm
cp lib/SQL/Translator/Schema/Trigger.pm blib/lib/SQL/Translator/Schema/Trigger.pm
cp lib/SQL/Translator/Schema/Object.pm blib/lib/SQL/Translator/Schema/Object.pm
cp lib/SQL/Translator/Schema/Constraint.pm blib/lib/SQL/Translator/Schema/Constraint.pm
cp lib/SQL/Translator/Schema/View.pm blib/lib/SQL/Translator/Schema/View.pm
cp script/sqlt blib/script/sqlt
"/nix/store/7c044di03qa7qgr5kjjc2d787aspzp0m-perl-5.32.0/bin/perl" -MExtUtils::MY -e 'MY->fixin(shift)' -- blib/script/sqlt
cp script/sqlt-diagram blib/script/sqlt-diagram
"/nix/store/7c044di03qa7qgr5kjjc2d787aspzp0m-perl-5.32.0/bin/perl" -MExtUtils::MY -e 'MY->fixin(shift)' -- blib/script/sqlt-diagram
cp script/sqlt-diff blib/script/sqlt-diff
"/nix/store/7c044di03qa7qgr5kjjc2d787aspzp0m-perl-5.32.0/bin/perl" -MExtUtils::MY -e 'MY->fixin(shift)' -- blib/script/sqlt-diff
cp script/sqlt-diff-old blib/script/sqlt-diff-old
"/nix/store/7c044di03qa7qgr5kjjc2d787aspzp0m-perl-5.32.0/bin/perl" -MExtUtils::MY -e 'MY->fixin(shift)' -- blib/script/sqlt-diff-old
cp script/sqlt-dumper blib/script/sqlt-dumper
"/nix/store/7c044di03qa7qgr5kjjc2d787aspzp0m-perl-5.32.0/bin/perl" -MExtUtils::MY -e 'MY->fixin(shift)' -- blib/script/sqlt-dumper
cp script/sqlt-graph blib/script/sqlt-graph
"/nix/store/7c044di03qa7qgr5kjjc2d787aspzp0m-perl-5.32.0/bin/perl" -MExtUtils::MY -e 'MY->fixin(shift)' -- blib/script/sqlt-graph
Manifying 6 pod documents
Manifying 27 pod documents
Manifying 27 pod documents
Manifying 24 pod documents
running tests
check flags: SHELL=/nix/store/9fqwwd4iybmhjqyxiaxycknslw6bgwh1-bash-4.4-p23/bin/bash VERBOSE=y test
Skip blib/lib/auto/share/dist/SQL-Translator/DiaUml/uml-class-start.tt2 (unchanged)
Skip blib/lib/auto/share/dist/SQL-Translator/DiaUml/uml-class-end.tt2 (unchanged)
Skip blib/lib/auto/share/dist/SQL-Translator/DiaUml/diagram.tt2 (unchanged)
Skip blib/lib/auto/share/dist/SQL-Translator/DiaUml/layer.tt2 (unchanged)
Skip blib/lib/auto/share/dist/SQL-Translator/DiaUml/uml-attribute.tt2 (unchanged)
Skip blib/lib/auto/share/dist/SQL-Translator/DiaUml/uml-class.tt2 (unchanged)
Skip blib/lib/auto/share/dist/SQL-Translator/PrecompiledParsers/Parse/RecDescent/DDL/SQLT/README (unchanged)
Skip blib/lib/auto/share/dist/SQL-Translator/DiaUml/uml-class-all.tt2 (unchanged)
Skip blib/lib/auto/share/dist/SQL-Translator/DiaUml/schema.tt2 (unchanged)
PERL_DL_NONLAZY=1 "/nix/store/7c044di03qa7qgr5kjjc2d787aspzp0m-perl-5.32.0/bin/perl" "-MExtUtils::Command::MM" "-MTest::Harness" "-e" "undef *Test::Harness::Switches; test_harness(0, 'blib/lib', 'blib/arch')" t/*.t
t/02mysql-parser.t ...................... ok
t/03mysql-to-oracle.t ................... ok
t/04file,fh,string.t .................... ok
t/05bgep-re.t ........................... ok
t/06xsv.t ............................... skipped: Missing dependency: Text::RecordParser
t/07p_args.t ............................ ok
t/08postgres-to-mysql.t ................. ok
t/09sqlt-diagram.t ...................... skipped: Missing dependencies: GD, Graph::Directed, GD
t/10excel.t ............................. skipped: Missing dependency: Spreadsheet::ParseExcel
t/11normalize.t ......................... ok
t/12header_comment.t .................... ok
t/13schema.t ............................ ok
t/14postgres-parser.t ................... ok
t/15oracle-parser.t ..................... ok
t/16xml-parser.t ........................ skipped: Missing dependency: XML::LibXML
t/17sqlfxml-producer.t .................. ok
t/18ttschema-producer.t ................. skipped: Missing dependencies: XML::LibXML, Template
t/19sybase-parser.t ..................... ok
t/20format_X_name.t ..................... ok
t/23json.t .............................. ok
t/24yaml.t .............................. ok
t/25storable.t .......................... ok
t/26sybase.t ............................ ok
t/27sqlite-parser.t ..................... ok
t/29html.t .............................. skipped: Missing dependencies: CGI, HTML::Parser
t/30sqlt-new-diff-mysql.t ............... ok
t/30sqlt-new-diff-pgsql.t ............... ok
t/30sqlt-new-diff-sqlite.t .............. ok
t/30sqlt-new-diff.t ..................... ok
t/31dumper.t ............................ skipped: Missing dependency: Template
t/32schema-lookups.t .................... ok
t/33tt-table-producer.t ................. skipped: Missing dependency: Template
t/34tt-base.t ........................... skipped: Missing dependencies: Template, XML::LibXML
t/35-access-parser.t .................... ok
t/36-filters.t .......................... skipped: Missing dependency: Template
t/38-filter-names.t ..................... ok
t/38-mysql-producer.t ................... ok
t/39-filter-globals.t ................... ok
t/40oracle-parser-dbi.t ................. ok
t/43xml-to-db2.t ........................ skipped: Missing dependency: XML::LibXML
t/44-xml-to-db2-array.t ................. skipped: Missing dependency: XML::LibXML
t/45db2-producer.t ...................... ok
t/46xml-to-pg.t ......................... skipped: Missing dependency: XML::LibXML
t/47postgres-producer.t ................. ok
t/48xml-to-sqlite.t ..................... skipped: Missing dependency: XML::LibXML
t/49xml-to-pg-samefield.t ............... skipped: Missing dependency: XML::LibXML
t/50-sqlserver-parser.t ................. ok
t/51-xml-to-oracle.t .................... skipped: Missing dependency: XML::LibXML
t/51-xml-to-oracle_quoted.t ............. skipped: Missing dependency: XML::LibXML
t/52-oracle-options.t ................... ok
t/53-oracle-delay-constraints.t ......... ok
t/53-oracle-delay-constraints_quoted.t .. ok
t/54-oracle-alter-field.t ............... ok
t/55-oracle-add-field.t ................. ok
t/55-oracle-producer.t .................. ok
t/56-sqlite-producer.t .................. ok
t/57-class-dbi.t ........................ ok
t/60roundtrip.t ......................... ok
t/61translator_agnostic.t ............... skipped: Missing dependency: XML::LibXML
t/62roundtrip_datacheck.t ............... skipped: Missing dependency: XML::LibXML
t/63-spacial-pgsql.t .................... ok
t/64xml-to-mysql.t ...................... skipped: Missing dependency: XML::LibXML
t/66-postgres-dbi-parser.t .............. skipped: Set $ENV{DBICTEST_PG_DSN}, _USER and _PASS to run this test
t/70sqlt-diff_script.t .................. ok
t/70sqlt-diff_script_old.t .............. ok
t/71-generator-sql_server.t ............. ok
t/72-sqlite-add-drop-fields.t ........... ok
t/73-sqlite-respects-quote.t ............ ok
t/74-filename-arrayref.t ................ ok
t/mysql-sqlite-translate.t .............. ok
t/postgresql-rename-table-and-field.t ... skipped: Missing dependency: DBD::Pg
t/sqlite-rename-field.t ................. skipped: DBD::SQLite required
All tests successful.

Test Summary Report
-------------------
t/60roundtrip.t                       (Wstat: 0 Tests: 84 Failed: 0)
  TODO passed:   76, 78, 82, 84
Files=72, Tests=1604, 49 wallclock secs ( 0.37 usr  0.08 sys + 35.92 cusr 13.60 csys = 49.97 CPU)
Result: PASS
installing
install flags: SHELL=/nix/store/9fqwwd4iybmhjqyxiaxycknslw6bgwh1-bash-4.4-p23/bin/bash pkgconfigdir=/nix/store/i31px2yda9b1vl926611415579xm0ib5-perl5.32.0-SQL-Translator-1.61/lib/pkgconfig m4datadir=/nix/store/i31px2yda9b1vl926611415579xm0ib5-perl5.32.0-SQL-Translator-1.61/share/aclocal aclocaldir=/nix/store/i31px2yda9b1vl926611415579xm0ib5-perl5.32.0-SQL-Translator-1.61/share/aclocal install
Skip blib/lib/auto/share/dist/SQL-Translator/DiaUml/schema.tt2 (unchanged)
Skip blib/lib/auto/share/dist/SQL-Translator/DiaUml/uml-attribute.tt2 (unchanged)
Skip blib/lib/auto/share/dist/SQL-Translator/DiaUml/uml-class.tt2 (unchanged)
Skip blib/lib/auto/share/dist/SQL-Translator/DiaUml/uml-class-all.tt2 (unchanged)
Skip blib/lib/auto/share/dist/SQL-Translator/DiaUml/uml-class-end.tt2 (unchanged)
Skip blib/lib/auto/share/dist/SQL-Translator/DiaUml/uml-class-start.tt2 (unchanged)
Skip blib/lib/auto/share/dist/SQL-Translator/PrecompiledParsers/Parse/RecDescent/DDL/SQLT/README (unchanged)
Skip blib/lib/auto/share/dist/SQL-Translator/DiaUml/diagram.tt2 (unchanged)
Skip blib/lib/auto/share/dist/SQL-Translator/DiaUml/layer.tt2 (unchanged)
Manifying 6 pod documents
Manifying 27 pod documents
Manifying 27 pod documents
Manifying 24 pod documents
Installing /nix/store/i31px2yda9b1vl926611415579xm0ib5-perl5.32.0-SQL-Translator-1.61/lib/perl5/site_perl/5.32.0/Test/SQL/Translator.pm
Installing /nix/store/i31px2yda9b1vl926611415579xm0ib5-perl5.32.0-SQL-Translator-1.61/lib/perl5/site_perl/5.32.0/SQL/Translator.pm
Installing /nix/store/i31px2yda9b1vl926611415579xm0ib5-perl5.32.0-SQL-Translator-1.61/lib/perl5/site_perl/5.32.0/SQL/Translator/Types.pm
Installing /nix/store/i31px2yda9b1vl926611415579xm0ib5-perl5.32.0-SQL-Translator-1.61/lib/perl5/site_perl/5.32.0/SQL/Translator/Parser.pm
Installing /nix/store/i31px2yda9b1vl926611415579xm0ib5-perl5.32.0-SQL-Translator-1.61/lib/perl5/site_perl/5.32.0/SQL/Translator/Manual.pod
Installing /nix/store/i31px2yda9b1vl926611415579xm0ib5-perl5.32.0-SQL-Translator-1.61/lib/perl5/site_perl/5.32.0/SQL/Translator/Schema.pm
Installing /nix/store/i31px2yda9b1vl926611415579xm0ib5-perl5.32.0-SQL-Translator-1.61/lib/perl5/site_perl/5.32.0/SQL/Translator/Producer.pm
Installing /nix/store/i31px2yda9b1vl926611415579xm0ib5-perl5.32.0-SQL-Translator-1.61/lib/perl5/site_perl/5.32.0/SQL/Translator/Diff.pm
Installing /nix/store/i31px2yda9b1vl926611415579xm0ib5-perl5.32.0-SQL-Translator-1.61/lib/perl5/site_perl/5.32.0/SQL/Translator/Utils.pm
Installing /nix/store/i31px2yda9b1vl926611415579xm0ib5-perl5.32.0-SQL-Translator-1.61/lib/perl5/site_perl/5.32.0/SQL/Translator/Generator/DDL/MySQL.pm
Installing /nix/store/i31px2yda9b1vl926611415579xm0ib5-perl5.32.0-SQL-Translator-1.61/lib/perl5/site_perl/5.32.0/SQL/Translator/Generator/DDL/SQLite.pm
Installing /nix/store/i31px2yda9b1vl926611415579xm0ib5-perl5.32.0-SQL-Translator-1.61/lib/perl5/site_perl/5.32.0/SQL/Translator/Generator/DDL/SQLServer.pm
Installing /nix/store/i31px2yda9b1vl926611415579xm0ib5-perl5.32.0-SQL-Translator-1.61/lib/perl5/site_perl/5.32.0/SQL/Translator/Generator/DDL/PostgreSQL.pm
Installing /nix/store/i31px2yda9b1vl926611415579xm0ib5-perl5.32.0-SQL-Translator-1.61/lib/perl5/site_perl/5.32.0/SQL/Translator/Generator/Role/Quote.pm
Installing /nix/store/i31px2yda9b1vl926611415579xm0ib5-perl5.32.0-SQL-Translator-1.61/lib/perl5/site_perl/5.32.0/SQL/Translator/Generator/Role/DDL.pm
Installing /nix/store/i31px2yda9b1vl926611415579xm0ib5-perl5.32.0-SQL-Translator-1.61/lib/perl5/site_perl/5.32.0/SQL/Translator/Schema/Object.pm
Installing /nix/store/i31px2yda9b1vl926611415579xm0ib5-perl5.32.0-SQL-Translator-1.61/lib/perl5/site_perl/5.32.0/SQL/Translator/Schema/Table.pm
Installing /nix/store/i31px2yda9b1vl926611415579xm0ib5-perl5.32.0-SQL-Translator-1.61/lib/perl5/site_perl/5.32.0/SQL/Translator/Schema/Procedure.pm
Installing /nix/store/i31px2yda9b1vl926611415579xm0ib5-perl5.32.0-SQL-Translator-1.61/lib/perl5/site_perl/5.32.0/SQL/Translator/Schema/Constraint.pm
Installing /nix/store/i31px2yda9b1vl926611415579xm0ib5-perl5.32.0-SQL-Translator-1.61/lib/perl5/site_perl/5.32.0/SQL/Translator/Schema/View.pm
Installing /nix/store/i31px2yda9b1vl926611415579xm0ib5-perl5.32.0-SQL-Translator-1.61/lib/perl5/site_perl/5.32.0/SQL/Translator/Schema/Trigger.pm
Installing /nix/store/i31px2yda9b1vl926611415579xm0ib5-perl5.32.0-SQL-Translator-1.61/lib/perl5/site_perl/5.32.0/SQL/Translator/Schema/Index.pm
Installing /nix/store/i31px2yda9b1vl926611415579xm0ib5-perl5.32.0-SQL-Translator-1.61/lib/perl5/site_perl/5.32.0/SQL/Translator/Schema/Field.pm
Installing /nix/store/i31px2yda9b1vl926611415579xm0ib5-perl5.32.0-SQL-Translator-1.61/lib/perl5/site_perl/5.32.0/SQL/Translator/Schema/Constants.pm
Installing /nix/store/i31px2yda9b1vl926611415579xm0ib5-perl5.32.0-SQL-Translator-1.61/lib/perl5/site_perl/5.32.0/SQL/Translator/Schema/Role/Compare.pm
Installing /nix/store/i31px2yda9b1vl926611415579xm0ib5-perl5.32.0-SQL-Translator-1.61/lib/perl5/site_perl/5.32.0/SQL/Translator/Schema/Role/Extra.pm
Installing /nix/store/i31px2yda9b1vl926611415579xm0ib5-perl5.32.0-SQL-Translator-1.61/lib/perl5/site_perl/5.32.0/SQL/Translator/Producer/TTSchema.pm
Installing /nix/store/i31px2yda9b1vl926611415579xm0ib5-perl5.32.0-SQL-Translator-1.61/lib/perl5/site_perl/5.32.0/SQL/Translator/Producer/GraphViz.pm
Installing /nix/store/i31px2yda9b1vl926611415579xm0ib5-perl5.32.0-SQL-Translator-1.61/lib/perl5/site_perl/5.32.0/SQL/Translator/Producer/Latex.pm
Installing /nix/store/i31px2yda9b1vl926611415579xm0ib5-perl5.32.0-SQL-Translator-1.61/lib/perl5/site_perl/5.32.0/SQL/Translator/Producer/Dumper.pm
Installing /nix/store/i31px2yda9b1vl926611415579xm0ib5-perl5.32.0-SQL-Translator-1.61/lib/perl5/site_perl/5.32.0/SQL/Translator/Producer/Storable.pm
Installing /nix/store/i31px2yda9b1vl926611415579xm0ib5-perl5.32.0-SQL-Translator-1.61/lib/perl5/site_perl/5.32.0/SQL/Translator/Producer/Sybase.pm
Installing /nix/store/i31px2yda9b1vl926611415579xm0ib5-perl5.32.0-SQL-Translator-1.61/lib/perl5/site_perl/5.32.0/SQL/Translator/Producer/Oracle.pm
Installing /nix/store/i31px2yda9b1vl926611415579xm0ib5-perl5.32.0-SQL-Translator-1.61/lib/perl5/site_perl/5.32.0/SQL/Translator/Producer/MySQL.pm
Installing /nix/store/i31px2yda9b1vl926611415579xm0ib5-perl5.32.0-SQL-Translator-1.61/lib/perl5/site_perl/5.32.0/SQL/Translator/Producer/JSON.pm
Installing /nix/store/i31px2yda9b1vl926611415579xm0ib5-perl5.32.0-SQL-Translator-1.61/lib/perl5/site_perl/5.32.0/SQL/Translator/Producer/ClassDBI.pm
Installing /nix/store/i31px2yda9b1vl926611415579xm0ib5-perl5.32.0-SQL-Translator-1.61/lib/perl5/site_perl/5.32.0/SQL/Translator/Producer/SQLite.pm
Installing /nix/store/i31px2yda9b1vl926611415579xm0ib5-perl5.32.0-SQL-Translator-1.61/lib/perl5/site_perl/5.32.0/SQL/Translator/Producer/SQLServer.pm
Installing /nix/store/i31px2yda9b1vl926611415579xm0ib5-perl5.32.0-SQL-Translator-1.61/lib/perl5/site_perl/5.32.0/SQL/Translator/Producer/HTML.pm
Installing /nix/store/i31px2yda9b1vl926611415579xm0ib5-perl5.32.0-SQL-Translator-1.61/lib/perl5/site_perl/5.32.0/SQL/Translator/Producer/PostgreSQL.pm
Installing /nix/store/i31px2yda9b1vl926611415579xm0ib5-perl5.32.0-SQL-Translator-1.61/lib/perl5/site_perl/5.32.0/SQL/Translator/Producer/DB2.pm
Installing /nix/store/i31px2yda9b1vl926611415579xm0ib5-perl5.32.0-SQL-Translator-1.61/lib/perl5/site_perl/5.32.0/SQL/Translator/Producer/Diagram.pm
Installing /nix/store/i31px2yda9b1vl926611415579xm0ib5-perl5.32.0-SQL-Translator-1.61/lib/perl5/site_perl/5.32.0/SQL/Translator/Producer/POD.pm
Installing /nix/store/i31px2yda9b1vl926611415579xm0ib5-perl5.32.0-SQL-Translator-1.61/lib/perl5/site_perl/5.32.0/SQL/Translator/Producer/DiaUml.pm
Installing /nix/store/i31px2yda9b1vl926611415579xm0ib5-perl5.32.0-SQL-Translator-1.61/lib/perl5/site_perl/5.32.0/SQL/Translator/Producer/YAML.pm
Installing /nix/store/i31px2yda9b1vl926611415579xm0ib5-perl5.32.0-SQL-Translator-1.61/lib/perl5/site_perl/5.32.0/SQL/Translator/Producer/XML.pm
Installing /nix/store/i31px2yda9b1vl926611415579xm0ib5-perl5.32.0-SQL-Translator-1.61/lib/perl5/site_perl/5.32.0/SQL/Translator/Producer/TT/Table.pm
Installing /nix/store/i31px2yda9b1vl926611415579xm0ib5-perl5.32.0-SQL-Translator-1.61/lib/perl5/site_perl/5.32.0/SQL/Translator/Producer/TT/Base.pm
Installing /nix/store/i31px2yda9b1vl926611415579xm0ib5-perl5.32.0-SQL-Translator-1.61/lib/perl5/site_perl/5.32.0/SQL/Translator/Producer/XML/SQLFairy.pm
Installing /nix/store/i31px2yda9b1vl926611415579xm0ib5-perl5.32.0-SQL-Translator-1.61/lib/perl5/site_perl/5.32.0/SQL/Translator/Parser/DBI.pm
Installing /nix/store/i31px2yda9b1vl926611415579xm0ib5-perl5.32.0-SQL-Translator-1.61/lib/perl5/site_perl/5.32.0/SQL/Translator/Parser/Access.pm
Installing /nix/store/i31px2yda9b1vl926611415579xm0ib5-perl5.32.0-SQL-Translator-1.61/lib/perl5/site_perl/5.32.0/SQL/Translator/Parser/xSV.pm
Installing /nix/store/i31px2yda9b1vl926611415579xm0ib5-perl5.32.0-SQL-Translator-1.61/lib/perl5/site_perl/5.32.0/SQL/Translator/Parser/Storable.pm
Installing /nix/store/i31px2yda9b1vl926611415579xm0ib5-perl5.32.0-SQL-Translator-1.61/lib/perl5/site_perl/5.32.0/SQL/Translator/Parser/Sybase.pm
Installing /nix/store/i31px2yda9b1vl926611415579xm0ib5-perl5.32.0-SQL-Translator-1.61/lib/perl5/site_perl/5.32.0/SQL/Translator/Parser/Oracle.pm
Installing /nix/store/i31px2yda9b1vl926611415579xm0ib5-perl5.32.0-SQL-Translator-1.61/lib/perl5/site_perl/5.32.0/SQL/Translator/Parser/MySQL.pm
Installing /nix/store/i31px2yda9b1vl926611415579xm0ib5-perl5.32.0-SQL-Translator-1.61/lib/perl5/site_perl/5.32.0/SQL/Translator/Parser/JSON.pm
Installing /nix/store/i31px2yda9b1vl926611415579xm0ib5-perl5.32.0-SQL-Translator-1.61/lib/perl5/site_perl/5.32.0/SQL/Translator/Parser/Excel.pm
Installing /nix/store/i31px2yda9b1vl926611415579xm0ib5-perl5.32.0-SQL-Translator-1.61/lib/perl5/site_perl/5.32.0/SQL/Translator/Parser/SQLite.pm
Installing /nix/store/i31px2yda9b1vl926611415579xm0ib5-perl5.32.0-SQL-Translator-1.61/lib/perl5/site_perl/5.32.0/SQL/Translator/Parser/SQLServer.pm
Installing /nix/store/i31px2yda9b1vl926611415579xm0ib5-perl5.32.0-SQL-Translator-1.61/lib/perl5/site_perl/5.32.0/SQL/Translator/Parser/PostgreSQL.pm
Installing /nix/store/i31px2yda9b1vl926611415579xm0ib5-perl5.32.0-SQL-Translator-1.61/lib/perl5/site_perl/5.32.0/SQL/Translator/Parser/DB2.pm
Installing /nix/store/i31px2yda9b1vl926611415579xm0ib5-perl5.32.0-SQL-Translator-1.61/lib/perl5/site_perl/5.32.0/SQL/Translator/Parser/YAML.pm
Installing /nix/store/i31px2yda9b1vl926611415579xm0ib5-perl5.32.0-SQL-Translator-1.61/lib/perl5/site_perl/5.32.0/SQL/Translator/Parser/XML.pm
Installing /nix/store/i31px2yda9b1vl926611415579xm0ib5-perl5.32.0-SQL-Translator-1.61/lib/perl5/site_perl/5.32.0/SQL/Translator/Parser/XML/SQLFairy.pm
Installing /nix/store/i31px2yda9b1vl926611415579xm0ib5-perl5.32.0-SQL-Translator-1.61/lib/perl5/site_perl/5.32.0/SQL/Translator/Parser/DB2/Grammar.pm
Installing /nix/store/i31px2yda9b1vl926611415579xm0ib5-perl5.32.0-SQL-Translator-1.61/lib/perl5/site_perl/5.32.0/SQL/Translator/Parser/DBI/Sybase.pm
Installing /nix/store/i31px2yda9b1vl926611415579xm0ib5-perl5.32.0-SQL-Translator-1.61/lib/perl5/site_perl/5.32.0/SQL/Translator/Parser/DBI/Oracle.pm
Installing /nix/store/i31px2yda9b1vl926611415579xm0ib5-perl5.32.0-SQL-Translator-1.61/lib/perl5/site_perl/5.32.0/SQL/Translator/Parser/DBI/MySQL.pm
Installing /nix/store/i31px2yda9b1vl926611415579xm0ib5-perl5.32.0-SQL-Translator-1.61/lib/perl5/site_perl/5.32.0/SQL/Translator/Parser/DBI/SQLite.pm
Installing /nix/store/i31px2yda9b1vl926611415579xm0ib5-perl5.32.0-SQL-Translator-1.61/lib/perl5/site_perl/5.32.0/SQL/Translator/Parser/DBI/SQLServer.pm
Installing /nix/store/i31px2yda9b1vl926611415579xm0ib5-perl5.32.0-SQL-Translator-1.61/lib/perl5/site_perl/5.32.0/SQL/Translator/Parser/DBI/PostgreSQL.pm
Installing /nix/store/i31px2yda9b1vl926611415579xm0ib5-perl5.32.0-SQL-Translator-1.61/lib/perl5/site_perl/5.32.0/SQL/Translator/Parser/DBI/DB2.pm
Installing /nix/store/i31px2yda9b1vl926611415579xm0ib5-perl5.32.0-SQL-Translator-1.61/lib/perl5/site_perl/5.32.0/SQL/Translator/Role/Debug.pm
Installing /nix/store/i31px2yda9b1vl926611415579xm0ib5-perl5.32.0-SQL-Translator-1.61/lib/perl5/site_perl/5.32.0/SQL/Translator/Role/ListAttr.pm
Installing /nix/store/i31px2yda9b1vl926611415579xm0ib5-perl5.32.0-SQL-Translator-1.61/lib/perl5/site_perl/5.32.0/SQL/Translator/Role/BuildArgs.pm
Installing /nix/store/i31px2yda9b1vl926611415579xm0ib5-perl5.32.0-SQL-Translator-1.61/lib/perl5/site_perl/5.32.0/SQL/Translator/Role/Error.pm
Installing /nix/store/i31px2yda9b1vl926611415579xm0ib5-perl5.32.0-SQL-Translator-1.61/lib/perl5/site_perl/5.32.0/SQL/Translator/Filter/DefaultExtra.pm
Installing /nix/store/i31px2yda9b1vl926611415579xm0ib5-perl5.32.0-SQL-Translator-1.61/lib/perl5/site_perl/5.32.0/SQL/Translator/Filter/Names.pm
Installing /nix/store/i31px2yda9b1vl926611415579xm0ib5-perl5.32.0-SQL-Translator-1.61/lib/perl5/site_perl/5.32.0/SQL/Translator/Filter/Globals.pm
Installing /nix/store/i31px2yda9b1vl926611415579xm0ib5-perl5.32.0-SQL-Translator-1.61/lib/perl5/site_perl/5.32.0/auto/share/dist/SQL-Translator/DiaUml/uml-class-end.tt2
Installing /nix/store/i31px2yda9b1vl926611415579xm0ib5-perl5.32.0-SQL-Translator-1.61/lib/perl5/site_perl/5.32.0/auto/share/dist/SQL-Translator/DiaUml/uml-class.tt2
Installing /nix/store/i31px2yda9b1vl926611415579xm0ib5-perl5.32.0-SQL-Translator-1.61/lib/perl5/site_perl/5.32.0/auto/share/dist/SQL-Translator/DiaUml/uml-class-all.tt2
Installing /nix/store/i31px2yda9b1vl926611415579xm0ib5-perl5.32.0-SQL-Translator-1.61/lib/perl5/site_perl/5.32.0/auto/share/dist/SQL-Translator/DiaUml/uml-class-start.tt2
Installing /nix/store/i31px2yda9b1vl926611415579xm0ib5-perl5.32.0-SQL-Translator-1.61/lib/perl5/site_perl/5.32.0/auto/share/dist/SQL-Translator/DiaUml/diagram.tt2
Installing /nix/store/i31px2yda9b1vl926611415579xm0ib5-perl5.32.0-SQL-Translator-1.61/lib/perl5/site_perl/5.32.0/auto/share/dist/SQL-Translator/DiaUml/layer.tt2
Installing /nix/store/i31px2yda9b1vl926611415579xm0ib5-perl5.32.0-SQL-Translator-1.61/lib/perl5/site_perl/5.32.0/auto/share/dist/SQL-Translator/DiaUml/uml-attribute.tt2
Installing /nix/store/i31px2yda9b1vl926611415579xm0ib5-perl5.32.0-SQL-Translator-1.61/lib/perl5/site_perl/5.32.0/auto/share/dist/SQL-Translator/DiaUml/schema.tt2
Installing /nix/store/i31px2yda9b1vl926611415579xm0ib5-perl5.32.0-SQL-Translator-1.61/lib/perl5/site_perl/5.32.0/auto/share/dist/SQL-Translator/PrecompiledParsers/Parse/RecDescent/DDL/SQLT/README
Installing /nix/store/i31px2yda9b1vl926611415579xm0ib5-perl5.32.0-SQL-Translator-1.61/share/man/man1/sqlt-dumper.1
Installing /nix/store/i31px2yda9b1vl926611415579xm0ib5-perl5.32.0-SQL-Translator-1.61/share/man/man1/sqlt-diff.1
Installing /nix/store/i31px2yda9b1vl926611415579xm0ib5-perl5.32.0-SQL-Translator-1.61/share/man/man1/sqlt-graph.1
Installing /nix/store/i31px2yda9b1vl926611415579xm0ib5-perl5.32.0-SQL-Translator-1.61/share/man/man1/sqlt-diff-old.1
Installing /nix/store/i31px2yda9b1vl926611415579xm0ib5-perl5.32.0-SQL-Translator-1.61/share/man/man1/sqlt.1
Installing /nix/store/i31px2yda9b1vl926611415579xm0ib5-perl5.32.0-SQL-Translator-1.61/share/man/man1/sqlt-diagram.1
Installing /nix/store/i31px2yda9b1vl926611415579xm0ib5-perl5.32.0-SQL-Translator-1.61/share/man/man3/SQL::Translator::Generator::DDL::SQLServer.3
Installing /nix/store/i31px2yda9b1vl926611415579xm0ib5-perl5.32.0-SQL-Translator-1.61/share/man/man3/SQL::Translator::Parser::Excel.3
Installing /nix/store/i31px2yda9b1vl926611415579xm0ib5-perl5.32.0-SQL-Translator-1.61/share/man/man3/SQL::Translator::Producer::XML.3
Installing /nix/store/i31px2yda9b1vl926611415579xm0ib5-perl5.32.0-SQL-Translator-1.61/share/man/man3/SQL::Translator::Producer::Dumper.3
Installing /nix/store/i31px2yda9b1vl926611415579xm0ib5-perl5.32.0-SQL-Translator-1.61/share/man/man3/SQL::Translator::Parser::SQLite.3
Installing /nix/store/i31px2yda9b1vl926611415579xm0ib5-perl5.32.0-SQL-Translator-1.61/share/man/man3/SQL::Translator::Producer::ClassDBI.3
Installing /nix/store/i31px2yda9b1vl926611415579xm0ib5-perl5.32.0-SQL-Translator-1.61/share/man/man3/SQL::Translator::Producer::Storable.3
Installing /nix/store/i31px2yda9b1vl926611415579xm0ib5-perl5.32.0-SQL-Translator-1.61/share/man/man3/SQL::Translator::Schema::Constants.3
Installing /nix/store/i31px2yda9b1vl926611415579xm0ib5-perl5.32.0-SQL-Translator-1.61/share/man/man3/SQL::Translator::Producer::HTML.3
Installing /nix/store/i31px2yda9b1vl926611415579xm0ib5-perl5.32.0-SQL-Translator-1.61/share/man/man3/SQL::Translator.3
Installing /nix/store/i31px2yda9b1vl926611415579xm0ib5-perl5.32.0-SQL-Translator-1.61/share/man/man3/SQL::Translator::Producer::PostgreSQL.3
Installing /nix/store/i31px2yda9b1vl926611415579xm0ib5-perl5.32.0-SQL-Translator-1.61/share/man/man3/SQL::Translator::Generator::DDL::SQLite.3
Installing /nix/store/i31px2yda9b1vl926611415579xm0ib5-perl5.32.0-SQL-Translator-1.61/share/man/man3/SQL::Translator::Parser::xSV.3
Installing /nix/store/i31px2yda9b1vl926611415579xm0ib5-perl5.32.0-SQL-Translator-1.61/share/man/man3/SQL::Translator::Generator::Role::Quote.3
Installing /nix/store/i31px2yda9b1vl926611415579xm0ib5-perl5.32.0-SQL-Translator-1.61/share/man/man3/SQL::Translator::Schema::Object.3
Installing /nix/store/i31px2yda9b1vl926611415579xm0ib5-perl5.32.0-SQL-Translator-1.61/share/man/man3/SQL::Translator::Manual.3
Installing /nix/store/i31px2yda9b1vl926611415579xm0ib5-perl5.32.0-SQL-Translator-1.61/share/man/man3/SQL::Translator::Schema.3
Installing /nix/store/i31px2yda9b1vl926611415579xm0ib5-perl5.32.0-SQL-Translator-1.61/share/man/man3/SQL::Translator::Parser::Sybase.3
Installing /nix/store/i31px2yda9b1vl926611415579xm0ib5-perl5.32.0-SQL-Translator-1.61/share/man/man3/SQL::Translator::Filter::DefaultExtra.3
Installing /nix/store/i31px2yda9b1vl926611415579xm0ib5-perl5.32.0-SQL-Translator-1.61/share/man/man3/SQL::Translator::Producer::TT::Table.3
Installing /nix/store/i31px2yda9b1vl926611415579xm0ib5-perl5.32.0-SQL-Translator-1.61/share/man/man3/SQL::Translator::Producer::XML::SQLFairy.3
Installing /nix/store/i31px2yda9b1vl926611415579xm0ib5-perl5.32.0-SQL-Translator-1.61/share/man/man3/SQL::Translator::Parser::Storable.3
Installing /nix/store/i31px2yda9b1vl926611415579xm0ib5-perl5.32.0-SQL-Translator-1.61/share/man/man3/SQL::Translator::Producer::Latex.3
Installing /nix/store/i31px2yda9b1vl926611415579xm0ib5-perl5.32.0-SQL-Translator-1.61/share/man/man3/SQL::Translator::Parser::DBI.3
Installing /nix/store/i31px2yda9b1vl926611415579xm0ib5-perl5.32.0-SQL-Translator-1.61/share/man/man3/SQL::Translator::Parser::DB2.3
Installing /nix/store/i31px2yda9b1vl926611415579xm0ib5-perl5.32.0-SQL-Translator-1.61/share/man/man3/SQL::Translator::Parser::DBI::DB2.3
Installing /nix/store/i31px2yda9b1vl926611415579xm0ib5-perl5.32.0-SQL-Translator-1.61/share/man/man3/SQL::Translator::Parser::DBI::Sybase.3
Installing /nix/store/i31px2yda9b1vl926611415579xm0ib5-perl5.32.0-SQL-Translator-1.61/share/man/man3/SQL::Translator::Producer::SQLServer.3
Installing /nix/store/i31px2yda9b1vl926611415579xm0ib5-perl5.32.0-SQL-Translator-1.61/share/man/man3/SQL::Translator::Role::BuildArgs.3
Installing /nix/store/i31px2yda9b1vl926611415579xm0ib5-perl5.32.0-SQL-Translator-1.61/share/man/man3/SQL::Translator::Producer::TTSchema.3
Installing /nix/store/i31px2yda9b1vl926611415579xm0ib5-perl5.32.0-SQL-Translator-1.61/share/man/man3/SQL::Translator::Schema::Role::Compare.3
Installing /nix/store/i31px2yda9b1vl926611415579xm0ib5-perl5.32.0-SQL-Translator-1.61/share/man/man3/SQL::Translator::Filter::Globals.3
Installing /nix/store/i31px2yda9b1vl926611415579xm0ib5-perl5.32.0-SQL-Translator-1.61/share/man/man3/SQL::Translator::Producer::Oracle.3
Installing /nix/store/i31px2yda9b1vl926611415579xm0ib5-perl5.32.0-SQL-Translator-1.61/share/man/man3/SQL::Translator::Types.3
Installing /nix/store/i31px2yda9b1vl926611415579xm0ib5-perl5.32.0-SQL-Translator-1.61/share/man/man3/SQL::Translator::Parser.3
Installing /nix/store/i31px2yda9b1vl926611415579xm0ib5-perl5.32.0-SQL-Translator-1.61/share/man/man3/SQL::Translator::Parser::Access.3
Installing /nix/store/i31px2yda9b1vl926611415579xm0ib5-perl5.32.0-SQL-Translator-1.61/share/man/man3/SQL::Translator::Parser::XML::SQLFairy.3
Installing /nix/store/i31px2yda9b1vl926611415579xm0ib5-perl5.32.0-SQL-Translator-1.61/share/man/man3/SQL::Translator::Schema::Role::Extra.3
Installing /nix/store/i31px2yda9b1vl926611415579xm0ib5-perl5.32.0-SQL-Translator-1.61/share/man/man3/SQL::Translator::Schema::Constraint.3
Installing /nix/store/i31px2yda9b1vl926611415579xm0ib5-perl5.32.0-SQL-Translator-1.61/share/man/man3/SQL::Translator::Parser::MySQL.3
Installing /nix/store/i31px2yda9b1vl926611415579xm0ib5-perl5.32.0-SQL-Translator-1.61/share/man/man3/SQL::Translator::Producer::POD.3
Installing /nix/store/i31px2yda9b1vl926611415579xm0ib5-perl5.32.0-SQL-Translator-1.61/share/man/man3/SQL::Translator::Parser::XML.3
Installing /nix/store/i31px2yda9b1vl926611415579xm0ib5-perl5.32.0-SQL-Translator-1.61/share/man/man3/SQL::Translator::Schema::Field.3
Installing /nix/store/i31px2yda9b1vl926611415579xm0ib5-perl5.32.0-SQL-Translator-1.61/share/man/man3/SQL::Translator::Parser::Oracle.3
Installing /nix/store/i31px2yda9b1vl926611415579xm0ib5-perl5.32.0-SQL-Translator-1.61/share/man/man3/SQL::Translator::Schema::Table.3
Installing /nix/store/i31px2yda9b1vl926611415579xm0ib5-perl5.32.0-SQL-Translator-1.61/share/man/man3/SQL::Translator::Schema::View.3
Installing /nix/store/i31px2yda9b1vl926611415579xm0ib5-perl5.32.0-SQL-Translator-1.61/share/man/man3/SQL::Translator::Generator::Role::DDL.3
Installing /nix/store/i31px2yda9b1vl926611415579xm0ib5-perl5.32.0-SQL-Translator-1.61/share/man/man3/Test::SQL::Translator.3
Installing /nix/store/i31px2yda9b1vl926611415579xm0ib5-perl5.32.0-SQL-Translator-1.61/share/man/man3/SQL::Translator::Utils.3
Installing /nix/store/i31px2yda9b1vl926611415579xm0ib5-perl5.32.0-SQL-Translator-1.61/share/man/man3/SQL::Translator::Parser::PostgreSQL.3
Installing /nix/store/i31px2yda9b1vl926611415579xm0ib5-perl5.32.0-SQL-Translator-1.61/share/man/man3/SQL::Translator::Generator::DDL::MySQL.3
Installing /nix/store/i31px2yda9b1vl926611415579xm0ib5-perl5.32.0-SQL-Translator-1.61/share/man/man3/SQL::Translator::Producer::SQLite.3
Installing /nix/store/i31px2yda9b1vl926611415579xm0ib5-perl5.32.0-SQL-Translator-1.61/share/man/man3/SQL::Translator::Filter::Names.3
Installing /nix/store/i31px2yda9b1vl926611415579xm0ib5-perl5.32.0-SQL-Translator-1.61/share/man/man3/SQL::Translator::Producer::JSON.3
Installing /nix/store/i31px2yda9b1vl926611415579xm0ib5-perl5.32.0-SQL-Translator-1.61/share/man/man3/SQL::Translator::Parser::DBI::PostgreSQL.3
Installing /nix/store/i31px2yda9b1vl926611415579xm0ib5-perl5.32.0-SQL-Translator-1.61/share/man/man3/SQL::Translator::Producer::Diagram.3
Installing /nix/store/i31px2yda9b1vl926611415579xm0ib5-perl5.32.0-SQL-Translator-1.61/share/man/man3/SQL::Translator::Parser::YAML.3
Installing /nix/store/i31px2yda9b1vl926611415579xm0ib5-perl5.32.0-SQL-Translator-1.61/share/man/man3/SQL::Translator::Producer::GraphViz.3
Installing /nix/store/i31px2yda9b1vl926611415579xm0ib5-perl5.32.0-SQL-Translator-1.61/share/man/man3/SQL::Translator::Schema::Trigger.3
Installing /nix/store/i31px2yda9b1vl926611415579xm0ib5-perl5.32.0-SQL-Translator-1.61/share/man/man3/SQL::Translator::Parser::DBI::SQLite.3
Installing /nix/store/i31px2yda9b1vl926611415579xm0ib5-perl5.32.0-SQL-Translator-1.61/share/man/man3/SQL::Translator::Producer::YAML.3
Installing /nix/store/i31px2yda9b1vl926611415579xm0ib5-perl5.32.0-SQL-Translator-1.61/share/man/man3/SQL::Translator::Parser::DBI::Oracle.3
Installing /nix/store/i31px2yda9b1vl926611415579xm0ib5-perl5.32.0-SQL-Translator-1.61/share/man/man3/SQL::Translator::Schema::Index.3
Installing /nix/store/i31px2yda9b1vl926611415579xm0ib5-perl5.32.0-SQL-Translator-1.61/share/man/man3/SQL::Translator::Producer.3
Installing /nix/store/i31px2yda9b1vl926611415579xm0ib5-perl5.32.0-SQL-Translator-1.61/share/man/man3/SQL::Translator::Generator::DDL::PostgreSQL.3
Installing /nix/store/i31px2yda9b1vl926611415579xm0ib5-perl5.32.0-SQL-Translator-1.61/share/man/man3/SQL::Translator::Parser::SQLServer.3
Installing /nix/store/i31px2yda9b1vl926611415579xm0ib5-perl5.32.0-SQL-Translator-1.61/share/man/man3/SQL::Translator::Role::ListAttr.3
Installing /nix/store/i31px2yda9b1vl926611415579xm0ib5-perl5.32.0-SQL-Translator-1.61/share/man/man3/SQL::Translator::Producer::TT::Base.3
Installing /nix/store/i31px2yda9b1vl926611415579xm0ib5-perl5.32.0-SQL-Translator-1.61/share/man/man3/SQL::Translator::Producer::MySQL.3
Installing /nix/store/i31px2yda9b1vl926611415579xm0ib5-perl5.32.0-SQL-Translator-1.61/share/man/man3/SQL::Translator::Parser::DBI::SQLServer.3
Installing /nix/store/i31px2yda9b1vl926611415579xm0ib5-perl5.32.0-SQL-Translator-1.61/share/man/man3/SQL::Translator::Producer::Sybase.3
Installing /nix/store/i31px2yda9b1vl926611415579xm0ib5-perl5.32.0-SQL-Translator-1.61/share/man/man3/SQL::Translator::Producer::DiaUml.3
Installing /nix/store/i31px2yda9b1vl926611415579xm0ib5-perl5.32.0-SQL-Translator-1.61/share/man/man3/SQL::Translator::Diff.3
Installing /nix/store/i31px2yda9b1vl926611415579xm0ib5-perl5.32.0-SQL-Translator-1.61/share/man/man3/SQL::Translator::Schema::Procedure.3
Installing /nix/store/i31px2yda9b1vl926611415579xm0ib5-perl5.32.0-SQL-Translator-1.61/share/man/man3/SQL::Translator::Parser::JSON.3
Installing /nix/store/i31px2yda9b1vl926611415579xm0ib5-perl5.32.0-SQL-Translator-1.61/share/man/man3/SQL::Translator::Parser::DBI::MySQL.3
Installing /nix/store/i31px2yda9b1vl926611415579xm0ib5-perl5.32.0-SQL-Translator-1.61/share/man/man3/SQL::Translator::Role::Error.3
Installing /nix/store/i31px2yda9b1vl926611415579xm0ib5-perl5.32.0-SQL-Translator-1.61/share/man/man3/SQL::Translator::Producer::DB2.3
Installing /nix/store/i31px2yda9b1vl926611415579xm0ib5-perl5.32.0-SQL-Translator-1.61/bin/sqlt-diff-old
Installing /nix/store/i31px2yda9b1vl926611415579xm0ib5-perl5.32.0-SQL-Translator-1.61/bin/sqlt-diff
Installing /nix/store/i31px2yda9b1vl926611415579xm0ib5-perl5.32.0-SQL-Translator-1.61/bin/sqlt
Installing /nix/store/i31px2yda9b1vl926611415579xm0ib5-perl5.32.0-SQL-Translator-1.61/bin/sqlt-graph
Installing /nix/store/i31px2yda9b1vl926611415579xm0ib5-perl5.32.0-SQL-Translator-1.61/bin/sqlt-diagram
Installing /nix/store/i31px2yda9b1vl926611415579xm0ib5-perl5.32.0-SQL-Translator-1.61/bin/sqlt-dumper
Appending installation info to /nix/store/i31px2yda9b1vl926611415579xm0ib5-perl5.32.0-SQL-Translator-1.61/lib/perl5/5.32.0/x86_64-linux-thread-multi/perllocal.pod
post-installation fixup
Moving /nix/store/i31px2yda9b1vl926611415579xm0ib5-perl5.32.0-SQL-Translator-1.61/share/man/man3 to /nix/store/b4fljgs3bb6yyd9k8ffqrk2j18d2zd0i-perl5.32.0-SQL-Translator-1.61-devdoc/share/man/man3
rmdir: failed to remove '/nix/store/i31px2yda9b1vl926611415579xm0ib5-perl5.32.0-SQL-Translator-1.61/share/man': Directory not empty
shrinking RPATHs of ELF executables and libraries in /nix/store/i31px2yda9b1vl926611415579xm0ib5-perl5.32.0-SQL-Translator-1.61
gzipping man pages under /nix/store/i31px2yda9b1vl926611415579xm0ib5-perl5.32.0-SQL-Translator-1.61/share/man/
strip is /nix/store/psyzbhp4p088sb9qcs378hfbslcalasl-binutils-2.31.1/bin/strip
stripping (with command strip and flags -S) in /nix/store/i31px2yda9b1vl926611415579xm0ib5-perl5.32.0-SQL-Translator-1.61/lib  /nix/store/i31px2yda9b1vl926611415579xm0ib5-perl5.32.0-SQL-Translator-1.61/bin
patching script interpreter paths in /nix/store/i31px2yda9b1vl926611415579xm0ib5-perl5.32.0-SQL-Translator-1.61
checking for references to /build/ in /nix/store/i31px2yda9b1vl926611415579xm0ib5-perl5.32.0-SQL-Translator-1.61...
shrinking RPATHs of ELF executables and libraries in /nix/store/b4fljgs3bb6yyd9k8ffqrk2j18d2zd0i-perl5.32.0-SQL-Translator-1.61-devdoc
gzipping man pages under /nix/store/b4fljgs3bb6yyd9k8ffqrk2j18d2zd0i-perl5.32.0-SQL-Translator-1.61-devdoc/share/man/
strip is /nix/store/psyzbhp4p088sb9qcs378hfbslcalasl-binutils-2.31.1/bin/strip
patching script interpreter paths in /nix/store/b4fljgs3bb6yyd9k8ffqrk2j18d2zd0i-perl5.32.0-SQL-Translator-1.61-devdoc
checking for references to /build/ in /nix/store/b4fljgs3bb6yyd9k8ffqrk2j18d2zd0i-perl5.32.0-SQL-Translator-1.61-devdoc...
building '/nix/store/h78l1qnyki57bmgb2nnwls64v3ss7na6-perl5.32.0-DBICx-TestDatabase-0.05.drv'...
unpacking sources
unpacking source archive /nix/store/gyfkk5gyvg205jn9vyl89na172vfw6zp-DBICx-TestDatabase-0.05.tar.gz
source root is DBICx-TestDatabase-0.05
setting SOURCE_DATE_EPOCH to timestamp 1375090246 of file DBICx-TestDatabase-0.05/MANIFEST
patching sources
configuring
patching ./t/testdatabase.t...
patching ./t/unicode.t...
patching ./t/subclass.t...
patching ./t/00-load.t...
patching ./t/author/pod-coverage.t...
patching ./t/author/pod.t...
Cannot determine perl version info from lib/DBICx/TestDatabase.pm
Checking if your kit is complete...
Looks good
Generating a Unix-style Makefile
Writing Makefile for DBICx::TestDatabase
Writing MYMETA.yml and MYMETA.json
no configure script, doing nothing
building
build flags: SHELL=/nix/store/9fqwwd4iybmhjqyxiaxycknslw6bgwh1-bash-4.4-p23/bin/bash
cp lib/DBICx/TestDatabase/Subclass.pm blib/lib/DBICx/TestDatabase/Subclass.pm
cp lib/DBICx/TestDatabase.pm blib/lib/DBICx/TestDatabase.pm
Manifying 2 pod documents
running tests
check flags: SHELL=/nix/store/9fqwwd4iybmhjqyxiaxycknslw6bgwh1-bash-4.4-p23/bin/bash VERBOSE=y test
PERL_DL_NONLAZY=1 "/nix/store/7c044di03qa7qgr5kjjc2d787aspzp0m-perl-5.32.0/bin/perl" "-MExtUtils::Command::MM" "-MTest::Harness" "-e" "undef *Test::Harness::Switches; test_harness(0, 'inc', 'blib/lib', 'blib/arch')" t/*.t
t/00-load.t ....... ok
t/subclass.t ...... ok
t/testdatabase.t .. ok
t/unicode.t ....... ok
All tests successful.
Files=4, Tests=18,  2 wallclock secs ( 0.06 usr  0.04 sys +  1.15 cusr  0.49 csys =  1.74 CPU)
Result: PASS
installing
install flags: SHELL=/nix/store/9fqwwd4iybmhjqyxiaxycknslw6bgwh1-bash-4.4-p23/bin/bash pkgconfigdir=/nix/store/4r0hn71fa7s8i6hcv2rh7nykfrmq7x5v-perl5.32.0-DBICx-TestDatabase-0.05/lib/pkgconfig m4datadir=/nix/store/4r0hn71fa7s8i6hcv2rh7nykfrmq7x5v-perl5.32.0-DBICx-TestDatabase-0.05/share/aclocal aclocaldir=/nix/store/4r0hn71fa7s8i6hcv2rh7nykfrmq7x5v-perl5.32.0-DBICx-TestDatabase-0.05/share/aclocal install
Manifying 2 pod documents
Installing /nix/store/4r0hn71fa7s8i6hcv2rh7nykfrmq7x5v-perl5.32.0-DBICx-TestDatabase-0.05/lib/perl5/site_perl/5.32.0/DBICx/TestDatabase.pm
Installing /nix/store/4r0hn71fa7s8i6hcv2rh7nykfrmq7x5v-perl5.32.0-DBICx-TestDatabase-0.05/lib/perl5/site_perl/5.32.0/DBICx/TestDatabase/Subclass.pm
Installing /nix/store/4r0hn71fa7s8i6hcv2rh7nykfrmq7x5v-perl5.32.0-DBICx-TestDatabase-0.05/share/man/man3/DBICx::TestDatabase.3
Installing /nix/store/4r0hn71fa7s8i6hcv2rh7nykfrmq7x5v-perl5.32.0-DBICx-TestDatabase-0.05/share/man/man3/DBICx::TestDatabase::Subclass.3
Appending installation info to /nix/store/4r0hn71fa7s8i6hcv2rh7nykfrmq7x5v-perl5.32.0-DBICx-TestDatabase-0.05/lib/perl5/5.32.0/x86_64-linux-thread-multi/perllocal.pod
post-installation fixup
Moving /nix/store/4r0hn71fa7s8i6hcv2rh7nykfrmq7x5v-perl5.32.0-DBICx-TestDatabase-0.05/share/man/man3 to /nix/store/yvx8v9686qygmlfm0h5wbhskpzx38rs0-perl5.32.0-DBICx-TestDatabase-0.05-devdoc/share/man/man3
Removing empty /nix/store/4r0hn71fa7s8i6hcv2rh7nykfrmq7x5v-perl5.32.0-DBICx-TestDatabase-0.05/share/man/ and (possibly) its parents
shrinking RPATHs of ELF executables and libraries in /nix/store/4r0hn71fa7s8i6hcv2rh7nykfrmq7x5v-perl5.32.0-DBICx-TestDatabase-0.05
strip is /nix/store/psyzbhp4p088sb9qcs378hfbslcalasl-binutils-2.31.1/bin/strip
stripping (with command strip and flags -S) in /nix/store/4r0hn71fa7s8i6hcv2rh7nykfrmq7x5v-perl5.32.0-DBICx-TestDatabase-0.05/lib
patching script interpreter paths in /nix/store/4r0hn71fa7s8i6hcv2rh7nykfrmq7x5v-perl5.32.0-DBICx-TestDatabase-0.05
checking for references to /build/ in /nix/store/4r0hn71fa7s8i6hcv2rh7nykfrmq7x5v-perl5.32.0-DBICx-TestDatabase-0.05...
shrinking RPATHs of ELF executables and libraries in /nix/store/yvx8v9686qygmlfm0h5wbhskpzx38rs0-perl5.32.0-DBICx-TestDatabase-0.05-devdoc
gzipping man pages under /nix/store/yvx8v9686qygmlfm0h5wbhskpzx38rs0-perl5.32.0-DBICx-TestDatabase-0.05-devdoc/share/man/
strip is /nix/store/psyzbhp4p088sb9qcs378hfbslcalasl-binutils-2.31.1/bin/strip
patching script interpreter paths in /nix/store/yvx8v9686qygmlfm0h5wbhskpzx38rs0-perl5.32.0-DBICx-TestDatabase-0.05-devdoc
checking for references to /build/ in /nix/store/yvx8v9686qygmlfm0h5wbhskpzx38rs0-perl5.32.0-DBICx-TestDatabase-0.05-devdoc...
/nix/store/4r0hn71fa7s8i6hcv2rh7nykfrmq7x5v-perl5.32.0-DBICx-TestDatabase-0.05
