these derivations will be built:
  /nix/store/dr03fh7i2b7kwfi3pmyi284v7n5w206q-perl5.32.0-DBIx-Class-Candy-0.005003.drv
these paths will be fetched (0.02 MiB download, 0.02 MiB unpacked):
  /nix/store/76nrp4p0h5vihhxrg2b6vhydyi4b0pdk-DBIx-Class-Candy-0.005003.tar.gz
copying path '/nix/store/76nrp4p0h5vihhxrg2b6vhydyi4b0pdk-DBIx-Class-Candy-0.005003.tar.gz' from 'https://cache.nixos.org'...
building '/nix/store/dr03fh7i2b7kwfi3pmyi284v7n5w206q-perl5.32.0-DBIx-Class-Candy-0.005003.drv'...
unpacking sources
unpacking source archive /nix/store/76nrp4p0h5vihhxrg2b6vhydyi4b0pdk-DBIx-Class-Candy-0.005003.tar.gz
source root is DBIx-Class-Candy-0.005003
setting SOURCE_DATE_EPOCH to timestamp 1500049764 of file DBIx-Class-Candy-0.005003/weaver.ini
patching sources
configuring
patching ./t/author-pod-syntax.t...
patching ./t/release-changes_has_content.t...
Checking if your kit is complete...
Looks good
Generating a Unix-style Makefile
Writing Makefile for DBIx::Class::Candy
Writing MYMETA.yml and MYMETA.json
no configure script, doing nothing
building
build flags: SHELL=/nix/store/9fqwwd4iybmhjqyxiaxycknslw6bgwh1-bash-4.4-p23/bin/bash
cp lib/DBIx/Class/Candy/Exports.pm blib/lib/DBIx/Class/Candy/Exports.pm
cp lib/DBIx/Class/Candy/ResultSet.pm blib/lib/DBIx/Class/Candy/ResultSet.pm
cp lib/DBIx/Class/Candy.pm blib/lib/DBIx/Class/Candy.pm
Manifying 3 pod documents
running tests
check flags: SHELL=/nix/store/9fqwwd4iybmhjqyxiaxycknslw6bgwh1-bash-4.4-p23/bin/bash VERBOSE=y test
PERL_DL_NONLAZY=1 "/nix/store/7c044di03qa7qgr5kjjc2d787aspzp0m-perl-5.32.0/bin/perl" "-MExtUtils::Command::MM" "-MTest::Harness" "-e" "undef *Test::Harness::Switches; test_harness(0, 'blib/lib', 'blib/arch')" t/*.t
t/author-pod-syntax.t ............ skipped: these tests are for testing by the author
t/autotable.t .................... ok
t/imports.t ...................... ok
t/irc-schema.t ................... ok
t/recursion-bug.t ................ ok
t/release-changes_has_content.t .. skipped: these tests are for release candidate testing
t/rs-imports.t ................... ok
All tests successful.
Files=7, Tests=21,  2 wallclock secs ( 0.06 usr  0.04 sys +  1.01 cusr  0.63 csys =  1.74 CPU)
Result: PASS
installing
install flags: SHELL=/nix/store/9fqwwd4iybmhjqyxiaxycknslw6bgwh1-bash-4.4-p23/bin/bash pkgconfigdir=/nix/store/7kc4nzjr8srw6b2hx7cds30akldbxq9v-perl5.32.0-DBIx-Class-Candy-0.005003/lib/pkgconfig m4datadir=/nix/store/7kc4nzjr8srw6b2hx7cds30akldbxq9v-perl5.32.0-DBIx-Class-Candy-0.005003/share/aclocal aclocaldir=/nix/store/7kc4nzjr8srw6b2hx7cds30akldbxq9v-perl5.32.0-DBIx-Class-Candy-0.005003/share/aclocal install
Manifying 3 pod documents
Installing /nix/store/7kc4nzjr8srw6b2hx7cds30akldbxq9v-perl5.32.0-DBIx-Class-Candy-0.005003/lib/perl5/site_perl/5.32.0/DBIx/Class/Candy.pm
Installing /nix/store/7kc4nzjr8srw6b2hx7cds30akldbxq9v-perl5.32.0-DBIx-Class-Candy-0.005003/lib/perl5/site_perl/5.32.0/DBIx/Class/Candy/ResultSet.pm
Installing /nix/store/7kc4nzjr8srw6b2hx7cds30akldbxq9v-perl5.32.0-DBIx-Class-Candy-0.005003/lib/perl5/site_perl/5.32.0/DBIx/Class/Candy/Exports.pm
Installing /nix/store/7kc4nzjr8srw6b2hx7cds30akldbxq9v-perl5.32.0-DBIx-Class-Candy-0.005003/share/man/man3/DBIx::Class::Candy.3
Installing /nix/store/7kc4nzjr8srw6b2hx7cds30akldbxq9v-perl5.32.0-DBIx-Class-Candy-0.005003/share/man/man3/DBIx::Class::Candy::ResultSet.3
Installing /nix/store/7kc4nzjr8srw6b2hx7cds30akldbxq9v-perl5.32.0-DBIx-Class-Candy-0.005003/share/man/man3/DBIx::Class::Candy::Exports.3
Appending installation info to /nix/store/7kc4nzjr8srw6b2hx7cds30akldbxq9v-perl5.32.0-DBIx-Class-Candy-0.005003/lib/perl5/5.32.0/x86_64-linux-thread-multi/perllocal.pod
post-installation fixup
Moving /nix/store/7kc4nzjr8srw6b2hx7cds30akldbxq9v-perl5.32.0-DBIx-Class-Candy-0.005003/share/man/man3 to /nix/store/vyawa4dk63mbyl6r0ldbw60v7ybypkjc-perl5.32.0-DBIx-Class-Candy-0.005003-devdoc/share/man/man3
Removing empty /nix/store/7kc4nzjr8srw6b2hx7cds30akldbxq9v-perl5.32.0-DBIx-Class-Candy-0.005003/share/man/ and (possibly) its parents
shrinking RPATHs of ELF executables and libraries in /nix/store/7kc4nzjr8srw6b2hx7cds30akldbxq9v-perl5.32.0-DBIx-Class-Candy-0.005003
strip is /nix/store/psyzbhp4p088sb9qcs378hfbslcalasl-binutils-2.31.1/bin/strip
stripping (with command strip and flags -S) in /nix/store/7kc4nzjr8srw6b2hx7cds30akldbxq9v-perl5.32.0-DBIx-Class-Candy-0.005003/lib
patching script interpreter paths in /nix/store/7kc4nzjr8srw6b2hx7cds30akldbxq9v-perl5.32.0-DBIx-Class-Candy-0.005003
checking for references to /build/ in /nix/store/7kc4nzjr8srw6b2hx7cds30akldbxq9v-perl5.32.0-DBIx-Class-Candy-0.005003...
shrinking RPATHs of ELF executables and libraries in /nix/store/vyawa4dk63mbyl6r0ldbw60v7ybypkjc-perl5.32.0-DBIx-Class-Candy-0.005003-devdoc
gzipping man pages under /nix/store/vyawa4dk63mbyl6r0ldbw60v7ybypkjc-perl5.32.0-DBIx-Class-Candy-0.005003-devdoc/share/man/
strip is /nix/store/psyzbhp4p088sb9qcs378hfbslcalasl-binutils-2.31.1/bin/strip
patching script interpreter paths in /nix/store/vyawa4dk63mbyl6r0ldbw60v7ybypkjc-perl5.32.0-DBIx-Class-Candy-0.005003-devdoc
checking for references to /build/ in /nix/store/vyawa4dk63mbyl6r0ldbw60v7ybypkjc-perl5.32.0-DBIx-Class-Candy-0.005003-devdoc...
/nix/store/7kc4nzjr8srw6b2hx7cds30akldbxq9v-perl5.32.0-DBIx-Class-Candy-0.005003
