these derivations will be built:
  /nix/store/4q5jv0w1mn0maq4vsqp157jvxqh4ppm9-perl5.32.0-Dir-Manifest-0.6.1.drv
these paths will be fetched (0.01 MiB download, 0.01 MiB unpacked):
  /nix/store/2bm9m8d24mwkv41drk3rbjvfvfrylkc7-Dir-Manifest-0.6.1.tar.gz
copying path '/nix/store/2bm9m8d24mwkv41drk3rbjvfvfrylkc7-Dir-Manifest-0.6.1.tar.gz' from 'https://cache.nixos.org'...
building '/nix/store/4q5jv0w1mn0maq4vsqp157jvxqh4ppm9-perl5.32.0-Dir-Manifest-0.6.1.drv'...
unpacking sources
unpacking source archive /nix/store/2bm9m8d24mwkv41drk3rbjvfvfrylkc7-Dir-Manifest-0.6.1.tar.gz
source root is Dir-Manifest-0.6.1
setting SOURCE_DATE_EPOCH to timestamp 1580219869 of file Dir-Manifest-0.6.1/xt/release/trailing-space.t
patching sources
configuring
patching ./xt/release/trailing-space.t...
patching ./xt/author/pod-coverage.t...
patching ./xt/author/pod-syntax.t...
patching ./t/dir-manifest.t...
patching ./t/slurp.t...
no configure script, doing nothing
building
Created MYMETA.yml and MYMETA.json
Creating new 'Build' script for 'Dir-Manifest' version '0.6.1'
Building Dir-Manifest
running tests
t/00-compile.t .... ok
t/dir-manifest.t .. ok
t/slurp.t ......... ok
All tests successful.
Files=3, Tests=19,  0 wallclock secs ( 0.03 usr  0.01 sys +  0.36 cusr  0.18 csys =  0.58 CPU)
Result: PASS
installing
Building Dir-Manifest
Installing /nix/store/rzz38vjsy61p5rgclli4sf29zdrhsjsh-perl5.32.0-Dir-Manifest-0.6.1/lib/perl5/site_perl/5.32.0/Dir/Manifest.pm
Installing /nix/store/rzz38vjsy61p5rgclli4sf29zdrhsjsh-perl5.32.0-Dir-Manifest-0.6.1/lib/perl5/site_perl/5.32.0/Dir/Manifest/Key.pm
Installing /nix/store/rzz38vjsy61p5rgclli4sf29zdrhsjsh-perl5.32.0-Dir-Manifest-0.6.1/lib/perl5/site_perl/5.32.0/Dir/Manifest/Slurp.pm
Installing /nix/store/rzz38vjsy61p5rgclli4sf29zdrhsjsh-perl5.32.0-Dir-Manifest-0.6.1/share/man/man3/Dir::Manifest::Slurp.3
Installing /nix/store/rzz38vjsy61p5rgclli4sf29zdrhsjsh-perl5.32.0-Dir-Manifest-0.6.1/share/man/man3/Dir::Manifest.3
Installing /nix/store/rzz38vjsy61p5rgclli4sf29zdrhsjsh-perl5.32.0-Dir-Manifest-0.6.1/share/man/man3/Dir::Manifest::Key.3
post-installation fixup
Moving /nix/store/rzz38vjsy61p5rgclli4sf29zdrhsjsh-perl5.32.0-Dir-Manifest-0.6.1/share/man/man3 to /nix/store/97czjx7mx47cfaqxljxcziaqc5dq3adg-perl5.32.0-Dir-Manifest-0.6.1-devdoc/share/man/man3
Removing empty /nix/store/rzz38vjsy61p5rgclli4sf29zdrhsjsh-perl5.32.0-Dir-Manifest-0.6.1/share/man/ and (possibly) its parents
shrinking RPATHs of ELF executables and libraries in /nix/store/rzz38vjsy61p5rgclli4sf29zdrhsjsh-perl5.32.0-Dir-Manifest-0.6.1
strip is /nix/store/psyzbhp4p088sb9qcs378hfbslcalasl-binutils-2.31.1/bin/strip
stripping (with command strip and flags -S) in /nix/store/rzz38vjsy61p5rgclli4sf29zdrhsjsh-perl5.32.0-Dir-Manifest-0.6.1/lib
patching script interpreter paths in /nix/store/rzz38vjsy61p5rgclli4sf29zdrhsjsh-perl5.32.0-Dir-Manifest-0.6.1
checking for references to /build/ in /nix/store/rzz38vjsy61p5rgclli4sf29zdrhsjsh-perl5.32.0-Dir-Manifest-0.6.1...
shrinking RPATHs of ELF executables and libraries in /nix/store/97czjx7mx47cfaqxljxcziaqc5dq3adg-perl5.32.0-Dir-Manifest-0.6.1-devdoc
gzipping man pages under /nix/store/97czjx7mx47cfaqxljxcziaqc5dq3adg-perl5.32.0-Dir-Manifest-0.6.1-devdoc/share/man/
strip is /nix/store/psyzbhp4p088sb9qcs378hfbslcalasl-binutils-2.31.1/bin/strip
patching script interpreter paths in /nix/store/97czjx7mx47cfaqxljxcziaqc5dq3adg-perl5.32.0-Dir-Manifest-0.6.1-devdoc
checking for references to /build/ in /nix/store/97czjx7mx47cfaqxljxcziaqc5dq3adg-perl5.32.0-Dir-Manifest-0.6.1-devdoc...
/nix/store/rzz38vjsy61p5rgclli4sf29zdrhsjsh-perl5.32.0-Dir-Manifest-0.6.1
