these derivations will be built:
  /nix/store/wv5d15pcdg436gck843nv97w5k9qljr9-perl5.32.0-Hook-LexWrap-0.26.drv
  /nix/store/2381vks0b52hy138ksx8165mlgc8vjs5-perl5.32.0-Test-SubCalls-1.10.drv
  /nix/store/lmqdyvhl95i4hz4fnxjg7k47yx51dxwa-perl5.32.0-Test-Object-0.08.drv
  /nix/store/5lfyrvsxawd2jyj66lrmgpxnfx5840af-perl5.32.0-PPI-1.270.drv
  /nix/store/601igjfzcwyrscsbip77pfvsdgqd96xc-perl5.32.0-MooseX-LazyRequire-0.11.drv
  /nix/store/l51jiqsfbb6nlr0qhh95sqbymgvsk7lf-perl5.32.0-Module-Path-0.19.drv
  /nix/store/86ca28liy6npzyzhsqvfp5f3h491cm1f-perl5.32.0-Perl-PrereqScanner-1.023.drv
  /nix/store/8z7y78vfp7i2agly1ydp4mi6s2zrsxr8-perl5.32.0-MooseX-SetOnce-0.200002.drv
  /nix/store/c3kqs0pyx8rig2jx34f3awpk39agha29-perl5.32.0-MooseX-Types-Perl-0.101343.drv
  /nix/store/dswfppd503kjc72qmvrwmmri217ii190-perl5.32.0-Sub-Exporter-GlobExporter-0.005.drv
  /nix/store/rvsfr4m49gjwzjflsd370pfgdicqvr1b-perl5.32.0-String-Flogger-1.101245.drv
  /nix/store/m3382wkg5lhfjj6rc1b0mja2wf4xrysp-perl5.32.0-Log-Dispatchouli-2.019.drv
  /nix/store/rnpgall3m2p96n77247v2y009ryianry-perl5.32.0-Term-Encoding-0.03.drv
  /nix/store/5yay430hgcjnqrm7sv4dafv3phajn2mg-perl5.32.0-Dist-Zilla-6.015.drv
these paths will be fetched (0.64 MiB download, 0.64 MiB unpacked):
  /nix/store/4ci29ms1zy0phzhzkhfk6qg31piwlc87-Dist-Zilla-6.015.tar.gz
  /nix/store/7nsnhy1ykad3agd5q6g8iaicvmxqyqs0-Term-Encoding-0.03.tar.gz
  /nix/store/fqby2181ffnic6y5g4x4j1am4fhppxpn-Module-Path-0.19.tar.gz
  /nix/store/k4lz5wmv336v12j216hwp07syc1p3503-Sub-Exporter-GlobExporter-0.005.tar.gz
  /nix/store/kb5vxbz90ycihhx7isapv4xszhqdza0j-Test-SubCalls-1.10.tar.gz
  /nix/store/mjlbvfswjpvr1asnm50wq5zgls55ir2m-Log-Dispatchouli-2.019.tar.gz
  /nix/store/nlpap4jzd8jq1l6y77zxyzsziiwbqc7s-PPI-1.270.tar.gz
  /nix/store/q4y5797cyfy1gpan77cnnhml2mlsxm33-MooseX-SetOnce-0.200002.tar.gz
  /nix/store/q6j662izwfnzh25cr9z8vmf3bvlbbkys-String-Flogger-1.101245.tar.gz
  /nix/store/qk1rx4l3nbq6p16h87mgd17bry08rlra-MooseX-Types-Perl-0.101343.tar.gz
  /nix/store/sc09hbgfp3hda5w14wcdplkpkxfsnvw1-Perl-PrereqScanner-1.023.tar.gz
  /nix/store/vgd02xg7fa3hvs23yvqnaavlyl5kbar4-MooseX-LazyRequire-0.11.tar.gz
  /nix/store/zvyrxlv8wnim7dw1c6dgm8cwljqzarnj-Test-Object-0.08.tar.gz
copying path '/nix/store/4ci29ms1zy0phzhzkhfk6qg31piwlc87-Dist-Zilla-6.015.tar.gz' from 'https://cache.nixos.org'...
copying path '/nix/store/mjlbvfswjpvr1asnm50wq5zgls55ir2m-Log-Dispatchouli-2.019.tar.gz' from 'https://cache.nixos.org'...
copying path '/nix/store/vgd02xg7fa3hvs23yvqnaavlyl5kbar4-MooseX-LazyRequire-0.11.tar.gz' from 'https://cache.nixos.org'...
copying path '/nix/store/q4y5797cyfy1gpan77cnnhml2mlsxm33-MooseX-SetOnce-0.200002.tar.gz' from 'https://cache.nixos.org'...
copying path '/nix/store/sc09hbgfp3hda5w14wcdplkpkxfsnvw1-Perl-PrereqScanner-1.023.tar.gz' from 'https://cache.nixos.org'...
copying path '/nix/store/7nsnhy1ykad3agd5q6g8iaicvmxqyqs0-Term-Encoding-0.03.tar.gz' from 'https://cache.nixos.org'...
copying path '/nix/store/qk1rx4l3nbq6p16h87mgd17bry08rlra-MooseX-Types-Perl-0.101343.tar.gz' from 'https://cache.nixos.org'...
copying path '/nix/store/fqby2181ffnic6y5g4x4j1am4fhppxpn-Module-Path-0.19.tar.gz' from 'https://cache.nixos.org'...
copying path '/nix/store/nlpap4jzd8jq1l6y77zxyzsziiwbqc7s-PPI-1.270.tar.gz' from 'https://cache.nixos.org'...
copying path '/nix/store/q6j662izwfnzh25cr9z8vmf3bvlbbkys-String-Flogger-1.101245.tar.gz' from 'https://cache.nixos.org'...
copying path '/nix/store/k4lz5wmv336v12j216hwp07syc1p3503-Sub-Exporter-GlobExporter-0.005.tar.gz' from 'https://cache.nixos.org'...
copying path '/nix/store/zvyrxlv8wnim7dw1c6dgm8cwljqzarnj-Test-Object-0.08.tar.gz' from 'https://cache.nixos.org'...
copying path '/nix/store/kb5vxbz90ycihhx7isapv4xszhqdza0j-Test-SubCalls-1.10.tar.gz' from 'https://cache.nixos.org'...
building '/nix/store/wv5d15pcdg436gck843nv97w5k9qljr9-perl5.32.0-Hook-LexWrap-0.26.drv'...
building '/nix/store/l51jiqsfbb6nlr0qhh95sqbymgvsk7lf-perl5.32.0-Module-Path-0.19.drv'...
unpacking sources
unpacking source archive /nix/store/3dm8g2fs9yvf2xnza067a4h2kdl48gv8-Hook-LexWrap-0.26.tar.gz
source root is Hook-LexWrap-0.26
building '/nix/store/601igjfzcwyrscsbip77pfvsdgqd96xc-perl5.32.0-MooseX-LazyRequire-0.11.drv'...
setting SOURCE_DATE_EPOCH to timestamp 1487828558 of file Hook-LexWrap-0.26/xt/release/minimum-version.t
patching sources
configuring
patching ./xt/release/changes_has_content.t...
patching ./xt/release/distmeta.t...
patching ./xt/release/minimum-version.t...
patching ./xt/author/pod-coverage.t...
patching ./xt/author/mojibake.t...
patching ./xt/author/pod-syntax.t...
patching ./xt/author/pod-no404s.t...
patching ./t/00-report-prereqs.t...
patching ./t/pod.t...
building '/nix/store/8z7y78vfp7i2agly1ydp4mi6s2zrsxr8-perl5.32.0-MooseX-SetOnce-0.200002.drv'...
unpacking sources
unpacking source archive /nix/store/fqby2181ffnic6y5g4x4j1am4fhppxpn-Module-Path-0.19.tar.gz
source root is Module-Path-0.19
setting SOURCE_DATE_EPOCH to timestamp 1426541022 of file Module-Path-0.19/t/03-mpath.t
patching sources
configuring
building '/nix/store/c3kqs0pyx8rig2jx34f3awpk39agha29-perl5.32.0-MooseX-Types-Perl-0.101343.drv'...
patching ./t/02-module-path.t...
building '/nix/store/dswfppd503kjc72qmvrwmmri217ii190-perl5.32.0-Sub-Exporter-GlobExporter-0.005.drv'...
patching ./t/03-mpath.t...
patching ./t/01-require.t...
building '/nix/store/rnpgall3m2p96n77247v2y009ryianry-perl5.32.0-Term-Encoding-0.03.drv'...
patching ./bin/mpath...
building '/nix/store/rvsfr4m49gjwzjflsd370pfgdicqvr1b-perl5.32.0-String-Flogger-1.101245.drv'...
Checking if your kit is complete...
Looks good
unpacking sources
unpacking source archive /nix/store/7nsnhy1ykad3agd5q6g8iaicvmxqyqs0-Term-Encoding-0.03.tar.gz
source root is Term-Encoding-0.03
unpacking sources
setting SOURCE_DATE_EPOCH to timestamp 1553235937 of file Term-Encoding-0.03/t/author-pod-syntax.t
unpacking source archive /nix/store/k4lz5wmv336v12j216hwp07syc1p3503-Sub-Exporter-GlobExporter-0.005.tar.gz
patching sources
configuring
Checking if your kit is complete...
patching ./t/author-pod-syntax.t...
source root is Sub-Exporter-GlobExporter-0.005
Looks good
Generating a Unix-style Makefile
Writing Makefile for Hook::LexWrap
unpacking sources
unpacking source archive /nix/store/vgd02xg7fa3hvs23yvqnaavlyl5kbar4-MooseX-LazyRequire-0.11.tar.gz
source root is MooseX-LazyRequire-0.11
setting SOURCE_DATE_EPOCH to timestamp 1446697628 of file Sub-Exporter-GlobExporter-0.005/xt/release/changes_has_content.t
setting SOURCE_DATE_EPOCH to timestamp 1408222161 of file MooseX-LazyRequire-0.11/xt/release/portability.t
patching sources
configuring
patching sources
configuring
unpacking sources
unpacking source archive /nix/store/q4y5797cyfy1gpan77cnnhml2mlsxm33-MooseX-SetOnce-0.200002.tar.gz
source root is MooseX-SetOnce-0.200002
patching ./xt/release/changes_has_content.t...
patching ./xt/author/pod-syntax.t...
setting SOURCE_DATE_EPOCH to timestamp 1380978660 of file MooseX-SetOnce-0.200002/xt/release/pod-syntax.t
patching sources
unpacking sources
unpacking source archive /nix/store/q6j662izwfnzh25cr9z8vmf3bvlbbkys-String-Flogger-1.101245.tar.gz
configuring
Generating a Unix-style Makefile
Writing Makefile for Module::Path
patching ./t/00-report-prereqs.t...
source root is String-Flogger-1.101245
patching ./xt/release/pod-coverage.t...
patching ./xt/release/mojibake.t...
setting SOURCE_DATE_EPOCH to timestamp 1407537825 of file String-Flogger-1.101245/xt/release/pod-syntax.t
Writing MYMETA.yml and MYMETA.json
patching sources
patching ./xt/release/pod-syntax.t...
configuring
patching ./xt/release/changes_has_content.t...
no configure script, doing nothing
building
build flags: SHELL=/nix/store/9fqwwd4iybmhjqyxiaxycknslw6bgwh1-bash-4.4-p23/bin/bash
patching ./xt/release/pod-syntax.t...
patching ./xt/release/pod-syntax.t...
patching ./xt/release/portability.t...
patching ./xt/release/changes_has_content.t...
patching ./xt/release/distmeta.t...
patching ./xt/release/pod-no404s.t...
unpacking sources
patching ./xt/release/changes_has_content.t...
unpacking source archive /nix/store/qk1rx4l3nbq6p16h87mgd17bry08rlra-MooseX-Types-Perl-0.101343.tar.gz
patching ./xt/release/cpan-changes.t...
patching ./xt/release/minimum-version.t...
source root is MooseX-Types-Perl-0.101343
patching ./t/synopsis.t...
setting SOURCE_DATE_EPOCH to timestamp 1391300490 of file MooseX-Types-Perl-0.101343/xt/release/pod-syntax.t
patching sources
configuring
Writing MYMETA.yml and MYMETA.json
Checking if your kit is complete...
patching ./t/00-report-prereqs.t...
patching ./t/basic.t...
no configure script, doing nothing
building
build flags: SHELL=/nix/store/9fqwwd4iybmhjqyxiaxycknslw6bgwh1-bash-4.4-p23/bin/bash
Looks good
patching ./xt/release/pod-syntax.t...
patching ./xt/release/changes_has_content.t...
Generating a Unix-style Makefile
Writing Makefile for Term::Encoding
Checking if your kit is complete...
Writing MYMETA.yml and MYMETA.json
Looks good
no configure script, doing nothing
building
build flags: SHELL=/nix/store/9fqwwd4iybmhjqyxiaxycknslw6bgwh1-bash-4.4-p23/bin/bash
Checking if your kit is complete...
Looks good
Checking if your kit is complete...
Looks good
Generating a Unix-style Makefile
Writing Makefile for Sub::Exporter::GlobExporter
Generating a Unix-style Makefile
Writing Makefile for String::Flogger
cp lib/Module/Path.pm blib/lib/Module/Path.pm
Checking if your kit is complete...
cp bin/mpath blib/script/mpath
"/nix/store/7c044di03qa7qgr5kjjc2d787aspzp0m-perl-5.32.0/bin/perl" -MExtUtils::MY -e 'MY->fixin(shift)' -- blib/script/mpath
Writing MYMETA.yml and MYMETA.json
no configure script, doing nothing
building
build flags: SHELL=/nix/store/9fqwwd4iybmhjqyxiaxycknslw6bgwh1-bash-4.4-p23/bin/bash
Looks good
Writing MYMETA.yml and MYMETA.json
no configure script, doing nothing
building
build flags: SHELL=/nix/store/9fqwwd4iybmhjqyxiaxycknslw6bgwh1-bash-4.4-p23/bin/bash
Generating a Unix-style Makefile
Writing Makefile for MooseX::SetOnce
Writing MYMETA.yml and MYMETA.json
no configure script, doing nothing
building
Congratulations, your toolchain understands 'configure_requires'!

build flags: SHELL=/nix/store/9fqwwd4iybmhjqyxiaxycknslw6bgwh1-bash-4.4-p23/bin/bash
Checking if your kit is complete...
Generating a Unix-style Makefile
Writing Makefile for MooseX::Types::Perl
Looks good
cp lib/Hook/LexWrap.pm blib/lib/Hook/LexWrap.pm
Writing MYMETA.yml and MYMETA.json
no configure script, doing nothing
building
build flags: SHELL=/nix/store/9fqwwd4iybmhjqyxiaxycknslw6bgwh1-bash-4.4-p23/bin/bash
Generating a Unix-style Makefile
Writing Makefile for MooseX::LazyRequire
Manifying 1 pod document
cp lib/Term/Encoding.pm blib/lib/Term/Encoding.pm
Manifying 1 pod document
running tests
check flags: SHELL=/nix/store/9fqwwd4iybmhjqyxiaxycknslw6bgwh1-bash-4.4-p23/bin/bash VERBOSE=y test
PERL_DL_NONLAZY=1 "/nix/store/7c044di03qa7qgr5kjjc2d787aspzp0m-perl-5.32.0/bin/perl" "-MExtUtils::Command::MM" "-MTest::Harness" "-e" "undef *Test::Harness::Switches; test_harness(0, 'blib/lib', 'blib/arch')" t/*.t
Writing MYMETA.yml and MYMETA.json
no configure script, doing nothing
building
Manifying 1 pod document
running tests
check flags: SHELL=/nix/store/9fqwwd4iybmhjqyxiaxycknslw6bgwh1-bash-4.4-p23/bin/bash VERBOSE=y test
PERL_DL_NONLAZY=1 "/nix/store/7c044di03qa7qgr5kjjc2d787aspzp0m-perl-5.32.0/bin/perl" "-MExtUtils::Command::MM" "-MTest::Harness" "-e" "undef *Test::Harness::Switches; test_harness(0, 'blib/lib', 'blib/arch')" t/*.t
Manifying 1 pod document
cp lib/Sub/Exporter/GlobExporter.pm blib/lib/Sub/Exporter/GlobExporter.pm
running tests
check flags: SHELL=/nix/store/9fqwwd4iybmhjqyxiaxycknslw6bgwh1-bash-4.4-p23/bin/bash VERBOSE=y test
PERL_DL_NONLAZY=1 "/nix/store/7c044di03qa7qgr5kjjc2d787aspzp0m-perl-5.32.0/bin/perl" "-MExtUtils::Command::MM" "-MTest::Harness" "-e" "undef *Test::Harness::Switches; test_harness(0, 'blib/lib', 'blib/arch')" t/*.t
cp lib/String/Flogger.pm blib/lib/String/Flogger.pm
Congratulations, your toolchain understands 'configure_requires'!

Manifying 1 pod document
running tests
check flags: SHELL=/nix/store/9fqwwd4iybmhjqyxiaxycknslw6bgwh1-bash-4.4-p23/bin/bash VERBOSE=y test
PERL_DL_NONLAZY=1 "/nix/store/7c044di03qa7qgr5kjjc2d787aspzp0m-perl-5.32.0/bin/perl" "-MExtUtils::Command::MM" "-MTest::Harness" "-e" "undef *Test::Harness::Switches; test_harness(0, 'blib/lib', 'blib/arch')" t/*.t
Manifying 1 pod document
Creating new 'Build' script for 'MooseX-LazyRequire' version '0.11'
running tests
check flags: SHELL=/nix/store/9fqwwd4iybmhjqyxiaxycknslw6bgwh1-bash-4.4-p23/bin/bash VERBOSE=y test
PERL_DL_NONLAZY=1 "/nix/store/7c044di03qa7qgr5kjjc2d787aspzp0m-perl-5.32.0/bin/perl" "-MExtUtils::Command::MM" "-MTest::Harness" "-e" "undef *Test::Harness::Switches; test_harness(0, 'blib/lib', 'blib/arch')" t/*.t
t/01-require.t ...... ok
t/00_compile.t ......... ok
t/00-report-prereqs.t .. #
# Versions for all modules listed in MYMETA.json (including optional ones):
#
# === Configure Requires ===
#
#     Module              Want Have
#     ------------------- ---- ----
#     ExtUtils::MakeMaker  any 7.44
#
# === Build Requires ===
#
#     Module              Want Have
#     ------------------- ---- ----
#     ExtUtils::MakeMaker  any 7.44
#
# === Test Requires ===
#
#     Module              Want     Have
#     ------------------- ---- --------
#     ExtUtils::MakeMaker  any     7.44
#     File::Spec           any     3.78
#     Test::More           any 1.302175
#
# === Test Recommends ===
#
#     Module         Want     Have
#     ---------- -------- --------
#     CPAN::Meta 2.120900 2.150010
#
# === Runtime Requires ===
#
#     Module   Want Have
#     -------- ---- ----
#     Carp      any 1.50
#     overload  any 1.31
#     strict    any 1.11
#     warnings  any 1.47
#
# === Other Modules ===
#
#     Module           Have
#     ------------- -------
#     JSON::PP         4.04
#     Pod::Coverage missing
#     Sub::Name     missing
#     YAML          missing
#     autodie          2.32
#
t/00-report-prereqs.t .. ok
t/01_dev.t ............. ok
cp lib/MooseX/SetOnce.pm blib/lib/MooseX/SetOnce.pm
t/02-module-path.t .. ok
t/example1.t ........... ok
t/02_env.t ............. ok
t/author-pod-syntax.t .. skipped: these tests are for testing by the author
All tests successful.
Files=4, Tests=8,  0 wallclock secs ( 0.04 usr  0.01 sys +  0.25 cusr  0.03 csys =  0.33 CPU)
Result: PASS
installing
t/000-report-versions-tiny.t .. #
install flags: SHELL=/nix/store/9fqwwd4iybmhjqyxiaxycknslw6bgwh1-bash-4.4-p23/bin/bash pkgconfigdir=/nix/store/v3bk7sc3i3awpf68jgnkdxalv65p0dpl-perl5.32.0-Term-Encoding-0.03/lib/pkgconfig m4datadir=/nix/store/v3bk7sc3i3awpf68jgnkdxalv65p0dpl-perl5.32.0-Term-Encoding-0.03/share/aclocal aclocaldir=/nix/store/v3bk7sc3i3awpf68jgnkdxalv65p0dpl-perl5.32.0-Term-Encoding-0.03/share/aclocal install
cp lib/MooseX/Types/Perl.pm blib/lib/MooseX/Types/Perl.pm
Manifying 1 pod document
t/pod.t ................ skipped: Test::Pod 1.14 required for testing POD
cp lib/MooseX/LazyRequire.pm blib/lib/MooseX/LazyRequire.pm
cp lib/MooseX/LazyRequire/Meta/Attribute/Trait/LazyRequire.pm blib/lib/MooseX/LazyRequire/Meta/Attribute/Trait/LazyRequire.pm
running tests
check flags: SHELL=/nix/store/9fqwwd4iybmhjqyxiaxycknslw6bgwh1-bash-4.4-p23/bin/bash VERBOSE=y test
t/test.t ............... ok
All tests successful.
Files=4, Tests=57,  1 wallclock secs ( 0.04 usr  0.01 sys +  0.50 cusr  0.06 csys =  0.61 CPU)
Result: PASS
installing
install flags: SHELL=/nix/store/9fqwwd4iybmhjqyxiaxycknslw6bgwh1-bash-4.4-p23/bin/bash pkgconfigdir=/nix/store/g3bp7vk9mmzyvhb7i2qmgx1n1xjrnkpr-perl5.32.0-Hook-LexWrap-0.26/lib/pkgconfig m4datadir=/nix/store/g3bp7vk9mmzyvhb7i2qmgx1n1xjrnkpr-perl5.32.0-Hook-LexWrap-0.26/share/aclocal aclocaldir=/nix/store/g3bp7vk9mmzyvhb7i2qmgx1n1xjrnkpr-perl5.32.0-Hook-LexWrap-0.26/share/aclocal install
PERL_DL_NONLAZY=1 "/nix/store/7c044di03qa7qgr5kjjc2d787aspzp0m-perl-5.32.0/bin/perl" "-MExtUtils::Command::MM" "-MTest::Harness" "-e" "undef *Test::Harness::Switches; test_harness(0, 'blib/lib', 'blib/arch')" t/*.t
running tests
#
# Generated by Dist::Zilla::Plugin::ReportVersions::Tiny v1.10
# perl: 5.032000 (wanted any version) on linux from /nix/store/7c044di03qa7qgr5kjjc2d787aspzp0m-perl-5.32.0/bin/perl
#
# ExtUtils::MakeMaker                           => 7.44       (want any version)
# JSON::MaybeXS                                 => 1.004002   (want any version)
# Params::Util                                  => 1.07       (want any version)
# Scalar::Util                                  => 1.55       (want any version)
# Sub::Exporter                                 => 0.987      (want any version)
# Sub::Exporter::Util                           => 0.987      (want any version)
# Test::More                                    => 1.302175   (want 0.96)
# strict                                        => 1.11       (want any version)
# warnings                                      => 1.47       (want any version)
#
# Thanks for using my code.  I hope it works for you.
# If not, please try and include this output in the bug report.
# That will help me reproduce the issue and solve your problem.
#
t/000-report-versions-tiny.t .. ok
Manifying 1 pod document
t/00-report-prereqs.t .. #
# Versions for all modules listed in MYMETA.json (including optional ones):
#
# === Configure Requires ===
#
#     Module              Want Have
#     ------------------- ---- ----
#     ExtUtils::MakeMaker  any 7.44
#
# === Build Requires ===
#
#     Module              Want Have
#     ------------------- ---- ----
#     ExtUtils::MakeMaker  any 7.44
#
# === Test Requires ===
#
#     Module              Want     Have
#     ------------------- ---- --------
#     ExtUtils::MakeMaker  any     7.44
#     File::Spec           any     3.78
#     Test::More          0.96 1.302175
#     lib                  any     0.65
#
# === Test Recommends ===
#
#     Module         Want     Have
#     ---------- -------- --------
#     CPAN::Meta 2.120900 2.150010
#
# === Runtime Requires ===
#
#     Module        Want  Have
#     ------------- ---- -----
#     Scalar::Util   any  1.55
#     Sub::Exporter  any 0.987
#     strict         any  1.11
#     warnings       any  1.47
#
t/00-report-prereqs.t .. ok
Manifying 1 pod document
Manifying 1 pod document
running tests
check flags: SHELL=/nix/store/9fqwwd4iybmhjqyxiaxycknslw6bgwh1-bash-4.4-p23/bin/bash VERBOSE=y test
Installing /nix/store/g3bp7vk9mmzyvhb7i2qmgx1n1xjrnkpr-perl5.32.0-Hook-LexWrap-0.26/lib/perl5/site_perl/5.32.0/Hook/LexWrap.pm
Installing /nix/store/g3bp7vk9mmzyvhb7i2qmgx1n1xjrnkpr-perl5.32.0-Hook-LexWrap-0.26/share/man/man3/Hook::LexWrap.3
PERL_DL_NONLAZY=1 "/nix/store/7c044di03qa7qgr5kjjc2d787aspzp0m-perl-5.32.0/bin/perl" "-MExtUtils::Command::MM" "-MTest::Harness" "-e" "undef *Test::Harness::Switches; test_harness(0, 'blib/lib', 'blib/arch')" t/*.t
Appending installation info to /nix/store/g3bp7vk9mmzyvhb7i2qmgx1n1xjrnkpr-perl5.32.0-Hook-LexWrap-0.26/lib/perl5/5.32.0/x86_64-linux-thread-multi/perllocal.pod
Installing /nix/store/v3bk7sc3i3awpf68jgnkdxalv65p0dpl-perl5.32.0-Term-Encoding-0.03/lib/perl5/site_perl/5.32.0/Term/Encoding.pm
Installing /nix/store/v3bk7sc3i3awpf68jgnkdxalv65p0dpl-perl5.32.0-Term-Encoding-0.03/share/man/man3/Term::Encoding.3
t/export.t ............. ok
All tests successful.
Files=2, Tests=12,  0 wallclock secs ( 0.04 usr  0.02 sys +  0.40 cusr  0.11 csys =  0.57 CPU)
Result: PASS
installing
install flags: SHELL=/nix/store/9fqwwd4iybmhjqyxiaxycknslw6bgwh1-bash-4.4-p23/bin/bash pkgconfigdir=/nix/store/nawvda8k43bja3g5aplk2ndhksflq1p3-perl5.32.0-Sub-Exporter-GlobExporter-0.005/lib/pkgconfig m4datadir=/nix/store/nawvda8k43bja3g5aplk2ndhksflq1p3-perl5.32.0-Sub-Exporter-GlobExporter-0.005/share/aclocal aclocaldir=/nix/store/nawvda8k43bja3g5aplk2ndhksflq1p3-perl5.32.0-Sub-Exporter-GlobExporter-0.005/share/aclocal install
Appending installation info to /nix/store/v3bk7sc3i3awpf68jgnkdxalv65p0dpl-perl5.32.0-Term-Encoding-0.03/lib/perl5/5.32.0/x86_64-linux-thread-multi/perllocal.pod
t/basic.t ..................... ok
post-installation fixup
Moving /nix/store/g3bp7vk9mmzyvhb7i2qmgx1n1xjrnkpr-perl5.32.0-Hook-LexWrap-0.26/share/man/man3 to /nix/store/1g03vf1k3prspbp9hh5r00x9ijx86sis-perl5.32.0-Hook-LexWrap-0.26-devdoc/share/man/man3
Removing empty /nix/store/g3bp7vk9mmzyvhb7i2qmgx1n1xjrnkpr-perl5.32.0-Hook-LexWrap-0.26/share/man/ and (possibly) its parents
shrinking RPATHs of ELF executables and libraries in /nix/store/g3bp7vk9mmzyvhb7i2qmgx1n1xjrnkpr-perl5.32.0-Hook-LexWrap-0.26
strip is /nix/store/psyzbhp4p088sb9qcs378hfbslcalasl-binutils-2.31.1/bin/strip
stripping (with command strip and flags -S) in /nix/store/g3bp7vk9mmzyvhb7i2qmgx1n1xjrnkpr-perl5.32.0-Hook-LexWrap-0.26/lib
post-installation fixup
Moving /nix/store/v3bk7sc3i3awpf68jgnkdxalv65p0dpl-perl5.32.0-Term-Encoding-0.03/share/man/man3 to /nix/store/lnw90yga7hshcjwwah721hqwj4whzvd8-perl5.32.0-Term-Encoding-0.03-devdoc/share/man/man3
Removing empty /nix/store/v3bk7sc3i3awpf68jgnkdxalv65p0dpl-perl5.32.0-Term-Encoding-0.03/share/man/ and (possibly) its parents
patching script interpreter paths in /nix/store/g3bp7vk9mmzyvhb7i2qmgx1n1xjrnkpr-perl5.32.0-Hook-LexWrap-0.26
shrinking RPATHs of ELF executables and libraries in /nix/store/v3bk7sc3i3awpf68jgnkdxalv65p0dpl-perl5.32.0-Term-Encoding-0.03
checking for references to /build/ in /nix/store/g3bp7vk9mmzyvhb7i2qmgx1n1xjrnkpr-perl5.32.0-Hook-LexWrap-0.26...
shrinking RPATHs of ELF executables and libraries in /nix/store/1g03vf1k3prspbp9hh5r00x9ijx86sis-perl5.32.0-Hook-LexWrap-0.26-devdoc
gzipping man pages under /nix/store/1g03vf1k3prspbp9hh5r00x9ijx86sis-perl5.32.0-Hook-LexWrap-0.26-devdoc/share/man/
strip is /nix/store/psyzbhp4p088sb9qcs378hfbslcalasl-binutils-2.31.1/bin/strip
stripping (with command strip and flags -S) in /nix/store/v3bk7sc3i3awpf68jgnkdxalv65p0dpl-perl5.32.0-Term-Encoding-0.03/lib
strip is /nix/store/psyzbhp4p088sb9qcs378hfbslcalasl-binutils-2.31.1/bin/strip
patching script interpreter paths in /nix/store/v3bk7sc3i3awpf68jgnkdxalv65p0dpl-perl5.32.0-Term-Encoding-0.03
patching script interpreter paths in /nix/store/1g03vf1k3prspbp9hh5r00x9ijx86sis-perl5.32.0-Hook-LexWrap-0.26-devdoc
checking for references to /build/ in /nix/store/v3bk7sc3i3awpf68jgnkdxalv65p0dpl-perl5.32.0-Term-Encoding-0.03...
checking for references to /build/ in /nix/store/1g03vf1k3prspbp9hh5r00x9ijx86sis-perl5.32.0-Hook-LexWrap-0.26-devdoc...
shrinking RPATHs of ELF executables and libraries in /nix/store/lnw90yga7hshcjwwah721hqwj4whzvd8-perl5.32.0-Term-Encoding-0.03-devdoc
gzipping man pages under /nix/store/lnw90yga7hshcjwwah721hqwj4whzvd8-perl5.32.0-Term-Encoding-0.03-devdoc/share/man/
strip is /nix/store/psyzbhp4p088sb9qcs378hfbslcalasl-binutils-2.31.1/bin/strip
patching script interpreter paths in /nix/store/lnw90yga7hshcjwwah721hqwj4whzvd8-perl5.32.0-Term-Encoding-0.03-devdoc
Manifying 1 pod document
checking for references to /build/ in /nix/store/lnw90yga7hshcjwwah721hqwj4whzvd8-perl5.32.0-Term-Encoding-0.03-devdoc...
building '/nix/store/lmqdyvhl95i4hz4fnxjg7k47yx51dxwa-perl5.32.0-Test-Object-0.08.drv'...
building '/nix/store/2381vks0b52hy138ksx8165mlgc8vjs5-perl5.32.0-Test-SubCalls-1.10.drv'...
t/synopsis.t .................. ok
All tests successful.
Files=3, Tests=12,  1 wallclock secs ( 0.04 usr  0.01 sys +  0.49 cusr  0.18 csys =  0.72 CPU)
Result: PASS
Installing /nix/store/nawvda8k43bja3g5aplk2ndhksflq1p3-perl5.32.0-Sub-Exporter-GlobExporter-0.005/lib/perl5/site_perl/5.32.0/Sub/Exporter/GlobExporter.pm
Installing /nix/store/nawvda8k43bja3g5aplk2ndhksflq1p3-perl5.32.0-Sub-Exporter-GlobExporter-0.005/share/man/man3/Sub::Exporter::GlobExporter.3
installing
install flags: SHELL=/nix/store/9fqwwd4iybmhjqyxiaxycknslw6bgwh1-bash-4.4-p23/bin/bash pkgconfigdir=/nix/store/r80ykyjnx5amq36xgnsv39n39z4kvl6g-perl5.32.0-String-Flogger-1.101245/lib/pkgconfig m4datadir=/nix/store/r80ykyjnx5amq36xgnsv39n39z4kvl6g-perl5.32.0-String-Flogger-1.101245/share/aclocal aclocaldir=/nix/store/r80ykyjnx5amq36xgnsv39n39z4kvl6g-perl5.32.0-String-Flogger-1.101245/share/aclocal install
Appending installation info to /nix/store/nawvda8k43bja3g5aplk2ndhksflq1p3-perl5.32.0-Sub-Exporter-GlobExporter-0.005/lib/perl5/5.32.0/x86_64-linux-thread-multi/perllocal.pod
unpacking sources
unpacking source archive /nix/store/zvyrxlv8wnim7dw1c6dgm8cwljqzarnj-Test-Object-0.08.tar.gz
source root is Test-Object-0.08
setting SOURCE_DATE_EPOCH to timestamp 1514063857 of file Test-Object-0.08/xt/release/minimum-version.t
post-installation fixup
unpacking sources
unpacking source archive /nix/store/kb5vxbz90ycihhx7isapv4xszhqdza0j-Test-SubCalls-1.10.tar.gz
Moving /nix/store/nawvda8k43bja3g5aplk2ndhksflq1p3-perl5.32.0-Sub-Exporter-GlobExporter-0.005/share/man/man3 to /nix/store/fldhrqps5s2j739lmfz9jivsmd02ix8m-perl5.32.0-Sub-Exporter-GlobExporter-0.005-devdoc/share/man/man3
source root is Test-SubCalls-1.10
patching sources
configuring
setting SOURCE_DATE_EPOCH to timestamp 1514064570 of file Test-SubCalls-1.10/xt/release/minimum-version.t
patching sources
configuring
patching ./xt/release/distmeta.t...
patching ./xt/release/minimum-version.t...
Removing empty /nix/store/nawvda8k43bja3g5aplk2ndhksflq1p3-perl5.32.0-Sub-Exporter-GlobExporter-0.005/share/man/ and (possibly) its parents
shrinking RPATHs of ELF executables and libraries in /nix/store/nawvda8k43bja3g5aplk2ndhksflq1p3-perl5.32.0-Sub-Exporter-GlobExporter-0.005
strip is /nix/store/psyzbhp4p088sb9qcs378hfbslcalasl-binutils-2.31.1/bin/strip
stripping (with command strip and flags -S) in /nix/store/nawvda8k43bja3g5aplk2ndhksflq1p3-perl5.32.0-Sub-Exporter-GlobExporter-0.005/lib
patching ./xt/author/mojibake.t...
patching ./xt/author/pod-syntax.t...
t/03-mpath.t ........ ok
All tests successful.
Files=3, Tests=18,  1 wallclock secs ( 0.03 usr  0.01 sys +  0.83 cusr  0.19 csys =  1.06 CPU)
Result: PASS
installing
Manifying 1 pod document
patching script interpreter paths in /nix/store/nawvda8k43bja3g5aplk2ndhksflq1p3-perl5.32.0-Sub-Exporter-GlobExporter-0.005
install flags: SHELL=/nix/store/9fqwwd4iybmhjqyxiaxycknslw6bgwh1-bash-4.4-p23/bin/bash pkgconfigdir=/nix/store/39xlg4rjk1qi4fzb0wrq81ra12v2a119-perl5.32.0-Module-Path-0.19/lib/pkgconfig m4datadir=/nix/store/39xlg4rjk1qi4fzb0wrq81ra12v2a119-perl5.32.0-Module-Path-0.19/share/aclocal aclocaldir=/nix/store/39xlg4rjk1qi4fzb0wrq81ra12v2a119-perl5.32.0-Module-Path-0.19/share/aclocal install
patching ./xt/author/pod-no404s.t...
patching ./xt/release/distmeta.t...
patching ./t/00-report-prereqs.t...
patching ./t/02_simple.t...
patching ./xt/release/minimum-version.t...
patching ./t/01_compile.t...
patching ./xt/author/pod-coverage.t...
checking for references to /build/ in /nix/store/nawvda8k43bja3g5aplk2ndhksflq1p3-perl5.32.0-Sub-Exporter-GlobExporter-0.005...
shrinking RPATHs of ELF executables and libraries in /nix/store/fldhrqps5s2j739lmfz9jivsmd02ix8m-perl5.32.0-Sub-Exporter-GlobExporter-0.005-devdoc
gzipping man pages under /nix/store/fldhrqps5s2j739lmfz9jivsmd02ix8m-perl5.32.0-Sub-Exporter-GlobExporter-0.005-devdoc/share/man/
patching ./xt/author/mojibake.t...
patching ./xt/author/pod-syntax.t...
strip is /nix/store/psyzbhp4p088sb9qcs378hfbslcalasl-binutils-2.31.1/bin/strip
patching script interpreter paths in /nix/store/fldhrqps5s2j739lmfz9jivsmd02ix8m-perl5.32.0-Sub-Exporter-GlobExporter-0.005-devdoc
checking for references to /build/ in /nix/store/fldhrqps5s2j739lmfz9jivsmd02ix8m-perl5.32.0-Sub-Exporter-GlobExporter-0.005-devdoc...
Installing /nix/store/r80ykyjnx5amq36xgnsv39n39z4kvl6g-perl5.32.0-String-Flogger-1.101245/lib/perl5/site_perl/5.32.0/String/Flogger.pm
Installing /nix/store/r80ykyjnx5amq36xgnsv39n39z4kvl6g-perl5.32.0-String-Flogger-1.101245/share/man/man3/String::Flogger.3
patching ./xt/author/pod-no404s.t...
t/000-report-versions-tiny.t .. #
Appending installation info to /nix/store/r80ykyjnx5amq36xgnsv39n39z4kvl6g-perl5.32.0-String-Flogger-1.101245/lib/perl5/5.32.0/x86_64-linux-thread-multi/perllocal.pod
patching ./t/00-report-prereqs.t...
patching ./t/01_compile.t...
patching ./t/02_main.t...
Manifying 1 pod document
post-installation fixup
Moving /nix/store/r80ykyjnx5amq36xgnsv39n39z4kvl6g-perl5.32.0-String-Flogger-1.101245/share/man/man3 to /nix/store/csijn5k3sfpr3582ld0rvgvhi7cc83yi-perl5.32.0-String-Flogger-1.101245-devdoc/share/man/man3
Removing empty /nix/store/r80ykyjnx5amq36xgnsv39n39z4kvl6g-perl5.32.0-String-Flogger-1.101245/share/man/ and (possibly) its parents
shrinking RPATHs of ELF executables and libraries in /nix/store/r80ykyjnx5amq36xgnsv39n39z4kvl6g-perl5.32.0-String-Flogger-1.101245
strip is /nix/store/psyzbhp4p088sb9qcs378hfbslcalasl-binutils-2.31.1/bin/strip
stripping (with command strip and flags -S) in /nix/store/r80ykyjnx5amq36xgnsv39n39z4kvl6g-perl5.32.0-String-Flogger-1.101245/lib
Checking if your kit is complete...
patching script interpreter paths in /nix/store/r80ykyjnx5amq36xgnsv39n39z4kvl6g-perl5.32.0-String-Flogger-1.101245
t/00-compile.t ................ ok
Manifying 1 pod document
checking for references to /build/ in /nix/store/r80ykyjnx5amq36xgnsv39n39z4kvl6g-perl5.32.0-String-Flogger-1.101245...
Looks good
shrinking RPATHs of ELF executables and libraries in /nix/store/csijn5k3sfpr3582ld0rvgvhi7cc83yi-perl5.32.0-String-Flogger-1.101245-devdoc
gzipping man pages under /nix/store/csijn5k3sfpr3582ld0rvgvhi7cc83yi-perl5.32.0-String-Flogger-1.101245-devdoc/share/man/
strip is /nix/store/psyzbhp4p088sb9qcs378hfbslcalasl-binutils-2.31.1/bin/strip
patching script interpreter paths in /nix/store/csijn5k3sfpr3582ld0rvgvhi7cc83yi-perl5.32.0-String-Flogger-1.101245-devdoc
checking for references to /build/ in /nix/store/csijn5k3sfpr3582ld0rvgvhi7cc83yi-perl5.32.0-String-Flogger-1.101245-devdoc...
Checking if your kit is complete...
building '/nix/store/m3382wkg5lhfjj6rc1b0mja2wf4xrysp-perl5.32.0-Log-Dispatchouli-2.019.drv'...
Installing /nix/store/39xlg4rjk1qi4fzb0wrq81ra12v2a119-perl5.32.0-Module-Path-0.19/lib/perl5/site_perl/5.32.0/Module/Path.pm
Installing /nix/store/39xlg4rjk1qi4fzb0wrq81ra12v2a119-perl5.32.0-Module-Path-0.19/share/man/man1/mpath.1
Installing /nix/store/39xlg4rjk1qi4fzb0wrq81ra12v2a119-perl5.32.0-Module-Path-0.19/share/man/man3/Module::Path.3
Installing /nix/store/39xlg4rjk1qi4fzb0wrq81ra12v2a119-perl5.32.0-Module-Path-0.19/bin/mpath
Appending installation info to /nix/store/39xlg4rjk1qi4fzb0wrq81ra12v2a119-perl5.32.0-Module-Path-0.19/lib/perl5/5.32.0/x86_64-linux-thread-multi/perllocal.pod
Generating a Unix-style Makefile
Writing Makefile for Test::Object
Looks good
post-installation fixup
Moving /nix/store/39xlg4rjk1qi4fzb0wrq81ra12v2a119-perl5.32.0-Module-Path-0.19/share/man/man3 to /nix/store/ywb5w3dv9lx9llnhhp8kfrgkqx6jjyw4-perl5.32.0-Module-Path-0.19-devdoc/share/man/man3
rmdir: failed to remove '/nix/store/39xlg4rjk1qi4fzb0wrq81ra12v2a119-perl5.32.0-Module-Path-0.19/share/man': Directory not empty
shrinking RPATHs of ELF executables and libraries in /nix/store/39xlg4rjk1qi4fzb0wrq81ra12v2a119-perl5.32.0-Module-Path-0.19
Generating a Unix-style Makefile
Writing Makefile for Test::SubCalls
gzipping man pages under /nix/store/39xlg4rjk1qi4fzb0wrq81ra12v2a119-perl5.32.0-Module-Path-0.19/share/man/
strip is /nix/store/psyzbhp4p088sb9qcs378hfbslcalasl-binutils-2.31.1/bin/strip
stripping (with command strip and flags -S) in /nix/store/39xlg4rjk1qi4fzb0wrq81ra12v2a119-perl5.32.0-Module-Path-0.19/lib  /nix/store/39xlg4rjk1qi4fzb0wrq81ra12v2a119-perl5.32.0-Module-Path-0.19/bin
patching script interpreter paths in /nix/store/39xlg4rjk1qi4fzb0wrq81ra12v2a119-perl5.32.0-Module-Path-0.19
checking for references to /build/ in /nix/store/39xlg4rjk1qi4fzb0wrq81ra12v2a119-perl5.32.0-Module-Path-0.19...
Writing MYMETA.yml and MYMETA.json
no configure script, doing nothing
shrinking RPATHs of ELF executables and libraries in /nix/store/ywb5w3dv9lx9llnhhp8kfrgkqx6jjyw4-perl5.32.0-Module-Path-0.19-devdoc
building
build flags: SHELL=/nix/store/9fqwwd4iybmhjqyxiaxycknslw6bgwh1-bash-4.4-p23/bin/bash
gzipping man pages under /nix/store/ywb5w3dv9lx9llnhhp8kfrgkqx6jjyw4-perl5.32.0-Module-Path-0.19-devdoc/share/man/
t/000-report-versions-tiny.t .. #
strip is /nix/store/psyzbhp4p088sb9qcs378hfbslcalasl-binutils-2.31.1/bin/strip
patching script interpreter paths in /nix/store/ywb5w3dv9lx9llnhhp8kfrgkqx6jjyw4-perl5.32.0-Module-Path-0.19-devdoc
checking for references to /build/ in /nix/store/ywb5w3dv9lx9llnhhp8kfrgkqx6jjyw4-perl5.32.0-Module-Path-0.19-devdoc...
Writing MYMETA.yml and MYMETA.json
no configure script, doing nothing
building
build flags: SHELL=/nix/store/9fqwwd4iybmhjqyxiaxycknslw6bgwh1-bash-4.4-p23/bin/bash
#
# Generated by Dist::Zilla::Plugin::ReportVersions::Tiny v1.10
# perl: 5.032000 (wanted any version) on linux from /nix/store/7c044di03qa7qgr5kjjc2d787aspzp0m-perl-5.32.0/bin/perl
#
# ExtUtils::MakeMaker                           => 7.44       (want 6.30)
# MooseX::Types                                 => 0.50       (want any version)
# MooseX::Types::Moose                          => 0.50       (want any version)
# Params::Util                                  => 1.07       (want any version)
# Test::More                                    => 1.302175   (want 0.96)
# charnames                                     => 1.48       (want any version)
# strict                                        => 1.11       (want any version)
# version                                       => 0.9924     (want 0.82)
# warnings                                      => 1.47       (want any version)
#
# Thanks for using my code.  I hope it works for you.
# If not, please try and include this output in the bug report.
# That will help me reproduce the issue and solve your problem.
#
t/000-report-versions-tiny.t .. ok
unpacking sources
unpacking source archive /nix/store/mjlbvfswjpvr1asnm50wq5zgls55ir2m-Log-Dispatchouli-2.019.tar.gz
source root is Log-Dispatchouli-2.019
setting SOURCE_DATE_EPOCH to timestamp 1564258413 of file Log-Dispatchouli-2.019/xt/release/changes_has_content.t
patching sources
configuring
patching ./xt/author/pod-syntax.t...
patching ./t/00-report-prereqs.t...
patching ./t/env-value.t...
cp lib/Test/Object.pm blib/lib/Test/Object.pm
cp lib/Test/Object/Test.pm blib/lib/Test/Object/Test.pm
t/00-report-prereqs.t .... #
# Versions for all modules listed in MYMETA.json (including optional ones):
#
# === Configure Requires ===
#
#     Module               Want  Have
#     ------------------- ----- -----
#     ExtUtils::MakeMaker   any  7.44
#     Module::Build::Tiny 0.037 0.039
#
# === Test Requires ===
#
#     Module              Want     Have
#     ------------------- ---- --------
#     ExtUtils::MakeMaker  any     7.44
#     File::Spec           any     3.78
#     Test::Fatal          any    0.014
#     Test::More          0.88 1.302175
#     strict               any     1.11
#     warnings             any     1.47
#
# === Test Recommends ===
#
#     Module         Want     Have
#     ---------- -------- --------
#     CPAN::Meta 2.120900 2.150010
#
# === Runtime Requires ===
#
#     Module               Want   Have
#     -------------------- ---- ------
#     Carp                  any   1.50
#     Moose                0.94 2.2012
#     Moose::Exporter       any 2.2012
#     Moose::Role           any 2.2012
#     aliased              0.30   0.34
#     namespace::autoclean  any   0.29
#
# === Other Modules ===
#
#     Module               Want Have
#     -------------------- ---- ----
#     Dist::CheckConflicts  any 0.11
#
cp lib/Test/SubCalls.pm blib/lib/Test/SubCalls.pm
t/00-report-prereqs.t .... ok
Manifying 1 pod document
running tests
check flags: SHELL=/nix/store/9fqwwd4iybmhjqyxiaxycknslw6bgwh1-bash-4.4-p23/bin/bash VERBOSE=y test
PERL_DL_NONLAZY=1 "/nix/store/7c044di03qa7qgr5kjjc2d787aspzp0m-perl-5.32.0/bin/perl" "-MExtUtils::Command::MM" "-MTest::Harness" "-e" "undef *Test::Harness::Switches; test_harness(0, 'blib/lib', 'blib/arch')" t/*.t
#
# Generated by Dist::Zilla::Plugin::ReportVersions::Tiny v1.10
# perl: 5.032000 (wanted any version) on linux from /nix/store/7c044di03qa7qgr5kjjc2d787aspzp0m-perl-5.32.0/bin/perl
#
# ExtUtils::MakeMaker                           => 7.44       (want 6.30)
# File::Spec                                    => 3.78       (want any version)
# IO::Handle                                    => 1.42       (want any version)
# IPC::Open3                                    => 1.21       (want any version)
# Moose                                         => 2.2012     (want any version)
# Moose::Role                                   => 2.2012     (want 0.90)
# Test::Fatal                                   => 0.014      (want any version)
# Test::Moose                                   => 2.2012     (want any version)
# Test::More                                    => 1.302175   (want 0.96)
# lib                                           => 0.65       (want any version)
# strict                                        => 1.11       (want any version)
# warnings                                      => 1.47       (want any version)
#
# Thanks for using my code.  I hope it works for you.
# If not, please try and include this output in the bug report.
# That will help me reproduce the issue and solve your problem.
#
t/000-report-versions-tiny.t .. ok
Manifying 1 pod document
running tests
check flags: SHELL=/nix/store/9fqwwd4iybmhjqyxiaxycknslw6bgwh1-bash-4.4-p23/bin/bash VERBOSE=y test
PERL_DL_NONLAZY=1 "/nix/store/7c044di03qa7qgr5kjjc2d787aspzp0m-perl-5.32.0/bin/perl" "-MExtUtils::Command::MM" "-MTest::Harness" "-e" "undef *Test::Harness::Switches; test_harness(0, 'blib/lib', 'blib/arch')" t/*.t
Checking if your kit is complete...
Looks good
Generating a Unix-style Makefile
Writing Makefile for Log::Dispatchouli
Writing MYMETA.yml and MYMETA.json
no configure script, doing nothing
building
build flags: SHELL=/nix/store/9fqwwd4iybmhjqyxiaxycknslw6bgwh1-bash-4.4-p23/bin/bash
t/basic.t ..................... ok
All tests successful.
Files=2, Tests=12,  2 wallclock secs ( 0.06 usr  0.05 sys +  0.96 cusr  0.45 csys =  1.52 CPU)
Result: PASS
installing
install flags: SHELL=/nix/store/9fqwwd4iybmhjqyxiaxycknslw6bgwh1-bash-4.4-p23/bin/bash pkgconfigdir=/nix/store/xg4bvfv12zwjbarc8d39ngpmc5bwdfln-perl5.32.0-MooseX-Types-Perl-0.101343/lib/pkgconfig m4datadir=/nix/store/xg4bvfv12zwjbarc8d39ngpmc5bwdfln-perl5.32.0-MooseX-Types-Perl-0.101343/share/aclocal aclocaldir=/nix/store/xg4bvfv12zwjbarc8d39ngpmc5bwdfln-perl5.32.0-MooseX-Types-Perl-0.101343/share/aclocal install
t/00-report-prereqs.t .. #
# Versions for all modules listed in MYMETA.json (including optional ones):
#
# === Configure Requires ===
#
#     Module              Want Have
#     ------------------- ---- ----
#     ExtUtils::MakeMaker  any 7.44
#
# === Build Requires ===
#
#     Module              Want Have
#     ------------------- ---- ----
#     ExtUtils::MakeMaker  any 7.44
#
# === Test Requires ===
#
#     Module                Want     Have
#     --------------------- ---- --------
#     ExtUtils::MakeMaker    any     7.44
#     File::Spec             any     3.78
#     File::Spec::Functions  any     3.78
#     FindBin                any     1.51
#     Test::Builder::Tester  any 1.302175
#     Test::More             any 1.302175
#     lib                    any     0.65
#     warnings               any     1.47
#
# === Test Recommends ===
#
#     Module         Want     Have
#     ---------- -------- --------
#     CPAN::Meta 2.120900 2.150010
#
# === Runtime Requires ===
#
#     Module       Want     Have
#     ------------ ---- --------
#     Carp          any     1.50
#     Exporter      any     5.74
#     Scalar::Util 1.16     1.55
#     Test::More    any 1.302175
#     overload      any     1.31
#     strict        any     1.11
#     vars          any     1.05
#
# === Other Modules ===
#
#     Module       Have
#     --------- -------
#     JSON::PP     4.04
#     Sub::Name missing
#     YAML      missing
#     autodie      2.32
#
t/00-report-prereqs.t .. ok
t/00-report-prereqs.t .. #
# Versions for all modules listed in MYMETA.json (including optional ones):
#
# === Configure Requires ===
#
#     Module              Want Have
#     ------------------- ---- ----
#     ExtUtils::MakeMaker  any 7.44
#
# === Build Requires ===
#
#     Module              Want Have
#     ------------------- ---- ----
#     ExtUtils::MakeMaker  any 7.44
#
# === Test Requires ===
#
#     Module                Want     Have
#     --------------------- ---- --------
#     ExtUtils::MakeMaker    any     7.44
#     File::Spec            0.80     3.78
#     File::Spec::Functions  any     3.78
#     Test::Builder::Tester  any 1.302175
#     Test::More            0.42 1.302175
#     warnings               any     1.47
#
# === Test Recommends ===
#
#     Module         Want     Have
#     ---------- -------- --------
#     CPAN::Meta 2.120900 2.150010
#
# === Runtime Requires ===
#
#     Module        Want     Have
#     ------------- ---- --------
#     Exporter       any     5.74
#     File::Spec    0.80     3.78
#     Hook::LexWrap 0.20     0.26
#     Test::Builder  any 1.302175
#     Test::More    0.42 1.302175
#     strict         any     1.11
#     vars           any     1.05
#
# === Other Modules ===
#
#     Module           Have
#     ------------- -------
#     JSON::PP         4.04
#     Pod::Coverage missing
#     Sub::Name     missing
#     YAML          missing
#     autodie          2.32
#
t/00-report-prereqs.t .. ok
t/basic.t ................ ok
Manifying 1 pod document
t/01_compile.t ......... ok
t/inheritance.t ............... ok
t/01_compile.t ......... ok
t/02_simple.t .......... ok
All tests successful.
Files=3, Tests=5,  0 wallclock secs ( 0.03 usr  0.01 sys +  0.47 cusr  0.06 csys =  0.57 CPU)
Result: PASS
installing
install flags: SHELL=/nix/store/9fqwwd4iybmhjqyxiaxycknslw6bgwh1-bash-4.4-p23/bin/bash pkgconfigdir=/nix/store/sp562hfk0pshq10k577s0j9cn3j64rd9-perl5.32.0-Test-Object-0.08/lib/pkgconfig m4datadir=/nix/store/sp562hfk0pshq10k577s0j9cn3j64rd9-perl5.32.0-Test-Object-0.08/share/aclocal aclocaldir=/nix/store/sp562hfk0pshq10k577s0j9cn3j64rd9-perl5.32.0-Test-Object-0.08/share/aclocal install
Installing /nix/store/xg4bvfv12zwjbarc8d39ngpmc5bwdfln-perl5.32.0-MooseX-Types-Perl-0.101343/lib/perl5/site_perl/5.32.0/MooseX/Types/Perl.pm
Installing /nix/store/xg4bvfv12zwjbarc8d39ngpmc5bwdfln-perl5.32.0-MooseX-Types-Perl-0.101343/share/man/man3/MooseX::Types::Perl.3
t/02_main.t ............ ok
All tests successful.
Files=3, Tests=25,  0 wallclock secs ( 0.03 usr  0.00 sys +  0.43 cusr  0.08 csys =  0.54 CPU)
Result: PASS
Appending installation info to /nix/store/xg4bvfv12zwjbarc8d39ngpmc5bwdfln-perl5.32.0-MooseX-Types-Perl-0.101343/lib/perl5/5.32.0/x86_64-linux-thread-multi/perllocal.pod
installing
install flags: SHELL=/nix/store/9fqwwd4iybmhjqyxiaxycknslw6bgwh1-bash-4.4-p23/bin/bash pkgconfigdir=/nix/store/5cfm96hvb68wv6db9gill1j2c1lj1853-perl5.32.0-Test-SubCalls-1.10/lib/pkgconfig m4datadir=/nix/store/5cfm96hvb68wv6db9gill1j2c1lj1853-perl5.32.0-Test-SubCalls-1.10/share/aclocal aclocaldir=/nix/store/5cfm96hvb68wv6db9gill1j2c1lj1853-perl5.32.0-Test-SubCalls-1.10/share/aclocal install
Manifying 1 pod document
post-installation fixup
Moving /nix/store/xg4bvfv12zwjbarc8d39ngpmc5bwdfln-perl5.32.0-MooseX-Types-Perl-0.101343/share/man/man3 to /nix/store/afanjdh8lifhdcyc9bcb6vgi2w3ahmll-perl5.32.0-MooseX-Types-Perl-0.101343-devdoc/share/man/man3
Removing empty /nix/store/xg4bvfv12zwjbarc8d39ngpmc5bwdfln-perl5.32.0-MooseX-Types-Perl-0.101343/share/man/ and (possibly) its parents
shrinking RPATHs of ELF executables and libraries in /nix/store/xg4bvfv12zwjbarc8d39ngpmc5bwdfln-perl5.32.0-MooseX-Types-Perl-0.101343
strip is /nix/store/psyzbhp4p088sb9qcs378hfbslcalasl-binutils-2.31.1/bin/strip
stripping (with command strip and flags -S) in /nix/store/xg4bvfv12zwjbarc8d39ngpmc5bwdfln-perl5.32.0-MooseX-Types-Perl-0.101343/lib
patching script interpreter paths in /nix/store/xg4bvfv12zwjbarc8d39ngpmc5bwdfln-perl5.32.0-MooseX-Types-Perl-0.101343
Manifying 1 pod document
checking for references to /build/ in /nix/store/xg4bvfv12zwjbarc8d39ngpmc5bwdfln-perl5.32.0-MooseX-Types-Perl-0.101343...
shrinking RPATHs of ELF executables and libraries in /nix/store/afanjdh8lifhdcyc9bcb6vgi2w3ahmll-perl5.32.0-MooseX-Types-Perl-0.101343-devdoc
gzipping man pages under /nix/store/afanjdh8lifhdcyc9bcb6vgi2w3ahmll-perl5.32.0-MooseX-Types-Perl-0.101343-devdoc/share/man/
Installing /nix/store/sp562hfk0pshq10k577s0j9cn3j64rd9-perl5.32.0-Test-Object-0.08/lib/perl5/site_perl/5.32.0/Test/Object.pm
Installing /nix/store/sp562hfk0pshq10k577s0j9cn3j64rd9-perl5.32.0-Test-Object-0.08/lib/perl5/site_perl/5.32.0/Test/Object/Test.pm
Installing /nix/store/sp562hfk0pshq10k577s0j9cn3j64rd9-perl5.32.0-Test-Object-0.08/share/man/man3/Test::Object.3
strip is /nix/store/psyzbhp4p088sb9qcs378hfbslcalasl-binutils-2.31.1/bin/strip
patching script interpreter paths in /nix/store/afanjdh8lifhdcyc9bcb6vgi2w3ahmll-perl5.32.0-MooseX-Types-Perl-0.101343-devdoc
checking for references to /build/ in /nix/store/afanjdh8lifhdcyc9bcb6vgi2w3ahmll-perl5.32.0-MooseX-Types-Perl-0.101343-devdoc...
Appending installation info to /nix/store/sp562hfk0pshq10k577s0j9cn3j64rd9-perl5.32.0-Test-Object-0.08/lib/perl5/5.32.0/x86_64-linux-thread-multi/perllocal.pod
Installing /nix/store/5cfm96hvb68wv6db9gill1j2c1lj1853-perl5.32.0-Test-SubCalls-1.10/lib/perl5/site_perl/5.32.0/Test/SubCalls.pm
Installing /nix/store/5cfm96hvb68wv6db9gill1j2c1lj1853-perl5.32.0-Test-SubCalls-1.10/share/man/man3/Test::SubCalls.3
post-installation fixup
Moving /nix/store/sp562hfk0pshq10k577s0j9cn3j64rd9-perl5.32.0-Test-Object-0.08/share/man/man3 to /nix/store/b16531q3kp9kai1hnarsh1f8z3wdvxn1-perl5.32.0-Test-Object-0.08-devdoc/share/man/man3
Removing empty /nix/store/sp562hfk0pshq10k577s0j9cn3j64rd9-perl5.32.0-Test-Object-0.08/share/man/ and (possibly) its parents
Appending installation info to /nix/store/5cfm96hvb68wv6db9gill1j2c1lj1853-perl5.32.0-Test-SubCalls-1.10/lib/perl5/5.32.0/x86_64-linux-thread-multi/perllocal.pod
shrinking RPATHs of ELF executables and libraries in /nix/store/sp562hfk0pshq10k577s0j9cn3j64rd9-perl5.32.0-Test-Object-0.08
strip is /nix/store/psyzbhp4p088sb9qcs378hfbslcalasl-binutils-2.31.1/bin/strip
stripping (with command strip and flags -S) in /nix/store/sp562hfk0pshq10k577s0j9cn3j64rd9-perl5.32.0-Test-Object-0.08/lib
patching script interpreter paths in /nix/store/sp562hfk0pshq10k577s0j9cn3j64rd9-perl5.32.0-Test-Object-0.08
checking for references to /build/ in /nix/store/sp562hfk0pshq10k577s0j9cn3j64rd9-perl5.32.0-Test-Object-0.08...
shrinking RPATHs of ELF executables and libraries in /nix/store/b16531q3kp9kai1hnarsh1f8z3wdvxn1-perl5.32.0-Test-Object-0.08-devdoc
gzipping man pages under /nix/store/b16531q3kp9kai1hnarsh1f8z3wdvxn1-perl5.32.0-Test-Object-0.08-devdoc/share/man/
strip is /nix/store/psyzbhp4p088sb9qcs378hfbslcalasl-binutils-2.31.1/bin/strip
patching script interpreter paths in /nix/store/b16531q3kp9kai1hnarsh1f8z3wdvxn1-perl5.32.0-Test-Object-0.08-devdoc
checking for references to /build/ in /nix/store/b16531q3kp9kai1hnarsh1f8z3wdvxn1-perl5.32.0-Test-Object-0.08-devdoc...
post-installation fixup
Moving /nix/store/5cfm96hvb68wv6db9gill1j2c1lj1853-perl5.32.0-Test-SubCalls-1.10/share/man/man3 to /nix/store/3v7ln785z6x57hhpi0ykcxqgijdzfa9i-perl5.32.0-Test-SubCalls-1.10-devdoc/share/man/man3
Removing empty /nix/store/5cfm96hvb68wv6db9gill1j2c1lj1853-perl5.32.0-Test-SubCalls-1.10/share/man/ and (possibly) its parents
shrinking RPATHs of ELF executables and libraries in /nix/store/5cfm96hvb68wv6db9gill1j2c1lj1853-perl5.32.0-Test-SubCalls-1.10
strip is /nix/store/psyzbhp4p088sb9qcs378hfbslcalasl-binutils-2.31.1/bin/strip
stripping (with command strip and flags -S) in /nix/store/5cfm96hvb68wv6db9gill1j2c1lj1853-perl5.32.0-Test-SubCalls-1.10/lib
patching script interpreter paths in /nix/store/5cfm96hvb68wv6db9gill1j2c1lj1853-perl5.32.0-Test-SubCalls-1.10
checking for references to /build/ in /nix/store/5cfm96hvb68wv6db9gill1j2c1lj1853-perl5.32.0-Test-SubCalls-1.10...
shrinking RPATHs of ELF executables and libraries in /nix/store/3v7ln785z6x57hhpi0ykcxqgijdzfa9i-perl5.32.0-Test-SubCalls-1.10-devdoc
cp lib/Log/Dispatchouli/Global.pm blib/lib/Log/Dispatchouli/Global.pm
gzipping man pages under /nix/store/3v7ln785z6x57hhpi0ykcxqgijdzfa9i-perl5.32.0-Test-SubCalls-1.10-devdoc/share/man/
strip is /nix/store/psyzbhp4p088sb9qcs378hfbslcalasl-binutils-2.31.1/bin/strip
patching script interpreter paths in /nix/store/3v7ln785z6x57hhpi0ykcxqgijdzfa9i-perl5.32.0-Test-SubCalls-1.10-devdoc
cp lib/Log/Dispatchouli/Proxy.pm blib/lib/Log/Dispatchouli/Proxy.pm
cp lib/Log/Dispatchouli.pm blib/lib/Log/Dispatchouli.pm
checking for references to /build/ in /nix/store/3v7ln785z6x57hhpi0ykcxqgijdzfa9i-perl5.32.0-Test-SubCalls-1.10-devdoc...
building '/nix/store/5lfyrvsxawd2jyj66lrmgpxnfx5840af-perl5.32.0-PPI-1.270.drv'...
t/rt76054_inheritance.t .. ok
Manifying 3 pod documents
unpacking sources
unpacking source archive /nix/store/nlpap4jzd8jq1l6y77zxyzsziiwbqc7s-PPI-1.270.tar.gz
t/setonce.t ................... ok
All tests successful.
Files=4, Tests=64,  3 wallclock secs ( 0.06 usr  0.03 sys +  1.64 cusr  0.75 csys =  2.48 CPU)
Result: PASS
source root is PPI-1.270
installing
install flags: SHELL=/nix/store/9fqwwd4iybmhjqyxiaxycknslw6bgwh1-bash-4.4-p23/bin/bash pkgconfigdir=/nix/store/sg9xpgv8gdalf2pa42qcjbfv3rfk05mb-perl5.32.0-MooseX-SetOnce-0.200002/lib/pkgconfig m4datadir=/nix/store/sg9xpgv8gdalf2pa42qcjbfv3rfk05mb-perl5.32.0-MooseX-SetOnce-0.200002/share/aclocal aclocaldir=/nix/store/sg9xpgv8gdalf2pa42qcjbfv3rfk05mb-perl5.32.0-MooseX-SetOnce-0.200002/share/aclocal install
setting SOURCE_DATE_EPOCH to timestamp 1562685313 of file PPI-1.270/xt/release/distmeta.t
patching sources
configuring
patching ./xt/meta.t...
running tests
check flags: SHELL=/nix/store/9fqwwd4iybmhjqyxiaxycknslw6bgwh1-bash-4.4-p23/bin/bash VERBOSE=y test
patching ./xt/author.t...
patching ./xt/release/distmeta.t...
patching ./xt/api.t...
patching ./xt/author/mojibake.t...
PERL_DL_NONLAZY=1 "/nix/store/7c044di03qa7qgr5kjjc2d787aspzp0m-perl-5.32.0/bin/perl" "-MExtUtils::Command::MM" "-MTest::Harness" "-e" "undef *Test::Harness::Switches; test_harness(0, 'blib/lib', 'blib/arch')" t/*.t
patching ./xt/author/pod-syntax.t...
patching ./xt/author/pod-no404s.t...
patching ./xt/pmv.t...
patching ./t/ppi_token_number_version.t...
patching ./t/ppi_node.t...
patching ./t/16_xml.t...
patching ./t/00-report-prereqs.t...
patching ./t/ppi_statement_variable.t...
patching ./t/ppi_token_quote_single.t...
patching ./t/ppi_token__quoteengine_full.t...
patching ./t/13_data.t...
patching ./t/ppi_token_heredoc.t...
patching ./t/28_foreach_qw.t...
patching ./t/ppi_token_magic.t...
patching ./t/interactive.t...
patching ./t/29_logical_filename.t...
patching ./t/19_selftesting.t...
patching ./t/ppi_normal.t...
patching ./t/09_normal.t...
patching ./t/11_util.t...
patching ./t/03_document.t...
patching ./t/ppi_token_quote.t...
patching ./t/27_complete.t...
patching ./t/ppi_token_quote_double.t...
patching ./t/ppi_statement_package.t...
patching ./t/15_transform.t...
patching ./t/ppi_token_quote_interpolate.t...
Manifying 1 pod document
patching ./t/24_v6.t...
patching ./t/ppi_token_word.t...
patching ./t/06_round_trip.t...
patching ./t/ppi_token.t...
patching ./t/ppi_token_dashedword.t...
patching ./t/08_regression.t...
patching ./t/21_exhaustive.t...
patching ./t/05_lexer.t...
patching ./t/ppi_token_quote_literal.t...
patching ./t/ppi_statement_include.t...
patching ./t/ppi_statement_sub.t...
patching ./t/ppi_token_pod.t...
patching ./t/ppi_token_structure.t...
patching ./t/ppi_token_regexp.t...
patching ./t/marpa.t...
patching ./t/01_compile.t...
patching ./t/10_statement.t...
patching ./t/ppi_statement.t...
patching ./t/23_file.t...
patching ./t/ppi_token_attribute.t...
patching ./t/ppi_token_quotelike_regexp.t...
patching ./t/12_location.t...
patching ./t/data/basic.pl...
Installing /nix/store/sg9xpgv8gdalf2pa42qcjbfv3rfk05mb-perl5.32.0-MooseX-SetOnce-0.200002/lib/perl5/site_perl/5.32.0/MooseX/SetOnce.pm
Installing /nix/store/sg9xpgv8gdalf2pa42qcjbfv3rfk05mb-perl5.32.0-MooseX-SetOnce-0.200002/share/man/man3/MooseX::SetOnce.3
Appending installation info to /nix/store/sg9xpgv8gdalf2pa42qcjbfv3rfk05mb-perl5.32.0-MooseX-SetOnce-0.200002/lib/perl5/5.32.0/x86_64-linux-thread-multi/perllocal.pod
patching ./t/data/filename.pl...
post-installation fixup
Moving /nix/store/sg9xpgv8gdalf2pa42qcjbfv3rfk05mb-perl5.32.0-MooseX-SetOnce-0.200002/share/man/man3 to /nix/store/lvvapcb5li999hnd2sviq8kdqdkdwj2c-perl5.32.0-MooseX-SetOnce-0.200002-devdoc/share/man/man3
patching ./t/data/test2.txt...
Removing empty /nix/store/sg9xpgv8gdalf2pa42qcjbfv3rfk05mb-perl5.32.0-MooseX-SetOnce-0.200002/share/man/ and (possibly) its parents
patching ./t/data/27_complete/02n_helloworld.code...
shrinking RPATHs of ELF executables and libraries in /nix/store/sg9xpgv8gdalf2pa42qcjbfv3rfk05mb-perl5.32.0-MooseX-SetOnce-0.200002
patching ./t/data/27_complete/01y_helloworld.code...
strip is /nix/store/psyzbhp4p088sb9qcs378hfbslcalasl-binutils-2.31.1/bin/strip
stripping (with command strip and flags -S) in /nix/store/sg9xpgv8gdalf2pa42qcjbfv3rfk05mb-perl5.32.0-MooseX-SetOnce-0.200002/lib
patching script interpreter paths in /nix/store/sg9xpgv8gdalf2pa42qcjbfv3rfk05mb-perl5.32.0-MooseX-SetOnce-0.200002
checking for references to /build/ in /nix/store/sg9xpgv8gdalf2pa42qcjbfv3rfk05mb-perl5.32.0-MooseX-SetOnce-0.200002...
shrinking RPATHs of ELF executables and libraries in /nix/store/lvvapcb5li999hnd2sviq8kdqdkdwj2c-perl5.32.0-MooseX-SetOnce-0.200002-devdoc
gzipping man pages under /nix/store/lvvapcb5li999hnd2sviq8kdqdkdwj2c-perl5.32.0-MooseX-SetOnce-0.200002-devdoc/share/man/
strip is /nix/store/psyzbhp4p088sb9qcs378hfbslcalasl-binutils-2.31.1/bin/strip
patching script interpreter paths in /nix/store/lvvapcb5li999hnd2sviq8kdqdkdwj2c-perl5.32.0-MooseX-SetOnce-0.200002-devdoc
checking for references to /build/ in /nix/store/lvvapcb5li999hnd2sviq8kdqdkdwj2c-perl5.32.0-MooseX-SetOnce-0.200002-devdoc...
patching ./t/data/03_document/test.dat...
patching ./t/ppi_element.t...
patching ./t/18_cache.t...
patching ./t/ppi_statement_compound.t...
patching ./t/25_increment.t...
patching ./t/17_storable.t...
patching ./t/ppi_token_symbol.t...
patching ./t/26_bom.t...
patching ./t/ppi_token_operator.t...
patching ./t/22_readonly.t...
patching ./t/ppi_token_quotelike_words.t...
patching ./t/07_token.t...
patching ./t/ppi_token_whitespace.t...
patching ./t/ppi_token_prototype.t...
patching ./t/04_element.t...
patching ./t/ppi_token_unknown.t...
patching ./t/ppi_statement_scheduled.t...
patching ./t/ppi_lexer.t...
t/zzz-check-breaks.t ..... ok
All tests successful.
Files=4, Tests=12,  2 wallclock secs ( 0.06 usr  0.07 sys +  1.68 cusr  0.99 csys =  2.80 CPU)
Result: PASS
installing
Checking if your kit is complete...
Looks good
Installing /nix/store/hzhx5ks26dcqrddv1lkm2q7m81671mhf-perl5.32.0-MooseX-LazyRequire-0.11/lib/perl5/site_perl/5.32.0/MooseX/LazyRequire.pm
Installing /nix/store/hzhx5ks26dcqrddv1lkm2q7m81671mhf-perl5.32.0-MooseX-LazyRequire-0.11/lib/perl5/site_perl/5.32.0/MooseX/LazyRequire/Meta/Attribute/Trait/LazyRequire.pm
Installing /nix/store/hzhx5ks26dcqrddv1lkm2q7m81671mhf-perl5.32.0-MooseX-LazyRequire-0.11/share/man/man3/MooseX::LazyRequire.3
Installing /nix/store/hzhx5ks26dcqrddv1lkm2q7m81671mhf-perl5.32.0-MooseX-LazyRequire-0.11/share/man/man3/MooseX::LazyRequire::Meta::Attribute::Trait::LazyRequire.3
post-installation fixup
Moving /nix/store/hzhx5ks26dcqrddv1lkm2q7m81671mhf-perl5.32.0-MooseX-LazyRequire-0.11/share/man/man3 to /nix/store/myrjlazw8h575gvagy42wxs71nj2p4z0-perl5.32.0-MooseX-LazyRequire-0.11-devdoc/share/man/man3
Removing empty /nix/store/hzhx5ks26dcqrddv1lkm2q7m81671mhf-perl5.32.0-MooseX-LazyRequire-0.11/share/man/ and (possibly) its parents
shrinking RPATHs of ELF executables and libraries in /nix/store/hzhx5ks26dcqrddv1lkm2q7m81671mhf-perl5.32.0-MooseX-LazyRequire-0.11
Generating a Unix-style Makefile
Writing Makefile for PPI
strip is /nix/store/psyzbhp4p088sb9qcs378hfbslcalasl-binutils-2.31.1/bin/strip
stripping (with command strip and flags -S) in /nix/store/hzhx5ks26dcqrddv1lkm2q7m81671mhf-perl5.32.0-MooseX-LazyRequire-0.11/lib
patching script interpreter paths in /nix/store/hzhx5ks26dcqrddv1lkm2q7m81671mhf-perl5.32.0-MooseX-LazyRequire-0.11
checking for references to /build/ in /nix/store/hzhx5ks26dcqrddv1lkm2q7m81671mhf-perl5.32.0-MooseX-LazyRequire-0.11...
shrinking RPATHs of ELF executables and libraries in /nix/store/myrjlazw8h575gvagy42wxs71nj2p4z0-perl5.32.0-MooseX-LazyRequire-0.11-devdoc
gzipping man pages under /nix/store/myrjlazw8h575gvagy42wxs71nj2p4z0-perl5.32.0-MooseX-LazyRequire-0.11-devdoc/share/man/
strip is /nix/store/psyzbhp4p088sb9qcs378hfbslcalasl-binutils-2.31.1/bin/strip
patching script interpreter paths in /nix/store/myrjlazw8h575gvagy42wxs71nj2p4z0-perl5.32.0-MooseX-LazyRequire-0.11-devdoc
checking for references to /build/ in /nix/store/myrjlazw8h575gvagy42wxs71nj2p4z0-perl5.32.0-MooseX-LazyRequire-0.11-devdoc...
Writing MYMETA.yml and MYMETA.json
no configure script, doing nothing
building
build flags: SHELL=/nix/store/9fqwwd4iybmhjqyxiaxycknslw6bgwh1-bash-4.4-p23/bin/bash
t/00-report-prereqs.t .. #
# Versions for all modules listed in MYMETA.json (including optional ones):
#
# === Configure Requires ===
#
#     Module              Want Have
#     ------------------- ---- ----
#     ExtUtils::MakeMaker  any 7.44
#
# === Configure Suggests ===
#
#     Module      Want Have
#     -------- ------- ----
#     JSON::PP 2.27300 4.04
#
# === Build Requires ===
#
#     Module              Want Have
#     ------------------- ---- ----
#     ExtUtils::MakeMaker  any 7.44
#
# === Test Requires ===
#
#     Module                Want     Have
#     --------------------- ---- --------
#     ExtUtils::MakeMaker    any     7.44
#     File::Spec             any     3.78
#     File::Spec::Functions  any     3.78
#     File::Temp             any   0.2309
#     Test::Deep             any    1.130
#     Test::Fatal            any    0.014
#     Test::More            0.96 1.302175
#     base                   any     2.27
#     lib                    any     0.65
#
# === Test Recommends ===
#
#     Module         Want     Have
#     ---------- -------- --------
#     CPAN::Meta 2.120900 2.150010
#
# === Runtime Requires ===
#
#     Module                       Want     Have
#     --------------------------- ----- --------
#     Carp                          any     1.50
#     File::Spec                    any     3.78
#     Log::Dispatch                 any     2.69
#     Log::Dispatch::Array          any    1.003
#     Log::Dispatch::File           any     2.69
#     Log::Dispatch::Screen         any     2.69
#     Log::Dispatch::Syslog         any     2.69
#     Params::Util                  any     1.07
#     Scalar::Util                  any     1.55
#     String::Flogger               any 1.101245
#     Sub::Exporter                 any    0.987
#     Sub::Exporter::GlobExporter 0.002    0.005
#     Sys::Syslog                  0.16     0.36
#     Try::Tiny                    0.04     0.30
#     overload                      any     1.31
#     strict                        any     1.11
#     warnings                      any     1.47
#
t/00-report-prereqs.t .. ok
cp lib/PPI/Structure/Given.pm blib/lib/PPI/Structure/Given.pm
cp lib/PPI/Statement/Variable.pm blib/lib/PPI/Statement/Variable.pm
cp lib/PPI/Statement/End.pm blib/lib/PPI/Statement/End.pm
cp lib/PPI/Lexer.pm blib/lib/PPI/Lexer.pm
cp lib/PPI/Singletons.pm blib/lib/PPI/Singletons.pm
cp lib/PPI/Node.pm blib/lib/PPI/Node.pm
cp lib/PPI/Exception/ParserRejection.pm blib/lib/PPI/Exception/ParserRejection.pm
cp lib/PPI/Statement/Break.pm blib/lib/PPI/Statement/Break.pm
cp lib/PPI/Structure/For.pm blib/lib/PPI/Structure/For.pm
cp lib/PPI/Structure/Subscript.pm blib/lib/PPI/Structure/Subscript.pm
cp lib/PPI/Statement/Package.pm blib/lib/PPI/Statement/Package.pm
cp lib/PPI/Statement/Unknown.pm blib/lib/PPI/Statement/Unknown.pm
cp lib/PPI/Statement/Expression.pm blib/lib/PPI/Statement/Expression.pm
cp lib/PPI/Structure/Constructor.pm blib/lib/PPI/Structure/Constructor.pm
cp lib/PPI/Statement/Compound.pm blib/lib/PPI/Statement/Compound.pm
cp lib/PPI/Document.pm blib/lib/PPI/Document.pm
cp lib/PPI/Cache.pm blib/lib/PPI/Cache.pm
cp lib/PPI/Document/File.pm blib/lib/PPI/Document/File.pm
cp lib/PPI/Statement/Given.pm blib/lib/PPI/Statement/Given.pm
cp lib/PPI/Statement/Data.pm blib/lib/PPI/Statement/Data.pm
cp lib/PPI/Find.pm blib/lib/PPI/Find.pm
cp lib/PPI/Statement/Scheduled.pm blib/lib/PPI/Statement/Scheduled.pm
cp lib/PPI/Normal.pm blib/lib/PPI/Normal.pm
cp lib/PPI/Document/Fragment.pm blib/lib/PPI/Document/Fragment.pm
cp lib/PPI/Structure/Block.pm blib/lib/PPI/Structure/Block.pm
cp lib/PPI/Statement/Null.pm blib/lib/PPI/Statement/Null.pm
cp lib/PPI/Document/Normalized.pm blib/lib/PPI/Document/Normalized.pm
cp lib/PPI/Exception.pm blib/lib/PPI/Exception.pm
cp lib/PPI/Statement.pm blib/lib/PPI/Statement.pm
cp lib/PPI/Structure.pm blib/lib/PPI/Structure.pm
cp lib/PPI/Structure/List.pm blib/lib/PPI/Structure/List.pm
cp lib/PPI/Dumper.pm blib/lib/PPI/Dumper.pm
cp lib/PPI/Statement/Include.pm blib/lib/PPI/Statement/Include.pm
cp lib/PPI/Structure/Condition.pm blib/lib/PPI/Structure/Condition.pm
cp lib/PPI.pm blib/lib/PPI.pm
cp lib/PPI/Statement/Sub.pm blib/lib/PPI/Statement/Sub.pm
cp lib/PPI/Statement/When.pm blib/lib/PPI/Statement/When.pm
cp lib/PPI/Normal/Standard.pm blib/lib/PPI/Normal/Standard.pm
cp lib/PPI/Statement/UnmatchedBrace.pm blib/lib/PPI/Statement/UnmatchedBrace.pm
cp lib/PPI/Element.pm blib/lib/PPI/Element.pm
cp lib/PPI/Statement/Include/Perl6.pm blib/lib/PPI/Statement/Include/Perl6.pm
cp lib/PPI/Structure/Unknown.pm blib/lib/PPI/Structure/Unknown.pm
cp lib/PPI/Token/QuoteLike.pm blib/lib/PPI/Token/QuoteLike.pm
cp lib/PPI/Token/End.pm blib/lib/PPI/Token/End.pm
cp lib/PPI/Token/Quote/Interpolate.pm blib/lib/PPI/Token/Quote/Interpolate.pm
cp lib/PPI/Token/Number/Hex.pm blib/lib/PPI/Token/Number/Hex.pm
cp lib/PPI/Token/QuoteLike/Regexp.pm blib/lib/PPI/Token/QuoteLike/Regexp.pm
cp lib/PPI/Token/Cast.pm blib/lib/PPI/Token/Cast.pm
cp lib/PPI/Token/Quote.pm blib/lib/PPI/Token/Quote.pm
cp lib/PPI/Structure/When.pm blib/lib/PPI/Structure/When.pm
cp lib/PPI/Token/Magic.pm blib/lib/PPI/Token/Magic.pm
cp lib/PPI/Token.pm blib/lib/PPI/Token.pm
cp lib/PPI/Token/QuoteLike/Backtick.pm blib/lib/PPI/Token/QuoteLike/Backtick.pm
cp lib/PPI/Token/Data.pm blib/lib/PPI/Token/Data.pm
cp lib/PPI/Token/Number/Float.pm blib/lib/PPI/Token/Number/Float.pm
cp lib/PPI/Token/QuoteLike/Words.pm blib/lib/PPI/Token/QuoteLike/Words.pm
cp lib/PPI/Token/Quote/Single.pm blib/lib/PPI/Token/Quote/Single.pm
cp lib/PPI/Token/DashedWord.pm blib/lib/PPI/Token/DashedWord.pm
cp lib/PPI/Token/Label.pm blib/lib/PPI/Token/Label.pm
cp lib/PPI/Token/BOM.pm blib/lib/PPI/Token/BOM.pm
cp lib/PPI/Token/Prototype.pm blib/lib/PPI/Token/Prototype.pm
cp lib/PPI/Token/Separator.pm blib/lib/PPI/Token/Separator.pm
cp lib/PPI/Token/Pod.pm blib/lib/PPI/Token/Pod.pm
cp lib/PPI/Token/Quote/Double.pm blib/lib/PPI/Token/Quote/Double.pm
cp lib/PPI/Token/Regexp/Substitute.pm blib/lib/PPI/Token/Regexp/Substitute.pm
cp lib/PPI/Token/ArrayIndex.pm blib/lib/PPI/Token/ArrayIndex.pm
cp lib/PPI/Token/QuoteLike/Readline.pm blib/lib/PPI/Token/QuoteLike/Readline.pm
cp lib/PPI/Token/Number/Octal.pm blib/lib/PPI/Token/Number/Octal.pm
cp lib/PPI/Token/Regexp/Match.pm blib/lib/PPI/Token/Regexp/Match.pm
cp lib/PPI/Token/Number/Exp.pm blib/lib/PPI/Token/Number/Exp.pm
cp lib/PPI/Token/Operator.pm blib/lib/PPI/Token/Operator.pm
cp lib/PPI/Token/Regexp/Transliterate.pm blib/lib/PPI/Token/Regexp/Transliterate.pm
cp lib/PPI/Token/Attribute.pm blib/lib/PPI/Token/Attribute.pm
cp lib/PPI/Token/Number/Version.pm blib/lib/PPI/Token/Number/Version.pm
cp lib/PPI/Token/QuoteLike/Command.pm blib/lib/PPI/Token/QuoteLike/Command.pm
cp lib/PPI/Token/Regexp.pm blib/lib/PPI/Token/Regexp.pm
cp lib/PPI/Token/HereDoc.pm blib/lib/PPI/Token/HereDoc.pm
cp lib/PPI/Token/Comment.pm blib/lib/PPI/Token/Comment.pm
cp lib/PPI/Token/Quote/Literal.pm blib/lib/PPI/Token/Quote/Literal.pm
cp lib/PPI/Token/Number/Binary.pm blib/lib/PPI/Token/Number/Binary.pm
cp lib/PPI/Token/Number.pm blib/lib/PPI/Token/Number.pm
cp lib/PPI/Token/Symbol.pm blib/lib/PPI/Token/Symbol.pm
cp lib/PPI/Token/_QuoteEngine/Simple.pm blib/lib/PPI/Token/_QuoteEngine/Simple.pm
cp lib/PPI/Util.pm blib/lib/PPI/Util.pm
cp lib/PPI/Transform/UpdateCopyright.pm blib/lib/PPI/Transform/UpdateCopyright.pm
cp lib/PPI/Tokenizer.pm blib/lib/PPI/Tokenizer.pm
cp lib/PPI/Token/Structure.pm blib/lib/PPI/Token/Structure.pm
cp lib/PPI/Transform.pm blib/lib/PPI/Transform.pm
cp lib/PPI/Token/_QuoteEngine.pm blib/lib/PPI/Token/_QuoteEngine.pm
cp lib/PPI/XSAccessor.pm blib/lib/PPI/XSAccessor.pm
cp lib/PPI/Token/Unknown.pm blib/lib/PPI/Token/Unknown.pm
cp lib/PPI/Token/Word.pm blib/lib/PPI/Token/Word.pm
cp lib/PPI/Token/Whitespace.pm blib/lib/PPI/Token/Whitespace.pm
cp lib/PPI/Token/_QuoteEngine/Full.pm blib/lib/PPI/Token/_QuoteEngine/Full.pm
t/basic.t .............. ok
Manifying 36 pod documents
t/env-value.t .......... ok
Manifying 34 pod documents
Manifying 20 pod documents
running tests
check flags: SHELL=/nix/store/9fqwwd4iybmhjqyxiaxycknslw6bgwh1-bash-4.4-p23/bin/bash VERBOSE=y test
PERL_DL_NONLAZY=1 "/nix/store/7c044di03qa7qgr5kjjc2d787aspzp0m-perl-5.32.0/bin/perl" "-MExtUtils::Command::MM" "-MTest::Harness" "-e" "undef *Test::Harness::Switches; test_harness(0, 'blib/lib', 'blib/arch')" t/*.t
t/file.t ............... ok
t/global-subclass.t .... ok
t/00-report-prereqs.t ............ #
# Versions for all modules listed in MYMETA.json (including optional ones):
#
# === Configure Requires ===
#
#     Module              Want Have
#     ------------------- ---- ----
#     ExtUtils::MakeMaker  any 7.44
#
# === Build Requires ===
#
#     Module              Want Have
#     ------------------- ---- ----
#     ExtUtils::MakeMaker  any 7.44
#
# === Test Requires ===
#
#     Module                Want     Have
#     --------------------- ---- --------
#     B                      any     1.80
#     Class::Inspector      1.22     1.36
#     Encode                 any     3.06
#     ExtUtils::MakeMaker    any     7.44
#     File::Copy             any     2.34
#     File::Spec             any     3.78
#     File::Spec::Functions  any     3.78
#     File::Spec::Unix       any     3.78
#     File::Temp             any   0.2309
#     Test::Deep             any    1.130
#     Test::More            0.88 1.302175
#     Test::NoWarnings       any     1.04
#     Test::Object          0.07     0.08
#     Test::SubCalls        1.07     1.10
#     if                     any   0.0608
#     lib                    any     0.65
#     utf8                   any     1.22
#     warnings               any     1.47
#
# === Test Recommends ===
#
#     Module         Want     Have
#     ---------- -------- --------
#     CPAN::Meta 2.120900 2.150010
#
# === Runtime Requires ===
#
#     Module       Want    Have
#     ------------ ---- -------
#     Carp          any    1.50
#     Clone        0.30    0.45
#     Digest::MD5  2.35 2.55_01
#     Exporter      any    5.74
#     File::Path    any    2.16
#     File::Spec   0.84    3.78
#     IO::String   1.07    1.08
#     List::Util   1.33    1.55
#     Params::Util 1.00    1.07
#     Scalar::Util  any    1.55
#     Storable     2.17    3.21
#     Task::Weaken  any    1.06
#     constant      any    1.33
#     overload      any    1.31
#     strict        any    1.11
#
t/00-report-prereqs.t ............ ok
t/01_compile.t ................... ok
t/global.t ............. ok
t/proxy.t .............. ok
All tests successful.
Files=7, Tests=66,  3 wallclock secs ( 0.08 usr  0.05 sys +  1.70 cusr  1.11 csys =  2.94 CPU)
Result: PASS
installing
install flags: SHELL=/nix/store/9fqwwd4iybmhjqyxiaxycknslw6bgwh1-bash-4.4-p23/bin/bash pkgconfigdir=/nix/store/bz871lcqlg76pbqaahwl7yhc1r743qc8-perl5.32.0-Log-Dispatchouli-2.019/lib/pkgconfig m4datadir=/nix/store/bz871lcqlg76pbqaahwl7yhc1r743qc8-perl5.32.0-Log-Dispatchouli-2.019/share/aclocal aclocaldir=/nix/store/bz871lcqlg76pbqaahwl7yhc1r743qc8-perl5.32.0-Log-Dispatchouli-2.019/share/aclocal install
Manifying 3 pod documents
Installing /nix/store/bz871lcqlg76pbqaahwl7yhc1r743qc8-perl5.32.0-Log-Dispatchouli-2.019/lib/perl5/site_perl/5.32.0/Log/Dispatchouli.pm
Installing /nix/store/bz871lcqlg76pbqaahwl7yhc1r743qc8-perl5.32.0-Log-Dispatchouli-2.019/lib/perl5/site_perl/5.32.0/Log/Dispatchouli/Proxy.pm
Installing /nix/store/bz871lcqlg76pbqaahwl7yhc1r743qc8-perl5.32.0-Log-Dispatchouli-2.019/lib/perl5/site_perl/5.32.0/Log/Dispatchouli/Global.pm
Installing /nix/store/bz871lcqlg76pbqaahwl7yhc1r743qc8-perl5.32.0-Log-Dispatchouli-2.019/share/man/man3/Log::Dispatchouli::Global.3
Installing /nix/store/bz871lcqlg76pbqaahwl7yhc1r743qc8-perl5.32.0-Log-Dispatchouli-2.019/share/man/man3/Log::Dispatchouli.3
Installing /nix/store/bz871lcqlg76pbqaahwl7yhc1r743qc8-perl5.32.0-Log-Dispatchouli-2.019/share/man/man3/Log::Dispatchouli::Proxy.3
Appending installation info to /nix/store/bz871lcqlg76pbqaahwl7yhc1r743qc8-perl5.32.0-Log-Dispatchouli-2.019/lib/perl5/5.32.0/x86_64-linux-thread-multi/perllocal.pod
post-installation fixup
Moving /nix/store/bz871lcqlg76pbqaahwl7yhc1r743qc8-perl5.32.0-Log-Dispatchouli-2.019/share/man/man3 to /nix/store/6hn8zd4kcgsljwl3g4x89gq6mbvjhxyi-perl5.32.0-Log-Dispatchouli-2.019-devdoc/share/man/man3
Removing empty /nix/store/bz871lcqlg76pbqaahwl7yhc1r743qc8-perl5.32.0-Log-Dispatchouli-2.019/share/man/ and (possibly) its parents
shrinking RPATHs of ELF executables and libraries in /nix/store/bz871lcqlg76pbqaahwl7yhc1r743qc8-perl5.32.0-Log-Dispatchouli-2.019
strip is /nix/store/psyzbhp4p088sb9qcs378hfbslcalasl-binutils-2.31.1/bin/strip
stripping (with command strip and flags -S) in /nix/store/bz871lcqlg76pbqaahwl7yhc1r743qc8-perl5.32.0-Log-Dispatchouli-2.019/lib
patching script interpreter paths in /nix/store/bz871lcqlg76pbqaahwl7yhc1r743qc8-perl5.32.0-Log-Dispatchouli-2.019
checking for references to /build/ in /nix/store/bz871lcqlg76pbqaahwl7yhc1r743qc8-perl5.32.0-Log-Dispatchouli-2.019...
shrinking RPATHs of ELF executables and libraries in /nix/store/6hn8zd4kcgsljwl3g4x89gq6mbvjhxyi-perl5.32.0-Log-Dispatchouli-2.019-devdoc
gzipping man pages under /nix/store/6hn8zd4kcgsljwl3g4x89gq6mbvjhxyi-perl5.32.0-Log-Dispatchouli-2.019-devdoc/share/man/
strip is /nix/store/psyzbhp4p088sb9qcs378hfbslcalasl-binutils-2.31.1/bin/strip
patching script interpreter paths in /nix/store/6hn8zd4kcgsljwl3g4x89gq6mbvjhxyi-perl5.32.0-Log-Dispatchouli-2.019-devdoc
checking for references to /build/ in /nix/store/6hn8zd4kcgsljwl3g4x89gq6mbvjhxyi-perl5.32.0-Log-Dispatchouli-2.019-devdoc...
t/04_element.t ................... ok
t/05_lexer.t ..................... ok
t/06_round_trip.t ................ ok
t/07_token.t ..................... 1/588 Use of uninitialized value $expect in numeric eq (==) at (eval in cmp_ok) t/07_token.t line 112.
Use of uninitialized value $expect in numeric eq (==) at (eval in cmp_ok) t/07_token.t line 112.
t/07_token.t ..................... ok
t/08_regression.t ................ ok
t/09_normal.t .................... ok
t/10_statement.t ................. ok
t/11_util.t ...................... ok
t/12_location.t .................. ok
t/13_data.t ...................... ok
t/14_charsets.t .................. ok
t/15_transform.t ................. ok
t/16_xml.t ....................... ok
t/17_storable.t .................. ok
t/18_cache.t ..................... ok
t/19_selftesting.t ............... ok
t/21_exhaustive.t ................ ok
t/22_readonly.t .................. ok
t/23_file.t ...................... ok
t/24_v6.t ........................ ok
t/25_increment.t ................. ok
t/26_bom.t ....................... ok
t/27_complete.t .................. ok
t/28_foreach_qw.t ................ ok
t/29_logical_filename.t .......... ok
t/interactive.t .................. ok
t/marpa.t ........................ ok
t/ppi_element.t .................. ok
t/ppi_lexer.t .................... ok
t/ppi_node.t ..................... ok
t/ppi_normal.t ................... ok
t/ppi_statement.t ................ ok
t/ppi_statement_compound.t ....... ok
t/ppi_statement_include.t ........ ok
t/ppi_statement_package.t ........ ok
t/ppi_statement_scheduled.t ...... ok
t/ppi_statement_sub.t ............ ok
t/ppi_statement_variable.t ....... ok
t/ppi_token.t .................... ok
t/ppi_token__quoteengine_full.t .. ok
t/ppi_token_attribute.t .......... ok
t/ppi_token_dashedword.t ......... ok
t/ppi_token_heredoc.t ............ ok
t/ppi_token_magic.t .............. ok
t/ppi_token_number_version.t ..... ok
t/ppi_token_operator.t ........... ok
t/ppi_token_pod.t ................ ok
t/ppi_token_prototype.t .......... ok
t/ppi_token_quote.t .............. ok
t/ppi_token_quote_double.t ....... ok
t/ppi_token_quote_interpolate.t .. ok
t/ppi_token_quote_literal.t ...... ok
t/ppi_token_quote_single.t ....... ok
t/ppi_token_quotelike_regexp.t ... ok
t/ppi_token_quotelike_words.t .... ok
t/ppi_token_regexp.t ............. ok
t/ppi_token_structure.t .......... ok
t/ppi_token_symbol.t ............. ok
t/ppi_token_unknown.t ............ ok
t/ppi_token_whitespace.t ......... ok
t/ppi_token_word.t ............... ok
All tests successful.
Files=63, Tests=33184, 33 wallclock secs ( 5.33 usr  0.45 sys + 30.59 cusr  1.81 csys = 38.18 CPU)
Result: PASS
installing
install flags: SHELL=/nix/store/9fqwwd4iybmhjqyxiaxycknslw6bgwh1-bash-4.4-p23/bin/bash pkgconfigdir=/nix/store/bw4vvsx9cry0fsnzzj9dwyym9zggyjnz-perl5.32.0-PPI-1.270/lib/pkgconfig m4datadir=/nix/store/bw4vvsx9cry0fsnzzj9dwyym9zggyjnz-perl5.32.0-PPI-1.270/share/aclocal aclocaldir=/nix/store/bw4vvsx9cry0fsnzzj9dwyym9zggyjnz-perl5.32.0-PPI-1.270/share/aclocal install
Manifying 36 pod documents
Manifying 34 pod documents
Manifying 20 pod documents
Installing /nix/store/bw4vvsx9cry0fsnzzj9dwyym9zggyjnz-perl5.32.0-PPI-1.270/lib/perl5/site_perl/5.32.0/PPI.pm
Installing /nix/store/bw4vvsx9cry0fsnzzj9dwyym9zggyjnz-perl5.32.0-PPI-1.270/lib/perl5/site_perl/5.32.0/PPI/Singletons.pm
Installing /nix/store/bw4vvsx9cry0fsnzzj9dwyym9zggyjnz-perl5.32.0-PPI-1.270/lib/perl5/site_perl/5.32.0/PPI/Find.pm
Installing /nix/store/bw4vvsx9cry0fsnzzj9dwyym9zggyjnz-perl5.32.0-PPI-1.270/lib/perl5/site_perl/5.32.0/PPI/XSAccessor.pm
Installing /nix/store/bw4vvsx9cry0fsnzzj9dwyym9zggyjnz-perl5.32.0-PPI-1.270/lib/perl5/site_perl/5.32.0/PPI/Lexer.pm
Installing /nix/store/bw4vvsx9cry0fsnzzj9dwyym9zggyjnz-perl5.32.0-PPI-1.270/lib/perl5/site_perl/5.32.0/PPI/Exception.pm
Installing /nix/store/bw4vvsx9cry0fsnzzj9dwyym9zggyjnz-perl5.32.0-PPI-1.270/lib/perl5/site_perl/5.32.0/PPI/Element.pm
Installing /nix/store/bw4vvsx9cry0fsnzzj9dwyym9zggyjnz-perl5.32.0-PPI-1.270/lib/perl5/site_perl/5.32.0/PPI/Token.pm
Installing /nix/store/bw4vvsx9cry0fsnzzj9dwyym9zggyjnz-perl5.32.0-PPI-1.270/lib/perl5/site_perl/5.32.0/PPI/Tokenizer.pm
Installing /nix/store/bw4vvsx9cry0fsnzzj9dwyym9zggyjnz-perl5.32.0-PPI-1.270/lib/perl5/site_perl/5.32.0/PPI/Dumper.pm
Installing /nix/store/bw4vvsx9cry0fsnzzj9dwyym9zggyjnz-perl5.32.0-PPI-1.270/lib/perl5/site_perl/5.32.0/PPI/Util.pm
Installing /nix/store/bw4vvsx9cry0fsnzzj9dwyym9zggyjnz-perl5.32.0-PPI-1.270/lib/perl5/site_perl/5.32.0/PPI/Transform.pm
Installing /nix/store/bw4vvsx9cry0fsnzzj9dwyym9zggyjnz-perl5.32.0-PPI-1.270/lib/perl5/site_perl/5.32.0/PPI/Statement.pm
Installing /nix/store/bw4vvsx9cry0fsnzzj9dwyym9zggyjnz-perl5.32.0-PPI-1.270/lib/perl5/site_perl/5.32.0/PPI/Structure.pm
Installing /nix/store/bw4vvsx9cry0fsnzzj9dwyym9zggyjnz-perl5.32.0-PPI-1.270/lib/perl5/site_perl/5.32.0/PPI/Cache.pm
Installing /nix/store/bw4vvsx9cry0fsnzzj9dwyym9zggyjnz-perl5.32.0-PPI-1.270/lib/perl5/site_perl/5.32.0/PPI/Normal.pm
Installing /nix/store/bw4vvsx9cry0fsnzzj9dwyym9zggyjnz-perl5.32.0-PPI-1.270/lib/perl5/site_perl/5.32.0/PPI/Document.pm
Installing /nix/store/bw4vvsx9cry0fsnzzj9dwyym9zggyjnz-perl5.32.0-PPI-1.270/lib/perl5/site_perl/5.32.0/PPI/Node.pm
Installing /nix/store/bw4vvsx9cry0fsnzzj9dwyym9zggyjnz-perl5.32.0-PPI-1.270/lib/perl5/site_perl/5.32.0/PPI/Exception/ParserRejection.pm
Installing /nix/store/bw4vvsx9cry0fsnzzj9dwyym9zggyjnz-perl5.32.0-PPI-1.270/lib/perl5/site_perl/5.32.0/PPI/Structure/For.pm
Installing /nix/store/bw4vvsx9cry0fsnzzj9dwyym9zggyjnz-perl5.32.0-PPI-1.270/lib/perl5/site_perl/5.32.0/PPI/Structure/Unknown.pm
Installing /nix/store/bw4vvsx9cry0fsnzzj9dwyym9zggyjnz-perl5.32.0-PPI-1.270/lib/perl5/site_perl/5.32.0/PPI/Structure/List.pm
Installing /nix/store/bw4vvsx9cry0fsnzzj9dwyym9zggyjnz-perl5.32.0-PPI-1.270/lib/perl5/site_perl/5.32.0/PPI/Structure/Block.pm
Installing /nix/store/bw4vvsx9cry0fsnzzj9dwyym9zggyjnz-perl5.32.0-PPI-1.270/lib/perl5/site_perl/5.32.0/PPI/Structure/Constructor.pm
Installing /nix/store/bw4vvsx9cry0fsnzzj9dwyym9zggyjnz-perl5.32.0-PPI-1.270/lib/perl5/site_perl/5.32.0/PPI/Structure/Subscript.pm
Installing /nix/store/bw4vvsx9cry0fsnzzj9dwyym9zggyjnz-perl5.32.0-PPI-1.270/lib/perl5/site_perl/5.32.0/PPI/Structure/Condition.pm
Installing /nix/store/bw4vvsx9cry0fsnzzj9dwyym9zggyjnz-perl5.32.0-PPI-1.270/lib/perl5/site_perl/5.32.0/PPI/Structure/Given.pm
Installing /nix/store/bw4vvsx9cry0fsnzzj9dwyym9zggyjnz-perl5.32.0-PPI-1.270/lib/perl5/site_perl/5.32.0/PPI/Structure/When.pm
Installing /nix/store/bw4vvsx9cry0fsnzzj9dwyym9zggyjnz-perl5.32.0-PPI-1.270/lib/perl5/site_perl/5.32.0/PPI/Transform/UpdateCopyright.pm
Installing /nix/store/bw4vvsx9cry0fsnzzj9dwyym9zggyjnz-perl5.32.0-PPI-1.270/lib/perl5/site_perl/5.32.0/PPI/Token/_QuoteEngine.pm
Installing /nix/store/bw4vvsx9cry0fsnzzj9dwyym9zggyjnz-perl5.32.0-PPI-1.270/lib/perl5/site_perl/5.32.0/PPI/Token/Word.pm
Installing /nix/store/bw4vvsx9cry0fsnzzj9dwyym9zggyjnz-perl5.32.0-PPI-1.270/lib/perl5/site_perl/5.32.0/PPI/Token/Whitespace.pm
Installing /nix/store/bw4vvsx9cry0fsnzzj9dwyym9zggyjnz-perl5.32.0-PPI-1.270/lib/perl5/site_perl/5.32.0/PPI/Token/Quote.pm
Installing /nix/store/bw4vvsx9cry0fsnzzj9dwyym9zggyjnz-perl5.32.0-PPI-1.270/lib/perl5/site_perl/5.32.0/PPI/Token/Attribute.pm
Installing /nix/store/bw4vvsx9cry0fsnzzj9dwyym9zggyjnz-perl5.32.0-PPI-1.270/lib/perl5/site_perl/5.32.0/PPI/Token/Unknown.pm
Installing /nix/store/bw4vvsx9cry0fsnzzj9dwyym9zggyjnz-perl5.32.0-PPI-1.270/lib/perl5/site_perl/5.32.0/PPI/Token/BOM.pm
Installing /nix/store/bw4vvsx9cry0fsnzzj9dwyym9zggyjnz-perl5.32.0-PPI-1.270/lib/perl5/site_perl/5.32.0/PPI/Token/Regexp.pm
Installing /nix/store/bw4vvsx9cry0fsnzzj9dwyym9zggyjnz-perl5.32.0-PPI-1.270/lib/perl5/site_perl/5.32.0/PPI/Token/Separator.pm
Installing /nix/store/bw4vvsx9cry0fsnzzj9dwyym9zggyjnz-perl5.32.0-PPI-1.270/lib/perl5/site_perl/5.32.0/PPI/Token/End.pm
Installing /nix/store/bw4vvsx9cry0fsnzzj9dwyym9zggyjnz-perl5.32.0-PPI-1.270/lib/perl5/site_perl/5.32.0/PPI/Token/Prototype.pm
Installing /nix/store/bw4vvsx9cry0fsnzzj9dwyym9zggyjnz-perl5.32.0-PPI-1.270/lib/perl5/site_perl/5.32.0/PPI/Token/Structure.pm
Installing /nix/store/bw4vvsx9cry0fsnzzj9dwyym9zggyjnz-perl5.32.0-PPI-1.270/lib/perl5/site_perl/5.32.0/PPI/Token/ArrayIndex.pm
Installing /nix/store/bw4vvsx9cry0fsnzzj9dwyym9zggyjnz-perl5.32.0-PPI-1.270/lib/perl5/site_perl/5.32.0/PPI/Token/Operator.pm
Installing /nix/store/bw4vvsx9cry0fsnzzj9dwyym9zggyjnz-perl5.32.0-PPI-1.270/lib/perl5/site_perl/5.32.0/PPI/Token/Cast.pm
Installing /nix/store/bw4vvsx9cry0fsnzzj9dwyym9zggyjnz-perl5.32.0-PPI-1.270/lib/perl5/site_perl/5.32.0/PPI/Token/Pod.pm
Installing /nix/store/bw4vvsx9cry0fsnzzj9dwyym9zggyjnz-perl5.32.0-PPI-1.270/lib/perl5/site_perl/5.32.0/PPI/Token/QuoteLike.pm
Installing /nix/store/bw4vvsx9cry0fsnzzj9dwyym9zggyjnz-perl5.32.0-PPI-1.270/lib/perl5/site_perl/5.32.0/PPI/Token/Magic.pm
Installing /nix/store/bw4vvsx9cry0fsnzzj9dwyym9zggyjnz-perl5.32.0-PPI-1.270/lib/perl5/site_perl/5.32.0/PPI/Token/Label.pm
Installing /nix/store/bw4vvsx9cry0fsnzzj9dwyym9zggyjnz-perl5.32.0-PPI-1.270/lib/perl5/site_perl/5.32.0/PPI/Token/DashedWord.pm
Installing /nix/store/bw4vvsx9cry0fsnzzj9dwyym9zggyjnz-perl5.32.0-PPI-1.270/lib/perl5/site_perl/5.32.0/PPI/Token/Data.pm
Installing /nix/store/bw4vvsx9cry0fsnzzj9dwyym9zggyjnz-perl5.32.0-PPI-1.270/lib/perl5/site_perl/5.32.0/PPI/Token/Comment.pm
Installing /nix/store/bw4vvsx9cry0fsnzzj9dwyym9zggyjnz-perl5.32.0-PPI-1.270/lib/perl5/site_perl/5.32.0/PPI/Token/HereDoc.pm
Installing /nix/store/bw4vvsx9cry0fsnzzj9dwyym9zggyjnz-perl5.32.0-PPI-1.270/lib/perl5/site_perl/5.32.0/PPI/Token/Number.pm
Installing /nix/store/bw4vvsx9cry0fsnzzj9dwyym9zggyjnz-perl5.32.0-PPI-1.270/lib/perl5/site_perl/5.32.0/PPI/Token/Symbol.pm
Installing /nix/store/bw4vvsx9cry0fsnzzj9dwyym9zggyjnz-perl5.32.0-PPI-1.270/lib/perl5/site_perl/5.32.0/PPI/Token/Regexp/Substitute.pm
Installing /nix/store/bw4vvsx9cry0fsnzzj9dwyym9zggyjnz-perl5.32.0-PPI-1.270/lib/perl5/site_perl/5.32.0/PPI/Token/Regexp/Match.pm
Installing /nix/store/bw4vvsx9cry0fsnzzj9dwyym9zggyjnz-perl5.32.0-PPI-1.270/lib/perl5/site_perl/5.32.0/PPI/Token/Regexp/Transliterate.pm
Installing /nix/store/bw4vvsx9cry0fsnzzj9dwyym9zggyjnz-perl5.32.0-PPI-1.270/lib/perl5/site_perl/5.32.0/PPI/Token/QuoteLike/Regexp.pm
Installing /nix/store/bw4vvsx9cry0fsnzzj9dwyym9zggyjnz-perl5.32.0-PPI-1.270/lib/perl5/site_perl/5.32.0/PPI/Token/QuoteLike/Command.pm
Installing /nix/store/bw4vvsx9cry0fsnzzj9dwyym9zggyjnz-perl5.32.0-PPI-1.270/lib/perl5/site_perl/5.32.0/PPI/Token/QuoteLike/Readline.pm
Installing /nix/store/bw4vvsx9cry0fsnzzj9dwyym9zggyjnz-perl5.32.0-PPI-1.270/lib/perl5/site_perl/5.32.0/PPI/Token/QuoteLike/Words.pm
Installing /nix/store/bw4vvsx9cry0fsnzzj9dwyym9zggyjnz-perl5.32.0-PPI-1.270/lib/perl5/site_perl/5.32.0/PPI/Token/QuoteLike/Backtick.pm
Installing /nix/store/bw4vvsx9cry0fsnzzj9dwyym9zggyjnz-perl5.32.0-PPI-1.270/lib/perl5/site_perl/5.32.0/PPI/Token/_QuoteEngine/Full.pm
Installing /nix/store/bw4vvsx9cry0fsnzzj9dwyym9zggyjnz-perl5.32.0-PPI-1.270/lib/perl5/site_perl/5.32.0/PPI/Token/_QuoteEngine/Simple.pm
Installing /nix/store/bw4vvsx9cry0fsnzzj9dwyym9zggyjnz-perl5.32.0-PPI-1.270/lib/perl5/site_perl/5.32.0/PPI/Token/Number/Binary.pm
Installing /nix/store/bw4vvsx9cry0fsnzzj9dwyym9zggyjnz-perl5.32.0-PPI-1.270/lib/perl5/site_perl/5.32.0/PPI/Token/Number/Hex.pm
Installing /nix/store/bw4vvsx9cry0fsnzzj9dwyym9zggyjnz-perl5.32.0-PPI-1.270/lib/perl5/site_perl/5.32.0/PPI/Token/Number/Octal.pm
Installing /nix/store/bw4vvsx9cry0fsnzzj9dwyym9zggyjnz-perl5.32.0-PPI-1.270/lib/perl5/site_perl/5.32.0/PPI/Token/Number/Float.pm
Installing /nix/store/bw4vvsx9cry0fsnzzj9dwyym9zggyjnz-perl5.32.0-PPI-1.270/lib/perl5/site_perl/5.32.0/PPI/Token/Number/Version.pm
Installing /nix/store/bw4vvsx9cry0fsnzzj9dwyym9zggyjnz-perl5.32.0-PPI-1.270/lib/perl5/site_perl/5.32.0/PPI/Token/Number/Exp.pm
Installing /nix/store/bw4vvsx9cry0fsnzzj9dwyym9zggyjnz-perl5.32.0-PPI-1.270/lib/perl5/site_perl/5.32.0/PPI/Token/Quote/Single.pm
Installing /nix/store/bw4vvsx9cry0fsnzzj9dwyym9zggyjnz-perl5.32.0-PPI-1.270/lib/perl5/site_perl/5.32.0/PPI/Token/Quote/Literal.pm
Installing /nix/store/bw4vvsx9cry0fsnzzj9dwyym9zggyjnz-perl5.32.0-PPI-1.270/lib/perl5/site_perl/5.32.0/PPI/Token/Quote/Double.pm
Installing /nix/store/bw4vvsx9cry0fsnzzj9dwyym9zggyjnz-perl5.32.0-PPI-1.270/lib/perl5/site_perl/5.32.0/PPI/Token/Quote/Interpolate.pm
Installing /nix/store/bw4vvsx9cry0fsnzzj9dwyym9zggyjnz-perl5.32.0-PPI-1.270/lib/perl5/site_perl/5.32.0/PPI/Statement/Break.pm
Installing /nix/store/bw4vvsx9cry0fsnzzj9dwyym9zggyjnz-perl5.32.0-PPI-1.270/lib/perl5/site_perl/5.32.0/PPI/Statement/Include.pm
Installing /nix/store/bw4vvsx9cry0fsnzzj9dwyym9zggyjnz-perl5.32.0-PPI-1.270/lib/perl5/site_perl/5.32.0/PPI/Statement/Package.pm
Installing /nix/store/bw4vvsx9cry0fsnzzj9dwyym9zggyjnz-perl5.32.0-PPI-1.270/lib/perl5/site_perl/5.32.0/PPI/Statement/Unknown.pm
Installing /nix/store/bw4vvsx9cry0fsnzzj9dwyym9zggyjnz-perl5.32.0-PPI-1.270/lib/perl5/site_perl/5.32.0/PPI/Statement/Variable.pm
Installing /nix/store/bw4vvsx9cry0fsnzzj9dwyym9zggyjnz-perl5.32.0-PPI-1.270/lib/perl5/site_perl/5.32.0/PPI/Statement/End.pm
Installing /nix/store/bw4vvsx9cry0fsnzzj9dwyym9zggyjnz-perl5.32.0-PPI-1.270/lib/perl5/site_perl/5.32.0/PPI/Statement/UnmatchedBrace.pm
Installing /nix/store/bw4vvsx9cry0fsnzzj9dwyym9zggyjnz-perl5.32.0-PPI-1.270/lib/perl5/site_perl/5.32.0/PPI/Statement/Null.pm
Installing /nix/store/bw4vvsx9cry0fsnzzj9dwyym9zggyjnz-perl5.32.0-PPI-1.270/lib/perl5/site_perl/5.32.0/PPI/Statement/Sub.pm
Installing /nix/store/bw4vvsx9cry0fsnzzj9dwyym9zggyjnz-perl5.32.0-PPI-1.270/lib/perl5/site_perl/5.32.0/PPI/Statement/Compound.pm
Installing /nix/store/bw4vvsx9cry0fsnzzj9dwyym9zggyjnz-perl5.32.0-PPI-1.270/lib/perl5/site_perl/5.32.0/PPI/Statement/Expression.pm
Installing /nix/store/bw4vvsx9cry0fsnzzj9dwyym9zggyjnz-perl5.32.0-PPI-1.270/lib/perl5/site_perl/5.32.0/PPI/Statement/Given.pm
Installing /nix/store/bw4vvsx9cry0fsnzzj9dwyym9zggyjnz-perl5.32.0-PPI-1.270/lib/perl5/site_perl/5.32.0/PPI/Statement/Scheduled.pm
Installing /nix/store/bw4vvsx9cry0fsnzzj9dwyym9zggyjnz-perl5.32.0-PPI-1.270/lib/perl5/site_perl/5.32.0/PPI/Statement/Data.pm
Installing /nix/store/bw4vvsx9cry0fsnzzj9dwyym9zggyjnz-perl5.32.0-PPI-1.270/lib/perl5/site_perl/5.32.0/PPI/Statement/When.pm
Installing /nix/store/bw4vvsx9cry0fsnzzj9dwyym9zggyjnz-perl5.32.0-PPI-1.270/lib/perl5/site_perl/5.32.0/PPI/Statement/Include/Perl6.pm
Installing /nix/store/bw4vvsx9cry0fsnzzj9dwyym9zggyjnz-perl5.32.0-PPI-1.270/lib/perl5/site_perl/5.32.0/PPI/Normal/Standard.pm
Installing /nix/store/bw4vvsx9cry0fsnzzj9dwyym9zggyjnz-perl5.32.0-PPI-1.270/lib/perl5/site_perl/5.32.0/PPI/Document/Normalized.pm
Installing /nix/store/bw4vvsx9cry0fsnzzj9dwyym9zggyjnz-perl5.32.0-PPI-1.270/lib/perl5/site_perl/5.32.0/PPI/Document/File.pm
Installing /nix/store/bw4vvsx9cry0fsnzzj9dwyym9zggyjnz-perl5.32.0-PPI-1.270/lib/perl5/site_perl/5.32.0/PPI/Document/Fragment.pm
Installing /nix/store/bw4vvsx9cry0fsnzzj9dwyym9zggyjnz-perl5.32.0-PPI-1.270/share/man/man3/PPI::Token::Prototype.3
Installing /nix/store/bw4vvsx9cry0fsnzzj9dwyym9zggyjnz-perl5.32.0-PPI-1.270/share/man/man3/PPI::Structure::Condition.3
Installing /nix/store/bw4vvsx9cry0fsnzzj9dwyym9zggyjnz-perl5.32.0-PPI-1.270/share/man/man3/PPI::Token::Structure.3
Installing /nix/store/bw4vvsx9cry0fsnzzj9dwyym9zggyjnz-perl5.32.0-PPI-1.270/share/man/man3/PPI::Structure.3
Installing /nix/store/bw4vvsx9cry0fsnzzj9dwyym9zggyjnz-perl5.32.0-PPI-1.270/share/man/man3/PPI::Structure::List.3
Installing /nix/store/bw4vvsx9cry0fsnzzj9dwyym9zggyjnz-perl5.32.0-PPI-1.270/share/man/man3/PPI::Token::Magic.3
Installing /nix/store/bw4vvsx9cry0fsnzzj9dwyym9zggyjnz-perl5.32.0-PPI-1.270/share/man/man3/PPI::Statement::Include.3
Installing /nix/store/bw4vvsx9cry0fsnzzj9dwyym9zggyjnz-perl5.32.0-PPI-1.270/share/man/man3/PPI::Structure::Subscript.3
Installing /nix/store/bw4vvsx9cry0fsnzzj9dwyym9zggyjnz-perl5.32.0-PPI-1.270/share/man/man3/PPI::Document.3
Installing /nix/store/bw4vvsx9cry0fsnzzj9dwyym9zggyjnz-perl5.32.0-PPI-1.270/share/man/man3/PPI::Token::QuoteLike::Words.3
Installing /nix/store/bw4vvsx9cry0fsnzzj9dwyym9zggyjnz-perl5.32.0-PPI-1.270/share/man/man3/PPI::Token::Quote::Double.3
Installing /nix/store/bw4vvsx9cry0fsnzzj9dwyym9zggyjnz-perl5.32.0-PPI-1.270/share/man/man3/PPI::Structure::Block.3
Installing /nix/store/bw4vvsx9cry0fsnzzj9dwyym9zggyjnz-perl5.32.0-PPI-1.270/share/man/man3/PPI::Structure::For.3
Installing /nix/store/bw4vvsx9cry0fsnzzj9dwyym9zggyjnz-perl5.32.0-PPI-1.270/share/man/man3/PPI::Statement::Package.3
Installing /nix/store/bw4vvsx9cry0fsnzzj9dwyym9zggyjnz-perl5.32.0-PPI-1.270/share/man/man3/PPI::Tokenizer.3
Installing /nix/store/bw4vvsx9cry0fsnzzj9dwyym9zggyjnz-perl5.32.0-PPI-1.270/share/man/man3/PPI::Normal.3
Installing /nix/store/bw4vvsx9cry0fsnzzj9dwyym9zggyjnz-perl5.32.0-PPI-1.270/share/man/man3/PPI::Token::HereDoc.3
Installing /nix/store/bw4vvsx9cry0fsnzzj9dwyym9zggyjnz-perl5.32.0-PPI-1.270/share/man/man3/PPI::Token::QuoteLike::Readline.3
Installing /nix/store/bw4vvsx9cry0fsnzzj9dwyym9zggyjnz-perl5.32.0-PPI-1.270/share/man/man3/PPI::Token::DashedWord.3
Installing /nix/store/bw4vvsx9cry0fsnzzj9dwyym9zggyjnz-perl5.32.0-PPI-1.270/share/man/man3/PPI::Find.3
Installing /nix/store/bw4vvsx9cry0fsnzzj9dwyym9zggyjnz-perl5.32.0-PPI-1.270/share/man/man3/PPI::Token::QuoteLike.3
Installing /nix/store/bw4vvsx9cry0fsnzzj9dwyym9zggyjnz-perl5.32.0-PPI-1.270/share/man/man3/PPI::Dumper.3
Installing /nix/store/bw4vvsx9cry0fsnzzj9dwyym9zggyjnz-perl5.32.0-PPI-1.270/share/man/man3/PPI::Exception.3
Installing /nix/store/bw4vvsx9cry0fsnzzj9dwyym9zggyjnz-perl5.32.0-PPI-1.270/share/man/man3/PPI::Token::Number::Version.3
Installing /nix/store/bw4vvsx9cry0fsnzzj9dwyym9zggyjnz-perl5.32.0-PPI-1.270/share/man/man3/PPI::Normal::Standard.3
Installing /nix/store/bw4vvsx9cry0fsnzzj9dwyym9zggyjnz-perl5.32.0-PPI-1.270/share/man/man3/PPI::Element.3
Installing /nix/store/bw4vvsx9cry0fsnzzj9dwyym9zggyjnz-perl5.32.0-PPI-1.270/share/man/man3/PPI::Token::QuoteLike::Backtick.3
Installing /nix/store/bw4vvsx9cry0fsnzzj9dwyym9zggyjnz-perl5.32.0-PPI-1.270/share/man/man3/PPI::Token::Quote::Interpolate.3
Installing /nix/store/bw4vvsx9cry0fsnzzj9dwyym9zggyjnz-perl5.32.0-PPI-1.270/share/man/man3/PPI::Token.3
Installing /nix/store/bw4vvsx9cry0fsnzzj9dwyym9zggyjnz-perl5.32.0-PPI-1.270/share/man/man3/PPI::Statement::Given.3
Installing /nix/store/bw4vvsx9cry0fsnzzj9dwyym9zggyjnz-perl5.32.0-PPI-1.270/share/man/man3/PPI::Statement::Break.3
Installing /nix/store/bw4vvsx9cry0fsnzzj9dwyym9zggyjnz-perl5.32.0-PPI-1.270/share/man/man3/PPI::Structure::When.3
Installing /nix/store/bw4vvsx9cry0fsnzzj9dwyym9zggyjnz-perl5.32.0-PPI-1.270/share/man/man3/PPI::Token::Unknown.3
Installing /nix/store/bw4vvsx9cry0fsnzzj9dwyym9zggyjnz-perl5.32.0-PPI-1.270/share/man/man3/PPI::Document::Fragment.3
Installing /nix/store/bw4vvsx9cry0fsnzzj9dwyym9zggyjnz-perl5.32.0-PPI-1.270/share/man/man3/PPI::Statement::When.3
Installing /nix/store/bw4vvsx9cry0fsnzzj9dwyym9zggyjnz-perl5.32.0-PPI-1.270/share/man/man3/PPI::Statement::End.3
Installing /nix/store/bw4vvsx9cry0fsnzzj9dwyym9zggyjnz-perl5.32.0-PPI-1.270/share/man/man3/PPI::Transform::UpdateCopyright.3
Installing /nix/store/bw4vvsx9cry0fsnzzj9dwyym9zggyjnz-perl5.32.0-PPI-1.270/share/man/man3/PPI::Node.3
Installing /nix/store/bw4vvsx9cry0fsnzzj9dwyym9zggyjnz-perl5.32.0-PPI-1.270/share/man/man3/PPI::Token::Operator.3
Installing /nix/store/bw4vvsx9cry0fsnzzj9dwyym9zggyjnz-perl5.32.0-PPI-1.270/share/man/man3/PPI::Token::Label.3
Installing /nix/store/bw4vvsx9cry0fsnzzj9dwyym9zggyjnz-perl5.32.0-PPI-1.270/share/man/man3/PPI::Statement::Include::Perl6.3
Installing /nix/store/bw4vvsx9cry0fsnzzj9dwyym9zggyjnz-perl5.32.0-PPI-1.270/share/man/man3/PPI::Document::Normalized.3
Installing /nix/store/bw4vvsx9cry0fsnzzj9dwyym9zggyjnz-perl5.32.0-PPI-1.270/share/man/man3/PPI::Token::Number::Float.3
Installing /nix/store/bw4vvsx9cry0fsnzzj9dwyym9zggyjnz-perl5.32.0-PPI-1.270/share/man/man3/PPI::Token::Comment.3
Installing /nix/store/bw4vvsx9cry0fsnzzj9dwyym9zggyjnz-perl5.32.0-PPI-1.270/share/man/man3/PPI::Structure::Unknown.3
Installing /nix/store/bw4vvsx9cry0fsnzzj9dwyym9zggyjnz-perl5.32.0-PPI-1.270/share/man/man3/PPI::Token::Separator.3
Installing /nix/store/bw4vvsx9cry0fsnzzj9dwyym9zggyjnz-perl5.32.0-PPI-1.270/share/man/man3/PPI::Token::_QuoteEngine::Full.3
Installing /nix/store/bw4vvsx9cry0fsnzzj9dwyym9zggyjnz-perl5.32.0-PPI-1.270/share/man/man3/PPI::Statement::Unknown.3
Installing /nix/store/bw4vvsx9cry0fsnzzj9dwyym9zggyjnz-perl5.32.0-PPI-1.270/share/man/man3/PPI::Token::Word.3
Installing /nix/store/bw4vvsx9cry0fsnzzj9dwyym9zggyjnz-perl5.32.0-PPI-1.270/share/man/man3/PPI::Statement.3
Installing /nix/store/bw4vvsx9cry0fsnzzj9dwyym9zggyjnz-perl5.32.0-PPI-1.270/share/man/man3/PPI::Token::BOM.3
Installing /nix/store/bw4vvsx9cry0fsnzzj9dwyym9zggyjnz-perl5.32.0-PPI-1.270/share/man/man3/PPI::Token::Number::Hex.3
Installing /nix/store/bw4vvsx9cry0fsnzzj9dwyym9zggyjnz-perl5.32.0-PPI-1.270/share/man/man3/PPI::Token::Regexp::Substitute.3
Installing /nix/store/bw4vvsx9cry0fsnzzj9dwyym9zggyjnz-perl5.32.0-PPI-1.270/share/man/man3/PPI::Token::Data.3
Installing /nix/store/bw4vvsx9cry0fsnzzj9dwyym9zggyjnz-perl5.32.0-PPI-1.270/share/man/man3/PPI::Lexer.3
Installing /nix/store/bw4vvsx9cry0fsnzzj9dwyym9zggyjnz-perl5.32.0-PPI-1.270/share/man/man3/PPI::Token::Pod.3
Installing /nix/store/bw4vvsx9cry0fsnzzj9dwyym9zggyjnz-perl5.32.0-PPI-1.270/share/man/man3/PPI::Token::End.3
Installing /nix/store/bw4vvsx9cry0fsnzzj9dwyym9zggyjnz-perl5.32.0-PPI-1.270/share/man/man3/PPI::Structure::Constructor.3
Installing /nix/store/bw4vvsx9cry0fsnzzj9dwyym9zggyjnz-perl5.32.0-PPI-1.270/share/man/man3/PPI::Token::Number.3
Installing /nix/store/bw4vvsx9cry0fsnzzj9dwyym9zggyjnz-perl5.32.0-PPI-1.270/share/man/man3/PPI::Token::QuoteLike::Regexp.3
Installing /nix/store/bw4vvsx9cry0fsnzzj9dwyym9zggyjnz-perl5.32.0-PPI-1.270/share/man/man3/PPI::Token::QuoteLike::Command.3
Installing /nix/store/bw4vvsx9cry0fsnzzj9dwyym9zggyjnz-perl5.32.0-PPI-1.270/share/man/man3/PPI::Transform.3
Installing /nix/store/bw4vvsx9cry0fsnzzj9dwyym9zggyjnz-perl5.32.0-PPI-1.270/share/man/man3/PPI::Token::Regexp::Match.3
Installing /nix/store/bw4vvsx9cry0fsnzzj9dwyym9zggyjnz-perl5.32.0-PPI-1.270/share/man/man3/PPI::Token::Symbol.3
Installing /nix/store/bw4vvsx9cry0fsnzzj9dwyym9zggyjnz-perl5.32.0-PPI-1.270/share/man/man3/PPI::Token::Regexp.3
Installing /nix/store/bw4vvsx9cry0fsnzzj9dwyym9zggyjnz-perl5.32.0-PPI-1.270/share/man/man3/PPI::Statement::Data.3
Installing /nix/store/bw4vvsx9cry0fsnzzj9dwyym9zggyjnz-perl5.32.0-PPI-1.270/share/man/man3/PPI::Token::Quote::Literal.3
Installing /nix/store/bw4vvsx9cry0fsnzzj9dwyym9zggyjnz-perl5.32.0-PPI-1.270/share/man/man3/PPI::Token::Whitespace.3
Installing /nix/store/bw4vvsx9cry0fsnzzj9dwyym9zggyjnz-perl5.32.0-PPI-1.270/share/man/man3/PPI::Token::Quote::Single.3
Installing /nix/store/bw4vvsx9cry0fsnzzj9dwyym9zggyjnz-perl5.32.0-PPI-1.270/share/man/man3/PPI::Token::Regexp::Transliterate.3
Installing /nix/store/bw4vvsx9cry0fsnzzj9dwyym9zggyjnz-perl5.32.0-PPI-1.270/share/man/man3/PPI::Structure::Given.3
Installing /nix/store/bw4vvsx9cry0fsnzzj9dwyym9zggyjnz-perl5.32.0-PPI-1.270/share/man/man3/PPI::Token::_QuoteEngine.3
Installing /nix/store/bw4vvsx9cry0fsnzzj9dwyym9zggyjnz-perl5.32.0-PPI-1.270/share/man/man3/PPI::Statement::Null.3
Installing /nix/store/bw4vvsx9cry0fsnzzj9dwyym9zggyjnz-perl5.32.0-PPI-1.270/share/man/man3/PPI::Token::_QuoteEngine::Simple.3
Installing /nix/store/bw4vvsx9cry0fsnzzj9dwyym9zggyjnz-perl5.32.0-PPI-1.270/share/man/man3/PPI::Statement::UnmatchedBrace.3
Installing /nix/store/bw4vvsx9cry0fsnzzj9dwyym9zggyjnz-perl5.32.0-PPI-1.270/share/man/man3/PPI::Cache.3
Installing /nix/store/bw4vvsx9cry0fsnzzj9dwyym9zggyjnz-perl5.32.0-PPI-1.270/share/man/man3/PPI::Statement::Sub.3
Installing /nix/store/bw4vvsx9cry0fsnzzj9dwyym9zggyjnz-perl5.32.0-PPI-1.270/share/man/man3/PPI.3
Installing /nix/store/bw4vvsx9cry0fsnzzj9dwyym9zggyjnz-perl5.32.0-PPI-1.270/share/man/man3/PPI::Token::ArrayIndex.3
Installing /nix/store/bw4vvsx9cry0fsnzzj9dwyym9zggyjnz-perl5.32.0-PPI-1.270/share/man/man3/PPI::Statement::Scheduled.3
Installing /nix/store/bw4vvsx9cry0fsnzzj9dwyym9zggyjnz-perl5.32.0-PPI-1.270/share/man/man3/PPI::Token::Quote.3
Installing /nix/store/bw4vvsx9cry0fsnzzj9dwyym9zggyjnz-perl5.32.0-PPI-1.270/share/man/man3/PPI::Document::File.3
Installing /nix/store/bw4vvsx9cry0fsnzzj9dwyym9zggyjnz-perl5.32.0-PPI-1.270/share/man/man3/PPI::Token::Number::Exp.3
Installing /nix/store/bw4vvsx9cry0fsnzzj9dwyym9zggyjnz-perl5.32.0-PPI-1.270/share/man/man3/PPI::Statement::Variable.3
Installing /nix/store/bw4vvsx9cry0fsnzzj9dwyym9zggyjnz-perl5.32.0-PPI-1.270/share/man/man3/PPI::Token::Number::Binary.3
Installing /nix/store/bw4vvsx9cry0fsnzzj9dwyym9zggyjnz-perl5.32.0-PPI-1.270/share/man/man3/PPI::Token::Number::Octal.3
Installing /nix/store/bw4vvsx9cry0fsnzzj9dwyym9zggyjnz-perl5.32.0-PPI-1.270/share/man/man3/PPI::Token::Cast.3
Installing /nix/store/bw4vvsx9cry0fsnzzj9dwyym9zggyjnz-perl5.32.0-PPI-1.270/share/man/man3/PPI::Statement::Compound.3
Installing /nix/store/bw4vvsx9cry0fsnzzj9dwyym9zggyjnz-perl5.32.0-PPI-1.270/share/man/man3/PPI::Statement::Expression.3
Installing /nix/store/bw4vvsx9cry0fsnzzj9dwyym9zggyjnz-perl5.32.0-PPI-1.270/share/man/man3/PPI::Token::Attribute.3
Appending installation info to /nix/store/bw4vvsx9cry0fsnzzj9dwyym9zggyjnz-perl5.32.0-PPI-1.270/lib/perl5/5.32.0/x86_64-linux-thread-multi/perllocal.pod
post-installation fixup
Moving /nix/store/bw4vvsx9cry0fsnzzj9dwyym9zggyjnz-perl5.32.0-PPI-1.270/share/man/man3 to /nix/store/kl1fw2kkw4j415frs6507ab7mnjp08gv-perl5.32.0-PPI-1.270-devdoc/share/man/man3
Removing empty /nix/store/bw4vvsx9cry0fsnzzj9dwyym9zggyjnz-perl5.32.0-PPI-1.270/share/man/ and (possibly) its parents
shrinking RPATHs of ELF executables and libraries in /nix/store/bw4vvsx9cry0fsnzzj9dwyym9zggyjnz-perl5.32.0-PPI-1.270
strip is /nix/store/psyzbhp4p088sb9qcs378hfbslcalasl-binutils-2.31.1/bin/strip
stripping (with command strip and flags -S) in /nix/store/bw4vvsx9cry0fsnzzj9dwyym9zggyjnz-perl5.32.0-PPI-1.270/lib
patching script interpreter paths in /nix/store/bw4vvsx9cry0fsnzzj9dwyym9zggyjnz-perl5.32.0-PPI-1.270
checking for references to /build/ in /nix/store/bw4vvsx9cry0fsnzzj9dwyym9zggyjnz-perl5.32.0-PPI-1.270...
shrinking RPATHs of ELF executables and libraries in /nix/store/kl1fw2kkw4j415frs6507ab7mnjp08gv-perl5.32.0-PPI-1.270-devdoc
gzipping man pages under /nix/store/kl1fw2kkw4j415frs6507ab7mnjp08gv-perl5.32.0-PPI-1.270-devdoc/share/man/
strip is /nix/store/psyzbhp4p088sb9qcs378hfbslcalasl-binutils-2.31.1/bin/strip
patching script interpreter paths in /nix/store/kl1fw2kkw4j415frs6507ab7mnjp08gv-perl5.32.0-PPI-1.270-devdoc
checking for references to /build/ in /nix/store/kl1fw2kkw4j415frs6507ab7mnjp08gv-perl5.32.0-PPI-1.270-devdoc...
building '/nix/store/86ca28liy6npzyzhsqvfp5f3h491cm1f-perl5.32.0-Perl-PrereqScanner-1.023.drv'...
unpacking sources
unpacking source archive /nix/store/sc09hbgfp3hda5w14wcdplkpkxfsnvw1-Perl-PrereqScanner-1.023.tar.gz
source root is Perl-PrereqScanner-1.023
setting SOURCE_DATE_EPOCH to timestamp 1428287038 of file Perl-PrereqScanner-1.023/xt/release/pod-syntax.t
patching sources
configuring
patching ./xt/release/pod-syntax.t...
patching ./xt/release/changes_has_content.t...
patching ./t/autoprereq.t...
patching ./t/00-report-prereqs.t...
patching ./t/scan-prereqs.t...
patching ./t/scan-module.t...
patching ./bin/scan-perl-prereqs...
patching ./bin/scan_prereqs...
Checking if your kit is complete...
Looks good
Generating a Unix-style Makefile
Writing Makefile for Perl::PrereqScanner
Writing MYMETA.yml and MYMETA.json
no configure script, doing nothing
building
build flags: SHELL=/nix/store/9fqwwd4iybmhjqyxiaxycknslw6bgwh1-bash-4.4-p23/bin/bash
cp lib/Perl/PrereqScanner/Scanner/Perl5.pm blib/lib/Perl/PrereqScanner/Scanner/Perl5.pm
cp lib/Perl/PrereqScanner/Scanner/Aliased.pm blib/lib/Perl/PrereqScanner/Scanner/Aliased.pm
cp lib/Perl/PrereqScanner/Scanner/Moose.pm blib/lib/Perl/PrereqScanner/Scanner/Moose.pm
cp lib/Perl/PrereqScanner/Scanner/Superclass.pm blib/lib/Perl/PrereqScanner/Scanner/Superclass.pm
cp lib/Perl/PrereqScanner/Scanner/POE.pm blib/lib/Perl/PrereqScanner/Scanner/POE.pm
cp lib/Perl/PrereqScanner/Scanner/TestMore.pm blib/lib/Perl/PrereqScanner/Scanner/TestMore.pm
cp lib/Perl/PrereqScanner/Scanner.pm blib/lib/Perl/PrereqScanner/Scanner.pm
cp lib/Perl/PrereqScanner.pm blib/lib/Perl/PrereqScanner.pm
cp bin/scan-perl-prereqs blib/script/scan-perl-prereqs
"/nix/store/7c044di03qa7qgr5kjjc2d787aspzp0m-perl-5.32.0/bin/perl" -MExtUtils::MY -e 'MY->fixin(shift)' -- blib/script/scan-perl-prereqs
cp bin/scan_prereqs blib/script/scan_prereqs
"/nix/store/7c044di03qa7qgr5kjjc2d787aspzp0m-perl-5.32.0/bin/perl" -MExtUtils::MY -e 'MY->fixin(shift)' -- blib/script/scan_prereqs
Manifying 2 pod documents
Manifying 8 pod documents
running tests
check flags: SHELL=/nix/store/9fqwwd4iybmhjqyxiaxycknslw6bgwh1-bash-4.4-p23/bin/bash VERBOSE=y test
PERL_DL_NONLAZY=1 "/nix/store/7c044di03qa7qgr5kjjc2d787aspzp0m-perl-5.32.0/bin/perl" "-MExtUtils::Command::MM" "-MTest::Harness" "-e" "undef *Test::Harness::Switches; test_harness(0, 'blib/lib', 'blib/arch')" t/*.t
t/00-report-prereqs.t .. #
# Versions for all modules listed in MYMETA.json (including optional ones):
#
# === Configure Requires ===
#
#     Module              Want Have
#     ------------------- ---- ----
#     ExtUtils::MakeMaker  any 7.44
#
# === Build Requires ===
#
#     Module              Want Have
#     ------------------- ---- ----
#     ExtUtils::MakeMaker  any 7.44
#
# === Test Requires ===
#
#     Module              Want     Have
#     ------------------- ---- --------
#     ExtUtils::MakeMaker  any     7.44
#     File::Spec           any     3.78
#     File::Temp           any   0.2309
#     PPI::Document        any    1.270
#     Test::More          0.96 1.302175
#     Try::Tiny            any     0.30
#
# === Test Recommends ===
#
#     Module         Want     Have
#     ---------- -------- --------
#     CPAN::Meta 2.120900 2.150010
#
# === Runtime Requires ===
#
#     Module                     Want   Have
#     ------------------------- ----- ------
#     CPAN::Meta::Requirements  2.124  2.140
#     File::Find                  any   1.37
#     File::Spec::Functions       any   3.78
#     FindBin                     any   1.51
#     Getopt::Long                any   2.51
#     Getopt::Long::Descriptive   any  0.105
#     List::MoreUtils             any  0.428
#     List::Util                  any   1.55
#     Module::Path                any   0.19
#     Moose                       any 2.2012
#     Moose::Role                 any 2.2012
#     PPI                       1.215  1.270
#     Params::Util                any   1.07
#     Scalar::Util                any   1.55
#     String::RewritePrefix     0.005  0.008
#     lib                         any   0.65
#     namespace::autoclean        any   0.29
#     strict                      any   1.11
#     warnings                    any   1.47
#
t/00-report-prereqs.t .. ok
t/autoprereq.t ......... ok
t/scan-module.t ........ ok
t/scan-prereqs.t ....... ok
All tests successful.
Files=4, Tests=269,  3 wallclock secs ( 0.07 usr  0.05 sys +  2.29 cusr  1.28 csys =  3.69 CPU)
Result: PASS
installing
install flags: SHELL=/nix/store/9fqwwd4iybmhjqyxiaxycknslw6bgwh1-bash-4.4-p23/bin/bash pkgconfigdir=/nix/store/l6bddp8jv1xfnznxx375iz5jrd5x7gkp-perl5.32.0-Perl-PrereqScanner-1.023/lib/pkgconfig m4datadir=/nix/store/l6bddp8jv1xfnznxx375iz5jrd5x7gkp-perl5.32.0-Perl-PrereqScanner-1.023/share/aclocal aclocaldir=/nix/store/l6bddp8jv1xfnznxx375iz5jrd5x7gkp-perl5.32.0-Perl-PrereqScanner-1.023/share/aclocal install
Manifying 2 pod documents
Manifying 8 pod documents
Installing /nix/store/l6bddp8jv1xfnznxx375iz5jrd5x7gkp-perl5.32.0-Perl-PrereqScanner-1.023/lib/perl5/site_perl/5.32.0/Perl/PrereqScanner.pm
Installing /nix/store/l6bddp8jv1xfnznxx375iz5jrd5x7gkp-perl5.32.0-Perl-PrereqScanner-1.023/lib/perl5/site_perl/5.32.0/Perl/PrereqScanner/Scanner.pm
Installing /nix/store/l6bddp8jv1xfnznxx375iz5jrd5x7gkp-perl5.32.0-Perl-PrereqScanner-1.023/lib/perl5/site_perl/5.32.0/Perl/PrereqScanner/Scanner/Perl5.pm
Installing /nix/store/l6bddp8jv1xfnznxx375iz5jrd5x7gkp-perl5.32.0-Perl-PrereqScanner-1.023/lib/perl5/site_perl/5.32.0/Perl/PrereqScanner/Scanner/Superclass.pm
Installing /nix/store/l6bddp8jv1xfnznxx375iz5jrd5x7gkp-perl5.32.0-Perl-PrereqScanner-1.023/lib/perl5/site_perl/5.32.0/Perl/PrereqScanner/Scanner/POE.pm
Installing /nix/store/l6bddp8jv1xfnznxx375iz5jrd5x7gkp-perl5.32.0-Perl-PrereqScanner-1.023/lib/perl5/site_perl/5.32.0/Perl/PrereqScanner/Scanner/TestMore.pm
Installing /nix/store/l6bddp8jv1xfnznxx375iz5jrd5x7gkp-perl5.32.0-Perl-PrereqScanner-1.023/lib/perl5/site_perl/5.32.0/Perl/PrereqScanner/Scanner/Moose.pm
Installing /nix/store/l6bddp8jv1xfnznxx375iz5jrd5x7gkp-perl5.32.0-Perl-PrereqScanner-1.023/lib/perl5/site_perl/5.32.0/Perl/PrereqScanner/Scanner/Aliased.pm
Installing /nix/store/l6bddp8jv1xfnznxx375iz5jrd5x7gkp-perl5.32.0-Perl-PrereqScanner-1.023/share/man/man1/scan_prereqs.1
Installing /nix/store/l6bddp8jv1xfnznxx375iz5jrd5x7gkp-perl5.32.0-Perl-PrereqScanner-1.023/share/man/man1/scan-perl-prereqs.1
Installing /nix/store/l6bddp8jv1xfnznxx375iz5jrd5x7gkp-perl5.32.0-Perl-PrereqScanner-1.023/share/man/man3/Perl::PrereqScanner::Scanner::TestMore.3
Installing /nix/store/l6bddp8jv1xfnznxx375iz5jrd5x7gkp-perl5.32.0-Perl-PrereqScanner-1.023/share/man/man3/Perl::PrereqScanner::Scanner::Superclass.3
Installing /nix/store/l6bddp8jv1xfnznxx375iz5jrd5x7gkp-perl5.32.0-Perl-PrereqScanner-1.023/share/man/man3/Perl::PrereqScanner::Scanner.3
Installing /nix/store/l6bddp8jv1xfnznxx375iz5jrd5x7gkp-perl5.32.0-Perl-PrereqScanner-1.023/share/man/man3/Perl::PrereqScanner::Scanner::POE.3
Installing /nix/store/l6bddp8jv1xfnznxx375iz5jrd5x7gkp-perl5.32.0-Perl-PrereqScanner-1.023/share/man/man3/Perl::PrereqScanner.3
Installing /nix/store/l6bddp8jv1xfnznxx375iz5jrd5x7gkp-perl5.32.0-Perl-PrereqScanner-1.023/share/man/man3/Perl::PrereqScanner::Scanner::Moose.3
Installing /nix/store/l6bddp8jv1xfnznxx375iz5jrd5x7gkp-perl5.32.0-Perl-PrereqScanner-1.023/share/man/man3/Perl::PrereqScanner::Scanner::Perl5.3
Installing /nix/store/l6bddp8jv1xfnznxx375iz5jrd5x7gkp-perl5.32.0-Perl-PrereqScanner-1.023/share/man/man3/Perl::PrereqScanner::Scanner::Aliased.3
Installing /nix/store/l6bddp8jv1xfnznxx375iz5jrd5x7gkp-perl5.32.0-Perl-PrereqScanner-1.023/bin/scan-perl-prereqs
Installing /nix/store/l6bddp8jv1xfnznxx375iz5jrd5x7gkp-perl5.32.0-Perl-PrereqScanner-1.023/bin/scan_prereqs
Appending installation info to /nix/store/l6bddp8jv1xfnznxx375iz5jrd5x7gkp-perl5.32.0-Perl-PrereqScanner-1.023/lib/perl5/5.32.0/x86_64-linux-thread-multi/perllocal.pod
post-installation fixup
Moving /nix/store/l6bddp8jv1xfnznxx375iz5jrd5x7gkp-perl5.32.0-Perl-PrereqScanner-1.023/share/man/man3 to /nix/store/jyjzp62y6ddfnnidbhjgx19a9sa3a7qy-perl5.32.0-Perl-PrereqScanner-1.023-devdoc/share/man/man3
rmdir: failed to remove '/nix/store/l6bddp8jv1xfnznxx375iz5jrd5x7gkp-perl5.32.0-Perl-PrereqScanner-1.023/share/man': Directory not empty
shrinking RPATHs of ELF executables and libraries in /nix/store/l6bddp8jv1xfnznxx375iz5jrd5x7gkp-perl5.32.0-Perl-PrereqScanner-1.023
gzipping man pages under /nix/store/l6bddp8jv1xfnznxx375iz5jrd5x7gkp-perl5.32.0-Perl-PrereqScanner-1.023/share/man/
strip is /nix/store/psyzbhp4p088sb9qcs378hfbslcalasl-binutils-2.31.1/bin/strip
stripping (with command strip and flags -S) in /nix/store/l6bddp8jv1xfnznxx375iz5jrd5x7gkp-perl5.32.0-Perl-PrereqScanner-1.023/lib  /nix/store/l6bddp8jv1xfnznxx375iz5jrd5x7gkp-perl5.32.0-Perl-PrereqScanner-1.023/bin
patching script interpreter paths in /nix/store/l6bddp8jv1xfnznxx375iz5jrd5x7gkp-perl5.32.0-Perl-PrereqScanner-1.023
checking for references to /build/ in /nix/store/l6bddp8jv1xfnznxx375iz5jrd5x7gkp-perl5.32.0-Perl-PrereqScanner-1.023...
shrinking RPATHs of ELF executables and libraries in /nix/store/jyjzp62y6ddfnnidbhjgx19a9sa3a7qy-perl5.32.0-Perl-PrereqScanner-1.023-devdoc
gzipping man pages under /nix/store/jyjzp62y6ddfnnidbhjgx19a9sa3a7qy-perl5.32.0-Perl-PrereqScanner-1.023-devdoc/share/man/
strip is /nix/store/psyzbhp4p088sb9qcs378hfbslcalasl-binutils-2.31.1/bin/strip
patching script interpreter paths in /nix/store/jyjzp62y6ddfnnidbhjgx19a9sa3a7qy-perl5.32.0-Perl-PrereqScanner-1.023-devdoc
checking for references to /build/ in /nix/store/jyjzp62y6ddfnnidbhjgx19a9sa3a7qy-perl5.32.0-Perl-PrereqScanner-1.023-devdoc...
building '/nix/store/5yay430hgcjnqrm7sv4dafv3phajn2mg-perl5.32.0-Dist-Zilla-6.015.drv'...
unpacking sources
unpacking source archive /nix/store/4ci29ms1zy0phzhzkhfk6qg31piwlc87-Dist-Zilla-6.015.tar.gz
source root is Dist-Zilla-6.015
setting SOURCE_DATE_EPOCH to timestamp 1590777062 of file Dist-Zilla-6.015/xt/release/changes_has_content.t
patching sources
configuring
patching ./misc/dzil_bootstrap...
patching ./xt/author/pod-syntax.t...
patching ./t/00-report-prereqs.t...
patching ./corpus/dist/AutoPrereqs/bin/foobar...
patching ./corpus/dist/DZT_Inc/Foo.pm...
patching ./corpus/dist/DZT_Inc/Foo/Bar.pm...
patching ./corpus/dist/DZT_Bin/another_perl_script...
patching ./corpus/dist/DZT_Bin/test.bash...
patching ./corpus/dist/DZT_Bin/test.pl...
patching ./bin/dzil...
Checking if your kit is complete...
Looks good
Generating a Unix-style Makefile
Writing Makefile for Dist::Zilla
Writing MYMETA.yml and MYMETA.json
no configure script, doing nothing
building
build flags: SHELL=/nix/store/9fqwwd4iybmhjqyxiaxycknslw6bgwh1-bash-4.4-p23/bin/bash
cp profiles/default/extra-dist.ini blib/lib/auto/share/module/Dist-Zilla-MintingProfile-Default/default/extra-dist.ini
cp profiles/default/profile.ini blib/lib/auto/share/module/Dist-Zilla-MintingProfile-Default/default/profile.ini
cp lib/Dist/Zilla/App/Command/clean.pm blib/lib/Dist/Zilla/App/Command/clean.pm
cp lib/Dist/Zilla/App/Command/build.pm blib/lib/Dist/Zilla/App/Command/build.pm
cp lib/Dist/Zilla/App/Command/version.pm blib/lib/Dist/Zilla/App/Command/version.pm
cp lib/Dist/Zilla/Dist/Minter.pm blib/lib/Dist/Zilla/Dist/Minter.pm
cp lib/Dist/Zilla/App/Command/nop.pm blib/lib/Dist/Zilla/App/Command/nop.pm
cp lib/Dist/Zilla/App/Command/authordeps.pm blib/lib/Dist/Zilla/App/Command/authordeps.pm
cp lib/Dist/Zilla/App/Command/listdeps.pm blib/lib/Dist/Zilla/App/Command/listdeps.pm
cp lib/Dist/Zilla/App/Command/test.pm blib/lib/Dist/Zilla/App/Command/test.pm
cp lib/Dist/Zilla/Dist/Builder.pm blib/lib/Dist/Zilla/Dist/Builder.pm
cp lib/Dist/Zilla/Chrome/Test.pm blib/lib/Dist/Zilla/Chrome/Test.pm
cp lib/Dist/Zilla/App/Command/smoke.pm blib/lib/Dist/Zilla/App/Command/smoke.pm
cp lib/Dist/Zilla/App/Tester.pm blib/lib/Dist/Zilla/App/Tester.pm
cp lib/Dist/Zilla/MVP/Assembler/GlobalConfig.pm blib/lib/Dist/Zilla/MVP/Assembler/GlobalConfig.pm
cp lib/Dist/Zilla/App/Command.pm blib/lib/Dist/Zilla/App/Command.pm
cp lib/Dist/Zilla/File/InMemory.pm blib/lib/Dist/Zilla/File/InMemory.pm
cp lib/Dist/Zilla/MVP/Section.pm blib/lib/Dist/Zilla/MVP/Section.pm
cp lib/Dist/Zilla/App/Command/install.pm blib/lib/Dist/Zilla/App/Command/install.pm
cp lib/Dist/Zilla/App/Command/add.pm blib/lib/Dist/Zilla/App/Command/add.pm
cp lib/Dist/Zilla/MVP/Reader/Perl.pm blib/lib/Dist/Zilla/MVP/Reader/Perl.pm
cp lib/Dist/Zilla/File/FromCode.pm blib/lib/Dist/Zilla/File/FromCode.pm
cp lib/Dist/Zilla/App/Command/setup.pm blib/lib/Dist/Zilla/App/Command/setup.pm
cp lib/Dist/Zilla/MintingProfile/Default.pm blib/lib/Dist/Zilla/MintingProfile/Default.pm
cp lib/Dist/Zilla/App.pm blib/lib/Dist/Zilla/App.pm
cp lib/Dist/Zilla/MVP/Reader/Finder.pm blib/lib/Dist/Zilla/MVP/Reader/Finder.pm
cp lib/Dist/Zilla/Path.pm blib/lib/Dist/Zilla/Path.pm
cp lib/Dist/Zilla/MVP/Assembler.pm blib/lib/Dist/Zilla/MVP/Assembler.pm
cp lib/Dist/Zilla.pm blib/lib/Dist/Zilla.pm
cp lib/Dist/Zilla/App/Command/new.pm blib/lib/Dist/Zilla/App/Command/new.pm
cp lib/Dist/Zilla/Chrome/Term.pm blib/lib/Dist/Zilla/Chrome/Term.pm
cp lib/Dist/Zilla/App/Command/run.pm blib/lib/Dist/Zilla/App/Command/run.pm
cp lib/Dist/Zilla/MVP/RootSection.pm blib/lib/Dist/Zilla/MVP/RootSection.pm
cp lib/Dist/Zilla/File/OnDisk.pm blib/lib/Dist/Zilla/File/OnDisk.pm
cp lib/Dist/Zilla/MVP/Assembler/Zilla.pm blib/lib/Dist/Zilla/MVP/Assembler/Zilla.pm
cp lib/Dist/Zilla/App/Command/release.pm blib/lib/Dist/Zilla/App/Command/release.pm
cp lib/Dist/Zilla/Plugin/GatherDir/Template.pm blib/lib/Dist/Zilla/Plugin/GatherDir/Template.pm
cp lib/Dist/Zilla/Plugin/GenerateFile.pm blib/lib/Dist/Zilla/Plugin/GenerateFile.pm
cp lib/Dist/Zilla/Plugin/MetaTests.pm blib/lib/Dist/Zilla/Plugin/MetaTests.pm
cp lib/Dist/Zilla/Plugin/FileFinder/Filter.pm blib/lib/Dist/Zilla/Plugin/FileFinder/Filter.pm
cp lib/Dist/Zilla/Plugin/NextRelease.pm blib/lib/Dist/Zilla/Plugin/NextRelease.pm
cp lib/Dist/Zilla/Plugin/MetaNoIndex.pm blib/lib/Dist/Zilla/Plugin/MetaNoIndex.pm
cp lib/Dist/Zilla/Plugin/ExecDir.pm blib/lib/Dist/Zilla/Plugin/ExecDir.pm
cp lib/Dist/Zilla/Plugin/InlineFiles.pm blib/lib/Dist/Zilla/Plugin/InlineFiles.pm
cp lib/Dist/Zilla/Plugin/AutoPrereqs.pm blib/lib/Dist/Zilla/Plugin/AutoPrereqs.pm
cp lib/Dist/Zilla/Plugin/CPANFile.pm blib/lib/Dist/Zilla/Plugin/CPANFile.pm
cp lib/Dist/Zilla/Plugin/MakeMaker.pm blib/lib/Dist/Zilla/Plugin/MakeMaker.pm
cp lib/Dist/Zilla/Plugin/Encoding.pm blib/lib/Dist/Zilla/Plugin/Encoding.pm
cp lib/Dist/Zilla/Plugin/MetaJSON.pm blib/lib/Dist/Zilla/Plugin/MetaJSON.pm
cp lib/Dist/Zilla/Plugin/ModuleShareDirs.pm blib/lib/Dist/Zilla/Plugin/ModuleShareDirs.pm
cp lib/Dist/Zilla/Plugin/MetaYAML.pm blib/lib/Dist/Zilla/Plugin/MetaYAML.pm
cp lib/Dist/Zilla/Plugin/Manifest.pm blib/lib/Dist/Zilla/Plugin/Manifest.pm
cp lib/Dist/Zilla/Plugin/FinderCode.pm blib/lib/Dist/Zilla/Plugin/FinderCode.pm
cp lib/Dist/Zilla/Plugin/License.pm blib/lib/Dist/Zilla/Plugin/License.pm
cp lib/Dist/Zilla/Plugin/FakeRelease.pm blib/lib/Dist/Zilla/Plugin/FakeRelease.pm
cp lib/Dist/Zilla/Plugin/AutoVersion.pm blib/lib/Dist/Zilla/Plugin/AutoVersion.pm
cp lib/Dist/Zilla/Plugin/GatherDir.pm blib/lib/Dist/Zilla/Plugin/GatherDir.pm
cp lib/Dist/Zilla/Plugin/GatherFile.pm blib/lib/Dist/Zilla/Plugin/GatherFile.pm
cp lib/Dist/Zilla/Plugin/FileFinder/ByName.pm blib/lib/Dist/Zilla/Plugin/FileFinder/ByName.pm
cp lib/Dist/Zilla/Plugin/MakeMaker/Runner.pm blib/lib/Dist/Zilla/Plugin/MakeMaker/Runner.pm
cp lib/Dist/Zilla/Plugin/MetaResources.pm blib/lib/Dist/Zilla/Plugin/MetaResources.pm
cp lib/Dist/Zilla/Plugin/MetaConfig.pm blib/lib/Dist/Zilla/Plugin/MetaConfig.pm
cp lib/Dist/Zilla/Plugin/ManifestSkip.pm blib/lib/Dist/Zilla/Plugin/ManifestSkip.pm
cp lib/Dist/Zilla/Plugin/DistINI.pm blib/lib/Dist/Zilla/Plugin/DistINI.pm
cp lib/Dist/Zilla/Plugin/ExtraTests.pm blib/lib/Dist/Zilla/Plugin/ExtraTests.pm
cp lib/Dist/Zilla/Plugin/ConfirmRelease.pm blib/lib/Dist/Zilla/Plugin/ConfirmRelease.pm
cp lib/Dist/Zilla/Plugin/ModuleBuild.pm blib/lib/Dist/Zilla/Plugin/ModuleBuild.pm
cp lib/Dist/Zilla/Plugin/PruneFiles.pm blib/lib/Dist/Zilla/Plugin/PruneFiles.pm
cp lib/Dist/Zilla/Role/EncodingProvider.pm blib/lib/Dist/Zilla/Role/EncodingProvider.pm
cp lib/Dist/Zilla/Plugin/TestRelease.pm blib/lib/Dist/Zilla/Plugin/TestRelease.pm
cp lib/Dist/Zilla/Plugin/PkgVersion.pm blib/lib/Dist/Zilla/Plugin/PkgVersion.pm
cp lib/Dist/Zilla/Prereqs.pm blib/lib/Dist/Zilla/Prereqs.pm
cp lib/Dist/Zilla/Plugin/RemovePrereqs.pm blib/lib/Dist/Zilla/Plugin/RemovePrereqs.pm
cp lib/Dist/Zilla/Plugin/PkgDist.pm blib/lib/Dist/Zilla/Plugin/PkgDist.pm
cp lib/Dist/Zilla/Plugin/ShareDir.pm blib/lib/Dist/Zilla/Plugin/ShareDir.pm
cp lib/Dist/Zilla/Role/BeforeMint.pm blib/lib/Dist/Zilla/Role/BeforeMint.pm
cp lib/Dist/Zilla/Plugin/PruneCruft.pm blib/lib/Dist/Zilla/Plugin/PruneCruft.pm
cp lib/Dist/Zilla/Plugin/TemplateModule.pm blib/lib/Dist/Zilla/Plugin/TemplateModule.pm
cp lib/Dist/Zilla/PluginBundle/FakeClassic.pm blib/lib/Dist/Zilla/PluginBundle/FakeClassic.pm
cp lib/Dist/Zilla/Plugin/PodVersion.pm blib/lib/Dist/Zilla/Plugin/PodVersion.pm
cp lib/Dist/Zilla/PluginBundle/Basic.pm blib/lib/Dist/Zilla/PluginBundle/Basic.pm
cp lib/Dist/Zilla/Role/ExecFiles.pm blib/lib/Dist/Zilla/Role/ExecFiles.pm
cp lib/Dist/Zilla/Role/ConfigDumper.pm blib/lib/Dist/Zilla/Role/ConfigDumper.pm
cp lib/Dist/Zilla/Role/AfterBuild.pm blib/lib/Dist/Zilla/Role/AfterBuild.pm
cp lib/Dist/Zilla/Role/AfterMint.pm blib/lib/Dist/Zilla/Role/AfterMint.pm
cp lib/Dist/Zilla/Role/BuildRunner.pm blib/lib/Dist/Zilla/Role/BuildRunner.pm
cp lib/Dist/Zilla/Plugin/Prereqs.pm blib/lib/Dist/Zilla/Plugin/Prereqs.pm
cp lib/Dist/Zilla/Role/AfterRelease.pm blib/lib/Dist/Zilla/Role/AfterRelease.pm
cp lib/Dist/Zilla/Plugin/PodCoverageTests.pm blib/lib/Dist/Zilla/Plugin/PodCoverageTests.pm
cp lib/Dist/Zilla/Role/Chrome.pm blib/lib/Dist/Zilla/Role/Chrome.pm
cp lib/Dist/Zilla/Plugin/UploadToCPAN.pm blib/lib/Dist/Zilla/Plugin/UploadToCPAN.pm
cp lib/Dist/Zilla/Role/BuildPL.pm blib/lib/Dist/Zilla/Role/BuildPL.pm
cp lib/Dist/Zilla/Plugin/PodSyntaxTests.pm blib/lib/Dist/Zilla/Plugin/PodSyntaxTests.pm
cp lib/Dist/Zilla/PluginBundle/Filter.pm blib/lib/Dist/Zilla/PluginBundle/Filter.pm
cp lib/Dist/Zilla/Role/BeforeRelease.pm blib/lib/Dist/Zilla/Role/BeforeRelease.pm
cp lib/Dist/Zilla/Role/BeforeArchive.pm blib/lib/Dist/Zilla/Role/BeforeArchive.pm
cp lib/Dist/Zilla/Role/BeforeBuild.pm blib/lib/Dist/Zilla/Role/BeforeBuild.pm
cp lib/Dist/Zilla/Plugin/Readme.pm blib/lib/Dist/Zilla/Plugin/Readme.pm
cp lib/Dist/Zilla/PluginBundle/Classic.pm blib/lib/Dist/Zilla/PluginBundle/Classic.pm
cp lib/Dist/Zilla/Role/MetaProvider.pm blib/lib/Dist/Zilla/Role/MetaProvider.pm
cp lib/Dist/Zilla/Role/MintingProfile/ShareDir.pm blib/lib/Dist/Zilla/Role/MintingProfile/ShareDir.pm
cp lib/Dist/Zilla/Role/Stash.pm blib/lib/Dist/Zilla/Role/Stash.pm
cp lib/Dist/Zilla/Role/PluginBundle/Easy.pm blib/lib/Dist/Zilla/Role/PluginBundle/Easy.pm
cp lib/Dist/Zilla/Role/FileInjector.pm blib/lib/Dist/Zilla/Role/FileInjector.pm
cp lib/Dist/Zilla/Role/ReleaseStatusProvider.pm blib/lib/Dist/Zilla/Role/ReleaseStatusProvider.pm
cp lib/Dist/Zilla/Role/FileGatherer.pm blib/lib/Dist/Zilla/Role/FileGatherer.pm
cp lib/Dist/Zilla/Role/File.pm blib/lib/Dist/Zilla/Role/File.pm
cp lib/Dist/Zilla/Stash/Mint.pm blib/lib/Dist/Zilla/Stash/Mint.pm
cp lib/Dist/Zilla/Role/Releaser.pm blib/lib/Dist/Zilla/Role/Releaser.pm
cp lib/Dist/Zilla/Role/LicenseProvider.pm blib/lib/Dist/Zilla/Role/LicenseProvider.pm
cp lib/Dist/Zilla/Role/NameProvider.pm blib/lib/Dist/Zilla/Role/NameProvider.pm
cp lib/Dist/Zilla/Role/FileMunger.pm blib/lib/Dist/Zilla/Role/FileMunger.pm
cp lib/Dist/Zilla/Role/PrereqSource.pm blib/lib/Dist/Zilla/Role/PrereqSource.pm
cp lib/Dist/Zilla/Role/StubBuild.pm blib/lib/Dist/Zilla/Role/StubBuild.pm
cp lib/Dist/Zilla/Role/FilePruner.pm blib/lib/Dist/Zilla/Role/FilePruner.pm
cp lib/Dist/Zilla/Role/MutableFile.pm blib/lib/Dist/Zilla/Role/MutableFile.pm
cp lib/Dist/Zilla/Role/Stash/Login.pm blib/lib/Dist/Zilla/Role/Stash/Login.pm
cp lib/Dist/Zilla/Role/VersionProvider.pm blib/lib/Dist/Zilla/Role/VersionProvider.pm
cp lib/Dist/Zilla/Role/ShareDir.pm blib/lib/Dist/Zilla/Role/ShareDir.pm
cp lib/Dist/Zilla/Role/PrereqScanner.pm blib/lib/Dist/Zilla/Role/PrereqScanner.pm
cp lib/Dist/Zilla/Role/InstallTool.pm blib/lib/Dist/Zilla/Role/InstallTool.pm
cp lib/Dist/Zilla/Role/PluginBundle.pm blib/lib/Dist/Zilla/Role/PluginBundle.pm
cp lib/Dist/Zilla/Role/ModuleMaker.pm blib/lib/Dist/Zilla/Role/ModuleMaker.pm
cp lib/Dist/Zilla/Role/TextTemplate.pm blib/lib/Dist/Zilla/Role/TextTemplate.pm
cp lib/Dist/Zilla/Role/TestRunner.pm blib/lib/Dist/Zilla/Role/TestRunner.pm
cp lib/Dist/Zilla/Role/FileFinder.pm blib/lib/Dist/Zilla/Role/FileFinder.pm
cp lib/Dist/Zilla/Role/Stash/Authors.pm blib/lib/Dist/Zilla/Role/Stash/Authors.pm
cp lib/Dist/Zilla/Role/FileFinderUser.pm blib/lib/Dist/Zilla/Role/FileFinderUser.pm
cp lib/Dist/Zilla/Role/MintingProfile.pm blib/lib/Dist/Zilla/Role/MintingProfile.pm
cp lib/Dist/Zilla/Role/PPI.pm blib/lib/Dist/Zilla/Role/PPI.pm
cp lib/Dist/Zilla/Role/Plugin.pm blib/lib/Dist/Zilla/Role/Plugin.pm
cp lib/Dist/Zilla/Util/AuthorDeps.pm blib/lib/Dist/Zilla/Util/AuthorDeps.pm
cp lib/Test/DZil.pm blib/lib/Test/DZil.pm
cp lib/Dist/Zilla/Tutorial.pm blib/lib/Dist/Zilla/Tutorial.pm
cp lib/Dist/Zilla/Types.pm blib/lib/Dist/Zilla/Types.pm
cp lib/Dist/Zilla/Stash/User.pm blib/lib/Dist/Zilla/Stash/User.pm
cp lib/Dist/Zilla/Stash/Rights.pm blib/lib/Dist/Zilla/Stash/Rights.pm
cp lib/Dist/Zilla/Tester.pm blib/lib/Dist/Zilla/Tester.pm
cp lib/Dist/Zilla/Util.pm blib/lib/Dist/Zilla/Util.pm
cp lib/Dist/Zilla/Stash/PAUSE.pm blib/lib/Dist/Zilla/Stash/PAUSE.pm
cp bin/dzil blib/script/dzil
"/nix/store/7c044di03qa7qgr5kjjc2d787aspzp0m-perl-5.32.0/bin/perl" -MExtUtils::MY -e 'MY->fixin(shift)' -- blib/script/dzil
Manifying 1 pod document
Manifying 29 pod documents
Manifying 28 pod documents
Manifying 28 pod documents
Manifying 28 pod documents
Manifying 25 pod documents
installing
install flags: SHELL=/nix/store/9fqwwd4iybmhjqyxiaxycknslw6bgwh1-bash-4.4-p23/bin/bash pkgconfigdir=/nix/store/dpvrr8q1azwf1brcfxxsl39lh0dq5nq8-perl5.32.0-Dist-Zilla-6.015/lib/pkgconfig m4datadir=/nix/store/dpvrr8q1azwf1brcfxxsl39lh0dq5nq8-perl5.32.0-Dist-Zilla-6.015/share/aclocal aclocaldir=/nix/store/dpvrr8q1azwf1brcfxxsl39lh0dq5nq8-perl5.32.0-Dist-Zilla-6.015/share/aclocal install
Skip blib/lib/auto/share/module/Dist-Zilla-MintingProfile-Default/default/extra-dist.ini (unchanged)
Skip blib/lib/auto/share/module/Dist-Zilla-MintingProfile-Default/default/profile.ini (unchanged)
Manifying 1 pod document
Manifying 29 pod documents
Manifying 28 pod documents
Manifying 28 pod documents
Manifying 28 pod documents
Manifying 25 pod documents
Installing /nix/store/dpvrr8q1azwf1brcfxxsl39lh0dq5nq8-perl5.32.0-Dist-Zilla-6.015/lib/perl5/site_perl/5.32.0/Dist/Zilla.pm
Installing /nix/store/dpvrr8q1azwf1brcfxxsl39lh0dq5nq8-perl5.32.0-Dist-Zilla-6.015/lib/perl5/site_perl/5.32.0/Dist/Zilla/Types.pm
Installing /nix/store/dpvrr8q1azwf1brcfxxsl39lh0dq5nq8-perl5.32.0-Dist-Zilla-6.015/lib/perl5/site_perl/5.32.0/Dist/Zilla/Path.pm
Installing /nix/store/dpvrr8q1azwf1brcfxxsl39lh0dq5nq8-perl5.32.0-Dist-Zilla-6.015/lib/perl5/site_perl/5.32.0/Dist/Zilla/Util.pm
Installing /nix/store/dpvrr8q1azwf1brcfxxsl39lh0dq5nq8-perl5.32.0-Dist-Zilla-6.015/lib/perl5/site_perl/5.32.0/Dist/Zilla/App.pm
Installing /nix/store/dpvrr8q1azwf1brcfxxsl39lh0dq5nq8-perl5.32.0-Dist-Zilla-6.015/lib/perl5/site_perl/5.32.0/Dist/Zilla/Tutorial.pm
Installing /nix/store/dpvrr8q1azwf1brcfxxsl39lh0dq5nq8-perl5.32.0-Dist-Zilla-6.015/lib/perl5/site_perl/5.32.0/Dist/Zilla/Tester.pm
Installing /nix/store/dpvrr8q1azwf1brcfxxsl39lh0dq5nq8-perl5.32.0-Dist-Zilla-6.015/lib/perl5/site_perl/5.32.0/Dist/Zilla/Prereqs.pm
Installing /nix/store/dpvrr8q1azwf1brcfxxsl39lh0dq5nq8-perl5.32.0-Dist-Zilla-6.015/lib/perl5/site_perl/5.32.0/Dist/Zilla/MintingProfile/Default.pm
Installing /nix/store/dpvrr8q1azwf1brcfxxsl39lh0dq5nq8-perl5.32.0-Dist-Zilla-6.015/lib/perl5/site_perl/5.32.0/Dist/Zilla/Dist/Minter.pm
Installing /nix/store/dpvrr8q1azwf1brcfxxsl39lh0dq5nq8-perl5.32.0-Dist-Zilla-6.015/lib/perl5/site_perl/5.32.0/Dist/Zilla/Dist/Builder.pm
Installing /nix/store/dpvrr8q1azwf1brcfxxsl39lh0dq5nq8-perl5.32.0-Dist-Zilla-6.015/lib/perl5/site_perl/5.32.0/Dist/Zilla/File/OnDisk.pm
Installing /nix/store/dpvrr8q1azwf1brcfxxsl39lh0dq5nq8-perl5.32.0-Dist-Zilla-6.015/lib/perl5/site_perl/5.32.0/Dist/Zilla/File/FromCode.pm
Installing /nix/store/dpvrr8q1azwf1brcfxxsl39lh0dq5nq8-perl5.32.0-Dist-Zilla-6.015/lib/perl5/site_perl/5.32.0/Dist/Zilla/File/InMemory.pm
Installing /nix/store/dpvrr8q1azwf1brcfxxsl39lh0dq5nq8-perl5.32.0-Dist-Zilla-6.015/lib/perl5/site_perl/5.32.0/Dist/Zilla/Plugin/PkgDist.pm
Installing /nix/store/dpvrr8q1azwf1brcfxxsl39lh0dq5nq8-perl5.32.0-Dist-Zilla-6.015/lib/perl5/site_perl/5.32.0/Dist/Zilla/Plugin/ModuleBuild.pm
Installing /nix/store/dpvrr8q1azwf1brcfxxsl39lh0dq5nq8-perl5.32.0-Dist-Zilla-6.015/lib/perl5/site_perl/5.32.0/Dist/Zilla/Plugin/PruneCruft.pm
Installing /nix/store/dpvrr8q1azwf1brcfxxsl39lh0dq5nq8-perl5.32.0-Dist-Zilla-6.015/lib/perl5/site_perl/5.32.0/Dist/Zilla/Plugin/ConfirmRelease.pm
Installing /nix/store/dpvrr8q1azwf1brcfxxsl39lh0dq5nq8-perl5.32.0-Dist-Zilla-6.015/lib/perl5/site_perl/5.32.0/Dist/Zilla/Plugin/MetaNoIndex.pm
Installing /nix/store/dpvrr8q1azwf1brcfxxsl39lh0dq5nq8-perl5.32.0-Dist-Zilla-6.015/lib/perl5/site_perl/5.32.0/Dist/Zilla/Plugin/ShareDir.pm
Installing /nix/store/dpvrr8q1azwf1brcfxxsl39lh0dq5nq8-perl5.32.0-Dist-Zilla-6.015/lib/perl5/site_perl/5.32.0/Dist/Zilla/Plugin/MetaYAML.pm
Installing /nix/store/dpvrr8q1azwf1brcfxxsl39lh0dq5nq8-perl5.32.0-Dist-Zilla-6.015/lib/perl5/site_perl/5.32.0/Dist/Zilla/Plugin/MetaConfig.pm
Installing /nix/store/dpvrr8q1azwf1brcfxxsl39lh0dq5nq8-perl5.32.0-Dist-Zilla-6.015/lib/perl5/site_perl/5.32.0/Dist/Zilla/Plugin/Manifest.pm
Installing /nix/store/dpvrr8q1azwf1brcfxxsl39lh0dq5nq8-perl5.32.0-Dist-Zilla-6.015/lib/perl5/site_perl/5.32.0/Dist/Zilla/Plugin/ManifestSkip.pm
Installing /nix/store/dpvrr8q1azwf1brcfxxsl39lh0dq5nq8-perl5.32.0-Dist-Zilla-6.015/lib/perl5/site_perl/5.32.0/Dist/Zilla/Plugin/PodCoverageTests.pm
Installing /nix/store/dpvrr8q1azwf1brcfxxsl39lh0dq5nq8-perl5.32.0-Dist-Zilla-6.015/lib/perl5/site_perl/5.32.0/Dist/Zilla/Plugin/UploadToCPAN.pm
Installing /nix/store/dpvrr8q1azwf1brcfxxsl39lh0dq5nq8-perl5.32.0-Dist-Zilla-6.015/lib/perl5/site_perl/5.32.0/Dist/Zilla/Plugin/Readme.pm
Installing /nix/store/dpvrr8q1azwf1brcfxxsl39lh0dq5nq8-perl5.32.0-Dist-Zilla-6.015/lib/perl5/site_perl/5.32.0/Dist/Zilla/Plugin/FakeRelease.pm
Installing /nix/store/dpvrr8q1azwf1brcfxxsl39lh0dq5nq8-perl5.32.0-Dist-Zilla-6.015/lib/perl5/site_perl/5.32.0/Dist/Zilla/Plugin/PodSyntaxTests.pm
Installing /nix/store/dpvrr8q1azwf1brcfxxsl39lh0dq5nq8-perl5.32.0-Dist-Zilla-6.015/lib/perl5/site_perl/5.32.0/Dist/Zilla/Plugin/PkgVersion.pm
Installing /nix/store/dpvrr8q1azwf1brcfxxsl39lh0dq5nq8-perl5.32.0-Dist-Zilla-6.015/lib/perl5/site_perl/5.32.0/Dist/Zilla/Plugin/PodVersion.pm
Installing /nix/store/dpvrr8q1azwf1brcfxxsl39lh0dq5nq8-perl5.32.0-Dist-Zilla-6.015/lib/perl5/site_perl/5.32.0/Dist/Zilla/Plugin/AutoPrereqs.pm
Installing /nix/store/dpvrr8q1azwf1brcfxxsl39lh0dq5nq8-perl5.32.0-Dist-Zilla-6.015/lib/perl5/site_perl/5.32.0/Dist/Zilla/Plugin/Encoding.pm
Installing /nix/store/dpvrr8q1azwf1brcfxxsl39lh0dq5nq8-perl5.32.0-Dist-Zilla-6.015/lib/perl5/site_perl/5.32.0/Dist/Zilla/Plugin/NextRelease.pm
Installing /nix/store/dpvrr8q1azwf1brcfxxsl39lh0dq5nq8-perl5.32.0-Dist-Zilla-6.015/lib/perl5/site_perl/5.32.0/Dist/Zilla/Plugin/ExtraTests.pm
Installing /nix/store/dpvrr8q1azwf1brcfxxsl39lh0dq5nq8-perl5.32.0-Dist-Zilla-6.015/lib/perl5/site_perl/5.32.0/Dist/Zilla/Plugin/MetaJSON.pm
Installing /nix/store/dpvrr8q1azwf1brcfxxsl39lh0dq5nq8-perl5.32.0-Dist-Zilla-6.015/lib/perl5/site_perl/5.32.0/Dist/Zilla/Plugin/GatherDir.pm
Installing /nix/store/dpvrr8q1azwf1brcfxxsl39lh0dq5nq8-perl5.32.0-Dist-Zilla-6.015/lib/perl5/site_perl/5.32.0/Dist/Zilla/Plugin/InlineFiles.pm
Installing /nix/store/dpvrr8q1azwf1brcfxxsl39lh0dq5nq8-perl5.32.0-Dist-Zilla-6.015/lib/perl5/site_perl/5.32.0/Dist/Zilla/Plugin/TemplateModule.pm
Installing /nix/store/dpvrr8q1azwf1brcfxxsl39lh0dq5nq8-perl5.32.0-Dist-Zilla-6.015/lib/perl5/site_perl/5.32.0/Dist/Zilla/Plugin/RemovePrereqs.pm
Installing /nix/store/dpvrr8q1azwf1brcfxxsl39lh0dq5nq8-perl5.32.0-Dist-Zilla-6.015/lib/perl5/site_perl/5.32.0/Dist/Zilla/Plugin/CPANFile.pm
Installing /nix/store/dpvrr8q1azwf1brcfxxsl39lh0dq5nq8-perl5.32.0-Dist-Zilla-6.015/lib/perl5/site_perl/5.32.0/Dist/Zilla/Plugin/License.pm
Installing /nix/store/dpvrr8q1azwf1brcfxxsl39lh0dq5nq8-perl5.32.0-Dist-Zilla-6.015/lib/perl5/site_perl/5.32.0/Dist/Zilla/Plugin/ModuleShareDirs.pm
Installing /nix/store/dpvrr8q1azwf1brcfxxsl39lh0dq5nq8-perl5.32.0-Dist-Zilla-6.015/lib/perl5/site_perl/5.32.0/Dist/Zilla/Plugin/PruneFiles.pm
Installing /nix/store/dpvrr8q1azwf1brcfxxsl39lh0dq5nq8-perl5.32.0-Dist-Zilla-6.015/lib/perl5/site_perl/5.32.0/Dist/Zilla/Plugin/DistINI.pm
Installing /nix/store/dpvrr8q1azwf1brcfxxsl39lh0dq5nq8-perl5.32.0-Dist-Zilla-6.015/lib/perl5/site_perl/5.32.0/Dist/Zilla/Plugin/Prereqs.pm
Installing /nix/store/dpvrr8q1azwf1brcfxxsl39lh0dq5nq8-perl5.32.0-Dist-Zilla-6.015/lib/perl5/site_perl/5.32.0/Dist/Zilla/Plugin/MetaTests.pm
Installing /nix/store/dpvrr8q1azwf1brcfxxsl39lh0dq5nq8-perl5.32.0-Dist-Zilla-6.015/lib/perl5/site_perl/5.32.0/Dist/Zilla/Plugin/MetaResources.pm
Installing /nix/store/dpvrr8q1azwf1brcfxxsl39lh0dq5nq8-perl5.32.0-Dist-Zilla-6.015/lib/perl5/site_perl/5.32.0/Dist/Zilla/Plugin/AutoVersion.pm
Installing /nix/store/dpvrr8q1azwf1brcfxxsl39lh0dq5nq8-perl5.32.0-Dist-Zilla-6.015/lib/perl5/site_perl/5.32.0/Dist/Zilla/Plugin/TestRelease.pm
Installing /nix/store/dpvrr8q1azwf1brcfxxsl39lh0dq5nq8-perl5.32.0-Dist-Zilla-6.015/lib/perl5/site_perl/5.32.0/Dist/Zilla/Plugin/MakeMaker.pm
Installing /nix/store/dpvrr8q1azwf1brcfxxsl39lh0dq5nq8-perl5.32.0-Dist-Zilla-6.015/lib/perl5/site_perl/5.32.0/Dist/Zilla/Plugin/GatherFile.pm
Installing /nix/store/dpvrr8q1azwf1brcfxxsl39lh0dq5nq8-perl5.32.0-Dist-Zilla-6.015/lib/perl5/site_perl/5.32.0/Dist/Zilla/Plugin/FinderCode.pm
Installing /nix/store/dpvrr8q1azwf1brcfxxsl39lh0dq5nq8-perl5.32.0-Dist-Zilla-6.015/lib/perl5/site_perl/5.32.0/Dist/Zilla/Plugin/ExecDir.pm
Installing /nix/store/dpvrr8q1azwf1brcfxxsl39lh0dq5nq8-perl5.32.0-Dist-Zilla-6.015/lib/perl5/site_perl/5.32.0/Dist/Zilla/Plugin/GenerateFile.pm
Installing /nix/store/dpvrr8q1azwf1brcfxxsl39lh0dq5nq8-perl5.32.0-Dist-Zilla-6.015/lib/perl5/site_perl/5.32.0/Dist/Zilla/Plugin/MakeMaker/Runner.pm
Installing /nix/store/dpvrr8q1azwf1brcfxxsl39lh0dq5nq8-perl5.32.0-Dist-Zilla-6.015/lib/perl5/site_perl/5.32.0/Dist/Zilla/Plugin/FileFinder/Filter.pm
Installing /nix/store/dpvrr8q1azwf1brcfxxsl39lh0dq5nq8-perl5.32.0-Dist-Zilla-6.015/lib/perl5/site_perl/5.32.0/Dist/Zilla/Plugin/FileFinder/ByName.pm
Installing /nix/store/dpvrr8q1azwf1brcfxxsl39lh0dq5nq8-perl5.32.0-Dist-Zilla-6.015/lib/perl5/site_perl/5.32.0/Dist/Zilla/Plugin/GatherDir/Template.pm
Installing /nix/store/dpvrr8q1azwf1brcfxxsl39lh0dq5nq8-perl5.32.0-Dist-Zilla-6.015/lib/perl5/site_perl/5.32.0/Dist/Zilla/PluginBundle/Classic.pm
Installing /nix/store/dpvrr8q1azwf1brcfxxsl39lh0dq5nq8-perl5.32.0-Dist-Zilla-6.015/lib/perl5/site_perl/5.32.0/Dist/Zilla/PluginBundle/Basic.pm
Installing /nix/store/dpvrr8q1azwf1brcfxxsl39lh0dq5nq8-perl5.32.0-Dist-Zilla-6.015/lib/perl5/site_perl/5.32.0/Dist/Zilla/PluginBundle/Filter.pm
Installing /nix/store/dpvrr8q1azwf1brcfxxsl39lh0dq5nq8-perl5.32.0-Dist-Zilla-6.015/lib/perl5/site_perl/5.32.0/Dist/Zilla/PluginBundle/FakeClassic.pm
Installing /nix/store/dpvrr8q1azwf1brcfxxsl39lh0dq5nq8-perl5.32.0-Dist-Zilla-6.015/lib/perl5/site_perl/5.32.0/Dist/Zilla/Chrome/Test.pm
Installing /nix/store/dpvrr8q1azwf1brcfxxsl39lh0dq5nq8-perl5.32.0-Dist-Zilla-6.015/lib/perl5/site_perl/5.32.0/Dist/Zilla/Chrome/Term.pm
Installing /nix/store/dpvrr8q1azwf1brcfxxsl39lh0dq5nq8-perl5.32.0-Dist-Zilla-6.015/lib/perl5/site_perl/5.32.0/Dist/Zilla/App/Command.pm
Installing /nix/store/dpvrr8q1azwf1brcfxxsl39lh0dq5nq8-perl5.32.0-Dist-Zilla-6.015/lib/perl5/site_perl/5.32.0/Dist/Zilla/App/Tester.pm
Installing /nix/store/dpvrr8q1azwf1brcfxxsl39lh0dq5nq8-perl5.32.0-Dist-Zilla-6.015/lib/perl5/site_perl/5.32.0/Dist/Zilla/App/Command/release.pm
Installing /nix/store/dpvrr8q1azwf1brcfxxsl39lh0dq5nq8-perl5.32.0-Dist-Zilla-6.015/lib/perl5/site_perl/5.32.0/Dist/Zilla/App/Command/new.pm
Installing /nix/store/dpvrr8q1azwf1brcfxxsl39lh0dq5nq8-perl5.32.0-Dist-Zilla-6.015/lib/perl5/site_perl/5.32.0/Dist/Zilla/App/Command/version.pm
Installing /nix/store/dpvrr8q1azwf1brcfxxsl39lh0dq5nq8-perl5.32.0-Dist-Zilla-6.015/lib/perl5/site_perl/5.32.0/Dist/Zilla/App/Command/test.pm
Installing /nix/store/dpvrr8q1azwf1brcfxxsl39lh0dq5nq8-perl5.32.0-Dist-Zilla-6.015/lib/perl5/site_perl/5.32.0/Dist/Zilla/App/Command/add.pm
Installing /nix/store/dpvrr8q1azwf1brcfxxsl39lh0dq5nq8-perl5.32.0-Dist-Zilla-6.015/lib/perl5/site_perl/5.32.0/Dist/Zilla/App/Command/build.pm
Installing /nix/store/dpvrr8q1azwf1brcfxxsl39lh0dq5nq8-perl5.32.0-Dist-Zilla-6.015/lib/perl5/site_perl/5.32.0/Dist/Zilla/App/Command/nop.pm
Installing /nix/store/dpvrr8q1azwf1brcfxxsl39lh0dq5nq8-perl5.32.0-Dist-Zilla-6.015/lib/perl5/site_perl/5.32.0/Dist/Zilla/App/Command/listdeps.pm
Installing /nix/store/dpvrr8q1azwf1brcfxxsl39lh0dq5nq8-perl5.32.0-Dist-Zilla-6.015/lib/perl5/site_perl/5.32.0/Dist/Zilla/App/Command/install.pm
Installing /nix/store/dpvrr8q1azwf1brcfxxsl39lh0dq5nq8-perl5.32.0-Dist-Zilla-6.015/lib/perl5/site_perl/5.32.0/Dist/Zilla/App/Command/authordeps.pm
Installing /nix/store/dpvrr8q1azwf1brcfxxsl39lh0dq5nq8-perl5.32.0-Dist-Zilla-6.015/lib/perl5/site_perl/5.32.0/Dist/Zilla/App/Command/clean.pm
Installing /nix/store/dpvrr8q1azwf1brcfxxsl39lh0dq5nq8-perl5.32.0-Dist-Zilla-6.015/lib/perl5/site_perl/5.32.0/Dist/Zilla/App/Command/setup.pm
Installing /nix/store/dpvrr8q1azwf1brcfxxsl39lh0dq5nq8-perl5.32.0-Dist-Zilla-6.015/lib/perl5/site_perl/5.32.0/Dist/Zilla/App/Command/smoke.pm
Installing /nix/store/dpvrr8q1azwf1brcfxxsl39lh0dq5nq8-perl5.32.0-Dist-Zilla-6.015/lib/perl5/site_perl/5.32.0/Dist/Zilla/App/Command/run.pm
Installing /nix/store/dpvrr8q1azwf1brcfxxsl39lh0dq5nq8-perl5.32.0-Dist-Zilla-6.015/lib/perl5/site_perl/5.32.0/Dist/Zilla/Stash/Mint.pm
Installing /nix/store/dpvrr8q1azwf1brcfxxsl39lh0dq5nq8-perl5.32.0-Dist-Zilla-6.015/lib/perl5/site_perl/5.32.0/Dist/Zilla/Stash/PAUSE.pm
Installing /nix/store/dpvrr8q1azwf1brcfxxsl39lh0dq5nq8-perl5.32.0-Dist-Zilla-6.015/lib/perl5/site_perl/5.32.0/Dist/Zilla/Stash/User.pm
Installing /nix/store/dpvrr8q1azwf1brcfxxsl39lh0dq5nq8-perl5.32.0-Dist-Zilla-6.015/lib/perl5/site_perl/5.32.0/Dist/Zilla/Stash/Rights.pm
Installing /nix/store/dpvrr8q1azwf1brcfxxsl39lh0dq5nq8-perl5.32.0-Dist-Zilla-6.015/lib/perl5/site_perl/5.32.0/Dist/Zilla/MVP/Section.pm
Installing /nix/store/dpvrr8q1azwf1brcfxxsl39lh0dq5nq8-perl5.32.0-Dist-Zilla-6.015/lib/perl5/site_perl/5.32.0/Dist/Zilla/MVP/RootSection.pm
Installing /nix/store/dpvrr8q1azwf1brcfxxsl39lh0dq5nq8-perl5.32.0-Dist-Zilla-6.015/lib/perl5/site_perl/5.32.0/Dist/Zilla/MVP/Assembler.pm
Installing /nix/store/dpvrr8q1azwf1brcfxxsl39lh0dq5nq8-perl5.32.0-Dist-Zilla-6.015/lib/perl5/site_perl/5.32.0/Dist/Zilla/MVP/Reader/Finder.pm
Installing /nix/store/dpvrr8q1azwf1brcfxxsl39lh0dq5nq8-perl5.32.0-Dist-Zilla-6.015/lib/perl5/site_perl/5.32.0/Dist/Zilla/MVP/Reader/Perl.pm
Installing /nix/store/dpvrr8q1azwf1brcfxxsl39lh0dq5nq8-perl5.32.0-Dist-Zilla-6.015/lib/perl5/site_perl/5.32.0/Dist/Zilla/MVP/Assembler/GlobalConfig.pm
Installing /nix/store/dpvrr8q1azwf1brcfxxsl39lh0dq5nq8-perl5.32.0-Dist-Zilla-6.015/lib/perl5/site_perl/5.32.0/Dist/Zilla/MVP/Assembler/Zilla.pm
Installing /nix/store/dpvrr8q1azwf1brcfxxsl39lh0dq5nq8-perl5.32.0-Dist-Zilla-6.015/lib/perl5/site_perl/5.32.0/Dist/Zilla/Role/PPI.pm
Installing /nix/store/dpvrr8q1azwf1brcfxxsl39lh0dq5nq8-perl5.32.0-Dist-Zilla-6.015/lib/perl5/site_perl/5.32.0/Dist/Zilla/Role/BuildPL.pm
Installing /nix/store/dpvrr8q1azwf1brcfxxsl39lh0dq5nq8-perl5.32.0-Dist-Zilla-6.015/lib/perl5/site_perl/5.32.0/Dist/Zilla/Role/BeforeBuild.pm
Installing /nix/store/dpvrr8q1azwf1brcfxxsl39lh0dq5nq8-perl5.32.0-Dist-Zilla-6.015/lib/perl5/site_perl/5.32.0/Dist/Zilla/Role/BeforeRelease.pm
Installing /nix/store/dpvrr8q1azwf1brcfxxsl39lh0dq5nq8-perl5.32.0-Dist-Zilla-6.015/lib/perl5/site_perl/5.32.0/Dist/Zilla/Role/MintingProfile.pm
Installing /nix/store/dpvrr8q1azwf1brcfxxsl39lh0dq5nq8-perl5.32.0-Dist-Zilla-6.015/lib/perl5/site_perl/5.32.0/Dist/Zilla/Role/Chrome.pm
Installing /nix/store/dpvrr8q1azwf1brcfxxsl39lh0dq5nq8-perl5.32.0-Dist-Zilla-6.015/lib/perl5/site_perl/5.32.0/Dist/Zilla/Role/FileFinder.pm
Installing /nix/store/dpvrr8q1azwf1brcfxxsl39lh0dq5nq8-perl5.32.0-Dist-Zilla-6.015/lib/perl5/site_perl/5.32.0/Dist/Zilla/Role/PluginBundle.pm
Installing /nix/store/dpvrr8q1azwf1brcfxxsl39lh0dq5nq8-perl5.32.0-Dist-Zilla-6.015/lib/perl5/site_perl/5.32.0/Dist/Zilla/Role/PrereqSource.pm
Installing /nix/store/dpvrr8q1azwf1brcfxxsl39lh0dq5nq8-perl5.32.0-Dist-Zilla-6.015/lib/perl5/site_perl/5.32.0/Dist/Zilla/Role/ShareDir.pm
Installing /nix/store/dpvrr8q1azwf1brcfxxsl39lh0dq5nq8-perl5.32.0-Dist-Zilla-6.015/lib/perl5/site_perl/5.32.0/Dist/Zilla/Role/FileInjector.pm
Installing /nix/store/dpvrr8q1azwf1brcfxxsl39lh0dq5nq8-perl5.32.0-Dist-Zilla-6.015/lib/perl5/site_perl/5.32.0/Dist/Zilla/Role/ConfigDumper.pm
Installing /nix/store/dpvrr8q1azwf1brcfxxsl39lh0dq5nq8-perl5.32.0-Dist-Zilla-6.015/lib/perl5/site_perl/5.32.0/Dist/Zilla/Role/NameProvider.pm
Installing /nix/store/dpvrr8q1azwf1brcfxxsl39lh0dq5nq8-perl5.32.0-Dist-Zilla-6.015/lib/perl5/site_perl/5.32.0/Dist/Zilla/Role/ModuleMaker.pm
Installing /nix/store/dpvrr8q1azwf1brcfxxsl39lh0dq5nq8-perl5.32.0-Dist-Zilla-6.015/lib/perl5/site_perl/5.32.0/Dist/Zilla/Role/FileFinderUser.pm
Installing /nix/store/dpvrr8q1azwf1brcfxxsl39lh0dq5nq8-perl5.32.0-Dist-Zilla-6.015/lib/perl5/site_perl/5.32.0/Dist/Zilla/Role/File.pm
Installing /nix/store/dpvrr8q1azwf1brcfxxsl39lh0dq5nq8-perl5.32.0-Dist-Zilla-6.015/lib/perl5/site_perl/5.32.0/Dist/Zilla/Role/Plugin.pm
Installing /nix/store/dpvrr8q1azwf1brcfxxsl39lh0dq5nq8-perl5.32.0-Dist-Zilla-6.015/lib/perl5/site_perl/5.32.0/Dist/Zilla/Role/BeforeArchive.pm
Installing /nix/store/dpvrr8q1azwf1brcfxxsl39lh0dq5nq8-perl5.32.0-Dist-Zilla-6.015/lib/perl5/site_perl/5.32.0/Dist/Zilla/Role/Releaser.pm
Installing /nix/store/dpvrr8q1azwf1brcfxxsl39lh0dq5nq8-perl5.32.0-Dist-Zilla-6.015/lib/perl5/site_perl/5.32.0/Dist/Zilla/Role/TestRunner.pm
Installing /nix/store/dpvrr8q1azwf1brcfxxsl39lh0dq5nq8-perl5.32.0-Dist-Zilla-6.015/lib/perl5/site_perl/5.32.0/Dist/Zilla/Role/EncodingProvider.pm
Installing /nix/store/dpvrr8q1azwf1brcfxxsl39lh0dq5nq8-perl5.32.0-Dist-Zilla-6.015/lib/perl5/site_perl/5.32.0/Dist/Zilla/Role/ExecFiles.pm
Installing /nix/store/dpvrr8q1azwf1brcfxxsl39lh0dq5nq8-perl5.32.0-Dist-Zilla-6.015/lib/perl5/site_perl/5.32.0/Dist/Zilla/Role/TextTemplate.pm
Installing /nix/store/dpvrr8q1azwf1brcfxxsl39lh0dq5nq8-perl5.32.0-Dist-Zilla-6.015/lib/perl5/site_perl/5.32.0/Dist/Zilla/Role/AfterRelease.pm
Installing /nix/store/dpvrr8q1azwf1brcfxxsl39lh0dq5nq8-perl5.32.0-Dist-Zilla-6.015/lib/perl5/site_perl/5.32.0/Dist/Zilla/Role/FileGatherer.pm
Installing /nix/store/dpvrr8q1azwf1brcfxxsl39lh0dq5nq8-perl5.32.0-Dist-Zilla-6.015/lib/perl5/site_perl/5.32.0/Dist/Zilla/Role/VersionProvider.pm
Installing /nix/store/dpvrr8q1azwf1brcfxxsl39lh0dq5nq8-perl5.32.0-Dist-Zilla-6.015/lib/perl5/site_perl/5.32.0/Dist/Zilla/Role/ReleaseStatusProvider.pm
Installing /nix/store/dpvrr8q1azwf1brcfxxsl39lh0dq5nq8-perl5.32.0-Dist-Zilla-6.015/lib/perl5/site_perl/5.32.0/Dist/Zilla/Role/InstallTool.pm
Installing /nix/store/dpvrr8q1azwf1brcfxxsl39lh0dq5nq8-perl5.32.0-Dist-Zilla-6.015/lib/perl5/site_perl/5.32.0/Dist/Zilla/Role/StubBuild.pm
Installing /nix/store/dpvrr8q1azwf1brcfxxsl39lh0dq5nq8-perl5.32.0-Dist-Zilla-6.015/lib/perl5/site_perl/5.32.0/Dist/Zilla/Role/MetaProvider.pm
Installing /nix/store/dpvrr8q1azwf1brcfxxsl39lh0dq5nq8-perl5.32.0-Dist-Zilla-6.015/lib/perl5/site_perl/5.32.0/Dist/Zilla/Role/Stash.pm
Installing /nix/store/dpvrr8q1azwf1brcfxxsl39lh0dq5nq8-perl5.32.0-Dist-Zilla-6.015/lib/perl5/site_perl/5.32.0/Dist/Zilla/Role/FileMunger.pm
Installing /nix/store/dpvrr8q1azwf1brcfxxsl39lh0dq5nq8-perl5.32.0-Dist-Zilla-6.015/lib/perl5/site_perl/5.32.0/Dist/Zilla/Role/LicenseProvider.pm
Installing /nix/store/dpvrr8q1azwf1brcfxxsl39lh0dq5nq8-perl5.32.0-Dist-Zilla-6.015/lib/perl5/site_perl/5.32.0/Dist/Zilla/Role/AfterMint.pm
Installing /nix/store/dpvrr8q1azwf1brcfxxsl39lh0dq5nq8-perl5.32.0-Dist-Zilla-6.015/lib/perl5/site_perl/5.32.0/Dist/Zilla/Role/MutableFile.pm
Installing /nix/store/dpvrr8q1azwf1brcfxxsl39lh0dq5nq8-perl5.32.0-Dist-Zilla-6.015/lib/perl5/site_perl/5.32.0/Dist/Zilla/Role/BeforeMint.pm
Installing /nix/store/dpvrr8q1azwf1brcfxxsl39lh0dq5nq8-perl5.32.0-Dist-Zilla-6.015/lib/perl5/site_perl/5.32.0/Dist/Zilla/Role/BuildRunner.pm
Installing /nix/store/dpvrr8q1azwf1brcfxxsl39lh0dq5nq8-perl5.32.0-Dist-Zilla-6.015/lib/perl5/site_perl/5.32.0/Dist/Zilla/Role/AfterBuild.pm
Installing /nix/store/dpvrr8q1azwf1brcfxxsl39lh0dq5nq8-perl5.32.0-Dist-Zilla-6.015/lib/perl5/site_perl/5.32.0/Dist/Zilla/Role/FilePruner.pm
Installing /nix/store/dpvrr8q1azwf1brcfxxsl39lh0dq5nq8-perl5.32.0-Dist-Zilla-6.015/lib/perl5/site_perl/5.32.0/Dist/Zilla/Role/PrereqScanner.pm
Installing /nix/store/dpvrr8q1azwf1brcfxxsl39lh0dq5nq8-perl5.32.0-Dist-Zilla-6.015/lib/perl5/site_perl/5.32.0/Dist/Zilla/Role/MintingProfile/ShareDir.pm
Installing /nix/store/dpvrr8q1azwf1brcfxxsl39lh0dq5nq8-perl5.32.0-Dist-Zilla-6.015/lib/perl5/site_perl/5.32.0/Dist/Zilla/Role/PluginBundle/Easy.pm
Installing /nix/store/dpvrr8q1azwf1brcfxxsl39lh0dq5nq8-perl5.32.0-Dist-Zilla-6.015/lib/perl5/site_perl/5.32.0/Dist/Zilla/Role/Stash/Login.pm
Installing /nix/store/dpvrr8q1azwf1brcfxxsl39lh0dq5nq8-perl5.32.0-Dist-Zilla-6.015/lib/perl5/site_perl/5.32.0/Dist/Zilla/Role/Stash/Authors.pm
Installing /nix/store/dpvrr8q1azwf1brcfxxsl39lh0dq5nq8-perl5.32.0-Dist-Zilla-6.015/lib/perl5/site_perl/5.32.0/Dist/Zilla/Util/AuthorDeps.pm
Installing /nix/store/dpvrr8q1azwf1brcfxxsl39lh0dq5nq8-perl5.32.0-Dist-Zilla-6.015/lib/perl5/site_perl/5.32.0/Test/DZil.pm
Installing /nix/store/dpvrr8q1azwf1brcfxxsl39lh0dq5nq8-perl5.32.0-Dist-Zilla-6.015/lib/perl5/site_perl/5.32.0/auto/share/module/Dist-Zilla-MintingProfile-Default/default/extra-dist.ini
Installing /nix/store/dpvrr8q1azwf1brcfxxsl39lh0dq5nq8-perl5.32.0-Dist-Zilla-6.015/lib/perl5/site_perl/5.32.0/auto/share/module/Dist-Zilla-MintingProfile-Default/default/profile.ini
Installing /nix/store/dpvrr8q1azwf1brcfxxsl39lh0dq5nq8-perl5.32.0-Dist-Zilla-6.015/share/man/man1/dzil.1
Installing /nix/store/dpvrr8q1azwf1brcfxxsl39lh0dq5nq8-perl5.32.0-Dist-Zilla-6.015/share/man/man3/Dist::Zilla::MVP::Section.3
Installing /nix/store/dpvrr8q1azwf1brcfxxsl39lh0dq5nq8-perl5.32.0-Dist-Zilla-6.015/share/man/man3/Dist::Zilla::Plugin::DistINI.3
Installing /nix/store/dpvrr8q1azwf1brcfxxsl39lh0dq5nq8-perl5.32.0-Dist-Zilla-6.015/share/man/man3/Dist::Zilla::MintingProfile::Default.3
Installing /nix/store/dpvrr8q1azwf1brcfxxsl39lh0dq5nq8-perl5.32.0-Dist-Zilla-6.015/share/man/man3/Dist::Zilla::Dist::Minter.3
Installing /nix/store/dpvrr8q1azwf1brcfxxsl39lh0dq5nq8-perl5.32.0-Dist-Zilla-6.015/share/man/man3/Dist::Zilla::Plugin::ModuleBuild.3
Installing /nix/store/dpvrr8q1azwf1brcfxxsl39lh0dq5nq8-perl5.32.0-Dist-Zilla-6.015/share/man/man3/Dist::Zilla::Role::StubBuild.3
Installing /nix/store/dpvrr8q1azwf1brcfxxsl39lh0dq5nq8-perl5.32.0-Dist-Zilla-6.015/share/man/man3/Dist::Zilla::Role::FileFinder.3
Installing /nix/store/dpvrr8q1azwf1brcfxxsl39lh0dq5nq8-perl5.32.0-Dist-Zilla-6.015/share/man/man3/Dist::Zilla::App::Command::version.3
Installing /nix/store/dpvrr8q1azwf1brcfxxsl39lh0dq5nq8-perl5.32.0-Dist-Zilla-6.015/share/man/man3/Dist::Zilla::Role::FilePruner.3
Installing /nix/store/dpvrr8q1azwf1brcfxxsl39lh0dq5nq8-perl5.32.0-Dist-Zilla-6.015/share/man/man3/Dist::Zilla::MVP::Assembler::Zilla.3
Installing /nix/store/dpvrr8q1azwf1brcfxxsl39lh0dq5nq8-perl5.32.0-Dist-Zilla-6.015/share/man/man3/Dist::Zilla::Role::ConfigDumper.3
Installing /nix/store/dpvrr8q1azwf1brcfxxsl39lh0dq5nq8-perl5.32.0-Dist-Zilla-6.015/share/man/man3/Dist::Zilla::App::Command::nop.3
Installing /nix/store/dpvrr8q1azwf1brcfxxsl39lh0dq5nq8-perl5.32.0-Dist-Zilla-6.015/share/man/man3/Dist::Zilla::Plugin::PkgDist.3
Installing /nix/store/dpvrr8q1azwf1brcfxxsl39lh0dq5nq8-perl5.32.0-Dist-Zilla-6.015/share/man/man3/Dist::Zilla::Plugin::Readme.3
Installing /nix/store/dpvrr8q1azwf1brcfxxsl39lh0dq5nq8-perl5.32.0-Dist-Zilla-6.015/share/man/man3/Dist::Zilla::Role::FileMunger.3
Installing /nix/store/dpvrr8q1azwf1brcfxxsl39lh0dq5nq8-perl5.32.0-Dist-Zilla-6.015/share/man/man3/Dist::Zilla::Plugin::Prereqs.3
Installing /nix/store/dpvrr8q1azwf1brcfxxsl39lh0dq5nq8-perl5.32.0-Dist-Zilla-6.015/share/man/man3/Dist::Zilla::Plugin::TemplateModule.3
Installing /nix/store/dpvrr8q1azwf1brcfxxsl39lh0dq5nq8-perl5.32.0-Dist-Zilla-6.015/share/man/man3/Dist::Zilla::Plugin::AutoVersion.3
Installing /nix/store/dpvrr8q1azwf1brcfxxsl39lh0dq5nq8-perl5.32.0-Dist-Zilla-6.015/share/man/man3/Dist::Zilla::Plugin::ShareDir.3
Installing /nix/store/dpvrr8q1azwf1brcfxxsl39lh0dq5nq8-perl5.32.0-Dist-Zilla-6.015/share/man/man3/Dist::Zilla::Plugin::MakeMaker::Runner.3
Installing /nix/store/dpvrr8q1azwf1brcfxxsl39lh0dq5nq8-perl5.32.0-Dist-Zilla-6.015/share/man/man3/Dist::Zilla::Plugin::GatherDir::Template.3
Installing /nix/store/dpvrr8q1azwf1brcfxxsl39lh0dq5nq8-perl5.32.0-Dist-Zilla-6.015/share/man/man3/Dist::Zilla::Role::BeforeBuild.3
Installing /nix/store/dpvrr8q1azwf1brcfxxsl39lh0dq5nq8-perl5.32.0-Dist-Zilla-6.015/share/man/man3/Dist::Zilla::File::FromCode.3
Installing /nix/store/dpvrr8q1azwf1brcfxxsl39lh0dq5nq8-perl5.32.0-Dist-Zilla-6.015/share/man/man3/Dist::Zilla::Plugin::PodSyntaxTests.3
Installing /nix/store/dpvrr8q1azwf1brcfxxsl39lh0dq5nq8-perl5.32.0-Dist-Zilla-6.015/share/man/man3/Dist::Zilla::Role::MintingProfile.3
Installing /nix/store/dpvrr8q1azwf1brcfxxsl39lh0dq5nq8-perl5.32.0-Dist-Zilla-6.015/share/man/man3/Dist::Zilla::Util::AuthorDeps.3
Installing /nix/store/dpvrr8q1azwf1brcfxxsl39lh0dq5nq8-perl5.32.0-Dist-Zilla-6.015/share/man/man3/Dist::Zilla::Plugin::ConfirmRelease.3
Installing /nix/store/dpvrr8q1azwf1brcfxxsl39lh0dq5nq8-perl5.32.0-Dist-Zilla-6.015/share/man/man3/Dist::Zilla::App::Command::install.3
Installing /nix/store/dpvrr8q1azwf1brcfxxsl39lh0dq5nq8-perl5.32.0-Dist-Zilla-6.015/share/man/man3/Dist::Zilla::App::Tester.3
Installing /nix/store/dpvrr8q1azwf1brcfxxsl39lh0dq5nq8-perl5.32.0-Dist-Zilla-6.015/share/man/man3/Dist::Zilla::Plugin::NextRelease.3
Installing /nix/store/dpvrr8q1azwf1brcfxxsl39lh0dq5nq8-perl5.32.0-Dist-Zilla-6.015/share/man/man3/Dist::Zilla::Role::TextTemplate.3
Installing /nix/store/dpvrr8q1azwf1brcfxxsl39lh0dq5nq8-perl5.32.0-Dist-Zilla-6.015/share/man/man3/Dist::Zilla::Plugin::TestRelease.3
Installing /nix/store/dpvrr8q1azwf1brcfxxsl39lh0dq5nq8-perl5.32.0-Dist-Zilla-6.015/share/man/man3/Dist::Zilla::Role::BuildPL.3
Installing /nix/store/dpvrr8q1azwf1brcfxxsl39lh0dq5nq8-perl5.32.0-Dist-Zilla-6.015/share/man/man3/Test::DZil.3
Installing /nix/store/dpvrr8q1azwf1brcfxxsl39lh0dq5nq8-perl5.32.0-Dist-Zilla-6.015/share/man/man3/Dist::Zilla::Chrome::Test.3
Installing /nix/store/dpvrr8q1azwf1brcfxxsl39lh0dq5nq8-perl5.32.0-Dist-Zilla-6.015/share/man/man3/Dist::Zilla::App::Command::new.3
Installing /nix/store/dpvrr8q1azwf1brcfxxsl39lh0dq5nq8-perl5.32.0-Dist-Zilla-6.015/share/man/man3/Dist::Zilla::Role::BeforeArchive.3
Installing /nix/store/dpvrr8q1azwf1brcfxxsl39lh0dq5nq8-perl5.32.0-Dist-Zilla-6.015/share/man/man3/Dist::Zilla::Plugin::MetaJSON.3
Installing /nix/store/dpvrr8q1azwf1brcfxxsl39lh0dq5nq8-perl5.32.0-Dist-Zilla-6.015/share/man/man3/Dist::Zilla::Role::Releaser.3
Installing /nix/store/dpvrr8q1azwf1brcfxxsl39lh0dq5nq8-perl5.32.0-Dist-Zilla-6.015/share/man/man3/Dist::Zilla::Role::MintingProfile::ShareDir.3
Installing /nix/store/dpvrr8q1azwf1brcfxxsl39lh0dq5nq8-perl5.32.0-Dist-Zilla-6.015/share/man/man3/Dist::Zilla::Role::Plugin.3
Installing /nix/store/dpvrr8q1azwf1brcfxxsl39lh0dq5nq8-perl5.32.0-Dist-Zilla-6.015/share/man/man3/Dist::Zilla::Plugin::MetaResources.3
Installing /nix/store/dpvrr8q1azwf1brcfxxsl39lh0dq5nq8-perl5.32.0-Dist-Zilla-6.015/share/man/man3/Dist::Zilla::Role::PrereqSource.3
Installing /nix/store/dpvrr8q1azwf1brcfxxsl39lh0dq5nq8-perl5.32.0-Dist-Zilla-6.015/share/man/man3/Dist::Zilla::Plugin::MetaConfig.3
Installing /nix/store/dpvrr8q1azwf1brcfxxsl39lh0dq5nq8-perl5.32.0-Dist-Zilla-6.015/share/man/man3/Dist::Zilla::Role::PrereqScanner.3
Installing /nix/store/dpvrr8q1azwf1brcfxxsl39lh0dq5nq8-perl5.32.0-Dist-Zilla-6.015/share/man/man3/Dist::Zilla::Stash::User.3
Installing /nix/store/dpvrr8q1azwf1brcfxxsl39lh0dq5nq8-perl5.32.0-Dist-Zilla-6.015/share/man/man3/Dist::Zilla::Plugin::RemovePrereqs.3
Installing /nix/store/dpvrr8q1azwf1brcfxxsl39lh0dq5nq8-perl5.32.0-Dist-Zilla-6.015/share/man/man3/Dist::Zilla::Role::FileFinderUser.3
Installing /nix/store/dpvrr8q1azwf1brcfxxsl39lh0dq5nq8-perl5.32.0-Dist-Zilla-6.015/share/man/man3/Dist::Zilla::Plugin::PodCoverageTests.3
Installing /nix/store/dpvrr8q1azwf1brcfxxsl39lh0dq5nq8-perl5.32.0-Dist-Zilla-6.015/share/man/man3/Dist::Zilla::Role::PluginBundle::Easy.3
Installing /nix/store/dpvrr8q1azwf1brcfxxsl39lh0dq5nq8-perl5.32.0-Dist-Zilla-6.015/share/man/man3/Dist::Zilla::Tester.3
Installing /nix/store/dpvrr8q1azwf1brcfxxsl39lh0dq5nq8-perl5.32.0-Dist-Zilla-6.015/share/man/man3/Dist::Zilla::Prereqs.3
Installing /nix/store/dpvrr8q1azwf1brcfxxsl39lh0dq5nq8-perl5.32.0-Dist-Zilla-6.015/share/man/man3/Dist::Zilla::Role::EncodingProvider.3
Installing /nix/store/dpvrr8q1azwf1brcfxxsl39lh0dq5nq8-perl5.32.0-Dist-Zilla-6.015/share/man/man3/Dist::Zilla::Role::ExecFiles.3
Installing /nix/store/dpvrr8q1azwf1brcfxxsl39lh0dq5nq8-perl5.32.0-Dist-Zilla-6.015/share/man/man3/Dist::Zilla::Util.3
Installing /nix/store/dpvrr8q1azwf1brcfxxsl39lh0dq5nq8-perl5.32.0-Dist-Zilla-6.015/share/man/man3/Dist::Zilla::Role::InstallTool.3
Installing /nix/store/dpvrr8q1azwf1brcfxxsl39lh0dq5nq8-perl5.32.0-Dist-Zilla-6.015/share/man/man3/Dist::Zilla::App::Command::authordeps.3
Installing /nix/store/dpvrr8q1azwf1brcfxxsl39lh0dq5nq8-perl5.32.0-Dist-Zilla-6.015/share/man/man3/Dist::Zilla.3
Installing /nix/store/dpvrr8q1azwf1brcfxxsl39lh0dq5nq8-perl5.32.0-Dist-Zilla-6.015/share/man/man3/Dist::Zilla::Plugin::MakeMaker.3
Installing /nix/store/dpvrr8q1azwf1brcfxxsl39lh0dq5nq8-perl5.32.0-Dist-Zilla-6.015/share/man/man3/Dist::Zilla::App::Command::add.3
Installing /nix/store/dpvrr8q1azwf1brcfxxsl39lh0dq5nq8-perl5.32.0-Dist-Zilla-6.015/share/man/man3/Dist::Zilla::Plugin::GatherDir.3
Installing /nix/store/dpvrr8q1azwf1brcfxxsl39lh0dq5nq8-perl5.32.0-Dist-Zilla-6.015/share/man/man3/Dist::Zilla::App::Command::smoke.3
Installing /nix/store/dpvrr8q1azwf1brcfxxsl39lh0dq5nq8-perl5.32.0-Dist-Zilla-6.015/share/man/man3/Dist::Zilla::Plugin::MetaTests.3
Installing /nix/store/dpvrr8q1azwf1brcfxxsl39lh0dq5nq8-perl5.32.0-Dist-Zilla-6.015/share/man/man3/Dist::Zilla::Stash::PAUSE.3
Installing /nix/store/dpvrr8q1azwf1brcfxxsl39lh0dq5nq8-perl5.32.0-Dist-Zilla-6.015/share/man/man3/Dist::Zilla::Role::Stash::Login.3
Installing /nix/store/dpvrr8q1azwf1brcfxxsl39lh0dq5nq8-perl5.32.0-Dist-Zilla-6.015/share/man/man3/Dist::Zilla::Plugin::MetaYAML.3
Installing /nix/store/dpvrr8q1azwf1brcfxxsl39lh0dq5nq8-perl5.32.0-Dist-Zilla-6.015/share/man/man3/Dist::Zilla::Path.3
Installing /nix/store/dpvrr8q1azwf1brcfxxsl39lh0dq5nq8-perl5.32.0-Dist-Zilla-6.015/share/man/man3/Dist::Zilla::Plugin::CPANFile.3
Installing /nix/store/dpvrr8q1azwf1brcfxxsl39lh0dq5nq8-perl5.32.0-Dist-Zilla-6.015/share/man/man3/Dist::Zilla::App.3
Installing /nix/store/dpvrr8q1azwf1brcfxxsl39lh0dq5nq8-perl5.32.0-Dist-Zilla-6.015/share/man/man3/Dist::Zilla::File::OnDisk.3
Installing /nix/store/dpvrr8q1azwf1brcfxxsl39lh0dq5nq8-perl5.32.0-Dist-Zilla-6.015/share/man/man3/Dist::Zilla::MVP::Assembler::GlobalConfig.3
Installing /nix/store/dpvrr8q1azwf1brcfxxsl39lh0dq5nq8-perl5.32.0-Dist-Zilla-6.015/share/man/man3/Dist::Zilla::Plugin::ExtraTests.3
Installing /nix/store/dpvrr8q1azwf1brcfxxsl39lh0dq5nq8-perl5.32.0-Dist-Zilla-6.015/share/man/man3/Dist::Zilla::Plugin::PkgVersion.3
Installing /nix/store/dpvrr8q1azwf1brcfxxsl39lh0dq5nq8-perl5.32.0-Dist-Zilla-6.015/share/man/man3/Dist::Zilla::App::Command::build.3
Installing /nix/store/dpvrr8q1azwf1brcfxxsl39lh0dq5nq8-perl5.32.0-Dist-Zilla-6.015/share/man/man3/Dist::Zilla::Role::FileGatherer.3
Installing /nix/store/dpvrr8q1azwf1brcfxxsl39lh0dq5nq8-perl5.32.0-Dist-Zilla-6.015/share/man/man3/Dist::Zilla::Plugin::FileFinder::Filter.3
Installing /nix/store/dpvrr8q1azwf1brcfxxsl39lh0dq5nq8-perl5.32.0-Dist-Zilla-6.015/share/man/man3/Dist::Zilla::Plugin::GatherFile.3
Installing /nix/store/dpvrr8q1azwf1brcfxxsl39lh0dq5nq8-perl5.32.0-Dist-Zilla-6.015/share/man/man3/Dist::Zilla::App::Command::release.3
Installing /nix/store/dpvrr8q1azwf1brcfxxsl39lh0dq5nq8-perl5.32.0-Dist-Zilla-6.015/share/man/man3/Dist::Zilla::Plugin::FileFinder::ByName.3
Installing /nix/store/dpvrr8q1azwf1brcfxxsl39lh0dq5nq8-perl5.32.0-Dist-Zilla-6.015/share/man/man3/Dist::Zilla::Plugin::UploadToCPAN.3
Installing /nix/store/dpvrr8q1azwf1brcfxxsl39lh0dq5nq8-perl5.32.0-Dist-Zilla-6.015/share/man/man3/Dist::Zilla::Stash::Mint.3
Installing /nix/store/dpvrr8q1azwf1brcfxxsl39lh0dq5nq8-perl5.32.0-Dist-Zilla-6.015/share/man/man3/Dist::Zilla::App::Command::listdeps.3
Installing /nix/store/dpvrr8q1azwf1brcfxxsl39lh0dq5nq8-perl5.32.0-Dist-Zilla-6.015/share/man/man3/Dist::Zilla::Role::AfterMint.3
Installing /nix/store/dpvrr8q1azwf1brcfxxsl39lh0dq5nq8-perl5.32.0-Dist-Zilla-6.015/share/man/man3/Dist::Zilla::Role::AfterBuild.3
Installing /nix/store/dpvrr8q1azwf1brcfxxsl39lh0dq5nq8-perl5.32.0-Dist-Zilla-6.015/share/man/man3/Dist::Zilla::Dist::Builder.3
Installing /nix/store/dpvrr8q1azwf1brcfxxsl39lh0dq5nq8-perl5.32.0-Dist-Zilla-6.015/share/man/man3/Dist::Zilla::Plugin::Manifest.3
Installing /nix/store/dpvrr8q1azwf1brcfxxsl39lh0dq5nq8-perl5.32.0-Dist-Zilla-6.015/share/man/man3/Dist::Zilla::Plugin::License.3
Installing /nix/store/dpvrr8q1azwf1brcfxxsl39lh0dq5nq8-perl5.32.0-Dist-Zilla-6.015/share/man/man3/Dist::Zilla::Tutorial.3
Installing /nix/store/dpvrr8q1azwf1brcfxxsl39lh0dq5nq8-perl5.32.0-Dist-Zilla-6.015/share/man/man3/Dist::Zilla::Stash::Rights.3
Installing /nix/store/dpvrr8q1azwf1brcfxxsl39lh0dq5nq8-perl5.32.0-Dist-Zilla-6.015/share/man/man3/Dist::Zilla::Role::FileInjector.3
Installing /nix/store/dpvrr8q1azwf1brcfxxsl39lh0dq5nq8-perl5.32.0-Dist-Zilla-6.015/share/man/man3/Dist::Zilla::Role::LicenseProvider.3
Installing /nix/store/dpvrr8q1azwf1brcfxxsl39lh0dq5nq8-perl5.32.0-Dist-Zilla-6.015/share/man/man3/Dist::Zilla::Role::MutableFile.3
Installing /nix/store/dpvrr8q1azwf1brcfxxsl39lh0dq5nq8-perl5.32.0-Dist-Zilla-6.015/share/man/man3/Dist::Zilla::Role::Chrome.3
Installing /nix/store/dpvrr8q1azwf1brcfxxsl39lh0dq5nq8-perl5.32.0-Dist-Zilla-6.015/share/man/man3/Dist::Zilla::Role::File.3
Installing /nix/store/dpvrr8q1azwf1brcfxxsl39lh0dq5nq8-perl5.32.0-Dist-Zilla-6.015/share/man/man3/Dist::Zilla::Plugin::ModuleShareDirs.3
Installing /nix/store/dpvrr8q1azwf1brcfxxsl39lh0dq5nq8-perl5.32.0-Dist-Zilla-6.015/share/man/man3/Dist::Zilla::PluginBundle::Filter.3
Installing /nix/store/dpvrr8q1azwf1brcfxxsl39lh0dq5nq8-perl5.32.0-Dist-Zilla-6.015/share/man/man3/Dist::Zilla::PluginBundle::FakeClassic.3
Installing /nix/store/dpvrr8q1azwf1brcfxxsl39lh0dq5nq8-perl5.32.0-Dist-Zilla-6.015/share/man/man3/Dist::Zilla::App::Command::clean.3
Installing /nix/store/dpvrr8q1azwf1brcfxxsl39lh0dq5nq8-perl5.32.0-Dist-Zilla-6.015/share/man/man3/Dist::Zilla::Role::BeforeRelease.3
Installing /nix/store/dpvrr8q1azwf1brcfxxsl39lh0dq5nq8-perl5.32.0-Dist-Zilla-6.015/share/man/man3/Dist::Zilla::Plugin::PruneFiles.3
Installing /nix/store/dpvrr8q1azwf1brcfxxsl39lh0dq5nq8-perl5.32.0-Dist-Zilla-6.015/share/man/man3/Dist::Zilla::Plugin::ManifestSkip.3
Installing /nix/store/dpvrr8q1azwf1brcfxxsl39lh0dq5nq8-perl5.32.0-Dist-Zilla-6.015/share/man/man3/Dist::Zilla::Chrome::Term.3
Installing /nix/store/dpvrr8q1azwf1brcfxxsl39lh0dq5nq8-perl5.32.0-Dist-Zilla-6.015/share/man/man3/Dist::Zilla::MVP::RootSection.3
Installing /nix/store/dpvrr8q1azwf1brcfxxsl39lh0dq5nq8-perl5.32.0-Dist-Zilla-6.015/share/man/man3/Dist::Zilla::File::InMemory.3
Installing /nix/store/dpvrr8q1azwf1brcfxxsl39lh0dq5nq8-perl5.32.0-Dist-Zilla-6.015/share/man/man3/Dist::Zilla::Role::ShareDir.3
Installing /nix/store/dpvrr8q1azwf1brcfxxsl39lh0dq5nq8-perl5.32.0-Dist-Zilla-6.015/share/man/man3/Dist::Zilla::Role::PluginBundle.3
Installing /nix/store/dpvrr8q1azwf1brcfxxsl39lh0dq5nq8-perl5.32.0-Dist-Zilla-6.015/share/man/man3/Dist::Zilla::Plugin::PodVersion.3
Installing /nix/store/dpvrr8q1azwf1brcfxxsl39lh0dq5nq8-perl5.32.0-Dist-Zilla-6.015/share/man/man3/Dist::Zilla::Plugin::MetaNoIndex.3
Installing /nix/store/dpvrr8q1azwf1brcfxxsl39lh0dq5nq8-perl5.32.0-Dist-Zilla-6.015/share/man/man3/Dist::Zilla::PluginBundle::Basic.3
Installing /nix/store/dpvrr8q1azwf1brcfxxsl39lh0dq5nq8-perl5.32.0-Dist-Zilla-6.015/share/man/man3/Dist::Zilla::Plugin::InlineFiles.3
Installing /nix/store/dpvrr8q1azwf1brcfxxsl39lh0dq5nq8-perl5.32.0-Dist-Zilla-6.015/share/man/man3/Dist::Zilla::App::Command::setup.3
Installing /nix/store/dpvrr8q1azwf1brcfxxsl39lh0dq5nq8-perl5.32.0-Dist-Zilla-6.015/share/man/man3/Dist::Zilla::Plugin::PruneCruft.3
Installing /nix/store/dpvrr8q1azwf1brcfxxsl39lh0dq5nq8-perl5.32.0-Dist-Zilla-6.015/share/man/man3/Dist::Zilla::Role::ModuleMaker.3
Installing /nix/store/dpvrr8q1azwf1brcfxxsl39lh0dq5nq8-perl5.32.0-Dist-Zilla-6.015/share/man/man3/Dist::Zilla::Plugin::Encoding.3
Installing /nix/store/dpvrr8q1azwf1brcfxxsl39lh0dq5nq8-perl5.32.0-Dist-Zilla-6.015/share/man/man3/Dist::Zilla::Role::AfterRelease.3
Installing /nix/store/dpvrr8q1azwf1brcfxxsl39lh0dq5nq8-perl5.32.0-Dist-Zilla-6.015/share/man/man3/Dist::Zilla::Role::BeforeMint.3
Installing /nix/store/dpvrr8q1azwf1brcfxxsl39lh0dq5nq8-perl5.32.0-Dist-Zilla-6.015/share/man/man3/Dist::Zilla::Role::PPI.3
Installing /nix/store/dpvrr8q1azwf1brcfxxsl39lh0dq5nq8-perl5.32.0-Dist-Zilla-6.015/share/man/man3/Dist::Zilla::Role::VersionProvider.3
Installing /nix/store/dpvrr8q1azwf1brcfxxsl39lh0dq5nq8-perl5.32.0-Dist-Zilla-6.015/share/man/man3/Dist::Zilla::Role::Stash.3
Installing /nix/store/dpvrr8q1azwf1brcfxxsl39lh0dq5nq8-perl5.32.0-Dist-Zilla-6.015/share/man/man3/Dist::Zilla::MVP::Assembler.3
Installing /nix/store/dpvrr8q1azwf1brcfxxsl39lh0dq5nq8-perl5.32.0-Dist-Zilla-6.015/share/man/man3/Dist::Zilla::Role::Stash::Authors.3
Installing /nix/store/dpvrr8q1azwf1brcfxxsl39lh0dq5nq8-perl5.32.0-Dist-Zilla-6.015/share/man/man3/Dist::Zilla::Plugin::AutoPrereqs.3
Installing /nix/store/dpvrr8q1azwf1brcfxxsl39lh0dq5nq8-perl5.32.0-Dist-Zilla-6.015/share/man/man3/Dist::Zilla::App::Command::test.3
Installing /nix/store/dpvrr8q1azwf1brcfxxsl39lh0dq5nq8-perl5.32.0-Dist-Zilla-6.015/share/man/man3/Dist::Zilla::Role::MetaProvider.3
Installing /nix/store/dpvrr8q1azwf1brcfxxsl39lh0dq5nq8-perl5.32.0-Dist-Zilla-6.015/share/man/man3/Dist::Zilla::App::Command.3
Installing /nix/store/dpvrr8q1azwf1brcfxxsl39lh0dq5nq8-perl5.32.0-Dist-Zilla-6.015/share/man/man3/Dist::Zilla::Plugin::ExecDir.3
Installing /nix/store/dpvrr8q1azwf1brcfxxsl39lh0dq5nq8-perl5.32.0-Dist-Zilla-6.015/share/man/man3/Dist::Zilla::Plugin::FinderCode.3
Installing /nix/store/dpvrr8q1azwf1brcfxxsl39lh0dq5nq8-perl5.32.0-Dist-Zilla-6.015/share/man/man3/Dist::Zilla::Plugin::FakeRelease.3
Installing /nix/store/dpvrr8q1azwf1brcfxxsl39lh0dq5nq8-perl5.32.0-Dist-Zilla-6.015/share/man/man3/Dist::Zilla::MVP::Reader::Perl.3
Installing /nix/store/dpvrr8q1azwf1brcfxxsl39lh0dq5nq8-perl5.32.0-Dist-Zilla-6.015/share/man/man3/Dist::Zilla::Role::BuildRunner.3
Installing /nix/store/dpvrr8q1azwf1brcfxxsl39lh0dq5nq8-perl5.32.0-Dist-Zilla-6.015/share/man/man3/Dist::Zilla::PluginBundle::Classic.3
Installing /nix/store/dpvrr8q1azwf1brcfxxsl39lh0dq5nq8-perl5.32.0-Dist-Zilla-6.015/share/man/man3/Dist::Zilla::Types.3
Installing /nix/store/dpvrr8q1azwf1brcfxxsl39lh0dq5nq8-perl5.32.0-Dist-Zilla-6.015/share/man/man3/Dist::Zilla::MVP::Reader::Finder.3
Installing /nix/store/dpvrr8q1azwf1brcfxxsl39lh0dq5nq8-perl5.32.0-Dist-Zilla-6.015/share/man/man3/Dist::Zilla::Role::NameProvider.3
Installing /nix/store/dpvrr8q1azwf1brcfxxsl39lh0dq5nq8-perl5.32.0-Dist-Zilla-6.015/share/man/man3/Dist::Zilla::Role::TestRunner.3
Installing /nix/store/dpvrr8q1azwf1brcfxxsl39lh0dq5nq8-perl5.32.0-Dist-Zilla-6.015/share/man/man3/Dist::Zilla::Role::ReleaseStatusProvider.3
Installing /nix/store/dpvrr8q1azwf1brcfxxsl39lh0dq5nq8-perl5.32.0-Dist-Zilla-6.015/share/man/man3/Dist::Zilla::Plugin::GenerateFile.3
Installing /nix/store/dpvrr8q1azwf1brcfxxsl39lh0dq5nq8-perl5.32.0-Dist-Zilla-6.015/share/man/man3/Dist::Zilla::App::Command::run.3
Installing /nix/store/dpvrr8q1azwf1brcfxxsl39lh0dq5nq8-perl5.32.0-Dist-Zilla-6.015/bin/dzil
Appending installation info to /nix/store/dpvrr8q1azwf1brcfxxsl39lh0dq5nq8-perl5.32.0-Dist-Zilla-6.015/lib/perl5/5.32.0/x86_64-linux-thread-multi/perllocal.pod
post-installation fixup
Moving /nix/store/dpvrr8q1azwf1brcfxxsl39lh0dq5nq8-perl5.32.0-Dist-Zilla-6.015/share/man/man3 to /nix/store/jxdsfdb8jv4wyxgx2p91nlkrpmkgq030-perl5.32.0-Dist-Zilla-6.015-devdoc/share/man/man3
rmdir: failed to remove '/nix/store/dpvrr8q1azwf1brcfxxsl39lh0dq5nq8-perl5.32.0-Dist-Zilla-6.015/share/man': Directory not empty
shrinking RPATHs of ELF executables and libraries in /nix/store/dpvrr8q1azwf1brcfxxsl39lh0dq5nq8-perl5.32.0-Dist-Zilla-6.015
gzipping man pages under /nix/store/dpvrr8q1azwf1brcfxxsl39lh0dq5nq8-perl5.32.0-Dist-Zilla-6.015/share/man/
strip is /nix/store/psyzbhp4p088sb9qcs378hfbslcalasl-binutils-2.31.1/bin/strip
stripping (with command strip and flags -S) in /nix/store/dpvrr8q1azwf1brcfxxsl39lh0dq5nq8-perl5.32.0-Dist-Zilla-6.015/lib  /nix/store/dpvrr8q1azwf1brcfxxsl39lh0dq5nq8-perl5.32.0-Dist-Zilla-6.015/bin
patching script interpreter paths in /nix/store/dpvrr8q1azwf1brcfxxsl39lh0dq5nq8-perl5.32.0-Dist-Zilla-6.015
checking for references to /build/ in /nix/store/dpvrr8q1azwf1brcfxxsl39lh0dq5nq8-perl5.32.0-Dist-Zilla-6.015...
shrinking RPATHs of ELF executables and libraries in /nix/store/jxdsfdb8jv4wyxgx2p91nlkrpmkgq030-perl5.32.0-Dist-Zilla-6.015-devdoc
gzipping man pages under /nix/store/jxdsfdb8jv4wyxgx2p91nlkrpmkgq030-perl5.32.0-Dist-Zilla-6.015-devdoc/share/man/
strip is /nix/store/psyzbhp4p088sb9qcs378hfbslcalasl-binutils-2.31.1/bin/strip
patching script interpreter paths in /nix/store/jxdsfdb8jv4wyxgx2p91nlkrpmkgq030-perl5.32.0-Dist-Zilla-6.015-devdoc
checking for references to /build/ in /nix/store/jxdsfdb8jv4wyxgx2p91nlkrpmkgq030-perl5.32.0-Dist-Zilla-6.015-devdoc...
/nix/store/dpvrr8q1azwf1brcfxxsl39lh0dq5nq8-perl5.32.0-Dist-Zilla-6.015
