these derivations will be built:
  /nix/store/dpyskalnqq8628m4d0wfkfb683flglj4-perl5.32.0-Test-Mojibake-1.3.drv
  /nix/store/maxy0g3ckspl05wmxxycq16j0jjb29cn-perl5.32.0-Dist-Zilla-Plugin-MojibakeTests-0.8.drv
building '/nix/store/dpyskalnqq8628m4d0wfkfb683flglj4-perl5.32.0-Test-Mojibake-1.3.drv'...
unpacking sources
unpacking source archive /nix/store/b94gcd2w253cspqwrgx2qb955qj4x22y-Test-Mojibake-1.3.tar.gz
tar: Ignoring unknown extended header keyword 'SCHILY.dev'
tar: Ignoring unknown extended header keyword 'SCHILY.ino'
tar: Ignoring unknown extended header keyword 'SCHILY.nlink'
tar: Ignoring unknown extended header keyword 'SCHILY.dev'
tar: Ignoring unknown extended header keyword 'SCHILY.ino'
tar: Ignoring unknown extended header keyword 'SCHILY.nlink'
tar: Ignoring unknown extended header keyword 'SCHILY.dev'
tar: Ignoring unknown extended header keyword 'SCHILY.ino'
tar: Ignoring unknown extended header keyword 'SCHILY.nlink'
tar: Ignoring unknown extended header keyword 'SCHILY.dev'
tar: Ignoring unknown extended header keyword 'SCHILY.ino'
tar: Ignoring unknown extended header keyword 'SCHILY.nlink'
tar: Ignoring unknown extended header keyword 'SCHILY.dev'
tar: Ignoring unknown extended header keyword 'SCHILY.ino'
tar: Ignoring unknown extended header keyword 'SCHILY.nlink'
tar: Ignoring unknown extended header keyword 'SCHILY.dev'
tar: Ignoring unknown extended header keyword 'SCHILY.ino'
tar: Ignoring unknown extended header keyword 'SCHILY.nlink'
tar: Ignoring unknown extended header keyword 'SCHILY.dev'
tar: Ignoring unknown extended header keyword 'SCHILY.ino'
tar: Ignoring unknown extended header keyword 'SCHILY.nlink'
tar: Ignoring unknown extended header keyword 'SCHILY.dev'
tar: Ignoring unknown extended header keyword 'SCHILY.ino'
tar: Ignoring unknown extended header keyword 'SCHILY.nlink'
tar: Ignoring unknown extended header keyword 'SCHILY.dev'
tar: Ignoring unknown extended header keyword 'SCHILY.ino'
tar: Ignoring unknown extended header keyword 'SCHILY.nlink'
tar: Ignoring unknown extended header keyword 'SCHILY.dev'
tar: Ignoring unknown extended header keyword 'SCHILY.ino'
tar: Ignoring unknown extended header keyword 'SCHILY.nlink'
tar: Ignoring unknown extended header keyword 'SCHILY.dev'
tar: Ignoring unknown extended header keyword 'SCHILY.ino'
tar: Ignoring unknown extended header keyword 'SCHILY.nlink'
tar: Ignoring unknown extended header keyword 'SCHILY.dev'
tar: Ignoring unknown extended header keyword 'SCHILY.ino'
tar: Ignoring unknown extended header keyword 'SCHILY.nlink'
tar: Ignoring unknown extended header keyword 'SCHILY.dev'
tar: Ignoring unknown extended header keyword 'SCHILY.ino'
tar: Ignoring unknown extended header keyword 'SCHILY.nlink'
tar: Ignoring unknown extended header keyword 'SCHILY.dev'
tar: Ignoring unknown extended header keyword 'SCHILY.ino'
tar: Ignoring unknown extended header keyword 'SCHILY.nlink'
tar: Ignoring unknown extended header keyword 'SCHILY.dev'
tar: Ignoring unknown extended header keyword 'SCHILY.ino'
tar: Ignoring unknown extended header keyword 'SCHILY.nlink'
tar: Ignoring unknown extended header keyword 'SCHILY.dev'
tar: Ignoring unknown extended header keyword 'SCHILY.ino'
tar: Ignoring unknown extended header keyword 'SCHILY.nlink'
tar: Ignoring unknown extended header keyword 'SCHILY.dev'
tar: Ignoring unknown extended header keyword 'SCHILY.ino'
tar: Ignoring unknown extended header keyword 'SCHILY.nlink'
tar: Ignoring unknown extended header keyword 'SCHILY.dev'
tar: Ignoring unknown extended header keyword 'SCHILY.ino'
tar: Ignoring unknown extended header keyword 'SCHILY.nlink'
tar: Ignoring unknown extended header keyword 'SCHILY.dev'
tar: Ignoring unknown extended header keyword 'SCHILY.ino'
tar: Ignoring unknown extended header keyword 'SCHILY.nlink'
tar: Ignoring unknown extended header keyword 'SCHILY.dev'
tar: Ignoring unknown extended header keyword 'SCHILY.ino'
tar: Ignoring unknown extended header keyword 'SCHILY.nlink'
tar: Ignoring unknown extended header keyword 'SCHILY.dev'
tar: Ignoring unknown extended header keyword 'SCHILY.ino'
tar: Ignoring unknown extended header keyword 'SCHILY.nlink'
tar: Ignoring unknown extended header keyword 'SCHILY.dev'
tar: Ignoring unknown extended header keyword 'SCHILY.ino'
tar: Ignoring unknown extended header keyword 'SCHILY.nlink'
tar: Ignoring unknown extended header keyword 'SCHILY.dev'
tar: Ignoring unknown extended header keyword 'SCHILY.ino'
tar: Ignoring unknown extended header keyword 'SCHILY.nlink'
tar: Ignoring unknown extended header keyword 'SCHILY.dev'
tar: Ignoring unknown extended header keyword 'SCHILY.ino'
tar: Ignoring unknown extended header keyword 'SCHILY.nlink'
tar: Ignoring unknown extended header keyword 'SCHILY.dev'
tar: Ignoring unknown extended header keyword 'SCHILY.ino'
tar: Ignoring unknown extended header keyword 'SCHILY.nlink'
tar: Ignoring unknown extended header keyword 'SCHILY.dev'
tar: Ignoring unknown extended header keyword 'SCHILY.ino'
tar: Ignoring unknown extended header keyword 'SCHILY.nlink'
tar: Ignoring unknown extended header keyword 'SCHILY.dev'
tar: Ignoring unknown extended header keyword 'SCHILY.ino'
tar: Ignoring unknown extended header keyword 'SCHILY.nlink'
tar: Ignoring unknown extended header keyword 'SCHILY.dev'
tar: Ignoring unknown extended header keyword 'SCHILY.ino'
tar: Ignoring unknown extended header keyword 'SCHILY.nlink'
tar: Ignoring unknown extended header keyword 'SCHILY.dev'
tar: Ignoring unknown extended header keyword 'SCHILY.ino'
tar: Ignoring unknown extended header keyword 'SCHILY.nlink'
tar: Ignoring unknown extended header keyword 'SCHILY.dev'
tar: Ignoring unknown extended header keyword 'SCHILY.ino'
tar: Ignoring unknown extended header keyword 'SCHILY.nlink'
tar: Ignoring unknown extended header keyword 'SCHILY.dev'
tar: Ignoring unknown extended header keyword 'SCHILY.ino'
tar: Ignoring unknown extended header keyword 'SCHILY.nlink'
tar: Ignoring unknown extended header keyword 'SCHILY.dev'
tar: Ignoring unknown extended header keyword 'SCHILY.ino'
tar: Ignoring unknown extended header keyword 'SCHILY.nlink'
tar: Ignoring unknown extended header keyword 'SCHILY.dev'
tar: Ignoring unknown extended header keyword 'SCHILY.ino'
tar: Ignoring unknown extended header keyword 'SCHILY.nlink'
tar: Ignoring unknown extended header keyword 'SCHILY.dev'
tar: Ignoring unknown extended header keyword 'SCHILY.ino'
tar: Ignoring unknown extended header keyword 'SCHILY.nlink'
tar: Ignoring unknown extended header keyword 'SCHILY.dev'
tar: Ignoring unknown extended header keyword 'SCHILY.ino'
tar: Ignoring unknown extended header keyword 'SCHILY.nlink'
tar: Ignoring unknown extended header keyword 'SCHILY.dev'
tar: Ignoring unknown extended header keyword 'SCHILY.ino'
tar: Ignoring unknown extended header keyword 'SCHILY.nlink'
tar: Ignoring unknown extended header keyword 'SCHILY.dev'
tar: Ignoring unknown extended header keyword 'SCHILY.ino'
tar: Ignoring unknown extended header keyword 'SCHILY.nlink'
tar: Ignoring unknown extended header keyword 'SCHILY.dev'
tar: Ignoring unknown extended header keyword 'SCHILY.ino'
tar: Ignoring unknown extended header keyword 'SCHILY.nlink'
tar: Ignoring unknown extended header keyword 'SCHILY.dev'
tar: Ignoring unknown extended header keyword 'SCHILY.ino'
tar: Ignoring unknown extended header keyword 'SCHILY.nlink'
tar: Ignoring unknown extended header keyword 'SCHILY.dev'
tar: Ignoring unknown extended header keyword 'SCHILY.ino'
tar: Ignoring unknown extended header keyword 'SCHILY.nlink'
tar: Ignoring unknown extended header keyword 'SCHILY.dev'
tar: Ignoring unknown extended header keyword 'SCHILY.ino'
tar: Ignoring unknown extended header keyword 'SCHILY.nlink'
tar: Ignoring unknown extended header keyword 'SCHILY.dev'
tar: Ignoring unknown extended header keyword 'SCHILY.ino'
tar: Ignoring unknown extended header keyword 'SCHILY.nlink'
tar: Ignoring unknown extended header keyword 'SCHILY.dev'
tar: Ignoring unknown extended header keyword 'SCHILY.ino'
tar: Ignoring unknown extended header keyword 'SCHILY.nlink'
tar: Ignoring unknown extended header keyword 'SCHILY.dev'
tar: Ignoring unknown extended header keyword 'SCHILY.ino'
tar: Ignoring unknown extended header keyword 'SCHILY.nlink'
tar: Ignoring unknown extended header keyword 'SCHILY.dev'
tar: Ignoring unknown extended header keyword 'SCHILY.ino'
tar: Ignoring unknown extended header keyword 'SCHILY.nlink'
tar: Ignoring unknown extended header keyword 'SCHILY.dev'
tar: Ignoring unknown extended header keyword 'SCHILY.ino'
tar: Ignoring unknown extended header keyword 'SCHILY.nlink'
tar: Ignoring unknown extended header keyword 'SCHILY.dev'
tar: Ignoring unknown extended header keyword 'SCHILY.ino'
tar: Ignoring unknown extended header keyword 'SCHILY.nlink'
tar: Ignoring unknown extended header keyword 'SCHILY.dev'
tar: Ignoring unknown extended header keyword 'SCHILY.ino'
tar: Ignoring unknown extended header keyword 'SCHILY.nlink'
tar: Ignoring unknown extended header keyword 'SCHILY.dev'
tar: Ignoring unknown extended header keyword 'SCHILY.ino'
tar: Ignoring unknown extended header keyword 'SCHILY.nlink'
tar: Ignoring unknown extended header keyword 'SCHILY.dev'
tar: Ignoring unknown extended header keyword 'SCHILY.ino'
tar: Ignoring unknown extended header keyword 'SCHILY.nlink'
tar: Ignoring unknown extended header keyword 'SCHILY.dev'
tar: Ignoring unknown extended header keyword 'SCHILY.ino'
tar: Ignoring unknown extended header keyword 'SCHILY.nlink'
tar: Ignoring unknown extended header keyword 'SCHILY.dev'
tar: Ignoring unknown extended header keyword 'SCHILY.ino'
tar: Ignoring unknown extended header keyword 'SCHILY.nlink'
tar: Ignoring unknown extended header keyword 'SCHILY.dev'
tar: Ignoring unknown extended header keyword 'SCHILY.ino'
tar: Ignoring unknown extended header keyword 'SCHILY.nlink'
tar: Ignoring unknown extended header keyword 'SCHILY.dev'
tar: Ignoring unknown extended header keyword 'SCHILY.ino'
tar: Ignoring unknown extended header keyword 'SCHILY.nlink'
tar: Ignoring unknown extended header keyword 'SCHILY.dev'
tar: Ignoring unknown extended header keyword 'SCHILY.ino'
tar: Ignoring unknown extended header keyword 'SCHILY.nlink'
tar: Ignoring unknown extended header keyword 'SCHILY.dev'
tar: Ignoring unknown extended header keyword 'SCHILY.ino'
tar: Ignoring unknown extended header keyword 'SCHILY.nlink'
tar: Ignoring unknown extended header keyword 'SCHILY.dev'
tar: Ignoring unknown extended header keyword 'SCHILY.ino'
tar: Ignoring unknown extended header keyword 'SCHILY.nlink'
tar: Ignoring unknown extended header keyword 'SCHILY.dev'
tar: Ignoring unknown extended header keyword 'SCHILY.ino'
tar: Ignoring unknown extended header keyword 'SCHILY.nlink'
tar: Ignoring unknown extended header keyword 'SCHILY.dev'
tar: Ignoring unknown extended header keyword 'SCHILY.ino'
tar: Ignoring unknown extended header keyword 'SCHILY.nlink'
tar: Ignoring unknown extended header keyword 'SCHILY.dev'
tar: Ignoring unknown extended header keyword 'SCHILY.ino'
tar: Ignoring unknown extended header keyword 'SCHILY.nlink'
tar: Ignoring unknown extended header keyword 'SCHILY.dev'
tar: Ignoring unknown extended header keyword 'SCHILY.ino'
tar: Ignoring unknown extended header keyword 'SCHILY.nlink'
tar: Ignoring unknown extended header keyword 'SCHILY.dev'
tar: Ignoring unknown extended header keyword 'SCHILY.ino'
tar: Ignoring unknown extended header keyword 'SCHILY.nlink'
tar: Ignoring unknown extended header keyword 'SCHILY.dev'
tar: Ignoring unknown extended header keyword 'SCHILY.ino'
tar: Ignoring unknown extended header keyword 'SCHILY.nlink'
tar: Ignoring unknown extended header keyword 'SCHILY.dev'
tar: Ignoring unknown extended header keyword 'SCHILY.ino'
tar: Ignoring unknown extended header keyword 'SCHILY.nlink'
tar: Ignoring unknown extended header keyword 'SCHILY.dev'
tar: Ignoring unknown extended header keyword 'SCHILY.ino'
tar: Ignoring unknown extended header keyword 'SCHILY.nlink'
tar: Ignoring unknown extended header keyword 'SCHILY.dev'
tar: Ignoring unknown extended header keyword 'SCHILY.ino'
tar: Ignoring unknown extended header keyword 'SCHILY.nlink'
tar: Ignoring unknown extended header keyword 'SCHILY.dev'
tar: Ignoring unknown extended header keyword 'SCHILY.ino'
tar: Ignoring unknown extended header keyword 'SCHILY.nlink'
source root is Test-Mojibake-1.3
setting SOURCE_DATE_EPOCH to timestamp 1486394347 of file Test-Mojibake-1.3/weaver.ini
patching sources
configuring
patching ./t/author-critic.t...
patching ./t/release-unused-vars.t...
patching ./t/02-bad-source.t...
patching ./t/author-pod-syntax.t...
patching ./t/author-pod-coverage.t...
patching ./t/03-bad-pod.t...
patching ./t/author-pod-linkcheck.t...
patching ./t/07-broken-utf8.t...
patching ./t/good/ascii.pl...
patching ./t/good/shebang...
patching ./t/good/mojibake.pl_...
patching ./t/good/latin1.pl...
patching ./t/good/utf8.pl_...
patching ./t/08-all-files-none-found.t...
patching ./t/02-good-source.t...
patching ./t/03-good-pod.t...
patching ./t/bad/bad-utf8.pl_...
patching ./t/bad/bad-latin1.pl_...
patching ./t/release-meta-json.t...
patching ./t/04-bom.t...
patching ./t/00-load.t...
patching ./t/author-mojibake.t...
patching ./t/release-minimum-version.t...
patching ./t/06-pp-vs-xs.t...
patching ./t/01-test-check.t...
patching ./t/release-distmeta.t...
patching ./t/05-encode.t...
patching ./t/author-synopsis.t...
patching ./t/release-dist-manifest.t...
patching ./t/01-self-check.t...
patching ./t/01-bad-check.t...
patching ./bin/scan_mojibake...
Checking if your kit is complete...
Looks good
Generating a Unix-style Makefile
Writing Makefile for Test::Mojibake
Writing MYMETA.yml and MYMETA.json
no configure script, doing nothing
building
build flags: SHELL=/nix/store/9fqwwd4iybmhjqyxiaxycknslw6bgwh1-bash-4.4-p23/bin/bash
cp lib/Test/Mojibake.pm blib/lib/Test/Mojibake.pm
cp bin/scan_mojibake blib/script/scan_mojibake
"/nix/store/7c044di03qa7qgr5kjjc2d787aspzp0m-perl-5.32.0/bin/perl" -MExtUtils::MY -e 'MY->fixin(shift)' -- blib/script/scan_mojibake
Manifying 1 pod document
Manifying 1 pod document
running tests
check flags: SHELL=/nix/store/9fqwwd4iybmhjqyxiaxycknslw6bgwh1-bash-4.4-p23/bin/bash VERBOSE=y test
PERL_DL_NONLAZY=1 "/nix/store/7c044di03qa7qgr5kjjc2d787aspzp0m-perl-5.32.0/bin/perl" "-MExtUtils::Command::MM" "-MTest::Harness" "-e" "undef *Test::Harness::Switches; test_harness(0, 'blib/lib', 'blib/arch')" t/*.t
t/00-compile.t ............... ok
t/00-load.t .................. 1/2 # Testing Test::Mojibake v1.3, Perl 5.032000, /nix/store/7c044di03qa7qgr5kjjc2d787aspzp0m-perl-5.32.0/bin/perl
# Using Test::Builder v1.302175
t/00-load.t .................. ok
t/01-bad-check.t ............. ok
t/01-self-check.t ............ ok
t/01-test-check.t ............ ok
t/02-bad-source.t ............ ok
t/02-good-source.t ........... ok
t/03-bad-pod.t ............... ok
t/03-good-pod.t .............. ok
t/04-bom.t ................... ok
t/05-encode.t ................ ok
t/06-pp-vs-xs.t .............. 1/? # No XS module detected, will fallback to PP implementation!
t/06-pp-vs-xs.t .............. ok
t/07-broken-utf8.t ........... ok
t/08-all-files-none-found.t .. ok
t/author-critic.t ............ skipped: these tests are for testing by the author
t/author-eol.t ............... skipped: these tests are for testing by the author
t/author-mojibake.t .......... skipped: these tests are for testing by the author
t/author-no-tabs.t ........... skipped: these tests are for testing by the author
t/author-pod-coverage.t ...... skipped: these tests are for testing by the author
t/author-pod-linkcheck.t ..... skipped: these tests are for testing by the author
t/author-pod-syntax.t ........ skipped: these tests are for testing by the author
t/author-portability.t ....... skipped: these tests are for testing by the author
t/author-synopsis.t .......... skipped: these tests are for testing by the author
t/author-test-version.t ...... skipped: these tests are for testing by the author
t/release-cpan-changes.t ..... skipped: these tests are for release candidate testing
t/release-dist-manifest.t .... skipped: these tests are for release candidate testing
t/release-distmeta.t ......... skipped: these tests are for release candidate testing
t/release-kwalitee.t ......... skipped: these tests are for release candidate testing
t/release-meta-json.t ........ skipped: these tests are for release candidate testing
t/release-minimum-version.t .. skipped: these tests are for release candidate testing
t/release-unused-vars.t ...... skipped: these tests are for release candidate testing
All tests successful.
Files=31, Tests=55,  1 wallclock secs ( 0.08 usr  0.02 sys +  0.89 cusr  0.15 csys =  1.14 CPU)
Result: PASS
installing
install flags: SHELL=/nix/store/9fqwwd4iybmhjqyxiaxycknslw6bgwh1-bash-4.4-p23/bin/bash pkgconfigdir=/nix/store/r322zygpy7d37gdzbmqlkk4gwywj0s8w-perl5.32.0-Test-Mojibake-1.3/lib/pkgconfig m4datadir=/nix/store/r322zygpy7d37gdzbmqlkk4gwywj0s8w-perl5.32.0-Test-Mojibake-1.3/share/aclocal aclocaldir=/nix/store/r322zygpy7d37gdzbmqlkk4gwywj0s8w-perl5.32.0-Test-Mojibake-1.3/share/aclocal install
Manifying 1 pod document
Manifying 1 pod document
Installing /nix/store/r322zygpy7d37gdzbmqlkk4gwywj0s8w-perl5.32.0-Test-Mojibake-1.3/lib/perl5/site_perl/5.32.0/Test/Mojibake.pm
Installing /nix/store/r322zygpy7d37gdzbmqlkk4gwywj0s8w-perl5.32.0-Test-Mojibake-1.3/share/man/man1/scan_mojibake.1
Installing /nix/store/r322zygpy7d37gdzbmqlkk4gwywj0s8w-perl5.32.0-Test-Mojibake-1.3/share/man/man3/Test::Mojibake.3
Installing /nix/store/r322zygpy7d37gdzbmqlkk4gwywj0s8w-perl5.32.0-Test-Mojibake-1.3/bin/scan_mojibake
Appending installation info to /nix/store/r322zygpy7d37gdzbmqlkk4gwywj0s8w-perl5.32.0-Test-Mojibake-1.3/lib/perl5/5.32.0/x86_64-linux-thread-multi/perllocal.pod
post-installation fixup
Moving /nix/store/r322zygpy7d37gdzbmqlkk4gwywj0s8w-perl5.32.0-Test-Mojibake-1.3/share/man/man3 to /nix/store/lpy2vs7cnxlx61qzr6znlrby0s5ags4w-perl5.32.0-Test-Mojibake-1.3-devdoc/share/man/man3
rmdir: failed to remove '/nix/store/r322zygpy7d37gdzbmqlkk4gwywj0s8w-perl5.32.0-Test-Mojibake-1.3/share/man': Directory not empty
shrinking RPATHs of ELF executables and libraries in /nix/store/r322zygpy7d37gdzbmqlkk4gwywj0s8w-perl5.32.0-Test-Mojibake-1.3
gzipping man pages under /nix/store/r322zygpy7d37gdzbmqlkk4gwywj0s8w-perl5.32.0-Test-Mojibake-1.3/share/man/
strip is /nix/store/psyzbhp4p088sb9qcs378hfbslcalasl-binutils-2.31.1/bin/strip
stripping (with command strip and flags -S) in /nix/store/r322zygpy7d37gdzbmqlkk4gwywj0s8w-perl5.32.0-Test-Mojibake-1.3/lib  /nix/store/r322zygpy7d37gdzbmqlkk4gwywj0s8w-perl5.32.0-Test-Mojibake-1.3/bin
patching script interpreter paths in /nix/store/r322zygpy7d37gdzbmqlkk4gwywj0s8w-perl5.32.0-Test-Mojibake-1.3
checking for references to /build/ in /nix/store/r322zygpy7d37gdzbmqlkk4gwywj0s8w-perl5.32.0-Test-Mojibake-1.3...
shrinking RPATHs of ELF executables and libraries in /nix/store/lpy2vs7cnxlx61qzr6znlrby0s5ags4w-perl5.32.0-Test-Mojibake-1.3-devdoc
gzipping man pages under /nix/store/lpy2vs7cnxlx61qzr6znlrby0s5ags4w-perl5.32.0-Test-Mojibake-1.3-devdoc/share/man/
strip is /nix/store/psyzbhp4p088sb9qcs378hfbslcalasl-binutils-2.31.1/bin/strip
patching script interpreter paths in /nix/store/lpy2vs7cnxlx61qzr6znlrby0s5ags4w-perl5.32.0-Test-Mojibake-1.3-devdoc
checking for references to /build/ in /nix/store/lpy2vs7cnxlx61qzr6znlrby0s5ags4w-perl5.32.0-Test-Mojibake-1.3-devdoc...
building '/nix/store/maxy0g3ckspl05wmxxycq16j0jjb29cn-perl5.32.0-Dist-Zilla-Plugin-MojibakeTests-0.8.drv'...
unpacking sources
unpacking source archive /nix/store/3aifa4ib9qnlbjljbk4n3mrp6py0id0g-Dist-Zilla-Plugin-MojibakeTests-0.8.tar.gz
source root is Dist-Zilla-Plugin-MojibakeTests-0.8
setting SOURCE_DATE_EPOCH to timestamp 1436178984 of file Dist-Zilla-Plugin-MojibakeTests-0.8/weaver.ini
patching sources
configuring
patching ./t/author-critic.t...
patching ./t/release-unused-vars.t...
patching ./t/release-mojibake.t...
patching ./t/release-synopsis.t...
patching ./t/release-portability.t...
patching ./t/release-cpan-changes.t...
patching ./t/release-pod-syntax.t...
patching ./t/00-load.t...
patching ./t/release-minimum-version.t...
patching ./t/release-pod-linkcheck.t...
patching ./t/release-distmeta.t...
patching ./t/release-dist-manifest.t...
patching ./t/release-pod-coverage.t...
Checking if your kit is complete...
Looks good
Generating a Unix-style Makefile
Writing Makefile for Dist::Zilla::Plugin::MojibakeTests
Writing MYMETA.yml and MYMETA.json
no configure script, doing nothing
building
build flags: SHELL=/nix/store/9fqwwd4iybmhjqyxiaxycknslw6bgwh1-bash-4.4-p23/bin/bash
cp lib/Dist/Zilla/Plugin/MojibakeTests.pm blib/lib/Dist/Zilla/Plugin/MojibakeTests.pm
Manifying 1 pod document
running tests
check flags: SHELL=/nix/store/9fqwwd4iybmhjqyxiaxycknslw6bgwh1-bash-4.4-p23/bin/bash VERBOSE=y test
PERL_DL_NONLAZY=1 "/nix/store/7c044di03qa7qgr5kjjc2d787aspzp0m-perl-5.32.0/bin/perl" "-MExtUtils::Command::MM" "-MTest::Harness" "-e" "undef *Test::Harness::Switches; test_harness(0, 'blib/lib', 'blib/arch')" t/*.t
t/00-compile.t ............... ok
t/00-load.t .................. 2/4 # Testing Dist::Zilla::Plugin::MojibakeTests v0.8, Perl 5.032000, /nix/store/7c044di03qa7qgr5kjjc2d787aspzp0m-perl-5.32.0/bin/perl
# Using Dist::Zilla v6.015
# Using Test::Mojibake v1.3
# Using Test::Builder v1.302175
t/00-load.t .................. ok
t/author-critic.t ............ skipped: these tests are for testing by the author
t/author-eol.t ............... skipped: these tests are for testing by the author
t/author-no-tabs.t ........... skipped: these tests are for testing by the author
t/author-test-version.t ...... skipped: these tests are for testing by the author
t/release-cpan-changes.t ..... skipped: these tests are for release candidate testing
t/release-dist-manifest.t .... skipped: these tests are for release candidate testing
t/release-distmeta.t ......... skipped: these tests are for release candidate testing
t/release-kwalitee.t ......... skipped: these tests are for release candidate testing
t/release-minimum-version.t .. skipped: these tests are for release candidate testing
t/release-mojibake.t ......... skipped: these tests are for release candidate testing
t/release-pod-coverage.t ..... skipped: these tests are for release candidate testing
t/release-pod-linkcheck.t .... skipped: these tests are for release candidate testing
t/release-pod-syntax.t ....... skipped: these tests are for release candidate testing
t/release-portability.t ...... skipped: these tests are for release candidate testing
t/release-synopsis.t ......... skipped: these tests are for release candidate testing
t/release-unused-vars.t ...... skipped: these tests are for release candidate testing
All tests successful.
Files=18, Tests=5, 15 wallclock secs ( 0.21 usr  0.11 sys +  6.05 cusr  8.92 csys = 15.29 CPU)
Result: PASS
installing
install flags: SHELL=/nix/store/9fqwwd4iybmhjqyxiaxycknslw6bgwh1-bash-4.4-p23/bin/bash pkgconfigdir=/nix/store/kpz47kzhi01dr941fpj08ybbqxmjklmb-perl5.32.0-Dist-Zilla-Plugin-MojibakeTests-0.8/lib/pkgconfig m4datadir=/nix/store/kpz47kzhi01dr941fpj08ybbqxmjklmb-perl5.32.0-Dist-Zilla-Plugin-MojibakeTests-0.8/share/aclocal aclocaldir=/nix/store/kpz47kzhi01dr941fpj08ybbqxmjklmb-perl5.32.0-Dist-Zilla-Plugin-MojibakeTests-0.8/share/aclocal install
Manifying 1 pod document
Installing /nix/store/kpz47kzhi01dr941fpj08ybbqxmjklmb-perl5.32.0-Dist-Zilla-Plugin-MojibakeTests-0.8/lib/perl5/site_perl/5.32.0/Dist/Zilla/Plugin/MojibakeTests.pm
Installing /nix/store/kpz47kzhi01dr941fpj08ybbqxmjklmb-perl5.32.0-Dist-Zilla-Plugin-MojibakeTests-0.8/share/man/man3/Dist::Zilla::Plugin::MojibakeTests.3
Appending installation info to /nix/store/kpz47kzhi01dr941fpj08ybbqxmjklmb-perl5.32.0-Dist-Zilla-Plugin-MojibakeTests-0.8/lib/perl5/5.32.0/x86_64-linux-thread-multi/perllocal.pod
post-installation fixup
Moving /nix/store/kpz47kzhi01dr941fpj08ybbqxmjklmb-perl5.32.0-Dist-Zilla-Plugin-MojibakeTests-0.8/share/man/man3 to /nix/store/2y66ljz0mjgmyz23mmd41a6pi2f1fwvb-perl5.32.0-Dist-Zilla-Plugin-MojibakeTests-0.8-devdoc/share/man/man3
Removing empty /nix/store/kpz47kzhi01dr941fpj08ybbqxmjklmb-perl5.32.0-Dist-Zilla-Plugin-MojibakeTests-0.8/share/man/ and (possibly) its parents
shrinking RPATHs of ELF executables and libraries in /nix/store/kpz47kzhi01dr941fpj08ybbqxmjklmb-perl5.32.0-Dist-Zilla-Plugin-MojibakeTests-0.8
strip is /nix/store/psyzbhp4p088sb9qcs378hfbslcalasl-binutils-2.31.1/bin/strip
stripping (with command strip and flags -S) in /nix/store/kpz47kzhi01dr941fpj08ybbqxmjklmb-perl5.32.0-Dist-Zilla-Plugin-MojibakeTests-0.8/lib
patching script interpreter paths in /nix/store/kpz47kzhi01dr941fpj08ybbqxmjklmb-perl5.32.0-Dist-Zilla-Plugin-MojibakeTests-0.8
checking for references to /build/ in /nix/store/kpz47kzhi01dr941fpj08ybbqxmjklmb-perl5.32.0-Dist-Zilla-Plugin-MojibakeTests-0.8...
shrinking RPATHs of ELF executables and libraries in /nix/store/2y66ljz0mjgmyz23mmd41a6pi2f1fwvb-perl5.32.0-Dist-Zilla-Plugin-MojibakeTests-0.8-devdoc
gzipping man pages under /nix/store/2y66ljz0mjgmyz23mmd41a6pi2f1fwvb-perl5.32.0-Dist-Zilla-Plugin-MojibakeTests-0.8-devdoc/share/man/
strip is /nix/store/psyzbhp4p088sb9qcs378hfbslcalasl-binutils-2.31.1/bin/strip
patching script interpreter paths in /nix/store/2y66ljz0mjgmyz23mmd41a6pi2f1fwvb-perl5.32.0-Dist-Zilla-Plugin-MojibakeTests-0.8-devdoc
checking for references to /build/ in /nix/store/2y66ljz0mjgmyz23mmd41a6pi2f1fwvb-perl5.32.0-Dist-Zilla-Plugin-MojibakeTests-0.8-devdoc...
/nix/store/kpz47kzhi01dr941fpj08ybbqxmjklmb-perl5.32.0-Dist-Zilla-Plugin-MojibakeTests-0.8
