these derivations will be built:
  /nix/store/q65vp2kqyhidhi3yxpzwail10ckm5qxs-perl5.32.0-MIME-tools-5.509.drv
  /nix/store/q9d3xgjdkcr84hg9wxy2w48wid5yrz7n-perl5.32.0-Return-Value-1.666005.drv
  /nix/store/2x4g0qjixqg438p248hwj75b5f83gcid-perl5.32.0-Email-Send-2.201.drv
these paths will be fetched (0.45 MiB download, 0.45 MiB unpacked):
  /nix/store/0mb3bdg1i40r6av6dpanb67prgy1wimr-Return-Value-1.666005.tar.gz
  /nix/store/a082v52sqjv2cyp5hkbg2wfivv0w37kz-MIME-tools-5.509.tar.gz
  /nix/store/xgwbf24n3lmr1yrc6fj4jd18md1ky3nl-Email-Send-2.201.tar.gz
copying path '/nix/store/xgwbf24n3lmr1yrc6fj4jd18md1ky3nl-Email-Send-2.201.tar.gz' from 'https://cache.nixos.org'...
copying path '/nix/store/a082v52sqjv2cyp5hkbg2wfivv0w37kz-MIME-tools-5.509.tar.gz' from 'https://cache.nixos.org'...
copying path '/nix/store/0mb3bdg1i40r6av6dpanb67prgy1wimr-Return-Value-1.666005.tar.gz' from 'https://cache.nixos.org'...
building '/nix/store/q65vp2kqyhidhi3yxpzwail10ckm5qxs-perl5.32.0-MIME-tools-5.509.drv'...
building '/nix/store/q9d3xgjdkcr84hg9wxy2w48wid5yrz7n-perl5.32.0-Return-Value-1.666005.drv'...
unpacking sources
unpacking source archive /nix/store/0mb3bdg1i40r6av6dpanb67prgy1wimr-Return-Value-1.666005.tar.gz
source root is Return-Value-1.666005
unpacking sources
unpacking source archive /nix/store/a082v52sqjv2cyp5hkbg2wfivv0w37kz-MIME-tools-5.509.tar.gz
setting SOURCE_DATE_EPOCH to timestamp 1449199220 of file Return-Value-1.666005/xt/release/changes_has_content.t
patching sources
configuring
source root is MIME-tools-5.509
patching ./xt/release/changes_has_content.t...
setting SOURCE_DATE_EPOCH to timestamp 1491415385 of file MIME-tools-5.509/lib/MIME/Entity.pm
patching sources
patching ./xt/author/pod-syntax.t...
configuring
patching ./t/00-report-prereqs.t...
Checking if your kit is complete...
Looks good
Generating a Unix-style Makefile
Writing Makefile for Return::Value
patching ./examples/mimeexplode...
patching ./examples/mimesender...
patching ./examples/mimeabuse...
patching ./examples/mimedump...
patching ./examples/mimeref...
patching ./examples/mimeprint...
patching ./examples/mimepostcard...
patching ./examples/mimesend...
patching ./examples/mimeencode...
patching ./examples/mimetour...
patching ./t/WordDecoder.t...
Writing MYMETA.yml and MYMETA.json
patching ./t/ticket-65681.t...
patching ./t/Words.t...
no configure script, doing nothing
building
build flags: SHELL=/nix/store/9fqwwd4iybmhjqyxiaxycknslw6bgwh1-bash-4.4-p23/bin/bash
patching ./t/Body.t...
patching ./t/Misc.t...
patching ./t/Entity.t...
patching ./t/Filer.t...
patching ./t/ticket-11901.t...
patching ./t/attachment-filename-encoding.t...
patching ./t/ticket-119568.t...
patching ./t/Head.t...
patching ./t/Decoder.t...
patching ./t/EmptyPart.t...
patching ./t/BodyPrint.t...
patching ./t/ticket-71677.t...
patching ./t/ParserEncoded.t...
patching ./t/ticket-60931.t...
patching ./t/ticket-22684.t...
patching ./t/Gauntlet.t...
patching ./t/Parser.t...
patching ./t/Ref.t...
patching ./t/Smtpsend.t...
patching ./t/ParserPreamble.t...
patching ./t/99-prepare.t...
cp lib/Return/Value.pm blib/lib/Return/Value.pm
Checking if your kit is complete...
Looks good
Generating a Unix-style Makefile
Writing Makefile for MIME::Tools
Manifying 1 pod document
Writing MYMETA.yml and MYMETA.json
no configure script, doing nothing
building
build flags: SHELL=/nix/store/9fqwwd4iybmhjqyxiaxycknslw6bgwh1-bash-4.4-p23/bin/bash
running tests
check flags: SHELL=/nix/store/9fqwwd4iybmhjqyxiaxycknslw6bgwh1-bash-4.4-p23/bin/bash VERBOSE=y test
PERL_DL_NONLAZY=1 "/nix/store/7c044di03qa7qgr5kjjc2d787aspzp0m-perl-5.32.0/bin/perl" "-MExtUtils::Command::MM" "-MTest::Harness" "-e" "undef *Test::Harness::Switches; test_harness(0, 'blib/lib', 'blib/arch')" t/*.t
cp lib/MIME/Body.pm blib/lib/MIME/Body.pm
cp lib/MIME/Decoder/Gzip64.pm blib/lib/MIME/Decoder/Gzip64.pm
cp lib/MIME/Decoder/Binary.pm blib/lib/MIME/Decoder/Binary.pm
cp lib/MIME/Tools.pm blib/lib/MIME/Tools.pm
cp lib/MIME/Field/ContDisp.pm blib/lib/MIME/Field/ContDisp.pm
cp lib/MIME/Decoder.pm blib/lib/MIME/Decoder.pm
cp lib/MIME/Parser/Results.pm blib/lib/MIME/Parser/Results.pm
cp lib/MIME/Decoder/NBit.pm blib/lib/MIME/Decoder/NBit.pm
cp lib/MIME/Field/ParamVal.pm blib/lib/MIME/Field/ParamVal.pm
cp lib/MIME/Decoder/BinHex.pm blib/lib/MIME/Decoder/BinHex.pm
cp lib/MIME/WordDecoder.pm blib/lib/MIME/WordDecoder.pm
cp lib/MIME/Entity.pm blib/lib/MIME/Entity.pm
cp lib/MIME/Decoder/Base64.pm blib/lib/MIME/Decoder/Base64.pm
cp lib/MIME/Words.pm blib/lib/MIME/Words.pm
cp lib/MIME/Parser/Reader.pm blib/lib/MIME/Parser/Reader.pm
cp lib/MIME/Field/ContType.pm blib/lib/MIME/Field/ContType.pm
cp lib/MIME/Head.pm blib/lib/MIME/Head.pm
cp lib/MIME/Field/ConTraEnc.pm blib/lib/MIME/Field/ConTraEnc.pm
cp lib/MIME/Parser.pm blib/lib/MIME/Parser.pm
cp lib/MIME/Parser/Filer.pm blib/lib/MIME/Parser/Filer.pm
cp lib/MIME/Decoder/QuotedPrint.pm blib/lib/MIME/Decoder/QuotedPrint.pm
cp lib/MIME/Decoder/UU.pm blib/lib/MIME/Decoder/UU.pm
t/00-report-prereqs.t .. #
# Versions for all modules listed in MYMETA.json (including optional ones):
#
# === Configure Requires ===
#
#     Module              Want Have
#     ------------------- ---- ----
#     ExtUtils::MakeMaker  any 7.44
#
# === Build Requires ===
#
#     Module              Want Have
#     ------------------- ---- ----
#     ExtUtils::MakeMaker  any 7.44
#
# === Test Requires ===
#
#     Module              Want     Have
#     ------------------- ---- --------
#     ExtUtils::MakeMaker  any     7.44
#     File::Spec           any     3.78
#     Test::More          0.96 1.302175
#
# === Test Recommends ===
#
#     Module         Want     Have
#     ---------- -------- --------
#     CPAN::Meta 2.120900 2.150010
#
# === Runtime Requires ===
#
#     Module   Want Have
#     -------- ---- ----
#     Carp      any 1.50
#     Exporter 5.57 5.74
#     overload  any 1.31
#     strict    any 1.11
#     warnings  any 1.47
#
t/00-report-prereqs.t .. ok
Manifying 22 pod documents
t/failure.t ............ ok
t/objects.t ............ ok
t/overload.t ........... ok
t/success.t ............ ok
All tests successful.
Files=5, Tests=98,  1 wallclock secs ( 0.03 usr  0.01 sys +  0.44 cusr  0.04 csys =  0.52 CPU)
Result: PASS
installing
install flags: SHELL=/nix/store/9fqwwd4iybmhjqyxiaxycknslw6bgwh1-bash-4.4-p23/bin/bash pkgconfigdir=/nix/store/sppj095rig3l83f5h28q8nkhm9vlqa3j-perl5.32.0-Return-Value-1.666005/lib/pkgconfig m4datadir=/nix/store/sppj095rig3l83f5h28q8nkhm9vlqa3j-perl5.32.0-Return-Value-1.666005/share/aclocal aclocaldir=/nix/store/sppj095rig3l83f5h28q8nkhm9vlqa3j-perl5.32.0-Return-Value-1.666005/share/aclocal install
Manifying 1 pod document
Installing /nix/store/sppj095rig3l83f5h28q8nkhm9vlqa3j-perl5.32.0-Return-Value-1.666005/lib/perl5/site_perl/5.32.0/Return/Value.pm
Installing /nix/store/sppj095rig3l83f5h28q8nkhm9vlqa3j-perl5.32.0-Return-Value-1.666005/share/man/man3/Return::Value.3
Appending installation info to /nix/store/sppj095rig3l83f5h28q8nkhm9vlqa3j-perl5.32.0-Return-Value-1.666005/lib/perl5/5.32.0/x86_64-linux-thread-multi/perllocal.pod
running tests
check flags: SHELL=/nix/store/9fqwwd4iybmhjqyxiaxycknslw6bgwh1-bash-4.4-p23/bin/bash VERBOSE=y test
post-installation fixup
PERL_DL_NONLAZY=1 "/nix/store/7c044di03qa7qgr5kjjc2d787aspzp0m-perl-5.32.0/bin/perl" "-MExtUtils::Command::MM" "-MTest::Harness" "-e" "undef *Test::Harness::Switches; test_harness(0, 'inc', 'blib/lib', 'blib/arch')" t/*.t
Moving /nix/store/sppj095rig3l83f5h28q8nkhm9vlqa3j-perl5.32.0-Return-Value-1.666005/share/man/man3 to /nix/store/89dv6zm25b6a6143j90vlyj51pa38myq-perl5.32.0-Return-Value-1.666005-devdoc/share/man/man3
Removing empty /nix/store/sppj095rig3l83f5h28q8nkhm9vlqa3j-perl5.32.0-Return-Value-1.666005/share/man/ and (possibly) its parents
shrinking RPATHs of ELF executables and libraries in /nix/store/sppj095rig3l83f5h28q8nkhm9vlqa3j-perl5.32.0-Return-Value-1.666005
strip is /nix/store/psyzbhp4p088sb9qcs378hfbslcalasl-binutils-2.31.1/bin/strip
stripping (with command strip and flags -S) in /nix/store/sppj095rig3l83f5h28q8nkhm9vlqa3j-perl5.32.0-Return-Value-1.666005/lib
patching script interpreter paths in /nix/store/sppj095rig3l83f5h28q8nkhm9vlqa3j-perl5.32.0-Return-Value-1.666005
checking for references to /build/ in /nix/store/sppj095rig3l83f5h28q8nkhm9vlqa3j-perl5.32.0-Return-Value-1.666005...
shrinking RPATHs of ELF executables and libraries in /nix/store/89dv6zm25b6a6143j90vlyj51pa38myq-perl5.32.0-Return-Value-1.666005-devdoc
gzipping man pages under /nix/store/89dv6zm25b6a6143j90vlyj51pa38myq-perl5.32.0-Return-Value-1.666005-devdoc/share/man/
strip is /nix/store/psyzbhp4p088sb9qcs378hfbslcalasl-binutils-2.31.1/bin/strip
patching script interpreter paths in /nix/store/89dv6zm25b6a6143j90vlyj51pa38myq-perl5.32.0-Return-Value-1.666005-devdoc
checking for references to /build/ in /nix/store/89dv6zm25b6a6143j90vlyj51pa38myq-perl5.32.0-Return-Value-1.666005-devdoc...
t/02-kwalitee.t ................... skipped: These tests are for author or release candidate testing
t/02-pod-coverage.t ............... skipped: Test::Pod::Coverage disabled. TEST_POD_COVERAGE=1 if you want it.
t/02-pod.t ........................ skipped: Test::Pod 1.00 required for testing POD
t/99-prepare.t .................... ok
t/attachment-filename-encoding.t .. ok
t/Body.t .......................... ok
t/BodyPrint.t ..................... ok
t/Decoder.t ....................... # Using gzip: 1
t/Decoder.t ....................... ok
t/EmptyPart.t ..................... ok
t/Entity.t ........................ ok
t/Filer.t ......................... ok
t/Gauntlet.t ...................... ok
t/Head.t .......................... ok
t/Misc.t .......................... ok
t/obfuscated-zip.t ................ ok
t/ParamVal.t ...................... ok
t/Parser.t ........................ ok
t/ParserEncoded.t ................. ok
t/ParserPreamble.t ................ ok
t/Ref.t ........................... ok
t/Smtpsend.t ...................... ok
t/ticket-11901.t .................. ok
t/ticket-119568.t ................. ok
t/ticket-22684.t .................. ok
t/ticket-37139.t .................. ok
t/ticket-41632.t .................. ok
t/ticket-43439.t .................. ok
t/ticket-52924.t .................. ok
t/ticket-5462.t ................... ok
t/ticket-60931.t .................. ok
t/ticket-65681.t .................. ok
t/ticket-66025.t .................. ok
t/ticket-71041.t .................. ok
t/ticket-71677.t .................. ok
t/ticket-80433.t .................. ok
t/WordDecoder.t ................... ok
t/WordEncoder.t ................... ok
t/Words.t ......................... ok
All tests successful.
Files=38, Tests=414,  6 wallclock secs ( 0.12 usr  0.04 sys +  3.61 cusr  1.10 csys =  4.87 CPU)
Result: PASS
installing
install flags: SHELL=/nix/store/9fqwwd4iybmhjqyxiaxycknslw6bgwh1-bash-4.4-p23/bin/bash pkgconfigdir=/nix/store/824mcvqp4ir9pxhxx844g70sd59r2k6p-perl5.32.0-MIME-tools-5.509/lib/pkgconfig m4datadir=/nix/store/824mcvqp4ir9pxhxx844g70sd59r2k6p-perl5.32.0-MIME-tools-5.509/share/aclocal aclocaldir=/nix/store/824mcvqp4ir9pxhxx844g70sd59r2k6p-perl5.32.0-MIME-tools-5.509/share/aclocal install
Manifying 22 pod documents
Installing /nix/store/824mcvqp4ir9pxhxx844g70sd59r2k6p-perl5.32.0-MIME-tools-5.509/lib/perl5/site_perl/5.32.0/MIME/Parser.pm
Installing /nix/store/824mcvqp4ir9pxhxx844g70sd59r2k6p-perl5.32.0-MIME-tools-5.509/lib/perl5/site_perl/5.32.0/MIME/Decoder.pm
Installing /nix/store/824mcvqp4ir9pxhxx844g70sd59r2k6p-perl5.32.0-MIME-tools-5.509/lib/perl5/site_perl/5.32.0/MIME/Head.pm
Installing /nix/store/824mcvqp4ir9pxhxx844g70sd59r2k6p-perl5.32.0-MIME-tools-5.509/lib/perl5/site_perl/5.32.0/MIME/Entity.pm
Installing /nix/store/824mcvqp4ir9pxhxx844g70sd59r2k6p-perl5.32.0-MIME-tools-5.509/lib/perl5/site_perl/5.32.0/MIME/WordDecoder.pm
Installing /nix/store/824mcvqp4ir9pxhxx844g70sd59r2k6p-perl5.32.0-MIME-tools-5.509/lib/perl5/site_perl/5.32.0/MIME/Words.pm
Installing /nix/store/824mcvqp4ir9pxhxx844g70sd59r2k6p-perl5.32.0-MIME-tools-5.509/lib/perl5/site_perl/5.32.0/MIME/Body.pm
Installing /nix/store/824mcvqp4ir9pxhxx844g70sd59r2k6p-perl5.32.0-MIME-tools-5.509/lib/perl5/site_perl/5.32.0/MIME/Tools.pm
Installing /nix/store/824mcvqp4ir9pxhxx844g70sd59r2k6p-perl5.32.0-MIME-tools-5.509/lib/perl5/site_perl/5.32.0/MIME/Field/ContDisp.pm
Installing /nix/store/824mcvqp4ir9pxhxx844g70sd59r2k6p-perl5.32.0-MIME-tools-5.509/lib/perl5/site_perl/5.32.0/MIME/Field/ConTraEnc.pm
Installing /nix/store/824mcvqp4ir9pxhxx844g70sd59r2k6p-perl5.32.0-MIME-tools-5.509/lib/perl5/site_perl/5.32.0/MIME/Field/ParamVal.pm
Installing /nix/store/824mcvqp4ir9pxhxx844g70sd59r2k6p-perl5.32.0-MIME-tools-5.509/lib/perl5/site_perl/5.32.0/MIME/Field/ContType.pm
Installing /nix/store/824mcvqp4ir9pxhxx844g70sd59r2k6p-perl5.32.0-MIME-tools-5.509/lib/perl5/site_perl/5.32.0/MIME/Parser/Filer.pm
Installing /nix/store/824mcvqp4ir9pxhxx844g70sd59r2k6p-perl5.32.0-MIME-tools-5.509/lib/perl5/site_perl/5.32.0/MIME/Parser/Reader.pm
Installing /nix/store/824mcvqp4ir9pxhxx844g70sd59r2k6p-perl5.32.0-MIME-tools-5.509/lib/perl5/site_perl/5.32.0/MIME/Parser/Results.pm
Installing /nix/store/824mcvqp4ir9pxhxx844g70sd59r2k6p-perl5.32.0-MIME-tools-5.509/lib/perl5/site_perl/5.32.0/MIME/Decoder/Binary.pm
Installing /nix/store/824mcvqp4ir9pxhxx844g70sd59r2k6p-perl5.32.0-MIME-tools-5.509/lib/perl5/site_perl/5.32.0/MIME/Decoder/BinHex.pm
Installing /nix/store/824mcvqp4ir9pxhxx844g70sd59r2k6p-perl5.32.0-MIME-tools-5.509/lib/perl5/site_perl/5.32.0/MIME/Decoder/NBit.pm
Installing /nix/store/824mcvqp4ir9pxhxx844g70sd59r2k6p-perl5.32.0-MIME-tools-5.509/lib/perl5/site_perl/5.32.0/MIME/Decoder/QuotedPrint.pm
Installing /nix/store/824mcvqp4ir9pxhxx844g70sd59r2k6p-perl5.32.0-MIME-tools-5.509/lib/perl5/site_perl/5.32.0/MIME/Decoder/Base64.pm
Installing /nix/store/824mcvqp4ir9pxhxx844g70sd59r2k6p-perl5.32.0-MIME-tools-5.509/lib/perl5/site_perl/5.32.0/MIME/Decoder/Gzip64.pm
Installing /nix/store/824mcvqp4ir9pxhxx844g70sd59r2k6p-perl5.32.0-MIME-tools-5.509/lib/perl5/site_perl/5.32.0/MIME/Decoder/UU.pm
Installing /nix/store/824mcvqp4ir9pxhxx844g70sd59r2k6p-perl5.32.0-MIME-tools-5.509/share/man/man3/MIME::Entity.3
Installing /nix/store/824mcvqp4ir9pxhxx844g70sd59r2k6p-perl5.32.0-MIME-tools-5.509/share/man/man3/MIME::Decoder.3
Installing /nix/store/824mcvqp4ir9pxhxx844g70sd59r2k6p-perl5.32.0-MIME-tools-5.509/share/man/man3/MIME::Decoder::Binary.3
Installing /nix/store/824mcvqp4ir9pxhxx844g70sd59r2k6p-perl5.32.0-MIME-tools-5.509/share/man/man3/MIME::Decoder::NBit.3
Installing /nix/store/824mcvqp4ir9pxhxx844g70sd59r2k6p-perl5.32.0-MIME-tools-5.509/share/man/man3/MIME::Decoder::UU.3
Installing /nix/store/824mcvqp4ir9pxhxx844g70sd59r2k6p-perl5.32.0-MIME-tools-5.509/share/man/man3/MIME::Decoder::Base64.3
Installing /nix/store/824mcvqp4ir9pxhxx844g70sd59r2k6p-perl5.32.0-MIME-tools-5.509/share/man/man3/MIME::Body.3
Installing /nix/store/824mcvqp4ir9pxhxx844g70sd59r2k6p-perl5.32.0-MIME-tools-5.509/share/man/man3/MIME::Parser::Filer.3
Installing /nix/store/824mcvqp4ir9pxhxx844g70sd59r2k6p-perl5.32.0-MIME-tools-5.509/share/man/man3/MIME::Tools.3
Installing /nix/store/824mcvqp4ir9pxhxx844g70sd59r2k6p-perl5.32.0-MIME-tools-5.509/share/man/man3/MIME::Parser::Reader.3
Installing /nix/store/824mcvqp4ir9pxhxx844g70sd59r2k6p-perl5.32.0-MIME-tools-5.509/share/man/man3/MIME::Words.3
Installing /nix/store/824mcvqp4ir9pxhxx844g70sd59r2k6p-perl5.32.0-MIME-tools-5.509/share/man/man3/MIME::Decoder::BinHex.3
Installing /nix/store/824mcvqp4ir9pxhxx844g70sd59r2k6p-perl5.32.0-MIME-tools-5.509/share/man/man3/MIME::Decoder::QuotedPrint.3
Installing /nix/store/824mcvqp4ir9pxhxx844g70sd59r2k6p-perl5.32.0-MIME-tools-5.509/share/man/man3/MIME::Field::ConTraEnc.3
Installing /nix/store/824mcvqp4ir9pxhxx844g70sd59r2k6p-perl5.32.0-MIME-tools-5.509/share/man/man3/MIME::Decoder::Gzip64.3
Installing /nix/store/824mcvqp4ir9pxhxx844g70sd59r2k6p-perl5.32.0-MIME-tools-5.509/share/man/man3/MIME::Field::ParamVal.3
Installing /nix/store/824mcvqp4ir9pxhxx844g70sd59r2k6p-perl5.32.0-MIME-tools-5.509/share/man/man3/MIME::Field::ContDisp.3
Installing /nix/store/824mcvqp4ir9pxhxx844g70sd59r2k6p-perl5.32.0-MIME-tools-5.509/share/man/man3/MIME::Field::ContType.3
Installing /nix/store/824mcvqp4ir9pxhxx844g70sd59r2k6p-perl5.32.0-MIME-tools-5.509/share/man/man3/MIME::Parser.3
Installing /nix/store/824mcvqp4ir9pxhxx844g70sd59r2k6p-perl5.32.0-MIME-tools-5.509/share/man/man3/MIME::Head.3
Installing /nix/store/824mcvqp4ir9pxhxx844g70sd59r2k6p-perl5.32.0-MIME-tools-5.509/share/man/man3/MIME::WordDecoder.3
Installing /nix/store/824mcvqp4ir9pxhxx844g70sd59r2k6p-perl5.32.0-MIME-tools-5.509/share/man/man3/MIME::Parser::Results.3
Appending installation info to /nix/store/824mcvqp4ir9pxhxx844g70sd59r2k6p-perl5.32.0-MIME-tools-5.509/lib/perl5/5.32.0/x86_64-linux-thread-multi/perllocal.pod
post-installation fixup
Moving /nix/store/824mcvqp4ir9pxhxx844g70sd59r2k6p-perl5.32.0-MIME-tools-5.509/share/man/man3 to /nix/store/mj37jmybqm3daf67rm5lmrswkaa4slsq-perl5.32.0-MIME-tools-5.509-devdoc/share/man/man3
Removing empty /nix/store/824mcvqp4ir9pxhxx844g70sd59r2k6p-perl5.32.0-MIME-tools-5.509/share/man/ and (possibly) its parents
shrinking RPATHs of ELF executables and libraries in /nix/store/824mcvqp4ir9pxhxx844g70sd59r2k6p-perl5.32.0-MIME-tools-5.509
strip is /nix/store/psyzbhp4p088sb9qcs378hfbslcalasl-binutils-2.31.1/bin/strip
stripping (with command strip and flags -S) in /nix/store/824mcvqp4ir9pxhxx844g70sd59r2k6p-perl5.32.0-MIME-tools-5.509/lib
patching script interpreter paths in /nix/store/824mcvqp4ir9pxhxx844g70sd59r2k6p-perl5.32.0-MIME-tools-5.509
checking for references to /build/ in /nix/store/824mcvqp4ir9pxhxx844g70sd59r2k6p-perl5.32.0-MIME-tools-5.509...
shrinking RPATHs of ELF executables and libraries in /nix/store/mj37jmybqm3daf67rm5lmrswkaa4slsq-perl5.32.0-MIME-tools-5.509-devdoc
gzipping man pages under /nix/store/mj37jmybqm3daf67rm5lmrswkaa4slsq-perl5.32.0-MIME-tools-5.509-devdoc/share/man/
strip is /nix/store/psyzbhp4p088sb9qcs378hfbslcalasl-binutils-2.31.1/bin/strip
patching script interpreter paths in /nix/store/mj37jmybqm3daf67rm5lmrswkaa4slsq-perl5.32.0-MIME-tools-5.509-devdoc
checking for references to /build/ in /nix/store/mj37jmybqm3daf67rm5lmrswkaa4slsq-perl5.32.0-MIME-tools-5.509-devdoc...
building '/nix/store/2x4g0qjixqg438p248hwj75b5f83gcid-perl5.32.0-Email-Send-2.201.drv'...
unpacking sources
unpacking source archive /nix/store/xgwbf24n3lmr1yrc6fj4jd18md1ky3nl-Email-Send-2.201.tar.gz
source root is Email-Send-2.201
setting SOURCE_DATE_EPOCH to timestamp 1425560972 of file Email-Send-2.201/util/sendmail
patching sources
configuring
patching ./util/executable...
patching ./util/sendmail...
patching ./t/pod-coverage.t...
patching ./t/modifier.t...
patching ./t/pod.t...
patching ./t/email-send-test.t...
patching ./t/no-import.t...
patching ./t/release-pod-syntax.t...
patching ./t/release-changes_has_content.t...
patching ./eg/send-email.pl...
Checking if your kit is complete...
Looks good
Generating a Unix-style Makefile
Writing Makefile for Email::Send
Writing MYMETA.yml and MYMETA.json
no configure script, doing nothing
building
build flags: SHELL=/nix/store/9fqwwd4iybmhjqyxiaxycknslw6bgwh1-bash-4.4-p23/bin/bash
cp lib/Email/Send/Sendmail.pm blib/lib/Email/Send/Sendmail.pm
cp lib/Email/Send/SMTP.pm blib/lib/Email/Send/SMTP.pm
cp lib/Email/Send/Test.pm blib/lib/Email/Send/Test.pm
cp lib/Email/Send.pm blib/lib/Email/Send.pm
cp lib/Email/Send/NNTP.pm blib/lib/Email/Send/NNTP.pm
cp lib/Email/Send/Qmail.pm blib/lib/Email/Send/Qmail.pm
Manifying 6 pod documents
running tests
check flags: SHELL=/nix/store/9fqwwd4iybmhjqyxiaxycknslw6bgwh1-bash-4.4-p23/bin/bash VERBOSE=y test
PERL_DL_NONLAZY=1 "/nix/store/7c044di03qa7qgr5kjjc2d787aspzp0m-perl-5.32.0/bin/perl" "-MExtUtils::Command::MM" "-MTest::Harness" "-e" "undef *Test::Harness::Switches; test_harness(0, 'blib/lib', 'blib/arch')" t/*.t
t/00-compile.t ................... ok
t/000-report-versions-tiny.t ..... #
#
# Generated by Dist::Zilla::Plugin::ReportVersions::Tiny v1.10
# perl: 5.032000 (wanted 5.006) on linux from /nix/store/7c044di03qa7qgr5kjjc2d787aspzp0m-perl-5.32.0/bin/perl
#
# Cwd                                           => 3.78       (want any version)
# Email::Abstract                               => 3.008      (want any version)
# Email::Address                                => 1.912      (want 1.80)
# Email::Simple                                 => 2.216      (want 1.92)
# ExtUtils::MakeMaker                           => 7.44       (want any version)
# File::Path                                    => 2.16       (want any version)
# File::Spec                                    => 3.78       (want any version)
# File::Temp                                    => 0.2309     (want any version)
# IO::Handle                                    => 1.42       (want any version)
# IPC::Open3                                    => 1.21       (want any version)
# MIME::Entity                                  => 5.509      (want any version)
# Mail::Internet                                => 2.21       (want any version)
# Module::Pluggable                             => 5.2        (want 2.97)
# Net::SMTP                                     => 3.11       (want any version)
# Return::Value                                 => 1.666005   (want any version)
# Scalar::Util                                  => 1.55       (want 1.02)
# Symbol                                        => 1.08       (want any version)
# Test::More                                    => 1.302175   (want 0.88)
# lib                                           => 0.65       (want any version)
# strict                                        => 1.11       (want any version)
# vars                                          => 1.05       (want any version)
# warnings                                      => 1.47       (want any version)
#
# Thanks for using my code.  I hope it works for you.
# If not, please try and include this output in the bug report.
# That will help me reproduce the issue and solve your problem.
#
t/000-report-versions-tiny.t ..... ok
t/abstract-msg.t ................. ok
t/all-mailers.t .................. ok
t/classic.t ...................... ok
t/email-send-test.t .............. ok
t/email-send.t ................... ok
t/errors.t ....................... ok
t/foreign-mailer.t ............... ok
t/modifier.t ..................... ok
t/no-import.t .................... ok
t/object-mailer.t ................ ok
t/pod-coverage.t ................. skipped: Test::Pod::Coverage 1.08 required for testing POD coverage
t/pod.t .......................... skipped: Test::Pod 1.14 required for testing POD
t/release-changes_has_content.t .. skipped: these tests are for release candidate testing
t/release-pod-syntax.t ........... skipped: these tests are for release candidate testing
t/sendmail.t ..................... ok
t/test.t ......................... ok
t/without.t ...................... ok
All tests successful.
Files=19, Tests=93,  3 wallclock secs ( 0.07 usr  0.03 sys +  1.81 cusr  0.90 csys =  2.81 CPU)
Result: PASS
installing
install flags: SHELL=/nix/store/9fqwwd4iybmhjqyxiaxycknslw6bgwh1-bash-4.4-p23/bin/bash pkgconfigdir=/nix/store/qkr2cap4bdp37fsf2h1y729yzjnvpxv3-perl5.32.0-Email-Send-2.201/lib/pkgconfig m4datadir=/nix/store/qkr2cap4bdp37fsf2h1y729yzjnvpxv3-perl5.32.0-Email-Send-2.201/share/aclocal aclocaldir=/nix/store/qkr2cap4bdp37fsf2h1y729yzjnvpxv3-perl5.32.0-Email-Send-2.201/share/aclocal install
Manifying 6 pod documents
Installing /nix/store/qkr2cap4bdp37fsf2h1y729yzjnvpxv3-perl5.32.0-Email-Send-2.201/lib/perl5/site_perl/5.32.0/Email/Send.pm
Installing /nix/store/qkr2cap4bdp37fsf2h1y729yzjnvpxv3-perl5.32.0-Email-Send-2.201/lib/perl5/site_perl/5.32.0/Email/Send/Sendmail.pm
Installing /nix/store/qkr2cap4bdp37fsf2h1y729yzjnvpxv3-perl5.32.0-Email-Send-2.201/lib/perl5/site_perl/5.32.0/Email/Send/Qmail.pm
Installing /nix/store/qkr2cap4bdp37fsf2h1y729yzjnvpxv3-perl5.32.0-Email-Send-2.201/lib/perl5/site_perl/5.32.0/Email/Send/SMTP.pm
Installing /nix/store/qkr2cap4bdp37fsf2h1y729yzjnvpxv3-perl5.32.0-Email-Send-2.201/lib/perl5/site_perl/5.32.0/Email/Send/Test.pm
Installing /nix/store/qkr2cap4bdp37fsf2h1y729yzjnvpxv3-perl5.32.0-Email-Send-2.201/lib/perl5/site_perl/5.32.0/Email/Send/NNTP.pm
Installing /nix/store/qkr2cap4bdp37fsf2h1y729yzjnvpxv3-perl5.32.0-Email-Send-2.201/share/man/man3/Email::Send::SMTP.3
Installing /nix/store/qkr2cap4bdp37fsf2h1y729yzjnvpxv3-perl5.32.0-Email-Send-2.201/share/man/man3/Email::Send::NNTP.3
Installing /nix/store/qkr2cap4bdp37fsf2h1y729yzjnvpxv3-perl5.32.0-Email-Send-2.201/share/man/man3/Email::Send::Test.3
Installing /nix/store/qkr2cap4bdp37fsf2h1y729yzjnvpxv3-perl5.32.0-Email-Send-2.201/share/man/man3/Email::Send::Sendmail.3
Installing /nix/store/qkr2cap4bdp37fsf2h1y729yzjnvpxv3-perl5.32.0-Email-Send-2.201/share/man/man3/Email::Send.3
Installing /nix/store/qkr2cap4bdp37fsf2h1y729yzjnvpxv3-perl5.32.0-Email-Send-2.201/share/man/man3/Email::Send::Qmail.3
Appending installation info to /nix/store/qkr2cap4bdp37fsf2h1y729yzjnvpxv3-perl5.32.0-Email-Send-2.201/lib/perl5/5.32.0/x86_64-linux-thread-multi/perllocal.pod
post-installation fixup
Moving /nix/store/qkr2cap4bdp37fsf2h1y729yzjnvpxv3-perl5.32.0-Email-Send-2.201/share/man/man3 to /nix/store/66qar3kk12f14jw7mcy2c6l7wqx8vkba-perl5.32.0-Email-Send-2.201-devdoc/share/man/man3
Removing empty /nix/store/qkr2cap4bdp37fsf2h1y729yzjnvpxv3-perl5.32.0-Email-Send-2.201/share/man/ and (possibly) its parents
shrinking RPATHs of ELF executables and libraries in /nix/store/qkr2cap4bdp37fsf2h1y729yzjnvpxv3-perl5.32.0-Email-Send-2.201
strip is /nix/store/psyzbhp4p088sb9qcs378hfbslcalasl-binutils-2.31.1/bin/strip
stripping (with command strip and flags -S) in /nix/store/qkr2cap4bdp37fsf2h1y729yzjnvpxv3-perl5.32.0-Email-Send-2.201/lib
patching script interpreter paths in /nix/store/qkr2cap4bdp37fsf2h1y729yzjnvpxv3-perl5.32.0-Email-Send-2.201
checking for references to /build/ in /nix/store/qkr2cap4bdp37fsf2h1y729yzjnvpxv3-perl5.32.0-Email-Send-2.201...
shrinking RPATHs of ELF executables and libraries in /nix/store/66qar3kk12f14jw7mcy2c6l7wqx8vkba-perl5.32.0-Email-Send-2.201-devdoc
gzipping man pages under /nix/store/66qar3kk12f14jw7mcy2c6l7wqx8vkba-perl5.32.0-Email-Send-2.201-devdoc/share/man/
strip is /nix/store/psyzbhp4p088sb9qcs378hfbslcalasl-binutils-2.31.1/bin/strip
patching script interpreter paths in /nix/store/66qar3kk12f14jw7mcy2c6l7wqx8vkba-perl5.32.0-Email-Send-2.201-devdoc
checking for references to /build/ in /nix/store/66qar3kk12f14jw7mcy2c6l7wqx8vkba-perl5.32.0-Email-Send-2.201-devdoc...
/nix/store/qkr2cap4bdp37fsf2h1y729yzjnvpxv3-perl5.32.0-Email-Send-2.201
