these derivations will be built:
  /nix/store/7zv904jyky1rxrmab2gawpfx9917s1zf-perl5.32.0-Email-MessageID-1.406.drv
these paths will be fetched (0.02 MiB download, 0.02 MiB unpacked):
  /nix/store/xrji5spv8p89zbh4pxc41by6ib4wf5qj-Email-MessageID-1.406.tar.gz
copying path '/nix/store/xrji5spv8p89zbh4pxc41by6ib4wf5qj-Email-MessageID-1.406.tar.gz' from 'https://cache.nixos.org'...
building '/nix/store/7zv904jyky1rxrmab2gawpfx9917s1zf-perl5.32.0-Email-MessageID-1.406.drv'...
unpacking sources
unpacking source archive /nix/store/xrji5spv8p89zbh4pxc41by6ib4wf5qj-Email-MessageID-1.406.tar.gz
source root is Email-MessageID-1.406
setting SOURCE_DATE_EPOCH to timestamp 1439222934 of file Email-MessageID-1.406/xt/release/pod-syntax.t
patching sources
configuring
patching ./xt/release/pod-syntax.t...
patching ./xt/release/changes_has_content.t...
patching ./t/00-report-prereqs.t...
Checking if your kit is complete...
Looks good
Generating a Unix-style Makefile
Writing Makefile for Email::MessageID
Writing MYMETA.yml and MYMETA.json
no configure script, doing nothing
building
build flags: SHELL=/nix/store/9fqwwd4iybmhjqyxiaxycknslw6bgwh1-bash-4.4-p23/bin/bash
cp lib/Email/MessageID.pm blib/lib/Email/MessageID.pm
Manifying 1 pod document
running tests
check flags: SHELL=/nix/store/9fqwwd4iybmhjqyxiaxycknslw6bgwh1-bash-4.4-p23/bin/bash VERBOSE=y test
PERL_DL_NONLAZY=1 "/nix/store/7c044di03qa7qgr5kjjc2d787aspzp0m-perl-5.32.0/bin/perl" "-MExtUtils::Command::MM" "-MTest::Harness" "-e" "undef *Test::Harness::Switches; test_harness(0, 'blib/lib', 'blib/arch')" t/*.t
t/00-report-prereqs.t .. #
# Versions for all modules listed in MYMETA.json (including optional ones):
#
# === Configure Requires ===
#
#     Module              Want Have
#     ------------------- ---- ----
#     ExtUtils::MakeMaker  any 7.44
#
# === Build Requires ===
#
#     Module              Want Have
#     ------------------- ---- ----
#     ExtUtils::MakeMaker  any 7.44
#
# === Test Requires ===
#
#     Module              Want     Have
#     ------------------- ---- --------
#     ExtUtils::MakeMaker  any     7.44
#     File::Spec           any     3.78
#     Test::More          0.96 1.302175
#
# === Test Recommends ===
#
#     Module         Want     Have
#     ---------- -------- --------
#     CPAN::Meta 2.120900 2.150010
#
# === Runtime Requires ===
#
#     Module        Want Have
#     ------------- ---- ----
#     Sys::Hostname  any 1.23
#     overload       any 1.31
#     strict         any 1.11
#     warnings       any 1.47
#
t/00-report-prereqs.t .. ok
t/defined.t ............ ok
t/unique.t ............. ok
All tests successful.
Files=3, Tests=9,  1 wallclock secs ( 0.02 usr  0.01 sys +  0.25 cusr  0.03 csys =  0.31 CPU)
Result: PASS
installing
install flags: SHELL=/nix/store/9fqwwd4iybmhjqyxiaxycknslw6bgwh1-bash-4.4-p23/bin/bash pkgconfigdir=/nix/store/9dxh451zkm58m1bpmdn4m726810vn5l6-perl5.32.0-Email-MessageID-1.406/lib/pkgconfig m4datadir=/nix/store/9dxh451zkm58m1bpmdn4m726810vn5l6-perl5.32.0-Email-MessageID-1.406/share/aclocal aclocaldir=/nix/store/9dxh451zkm58m1bpmdn4m726810vn5l6-perl5.32.0-Email-MessageID-1.406/share/aclocal install
Manifying 1 pod document
Installing /nix/store/9dxh451zkm58m1bpmdn4m726810vn5l6-perl5.32.0-Email-MessageID-1.406/lib/perl5/site_perl/5.32.0/Email/MessageID.pm
Installing /nix/store/9dxh451zkm58m1bpmdn4m726810vn5l6-perl5.32.0-Email-MessageID-1.406/share/man/man3/Email::MessageID.3
Appending installation info to /nix/store/9dxh451zkm58m1bpmdn4m726810vn5l6-perl5.32.0-Email-MessageID-1.406/lib/perl5/5.32.0/x86_64-linux-thread-multi/perllocal.pod
post-installation fixup
Moving /nix/store/9dxh451zkm58m1bpmdn4m726810vn5l6-perl5.32.0-Email-MessageID-1.406/share/man/man3 to /nix/store/9ap3j6xmlrhr054jqh2bpxl629wgcgs2-perl5.32.0-Email-MessageID-1.406-devdoc/share/man/man3
Removing empty /nix/store/9dxh451zkm58m1bpmdn4m726810vn5l6-perl5.32.0-Email-MessageID-1.406/share/man/ and (possibly) its parents
shrinking RPATHs of ELF executables and libraries in /nix/store/9dxh451zkm58m1bpmdn4m726810vn5l6-perl5.32.0-Email-MessageID-1.406
strip is /nix/store/psyzbhp4p088sb9qcs378hfbslcalasl-binutils-2.31.1/bin/strip
stripping (with command strip and flags -S) in /nix/store/9dxh451zkm58m1bpmdn4m726810vn5l6-perl5.32.0-Email-MessageID-1.406/lib
patching script interpreter paths in /nix/store/9dxh451zkm58m1bpmdn4m726810vn5l6-perl5.32.0-Email-MessageID-1.406
checking for references to /build/ in /nix/store/9dxh451zkm58m1bpmdn4m726810vn5l6-perl5.32.0-Email-MessageID-1.406...
shrinking RPATHs of ELF executables and libraries in /nix/store/9ap3j6xmlrhr054jqh2bpxl629wgcgs2-perl5.32.0-Email-MessageID-1.406-devdoc
gzipping man pages under /nix/store/9ap3j6xmlrhr054jqh2bpxl629wgcgs2-perl5.32.0-Email-MessageID-1.406-devdoc/share/man/
strip is /nix/store/psyzbhp4p088sb9qcs378hfbslcalasl-binutils-2.31.1/bin/strip
patching script interpreter paths in /nix/store/9ap3j6xmlrhr054jqh2bpxl629wgcgs2-perl5.32.0-Email-MessageID-1.406-devdoc
checking for references to /build/ in /nix/store/9ap3j6xmlrhr054jqh2bpxl629wgcgs2-perl5.32.0-Email-MessageID-1.406-devdoc...
/nix/store/9dxh451zkm58m1bpmdn4m726810vn5l6-perl5.32.0-Email-MessageID-1.406
