these derivations will be built:
  /nix/store/sd51fp4bqjkj04jq16i28wh2hr1k46g4-perl5.32.0-Email-Date-Format-1.005.drv
  /nix/store/95rikvclx7mm2vviny6lcnf0kvi9zcnd-perl5.32.0-Email-Simple-2.216.drv
  /nix/store/c76r5z511vs2jjr47g1hmxks9x5dd7rz-perl5.32.0-Email-Abstract-3.008.drv
these paths will be fetched (0.08 MiB download, 0.08 MiB unpacked):
  /nix/store/25gi98467b1xnnsa377pyxgnhcfg2xr1-Email-Abstract-3.008.tar.gz
  /nix/store/snbgmkq4napxds084nzva34afa49iwcf-Email-Simple-2.216.tar.gz
  /nix/store/xriy469f5vmcwvg3shp18l51cksr7hlh-Email-Date-Format-1.005.tar.gz
copying path '/nix/store/25gi98467b1xnnsa377pyxgnhcfg2xr1-Email-Abstract-3.008.tar.gz' from 'https://cache.nixos.org'...
copying path '/nix/store/snbgmkq4napxds084nzva34afa49iwcf-Email-Simple-2.216.tar.gz' from 'https://cache.nixos.org'...
copying path '/nix/store/xriy469f5vmcwvg3shp18l51cksr7hlh-Email-Date-Format-1.005.tar.gz' from 'https://cache.nixos.org'...
building '/nix/store/sd51fp4bqjkj04jq16i28wh2hr1k46g4-perl5.32.0-Email-Date-Format-1.005.drv'...
unpacking sources
unpacking source archive /nix/store/xriy469f5vmcwvg3shp18l51cksr7hlh-Email-Date-Format-1.005.tar.gz
source root is Email-Date-Format-1.005
setting SOURCE_DATE_EPOCH to timestamp 1413203525 of file Email-Date-Format-1.005/xt/release/pod-syntax.t
patching sources
configuring
patching ./xt/release/pod-syntax.t...
patching ./xt/release/changes_has_content.t...
Checking if your kit is complete...
Looks good
Generating a Unix-style Makefile
Writing Makefile for Email::Date::Format
Writing MYMETA.yml and MYMETA.json
no configure script, doing nothing
building
build flags: SHELL=/nix/store/9fqwwd4iybmhjqyxiaxycknslw6bgwh1-bash-4.4-p23/bin/bash
cp lib/Email/Date/Format.pm blib/lib/Email/Date/Format.pm
Manifying 1 pod document
running tests
check flags: SHELL=/nix/store/9fqwwd4iybmhjqyxiaxycknslw6bgwh1-bash-4.4-p23/bin/bash VERBOSE=y test
PERL_DL_NONLAZY=1 "/nix/store/7c044di03qa7qgr5kjjc2d787aspzp0m-perl-5.32.0/bin/perl" "-MExtUtils::Command::MM" "-MTest::Harness" "-e" "undef *Test::Harness::Switches; test_harness(0, 'blib/lib', 'blib/arch')" t/*.t
t/000-report-versions-tiny.t .. #
#
# Generated by Dist::Zilla::Plugin::ReportVersions::Tiny v1.10
# perl: 5.032000 (wanted 5.006) on linux from /nix/store/7c044di03qa7qgr5kjjc2d787aspzp0m-perl-5.32.0/bin/perl
#
# Exporter                                      => 5.74       (want 5.57)
# ExtUtils::MakeMaker                           => 7.44       (want any version)
# Test::More                                    => 1.302175   (want 0.96)
# Time::Local                                   => 1.28       (want any version)
# strict                                        => 1.11       (want any version)
# warnings                                      => 1.47       (want any version)
#
# Thanks for using my code.  I hope it works for you.
# If not, please try and include this output in the bug report.
# That will help me reproduce the issue and solve your problem.
#
t/000-report-versions-tiny.t .. ok
t/basic.t ..................... ok
All tests successful.
Files=2, Tests=4,  0 wallclock secs ( 0.02 usr  0.00 sys +  0.16 cusr  0.02 csys =  0.20 CPU)
Result: PASS
installing
install flags: SHELL=/nix/store/9fqwwd4iybmhjqyxiaxycknslw6bgwh1-bash-4.4-p23/bin/bash pkgconfigdir=/nix/store/7rmsd54nyql26zm2h3c8vwyqzkln8b81-perl5.32.0-Email-Date-Format-1.005/lib/pkgconfig m4datadir=/nix/store/7rmsd54nyql26zm2h3c8vwyqzkln8b81-perl5.32.0-Email-Date-Format-1.005/share/aclocal aclocaldir=/nix/store/7rmsd54nyql26zm2h3c8vwyqzkln8b81-perl5.32.0-Email-Date-Format-1.005/share/aclocal install
Manifying 1 pod document
Installing /nix/store/7rmsd54nyql26zm2h3c8vwyqzkln8b81-perl5.32.0-Email-Date-Format-1.005/lib/perl5/site_perl/5.32.0/Email/Date/Format.pm
Installing /nix/store/7rmsd54nyql26zm2h3c8vwyqzkln8b81-perl5.32.0-Email-Date-Format-1.005/share/man/man3/Email::Date::Format.3
Appending installation info to /nix/store/7rmsd54nyql26zm2h3c8vwyqzkln8b81-perl5.32.0-Email-Date-Format-1.005/lib/perl5/5.32.0/x86_64-linux-thread-multi/perllocal.pod
post-installation fixup
Moving /nix/store/7rmsd54nyql26zm2h3c8vwyqzkln8b81-perl5.32.0-Email-Date-Format-1.005/share/man/man3 to /nix/store/39sydcikbl0jcyx66fkib84fdrlq9nhv-perl5.32.0-Email-Date-Format-1.005-devdoc/share/man/man3
Removing empty /nix/store/7rmsd54nyql26zm2h3c8vwyqzkln8b81-perl5.32.0-Email-Date-Format-1.005/share/man/ and (possibly) its parents
shrinking RPATHs of ELF executables and libraries in /nix/store/7rmsd54nyql26zm2h3c8vwyqzkln8b81-perl5.32.0-Email-Date-Format-1.005
strip is /nix/store/psyzbhp4p088sb9qcs378hfbslcalasl-binutils-2.31.1/bin/strip
stripping (with command strip and flags -S) in /nix/store/7rmsd54nyql26zm2h3c8vwyqzkln8b81-perl5.32.0-Email-Date-Format-1.005/lib
patching script interpreter paths in /nix/store/7rmsd54nyql26zm2h3c8vwyqzkln8b81-perl5.32.0-Email-Date-Format-1.005
checking for references to /build/ in /nix/store/7rmsd54nyql26zm2h3c8vwyqzkln8b81-perl5.32.0-Email-Date-Format-1.005...
shrinking RPATHs of ELF executables and libraries in /nix/store/39sydcikbl0jcyx66fkib84fdrlq9nhv-perl5.32.0-Email-Date-Format-1.005-devdoc
gzipping man pages under /nix/store/39sydcikbl0jcyx66fkib84fdrlq9nhv-perl5.32.0-Email-Date-Format-1.005-devdoc/share/man/
strip is /nix/store/psyzbhp4p088sb9qcs378hfbslcalasl-binutils-2.31.1/bin/strip
patching script interpreter paths in /nix/store/39sydcikbl0jcyx66fkib84fdrlq9nhv-perl5.32.0-Email-Date-Format-1.005-devdoc
checking for references to /build/ in /nix/store/39sydcikbl0jcyx66fkib84fdrlq9nhv-perl5.32.0-Email-Date-Format-1.005-devdoc...
building '/nix/store/95rikvclx7mm2vviny6lcnf0kvi9zcnd-perl5.32.0-Email-Simple-2.216.drv'...
unpacking sources
unpacking source archive /nix/store/snbgmkq4napxds084nzva34afa49iwcf-Email-Simple-2.216.tar.gz
source root is Email-Simple-2.216
setting SOURCE_DATE_EPOCH to timestamp 1528300075 of file Email-Simple-2.216/xt/release/changes_has_content.t
patching sources
configuring
patching ./xt/author/pod-syntax.t...
patching ./t/folding.t...
patching ./t/00-report-prereqs.t...
patching ./t/header-junk.t...
patching ./t/header-prepend.t...
patching ./t/ct-header.t...
patching ./t/badly-folded.t...
patching ./t/undef-message.t...
patching ./t/no-body.t...
patching ./t/preserve-linefeed.t...
patching ./t/header-many.t...
patching ./t/long-msgid.t...
patching ./t/header-space.t...
patching ./t/basic.t...
patching ./t/unit.t...
patching ./t/many-repeats.t...
Checking if your kit is complete...
Looks good
Generating a Unix-style Makefile
Writing Makefile for Email::Simple
Writing MYMETA.yml and MYMETA.json
no configure script, doing nothing
building
build flags: SHELL=/nix/store/9fqwwd4iybmhjqyxiaxycknslw6bgwh1-bash-4.4-p23/bin/bash
cp lib/Email/Simple/Creator.pm blib/lib/Email/Simple/Creator.pm
cp lib/Email/Simple.pm blib/lib/Email/Simple.pm
cp lib/Email/Simple/Header.pm blib/lib/Email/Simple/Header.pm
Manifying 3 pod documents
running tests
check flags: SHELL=/nix/store/9fqwwd4iybmhjqyxiaxycknslw6bgwh1-bash-4.4-p23/bin/bash VERBOSE=y test
PERL_DL_NONLAZY=1 "/nix/store/7c044di03qa7qgr5kjjc2d787aspzp0m-perl-5.32.0/bin/perl" "-MExtUtils::Command::MM" "-MTest::Harness" "-e" "undef *Test::Harness::Switches; test_harness(0, 'blib/lib', 'blib/arch')" t/*.t
t/00-report-prereqs.t .. #
# Versions for all modules listed in MYMETA.json (including optional ones):
#
# === Configure Requires ===
#
#     Module              Want Have
#     ------------------- ---- ----
#     ExtUtils::MakeMaker  any 7.44
#
# === Build Requires ===
#
#     Module              Want Have
#     ------------------- ---- ----
#     ExtUtils::MakeMaker  any 7.44
#
# === Test Requires ===
#
#     Module              Want     Have
#     ------------------- ---- --------
#     ExtUtils::MakeMaker  any     7.44
#     File::Spec           any     3.78
#     Test::More          0.96 1.302175
#
# === Test Recommends ===
#
#     Module         Want     Have
#     ---------- -------- --------
#     CPAN::Meta 2.120900 2.150010
#
# === Runtime Requires ===
#
#     Module              Want  Have
#     ------------------- ---- -----
#     Carp                 any  1.50
#     Email::Date::Format  any 1.005
#     strict               any  1.11
#     warnings             any  1.47
#
t/00-report-prereqs.t .. ok
t/badly-folded.t ....... ok
t/basic.t .............. ok
t/create.t ............. ok
t/ct-header.t .......... ok
t/folding.t ............ ok
t/header-case.t ........ ok
t/header-junk.t ........ ok
t/header-many.t ........ ok
t/header-names.t ....... ok
t/header-new.t ......... ok
t/header-pairs.t ....... ok
t/header-prepend.t ..... ok
t/header-space.t ....... ok
t/header-zero.t ........ ok
t/long-msgid.t ......... ok
t/many-repeats.t ....... ok
t/no-body.t ............ ok
t/preserve-linefeed.t .. ok
t/undef-message.t ...... ok
t/unit.t ............... ok
All tests successful.
Files=21, Tests=180,  1 wallclock secs ( 0.07 usr  0.03 sys +  1.18 cusr  0.25 csys =  1.53 CPU)
Result: PASS
installing
install flags: SHELL=/nix/store/9fqwwd4iybmhjqyxiaxycknslw6bgwh1-bash-4.4-p23/bin/bash pkgconfigdir=/nix/store/z842p5spv9z1dp6hjjy425iv6lqqkmzi-perl5.32.0-Email-Simple-2.216/lib/pkgconfig m4datadir=/nix/store/z842p5spv9z1dp6hjjy425iv6lqqkmzi-perl5.32.0-Email-Simple-2.216/share/aclocal aclocaldir=/nix/store/z842p5spv9z1dp6hjjy425iv6lqqkmzi-perl5.32.0-Email-Simple-2.216/share/aclocal install
Manifying 3 pod documents
Installing /nix/store/z842p5spv9z1dp6hjjy425iv6lqqkmzi-perl5.32.0-Email-Simple-2.216/lib/perl5/site_perl/5.32.0/Email/Simple.pm
Installing /nix/store/z842p5spv9z1dp6hjjy425iv6lqqkmzi-perl5.32.0-Email-Simple-2.216/lib/perl5/site_perl/5.32.0/Email/Simple/Header.pm
Installing /nix/store/z842p5spv9z1dp6hjjy425iv6lqqkmzi-perl5.32.0-Email-Simple-2.216/lib/perl5/site_perl/5.32.0/Email/Simple/Creator.pm
Installing /nix/store/z842p5spv9z1dp6hjjy425iv6lqqkmzi-perl5.32.0-Email-Simple-2.216/share/man/man3/Email::Simple.3
Installing /nix/store/z842p5spv9z1dp6hjjy425iv6lqqkmzi-perl5.32.0-Email-Simple-2.216/share/man/man3/Email::Simple::Creator.3
Installing /nix/store/z842p5spv9z1dp6hjjy425iv6lqqkmzi-perl5.32.0-Email-Simple-2.216/share/man/man3/Email::Simple::Header.3
Appending installation info to /nix/store/z842p5spv9z1dp6hjjy425iv6lqqkmzi-perl5.32.0-Email-Simple-2.216/lib/perl5/5.32.0/x86_64-linux-thread-multi/perllocal.pod
post-installation fixup
Moving /nix/store/z842p5spv9z1dp6hjjy425iv6lqqkmzi-perl5.32.0-Email-Simple-2.216/share/man/man3 to /nix/store/8xkf3fdfcsyh605ldq22kizc4zcf8k3f-perl5.32.0-Email-Simple-2.216-devdoc/share/man/man3
Removing empty /nix/store/z842p5spv9z1dp6hjjy425iv6lqqkmzi-perl5.32.0-Email-Simple-2.216/share/man/ and (possibly) its parents
shrinking RPATHs of ELF executables and libraries in /nix/store/z842p5spv9z1dp6hjjy425iv6lqqkmzi-perl5.32.0-Email-Simple-2.216
strip is /nix/store/psyzbhp4p088sb9qcs378hfbslcalasl-binutils-2.31.1/bin/strip
stripping (with command strip and flags -S) in /nix/store/z842p5spv9z1dp6hjjy425iv6lqqkmzi-perl5.32.0-Email-Simple-2.216/lib
patching script interpreter paths in /nix/store/z842p5spv9z1dp6hjjy425iv6lqqkmzi-perl5.32.0-Email-Simple-2.216
checking for references to /build/ in /nix/store/z842p5spv9z1dp6hjjy425iv6lqqkmzi-perl5.32.0-Email-Simple-2.216...
shrinking RPATHs of ELF executables and libraries in /nix/store/8xkf3fdfcsyh605ldq22kizc4zcf8k3f-perl5.32.0-Email-Simple-2.216-devdoc
gzipping man pages under /nix/store/8xkf3fdfcsyh605ldq22kizc4zcf8k3f-perl5.32.0-Email-Simple-2.216-devdoc/share/man/
strip is /nix/store/psyzbhp4p088sb9qcs378hfbslcalasl-binutils-2.31.1/bin/strip
patching script interpreter paths in /nix/store/8xkf3fdfcsyh605ldq22kizc4zcf8k3f-perl5.32.0-Email-Simple-2.216-devdoc
checking for references to /build/ in /nix/store/8xkf3fdfcsyh605ldq22kizc4zcf8k3f-perl5.32.0-Email-Simple-2.216-devdoc...
building '/nix/store/c76r5z511vs2jjr47g1hmxks9x5dd7rz-perl5.32.0-Email-Abstract-3.008.drv'...
unpacking sources
unpacking source archive /nix/store/25gi98467b1xnnsa377pyxgnhcfg2xr1-Email-Abstract-3.008.tar.gz
source root is Email-Abstract-3.008
setting SOURCE_DATE_EPOCH to timestamp 1419723383 of file Email-Abstract-3.008/lib/Email/Abstract/MailInternet.pm
patching sources
configuring
patching ./xt/release/pod-syntax.t...
patching ./xt/release/changes_has_content.t...
patching ./t/00-report-prereqs.t...
patching ./t/abstractions.t...
patching ./t/unknown.t...
Checking if your kit is complete...
Looks good
Generating a Unix-style Makefile
Writing Makefile for Email::Abstract
Writing MYMETA.yml and MYMETA.json
no configure script, doing nothing
building
build flags: SHELL=/nix/store/9fqwwd4iybmhjqyxiaxycknslw6bgwh1-bash-4.4-p23/bin/bash
cp lib/Email/Abstract/EmailSimple.pm blib/lib/Email/Abstract/EmailSimple.pm
cp lib/Email/Abstract/MIMEEntity.pm blib/lib/Email/Abstract/MIMEEntity.pm
cp lib/Email/Abstract/EmailMIME.pm blib/lib/Email/Abstract/EmailMIME.pm
cp lib/Email/Abstract/MailMessage.pm blib/lib/Email/Abstract/MailMessage.pm
cp lib/Email/Abstract/Plugin.pm blib/lib/Email/Abstract/Plugin.pm
cp lib/Email/Abstract/MailInternet.pm blib/lib/Email/Abstract/MailInternet.pm
cp lib/Email/Abstract.pm blib/lib/Email/Abstract.pm
Manifying 7 pod documents
running tests
check flags: SHELL=/nix/store/9fqwwd4iybmhjqyxiaxycknslw6bgwh1-bash-4.4-p23/bin/bash VERBOSE=y test
PERL_DL_NONLAZY=1 "/nix/store/7c044di03qa7qgr5kjjc2d787aspzp0m-perl-5.32.0/bin/perl" "-MExtUtils::Command::MM" "-MTest::Harness" "-e" "undef *Test::Harness::Switches; test_harness(0, 'blib/lib', 'blib/arch')" t/*.t
t/00-report-prereqs.t .. #
# Versions for all modules listed in MYMETA.json (including optional ones):
#
# === Configure Requires ===
#
#     Module              Want Have
#     ------------------- ---- ----
#     ExtUtils::MakeMaker  any 7.44
#
# === Build Requires ===
#
#     Module              Want Have
#     ------------------- ---- ----
#     ExtUtils::MakeMaker  any 7.44
#
# === Test Requires ===
#
#     Module              Want     Have
#     ------------------- ---- --------
#     ExtUtils::MakeMaker  any     7.44
#     File::Spec           any     3.78
#     Test::More          0.96 1.302175
#     lib                  any     0.65
#
# === Test Recommends ===
#
#     Module         Want     Have
#     ---------- -------- --------
#     CPAN::Meta 2.120900 2.150010
#
# === Runtime Requires ===
#
#     Module             Want  Have
#     ----------------- ----- -----
#     Carp                any  1.50
#     Email::Simple     1.998 2.216
#     MRO::Compat         any  0.13
#     Module::Pluggable   1.5   5.2
#     Scalar::Util        any  1.55
#     strict              any  1.11
#     warnings            any  1.47
#
t/00-report-prereqs.t .. ok
t/abstractions.t ....... 1/165 # testing Email::Simple with 2.216
t/abstractions.t ....... ok
t/subclass.t ........... ok
t/unknown.t ............ ok
All tests successful.
Files=4, Tests=174,  1 wallclock secs ( 0.03 usr  0.02 sys +  0.41 cusr  0.11 csys =  0.57 CPU)
Result: PASS
installing
install flags: SHELL=/nix/store/9fqwwd4iybmhjqyxiaxycknslw6bgwh1-bash-4.4-p23/bin/bash pkgconfigdir=/nix/store/6p8m7fla2yj5npz1kxzm7by4268135jn-perl5.32.0-Email-Abstract-3.008/lib/pkgconfig m4datadir=/nix/store/6p8m7fla2yj5npz1kxzm7by4268135jn-perl5.32.0-Email-Abstract-3.008/share/aclocal aclocaldir=/nix/store/6p8m7fla2yj5npz1kxzm7by4268135jn-perl5.32.0-Email-Abstract-3.008/share/aclocal install
Manifying 7 pod documents
Installing /nix/store/6p8m7fla2yj5npz1kxzm7by4268135jn-perl5.32.0-Email-Abstract-3.008/lib/perl5/site_perl/5.32.0/Email/Abstract.pm
Installing /nix/store/6p8m7fla2yj5npz1kxzm7by4268135jn-perl5.32.0-Email-Abstract-3.008/lib/perl5/site_perl/5.32.0/Email/Abstract/MailInternet.pm
Installing /nix/store/6p8m7fla2yj5npz1kxzm7by4268135jn-perl5.32.0-Email-Abstract-3.008/lib/perl5/site_perl/5.32.0/Email/Abstract/MailMessage.pm
Installing /nix/store/6p8m7fla2yj5npz1kxzm7by4268135jn-perl5.32.0-Email-Abstract-3.008/lib/perl5/site_perl/5.32.0/Email/Abstract/MIMEEntity.pm
Installing /nix/store/6p8m7fla2yj5npz1kxzm7by4268135jn-perl5.32.0-Email-Abstract-3.008/lib/perl5/site_perl/5.32.0/Email/Abstract/Plugin.pm
Installing /nix/store/6p8m7fla2yj5npz1kxzm7by4268135jn-perl5.32.0-Email-Abstract-3.008/lib/perl5/site_perl/5.32.0/Email/Abstract/EmailSimple.pm
Installing /nix/store/6p8m7fla2yj5npz1kxzm7by4268135jn-perl5.32.0-Email-Abstract-3.008/lib/perl5/site_perl/5.32.0/Email/Abstract/EmailMIME.pm
Installing /nix/store/6p8m7fla2yj5npz1kxzm7by4268135jn-perl5.32.0-Email-Abstract-3.008/share/man/man3/Email::Abstract::EmailSimple.3
Installing /nix/store/6p8m7fla2yj5npz1kxzm7by4268135jn-perl5.32.0-Email-Abstract-3.008/share/man/man3/Email::Abstract::EmailMIME.3
Installing /nix/store/6p8m7fla2yj5npz1kxzm7by4268135jn-perl5.32.0-Email-Abstract-3.008/share/man/man3/Email::Abstract::Plugin.3
Installing /nix/store/6p8m7fla2yj5npz1kxzm7by4268135jn-perl5.32.0-Email-Abstract-3.008/share/man/man3/Email::Abstract::MailInternet.3
Installing /nix/store/6p8m7fla2yj5npz1kxzm7by4268135jn-perl5.32.0-Email-Abstract-3.008/share/man/man3/Email::Abstract::MailMessage.3
Installing /nix/store/6p8m7fla2yj5npz1kxzm7by4268135jn-perl5.32.0-Email-Abstract-3.008/share/man/man3/Email::Abstract.3
Installing /nix/store/6p8m7fla2yj5npz1kxzm7by4268135jn-perl5.32.0-Email-Abstract-3.008/share/man/man3/Email::Abstract::MIMEEntity.3
Appending installation info to /nix/store/6p8m7fla2yj5npz1kxzm7by4268135jn-perl5.32.0-Email-Abstract-3.008/lib/perl5/5.32.0/x86_64-linux-thread-multi/perllocal.pod
post-installation fixup
Moving /nix/store/6p8m7fla2yj5npz1kxzm7by4268135jn-perl5.32.0-Email-Abstract-3.008/share/man/man3 to /nix/store/rizlv7hz7npyr5pmq12a962448yfk6gq-perl5.32.0-Email-Abstract-3.008-devdoc/share/man/man3
Removing empty /nix/store/6p8m7fla2yj5npz1kxzm7by4268135jn-perl5.32.0-Email-Abstract-3.008/share/man/ and (possibly) its parents
shrinking RPATHs of ELF executables and libraries in /nix/store/6p8m7fla2yj5npz1kxzm7by4268135jn-perl5.32.0-Email-Abstract-3.008
strip is /nix/store/psyzbhp4p088sb9qcs378hfbslcalasl-binutils-2.31.1/bin/strip
stripping (with command strip and flags -S) in /nix/store/6p8m7fla2yj5npz1kxzm7by4268135jn-perl5.32.0-Email-Abstract-3.008/lib
patching script interpreter paths in /nix/store/6p8m7fla2yj5npz1kxzm7by4268135jn-perl5.32.0-Email-Abstract-3.008
checking for references to /build/ in /nix/store/6p8m7fla2yj5npz1kxzm7by4268135jn-perl5.32.0-Email-Abstract-3.008...
shrinking RPATHs of ELF executables and libraries in /nix/store/rizlv7hz7npyr5pmq12a962448yfk6gq-perl5.32.0-Email-Abstract-3.008-devdoc
gzipping man pages under /nix/store/rizlv7hz7npyr5pmq12a962448yfk6gq-perl5.32.0-Email-Abstract-3.008-devdoc/share/man/
strip is /nix/store/psyzbhp4p088sb9qcs378hfbslcalasl-binutils-2.31.1/bin/strip
patching script interpreter paths in /nix/store/rizlv7hz7npyr5pmq12a962448yfk6gq-perl5.32.0-Email-Abstract-3.008-devdoc
checking for references to /build/ in /nix/store/rizlv7hz7npyr5pmq12a962448yfk6gq-perl5.32.0-Email-Abstract-3.008-devdoc...
/nix/store/6p8m7fla2yj5npz1kxzm7by4268135jn-perl5.32.0-Email-Abstract-3.008
