these derivations will be built:
  /nix/store/j3j12ipdm7z93dmrznr91k7wrzvzabvi-perl5.32.0-Env-1.04.drv
these paths will be fetched (0.01 MiB download, 0.01 MiB unpacked):
  /nix/store/9f1v2lk616l479kx4v58srlr681wlgc4-Env-1.04.tar.gz
copying path '/nix/store/9f1v2lk616l479kx4v58srlr681wlgc4-Env-1.04.tar.gz' from 'https://cache.nixos.org'...
building '/nix/store/j3j12ipdm7z93dmrznr91k7wrzvzabvi-perl5.32.0-Env-1.04.drv'...
unpacking sources
unpacking source archive /nix/store/9f1v2lk616l479kx4v58srlr681wlgc4-Env-1.04.tar.gz
source root is Env-1.04
setting SOURCE_DATE_EPOCH to timestamp 1362244237 of file Env-1.04/t/release-pod-syntax.t
patching sources
configuring
patching ./t/array.t...
patching ./t/release-pod-syntax.t...
patching ./t/env.t...
Checking if your kit is complete...
Looks good
Generating a Unix-style Makefile
Writing Makefile for Env
Writing MYMETA.yml and MYMETA.json
no configure script, doing nothing
building
build flags: SHELL=/nix/store/9fqwwd4iybmhjqyxiaxycknslw6bgwh1-bash-4.4-p23/bin/bash
cp lib/Env.pm blib/lib/Env.pm
Manifying 1 pod document
running tests
check flags: SHELL=/nix/store/9fqwwd4iybmhjqyxiaxycknslw6bgwh1-bash-4.4-p23/bin/bash VERBOSE=y test
PERL_DL_NONLAZY=1 "/nix/store/7c044di03qa7qgr5kjjc2d787aspzp0m-perl-5.32.0/bin/perl" "-MExtUtils::Command::MM" "-MTest::Harness" "-e" "undef *Test::Harness::Switches; test_harness(0, 'blib/lib', 'blib/arch')" t/*.t
t/array.t ............... ok
t/env.t ................. ok
t/release-pod-syntax.t .. skipped: these tests are for release candidate testing
All tests successful.
Files=3, Tests=14,  0 wallclock secs ( 0.01 usr  0.00 sys +  0.13 cusr  0.02 csys =  0.16 CPU)
Result: PASS
installing
install flags: SHELL=/nix/store/9fqwwd4iybmhjqyxiaxycknslw6bgwh1-bash-4.4-p23/bin/bash pkgconfigdir=/nix/store/fwrdf881kca7slwh2rdfm7k294d54x07-perl5.32.0-Env-1.04/lib/pkgconfig m4datadir=/nix/store/fwrdf881kca7slwh2rdfm7k294d54x07-perl5.32.0-Env-1.04/share/aclocal aclocaldir=/nix/store/fwrdf881kca7slwh2rdfm7k294d54x07-perl5.32.0-Env-1.04/share/aclocal install
Manifying 1 pod document
Installing /nix/store/fwrdf881kca7slwh2rdfm7k294d54x07-perl5.32.0-Env-1.04/lib/perl5/site_perl/5.32.0/Env.pm
Installing /nix/store/fwrdf881kca7slwh2rdfm7k294d54x07-perl5.32.0-Env-1.04/share/man/man3/Env.3
Appending installation info to /nix/store/fwrdf881kca7slwh2rdfm7k294d54x07-perl5.32.0-Env-1.04/lib/perl5/5.32.0/x86_64-linux-thread-multi/perllocal.pod
post-installation fixup
Moving /nix/store/fwrdf881kca7slwh2rdfm7k294d54x07-perl5.32.0-Env-1.04/share/man/man3 to /nix/store/avimwzx1ag1vb10bj06qijxd751qhq0s-perl5.32.0-Env-1.04-devdoc/share/man/man3
Removing empty /nix/store/fwrdf881kca7slwh2rdfm7k294d54x07-perl5.32.0-Env-1.04/share/man/ and (possibly) its parents
shrinking RPATHs of ELF executables and libraries in /nix/store/fwrdf881kca7slwh2rdfm7k294d54x07-perl5.32.0-Env-1.04
strip is /nix/store/psyzbhp4p088sb9qcs378hfbslcalasl-binutils-2.31.1/bin/strip
stripping (with command strip and flags -S) in /nix/store/fwrdf881kca7slwh2rdfm7k294d54x07-perl5.32.0-Env-1.04/lib
patching script interpreter paths in /nix/store/fwrdf881kca7slwh2rdfm7k294d54x07-perl5.32.0-Env-1.04
checking for references to /build/ in /nix/store/fwrdf881kca7slwh2rdfm7k294d54x07-perl5.32.0-Env-1.04...
shrinking RPATHs of ELF executables and libraries in /nix/store/avimwzx1ag1vb10bj06qijxd751qhq0s-perl5.32.0-Env-1.04-devdoc
gzipping man pages under /nix/store/avimwzx1ag1vb10bj06qijxd751qhq0s-perl5.32.0-Env-1.04-devdoc/share/man/
strip is /nix/store/psyzbhp4p088sb9qcs378hfbslcalasl-binutils-2.31.1/bin/strip
patching script interpreter paths in /nix/store/avimwzx1ag1vb10bj06qijxd751qhq0s-perl5.32.0-Env-1.04-devdoc
checking for references to /build/ in /nix/store/avimwzx1ag1vb10bj06qijxd751qhq0s-perl5.32.0-Env-1.04-devdoc...
/nix/store/fwrdf881kca7slwh2rdfm7k294d54x07-perl5.32.0-Env-1.04
