these derivations will be built:
  /nix/store/al8400f39n0kbks8098xwd1dxvm0icwg-perl5.32.0-Test-Assert-0.0504.drv
  /nix/store/42n7f9b80w0af1fs5jrxgiiaw0n87rvn-perl5.32.0-Exception-Died-0.06.drv
these paths will be fetched (0.04 MiB download, 0.04 MiB unpacked):
  /nix/store/20xkcdim5kc55xmr3qiyrcs0x1niy0cm-Exception-Died-0.06.tar.gz
  /nix/store/s0pfjivhlr65g0ivb3b4imh8i47jvpgj-Test-Assert-0.0504.tar.gz
copying path '/nix/store/20xkcdim5kc55xmr3qiyrcs0x1niy0cm-Exception-Died-0.06.tar.gz' from 'https://cache.nixos.org'...
copying path '/nix/store/s0pfjivhlr65g0ivb3b4imh8i47jvpgj-Test-Assert-0.0504.tar.gz' from 'https://cache.nixos.org'...
building '/nix/store/al8400f39n0kbks8098xwd1dxvm0icwg-perl5.32.0-Test-Assert-0.0504.drv'...
unpacking sources
unpacking source archive /nix/store/s0pfjivhlr65g0ivb3b4imh8i47jvpgj-Test-Assert-0.0504.tar.gz
source root is Test-Assert-0.0504
setting SOURCE_DATE_EPOCH to timestamp 1260139707 of file Test-Assert-0.0504/xt/signature.t
patching sources
configuring
patching ./xt/pod_syntax.t...
patching ./xt/signature.t...
patching ./xt/minimumversion.t...
patching ./xt/distribution.t...
patching ./xt/check_changes.t...
patching ./xt/pod.t...
patching ./xt/pod_coverage.t...
patching ./xt/pod_spell.t...
patching ./xt/copyright.t...
patching ./xt/consistent_version_numbers.t...
patching ./xt/cover.pl...
patching ./xt/kwalitee.t...
patching ./xt/perlcritic.t...
patching ./t/030_debug_default.t...
patching ./t/020_debug_disabled.t...
patching ./t/010_debug_enabled.t...
patching ./t/all_tests.t...
patching ./t/test.pl...
patching ./lib/Exception/Assertion.pm...
patching ./lib/Test/Assert.pm...
patching ./Build.PL...
patching ./eg/assert_test_differences.pl...
patching ./eg/assert_raises.pl...
WARNING: TESTS is not a known parameter.
Checking if your kit is complete...
Looks good
'TESTS' is not a known MakeMaker parameter name.
Generating a Unix-style Makefile
Writing Makefile for Test::Assert
Writing MYMETA.yml and MYMETA.json
no configure script, doing nothing
building
Created MYMETA.yml and MYMETA.json
Creating new 'Build' script for 'Test-Assert' version '0.0504'
Building Test-Assert
running tests
t/010_debug_enabled.t ... ok
t/020_debug_disabled.t .. ok
t/030_debug_default.t ... ok
t/all_tests.t ........... ok
All tests successful.
Files=4, Tests=45,  1 wallclock secs ( 0.02 usr  0.01 sys +  0.33 cusr  0.14 csys =  0.50 CPU)
Result: PASS
installing
Building Test-Assert
Installing /nix/store/7zk9bhw3crwc1lz9jan718h2niv4gq15-perl5.32.0-Test-Assert-0.0504/lib/perl5/site_perl/5.32.0/Exception/Assertion.pm
Installing /nix/store/7zk9bhw3crwc1lz9jan718h2niv4gq15-perl5.32.0-Test-Assert-0.0504/lib/perl5/site_perl/5.32.0/Test/Assert.pm
Installing /nix/store/7zk9bhw3crwc1lz9jan718h2niv4gq15-perl5.32.0-Test-Assert-0.0504/share/man/man3/Exception::Assertion.3
Installing /nix/store/7zk9bhw3crwc1lz9jan718h2niv4gq15-perl5.32.0-Test-Assert-0.0504/share/man/man3/Test::Assert.3
post-installation fixup
Moving /nix/store/7zk9bhw3crwc1lz9jan718h2niv4gq15-perl5.32.0-Test-Assert-0.0504/share/man/man3 to /nix/store/8q2jl0s8isyc557vr5a0kylf3fxijz0a-perl5.32.0-Test-Assert-0.0504-devdoc/share/man/man3
Removing empty /nix/store/7zk9bhw3crwc1lz9jan718h2niv4gq15-perl5.32.0-Test-Assert-0.0504/share/man/ and (possibly) its parents
shrinking RPATHs of ELF executables and libraries in /nix/store/7zk9bhw3crwc1lz9jan718h2niv4gq15-perl5.32.0-Test-Assert-0.0504
strip is /nix/store/psyzbhp4p088sb9qcs378hfbslcalasl-binutils-2.31.1/bin/strip
stripping (with command strip and flags -S) in /nix/store/7zk9bhw3crwc1lz9jan718h2niv4gq15-perl5.32.0-Test-Assert-0.0504/lib
patching script interpreter paths in /nix/store/7zk9bhw3crwc1lz9jan718h2niv4gq15-perl5.32.0-Test-Assert-0.0504
checking for references to /build/ in /nix/store/7zk9bhw3crwc1lz9jan718h2niv4gq15-perl5.32.0-Test-Assert-0.0504...
shrinking RPATHs of ELF executables and libraries in /nix/store/8q2jl0s8isyc557vr5a0kylf3fxijz0a-perl5.32.0-Test-Assert-0.0504-devdoc
gzipping man pages under /nix/store/8q2jl0s8isyc557vr5a0kylf3fxijz0a-perl5.32.0-Test-Assert-0.0504-devdoc/share/man/
strip is /nix/store/psyzbhp4p088sb9qcs378hfbslcalasl-binutils-2.31.1/bin/strip
patching script interpreter paths in /nix/store/8q2jl0s8isyc557vr5a0kylf3fxijz0a-perl5.32.0-Test-Assert-0.0504-devdoc
checking for references to /build/ in /nix/store/8q2jl0s8isyc557vr5a0kylf3fxijz0a-perl5.32.0-Test-Assert-0.0504-devdoc...
building '/nix/store/42n7f9b80w0af1fs5jrxgiiaw0n87rvn-perl5.32.0-Exception-Died-0.06.drv'...
unpacking sources
unpacking source archive /nix/store/20xkcdim5kc55xmr3qiyrcs0x1niy0cm-Exception-Died-0.06.tar.gz
source root is Exception-Died-0.06
setting SOURCE_DATE_EPOCH to timestamp 1238698528 of file Exception-Died-0.06/xt/profile_eval.pl
patching sources
configuring
patching ./xt/pod_syntax.t...
patching ./xt/minimumversion.t...
patching ./xt/distribution.t...
patching ./xt/check_changes.t...
patching ./xt/pod.t...
patching ./xt/pod_coverage.t...
patching ./xt/pod_spell.t...
patching ./xt/benchmark_fail.pl...
patching ./xt/copyright.t...
patching ./xt/consistent_version_numbers.t...
patching ./xt/cover.pl...
patching ./xt/kwalitee.t...
patching ./xt/perlcritic.t...
patching ./xt/profile_eval.pl...
patching ./xt/benchmark_ok.pl...
patching ./t/test_sig_hooked.pl...
patching ./t/all_tests_sig_hooked.t...
patching ./t/all_tests.t...
patching ./t/test.pl...
patching ./lib/Exception/Died.pm...
patching ./Build.PL...
patching ./eg/exception_died.pl...
patching ./eg/eval_throw.pl...
patching ./eg/eval_catch.pl...
patching ./eg/eval_catch2.pl...
patching ./eg/eval_throw2.pl...
Checking if your kit is complete...
Looks good
Generating a Unix-style Makefile
Writing Makefile for Exception::Died
Writing MYMETA.yml and MYMETA.json
no configure script, doing nothing
building
Created MYMETA.yml and MYMETA.json
Creating new 'Build' script for 'Exception-Died' version '0.06'
Building Exception-Died
running tests
t/all_tests.t ............. ok
t/all_tests_sig_hooked.t .. ok
All tests successful.
Files=2, Tests=34,  0 wallclock secs ( 0.03 usr  0.01 sys +  0.10 cusr  0.03 csys =  0.17 CPU)
Result: PASS
installing
Building Exception-Died
Installing /nix/store/p67jjg21gqi72wlzij5xjz2a3dd2i56q-perl5.32.0-Exception-Died-0.06/lib/perl5/site_perl/5.32.0/Exception/Died.pm
Installing /nix/store/p67jjg21gqi72wlzij5xjz2a3dd2i56q-perl5.32.0-Exception-Died-0.06/share/man/man3/Exception::Died.3
post-installation fixup
Moving /nix/store/p67jjg21gqi72wlzij5xjz2a3dd2i56q-perl5.32.0-Exception-Died-0.06/share/man/man3 to /nix/store/4hphcpxcv38y1qn1w2f293p3ai27vd4k-perl5.32.0-Exception-Died-0.06-devdoc/share/man/man3
Removing empty /nix/store/p67jjg21gqi72wlzij5xjz2a3dd2i56q-perl5.32.0-Exception-Died-0.06/share/man/ and (possibly) its parents
shrinking RPATHs of ELF executables and libraries in /nix/store/p67jjg21gqi72wlzij5xjz2a3dd2i56q-perl5.32.0-Exception-Died-0.06
strip is /nix/store/psyzbhp4p088sb9qcs378hfbslcalasl-binutils-2.31.1/bin/strip
stripping (with command strip and flags -S) in /nix/store/p67jjg21gqi72wlzij5xjz2a3dd2i56q-perl5.32.0-Exception-Died-0.06/lib
patching script interpreter paths in /nix/store/p67jjg21gqi72wlzij5xjz2a3dd2i56q-perl5.32.0-Exception-Died-0.06
checking for references to /build/ in /nix/store/p67jjg21gqi72wlzij5xjz2a3dd2i56q-perl5.32.0-Exception-Died-0.06...
shrinking RPATHs of ELF executables and libraries in /nix/store/4hphcpxcv38y1qn1w2f293p3ai27vd4k-perl5.32.0-Exception-Died-0.06-devdoc
gzipping man pages under /nix/store/4hphcpxcv38y1qn1w2f293p3ai27vd4k-perl5.32.0-Exception-Died-0.06-devdoc/share/man/
strip is /nix/store/psyzbhp4p088sb9qcs378hfbslcalasl-binutils-2.31.1/bin/strip
patching script interpreter paths in /nix/store/4hphcpxcv38y1qn1w2f293p3ai27vd4k-perl5.32.0-Exception-Died-0.06-devdoc
checking for references to /build/ in /nix/store/4hphcpxcv38y1qn1w2f293p3ai27vd4k-perl5.32.0-Exception-Died-0.06-devdoc...
/nix/store/p67jjg21gqi72wlzij5xjz2a3dd2i56q-perl5.32.0-Exception-Died-0.06
