these derivations will be built:
  /nix/store/ijfr19lh7c8pkdsjgzi3ry7glcsd0s8j-perl5.32.0-ExtUtils-MakeMaker-7.44.drv
these paths will be fetched (0.46 MiB download, 0.46 MiB unpacked):
  /nix/store/kxfsnb0zcc0l5jz778zv8ah2xv8hmarn-ExtUtils-MakeMaker-7.44.tar.gz
copying path '/nix/store/kxfsnb0zcc0l5jz778zv8ah2xv8hmarn-ExtUtils-MakeMaker-7.44.tar.gz' from 'https://cache.nixos.org'...
building '/nix/store/ijfr19lh7c8pkdsjgzi3ry7glcsd0s8j-perl5.32.0-ExtUtils-MakeMaker-7.44.drv'...
unpacking sources
unpacking source archive /nix/store/kxfsnb0zcc0l5jz778zv8ah2xv8hmarn-ExtUtils-MakeMaker-7.44.tar.gz
source root is ExtUtils-MakeMaker-7.44
setting SOURCE_DATE_EPOCH to timestamp 1579020770 of file ExtUtils-MakeMaker-7.44/META.yml
patching sources
configuring
patching ./t/FIRST_MAKEFILE.t...
patching ./t/WriteEmptyMakefile.t...
patching ./t/Liblist.t...
patching ./t/prereq.t...
patching ./t/00compile.t...
patching ./t/meta_convert.t...
patching ./t/INSTALL_BASE.t...
patching ./t/recurs.t...
patching ./t/MM_OS2.t...
patching ./t/min_perl_version.t...
patching ./t/is_of_type.t...
patching ./t/installed_file.t...
patching ./t/prereq_print.t...
patching ./t/arch_check.t...
patching ./t/MM_BeOS.t...
patching ./t/Mkbootstrap.t...
patching ./t/parse_abstract.t...
patching ./t/MM_Any.t...
patching ./t/pod2man.t...
patching ./t/config.t...
patching ./t/MakeMaker_Parameters.t...
patching ./t/eu_command.t...
patching ./t/01perl_bugs.t...
patching ./t/backwards.t...
patching ./t/INST.t...
patching ./t/prefixify.t...
patching ./t/echo.t...
patching ./t/split_command.t...
patching ./t/MM_Win32.t...
patching ./t/test_boilerplate.t...
patching ./t/writemakefile_args.t...
patching ./t/prompt.t...
patching ./t/MM_Unix.t...
patching ./t/oneliner.t...
patching ./t/postamble.t...
patching ./t/MM_VMS.t...
patching ./t/vstrings.t...
patching ./t/pm_to_blib.t...
patching ./t/pm.t...
patching ./t/metafile_file.t...
patching ./t/miniperl.t...
patching ./t/fix_libs.t...
patching ./t/03-xsstatic.t...
patching ./t/PL_FILES.t...
patching ./t/cd.t...
patching ./t/fixin.t...
patching ./t/cp.t...
patching ./t/dir_target.t...
patching ./t/revision.t...
patching ./t/basic.t...
patching ./t/maketext_filter.t...
patching ./t/MM_NW5.t...
patching ./t/os_unsupported.t...
patching ./t/build_man.t...
patching ./t/VERSION_FROM.t...
patching ./t/several_authors.t...
patching ./t/parse_version.t...
patching ./t/hints.t...
patching ./t/02-xsdynamic.t...
patching ./t/MM_Cygwin.t...
patching ./t/INST_PREFIX.t...
patching ./t/make.t...
patching ./t/testlib.t...
patching ./bin/instmodsh...
patching ./Makefile.PL...
Checking if your kit is complete...
Looks good
Generating a Unix-style Makefile
Writing Makefile for ExtUtils::MakeMaker
Writing MYMETA.yml and MYMETA.json
no configure script, doing nothing
building
build flags: SHELL=/nix/store/9fqwwd4iybmhjqyxiaxycknslw6bgwh1-bash-4.4-p23/bin/bash
cp lib/ExtUtils/Command.pm blib/lib/ExtUtils/Command.pm
cp lib/ExtUtils/MM_Any.pm blib/lib/ExtUtils/MM_Any.pm
cp lib/ExtUtils/MakeMaker/Tutorial.pod blib/lib/ExtUtils/MakeMaker/Tutorial.pod
cp lib/ExtUtils/MakeMaker/version/regex.pm blib/lib/ExtUtils/MakeMaker/version/regex.pm
cp lib/ExtUtils/Liblist/Kid.pm blib/lib/ExtUtils/Liblist/Kid.pm
cp lib/ExtUtils/MakeMaker/Locale.pm blib/lib/ExtUtils/MakeMaker/Locale.pm
cp lib/ExtUtils/MakeMaker/version.pm blib/lib/ExtUtils/MakeMaker/version.pm
cp lib/ExtUtils/MM_QNX.pm blib/lib/ExtUtils/MM_QNX.pm
cp lib/ExtUtils/MakeMaker/FAQ.pod blib/lib/ExtUtils/MakeMaker/FAQ.pod
cp lib/ExtUtils/testlib.pm blib/lib/ExtUtils/testlib.pm
cp lib/ExtUtils/MM_VOS.pm blib/lib/ExtUtils/MM_VOS.pm
cp lib/ExtUtils/Liblist.pm blib/lib/ExtUtils/Liblist.pm
cp lib/ExtUtils/MM_Win32.pm blib/lib/ExtUtils/MM_Win32.pm
cp lib/ExtUtils/Command/MM.pm blib/lib/ExtUtils/Command/MM.pm
cp lib/ExtUtils/Mkbootstrap.pm blib/lib/ExtUtils/Mkbootstrap.pm
cp lib/ExtUtils/MM_VMS.pm blib/lib/ExtUtils/MM_VMS.pm
cp lib/ExtUtils/MY.pm blib/lib/ExtUtils/MY.pm
cp lib/ExtUtils/MM.pm blib/lib/ExtUtils/MM.pm
cp lib/ExtUtils/MakeMaker/version/vpp.pm blib/lib/ExtUtils/MakeMaker/version/vpp.pm
cp lib/ExtUtils/MM_OS2.pm blib/lib/ExtUtils/MM_OS2.pm
cp lib/ExtUtils/MM_Cygwin.pm blib/lib/ExtUtils/MM_Cygwin.pm
cp lib/ExtUtils/MM_Win95.pm blib/lib/ExtUtils/MM_Win95.pm
cp lib/ExtUtils/MM_MacOS.pm blib/lib/ExtUtils/MM_MacOS.pm
cp lib/ExtUtils/MM_BeOS.pm blib/lib/ExtUtils/MM_BeOS.pm
cp lib/ExtUtils/MM_Darwin.pm blib/lib/ExtUtils/MM_Darwin.pm
cp lib/ExtUtils/MM_DOS.pm blib/lib/ExtUtils/MM_DOS.pm
cp lib/ExtUtils/MM_NW5.pm blib/lib/ExtUtils/MM_NW5.pm
cp lib/ExtUtils/MakeMaker.pm blib/lib/ExtUtils/MakeMaker.pm
cp lib/ExtUtils/MM_AIX.pm blib/lib/ExtUtils/MM_AIX.pm
cp lib/ExtUtils/MM_UWIN.pm blib/lib/ExtUtils/MM_UWIN.pm
cp lib/ExtUtils/MakeMaker/Config.pm blib/lib/ExtUtils/MakeMaker/Config.pm
cp lib/ExtUtils/Mksymlists.pm blib/lib/ExtUtils/Mksymlists.pm
cp lib/ExtUtils/MM_Unix.pm blib/lib/ExtUtils/MM_Unix.pm
cp bin/instmodsh blib/script/instmodsh
"/nix/store/7c044di03qa7qgr5kjjc2d787aspzp0m-perl-5.32.0/bin/perl" "-Iblib/arch" "-Iblib/lib" -MExtUtils::MY -e 'MY->fixin(shift)' -- blib/script/instmodsh
Manifying 1 pod document
Manifying 29 pod documents
running tests
check flags: SHELL=/nix/store/9fqwwd4iybmhjqyxiaxycknslw6bgwh1-bash-4.4-p23/bin/bash VERBOSE=y test
PERL_DL_NONLAZY=1 "/nix/store/7c044di03qa7qgr5kjjc2d787aspzp0m-perl-5.32.0/bin/perl" "-Iblib/arch" "-Iblib/lib" "-MExtUtils::Command::MM" "-MTest::Harness" "-e" "undef *Test::Harness::Switches; test_harness(0, 'blib/lib', 'blib/arch')" t/*.t
t/00compile.t ............. ok
t/01perl_bugs.t ........... ok
t/02-xsdynamic.t .......... ok
t/03-xsstatic.t ........... skipped: Shared perl library
t/arch_check.t ............ ok
t/backwards.t ............. ok
t/basic.t ................. ok
t/build_man.t ............. ok
t/cd.t .................... ok
t/config.t ................ ok
t/cp.t .................... ok
t/dir_target.t ............ ok
t/echo.t .................. ok
t/eu_command.t ............ ok
t/FIRST_MAKEFILE.t ........ ok
t/fix_libs.t .............. ok
t/fixin.t ................. ok
t/hints.t ................. ok
t/INST.t .................. ok
t/INST_PREFIX.t ........... ok
t/INSTALL_BASE.t .......... ok
t/installed_file.t ........ ok
t/is_of_type.t ............ ok
t/Liblist.t ............... ok
t/Liblist_Kid.t ........... ok
t/make.t .................. ok
t/MakeMaker_Parameters.t .. ok
t/maketext_filter.t ....... ok
t/meta_convert.t .......... ok
t/metafile_data.t ......... ok
t/metafile_file.t ......... ok
t/min_perl_version.t ...... ok
t/miniperl.t .............. skipped: miniperl test only necessary for the perl core
t/Mkbootstrap.t ........... ok
t/MM_Any.t ................ ok
t/MM_BeOS.t ............... skipped: This is not BeOS
t/MM_Cygwin.t ............. skipped: This is not cygwin
t/MM_NW5.t ................ skipped: This is not NW5
t/MM_OS2.t ................ skipped: This is not OS/2
t/MM_Unix.t ............... ok
t/MM_VMS.t ................ skipped: This is not VMS
t/MM_Win32.t .............. skipped: This is not Win32
t/oneliner.t .............. ok
t/os_unsupported.t ........ ok
t/parse_abstract.t ........ ok
t/parse_version.t ......... ok
t/PL_FILES.t .............. ok
t/pm.t .................... ok
t/pm_to_blib.t ............ ok
t/pod2man.t ............... ok
t/postamble.t ............. ok
t/prefixify.t ............. ok
t/prereq.t ................ ok
t/prereq_print.t .......... ok
t/problems.t .............. ok
t/prompt.t ................ ok
t/recurs.t ................ ok
t/revision.t .............. ok
t/several_authors.t ....... ok
t/split_command.t ......... ok
t/test_boilerplate.t ...... ok
t/testlib.t ............... ok
t/unicode.t ............... ok
t/VERSION_FROM.t .......... ok
t/vstrings.t .............. ok
t/WriteEmptyMakefile.t .... ok
t/writemakefile_args.t .... ok
All tests successful.
Files=67, Tests=1395, 39 wallclock secs ( 0.25 usr  0.08 sys + 28.27 cusr  4.94 csys = 33.54 CPU)
Result: PASS
installing
install flags: SHELL=/nix/store/9fqwwd4iybmhjqyxiaxycknslw6bgwh1-bash-4.4-p23/bin/bash pkgconfigdir=/nix/store/cd5wr7xl7fakf2s5vyd9jcs4jz74h7di-perl5.32.0-ExtUtils-MakeMaker-7.44/lib/pkgconfig m4datadir=/nix/store/cd5wr7xl7fakf2s5vyd9jcs4jz74h7di-perl5.32.0-ExtUtils-MakeMaker-7.44/share/aclocal aclocaldir=/nix/store/cd5wr7xl7fakf2s5vyd9jcs4jz74h7di-perl5.32.0-ExtUtils-MakeMaker-7.44/share/aclocal install
Manifying 1 pod document
Manifying 29 pod documents
Installing /nix/store/cd5wr7xl7fakf2s5vyd9jcs4jz74h7di-perl5.32.0-ExtUtils-MakeMaker-7.44/lib/perl5/site_perl/5.32.0/ExtUtils/MM_Win95.pm
Installing /nix/store/cd5wr7xl7fakf2s5vyd9jcs4jz74h7di-perl5.32.0-ExtUtils-MakeMaker-7.44/lib/perl5/site_perl/5.32.0/ExtUtils/MM_VMS.pm
Installing /nix/store/cd5wr7xl7fakf2s5vyd9jcs4jz74h7di-perl5.32.0-ExtUtils-MakeMaker-7.44/lib/perl5/site_perl/5.32.0/ExtUtils/MM_Unix.pm
Installing /nix/store/cd5wr7xl7fakf2s5vyd9jcs4jz74h7di-perl5.32.0-ExtUtils-MakeMaker-7.44/lib/perl5/site_perl/5.32.0/ExtUtils/MM_OS2.pm
Installing /nix/store/cd5wr7xl7fakf2s5vyd9jcs4jz74h7di-perl5.32.0-ExtUtils-MakeMaker-7.44/lib/perl5/site_perl/5.32.0/ExtUtils/MM_Win32.pm
Installing /nix/store/cd5wr7xl7fakf2s5vyd9jcs4jz74h7di-perl5.32.0-ExtUtils-MakeMaker-7.44/lib/perl5/site_perl/5.32.0/ExtUtils/MM_UWIN.pm
Installing /nix/store/cd5wr7xl7fakf2s5vyd9jcs4jz74h7di-perl5.32.0-ExtUtils-MakeMaker-7.44/lib/perl5/site_perl/5.32.0/ExtUtils/MM_NW5.pm
Installing /nix/store/cd5wr7xl7fakf2s5vyd9jcs4jz74h7di-perl5.32.0-ExtUtils-MakeMaker-7.44/lib/perl5/site_perl/5.32.0/ExtUtils/MM_MacOS.pm
Installing /nix/store/cd5wr7xl7fakf2s5vyd9jcs4jz74h7di-perl5.32.0-ExtUtils-MakeMaker-7.44/lib/perl5/site_perl/5.32.0/ExtUtils/MM_QNX.pm
Installing /nix/store/cd5wr7xl7fakf2s5vyd9jcs4jz74h7di-perl5.32.0-ExtUtils-MakeMaker-7.44/lib/perl5/site_perl/5.32.0/ExtUtils/MM_Darwin.pm
Installing /nix/store/cd5wr7xl7fakf2s5vyd9jcs4jz74h7di-perl5.32.0-ExtUtils-MakeMaker-7.44/lib/perl5/site_perl/5.32.0/ExtUtils/Command.pm
Installing /nix/store/cd5wr7xl7fakf2s5vyd9jcs4jz74h7di-perl5.32.0-ExtUtils-MakeMaker-7.44/lib/perl5/site_perl/5.32.0/ExtUtils/Mksymlists.pm
Installing /nix/store/cd5wr7xl7fakf2s5vyd9jcs4jz74h7di-perl5.32.0-ExtUtils-MakeMaker-7.44/lib/perl5/site_perl/5.32.0/ExtUtils/MM_BeOS.pm
Installing /nix/store/cd5wr7xl7fakf2s5vyd9jcs4jz74h7di-perl5.32.0-ExtUtils-MakeMaker-7.44/lib/perl5/site_perl/5.32.0/ExtUtils/testlib.pm
Installing /nix/store/cd5wr7xl7fakf2s5vyd9jcs4jz74h7di-perl5.32.0-ExtUtils-MakeMaker-7.44/lib/perl5/site_perl/5.32.0/ExtUtils/MY.pm
Installing /nix/store/cd5wr7xl7fakf2s5vyd9jcs4jz74h7di-perl5.32.0-ExtUtils-MakeMaker-7.44/lib/perl5/site_perl/5.32.0/ExtUtils/MM.pm
Installing /nix/store/cd5wr7xl7fakf2s5vyd9jcs4jz74h7di-perl5.32.0-ExtUtils-MakeMaker-7.44/lib/perl5/site_perl/5.32.0/ExtUtils/MM_Any.pm
Installing /nix/store/cd5wr7xl7fakf2s5vyd9jcs4jz74h7di-perl5.32.0-ExtUtils-MakeMaker-7.44/lib/perl5/site_perl/5.32.0/ExtUtils/MM_DOS.pm
Installing /nix/store/cd5wr7xl7fakf2s5vyd9jcs4jz74h7di-perl5.32.0-ExtUtils-MakeMaker-7.44/lib/perl5/site_perl/5.32.0/ExtUtils/Liblist.pm
Installing /nix/store/cd5wr7xl7fakf2s5vyd9jcs4jz74h7di-perl5.32.0-ExtUtils-MakeMaker-7.44/lib/perl5/site_perl/5.32.0/ExtUtils/MM_Cygwin.pm
Installing /nix/store/cd5wr7xl7fakf2s5vyd9jcs4jz74h7di-perl5.32.0-ExtUtils-MakeMaker-7.44/lib/perl5/site_perl/5.32.0/ExtUtils/Mkbootstrap.pm
Installing /nix/store/cd5wr7xl7fakf2s5vyd9jcs4jz74h7di-perl5.32.0-ExtUtils-MakeMaker-7.44/lib/perl5/site_perl/5.32.0/ExtUtils/MM_AIX.pm
Installing /nix/store/cd5wr7xl7fakf2s5vyd9jcs4jz74h7di-perl5.32.0-ExtUtils-MakeMaker-7.44/lib/perl5/site_perl/5.32.0/ExtUtils/MM_VOS.pm
Installing /nix/store/cd5wr7xl7fakf2s5vyd9jcs4jz74h7di-perl5.32.0-ExtUtils-MakeMaker-7.44/lib/perl5/site_perl/5.32.0/ExtUtils/MakeMaker.pm
Installing /nix/store/cd5wr7xl7fakf2s5vyd9jcs4jz74h7di-perl5.32.0-ExtUtils-MakeMaker-7.44/lib/perl5/site_perl/5.32.0/ExtUtils/Command/MM.pm
Installing /nix/store/cd5wr7xl7fakf2s5vyd9jcs4jz74h7di-perl5.32.0-ExtUtils-MakeMaker-7.44/lib/perl5/site_perl/5.32.0/ExtUtils/Liblist/Kid.pm
Installing /nix/store/cd5wr7xl7fakf2s5vyd9jcs4jz74h7di-perl5.32.0-ExtUtils-MakeMaker-7.44/lib/perl5/site_perl/5.32.0/ExtUtils/MakeMaker/Config.pm
Installing /nix/store/cd5wr7xl7fakf2s5vyd9jcs4jz74h7di-perl5.32.0-ExtUtils-MakeMaker-7.44/lib/perl5/site_perl/5.32.0/ExtUtils/MakeMaker/version.pm
Installing /nix/store/cd5wr7xl7fakf2s5vyd9jcs4jz74h7di-perl5.32.0-ExtUtils-MakeMaker-7.44/lib/perl5/site_perl/5.32.0/ExtUtils/MakeMaker/Tutorial.pod
Installing /nix/store/cd5wr7xl7fakf2s5vyd9jcs4jz74h7di-perl5.32.0-ExtUtils-MakeMaker-7.44/lib/perl5/site_perl/5.32.0/ExtUtils/MakeMaker/Locale.pm
Installing /nix/store/cd5wr7xl7fakf2s5vyd9jcs4jz74h7di-perl5.32.0-ExtUtils-MakeMaker-7.44/lib/perl5/site_perl/5.32.0/ExtUtils/MakeMaker/FAQ.pod
Installing /nix/store/cd5wr7xl7fakf2s5vyd9jcs4jz74h7di-perl5.32.0-ExtUtils-MakeMaker-7.44/lib/perl5/site_perl/5.32.0/ExtUtils/MakeMaker/version/regex.pm
Installing /nix/store/cd5wr7xl7fakf2s5vyd9jcs4jz74h7di-perl5.32.0-ExtUtils-MakeMaker-7.44/lib/perl5/site_perl/5.32.0/ExtUtils/MakeMaker/version/vpp.pm
Installing /nix/store/cd5wr7xl7fakf2s5vyd9jcs4jz74h7di-perl5.32.0-ExtUtils-MakeMaker-7.44/share/man/man1/instmodsh.1
Installing /nix/store/cd5wr7xl7fakf2s5vyd9jcs4jz74h7di-perl5.32.0-ExtUtils-MakeMaker-7.44/share/man/man3/ExtUtils::Command::MM.3
Installing /nix/store/cd5wr7xl7fakf2s5vyd9jcs4jz74h7di-perl5.32.0-ExtUtils-MakeMaker-7.44/share/man/man3/ExtUtils::MM_OS2.3
Installing /nix/store/cd5wr7xl7fakf2s5vyd9jcs4jz74h7di-perl5.32.0-ExtUtils-MakeMaker-7.44/share/man/man3/ExtUtils::Command.3
Installing /nix/store/cd5wr7xl7fakf2s5vyd9jcs4jz74h7di-perl5.32.0-ExtUtils-MakeMaker-7.44/share/man/man3/ExtUtils::MM_Cygwin.3
Installing /nix/store/cd5wr7xl7fakf2s5vyd9jcs4jz74h7di-perl5.32.0-ExtUtils-MakeMaker-7.44/share/man/man3/ExtUtils::MakeMaker.3
Installing /nix/store/cd5wr7xl7fakf2s5vyd9jcs4jz74h7di-perl5.32.0-ExtUtils-MakeMaker-7.44/share/man/man3/ExtUtils::testlib.3
Installing /nix/store/cd5wr7xl7fakf2s5vyd9jcs4jz74h7di-perl5.32.0-ExtUtils-MakeMaker-7.44/share/man/man3/ExtUtils::MM_QNX.3
Installing /nix/store/cd5wr7xl7fakf2s5vyd9jcs4jz74h7di-perl5.32.0-ExtUtils-MakeMaker-7.44/share/man/man3/ExtUtils::MM.3
Installing /nix/store/cd5wr7xl7fakf2s5vyd9jcs4jz74h7di-perl5.32.0-ExtUtils-MakeMaker-7.44/share/man/man3/ExtUtils::Mksymlists.3
Installing /nix/store/cd5wr7xl7fakf2s5vyd9jcs4jz74h7di-perl5.32.0-ExtUtils-MakeMaker-7.44/share/man/man3/ExtUtils::MM_NW5.3
Installing /nix/store/cd5wr7xl7fakf2s5vyd9jcs4jz74h7di-perl5.32.0-ExtUtils-MakeMaker-7.44/share/man/man3/ExtUtils::MM_UWIN.3
Installing /nix/store/cd5wr7xl7fakf2s5vyd9jcs4jz74h7di-perl5.32.0-ExtUtils-MakeMaker-7.44/share/man/man3/ExtUtils::MakeMaker::Config.3
Installing /nix/store/cd5wr7xl7fakf2s5vyd9jcs4jz74h7di-perl5.32.0-ExtUtils-MakeMaker-7.44/share/man/man3/ExtUtils::MM_DOS.3
Installing /nix/store/cd5wr7xl7fakf2s5vyd9jcs4jz74h7di-perl5.32.0-ExtUtils-MakeMaker-7.44/share/man/man3/ExtUtils::MM_BeOS.3
Installing /nix/store/cd5wr7xl7fakf2s5vyd9jcs4jz74h7di-perl5.32.0-ExtUtils-MakeMaker-7.44/share/man/man3/ExtUtils::MM_Darwin.3
Installing /nix/store/cd5wr7xl7fakf2s5vyd9jcs4jz74h7di-perl5.32.0-ExtUtils-MakeMaker-7.44/share/man/man3/ExtUtils::Mkbootstrap.3
Installing /nix/store/cd5wr7xl7fakf2s5vyd9jcs4jz74h7di-perl5.32.0-ExtUtils-MakeMaker-7.44/share/man/man3/ExtUtils::MM_Win95.3
Installing /nix/store/cd5wr7xl7fakf2s5vyd9jcs4jz74h7di-perl5.32.0-ExtUtils-MakeMaker-7.44/share/man/man3/ExtUtils::MM_MacOS.3
Installing /nix/store/cd5wr7xl7fakf2s5vyd9jcs4jz74h7di-perl5.32.0-ExtUtils-MakeMaker-7.44/share/man/man3/ExtUtils::MM_VOS.3
Installing /nix/store/cd5wr7xl7fakf2s5vyd9jcs4jz74h7di-perl5.32.0-ExtUtils-MakeMaker-7.44/share/man/man3/ExtUtils::MM_Any.3
Installing /nix/store/cd5wr7xl7fakf2s5vyd9jcs4jz74h7di-perl5.32.0-ExtUtils-MakeMaker-7.44/share/man/man3/ExtUtils::MakeMaker::Locale.3
Installing /nix/store/cd5wr7xl7fakf2s5vyd9jcs4jz74h7di-perl5.32.0-ExtUtils-MakeMaker-7.44/share/man/man3/ExtUtils::Liblist.3
Installing /nix/store/cd5wr7xl7fakf2s5vyd9jcs4jz74h7di-perl5.32.0-ExtUtils-MakeMaker-7.44/share/man/man3/ExtUtils::MM_Unix.3
Installing /nix/store/cd5wr7xl7fakf2s5vyd9jcs4jz74h7di-perl5.32.0-ExtUtils-MakeMaker-7.44/share/man/man3/ExtUtils::MY.3
Installing /nix/store/cd5wr7xl7fakf2s5vyd9jcs4jz74h7di-perl5.32.0-ExtUtils-MakeMaker-7.44/share/man/man3/ExtUtils::MM_AIX.3
Installing /nix/store/cd5wr7xl7fakf2s5vyd9jcs4jz74h7di-perl5.32.0-ExtUtils-MakeMaker-7.44/share/man/man3/ExtUtils::MM_Win32.3
Installing /nix/store/cd5wr7xl7fakf2s5vyd9jcs4jz74h7di-perl5.32.0-ExtUtils-MakeMaker-7.44/share/man/man3/ExtUtils::MakeMaker::FAQ.3
Installing /nix/store/cd5wr7xl7fakf2s5vyd9jcs4jz74h7di-perl5.32.0-ExtUtils-MakeMaker-7.44/share/man/man3/ExtUtils::MM_VMS.3
Installing /nix/store/cd5wr7xl7fakf2s5vyd9jcs4jz74h7di-perl5.32.0-ExtUtils-MakeMaker-7.44/share/man/man3/ExtUtils::MakeMaker::Tutorial.3
Installing /nix/store/cd5wr7xl7fakf2s5vyd9jcs4jz74h7di-perl5.32.0-ExtUtils-MakeMaker-7.44/bin/instmodsh
Appending installation info to /nix/store/cd5wr7xl7fakf2s5vyd9jcs4jz74h7di-perl5.32.0-ExtUtils-MakeMaker-7.44/lib/perl5/5.32.0/x86_64-linux-thread-multi/perllocal.pod
post-installation fixup
Moving /nix/store/cd5wr7xl7fakf2s5vyd9jcs4jz74h7di-perl5.32.0-ExtUtils-MakeMaker-7.44/share/man/man3 to /nix/store/21xikssmqzppkyr7vpj4z1i922a749cf-perl5.32.0-ExtUtils-MakeMaker-7.44-devdoc/share/man/man3
rmdir: failed to remove '/nix/store/cd5wr7xl7fakf2s5vyd9jcs4jz74h7di-perl5.32.0-ExtUtils-MakeMaker-7.44/share/man': Directory not empty
shrinking RPATHs of ELF executables and libraries in /nix/store/cd5wr7xl7fakf2s5vyd9jcs4jz74h7di-perl5.32.0-ExtUtils-MakeMaker-7.44
gzipping man pages under /nix/store/cd5wr7xl7fakf2s5vyd9jcs4jz74h7di-perl5.32.0-ExtUtils-MakeMaker-7.44/share/man/
strip is /nix/store/psyzbhp4p088sb9qcs378hfbslcalasl-binutils-2.31.1/bin/strip
stripping (with command strip and flags -S) in /nix/store/cd5wr7xl7fakf2s5vyd9jcs4jz74h7di-perl5.32.0-ExtUtils-MakeMaker-7.44/lib  /nix/store/cd5wr7xl7fakf2s5vyd9jcs4jz74h7di-perl5.32.0-ExtUtils-MakeMaker-7.44/bin
patching script interpreter paths in /nix/store/cd5wr7xl7fakf2s5vyd9jcs4jz74h7di-perl5.32.0-ExtUtils-MakeMaker-7.44
checking for references to /build/ in /nix/store/cd5wr7xl7fakf2s5vyd9jcs4jz74h7di-perl5.32.0-ExtUtils-MakeMaker-7.44...
shrinking RPATHs of ELF executables and libraries in /nix/store/21xikssmqzppkyr7vpj4z1i922a749cf-perl5.32.0-ExtUtils-MakeMaker-7.44-devdoc
gzipping man pages under /nix/store/21xikssmqzppkyr7vpj4z1i922a749cf-perl5.32.0-ExtUtils-MakeMaker-7.44-devdoc/share/man/
strip is /nix/store/psyzbhp4p088sb9qcs378hfbslcalasl-binutils-2.31.1/bin/strip
patching script interpreter paths in /nix/store/21xikssmqzppkyr7vpj4z1i922a749cf-perl5.32.0-ExtUtils-MakeMaker-7.44-devdoc
checking for references to /build/ in /nix/store/21xikssmqzppkyr7vpj4z1i922a749cf-perl5.32.0-ExtUtils-MakeMaker-7.44-devdoc...
/nix/store/cd5wr7xl7fakf2s5vyd9jcs4jz74h7di-perl5.32.0-ExtUtils-MakeMaker-7.44
