these derivations will be built:
  /nix/store/7zv7140y718w1kyj0wsirc7f1amyrkbm-perl5.32.0-File-KeePass-2.03.drv
these paths will be fetched (0.04 MiB download, 0.04 MiB unpacked):
  /nix/store/42yxqh1n8afw6jxyk1akr8b4c1nk0zff-File-KeePass-2.03.tar.gz
copying path '/nix/store/42yxqh1n8afw6jxyk1akr8b4c1nk0zff-File-KeePass-2.03.tar.gz' from 'https://cache.nixos.org'...
building '/nix/store/7zv7140y718w1kyj0wsirc7f1amyrkbm-perl5.32.0-File-KeePass-2.03.drv'...
unpacking sources
unpacking source archive /nix/store/42yxqh1n8afw6jxyk1akr8b4c1nk0zff-File-KeePass-2.03.tar.gz
source root is File-KeePass-2.03
setting SOURCE_DATE_EPOCH to timestamp 1347747552 of file File-KeePass-2.03/META.yml
patching sources
configuring
patching ./t/00_base.t...
patching ./t/05_convert.t...
patching ./t/01_kdbx.t...
Checking if your kit is complete...
Looks good
Generating a Unix-style Makefile
Writing Makefile for File::KeePass
Writing MYMETA.yml and MYMETA.json
no configure script, doing nothing
building
build flags: SHELL=/nix/store/9fqwwd4iybmhjqyxiaxycknslw6bgwh1-bash-4.4-p23/bin/bash
cp lib/File/KeePass.pm blib/lib/File/KeePass.pm
Manifying 1 pod document
running tests
check flags: SHELL=/nix/store/9fqwwd4iybmhjqyxiaxycknslw6bgwh1-bash-4.4-p23/bin/bash VERBOSE=y test
PERL_DL_NONLAZY=1 "/nix/store/7c044di03qa7qgr5kjjc2d787aspzp0m-perl-5.32.0/bin/perl" "-MExtUtils::Command::MM" "-MTest::Harness" "-e" "undef *Test::Harness::Switches; test_harness(0, 'blib/lib', 'blib/arch')" t/*.t
t/00_base.t ..... ok
t/01_kdbx.t ..... # Failed to load library: Can't locate XML/Parser.pm in @INC (you may need to install the XML::Parser module) (@INC contains: /nix/store/kbdhvp8q5nqd7kbv3vnih5m3qh6jqjyi-perl5.32.0-File-KeePass-2.03/lib/perl5/site_perl /nix/store/hj7vpzhl5j5n9pb991vmjhy6vn53lmf6-perl5.32.0-Crypt-Rijndael-1.14/lib/perl5/site_perl/5.32.0/x86_64-linux-thread-multi /nix/store/hj7vpzhl5j5n9pb991vmjhy6vn53lmf6-perl5.32.0-Crypt-Rijndael-1.14/lib/perl5/site_perl/5.32.0 /nix/store/hj7vpzhl5j5n9pb991vmjhy6vn53lmf6-perl5.32.0-Crypt-Rijndael-1.14/lib/perl5/site_perl /nix/store/7c044di03qa7qgr5kjjc2d787aspzp0m-perl-5.32.0/lib/perl5/site_perl/5.32.0/x86_64-linux-thread-multi /nix/store/7c044di03qa7qgr5kjjc2d787aspzp0m-perl-5.32.0/lib/perl5/site_perl/5.32.0 /nix/store/7c044di03qa7qgr5kjjc2d787aspzp0m-perl-5.32.0/lib/perl5/site_perl /nix/store/hj7vpzhl5j5n9pb991vmjhy6vn53lmf6-perl5.32.0-Crypt-Rijndael-1.14/lib/perl5/site_perl/5.32.0/x86_64-linux-thread-multi /nix/store/hj7vpzhl5j5n9pb991vmjhy6vn53lmf6-perl5.32.0-Crypt-Rijndael-1.14/lib/perl5/site_perl/5.32.0 /nix/store/hj7vpzhl5j5n9pb991vmjhy6vn53lmf6-perl5.32.0-Crypt-Rijndael-1.14/lib/perl5/site_perl /nix/store/7c044di03qa7qgr5kjjc2d787aspzp0m-perl-5.32.0/lib/perl5/site_perl/5.32.0/x86_64-linux-thread-multi /nix/store/7c044di03qa7qgr5kjjc2d787aspzp0m-perl-5.32.0/lib/perl5/site_perl/5.32.0 /nix/store/7c044di03qa7qgr5kjjc2d787aspzp0m-perl-5.32.0/lib/perl5/site_perl /nix/store/hj7vpzhl5j5n9pb991vmjhy6vn53lmf6-perl5.32.0-Crypt-Rijndael-1.14/lib/perl5/site_perl/5.32.0/x86_64-linux-thread-multi /nix/store/hj7vpzhl5j5n9pb991vmjhy6vn53lmf6-perl5.32.0-Crypt-Rijndael-1.14/lib/perl5/site_perl/5.32.0 /nix/store/hj7vpzhl5j5n9pb991vmjhy6vn53lmf6-perl5.32.0-Crypt-Rijndael-1.14/lib/perl5/site_perl /nix/store/7c044di03qa7qgr5kjjc2d787aspzp0m-perl-5.32.0/lib/perl5/site_perl/5.32.0/x86_64-linux-thread-multi /nix/store/7c044di03qa7qgr5kjjc2d787aspzp0m-perl-5.32.0/lib/perl5/site_perl/5.32.0 /nix/store/7c044di03qa7qgr5kjjc2d787aspzp0m-perl-5.32.0/lib/perl5/site_perl /nix/store/hj7vpzhl5j5n9pb991vmjhy6vn53lmf6-perl5.32.0-Crypt-Rijndael-1.14/lib/perl5/site_perl/5.32.0/x86_64-linux-thread-multi /nix/store/hj7vpzhl5j5n9pb991vmjhy6vn53lmf6-perl5.32.0-Crypt-Rijndael-1.14/lib/perl5/site_perl/5.32.0 /nix/store/hj7vpzhl5j5n9pb991vmjhy6vn53lmf6-perl5.32.0-Crypt-Rijndael-1.14/lib/perl5/site_perl /nix/store/7c044di03qa7qgr5kjjc2d787aspzp0m-perl-5.32.0/lib/perl5/site_perl/5.32.0/x86_64-linux-thread-multi /nix/store/7c044di03qa7qgr5kjjc2d787aspzp0m-perl-5.32.0/lib/perl5/site_perl/5.32.0 /nix/store/7c044di03qa7qgr5kjjc2d787aspzp0m-perl-5.32.0/lib/perl5/site_perl /nix/store/hj7vpzhl5j5n9pb991vmjhy6vn53lmf6-perl5.32.0-Crypt-Rijndael-1.14/lib/perl5/site_perl/5.32.0/x86_64-linux-thread-multi /nix/store/hj7vpzhl5j5n9pb991vmjhy6vn53lmf6-perl5.32.0-Crypt-Rijndael-1.14/lib/perl5/site_perl/5.32.0 /nix/store/hj7vpzhl5j5n9pb991vmjhy6vn53lmf6-perl5.32.0-Crypt-Rijndael-1.14/lib/perl5/site_perl /nix/store/7c044di03qa7qgr5kjjc2d787aspzp0m-perl-5.32.0/lib/perl5/site_perl/5.32.0/x86_64-linux-thread-multi /nix/store/7c044di03qa7qgr5kjjc2d787aspzp0m-perl-5.32.0/lib/perl5/site_perl/5.32.0 /nix/store/7c044di03qa7qgr5kjjc2d787aspzp0m-perl-5.32.0/lib/perl5/site_perl /build/File-KeePass-2.03/blib/lib /build/File-KeePass-2.03/blib/arch /nix/store/7c044di03qa7qgr5kjjc2d787aspzp0m-perl-5.32.0/lib/perl5/site_perl/5.32.0/x86_64-linux-thread-multi /nix/store/7c044di03qa7qgr5kjjc2d787aspzp0m-perl-5.32.0/lib/perl5/site_perl/5.32.0 /nix/store/7c044di03qa7qgr5kjjc2d787aspzp0m-perl-5.32.0/lib/perl5/site_perl /nix/store/hj7vpzhl5j5n9pb991vmjhy6vn53lmf6-perl5.32.0-Crypt-Rijndael-1.14/lib/perl5/site_perl/5.32.0/x86_64-linux-thread-multi /nix/store/hj7vpzhl5j5n9pb991vmjhy6vn53lmf6-perl5.32.0-Crypt-Rijndael-1.14/lib/perl5/site_perl/5.32.0/x86_64-linux-thread-multi /nix/store/hj7vpzhl5j5n9pb991vmjhy6vn53lmf6-perl5.32.0-Crypt-Rijndael-1.14/lib/perl5/site_perl/5.32.0 /nix/store/hj7vpzhl5j5n9pb991vmjhy6vn53lmf6-perl5.32.0-Crypt-Rijndael-1.14/lib/perl5/site_perl/5.32.0/x86_64-linux-thread-multi /nix/store/hj7vpzhl5j5n9pb991vmjhy6vn53lmf6-perl5.32.0-Crypt-Rijndael-1.14/lib/perl5/site_perl/5.32.0 /nix/store/hj7vpzhl5j5n9pb991vmjhy6vn53lmf6-perl5.32.0-Crypt-Rijndael-1.14/lib/perl5/site_perl /nix/store/kbdhvp8q5nqd7kbv3vnih5m3qh6jqjyi-perl5.32.0-File-KeePass-2.03/lib/perl5/site_perl /nix/store/7c044di03qa7qgr5kjjc2d787aspzp0m-perl-5.32.0/lib/perl5/site_perl/5.32.0/x86_64-linux-thread-multi /nix/store/7c044di03qa7qgr5kjjc2d787aspzp0m-perl-5.32.0/lib/perl5/site_perl/5.32.0 /nix/store/7c044di03qa7qgr5kjjc2d787aspzp0m-perl-5.32.0/lib/perl5/site_perl /nix/store/hj7vpzhl5j5n9pb991vmjhy6vn53lmf6-perl5.32.0-Crypt-Rijndael-1.14/lib/perl5/site_perl/5.32.0/x86_64-linux-thread-multi /nix/store/hj7vpzhl5j5n9pb991vmjhy6vn53lmf6-perl5.32.0-Crypt-Rijndael-1.14/lib/perl5/site_perl/5.32.0 /nix/store/hj7vpzhl5j5n9pb991vmjhy6vn53lmf6-perl5.32.0-Crypt-Rijndael-1.14/lib/perl5/site_perl /nix/store/7c044di03qa7qgr5kjjc2d787aspzp0m-perl-5.32.0/lib/perl5/site_perl/5.32.0/x86_64-linux-thread-multi /nix/store/7c044di03qa7qgr5kjjc2d787aspzp0m-perl-5.32.0/lib/perl5/site_perl/5.32.0 /nix/store/7c044di03qa7qgr5kjjc2d787aspzp0m-perl-5.32.0/lib/perl5/site_perl /nix/store/hj7vpzhl5j5n9pb991vmjhy6vn53lmf6-perl5.32.0-Crypt-Rijndael-1.14/lib/perl5/site_perl/5.32.0/x86_64-linux-thread-multi /nix/store/hj7vpzhl5j5n9pb991vmjhy6vn53lmf6-perl5.32.0-Crypt-Rijndael-1.14/lib/perl5/site_perl/5.32.0 /nix/store/hj7vpzhl5j5n9pb991vmjhy6vn53lmf6-perl5.32.0-Crypt-Rijndael-1.14/lib/perl5/site_perl /nix/store/7c044di03qa7qgr5kjjc2d787aspzp0m-perl-5.32.0/lib/perl5/site_perl/5.32.0/x86_64-linux-thread-multi /nix/store/7c044di03qa7qgr5kjjc2d787aspzp0m-perl-5.32.0/lib/perl5/site_perl/5.32.0 /nix/store/7c044di03qa7qgr5kjjc2d787aspzp0m-perl-5.32.0/lib/perl5/site_perl /nix/store/hj7vpzhl5j5n9pb991vmjhy6vn53lmf6-perl5.32.0-Crypt-Rijndael-1.14/lib/perl5/site_perl/5.32.0/x86_64-linux-thread-multi /nix/store/hj7vpzhl5j5n9pb991vmjhy6vn53lmf6-perl5.32.0-Crypt-Rijndael-1.14/lib/perl5/site_perl/5.32.0 /nix/store/hj7vpzhl5j5n9pb991vmjhy6vn53lmf6-perl5.32.0-Crypt-Rijndael-1.14/lib/perl5/site_perl /nix/store/7c044di03qa7qgr5kjjc2d787aspzp0m-perl-5.32.0/lib/perl5/site_perl/5.32.0/x86_64-linux-thread-multi /nix/store/7c044di03qa7qgr5kjjc2d787aspzp0m-perl-5.32.0/lib/perl5/site_perl/5.32.0 /nix/store/7c044di03qa7qgr5kjjc2d787aspzp0m-perl-5.32.0/lib/perl5/site_perl /nix/store/hj7vpzhl5j5n9pb991vmjhy6vn53lmf6-perl5.32.0-Crypt-Rijndael-1.14/lib/perl5/site_perl/5.32.0/x86_64-linux-thread-multi /nix/store/hj7vpzhl5j5n9pb991vmjhy6vn53lmf6-perl5.32.0-Crypt-Rijndael-1.14/lib/perl5/site_perl/5.32.0 /nix/store/hj7vpzhl5j5n9pb991vmjhy6vn53lmf6-perl5.32.0-Crypt-Rijndael-1.14/lib/perl5/site_perl /nix/store/7c044di03qa7qgr5kjjc2d787aspzp0m-perl-5.32.0/lib/perl5/site_perl/5.32.0/x86_64-linux-thread-multi /nix/store/7c044di03qa7qgr5kjjc2d787aspzp0m-perl-5.32.0/lib/perl5/site_perl/5.32.0 /nix/store/7c044di03qa7qgr5kjjc2d787aspzp0m-perl-5.32.0/lib/perl5/site_perl /nix/store/hj7vpzhl5j5n9pb991vmjhy6vn53lmf6-perl5.32.0-Crypt-Rijndael-1.14/lib/perl5/site_perl/5.32.0/x86_64-linux-thread-multi /nix/store/hj7vpzhl5j5n9pb991vmjhy6vn53lmf6-perl5.32.0-Crypt-Rijndael-1.14/lib/perl5/site_perl/5.32.0 /nix/store/hj7vpzhl5j5n9pb991vmjhy6vn53lmf6-perl5.32.0-Crypt-Rijndael-1.14/lib/perl5/site_perl /nix/store/kbdhvp8q5nqd7kbv3vnih5m3qh6jqjyi-perl5.32.0-File-KeePass-2.03/lib/perl5/site_perl /nix/store/7c044di03qa7qgr5kjjc2d787aspzp0m-perl-5.32.0/lib/perl5/site_perl/5.32.0/x86_64-linux-thread-multi /nix/store/7c044di03qa7qgr5kjjc2d787aspzp0m-perl-5.32.0/lib/perl5/site_perl/5.32.0 /nix/store/7c044di03qa7qgr5kjjc2d787aspzp0m-perl-5.32.0/lib/perl5/5.32.0/x86_64-linux-thread-multi /nix/store/7c044di03qa7qgr5kjjc2d787aspzp0m-perl-5.32.0/lib/perl5/5.32.0 .) at t/01_kdbx.t line 15.
t/01_kdbx.t ..... ok
t/05_convert.t .. # Failed to load library: Can't locate XML/Parser.pm in @INC (you may need to install the XML::Parser module) (@INC contains: /nix/store/kbdhvp8q5nqd7kbv3vnih5m3qh6jqjyi-perl5.32.0-File-KeePass-2.03/lib/perl5/site_perl /nix/store/hj7vpzhl5j5n9pb991vmjhy6vn53lmf6-perl5.32.0-Crypt-Rijndael-1.14/lib/perl5/site_perl/5.32.0/x86_64-linux-thread-multi /nix/store/hj7vpzhl5j5n9pb991vmjhy6vn53lmf6-perl5.32.0-Crypt-Rijndael-1.14/lib/perl5/site_perl/5.32.0 /nix/store/hj7vpzhl5j5n9pb991vmjhy6vn53lmf6-perl5.32.0-Crypt-Rijndael-1.14/lib/perl5/site_perl /nix/store/7c044di03qa7qgr5kjjc2d787aspzp0m-perl-5.32.0/lib/perl5/site_perl/5.32.0/x86_64-linux-thread-multi /nix/store/7c044di03qa7qgr5kjjc2d787aspzp0m-perl-5.32.0/lib/perl5/site_perl/5.32.0 /nix/store/7c044di03qa7qgr5kjjc2d787aspzp0m-perl-5.32.0/lib/perl5/site_perl /nix/store/hj7vpzhl5j5n9pb991vmjhy6vn53lmf6-perl5.32.0-Crypt-Rijndael-1.14/lib/perl5/site_perl/5.32.0/x86_64-linux-thread-multi /nix/store/hj7vpzhl5j5n9pb991vmjhy6vn53lmf6-perl5.32.0-Crypt-Rijndael-1.14/lib/perl5/site_perl/5.32.0 /nix/store/hj7vpzhl5j5n9pb991vmjhy6vn53lmf6-perl5.32.0-Crypt-Rijndael-1.14/lib/perl5/site_perl /nix/store/7c044di03qa7qgr5kjjc2d787aspzp0m-perl-5.32.0/lib/perl5/site_perl/5.32.0/x86_64-linux-thread-multi /nix/store/7c044di03qa7qgr5kjjc2d787aspzp0m-perl-5.32.0/lib/perl5/site_perl/5.32.0 /nix/store/7c044di03qa7qgr5kjjc2d787aspzp0m-perl-5.32.0/lib/perl5/site_perl /nix/store/hj7vpzhl5j5n9pb991vmjhy6vn53lmf6-perl5.32.0-Crypt-Rijndael-1.14/lib/perl5/site_perl/5.32.0/x86_64-linux-thread-multi /nix/store/hj7vpzhl5j5n9pb991vmjhy6vn53lmf6-perl5.32.0-Crypt-Rijndael-1.14/lib/perl5/site_perl/5.32.0 /nix/store/hj7vpzhl5j5n9pb991vmjhy6vn53lmf6-perl5.32.0-Crypt-Rijndael-1.14/lib/perl5/site_perl /nix/store/7c044di03qa7qgr5kjjc2d787aspzp0m-perl-5.32.0/lib/perl5/site_perl/5.32.0/x86_64-linux-thread-multi /nix/store/7c044di03qa7qgr5kjjc2d787aspzp0m-perl-5.32.0/lib/perl5/site_perl/5.32.0 /nix/store/7c044di03qa7qgr5kjjc2d787aspzp0m-perl-5.32.0/lib/perl5/site_perl /nix/store/hj7vpzhl5j5n9pb991vmjhy6vn53lmf6-perl5.32.0-Crypt-Rijndael-1.14/lib/perl5/site_perl/5.32.0/x86_64-linux-thread-multi /nix/store/hj7vpzhl5j5n9pb991vmjhy6vn53lmf6-perl5.32.0-Crypt-Rijndael-1.14/lib/perl5/site_perl/5.32.0 /nix/store/hj7vpzhl5j5n9pb991vmjhy6vn53lmf6-perl5.32.0-Crypt-Rijndael-1.14/lib/perl5/site_perl /nix/store/7c044di03qa7qgr5kjjc2d787aspzp0m-perl-5.32.0/lib/perl5/site_perl/5.32.0/x86_64-linux-thread-multi /nix/store/7c044di03qa7qgr5kjjc2d787aspzp0m-perl-5.32.0/lib/perl5/site_perl/5.32.0 /nix/store/7c044di03qa7qgr5kjjc2d787aspzp0m-perl-5.32.0/lib/perl5/site_perl /nix/store/hj7vpzhl5j5n9pb991vmjhy6vn53lmf6-perl5.32.0-Crypt-Rijndael-1.14/lib/perl5/site_perl/5.32.0/x86_64-linux-thread-multi /nix/store/hj7vpzhl5j5n9pb991vmjhy6vn53lmf6-perl5.32.0-Crypt-Rijndael-1.14/lib/perl5/site_perl/5.32.0 /nix/store/hj7vpzhl5j5n9pb991vmjhy6vn53lmf6-perl5.32.0-Crypt-Rijndael-1.14/lib/perl5/site_perl /nix/store/7c044di03qa7qgr5kjjc2d787aspzp0m-perl-5.32.0/lib/perl5/site_perl/5.32.0/x86_64-linux-thread-multi /nix/store/7c044di03qa7qgr5kjjc2d787aspzp0m-perl-5.32.0/lib/perl5/site_perl/5.32.0 /nix/store/7c044di03qa7qgr5kjjc2d787aspzp0m-perl-5.32.0/lib/perl5/site_perl /build/File-KeePass-2.03/blib/lib /build/File-KeePass-2.03/blib/arch /nix/store/7c044di03qa7qgr5kjjc2d787aspzp0m-perl-5.32.0/lib/perl5/site_perl/5.32.0/x86_64-linux-thread-multi /nix/store/7c044di03qa7qgr5kjjc2d787aspzp0m-perl-5.32.0/lib/perl5/site_perl/5.32.0 /nix/store/7c044di03qa7qgr5kjjc2d787aspzp0m-perl-5.32.0/lib/perl5/site_perl /nix/store/hj7vpzhl5j5n9pb991vmjhy6vn53lmf6-perl5.32.0-Crypt-Rijndael-1.14/lib/perl5/site_perl/5.32.0/x86_64-linux-thread-multi /nix/store/hj7vpzhl5j5n9pb991vmjhy6vn53lmf6-perl5.32.0-Crypt-Rijndael-1.14/lib/perl5/site_perl/5.32.0/x86_64-linux-thread-multi /nix/store/hj7vpzhl5j5n9pb991vmjhy6vn53lmf6-perl5.32.0-Crypt-Rijndael-1.14/lib/perl5/site_perl/5.32.0 /nix/store/hj7vpzhl5j5n9pb991vmjhy6vn53lmf6-perl5.32.0-Crypt-Rijndael-1.14/lib/perl5/site_perl/5.32.0/x86_64-linux-thread-multi /nix/store/hj7vpzhl5j5n9pb991vmjhy6vn53lmf6-perl5.32.0-Crypt-Rijndael-1.14/lib/perl5/site_perl/5.32.0 /nix/store/hj7vpzhl5j5n9pb991vmjhy6vn53lmf6-perl5.32.0-Crypt-Rijndael-1.14/lib/perl5/site_perl /nix/store/kbdhvp8q5nqd7kbv3vnih5m3qh6jqjyi-perl5.32.0-File-KeePass-2.03/lib/perl5/site_perl /nix/store/7c044di03qa7qgr5kjjc2d787aspzp0m-perl-5.32.0/lib/perl5/site_perl/5.32.0/x86_64-linux-thread-multi /nix/store/7c044di03qa7qgr5kjjc2d787aspzp0m-perl-5.32.0/lib/perl5/site_perl/5.32.0 /nix/store/7c044di03qa7qgr5kjjc2d787aspzp0m-perl-5.32.0/lib/perl5/site_perl /nix/store/hj7vpzhl5j5n9pb991vmjhy6vn53lmf6-perl5.32.0-Crypt-Rijndael-1.14/lib/perl5/site_perl/5.32.0/x86_64-linux-thread-multi /nix/store/hj7vpzhl5j5n9pb991vmjhy6vn53lmf6-perl5.32.0-Crypt-Rijndael-1.14/lib/perl5/site_perl/5.32.0 /nix/store/hj7vpzhl5j5n9pb991vmjhy6vn53lmf6-perl5.32.0-Crypt-Rijndael-1.14/lib/perl5/site_perl /nix/store/7c044di03qa7qgr5kjjc2d787aspzp0m-perl-5.32.0/lib/perl5/site_perl/5.32.0/x86_64-linux-thread-multi /nix/store/7c044di03qa7qgr5kjjc2d787aspzp0m-perl-5.32.0/lib/perl5/site_perl/5.32.0 /nix/store/7c044di03qa7qgr5kjjc2d787aspzp0m-perl-5.32.0/lib/perl5/site_perl /nix/store/hj7vpzhl5j5n9pb991vmjhy6vn53lmf6-perl5.32.0-Crypt-Rijndael-1.14/lib/perl5/site_perl/5.32.0/x86_64-linux-thread-multi /nix/store/hj7vpzhl5j5n9pb991vmjhy6vn53lmf6-perl5.32.0-Crypt-Rijndael-1.14/lib/perl5/site_perl/5.32.0 /nix/store/hj7vpzhl5j5n9pb991vmjhy6vn53lmf6-perl5.32.0-Crypt-Rijndael-1.14/lib/perl5/site_perl /nix/store/7c044di03qa7qgr5kjjc2d787aspzp0m-perl-5.32.0/lib/perl5/site_perl/5.32.0/x86_64-linux-thread-multi /nix/store/7c044di03qa7qgr5kjjc2d787aspzp0m-perl-5.32.0/lib/perl5/site_perl/5.32.0 /nix/store/7c044di03qa7qgr5kjjc2d787aspzp0m-perl-5.32.0/lib/perl5/site_perl /nix/store/hj7vpzhl5j5n9pb991vmjhy6vn53lmf6-perl5.32.0-Crypt-Rijndael-1.14/lib/perl5/site_perl/5.32.0/x86_64-linux-thread-multi /nix/store/hj7vpzhl5j5n9pb991vmjhy6vn53lmf6-perl5.32.0-Crypt-Rijndael-1.14/lib/perl5/site_perl/5.32.0 /nix/store/hj7vpzhl5j5n9pb991vmjhy6vn53lmf6-perl5.32.0-Crypt-Rijndael-1.14/lib/perl5/site_perl /nix/store/7c044di03qa7qgr5kjjc2d787aspzp0m-perl-5.32.0/lib/perl5/site_perl/5.32.0/x86_64-linux-thread-multi /nix/store/7c044di03qa7qgr5kjjc2d787aspzp0m-perl-5.32.0/lib/perl5/site_perl/5.32.0 /nix/store/7c044di03qa7qgr5kjjc2d787aspzp0m-perl-5.32.0/lib/perl5/site_perl /nix/store/hj7vpzhl5j5n9pb991vmjhy6vn53lmf6-perl5.32.0-Crypt-Rijndael-1.14/lib/perl5/site_perl/5.32.0/x86_64-linux-thread-multi /nix/store/hj7vpzhl5j5n9pb991vmjhy6vn53lmf6-perl5.32.0-Crypt-Rijndael-1.14/lib/perl5/site_perl/5.32.0 /nix/store/hj7vpzhl5j5n9pb991vmjhy6vn53lmf6-perl5.32.0-Crypt-Rijndael-1.14/lib/perl5/site_perl /nix/store/7c044di03qa7qgr5kjjc2d787aspzp0m-perl-5.32.0/lib/perl5/site_perl/5.32.0/x86_64-linux-thread-multi /nix/store/7c044di03qa7qgr5kjjc2d787aspzp0m-perl-5.32.0/lib/perl5/site_perl/5.32.0 /nix/store/7c044di03qa7qgr5kjjc2d787aspzp0m-perl-5.32.0/lib/perl5/site_perl /nix/store/hj7vpzhl5j5n9pb991vmjhy6vn53lmf6-perl5.32.0-Crypt-Rijndael-1.14/lib/perl5/site_perl/5.32.0/x86_64-linux-thread-multi /nix/store/hj7vpzhl5j5n9pb991vmjhy6vn53lmf6-perl5.32.0-Crypt-Rijndael-1.14/lib/perl5/site_perl/5.32.0 /nix/store/hj7vpzhl5j5n9pb991vmjhy6vn53lmf6-perl5.32.0-Crypt-Rijndael-1.14/lib/perl5/site_perl /nix/store/kbdhvp8q5nqd7kbv3vnih5m3qh6jqjyi-perl5.32.0-File-KeePass-2.03/lib/perl5/site_perl /nix/store/7c044di03qa7qgr5kjjc2d787aspzp0m-perl-5.32.0/lib/perl5/site_perl/5.32.0/x86_64-linux-thread-multi /nix/store/7c044di03qa7qgr5kjjc2d787aspzp0m-perl-5.32.0/lib/perl5/site_perl/5.32.0 /nix/store/7c044di03qa7qgr5kjjc2d787aspzp0m-perl-5.32.0/lib/perl5/5.32.0/x86_64-linux-thread-multi /nix/store/7c044di03qa7qgr5kjjc2d787aspzp0m-perl-5.32.0/lib/perl5/5.32.0 .) at t/05_convert.t line 15.
t/05_convert.t .. ok
All tests successful.
Files=3, Tests=179,  1 wallclock secs ( 0.04 usr  0.00 sys +  0.66 cusr  0.04 csys =  0.74 CPU)
Result: PASS
installing
install flags: SHELL=/nix/store/9fqwwd4iybmhjqyxiaxycknslw6bgwh1-bash-4.4-p23/bin/bash pkgconfigdir=/nix/store/kbdhvp8q5nqd7kbv3vnih5m3qh6jqjyi-perl5.32.0-File-KeePass-2.03/lib/pkgconfig m4datadir=/nix/store/kbdhvp8q5nqd7kbv3vnih5m3qh6jqjyi-perl5.32.0-File-KeePass-2.03/share/aclocal aclocaldir=/nix/store/kbdhvp8q5nqd7kbv3vnih5m3qh6jqjyi-perl5.32.0-File-KeePass-2.03/share/aclocal install
Manifying 1 pod document
Installing /nix/store/kbdhvp8q5nqd7kbv3vnih5m3qh6jqjyi-perl5.32.0-File-KeePass-2.03/lib/perl5/site_perl/5.32.0/File/KeePass.pm
Installing /nix/store/kbdhvp8q5nqd7kbv3vnih5m3qh6jqjyi-perl5.32.0-File-KeePass-2.03/share/man/man3/File::KeePass.3
Appending installation info to /nix/store/kbdhvp8q5nqd7kbv3vnih5m3qh6jqjyi-perl5.32.0-File-KeePass-2.03/lib/perl5/5.32.0/x86_64-linux-thread-multi/perllocal.pod
post-installation fixup
Moving /nix/store/kbdhvp8q5nqd7kbv3vnih5m3qh6jqjyi-perl5.32.0-File-KeePass-2.03/share/man/man3 to /nix/store/2wyhkl8n71slhjk4kdh4cgg0awy520lx-perl5.32.0-File-KeePass-2.03-devdoc/share/man/man3
Removing empty /nix/store/kbdhvp8q5nqd7kbv3vnih5m3qh6jqjyi-perl5.32.0-File-KeePass-2.03/share/man/ and (possibly) its parents
shrinking RPATHs of ELF executables and libraries in /nix/store/kbdhvp8q5nqd7kbv3vnih5m3qh6jqjyi-perl5.32.0-File-KeePass-2.03
strip is /nix/store/psyzbhp4p088sb9qcs378hfbslcalasl-binutils-2.31.1/bin/strip
stripping (with command strip and flags -S) in /nix/store/kbdhvp8q5nqd7kbv3vnih5m3qh6jqjyi-perl5.32.0-File-KeePass-2.03/lib
patching script interpreter paths in /nix/store/kbdhvp8q5nqd7kbv3vnih5m3qh6jqjyi-perl5.32.0-File-KeePass-2.03
checking for references to /build/ in /nix/store/kbdhvp8q5nqd7kbv3vnih5m3qh6jqjyi-perl5.32.0-File-KeePass-2.03...
shrinking RPATHs of ELF executables and libraries in /nix/store/2wyhkl8n71slhjk4kdh4cgg0awy520lx-perl5.32.0-File-KeePass-2.03-devdoc
gzipping man pages under /nix/store/2wyhkl8n71slhjk4kdh4cgg0awy520lx-perl5.32.0-File-KeePass-2.03-devdoc/share/man/
strip is /nix/store/psyzbhp4p088sb9qcs378hfbslcalasl-binutils-2.31.1/bin/strip
patching script interpreter paths in /nix/store/2wyhkl8n71slhjk4kdh4cgg0awy520lx-perl5.32.0-File-KeePass-2.03-devdoc
checking for references to /build/ in /nix/store/2wyhkl8n71slhjk4kdh4cgg0awy520lx-perl5.32.0-File-KeePass-2.03-devdoc...
/nix/store/kbdhvp8q5nqd7kbv3vnih5m3qh6jqjyi-perl5.32.0-File-KeePass-2.03
