these derivations will be built:
  /nix/store/byykdybffz3lriwn756snbqd6a0yglfs-perl5.32.0-File-CheckTree-4.42.drv
these paths will be fetched (0.01 MiB download, 0.01 MiB unpacked):
  /nix/store/wqdiyraffp43q5msy4hhardkhz1gry8r-File-CheckTree-4.42.tar.gz
copying path '/nix/store/wqdiyraffp43q5msy4hhardkhz1gry8r-File-CheckTree-4.42.tar.gz' from 'https://cache.nixos.org'...
building '/nix/store/byykdybffz3lriwn756snbqd6a0yglfs-perl5.32.0-File-CheckTree-4.42.drv'...
unpacking sources
unpacking source archive /nix/store/wqdiyraffp43q5msy4hhardkhz1gry8r-File-CheckTree-4.42.tar.gz
source root is File-CheckTree-4.42
setting SOURCE_DATE_EPOCH to timestamp 1360270313 of file File-CheckTree-4.42/t/release-pod-syntax.t
patching sources
configuring
patching ./t/release-pod-syntax.t...
patching ./t/CheckTree.t...
Checking if your kit is complete...
Looks good
Generating a Unix-style Makefile
Writing Makefile for File::CheckTree
Writing MYMETA.yml and MYMETA.json
no configure script, doing nothing
building
build flags: SHELL=/nix/store/9fqwwd4iybmhjqyxiaxycknslw6bgwh1-bash-4.4-p23/bin/bash
cp lib/File/CheckTree.pm blib/lib/File/CheckTree.pm
Manifying 1 pod document
running tests
check flags: SHELL=/nix/store/9fqwwd4iybmhjqyxiaxycknslw6bgwh1-bash-4.4-p23/bin/bash VERBOSE=y test
PERL_DL_NONLAZY=1 "/nix/store/7c044di03qa7qgr5kjjc2d787aspzp0m-perl-5.32.0/bin/perl" "-MExtUtils::Command::MM" "-MTest::Harness" "-e" "undef *Test::Harness::Switches; test_harness(0, 'blib/lib', 'blib/arch')" t/*.t
t/CheckTree.t ........... ok
t/release-eol.t ......... skipped: these tests are for release candidate testing
t/release-pod-syntax.t .. skipped: these tests are for release candidate testing
All tests successful.
Files=3, Tests=23,  1 wallclock secs ( 0.03 usr  0.00 sys +  0.15 cusr  0.03 csys =  0.21 CPU)
Result: PASS
installing
install flags: SHELL=/nix/store/9fqwwd4iybmhjqyxiaxycknslw6bgwh1-bash-4.4-p23/bin/bash pkgconfigdir=/nix/store/mm1gk6i0v0h3zrlmbg7a7xzay15q9wb6-perl5.32.0-File-CheckTree-4.42/lib/pkgconfig m4datadir=/nix/store/mm1gk6i0v0h3zrlmbg7a7xzay15q9wb6-perl5.32.0-File-CheckTree-4.42/share/aclocal aclocaldir=/nix/store/mm1gk6i0v0h3zrlmbg7a7xzay15q9wb6-perl5.32.0-File-CheckTree-4.42/share/aclocal install
Manifying 1 pod document
Installing /nix/store/mm1gk6i0v0h3zrlmbg7a7xzay15q9wb6-perl5.32.0-File-CheckTree-4.42/lib/perl5/site_perl/5.32.0/File/CheckTree.pm
Installing /nix/store/mm1gk6i0v0h3zrlmbg7a7xzay15q9wb6-perl5.32.0-File-CheckTree-4.42/share/man/man3/File::CheckTree.3
Appending installation info to /nix/store/mm1gk6i0v0h3zrlmbg7a7xzay15q9wb6-perl5.32.0-File-CheckTree-4.42/lib/perl5/5.32.0/x86_64-linux-thread-multi/perllocal.pod
post-installation fixup
Moving /nix/store/mm1gk6i0v0h3zrlmbg7a7xzay15q9wb6-perl5.32.0-File-CheckTree-4.42/share/man/man3 to /nix/store/nxjwckcz821wf14qx6wy7m8223k86d7g-perl5.32.0-File-CheckTree-4.42-devdoc/share/man/man3
Removing empty /nix/store/mm1gk6i0v0h3zrlmbg7a7xzay15q9wb6-perl5.32.0-File-CheckTree-4.42/share/man/ and (possibly) its parents
shrinking RPATHs of ELF executables and libraries in /nix/store/mm1gk6i0v0h3zrlmbg7a7xzay15q9wb6-perl5.32.0-File-CheckTree-4.42
strip is /nix/store/psyzbhp4p088sb9qcs378hfbslcalasl-binutils-2.31.1/bin/strip
stripping (with command strip and flags -S) in /nix/store/mm1gk6i0v0h3zrlmbg7a7xzay15q9wb6-perl5.32.0-File-CheckTree-4.42/lib
patching script interpreter paths in /nix/store/mm1gk6i0v0h3zrlmbg7a7xzay15q9wb6-perl5.32.0-File-CheckTree-4.42
checking for references to /build/ in /nix/store/mm1gk6i0v0h3zrlmbg7a7xzay15q9wb6-perl5.32.0-File-CheckTree-4.42...
shrinking RPATHs of ELF executables and libraries in /nix/store/nxjwckcz821wf14qx6wy7m8223k86d7g-perl5.32.0-File-CheckTree-4.42-devdoc
gzipping man pages under /nix/store/nxjwckcz821wf14qx6wy7m8223k86d7g-perl5.32.0-File-CheckTree-4.42-devdoc/share/man/
strip is /nix/store/psyzbhp4p088sb9qcs378hfbslcalasl-binutils-2.31.1/bin/strip
patching script interpreter paths in /nix/store/nxjwckcz821wf14qx6wy7m8223k86d7g-perl5.32.0-File-CheckTree-4.42-devdoc
checking for references to /build/ in /nix/store/nxjwckcz821wf14qx6wy7m8223k86d7g-perl5.32.0-File-CheckTree-4.42-devdoc...
/nix/store/mm1gk6i0v0h3zrlmbg7a7xzay15q9wb6-perl5.32.0-File-CheckTree-4.42
