these derivations will be built:
  /nix/store/k3hgdl3g1zksvwvh838m1vx5q2ig5dih-perl5.32.0-Filesys-DiskUsage-0.13.drv
these paths will be fetched (0.01 MiB download, 0.01 MiB unpacked):
  /nix/store/w6j4i1pprmi0jvrx1f9cl36lbx83j3bl-Filesys-DiskUsage-0.13.tar.gz
copying path '/nix/store/w6j4i1pprmi0jvrx1f9cl36lbx83j3bl-Filesys-DiskUsage-0.13.tar.gz' from 'https://cache.nixos.org'...
building '/nix/store/k3hgdl3g1zksvwvh838m1vx5q2ig5dih-perl5.32.0-Filesys-DiskUsage-0.13.drv'...
unpacking sources
unpacking source archive /nix/store/w6j4i1pprmi0jvrx1f9cl36lbx83j3bl-Filesys-DiskUsage-0.13.tar.gz
source root is Filesys-DiskUsage-0.13
setting SOURCE_DATE_EPOCH to timestamp 1564306054 of file Filesys-DiskUsage-0.13/META.yml
patching sources
configuring
patching ./fdu...
patching ./t/pod-coverage.t...
patching ./t/pod.t...
Checking if your kit is complete...
Looks good
Generating a Unix-style Makefile
Writing Makefile for Filesys::DiskUsage
Writing MYMETA.yml and MYMETA.json
no configure script, doing nothing
building
build flags: SHELL=/nix/store/9fqwwd4iybmhjqyxiaxycknslw6bgwh1-bash-4.4-p23/bin/bash
cp lib/Filesys/DiskUsage.pm blib/lib/Filesys/DiskUsage.pm
cp fdu blib/script/fdu
"/nix/store/7c044di03qa7qgr5kjjc2d787aspzp0m-perl-5.32.0/bin/perl" -MExtUtils::MY -e 'MY->fixin(shift)' -- blib/script/fdu
Manifying 1 pod document
Manifying 1 pod document
running tests
check flags: SHELL=/nix/store/9fqwwd4iybmhjqyxiaxycknslw6bgwh1-bash-4.4-p23/bin/bash VERBOSE=y test
PERL_DL_NONLAZY=1 "/nix/store/7c044di03qa7qgr5kjjc2d787aspzp0m-perl-5.32.0/bin/perl" "-MExtUtils::Command::MM" "-MTest::Harness" "-e" "undef *Test::Harness::Switches; test_harness(0, 'blib/lib', 'blib/arch')" t/*.t
t/00.load.t .......................... 1/1 # Testing Filesys::DiskUsage 0.13
t/00.load.t .......................... ok
t/01.basic.t ......................... ok
t/02.warnings.t ...................... 1/3 # We run this again to see what are the various error messages in different locales. There will be a warning next line:
# $ENV{LANG}:
could not open /build/pRyhqAIoA6/sub (Permission denied)
t/02.warnings.t ...................... ok
t/03.rmtree.t ........................ ok
t/71-version_numbers_are_the_same.t .. ok
t/pod-coverage.t ..................... skipped: Test::Pod::Coverage 1.04 required for testing POD coverage
t/pod.t .............................. skipped: Test::Pod 1.14 required for testing POD
All tests successful.
Files=7, Tests=27,  0 wallclock secs ( 0.03 usr  0.01 sys +  0.40 cusr  0.10 csys =  0.54 CPU)
Result: PASS
installing
install flags: SHELL=/nix/store/9fqwwd4iybmhjqyxiaxycknslw6bgwh1-bash-4.4-p23/bin/bash pkgconfigdir=/nix/store/mjzgvjcj5i7iycdcc2v0kjnp017xwslw-perl5.32.0-Filesys-DiskUsage-0.13/lib/pkgconfig m4datadir=/nix/store/mjzgvjcj5i7iycdcc2v0kjnp017xwslw-perl5.32.0-Filesys-DiskUsage-0.13/share/aclocal aclocaldir=/nix/store/mjzgvjcj5i7iycdcc2v0kjnp017xwslw-perl5.32.0-Filesys-DiskUsage-0.13/share/aclocal install
Manifying 1 pod document
Manifying 1 pod document
Installing /nix/store/mjzgvjcj5i7iycdcc2v0kjnp017xwslw-perl5.32.0-Filesys-DiskUsage-0.13/lib/perl5/site_perl/5.32.0/Filesys/DiskUsage.pm
Installing /nix/store/mjzgvjcj5i7iycdcc2v0kjnp017xwslw-perl5.32.0-Filesys-DiskUsage-0.13/share/man/man1/fdu.1
Installing /nix/store/mjzgvjcj5i7iycdcc2v0kjnp017xwslw-perl5.32.0-Filesys-DiskUsage-0.13/share/man/man3/Filesys::DiskUsage.3
Installing /nix/store/mjzgvjcj5i7iycdcc2v0kjnp017xwslw-perl5.32.0-Filesys-DiskUsage-0.13/bin/fdu
Appending installation info to /nix/store/mjzgvjcj5i7iycdcc2v0kjnp017xwslw-perl5.32.0-Filesys-DiskUsage-0.13/lib/perl5/5.32.0/x86_64-linux-thread-multi/perllocal.pod
post-installation fixup
Moving /nix/store/mjzgvjcj5i7iycdcc2v0kjnp017xwslw-perl5.32.0-Filesys-DiskUsage-0.13/share/man/man3 to /nix/store/s8cyzbk11bpi14vp9yn26ka359z1b558-perl5.32.0-Filesys-DiskUsage-0.13-devdoc/share/man/man3
rmdir: failed to remove '/nix/store/mjzgvjcj5i7iycdcc2v0kjnp017xwslw-perl5.32.0-Filesys-DiskUsage-0.13/share/man': Directory not empty
shrinking RPATHs of ELF executables and libraries in /nix/store/mjzgvjcj5i7iycdcc2v0kjnp017xwslw-perl5.32.0-Filesys-DiskUsage-0.13
gzipping man pages under /nix/store/mjzgvjcj5i7iycdcc2v0kjnp017xwslw-perl5.32.0-Filesys-DiskUsage-0.13/share/man/
strip is /nix/store/psyzbhp4p088sb9qcs378hfbslcalasl-binutils-2.31.1/bin/strip
stripping (with command strip and flags -S) in /nix/store/mjzgvjcj5i7iycdcc2v0kjnp017xwslw-perl5.32.0-Filesys-DiskUsage-0.13/lib  /nix/store/mjzgvjcj5i7iycdcc2v0kjnp017xwslw-perl5.32.0-Filesys-DiskUsage-0.13/bin
patching script interpreter paths in /nix/store/mjzgvjcj5i7iycdcc2v0kjnp017xwslw-perl5.32.0-Filesys-DiskUsage-0.13
checking for references to /build/ in /nix/store/mjzgvjcj5i7iycdcc2v0kjnp017xwslw-perl5.32.0-Filesys-DiskUsage-0.13...
shrinking RPATHs of ELF executables and libraries in /nix/store/s8cyzbk11bpi14vp9yn26ka359z1b558-perl5.32.0-Filesys-DiskUsage-0.13-devdoc
gzipping man pages under /nix/store/s8cyzbk11bpi14vp9yn26ka359z1b558-perl5.32.0-Filesys-DiskUsage-0.13-devdoc/share/man/
strip is /nix/store/psyzbhp4p088sb9qcs378hfbslcalasl-binutils-2.31.1/bin/strip
patching script interpreter paths in /nix/store/s8cyzbk11bpi14vp9yn26ka359z1b558-perl5.32.0-Filesys-DiskUsage-0.13-devdoc
checking for references to /build/ in /nix/store/s8cyzbk11bpi14vp9yn26ka359z1b558-perl5.32.0-Filesys-DiskUsage-0.13-devdoc...
/nix/store/mjzgvjcj5i7iycdcc2v0kjnp017xwslw-perl5.32.0-Filesys-DiskUsage-0.13
