these derivations will be built:
  /nix/store/ih9vgypal2fac3v3b9r6vlh84w9sf08s-perl5.32.0-Test-Compile-2.4.0.drv
  /nix/store/7aj3fgk4w6nvbyiif5rs5j66kbc4v68c-perl5.32.0-FileHandle-Unget-0.1634.drv
these paths will be fetched (0.06 MiB download, 0.06 MiB unpacked):
  /nix/store/1q1x582dsicifcg3vhzm0ki7rd4xy6zh-Test-Compile-v2.4.0.tar.gz
  /nix/store/ylc0gmflnc50v8ykhmhpzrf274dj3gws-FileHandle-Unget-0.1634.tar.gz
copying path '/nix/store/ylc0gmflnc50v8ykhmhpzrf274dj3gws-FileHandle-Unget-0.1634.tar.gz' from 'https://cache.nixos.org'...
copying path '/nix/store/1q1x582dsicifcg3vhzm0ki7rd4xy6zh-Test-Compile-v2.4.0.tar.gz' from 'https://cache.nixos.org'...
building '/nix/store/ih9vgypal2fac3v3b9r6vlh84w9sf08s-perl5.32.0-Test-Compile-2.4.0.drv'...
unpacking sources
unpacking source archive /nix/store/1q1x582dsicifcg3vhzm0ki7rd4xy6zh-Test-Compile-v2.4.0.tar.gz
source root is Test-Compile-v2.4.0
setting SOURCE_DATE_EPOCH to timestamp 1585442780 of file Test-Compile-v2.4.0/t/scripts/taint.pl
patching sources
configuring
patching ./t/100-internal-all-pl-files.t...
patching ./t/999-version.t...
patching ./t/200-import-check.t...
patching ./t/100-internal--read-shebang.t...
patching ./t/100-internal--test-methods.t...
patching ./t/100-internal-pm-file-compiles.t...
patching ./t/999-has-version.t...
patching ./t/200-pl-file-ok.t...
patching ./t/100-internal-all-pm-files.t...
patching ./t/999-pod.t...
patching ./t/100-internal-basic.t...
patching ./t/scripts/perlscript...
patching ./t/scripts/lib.pl...
patching ./t/scripts/shellscript...
patching ./t/scripts/CVS/taint2.pl...
patching ./t/scripts/taint.pl...
patching ./t/100-internal-mess-with-lib.t...
patching ./t/100-internal--skip.t...
patching ./t/999-portability.t...
patching ./t/100-internal--is-in-taint-mode.t...
patching ./t/999-perlcritic.t...
patching ./t/100-internal--find-files.t...
patching ./t/200-taint.t...
patching ./t/100-internal-verbose.t...
patching ./t/999-synopsis.t...
patching ./t/200-pl-file-ok-vms.t...
patching ./t/000-compile.t...
patching ./t/999-pod-coverage.t...
patching ./t/100-internal-pl-file-compiles.t...
patching ./Build.PL...
Checking if your kit is complete...
Looks good
Generating a Unix-style Makefile
Writing Makefile for Test::Compile
Writing MYMETA.yml and MYMETA.json
no configure script, doing nothing
building
Checking prerequisites...
  recommends:
    *  Devel::CheckOS is not installed

ERRORS/WARNINGS FOUND IN PREREQUISITES.  You may wish to install the versions
of the modules indicated above before proceeding with this installation

Run 'Build installdeps' to install missing prerequisites.

Created MYMETA.yml and MYMETA.json
Creating new 'Build' script for 'Test-Compile' version 'v2.4.0'
Building Test-Compile
running tests
t/000-compile.t ..................... ok
t/100-internal--find-files.t ........ ok
t/100-internal--is-in-taint-mode.t .. ok
t/100-internal--read-shebang.t ...... ok
t/100-internal--skip.t .............. skipped: Skipping this test should test skip_all()
t/100-internal--test-methods.t ...... 1/2 # The diag method should display this message
t/100-internal--test-methods.t ...... ok
t/100-internal-all-pl-files.t ....... # Please install Test::Warnings, so I can make sure there are no warnings
t/100-internal-all-pl-files.t ....... ok
t/100-internal-all-pm-files.t ....... ok
t/100-internal-basic.t .............. ok
t/100-internal-mess-with-lib.t ...... ok
t/100-internal-pl-file-compiles.t ... ok
t/100-internal-pm-file-compiles.t ... ok
t/100-internal-verbose.t ............ ok
t/200-import-check.t ................ skipped: Test::Exception required for checking exceptions
t/200-pl-file-ok-vms.t .............. ok
t/200-pl-file-ok.t .................. ok
t/200-taint.t ....................... ok
t/999-has-version.t ................. skipped: Set AUTHOR_TEST to run this test
t/999-perlcritic.t .................. skipped: Set AUTHOR_TEST to run this test
t/999-pod-coverage.t ................ skipped: Set AUTHOR_TEST to run this test
t/999-pod.t ......................... skipped: Set AUTHOR_TEST to run this test
t/999-portability.t ................. skipped: Set AUTHOR_TEST to run this test
t/999-synopsis.t .................... skipped: Set AUTHOR_TEST to run this test
t/999-version.t ..................... skipped: Set AUTHOR_TEST to run this test
All tests successful.
Files=24, Tests=75,  4 wallclock secs ( 0.06 usr  0.03 sys +  2.61 cusr  1.15 csys =  3.85 CPU)
Result: PASS
installing
Building Test-Compile
Installing /nix/store/fcxccmx395jh0zdbk8g313q73wcd8jq5-perl5.32.0-Test-Compile-2.4.0/lib/perl5/site_perl/5.32.0/Test/Compile.pm
Installing /nix/store/fcxccmx395jh0zdbk8g313q73wcd8jq5-perl5.32.0-Test-Compile-2.4.0/lib/perl5/site_perl/5.32.0/Test/Compile/Internal.pm
Installing /nix/store/fcxccmx395jh0zdbk8g313q73wcd8jq5-perl5.32.0-Test-Compile-2.4.0/share/man/man3/Test::Compile::Internal.3
Installing /nix/store/fcxccmx395jh0zdbk8g313q73wcd8jq5-perl5.32.0-Test-Compile-2.4.0/share/man/man3/Test::Compile.3
post-installation fixup
Moving /nix/store/fcxccmx395jh0zdbk8g313q73wcd8jq5-perl5.32.0-Test-Compile-2.4.0/share/man/man3 to /nix/store/shkj6mrwyg53s96ra4bbnxkjwcxqvx5r-perl5.32.0-Test-Compile-2.4.0-devdoc/share/man/man3
Removing empty /nix/store/fcxccmx395jh0zdbk8g313q73wcd8jq5-perl5.32.0-Test-Compile-2.4.0/share/man/ and (possibly) its parents
shrinking RPATHs of ELF executables and libraries in /nix/store/fcxccmx395jh0zdbk8g313q73wcd8jq5-perl5.32.0-Test-Compile-2.4.0
strip is /nix/store/psyzbhp4p088sb9qcs378hfbslcalasl-binutils-2.31.1/bin/strip
stripping (with command strip and flags -S) in /nix/store/fcxccmx395jh0zdbk8g313q73wcd8jq5-perl5.32.0-Test-Compile-2.4.0/lib
patching script interpreter paths in /nix/store/fcxccmx395jh0zdbk8g313q73wcd8jq5-perl5.32.0-Test-Compile-2.4.0
checking for references to /build/ in /nix/store/fcxccmx395jh0zdbk8g313q73wcd8jq5-perl5.32.0-Test-Compile-2.4.0...
shrinking RPATHs of ELF executables and libraries in /nix/store/shkj6mrwyg53s96ra4bbnxkjwcxqvx5r-perl5.32.0-Test-Compile-2.4.0-devdoc
gzipping man pages under /nix/store/shkj6mrwyg53s96ra4bbnxkjwcxqvx5r-perl5.32.0-Test-Compile-2.4.0-devdoc/share/man/
strip is /nix/store/psyzbhp4p088sb9qcs378hfbslcalasl-binutils-2.31.1/bin/strip
patching script interpreter paths in /nix/store/shkj6mrwyg53s96ra4bbnxkjwcxqvx5r-perl5.32.0-Test-Compile-2.4.0-devdoc
checking for references to /build/ in /nix/store/shkj6mrwyg53s96ra4bbnxkjwcxqvx5r-perl5.32.0-Test-Compile-2.4.0-devdoc...
building '/nix/store/7aj3fgk4w6nvbyiif5rs5j66kbc4v68c-perl5.32.0-FileHandle-Unget-0.1634.drv'...
unpacking sources
unpacking source archive /nix/store/ylc0gmflnc50v8ykhmhpzrf274dj3gws-FileHandle-Unget-0.1634.tar.gz
source root is FileHandle-Unget-0.1634
setting SOURCE_DATE_EPOCH to timestamp 1531365971 of file FileHandle-Unget-0.1634/META.yml
patching sources
configuring
patching ./Makefile.PL...
Creating t/000_standard__compile.t
Creating t/000_standard__pod.t
Creating t/000_standard__perl_critic.t
Checking if your kit is complete...
Looks good
Generating a Unix-style Makefile
Writing Makefile for FileHandle::Unget
Invalid LICENSE value 'gpl2' ignored
Writing MYMETA.yml and MYMETA.json
no configure script, doing nothing
building
build flags: SHELL=/nix/store/9fqwwd4iybmhjqyxiaxycknslw6bgwh1-bash-4.4-p23/bin/bash
cp lib/FileHandle/Unget.pm blib/lib/FileHandle/Unget.pm
Manifying 1 pod document
running tests
check flags: SHELL=/nix/store/9fqwwd4iybmhjqyxiaxycknslw6bgwh1-bash-4.4-p23/bin/bash VERBOSE=y test
PERL_DL_NONLAZY=1 "/nix/store/7c044di03qa7qgr5kjjc2d787aspzp0m-perl-5.32.0/bin/perl" "-MExtUtils::Command::MM" "-MTest::Harness" "-e" "undef *Test::Harness::Switches; test_harness(1, 'blib/lib', 'blib/arch')" t/*.t
t/000_standard__compile.t ......
1..1
ok 1 - blib/lib/FileHandle/Unget.pm compiles
ok
t/000_standard__perl_critic.t ..
1..0 # SKIP Author test. Set $ENV{TEST_AUTHOR} to a true value to run.
skipped: Author test. Set $ENV{TEST_AUTHOR} to a true value to run.
t/000_standard__pod.t ..........
1..0 # SKIP Test::Pod required for testing POD
skipped: Test::Pod required for testing POD
t/binmode_bug.t ................
1..2
Under windows, calling binmode after eof exposes a bug that exists in some versions of Perl.
ok 1
ok 2
ok
t/buffer.t .....................
1..3
ok 1
ok 2
ok 3
ok
t/class_pipe.t .................
1..2
ok 1 - Fork succeeded
ok 2 - Child output
ok
t/core_pipe.t ..................
1..2
ok 1 - Fork succeeded
ok 2 - Child output
ok
t/dumper.t .....................
1..1
ok 1 - Dumped Filehandle::Unget
ok
t/eof.t ........................
1..4
ok 1 - Read first line
ok 2 - Read second line
ok 3 - EOF getline
ok 4 - EOF getlines
ok
t/filehandle.t .................
1..13
ok 1 - No eol separator
ok 2 - Input line number at start
ok 3 - First line
ok 4 - Input line number at middle
ok 5 - Getlines size
ok 6 - First line
ok 7 - Second line
ok 8 - EOF
ok 9 - read() function
ok 10 - Number of bytes read
ok 11 - read() method
ok 12 - Number of bytes read
ok 13 - new from fd
ok
t/fileno.t .....................
1..1
ok 1 - fileno()
ok
t/gensym.t .....................
1..12
ok 1 - syswrite()
ok 2 - input_line_number()
ok 3 - getline()
ok 4 - input_line_number() after reading
ok 5 - getlines() size
ok 6 - First line
ok 7 - Second line
ok 8 - EOF
ok 9 - read() function
ok 10 - Number of bytes read
ok 11 - read() method
ok 12 - Number of bytes read
ok
t/input_record_separator.t .....
1..7
ok 1 - First line
ok 2 - No eol separator
ok 3 - First line
ok 4 - Second line
ok 5 - Newline end of file
ok 6 - First line
ok 7 - Undef end of line
ok
t/loop_bug.t ...................
1..1
ok 1 - Loop bug
ok
t/memory_leak.t ................
1..1
ok 1 # skip Devel::Leak not installed
ok
t/multiple_handles.t ...........
1..4
ok 1 - Unget 1
ok 2 - Unget 2
ok 3 - Get 1
ok 4 - Get 2
ok
t/new.t ........................
1..12
ok 1 - syswrite()
ok 2 - input_line_number()
ok 3 - First line
ok 4 - Second line
ok 5 - getlines()
ok 6 - First line
ok 7 - Second line
ok 8 - EOF
ok 9 - read() function (filehandle)
ok 10 - Number of bytes read (filehandle)
ok 11 - read() method (filehandle)
ok 12 - Number of bytes read (filehandle)
ok
t/overridden_pipe.t ............
1..2
ok 1 - Fork succeeded
ok 2 - Child output
ok
t/seek.t .......................
1..3
ok 1 - Seek absolute
ok 2 - Seek to front
ok 3 - Seek backward
ok
t/stdin_tell_bug.t .............
1..3
ok 1 - Executing external program
ok 2 - Output matches
ok 3 - Stderr matches
ok
t/tell.t .......................
1..5
ok 1 - Tell 1
ok 2 - Tell 2
ok 3 - Tell 3
ok 4 - Tell 4
ok 5 - Tell 5
ok
t/ungetc.t .....................
1..5
ok 1 - Ungetc
ok 2 - getline()
ok 3 - read() after insert
ok 4 - getline() 1
ok 5 - getline() 2
ok
t/ungets.t .....................
1..9
ok 1 - ungets() 1
ok 2 - getline()
ok 3 - ungets() 2
ok 4 - getline()
ok 5 - getline() 2
ok 6 - ungets()
ok 7 - getline() 1
ok 8 - getline() 2
ok 9 - getline() 3
ok
All tests successful.
Files=23, Tests=93,  2 wallclock secs ( 0.07 usr  0.03 sys +  1.68 cusr  0.47 csys =  2.25 CPU)
Result: PASS
installing
install flags: SHELL=/nix/store/9fqwwd4iybmhjqyxiaxycknslw6bgwh1-bash-4.4-p23/bin/bash pkgconfigdir=/nix/store/56dnsgj4zz1781ngyb9gb5c6xja1l70j-perl5.32.0-FileHandle-Unget-0.1634/lib/pkgconfig m4datadir=/nix/store/56dnsgj4zz1781ngyb9gb5c6xja1l70j-perl5.32.0-FileHandle-Unget-0.1634/share/aclocal aclocaldir=/nix/store/56dnsgj4zz1781ngyb9gb5c6xja1l70j-perl5.32.0-FileHandle-Unget-0.1634/share/aclocal install
Manifying 1 pod document
Installing /nix/store/56dnsgj4zz1781ngyb9gb5c6xja1l70j-perl5.32.0-FileHandle-Unget-0.1634/lib/perl5/site_perl/5.32.0/FileHandle/Unget.pm
Installing /nix/store/56dnsgj4zz1781ngyb9gb5c6xja1l70j-perl5.32.0-FileHandle-Unget-0.1634/share/man/man3/FileHandle::Unget.3
Appending installation info to /nix/store/56dnsgj4zz1781ngyb9gb5c6xja1l70j-perl5.32.0-FileHandle-Unget-0.1634/lib/perl5/5.32.0/x86_64-linux-thread-multi/perllocal.pod
post-installation fixup
Moving /nix/store/56dnsgj4zz1781ngyb9gb5c6xja1l70j-perl5.32.0-FileHandle-Unget-0.1634/share/man/man3 to /nix/store/mqxirwf8j6761pbzxna3iv32f9jcr6y4-perl5.32.0-FileHandle-Unget-0.1634-devdoc/share/man/man3
Removing empty /nix/store/56dnsgj4zz1781ngyb9gb5c6xja1l70j-perl5.32.0-FileHandle-Unget-0.1634/share/man/ and (possibly) its parents
shrinking RPATHs of ELF executables and libraries in /nix/store/56dnsgj4zz1781ngyb9gb5c6xja1l70j-perl5.32.0-FileHandle-Unget-0.1634
strip is /nix/store/psyzbhp4p088sb9qcs378hfbslcalasl-binutils-2.31.1/bin/strip
stripping (with command strip and flags -S) in /nix/store/56dnsgj4zz1781ngyb9gb5c6xja1l70j-perl5.32.0-FileHandle-Unget-0.1634/lib
patching script interpreter paths in /nix/store/56dnsgj4zz1781ngyb9gb5c6xja1l70j-perl5.32.0-FileHandle-Unget-0.1634
checking for references to /build/ in /nix/store/56dnsgj4zz1781ngyb9gb5c6xja1l70j-perl5.32.0-FileHandle-Unget-0.1634...
shrinking RPATHs of ELF executables and libraries in /nix/store/mqxirwf8j6761pbzxna3iv32f9jcr6y4-perl5.32.0-FileHandle-Unget-0.1634-devdoc
gzipping man pages under /nix/store/mqxirwf8j6761pbzxna3iv32f9jcr6y4-perl5.32.0-FileHandle-Unget-0.1634-devdoc/share/man/
strip is /nix/store/psyzbhp4p088sb9qcs378hfbslcalasl-binutils-2.31.1/bin/strip
patching script interpreter paths in /nix/store/mqxirwf8j6761pbzxna3iv32f9jcr6y4-perl5.32.0-FileHandle-Unget-0.1634-devdoc
checking for references to /build/ in /nix/store/mqxirwf8j6761pbzxna3iv32f9jcr6y4-perl5.32.0-FileHandle-Unget-0.1634-devdoc...
/nix/store/56dnsgj4zz1781ngyb9gb5c6xja1l70j-perl5.32.0-FileHandle-Unget-0.1634
