these derivations will be built:
  /nix/store/fna8zi811y18w28y98l87p6574fxwsy9-perl5.32.0-File-BOM-0.18.drv
these paths will be fetched (0.02 MiB download, 0.02 MiB unpacked):
  /nix/store/8baa8wvqqhqpw8f21jyxz0ib7f15p4nl-File-BOM-0.18.tar.gz
copying path '/nix/store/8baa8wvqqhqpw8f21jyxz0ib7f15p4nl-File-BOM-0.18.tar.gz' from 'https://cache.nixos.org'...
building '/nix/store/fna8zi811y18w28y98l87p6574fxwsy9-perl5.32.0-File-BOM-0.18.drv'...
unpacking sources
unpacking source archive /nix/store/8baa8wvqqhqpw8f21jyxz0ib7f15p4nl-File-BOM-0.18.tar.gz
source root is File-BOM-0.18
setting SOURCE_DATE_EPOCH to timestamp 1588321499 of file File-BOM-0.18/testrules.yml
patching sources
configuring
patching ./t/02..perlio-via.t...
patching ./t/03..exceptions.t...
patching ./t/01..bom.t...
patching ./Build.PL...
# running Build.PL --prefix /nix/store/r07cfcsadbc37pv9hdkv3niy47rfpclj-perl5.32.0-File-BOM-0.18 --installdirs site --config perl=/nix/store/7c044di03qa7qgr5kjjc2d787aspzp0m-perl-5.32.0/bin/perl --fullperl "/nix/store/7c044di03qa7qgr5kjjc2d787aspzp0m-perl-5.32.0/bin/perl"
Created MYMETA.yml and MYMETA.json
Creating new 'Build' script for 'File-BOM' version '0.18'
no configure script, doing nothing
building
Created MYMETA.yml and MYMETA.json
Creating new 'Build' script for 'File-BOM' version '0.18'
Building File-BOM
running tests
t/00..setup.t ....... ok
t/01..bom.t ......... ok
t/02..perlio-via.t .. ok
t/03..exceptions.t .. ok
t/04..pod.t ......... ok
t/99..shutdown.t .... ok
All tests successful.
Files=6, Tests=196,  0 wallclock secs ( 0.04 usr  0.01 sys +  0.48 cusr  0.11 csys =  0.64 CPU)
Result: PASS
installing
Building File-BOM
Installing /nix/store/r07cfcsadbc37pv9hdkv3niy47rfpclj-perl5.32.0-File-BOM-0.18/lib/perl5/site_perl/5.32.0/File/BOM.pm
Installing /nix/store/r07cfcsadbc37pv9hdkv3niy47rfpclj-perl5.32.0-File-BOM-0.18/share/man/man3/File::BOM.3
post-installation fixup
Moving /nix/store/r07cfcsadbc37pv9hdkv3niy47rfpclj-perl5.32.0-File-BOM-0.18/share/man/man3 to /nix/store/4psn1admygkx02s6a0xm21ma8zkw010q-perl5.32.0-File-BOM-0.18-devdoc/share/man/man3
Removing empty /nix/store/r07cfcsadbc37pv9hdkv3niy47rfpclj-perl5.32.0-File-BOM-0.18/share/man/ and (possibly) its parents
shrinking RPATHs of ELF executables and libraries in /nix/store/r07cfcsadbc37pv9hdkv3niy47rfpclj-perl5.32.0-File-BOM-0.18
strip is /nix/store/psyzbhp4p088sb9qcs378hfbslcalasl-binutils-2.31.1/bin/strip
stripping (with command strip and flags -S) in /nix/store/r07cfcsadbc37pv9hdkv3niy47rfpclj-perl5.32.0-File-BOM-0.18/lib
patching script interpreter paths in /nix/store/r07cfcsadbc37pv9hdkv3niy47rfpclj-perl5.32.0-File-BOM-0.18
checking for references to /build/ in /nix/store/r07cfcsadbc37pv9hdkv3niy47rfpclj-perl5.32.0-File-BOM-0.18...
shrinking RPATHs of ELF executables and libraries in /nix/store/4psn1admygkx02s6a0xm21ma8zkw010q-perl5.32.0-File-BOM-0.18-devdoc
gzipping man pages under /nix/store/4psn1admygkx02s6a0xm21ma8zkw010q-perl5.32.0-File-BOM-0.18-devdoc/share/man/
strip is /nix/store/psyzbhp4p088sb9qcs378hfbslcalasl-binutils-2.31.1/bin/strip
patching script interpreter paths in /nix/store/4psn1admygkx02s6a0xm21ma8zkw010q-perl5.32.0-File-BOM-0.18-devdoc
checking for references to /build/ in /nix/store/4psn1admygkx02s6a0xm21ma8zkw010q-perl5.32.0-File-BOM-0.18-devdoc...
/nix/store/r07cfcsadbc37pv9hdkv3niy47rfpclj-perl5.32.0-File-BOM-0.18
