these derivations will be built:
  /nix/store/43gigmdjabh0rbqz0b5bzg1ccy4s3xzs-perl5.32.0-Google-ProtocolBuffers-0.12.drv
these paths will be fetched (0.04 MiB download, 0.04 MiB unpacked):
  /nix/store/sdqk95ygm8pbbsi2cqmbaxin39axz1jr-Google-ProtocolBuffers-0.12.tar.gz
copying path '/nix/store/sdqk95ygm8pbbsi2cqmbaxin39axz1jr-Google-ProtocolBuffers-0.12.tar.gz' from 'https://cache.nixos.org'...
building '/nix/store/43gigmdjabh0rbqz0b5bzg1ccy4s3xzs-perl5.32.0-Google-ProtocolBuffers-0.12.drv'...
unpacking sources
unpacking source archive /nix/store/sdqk95ygm8pbbsi2cqmbaxin39axz1jr-Google-ProtocolBuffers-0.12.tar.gz
source root is Google-ProtocolBuffers-0.12
setting SOURCE_DATE_EPOCH to timestamp 1475159101 of file Google-ProtocolBuffers-0.12/META.yml
patching sources
applying patch /nix/store/j416578gs7r60pq671knqhfcwrhn10vn-Google-ProtocolBuffers-multiline-comments.patch
patching file lib/Google/ProtocolBuffers/Compiler.pm
configuring
patching ./bin/protoc-perl...
Checking if your kit is complete...
Looks good
Generating a Unix-style Makefile
Writing Makefile for Google::ProtocolBuffers
Writing MYMETA.yml and MYMETA.json
no configure script, doing nothing
building
build flags: SHELL=/nix/store/9fqwwd4iybmhjqyxiaxycknslw6bgwh1-bash-4.4-p23/bin/bash
cp lib/Google/ProtocolBuffers/Constants.pm blib/lib/Google/ProtocolBuffers/Constants.pm
cp lib/Google/ProtocolBuffers.pm blib/lib/Google/ProtocolBuffers.pm
cp lib/Google/ProtocolBuffers/Compiler.pm blib/lib/Google/ProtocolBuffers/Compiler.pm
cp lib/Google/ProtocolBuffers/CodeGen.pm blib/lib/Google/ProtocolBuffers/CodeGen.pm
cp lib/Google/ProtocolBuffers/CodecIV64.pm blib/lib/Google/ProtocolBuffers/CodecIV64.pm
cp lib/Google/ProtocolBuffers/Codec.pm blib/lib/Google/ProtocolBuffers/Codec.pm
cp lib/Google/ProtocolBuffers/CodecIV32.pm blib/lib/Google/ProtocolBuffers/CodecIV32.pm
cp bin/protoc-perl blib/script/protoc-perl
"/nix/store/7c044di03qa7qgr5kjjc2d787aspzp0m-perl-5.32.0/bin/perl" -MExtUtils::MY -e 'MY->fixin(shift)' -- blib/script/protoc-perl
Manifying 1 pod document
running tests
check flags: SHELL=/nix/store/9fqwwd4iybmhjqyxiaxycknslw6bgwh1-bash-4.4-p23/bin/bash VERBOSE=y test
PERL_DL_NONLAZY=1 "/nix/store/7c044di03qa7qgr5kjjc2d787aspzp0m-perl-5.32.0/bin/perl" "-MExtUtils::Command::MM" "-MTest::Harness" "-e" "undef *Test::Harness::Switches; test_harness(0, 'blib/lib', 'blib/arch')" t/*.t
t/01-load.t ........ ok
t/02-compiler.t .... ok
t/03-encoder.t ..... ok
t/04-decoder.t ..... ok
t/05-enums.t ....... ok
t/06-accessors.t ... ok
t/07-extensions.t .. ok
t/08-defaults.t .... ok
t/09-codegen-a.t ... ok
t/10-codegen-b.t ... ok
t/11-broken.t ...... ok
t/12-unknown.t ..... ok
t/13-native64.t .... ok
t/14-oneof.t ....... ok
All tests successful.
Files=14, Tests=599,  6 wallclock secs ( 0.09 usr  0.01 sys +  4.91 cusr  0.44 csys =  5.45 CPU)
Result: PASS
installing
install flags: SHELL=/nix/store/9fqwwd4iybmhjqyxiaxycknslw6bgwh1-bash-4.4-p23/bin/bash pkgconfigdir=/nix/store/bs68zhp0943kzhh4p92p482j3bc896yz-perl5.32.0-Google-ProtocolBuffers-0.12/lib/pkgconfig m4datadir=/nix/store/bs68zhp0943kzhh4p92p482j3bc896yz-perl5.32.0-Google-ProtocolBuffers-0.12/share/aclocal aclocaldir=/nix/store/bs68zhp0943kzhh4p92p482j3bc896yz-perl5.32.0-Google-ProtocolBuffers-0.12/share/aclocal install
Manifying 1 pod document
Installing /nix/store/bs68zhp0943kzhh4p92p482j3bc896yz-perl5.32.0-Google-ProtocolBuffers-0.12/lib/perl5/site_perl/5.32.0/Google/ProtocolBuffers.pm
Installing /nix/store/bs68zhp0943kzhh4p92p482j3bc896yz-perl5.32.0-Google-ProtocolBuffers-0.12/lib/perl5/site_perl/5.32.0/Google/ProtocolBuffers/CodecIV64.pm
Installing /nix/store/bs68zhp0943kzhh4p92p482j3bc896yz-perl5.32.0-Google-ProtocolBuffers-0.12/lib/perl5/site_perl/5.32.0/Google/ProtocolBuffers/CodeGen.pm
Installing /nix/store/bs68zhp0943kzhh4p92p482j3bc896yz-perl5.32.0-Google-ProtocolBuffers-0.12/lib/perl5/site_perl/5.32.0/Google/ProtocolBuffers/Compiler.pm
Installing /nix/store/bs68zhp0943kzhh4p92p482j3bc896yz-perl5.32.0-Google-ProtocolBuffers-0.12/lib/perl5/site_perl/5.32.0/Google/ProtocolBuffers/CodecIV32.pm
Installing /nix/store/bs68zhp0943kzhh4p92p482j3bc896yz-perl5.32.0-Google-ProtocolBuffers-0.12/lib/perl5/site_perl/5.32.0/Google/ProtocolBuffers/Codec.pm
Installing /nix/store/bs68zhp0943kzhh4p92p482j3bc896yz-perl5.32.0-Google-ProtocolBuffers-0.12/lib/perl5/site_perl/5.32.0/Google/ProtocolBuffers/Constants.pm
Installing /nix/store/bs68zhp0943kzhh4p92p482j3bc896yz-perl5.32.0-Google-ProtocolBuffers-0.12/share/man/man3/Google::ProtocolBuffers.3
Installing /nix/store/bs68zhp0943kzhh4p92p482j3bc896yz-perl5.32.0-Google-ProtocolBuffers-0.12/bin/protoc-perl
Appending installation info to /nix/store/bs68zhp0943kzhh4p92p482j3bc896yz-perl5.32.0-Google-ProtocolBuffers-0.12/lib/perl5/5.32.0/x86_64-linux-thread-multi/perllocal.pod
post-installation fixup
Moving /nix/store/bs68zhp0943kzhh4p92p482j3bc896yz-perl5.32.0-Google-ProtocolBuffers-0.12/share/man/man3 to /nix/store/k2577wwm9r27fcrdzmgvqdgz2ky2vgys-perl5.32.0-Google-ProtocolBuffers-0.12-devdoc/share/man/man3
Removing empty /nix/store/bs68zhp0943kzhh4p92p482j3bc896yz-perl5.32.0-Google-ProtocolBuffers-0.12/share/man/ and (possibly) its parents
shrinking RPATHs of ELF executables and libraries in /nix/store/bs68zhp0943kzhh4p92p482j3bc896yz-perl5.32.0-Google-ProtocolBuffers-0.12
strip is /nix/store/psyzbhp4p088sb9qcs378hfbslcalasl-binutils-2.31.1/bin/strip
stripping (with command strip and flags -S) in /nix/store/bs68zhp0943kzhh4p92p482j3bc896yz-perl5.32.0-Google-ProtocolBuffers-0.12/lib  /nix/store/bs68zhp0943kzhh4p92p482j3bc896yz-perl5.32.0-Google-ProtocolBuffers-0.12/bin
patching script interpreter paths in /nix/store/bs68zhp0943kzhh4p92p482j3bc896yz-perl5.32.0-Google-ProtocolBuffers-0.12
checking for references to /build/ in /nix/store/bs68zhp0943kzhh4p92p482j3bc896yz-perl5.32.0-Google-ProtocolBuffers-0.12...
shrinking RPATHs of ELF executables and libraries in /nix/store/k2577wwm9r27fcrdzmgvqdgz2ky2vgys-perl5.32.0-Google-ProtocolBuffers-0.12-devdoc
gzipping man pages under /nix/store/k2577wwm9r27fcrdzmgvqdgz2ky2vgys-perl5.32.0-Google-ProtocolBuffers-0.12-devdoc/share/man/
strip is /nix/store/psyzbhp4p088sb9qcs378hfbslcalasl-binutils-2.31.1/bin/strip
patching script interpreter paths in /nix/store/k2577wwm9r27fcrdzmgvqdgz2ky2vgys-perl5.32.0-Google-ProtocolBuffers-0.12-devdoc
checking for references to /build/ in /nix/store/k2577wwm9r27fcrdzmgvqdgz2ky2vgys-perl5.32.0-Google-ProtocolBuffers-0.12-devdoc...
/nix/store/bs68zhp0943kzhh4p92p482j3bc896yz-perl5.32.0-Google-ProtocolBuffers-0.12
