these derivations will be built:
  /nix/store/0avk6k29z7ja31sbpik150na417j4v37-perl5.32.0-HTML-FormatText-WithLinks-AndTables-0.07.drv
building '/nix/store/0avk6k29z7ja31sbpik150na417j4v37-perl5.32.0-HTML-FormatText-WithLinks-AndTables-0.07.drv'...
unpacking sources
unpacking source archive /nix/store/7mc8nizghi00nyqd4h29ms9bg0dhvg3i-HTML-FormatText-WithLinks-AndTables-0.07.tar.gz
source root is HTML-FormatText-WithLinks-AndTables-0.07
setting SOURCE_DATE_EPOCH to timestamp 1481933792 of file HTML-FormatText-WithLinks-AndTables-0.07/t/table-header.t
patching sources
configuring
patching ./t/author-critic.t...
patching ./t/author-pod-syntax.t...
patching ./t/author-pod-coverage.t...
patching ./t/empty_row.t...
patching ./t/boilerplate.t...
patching ./t/preserve_options.t...
patching ./t/pod.t...
patching ./t/empty_td_warning.t...
patching ./t/table-header.t...
patching ./t/00-load.t...
patching ./t/empty_td.t...
Checking if your kit is complete...
Looks good
WARNING: Older versions of ExtUtils::MakeMaker may errantly install README.pod as part of this distribution. It is recommended to avoid using this path in CPAN modules.
Generating a Unix-style Makefile
Writing Makefile for HTML::FormatText::WithLinks::AndTables
Writing MYMETA.yml and MYMETA.json
no configure script, doing nothing
building
build flags: SHELL=/nix/store/9fqwwd4iybmhjqyxiaxycknslw6bgwh1-bash-4.4-p23/bin/bash
cp lib/HTML/FormatText/WithLinks/AndTables.pm blib/lib/HTML/FormatText/WithLinks/AndTables.pm
Manifying 1 pod document
running tests
check flags: SHELL=/nix/store/9fqwwd4iybmhjqyxiaxycknslw6bgwh1-bash-4.4-p23/bin/bash VERBOSE=y test
PERL_DL_NONLAZY=1 "/nix/store/7c044di03qa7qgr5kjjc2d787aspzp0m-perl-5.32.0/bin/perl" "-MExtUtils::Command::MM" "-MTest::Harness" "-e" "undef *Test::Harness::Switches; test_harness(0, 'blib/lib', 'blib/arch')" t/*.t
t/00-load.t .............................. 1/1 # Testing HTML::FormatText::WithLinks::AndTables 0.07, Perl 5.032000, /nix/store/7c044di03qa7qgr5kjjc2d787aspzp0m-perl-5.32.0/bin/perl
t/00-load.t .............................. ok
t/author-critic.t ........................ skipped: these tests are for testing by the author
t/author-pod-coverage.t .................. skipped: these tests are for testing by the author
t/author-pod-syntax.t .................... skipped: these tests are for testing by the author
t/boilerplate.t .......................... ok
t/empty_row.t ............................ ok
t/empty_td.t ............................. ok
t/empty_td_warning.t ..................... ok
t/html-formattext-withlinks-andtables.t .. ok
t/pod.t .................................. skipped: Test::Pod 1.22 required for testing POD
t/preserve_options.t ..................... ok
t/table-header.t ......................... ok
All tests successful.

Test Summary Report
-------------------
t/boilerplate.t                        (Wstat: 0 Tests: 3 Failed: 0)
  TODO passed:   1-3
Files=12, Tests=10,  1 wallclock secs ( 0.03 usr  0.02 sys +  0.77 cusr  0.35 csys =  1.17 CPU)
Result: PASS
installing
install flags: SHELL=/nix/store/9fqwwd4iybmhjqyxiaxycknslw6bgwh1-bash-4.4-p23/bin/bash pkgconfigdir=/nix/store/aan8jrr9qx5zbf4x30v735qppfrckgr8-perl5.32.0-HTML-FormatText-WithLinks-AndTables-0.07/lib/pkgconfig m4datadir=/nix/store/aan8jrr9qx5zbf4x30v735qppfrckgr8-perl5.32.0-HTML-FormatText-WithLinks-AndTables-0.07/share/aclocal aclocaldir=/nix/store/aan8jrr9qx5zbf4x30v735qppfrckgr8-perl5.32.0-HTML-FormatText-WithLinks-AndTables-0.07/share/aclocal install
Manifying 1 pod document
Installing /nix/store/aan8jrr9qx5zbf4x30v735qppfrckgr8-perl5.32.0-HTML-FormatText-WithLinks-AndTables-0.07/lib/perl5/site_perl/5.32.0/HTML/FormatText/WithLinks/AndTables.pm
Installing /nix/store/aan8jrr9qx5zbf4x30v735qppfrckgr8-perl5.32.0-HTML-FormatText-WithLinks-AndTables-0.07/share/man/man3/HTML::FormatText::WithLinks::AndTables.3
Appending installation info to /nix/store/aan8jrr9qx5zbf4x30v735qppfrckgr8-perl5.32.0-HTML-FormatText-WithLinks-AndTables-0.07/lib/perl5/5.32.0/x86_64-linux-thread-multi/perllocal.pod
post-installation fixup
Moving /nix/store/aan8jrr9qx5zbf4x30v735qppfrckgr8-perl5.32.0-HTML-FormatText-WithLinks-AndTables-0.07/share/man/man3 to /nix/store/gv93vlxcchxxf0bkdvkk70kg59qxngv4-perl5.32.0-HTML-FormatText-WithLinks-AndTables-0.07-devdoc/share/man/man3
Removing empty /nix/store/aan8jrr9qx5zbf4x30v735qppfrckgr8-perl5.32.0-HTML-FormatText-WithLinks-AndTables-0.07/share/man/ and (possibly) its parents
shrinking RPATHs of ELF executables and libraries in /nix/store/aan8jrr9qx5zbf4x30v735qppfrckgr8-perl5.32.0-HTML-FormatText-WithLinks-AndTables-0.07
strip is /nix/store/psyzbhp4p088sb9qcs378hfbslcalasl-binutils-2.31.1/bin/strip
stripping (with command strip and flags -S) in /nix/store/aan8jrr9qx5zbf4x30v735qppfrckgr8-perl5.32.0-HTML-FormatText-WithLinks-AndTables-0.07/lib
patching script interpreter paths in /nix/store/aan8jrr9qx5zbf4x30v735qppfrckgr8-perl5.32.0-HTML-FormatText-WithLinks-AndTables-0.07
checking for references to /build/ in /nix/store/aan8jrr9qx5zbf4x30v735qppfrckgr8-perl5.32.0-HTML-FormatText-WithLinks-AndTables-0.07...
shrinking RPATHs of ELF executables and libraries in /nix/store/gv93vlxcchxxf0bkdvkk70kg59qxngv4-perl5.32.0-HTML-FormatText-WithLinks-AndTables-0.07-devdoc
gzipping man pages under /nix/store/gv93vlxcchxxf0bkdvkk70kg59qxngv4-perl5.32.0-HTML-FormatText-WithLinks-AndTables-0.07-devdoc/share/man/
strip is /nix/store/psyzbhp4p088sb9qcs378hfbslcalasl-binutils-2.31.1/bin/strip
patching script interpreter paths in /nix/store/gv93vlxcchxxf0bkdvkk70kg59qxngv4-perl5.32.0-HTML-FormatText-WithLinks-AndTables-0.07-devdoc
checking for references to /build/ in /nix/store/gv93vlxcchxxf0bkdvkk70kg59qxngv4-perl5.32.0-HTML-FormatText-WithLinks-AndTables-0.07-devdoc...
/nix/store/aan8jrr9qx5zbf4x30v735qppfrckgr8-perl5.32.0-HTML-FormatText-WithLinks-AndTables-0.07
