these derivations will be built:
  /nix/store/v1xn18rng1vd6mxcz3fyahn38ypg69jh-perl5.32.0-HTML-Quoted-0.04.drv
building '/nix/store/v1xn18rng1vd6mxcz3fyahn38ypg69jh-perl5.32.0-HTML-Quoted-0.04.drv'...
unpacking sources
unpacking source archive /nix/store/jqs6b2p0iqq8pl9rlizqmipxima0c3w1-HTML-Quoted-0.04.tar.gz
source root is HTML-Quoted-0.04
setting SOURCE_DATE_EPOCH to timestamp 1369162377 of file HTML-Quoted-0.04/inc/Module/Install/WriteAll.pm
patching sources
configuring
Checking if your kit is complete...
Looks good
Generating a Unix-style Makefile
Writing Makefile for HTML::Quoted
Writing MYMETA.yml and MYMETA.json
no configure script, doing nothing
building
build flags: SHELL=/nix/store/9fqwwd4iybmhjqyxiaxycknslw6bgwh1-bash-4.4-p23/bin/bash
cp lib/HTML/Quoted.pm blib/lib/HTML/Quoted.pm
Manifying 1 pod document
running tests
check flags: SHELL=/nix/store/9fqwwd4iybmhjqyxiaxycknslw6bgwh1-bash-4.4-p23/bin/bash VERBOSE=y test
PERL_DL_NONLAZY=1 "/nix/store/7c044di03qa7qgr5kjjc2d787aspzp0m-perl-5.32.0/bin/perl" "-MExtUtils::Command::MM" "-MTest::Harness" "-e" "undef *Test::Harness::Switches; test_harness(0, 'inc', 'blib/lib', 'blib/arch')" t/*.t
t/blockquote.t .. ok
t/blocks.t ...... ok
t/lines.t ....... ok
All tests successful.
Files=3, Tests=24,  0 wallclock secs ( 0.02 usr  0.00 sys +  0.16 cusr  0.03 csys =  0.21 CPU)
Result: PASS
installing
install flags: SHELL=/nix/store/9fqwwd4iybmhjqyxiaxycknslw6bgwh1-bash-4.4-p23/bin/bash pkgconfigdir=/nix/store/qbj4ja3c1k831xc5igg0hqqjrwiibix2-perl5.32.0-HTML-Quoted-0.04/lib/pkgconfig m4datadir=/nix/store/qbj4ja3c1k831xc5igg0hqqjrwiibix2-perl5.32.0-HTML-Quoted-0.04/share/aclocal aclocaldir=/nix/store/qbj4ja3c1k831xc5igg0hqqjrwiibix2-perl5.32.0-HTML-Quoted-0.04/share/aclocal install
Manifying 1 pod document
Installing /nix/store/qbj4ja3c1k831xc5igg0hqqjrwiibix2-perl5.32.0-HTML-Quoted-0.04/lib/perl5/site_perl/5.32.0/HTML/Quoted.pm
Installing /nix/store/qbj4ja3c1k831xc5igg0hqqjrwiibix2-perl5.32.0-HTML-Quoted-0.04/share/man/man3/HTML::Quoted.3
Appending installation info to /nix/store/qbj4ja3c1k831xc5igg0hqqjrwiibix2-perl5.32.0-HTML-Quoted-0.04/lib/perl5/5.32.0/x86_64-linux-thread-multi/perllocal.pod
post-installation fixup
Moving /nix/store/qbj4ja3c1k831xc5igg0hqqjrwiibix2-perl5.32.0-HTML-Quoted-0.04/share/man/man3 to /nix/store/w42lshgzxsb9654zwxlag8ygsw9swz3z-perl5.32.0-HTML-Quoted-0.04-devdoc/share/man/man3
Removing empty /nix/store/qbj4ja3c1k831xc5igg0hqqjrwiibix2-perl5.32.0-HTML-Quoted-0.04/share/man/ and (possibly) its parents
shrinking RPATHs of ELF executables and libraries in /nix/store/qbj4ja3c1k831xc5igg0hqqjrwiibix2-perl5.32.0-HTML-Quoted-0.04
strip is /nix/store/psyzbhp4p088sb9qcs378hfbslcalasl-binutils-2.31.1/bin/strip
stripping (with command strip and flags -S) in /nix/store/qbj4ja3c1k831xc5igg0hqqjrwiibix2-perl5.32.0-HTML-Quoted-0.04/lib
patching script interpreter paths in /nix/store/qbj4ja3c1k831xc5igg0hqqjrwiibix2-perl5.32.0-HTML-Quoted-0.04
checking for references to /build/ in /nix/store/qbj4ja3c1k831xc5igg0hqqjrwiibix2-perl5.32.0-HTML-Quoted-0.04...
shrinking RPATHs of ELF executables and libraries in /nix/store/w42lshgzxsb9654zwxlag8ygsw9swz3z-perl5.32.0-HTML-Quoted-0.04-devdoc
gzipping man pages under /nix/store/w42lshgzxsb9654zwxlag8ygsw9swz3z-perl5.32.0-HTML-Quoted-0.04-devdoc/share/man/
strip is /nix/store/psyzbhp4p088sb9qcs378hfbslcalasl-binutils-2.31.1/bin/strip
patching script interpreter paths in /nix/store/w42lshgzxsb9654zwxlag8ygsw9swz3z-perl5.32.0-HTML-Quoted-0.04-devdoc
checking for references to /build/ in /nix/store/w42lshgzxsb9654zwxlag8ygsw9swz3z-perl5.32.0-HTML-Quoted-0.04-devdoc...
/nix/store/qbj4ja3c1k831xc5igg0hqqjrwiibix2-perl5.32.0-HTML-Quoted-0.04
