these derivations will be built:
  /nix/store/31njpa0f69x0jajv345r25q64jqwz3ky-perl5.32.0-HTML-Tidy-1.60.drv
building '/nix/store/31njpa0f69x0jajv345r25q64jqwz3ky-perl5.32.0-HTML-Tidy-1.60.drv'...
unpacking sources
unpacking source archive /nix/store/l4kh7msj6gig5a6hms2av290w2jkx6id-HTML-Tidy-1.60.tar.gz
source root is HTML-Tidy-1.60
setting SOURCE_DATE_EPOCH to timestamp 1505317094 of file HTML-Tidy-1.60/META.json
patching sources
configuring
patching ./t/parse.t...
patching ./t/pod-coverage.t...
patching ./t/clean-crash.t...
patching ./t/levels.t...
patching ./t/clean.t...
patching ./t/cfg-for-parse.t...
patching ./t/pod.t...
patching ./t/segfault-form.t...
patching ./t/version.t...
patching ./t/unicode.t...
patching ./t/perfect.t...
patching ./t/wordwrap.t...
patching ./t/ignore.t...
patching ./t/venus.t...
patching ./t/unicode-nbsp.t...
patching ./t/too-many-titles.t...
patching ./t/ignore-text.t...
patching ./t/00-load.t...
patching ./t/extra-quote.t...
patching ./t/parse-errors.t...
patching ./t/message.t...
patching ./t/roundtrip.t...
patching ./t/opt-00.t...
patching ./t/illegal-options.t...
patching ./t/simple.t...
patching ./bin/webtidy...
patching ./Makefile.PL...
Alien::Tidyp not found. Looking for for tidyp on your system.

NOTE: It seems that you don't have LWP::Simple installed.
      The webtidy program will not be able to retrieve web pages.

Checking if your kit is complete...
Looks good
Generating a Unix-style Makefile
Writing Makefile for HTML::Tidy
Writing MYMETA.yml and MYMETA.json
no configure script, doing nothing
building
build flags: SHELL=/nix/store/9fqwwd4iybmhjqyxiaxycknslw6bgwh1-bash-4.4-p23/bin/bash
cp lib/HTML/Tidy.pm blib/lib/HTML/Tidy.pm
cp lib/HTML/Tidy/Message.pm blib/lib/HTML/Tidy/Message.pm
Running Mkbootstrap for Tidy ()
chmod 644 "Tidy.bs"
"/nix/store/7c044di03qa7qgr5kjjc2d787aspzp0m-perl-5.32.0/bin/perl" -MExtUtils::Command::MM -e 'cp_nonempty' -- Tidy.bs blib/arch/auto/HTML/Tidy/Tidy.bs 644
"/nix/store/7c044di03qa7qgr5kjjc2d787aspzp0m-perl-5.32.0/bin/perl" "/nix/store/7c044di03qa7qgr5kjjc2d787aspzp0m-perl-5.32.0/lib/perl5/5.32.0/ExtUtils/xsubpp"  -typemap '/nix/store/7c044di03qa7qgr5kjjc2d787aspzp0m-perl-5.32.0/lib/perl5/5.32.0/ExtUtils/typemap'  Tidy.xs > Tidy.xsc
mv Tidy.xsc Tidy.c
cc -c  -I. -I/nix/store/bbxmf8grzr4p6zgxw028xcnqg265a646-tidyp-1.04/include/tidyp -I/usr/local/include/tidyp -I/usr/include/tidyp -D_REENTRANT -D_GNU_SOURCE -fwrapv -fno-strict-aliasing -pipe -fstack-protector-strong -I/no-such-path/include -D_LARGEFILE_SOURCE -D_FILE_OFFSET_BITS=64 -O2   -DVERSION=\"1.60\" -DXS_VERSION=\"1.60\" -fPIC "-I/nix/store/7c044di03qa7qgr5kjjc2d787aspzp0m-perl-5.32.0/lib/perl5/5.32.0/x86_64-linux-thread-multi/CORE"   Tidy.c
In file included from /nix/store/bbxmf8grzr4p6zgxw028xcnqg265a646-tidyp-1.04/include/tidyp/tidyp.h:63,
                 from Tidy.xs:5:
/nix/store/bbxmf8grzr4p6zgxw028xcnqg265a646-tidyp-1.04/include/tidyp/platform.h:588: warning: "__attribute__warn_unused_result__" redefined
  588 | #define __attribute__warn_unused_result__ __attribute__((__warn_unused_result__))
      |
In file included from Tidy.xs:2:
/nix/store/7c044di03qa7qgr5kjjc2d787aspzp0m-perl-5.32.0/lib/perl5/5.32.0/x86_64-linux-thread-multi/CORE/perl.h:377: note: this is the location of the previous definition
  377 | #  define __attribute__warn_unused_result__ __attribute__((warn_unused_result))
      |
rm -f blib/arch/auto/HTML/Tidy/Tidy.so
LD_RUN_PATH="/nix/store/bbxmf8grzr4p6zgxw028xcnqg265a646-tidyp-1.04/lib" cc  -shared -O2 -L/nix/store/68pw3wxwkrx0rwzjifm7g1jxy5g2sg1p-glibc-2.31/lib -fstack-protector-strong  Tidy.o  -o blib/arch/auto/HTML/Tidy/Tidy.so  \
   -L/nix/store/bbxmf8grzr4p6zgxw028xcnqg265a646-tidyp-1.04/lib -ltidyp   \

chmod 755 blib/arch/auto/HTML/Tidy/Tidy.so
cp bin/webtidy blib/script/webtidy
"/nix/store/7c044di03qa7qgr5kjjc2d787aspzp0m-perl-5.32.0/bin/perl" -MExtUtils::MY -e 'MY->fixin(shift)' -- blib/script/webtidy
Manifying 2 pod documents
running tests
check flags: SHELL=/nix/store/9fqwwd4iybmhjqyxiaxycknslw6bgwh1-bash-4.4-p23/bin/bash VERBOSE=y test
"/nix/store/7c044di03qa7qgr5kjjc2d787aspzp0m-perl-5.32.0/bin/perl" -MExtUtils::Command::MM -e 'cp_nonempty' -- Tidy.bs blib/arch/auto/HTML/Tidy/Tidy.bs 644
PERL_DL_NONLAZY=1 "/nix/store/7c044di03qa7qgr5kjjc2d787aspzp0m-perl-5.32.0/bin/perl" "-MExtUtils::Command::MM" "-MTest::Harness" "-e" "undef *Test::Harness::Switches; test_harness(0, 'blib/lib', 'blib/arch')" t/*.t
t/00-load.t .......... # Testing HTML::Tidy 1.60, tidyp 1.04, Perl 5.032000, /nix/store/7c044di03qa7qgr5kjjc2d787aspzp0m-perl-5.32.0/bin/perl
t/00-load.t .......... ok
t/cfg-for-parse.t .... ok
t/clean-crash.t ...... ok
t/clean.t ............ ok
t/extra-quote.t ...... ok
t/ignore-text.t ...... ok
t/ignore.t ........... ok
t/illegal-options.t .. ok
t/levels.t ........... ok
t/message.t .......... ok
t/opt-00.t ........... ok
t/parse-errors.t ..... HTML::Tidy: Unknown error type: FAKE_ERROR_TYPE at t/parse-errors.t line 18.
t/parse-errors.t ..... ok
t/parse.t ............ ok
t/perfect.t .......... ok
t/pod-coverage.t ..... skipped: Test::Pod::Coverage 1.04 required for testing POD coverage
t/pod.t .............. skipped: Test::Pod 1.14 required for testing POD
t/roundtrip.t ........ ok
t/segfault-form.t .... ok
t/simple.t ........... ok
t/too-many-titles.t .. ok
t/unicode-nbsp.t ..... ok
t/unicode.t .......... ok
t/venus.t ............ ok
t/version.t .......... ok
t/wordwrap.t ......... ok
All tests successful.
Files=25, Tests=79,  2 wallclock secs ( 0.08 usr  0.02 sys +  1.38 cusr  0.44 csys =  1.92 CPU)
Result: PASS
installing
install flags: SHELL=/nix/store/9fqwwd4iybmhjqyxiaxycknslw6bgwh1-bash-4.4-p23/bin/bash pkgconfigdir=/nix/store/as8qyw26nry0gb3ryasgpfd26v7qwcpm-perl5.32.0-HTML-Tidy-1.60/lib/pkgconfig m4datadir=/nix/store/as8qyw26nry0gb3ryasgpfd26v7qwcpm-perl5.32.0-HTML-Tidy-1.60/share/aclocal aclocaldir=/nix/store/as8qyw26nry0gb3ryasgpfd26v7qwcpm-perl5.32.0-HTML-Tidy-1.60/share/aclocal install
"/nix/store/7c044di03qa7qgr5kjjc2d787aspzp0m-perl-5.32.0/bin/perl" -MExtUtils::Command::MM -e 'cp_nonempty' -- Tidy.bs blib/arch/auto/HTML/Tidy/Tidy.bs 644
Manifying 2 pod documents
Files found in blib/arch: installing files in blib/lib into architecture dependent library tree
Installing /nix/store/as8qyw26nry0gb3ryasgpfd26v7qwcpm-perl5.32.0-HTML-Tidy-1.60/lib/perl5/site_perl/5.32.0/x86_64-linux-thread-multi/auto/HTML/Tidy/Tidy.so
Installing /nix/store/as8qyw26nry0gb3ryasgpfd26v7qwcpm-perl5.32.0-HTML-Tidy-1.60/lib/perl5/site_perl/5.32.0/x86_64-linux-thread-multi/HTML/Tidy.pm
Installing /nix/store/as8qyw26nry0gb3ryasgpfd26v7qwcpm-perl5.32.0-HTML-Tidy-1.60/lib/perl5/site_perl/5.32.0/x86_64-linux-thread-multi/HTML/Tidy/Message.pm
Installing /nix/store/as8qyw26nry0gb3ryasgpfd26v7qwcpm-perl5.32.0-HTML-Tidy-1.60/share/man/man3/HTML::Tidy.3
Installing /nix/store/as8qyw26nry0gb3ryasgpfd26v7qwcpm-perl5.32.0-HTML-Tidy-1.60/share/man/man3/HTML::Tidy::Message.3
Installing /nix/store/as8qyw26nry0gb3ryasgpfd26v7qwcpm-perl5.32.0-HTML-Tidy-1.60/bin/webtidy
Appending installation info to /nix/store/as8qyw26nry0gb3ryasgpfd26v7qwcpm-perl5.32.0-HTML-Tidy-1.60/lib/perl5/5.32.0/x86_64-linux-thread-multi/perllocal.pod
post-installation fixup
Moving /nix/store/as8qyw26nry0gb3ryasgpfd26v7qwcpm-perl5.32.0-HTML-Tidy-1.60/share/man/man3 to /nix/store/54sk62y4jy4yh4dsf35rf68p6c6lkraw-perl5.32.0-HTML-Tidy-1.60-devdoc/share/man/man3
Removing empty /nix/store/as8qyw26nry0gb3ryasgpfd26v7qwcpm-perl5.32.0-HTML-Tidy-1.60/share/man/ and (possibly) its parents
shrinking RPATHs of ELF executables and libraries in /nix/store/as8qyw26nry0gb3ryasgpfd26v7qwcpm-perl5.32.0-HTML-Tidy-1.60
shrinking /nix/store/as8qyw26nry0gb3ryasgpfd26v7qwcpm-perl5.32.0-HTML-Tidy-1.60/lib/perl5/site_perl/5.32.0/x86_64-linux-thread-multi/auto/HTML/Tidy/Tidy.so
strip is /nix/store/psyzbhp4p088sb9qcs378hfbslcalasl-binutils-2.31.1/bin/strip
stripping (with command strip and flags -S) in /nix/store/as8qyw26nry0gb3ryasgpfd26v7qwcpm-perl5.32.0-HTML-Tidy-1.60/lib  /nix/store/as8qyw26nry0gb3ryasgpfd26v7qwcpm-perl5.32.0-HTML-Tidy-1.60/bin
patching script interpreter paths in /nix/store/as8qyw26nry0gb3ryasgpfd26v7qwcpm-perl5.32.0-HTML-Tidy-1.60
checking for references to /build/ in /nix/store/as8qyw26nry0gb3ryasgpfd26v7qwcpm-perl5.32.0-HTML-Tidy-1.60...
shrinking RPATHs of ELF executables and libraries in /nix/store/54sk62y4jy4yh4dsf35rf68p6c6lkraw-perl5.32.0-HTML-Tidy-1.60-devdoc
gzipping man pages under /nix/store/54sk62y4jy4yh4dsf35rf68p6c6lkraw-perl5.32.0-HTML-Tidy-1.60-devdoc/share/man/
strip is /nix/store/psyzbhp4p088sb9qcs378hfbslcalasl-binutils-2.31.1/bin/strip
patching script interpreter paths in /nix/store/54sk62y4jy4yh4dsf35rf68p6c6lkraw-perl5.32.0-HTML-Tidy-1.60-devdoc
checking for references to /build/ in /nix/store/54sk62y4jy4yh4dsf35rf68p6c6lkraw-perl5.32.0-HTML-Tidy-1.60-devdoc...
/nix/store/as8qyw26nry0gb3ryasgpfd26v7qwcpm-perl5.32.0-HTML-Tidy-1.60
