these derivations will be built:
  /nix/store/hpcvv7jcfbzys3alfinz2lvw24y4ys1b-perl5.32.0-MooseX-Types-Common-0.001014.drv
  /nix/store/i1csql1gkzw6d6s71s7sy24vkiq38623-perl5.32.0-HTML-FormHandler-0.40068.drv
building '/nix/store/hpcvv7jcfbzys3alfinz2lvw24y4ys1b-perl5.32.0-MooseX-Types-Common-0.001014.drv'...
unpacking sources
unpacking source archive /nix/store/zd6dc14yqs09gj637mjd27qw6c9bp6hs-MooseX-Types-Common-0.001014.tar.gz
source root is MooseX-Types-Common-0.001014
setting SOURCE_DATE_EPOCH to timestamp 1484792990 of file MooseX-Types-Common-0.001014/xt/release/minimum-version.t
patching sources
configuring
patching ./xt/release/changes_has_content.t...
patching ./xt/release/distmeta.t...
patching ./xt/release/minimum-version.t...
patching ./xt/author/pod-coverage.t...
patching ./xt/author/mojibake.t...
patching ./xt/author/pod-syntax.t...
patching ./xt/author/pod-no404s.t...
patching ./t/00-report-prereqs.t...
Checking if your kit is complete...
Looks good
Generating a Unix-style Makefile
Writing Makefile for MooseX::Types::Common
Writing MYMETA.yml and MYMETA.json
no configure script, doing nothing
building
Creating new 'Build' script for 'MooseX-Types-Common' version '0.001014'
cp lib/MooseX/Types/Common/Numeric.pm blib/lib/MooseX/Types/Common/Numeric.pm
cp lib/MooseX/Types/Common/String.pm blib/lib/MooseX/Types/Common/String.pm
cp lib/MooseX/Types/Common.pm blib/lib/MooseX/Types/Common.pm
running tests
t/00-report-prereqs.t ... #
# Versions for all modules listed in MYMETA.json (including optional ones):
#
# === Configure Requires ===
#
#     Module               Want  Have
#     ------------------- ----- -----
#     Module::Build::Tiny 0.034 0.039
#
# === Test Requires ===
#
#     Module            Want     Have
#     ---------------- ----- --------
#     File::Spec         any     3.78
#     Module::Metadata   any 1.000037
#     Test::Deep         any    1.130
#     Test::More        0.88 1.302175
#     Test::Warnings   0.005    0.030
#     open               any     1.12
#     utf8               any     1.22
#
# === Test Recommends ===
#
#     Module         Want     Have
#     ---------- -------- --------
#     CPAN::Meta 2.120900 2.150010
#
# === Runtime Requires ===
#
#     Module               Want   Have
#     -------------------- ---- ------
#     Carp                  any   1.50
#     MooseX::Types         any   0.50
#     MooseX::Types::Moose  any   0.50
#     if                    any 0.0608
#     strict                any   1.11
#     warnings              any   1.47
#
# === Other Modules ===
#
#     Module                  Have
#     -------------------- -------
#     Dist::CheckConflicts    0.11
#     JSON::PP                4.04
#     Pod::Coverage        missing
#     Sub::Name               0.26
#     YAML                 missing
#     autodie                 2.32
#     namespace::clean        0.27
#
t/00-report-prereqs.t ... ok
t/01-string.t ........... ok
t/02-numeric.t .......... ok
t/03-idiot.t ............ ok
t/04-coerce.t ........... ok
t/05-unicode.t .......... ok
t/06-fully-qualified.t .. ok
t/zzz-check-breaks.t .... ok
All tests successful.
Files=8, Tests=98,  4 wallclock secs ( 0.05 usr  0.04 sys +  1.93 cusr  1.00 csys =  3.02 CPU)
Result: PASS
installing
Installing /nix/store/q7lnak2z2j8a8fzgcjyv9iwqh85qxmax-perl5.32.0-MooseX-Types-Common-0.001014/lib/perl5/site_perl/5.32.0/MooseX/Types/Common.pm
Installing /nix/store/q7lnak2z2j8a8fzgcjyv9iwqh85qxmax-perl5.32.0-MooseX-Types-Common-0.001014/lib/perl5/site_perl/5.32.0/MooseX/Types/Common/Numeric.pm
Installing /nix/store/q7lnak2z2j8a8fzgcjyv9iwqh85qxmax-perl5.32.0-MooseX-Types-Common-0.001014/lib/perl5/site_perl/5.32.0/MooseX/Types/Common/String.pm
Installing /nix/store/q7lnak2z2j8a8fzgcjyv9iwqh85qxmax-perl5.32.0-MooseX-Types-Common-0.001014/share/man/man3/MooseX::Types::Common.3
Installing /nix/store/q7lnak2z2j8a8fzgcjyv9iwqh85qxmax-perl5.32.0-MooseX-Types-Common-0.001014/share/man/man3/MooseX::Types::Common::String.3
Installing /nix/store/q7lnak2z2j8a8fzgcjyv9iwqh85qxmax-perl5.32.0-MooseX-Types-Common-0.001014/share/man/man3/MooseX::Types::Common::Numeric.3
post-installation fixup
Moving /nix/store/q7lnak2z2j8a8fzgcjyv9iwqh85qxmax-perl5.32.0-MooseX-Types-Common-0.001014/share/man/man3 to /nix/store/sy0yrlj87242648n369mys7iia6d4lh4-perl5.32.0-MooseX-Types-Common-0.001014-devdoc/share/man/man3
Removing empty /nix/store/q7lnak2z2j8a8fzgcjyv9iwqh85qxmax-perl5.32.0-MooseX-Types-Common-0.001014/share/man/ and (possibly) its parents
shrinking RPATHs of ELF executables and libraries in /nix/store/q7lnak2z2j8a8fzgcjyv9iwqh85qxmax-perl5.32.0-MooseX-Types-Common-0.001014
strip is /nix/store/psyzbhp4p088sb9qcs378hfbslcalasl-binutils-2.31.1/bin/strip
stripping (with command strip and flags -S) in /nix/store/q7lnak2z2j8a8fzgcjyv9iwqh85qxmax-perl5.32.0-MooseX-Types-Common-0.001014/lib
patching script interpreter paths in /nix/store/q7lnak2z2j8a8fzgcjyv9iwqh85qxmax-perl5.32.0-MooseX-Types-Common-0.001014
checking for references to /build/ in /nix/store/q7lnak2z2j8a8fzgcjyv9iwqh85qxmax-perl5.32.0-MooseX-Types-Common-0.001014...
shrinking RPATHs of ELF executables and libraries in /nix/store/sy0yrlj87242648n369mys7iia6d4lh4-perl5.32.0-MooseX-Types-Common-0.001014-devdoc
gzipping man pages under /nix/store/sy0yrlj87242648n369mys7iia6d4lh4-perl5.32.0-MooseX-Types-Common-0.001014-devdoc/share/man/
strip is /nix/store/psyzbhp4p088sb9qcs378hfbslcalasl-binutils-2.31.1/bin/strip
patching script interpreter paths in /nix/store/sy0yrlj87242648n369mys7iia6d4lh4-perl5.32.0-MooseX-Types-Common-0.001014-devdoc
checking for references to /build/ in /nix/store/sy0yrlj87242648n369mys7iia6d4lh4-perl5.32.0-MooseX-Types-Common-0.001014-devdoc...
building '/nix/store/i1csql1gkzw6d6s71s7sy24vkiq38623-perl5.32.0-HTML-FormHandler-0.40068.drv'...
unpacking sources
unpacking source archive /nix/store/i9bgj3nldzrhx52qy0j2n5nh5w3znra8-HTML-FormHandler-0.40068.tar.gz
source root is HTML-FormHandler-0.40068
setting SOURCE_DATE_EPOCH to timestamp 1500569460 of file HTML-FormHandler-0.40068/xt/upload.t
patching sources
configuring
patching ./util/get_messages.pl...
patching ./util/check_I18N.pl...
Checking if your kit is complete...
Looks good
Generating a Unix-style Makefile
Writing Makefile for HTML::FormHandler
Writing MYMETA.yml and MYMETA.json
no configure script, doing nothing
building
build flags: SHELL=/nix/store/9fqwwd4iybmhjqyxiaxycknslw6bgwh1-bash-4.4-p23/bin/bash
cp share/templates/form/form.tt blib/lib/auto/share/dist/HTML-FormHandler/templates/form/form.tt
cp share/templates/foo/input_tag.tt blib/lib/auto/share/dist/HTML-FormHandler/templates/foo/input_tag.tt
cp share/templates/field/reset.tt blib/lib/auto/share/dist/HTML-FormHandler/templates/field/reset.tt
cp share/templates/field/repeatable.tt blib/lib/auto/share/dist/HTML-FormHandler/templates/field/repeatable.tt
cp share/templates/form/form_end.tt blib/lib/auto/share/dist/HTML-FormHandler/templates/form/form_end.tt
cp share/templates/field/checkbox_group.tt blib/lib/auto/share/dist/HTML-FormHandler/templates/field/checkbox_group.tt
cp share/templates/field/textarea.tt blib/lib/auto/share/dist/HTML-FormHandler/templates/field/textarea.tt
cp share/templates/field/compound.tt blib/lib/auto/share/dist/HTML-FormHandler/templates/field/compound.tt
cp share/templates/field/text.tt blib/lib/auto/share/dist/HTML-FormHandler/templates/field/text.tt
cp share/templates/field/button.tt blib/lib/auto/share/dist/HTML-FormHandler/templates/field/button.tt
cp share/templates/field/submit.tt blib/lib/auto/share/dist/HTML-FormHandler/templates/field/submit.tt
cp share/templates/foo/field.tt blib/lib/auto/share/dist/HTML-FormHandler/templates/foo/field.tt
cp share/templates/field/upload.tt blib/lib/auto/share/dist/HTML-FormHandler/templates/field/upload.tt
cp share/templates/foo/input.tt blib/lib/auto/share/dist/HTML-FormHandler/templates/foo/input.tt
cp share/templates/foo/form.tt blib/lib/auto/share/dist/HTML-FormHandler/templates/foo/form.tt
cp share/templates/foo/checkbox_tag.tt blib/lib/auto/share/dist/HTML-FormHandler/templates/foo/checkbox_tag.tt
cp share/templates/foo/start_form.tt blib/lib/auto/share/dist/HTML-FormHandler/templates/foo/start_form.tt
cp share/templates/foo/end_form.tt blib/lib/auto/share/dist/HTML-FormHandler/templates/foo/end_form.tt
cp share/templates/field/hidden.tt blib/lib/auto/share/dist/HTML-FormHandler/templates/field/hidden.tt
cp share/templates/field/checkbox.tt blib/lib/auto/share/dist/HTML-FormHandler/templates/field/checkbox.tt
cp share/templates/foo/label.tt blib/lib/auto/share/dist/HTML-FormHandler/templates/foo/label.tt
cp share/templates/field/password.tt blib/lib/auto/share/dist/HTML-FormHandler/templates/field/password.tt
cp share/templates/field/select.tt blib/lib/auto/share/dist/HTML-FormHandler/templates/field/select.tt
cp share/templates/form/form22.tt blib/lib/auto/share/dist/HTML-FormHandler/templates/form/form22.tt
cp share/templates/field/radio_group.tt blib/lib/auto/share/dist/HTML-FormHandler/templates/field/radio_group.tt
cp share/templates/wrapper/simple.tt blib/lib/auto/share/dist/HTML-FormHandler/templates/wrapper/simple.tt
cp share/templates/wrapper/wrap_label.tt blib/lib/auto/share/dist/HTML-FormHandler/templates/wrapper/wrap_label.tt
cp share/templates/wrapper/label.tt blib/lib/auto/share/dist/HTML-FormHandler/templates/wrapper/label.tt
cp share/templates/form/form_start.tt blib/lib/auto/share/dist/HTML-FormHandler/templates/form/form_start.tt
cp share/templates/wrapper/none.tt blib/lib/auto/share/dist/HTML-FormHandler/templates/wrapper/none.tt
cp share/templates/wrapper/fieldset.tt blib/lib/auto/share/dist/HTML-FormHandler/templates/wrapper/fieldset.tt
cp share/templates/form/form_in_one.tt blib/lib/auto/share/dist/HTML-FormHandler/templates/form/form_in_one.tt
cp lib/HTML/FormHandler/Field/Display.pm blib/lib/HTML/FormHandler/Field/Display.pm
cp lib/HTML/FormHandler/Field/File.pm blib/lib/HTML/FormHandler/Field/File.pm
cp lib/HTML/FormHandler/BuildPages.pm blib/lib/HTML/FormHandler/BuildPages.pm
cp lib/HTML/FormHandler/Field/Month.pm blib/lib/HTML/FormHandler/Field/Month.pm
cp lib/HTML/FormHandler/Field/MonthDay.pm blib/lib/HTML/FormHandler/Field/MonthDay.pm
cp lib/HTML/FormHandler/Field/Boolean.pm blib/lib/HTML/FormHandler/Field/Boolean.pm
cp lib/HTML/FormHandler/Blocks.pm blib/lib/HTML/FormHandler/Blocks.pm
cp lib/HTML/FormHandler/Field/DateTime.pm blib/lib/HTML/FormHandler/Field/DateTime.pm
cp lib/HTML/FormHandler/Field/DateMDY.pm blib/lib/HTML/FormHandler/Field/DateMDY.pm
cp lib/HTML/FormHandler/Field/IntRange.pm blib/lib/HTML/FormHandler/Field/IntRange.pm
cp lib/HTML/FormHandler/Field/Button.pm blib/lib/HTML/FormHandler/Field/Button.pm
cp lib/HTML/FormHandler.pm blib/lib/HTML/FormHandler.pm
cp lib/HTML/FormHandler/Field/BoolSelect.pm blib/lib/HTML/FormHandler/Field/BoolSelect.pm
cp lib/HTML/FormHandler/Field/Compound.pm blib/lib/HTML/FormHandler/Field/Compound.pm
cp lib/HTML/FormHandler/Field/Duration.pm blib/lib/HTML/FormHandler/Field/Duration.pm
cp lib/HTML/FormHandler/Field.pm blib/lib/HTML/FormHandler/Field.pm
cp lib/HTML/FormHandler/Field/Float.pm blib/lib/HTML/FormHandler/Field/Float.pm
cp lib/HTML/FormHandler/Field/Email.pm blib/lib/HTML/FormHandler/Field/Email.pm
cp lib/HTML/FormHandler/Field/Hidden.pm blib/lib/HTML/FormHandler/Field/Hidden.pm
cp lib/HTML/FormHandler/Field/MonthName.pm blib/lib/HTML/FormHandler/Field/MonthName.pm
cp lib/HTML/FormHandler/Field/AddElement.pm blib/lib/HTML/FormHandler/Field/AddElement.pm
cp lib/HTML/FormHandler/Field/Integer.pm blib/lib/HTML/FormHandler/Field/Integer.pm
cp lib/HTML/FormHandler/Field/Hour.pm blib/lib/HTML/FormHandler/Field/Hour.pm
cp lib/HTML/FormHandler/Field/Captcha.pm blib/lib/HTML/FormHandler/Field/Captcha.pm
cp lib/HTML/FormHandler/Field/Minute.pm blib/lib/HTML/FormHandler/Field/Minute.pm
cp lib/HTML/FormHandler/Field/Money.pm blib/lib/HTML/FormHandler/Field/Money.pm
cp lib/HTML/FormHandler/BuildFields.pm blib/lib/HTML/FormHandler/BuildFields.pm
cp lib/HTML/FormHandler/Field/Multiple.pm blib/lib/HTML/FormHandler/Field/Multiple.pm
cp lib/HTML/FormHandler/Base.pm blib/lib/HTML/FormHandler/Base.pm
cp lib/HTML/FormHandler/Field/Date.pm blib/lib/HTML/FormHandler/Field/Date.pm
cp lib/HTML/FormHandler/Field/Checkbox.pm blib/lib/HTML/FormHandler/Field/Checkbox.pm
cp lib/HTML/FormHandler/Field/Password.pm blib/lib/HTML/FormHandler/Field/Password.pm
cp lib/HTML/FormHandler/Field/NonEditable.pm blib/lib/HTML/FormHandler/Field/NonEditable.pm
cp lib/HTML/FormHandler/I18N/bg_bg.pm blib/lib/HTML/FormHandler/I18N/bg_bg.pm
cp lib/HTML/FormHandler/Field/RmElement.pm blib/lib/HTML/FormHandler/Field/RmElement.pm
cp lib/HTML/FormHandler/Field/SelectCSV.pm blib/lib/HTML/FormHandler/Field/SelectCSV.pm
cp lib/HTML/FormHandler/Field/Weekday.pm blib/lib/HTML/FormHandler/Field/Weekday.pm
cp lib/HTML/FormHandler/I18N.pm blib/lib/HTML/FormHandler/I18N.pm
cp lib/HTML/FormHandler/Field/Repeatable.pm blib/lib/HTML/FormHandler/Field/Repeatable.pm
cp lib/HTML/FormHandler/I18N/ca_es.pm blib/lib/HTML/FormHandler/I18N/ca_es.pm
cp lib/HTML/FormHandler/Field/RequestToken.pm blib/lib/HTML/FormHandler/Field/RequestToken.pm
cp lib/HTML/FormHandler/Field/TextArea.pm blib/lib/HTML/FormHandler/Field/TextArea.pm
cp lib/HTML/FormHandler/Field/Nested.pm blib/lib/HTML/FormHandler/Field/Nested.pm
cp lib/HTML/FormHandler/Field/Submit.pm blib/lib/HTML/FormHandler/Field/Submit.pm
cp lib/HTML/FormHandler/Field/Role/RequestToken.pm blib/lib/HTML/FormHandler/Field/Role/RequestToken.pm
cp lib/HTML/FormHandler/Fields.pm blib/lib/HTML/FormHandler/Fields.pm
cp lib/HTML/FormHandler/Field/Text.pm blib/lib/HTML/FormHandler/Field/Text.pm
cp lib/HTML/FormHandler/Field/PrimaryKey.pm blib/lib/HTML/FormHandler/Field/PrimaryKey.pm
cp lib/HTML/FormHandler/Field/Year.pm blib/lib/HTML/FormHandler/Field/Year.pm
cp lib/HTML/FormHandler/Field/Second.pm blib/lib/HTML/FormHandler/Field/Second.pm
cp lib/HTML/FormHandler/Field/Repeatable/Instance.pm blib/lib/HTML/FormHandler/Field/Repeatable/Instance.pm
cp lib/HTML/FormHandler/Field/Select.pm blib/lib/HTML/FormHandler/Field/Select.pm
cp lib/HTML/FormHandler/Field/Upload.pm blib/lib/HTML/FormHandler/Field/Upload.pm
cp lib/HTML/FormHandler/Field/Reset.pm blib/lib/HTML/FormHandler/Field/Reset.pm
cp lib/HTML/FormHandler/Field/Result.pm blib/lib/HTML/FormHandler/Field/Result.pm
cp lib/HTML/FormHandler/Field/PasswordConf.pm blib/lib/HTML/FormHandler/Field/PasswordConf.pm
cp lib/HTML/FormHandler/Field/PosInteger.pm blib/lib/HTML/FormHandler/Field/PosInteger.pm
cp lib/HTML/FormHandler/I18N/ar_kw.pm blib/lib/HTML/FormHandler/I18N/ar_kw.pm
cp lib/HTML/FormHandler/Field/TextCSV.pm blib/lib/HTML/FormHandler/Field/TextCSV.pm
cp lib/HTML/FormHandler/Field/NoValue.pm blib/lib/HTML/FormHandler/Field/NoValue.pm
cp lib/HTML/FormHandler/Foo.pm blib/lib/HTML/FormHandler/Foo.pm
cp lib/HTML/FormHandler/I18N/en_us.pm blib/lib/HTML/FormHandler/I18N/en_us.pm
cp lib/HTML/FormHandler/Manual/Testing.pod blib/lib/HTML/FormHandler/Manual/Testing.pod
cp lib/HTML/FormHandler/I18N/sv_se.pm blib/lib/HTML/FormHandler/I18N/sv_se.pm
cp lib/HTML/FormHandler/I18N/ja_jp.pm blib/lib/HTML/FormHandler/I18N/ja_jp.pm
cp lib/HTML/FormHandler/Manual/InflationDeflation.pod blib/lib/HTML/FormHandler/Manual/InflationDeflation.pod
cp lib/HTML/FormHandler/Manual/FromFF.pod blib/lib/HTML/FormHandler/Manual/FromFF.pod
cp lib/HTML/FormHandler/I18N/pt_br.pm blib/lib/HTML/FormHandler/I18N/pt_br.pm
cp lib/HTML/FormHandler/Manual/Database.pod blib/lib/HTML/FormHandler/Manual/Database.pod
cp lib/HTML/FormHandler/Manual/Tutorial.pod blib/lib/HTML/FormHandler/Manual/Tutorial.pod
cp lib/HTML/FormHandler/I18N/es_es.pm blib/lib/HTML/FormHandler/I18N/es_es.pm
cp lib/HTML/FormHandler/Manual/Templates.pod blib/lib/HTML/FormHandler/Manual/Templates.pod
cp lib/HTML/FormHandler/I18N/hu_hu.pm blib/lib/HTML/FormHandler/I18N/hu_hu.pm
cp lib/HTML/FormHandler/Manual/Fields.pod blib/lib/HTML/FormHandler/Manual/Fields.pod
cp lib/HTML/FormHandler/I18N/ua_ua.pm blib/lib/HTML/FormHandler/I18N/ua_ua.pm
cp lib/HTML/FormHandler/Manual/Cookbook.pod blib/lib/HTML/FormHandler/Manual/Cookbook.pod
cp lib/HTML/FormHandler/Manual/Intro.pod blib/lib/HTML/FormHandler/Manual/Intro.pod
cp lib/HTML/FormHandler/Manual/FromDFV.pod blib/lib/HTML/FormHandler/Manual/FromDFV.pod
cp lib/HTML/FormHandler/I18N/de_de.pm blib/lib/HTML/FormHandler/I18N/de_de.pm
cp lib/HTML/FormHandler/Manual/Rendering.pod blib/lib/HTML/FormHandler/Manual/Rendering.pod
cp lib/HTML/FormHandler/Manual/RenderingCookbook.pod blib/lib/HTML/FormHandler/Manual/RenderingCookbook.pod
cp lib/HTML/FormHandler/Manual/Catalyst.pod blib/lib/HTML/FormHandler/Manual/Catalyst.pod
cp lib/HTML/FormHandler/I18N/it_it.pm blib/lib/HTML/FormHandler/I18N/it_it.pm
cp lib/HTML/FormHandler/I18N/tr_tr.pm blib/lib/HTML/FormHandler/I18N/tr_tr.pm
cp lib/HTML/FormHandler/Manual/Errors.pod blib/lib/HTML/FormHandler/Manual/Errors.pod
cp lib/HTML/FormHandler/Manual/Reference.pod blib/lib/HTML/FormHandler/Manual/Reference.pod
cp lib/HTML/FormHandler/Manual/Defaults.pod blib/lib/HTML/FormHandler/Manual/Defaults.pod
cp lib/HTML/FormHandler/Manual.pod blib/lib/HTML/FormHandler/Manual.pod
cp lib/HTML/FormHandler/I18N/cs_cz.pm blib/lib/HTML/FormHandler/I18N/cs_cz.pm
cp lib/HTML/FormHandler/InitResult.pm blib/lib/HTML/FormHandler/InitResult.pm
cp lib/HTML/FormHandler/I18N/ru_ru.pm blib/lib/HTML/FormHandler/I18N/ru_ru.pm
cp lib/HTML/FormHandler/Pages.pm blib/lib/HTML/FormHandler/Pages.pm
cp lib/HTML/FormHandler/Page/Simple.pm blib/lib/HTML/FormHandler/Page/Simple.pm
cp lib/HTML/FormHandler/Test.pm blib/lib/HTML/FormHandler/Test.pm
cp lib/HTML/FormHandler/Render/Simple.pm blib/lib/HTML/FormHandler/Render/Simple.pm
cp lib/HTML/FormHandler/Result.pm blib/lib/HTML/FormHandler/Result.pm
cp lib/HTML/FormHandler/Merge.pm blib/lib/HTML/FormHandler/Merge.pm
cp lib/HTML/FormHandler/Manual/Validation.pod blib/lib/HTML/FormHandler/Manual/Validation.pod
cp lib/HTML/FormHandler/TraitFor/Types.pm blib/lib/HTML/FormHandler/TraitFor/Types.pm
cp lib/HTML/FormHandler/Params.pm blib/lib/HTML/FormHandler/Params.pm
cp lib/HTML/FormHandler/Widget/ApplyRole.pm blib/lib/HTML/FormHandler/Widget/ApplyRole.pm
cp lib/HTML/FormHandler/Render/WithTT.pm blib/lib/HTML/FormHandler/Render/WithTT.pm
cp lib/HTML/FormHandler/Widget/Field/ButtonTag.pm blib/lib/HTML/FormHandler/Widget/Field/ButtonTag.pm
cp lib/HTML/FormHandler/Moose.pm blib/lib/HTML/FormHandler/Moose.pm
cp lib/HTML/FormHandler/Types.pm blib/lib/HTML/FormHandler/Types.pm
cp lib/HTML/FormHandler/Render/RepeatableJs.pm blib/lib/HTML/FormHandler/Render/RepeatableJs.pm
cp lib/HTML/FormHandler/Model/CDBI.pm blib/lib/HTML/FormHandler/Model/CDBI.pm
cp lib/HTML/FormHandler/Widget/Block/Bootstrap.pm blib/lib/HTML/FormHandler/Widget/Block/Bootstrap.pm
cp lib/HTML/FormHandler/Moose/Role.pm blib/lib/HTML/FormHandler/Moose/Role.pm
cp lib/HTML/FormHandler/Result/Role.pm blib/lib/HTML/FormHandler/Result/Role.pm
cp lib/HTML/FormHandler/TraitFor/Captcha.pm blib/lib/HTML/FormHandler/TraitFor/Captcha.pm
cp lib/HTML/FormHandler/Model.pm blib/lib/HTML/FormHandler/Model.pm
cp lib/HTML/FormHandler/Widget/Field/Button.pm blib/lib/HTML/FormHandler/Widget/Field/Button.pm
cp lib/HTML/FormHandler/Validate.pm blib/lib/HTML/FormHandler/Validate.pm
cp lib/HTML/FormHandler/TraitFor/I18N.pm blib/lib/HTML/FormHandler/TraitFor/I18N.pm
cp lib/HTML/FormHandler/Model/Object.pm blib/lib/HTML/FormHandler/Model/Object.pm
cp lib/HTML/FormHandler/Page.pm blib/lib/HTML/FormHandler/Page.pm
cp lib/HTML/FormHandler/Widget/Field/Captcha.pm blib/lib/HTML/FormHandler/Widget/Field/Captcha.pm
cp lib/HTML/FormHandler/Widget/Block.pm blib/lib/HTML/FormHandler/Widget/Block.pm
cp lib/HTML/FormHandler/Render/Table.pm blib/lib/HTML/FormHandler/Render/Table.pm
cp lib/HTML/FormHandler/Meta/Role.pm blib/lib/HTML/FormHandler/Meta/Role.pm
cp lib/HTML/FormHandler/Render/Util.pm blib/lib/HTML/FormHandler/Render/Util.pm
cp lib/HTML/FormHandler/Traits.pm blib/lib/HTML/FormHandler/Traits.pm
cp lib/HTML/FormHandler/Widget/Field/Compound.pm blib/lib/HTML/FormHandler/Widget/Field/Compound.pm
cp lib/HTML/FormHandler/Widget/Field/NoRender.pm blib/lib/HTML/FormHandler/Widget/Field/NoRender.pm
cp lib/HTML/FormHandler/Widget/Field/Text.pm blib/lib/HTML/FormHandler/Widget/Field/Text.pm
cp lib/HTML/FormHandler/Widget/Wrapper/Base.pm blib/lib/HTML/FormHandler/Widget/Wrapper/Base.pm
cp lib/HTML/FormHandler/Widget/Field/CheckboxGroup.pm blib/lib/HTML/FormHandler/Widget/Field/CheckboxGroup.pm
cp lib/HTML/FormHandler/Widget/Field/Span.pm blib/lib/HTML/FormHandler/Widget/Field/Span.pm
cp lib/HTML/FormHandler/Widget/Field/RadioGroup.pm blib/lib/HTML/FormHandler/Widget/Field/RadioGroup.pm
cp lib/HTML/FormHandler/Widget/Field/Repeatable.pm blib/lib/HTML/FormHandler/Widget/Field/Repeatable.pm
cp lib/HTML/FormHandler/Widget/Field/Submit.pm blib/lib/HTML/FormHandler/Widget/Field/Submit.pm
cp lib/HTML/FormHandler/Widget/Field/Checkbox.pm blib/lib/HTML/FormHandler/Widget/Field/Checkbox.pm
cp lib/HTML/FormHandler/Widget/Theme/BootstrapFormMessages.pm blib/lib/HTML/FormHandler/Widget/Theme/BootstrapFormMessages.pm
cp lib/HTML/FormHandler/Widget/Field/Textarea.pm blib/lib/HTML/FormHandler/Widget/Field/Textarea.pm
cp lib/HTML/FormHandler/Widget/Field/Role/SelectedOption.pm blib/lib/HTML/FormHandler/Widget/Field/Role/SelectedOption.pm
cp lib/HTML/FormHandler/Widget/Form/Role/HTMLAttributes.pm blib/lib/HTML/FormHandler/Widget/Form/Role/HTMLAttributes.pm
cp lib/HTML/FormHandler/Widget/Field/Upload.pm blib/lib/HTML/FormHandler/Widget/Field/Upload.pm
cp lib/HTML/FormHandler/Widget/Field/Password.pm blib/lib/HTML/FormHandler/Widget/Field/Password.pm
cp lib/HTML/FormHandler/Widget/Field/Reset.pm blib/lib/HTML/FormHandler/Widget/Field/Reset.pm
cp lib/HTML/FormHandler/Widget/Field/Role/HTMLAttributes.pm blib/lib/HTML/FormHandler/Widget/Field/Role/HTMLAttributes.pm
cp lib/HTML/FormHandler/Widget/Theme/Bootstrap.pm blib/lib/HTML/FormHandler/Widget/Theme/Bootstrap.pm
cp lib/HTML/FormHandler/Widget/Theme/Bootstrap3.pm blib/lib/HTML/FormHandler/Widget/Theme/Bootstrap3.pm
cp lib/HTML/FormHandler/Widget/Field/Hidden.pm blib/lib/HTML/FormHandler/Widget/Field/Hidden.pm
cp lib/HTML/FormHandler/Widget/Field/Select.pm blib/lib/HTML/FormHandler/Widget/Field/Select.pm
cp lib/HTML/FormHandler/Widget/Field/HorizCheckboxGroup.pm blib/lib/HTML/FormHandler/Widget/Field/HorizCheckboxGroup.pm
cp lib/HTML/FormHandler/Widget/Form/Table.pm blib/lib/HTML/FormHandler/Widget/Form/Table.pm
cp lib/HTML/FormHandler/Widget/Form/Simple.pm blib/lib/HTML/FormHandler/Widget/Form/Simple.pm
cp lib/HTML/FormHandler/Wizard.pm blib/lib/HTML/FormHandler/Wizard.pm
cp lib/HTML/FormHandler/Widget/Wrapper/None.pm blib/lib/HTML/FormHandler/Widget/Wrapper/None.pm
cp lib/HTML/FormHandler/Widget/Wrapper/SimpleInline.pm blib/lib/HTML/FormHandler/Widget/Wrapper/SimpleInline.pm
cp lib/HTML/FormHandler/Widget/Wrapper/Fieldset.pm blib/lib/HTML/FormHandler/Widget/Wrapper/Fieldset.pm
cp lib/HTML/FormHandler/Widget/Wrapper/Bootstrap.pm blib/lib/HTML/FormHandler/Widget/Wrapper/Bootstrap.pm
cp lib/HTML/FormHandler/Widget/Wrapper/Bootstrap3.pm blib/lib/HTML/FormHandler/Widget/Wrapper/Bootstrap3.pm
cp lib/HTML/FormHandler/Widget/Wrapper/TableInline.pm blib/lib/HTML/FormHandler/Widget/Wrapper/TableInline.pm
cp lib/HTML/FormHandler/Widget/Wrapper/Simple.pm blib/lib/HTML/FormHandler/Widget/Wrapper/Simple.pm
cp lib/HTML/FormHandler/Widget/Wrapper/Table.pm blib/lib/HTML/FormHandler/Widget/Wrapper/Table.pm
Manifying 28 pod documents
Manifying 26 pod documents
Manifying 28 pod documents
Manifying 27 pod documents
Manifying 24 pod documents
Manifying 22 pod documents
Manifying 2 pod documents
installing
install flags: SHELL=/nix/store/9fqwwd4iybmhjqyxiaxycknslw6bgwh1-bash-4.4-p23/bin/bash pkgconfigdir=/nix/store/2h5ddrd4cjnqkj7f11pahj4fi9lwbnxy-perl5.32.0-HTML-FormHandler-0.40068/lib/pkgconfig m4datadir=/nix/store/2h5ddrd4cjnqkj7f11pahj4fi9lwbnxy-perl5.32.0-HTML-FormHandler-0.40068/share/aclocal aclocaldir=/nix/store/2h5ddrd4cjnqkj7f11pahj4fi9lwbnxy-perl5.32.0-HTML-FormHandler-0.40068/share/aclocal install
Skip blib/lib/auto/share/dist/HTML-FormHandler/templates/field/checkbox_group.tt (unchanged)
Skip blib/lib/auto/share/dist/HTML-FormHandler/templates/field/radio_group.tt (unchanged)
Skip blib/lib/auto/share/dist/HTML-FormHandler/templates/form/form_end.tt (unchanged)
Skip blib/lib/auto/share/dist/HTML-FormHandler/templates/field/checkbox.tt (unchanged)
Skip blib/lib/auto/share/dist/HTML-FormHandler/templates/foo/start_form.tt (unchanged)
Skip blib/lib/auto/share/dist/HTML-FormHandler/templates/field/reset.tt (unchanged)
Skip blib/lib/auto/share/dist/HTML-FormHandler/templates/foo/form.tt (unchanged)
Skip blib/lib/auto/share/dist/HTML-FormHandler/templates/foo/field.tt (unchanged)
Skip blib/lib/auto/share/dist/HTML-FormHandler/templates/foo/end_form.tt (unchanged)
Skip blib/lib/auto/share/dist/HTML-FormHandler/templates/field/password.tt (unchanged)
Skip blib/lib/auto/share/dist/HTML-FormHandler/templates/field/compound.tt (unchanged)
Skip blib/lib/auto/share/dist/HTML-FormHandler/templates/foo/checkbox_tag.tt (unchanged)
Skip blib/lib/auto/share/dist/HTML-FormHandler/templates/field/submit.tt (unchanged)
Skip blib/lib/auto/share/dist/HTML-FormHandler/templates/field/repeatable.tt (unchanged)
Skip blib/lib/auto/share/dist/HTML-FormHandler/templates/field/text.tt (unchanged)
Skip blib/lib/auto/share/dist/HTML-FormHandler/templates/foo/input_tag.tt (unchanged)
Skip blib/lib/auto/share/dist/HTML-FormHandler/templates/form/form22.tt (unchanged)
Skip blib/lib/auto/share/dist/HTML-FormHandler/templates/foo/input.tt (unchanged)
Skip blib/lib/auto/share/dist/HTML-FormHandler/templates/field/textarea.tt (unchanged)
Skip blib/lib/auto/share/dist/HTML-FormHandler/templates/field/button.tt (unchanged)
Skip blib/lib/auto/share/dist/HTML-FormHandler/templates/field/hidden.tt (unchanged)
Skip blib/lib/auto/share/dist/HTML-FormHandler/templates/foo/label.tt (unchanged)
Skip blib/lib/auto/share/dist/HTML-FormHandler/templates/form/form.tt (unchanged)
Skip blib/lib/auto/share/dist/HTML-FormHandler/templates/field/upload.tt (unchanged)
Skip blib/lib/auto/share/dist/HTML-FormHandler/templates/field/select.tt (unchanged)
Skip blib/lib/auto/share/dist/HTML-FormHandler/templates/wrapper/simple.tt (unchanged)
Skip blib/lib/auto/share/dist/HTML-FormHandler/templates/form/form_start.tt (unchanged)
Skip blib/lib/auto/share/dist/HTML-FormHandler/templates/form/form_in_one.tt (unchanged)
Skip blib/lib/auto/share/dist/HTML-FormHandler/templates/wrapper/fieldset.tt (unchanged)
Skip blib/lib/auto/share/dist/HTML-FormHandler/templates/wrapper/wrap_label.tt (unchanged)
Skip blib/lib/auto/share/dist/HTML-FormHandler/templates/wrapper/none.tt (unchanged)
Skip blib/lib/auto/share/dist/HTML-FormHandler/templates/wrapper/label.tt (unchanged)
Manifying 28 pod documents
Manifying 26 pod documents
Manifying 28 pod documents
Manifying 27 pod documents
Manifying 24 pod documents
Manifying 22 pod documents
Manifying 2 pod documents
Installing /nix/store/2h5ddrd4cjnqkj7f11pahj4fi9lwbnxy-perl5.32.0-HTML-FormHandler-0.40068/lib/perl5/site_perl/5.32.0/auto/share/dist/HTML-FormHandler/templates/foo/start_form.tt
Installing /nix/store/2h5ddrd4cjnqkj7f11pahj4fi9lwbnxy-perl5.32.0-HTML-FormHandler-0.40068/lib/perl5/site_perl/5.32.0/auto/share/dist/HTML-FormHandler/templates/foo/checkbox_tag.tt
Installing /nix/store/2h5ddrd4cjnqkj7f11pahj4fi9lwbnxy-perl5.32.0-HTML-FormHandler-0.40068/lib/perl5/site_perl/5.32.0/auto/share/dist/HTML-FormHandler/templates/foo/label.tt
Installing /nix/store/2h5ddrd4cjnqkj7f11pahj4fi9lwbnxy-perl5.32.0-HTML-FormHandler-0.40068/lib/perl5/site_perl/5.32.0/auto/share/dist/HTML-FormHandler/templates/foo/form.tt
Installing /nix/store/2h5ddrd4cjnqkj7f11pahj4fi9lwbnxy-perl5.32.0-HTML-FormHandler-0.40068/lib/perl5/site_perl/5.32.0/auto/share/dist/HTML-FormHandler/templates/foo/field.tt
Installing /nix/store/2h5ddrd4cjnqkj7f11pahj4fi9lwbnxy-perl5.32.0-HTML-FormHandler-0.40068/lib/perl5/site_perl/5.32.0/auto/share/dist/HTML-FormHandler/templates/foo/input_tag.tt
Installing /nix/store/2h5ddrd4cjnqkj7f11pahj4fi9lwbnxy-perl5.32.0-HTML-FormHandler-0.40068/lib/perl5/site_perl/5.32.0/auto/share/dist/HTML-FormHandler/templates/foo/end_form.tt
Installing /nix/store/2h5ddrd4cjnqkj7f11pahj4fi9lwbnxy-perl5.32.0-HTML-FormHandler-0.40068/lib/perl5/site_perl/5.32.0/auto/share/dist/HTML-FormHandler/templates/foo/input.tt
Installing /nix/store/2h5ddrd4cjnqkj7f11pahj4fi9lwbnxy-perl5.32.0-HTML-FormHandler-0.40068/lib/perl5/site_perl/5.32.0/auto/share/dist/HTML-FormHandler/templates/field/hidden.tt
Installing /nix/store/2h5ddrd4cjnqkj7f11pahj4fi9lwbnxy-perl5.32.0-HTML-FormHandler-0.40068/lib/perl5/site_perl/5.32.0/auto/share/dist/HTML-FormHandler/templates/field/password.tt
Installing /nix/store/2h5ddrd4cjnqkj7f11pahj4fi9lwbnxy-perl5.32.0-HTML-FormHandler-0.40068/lib/perl5/site_perl/5.32.0/auto/share/dist/HTML-FormHandler/templates/field/upload.tt
Installing /nix/store/2h5ddrd4cjnqkj7f11pahj4fi9lwbnxy-perl5.32.0-HTML-FormHandler-0.40068/lib/perl5/site_perl/5.32.0/auto/share/dist/HTML-FormHandler/templates/field/text.tt
Installing /nix/store/2h5ddrd4cjnqkj7f11pahj4fi9lwbnxy-perl5.32.0-HTML-FormHandler-0.40068/lib/perl5/site_perl/5.32.0/auto/share/dist/HTML-FormHandler/templates/field/button.tt
Installing /nix/store/2h5ddrd4cjnqkj7f11pahj4fi9lwbnxy-perl5.32.0-HTML-FormHandler-0.40068/lib/perl5/site_perl/5.32.0/auto/share/dist/HTML-FormHandler/templates/field/radio_group.tt
Installing /nix/store/2h5ddrd4cjnqkj7f11pahj4fi9lwbnxy-perl5.32.0-HTML-FormHandler-0.40068/lib/perl5/site_perl/5.32.0/auto/share/dist/HTML-FormHandler/templates/field/checkbox.tt
Installing /nix/store/2h5ddrd4cjnqkj7f11pahj4fi9lwbnxy-perl5.32.0-HTML-FormHandler-0.40068/lib/perl5/site_perl/5.32.0/auto/share/dist/HTML-FormHandler/templates/field/repeatable.tt
Installing /nix/store/2h5ddrd4cjnqkj7f11pahj4fi9lwbnxy-perl5.32.0-HTML-FormHandler-0.40068/lib/perl5/site_perl/5.32.0/auto/share/dist/HTML-FormHandler/templates/field/compound.tt
Installing /nix/store/2h5ddrd4cjnqkj7f11pahj4fi9lwbnxy-perl5.32.0-HTML-FormHandler-0.40068/lib/perl5/site_perl/5.32.0/auto/share/dist/HTML-FormHandler/templates/field/select.tt
Installing /nix/store/2h5ddrd4cjnqkj7f11pahj4fi9lwbnxy-perl5.32.0-HTML-FormHandler-0.40068/lib/perl5/site_perl/5.32.0/auto/share/dist/HTML-FormHandler/templates/field/reset.tt
Installing /nix/store/2h5ddrd4cjnqkj7f11pahj4fi9lwbnxy-perl5.32.0-HTML-FormHandler-0.40068/lib/perl5/site_perl/5.32.0/auto/share/dist/HTML-FormHandler/templates/field/textarea.tt
Installing /nix/store/2h5ddrd4cjnqkj7f11pahj4fi9lwbnxy-perl5.32.0-HTML-FormHandler-0.40068/lib/perl5/site_perl/5.32.0/auto/share/dist/HTML-FormHandler/templates/field/checkbox_group.tt
Installing /nix/store/2h5ddrd4cjnqkj7f11pahj4fi9lwbnxy-perl5.32.0-HTML-FormHandler-0.40068/lib/perl5/site_perl/5.32.0/auto/share/dist/HTML-FormHandler/templates/field/submit.tt
Installing /nix/store/2h5ddrd4cjnqkj7f11pahj4fi9lwbnxy-perl5.32.0-HTML-FormHandler-0.40068/lib/perl5/site_perl/5.32.0/auto/share/dist/HTML-FormHandler/templates/wrapper/label.tt
Installing /nix/store/2h5ddrd4cjnqkj7f11pahj4fi9lwbnxy-perl5.32.0-HTML-FormHandler-0.40068/lib/perl5/site_perl/5.32.0/auto/share/dist/HTML-FormHandler/templates/wrapper/fieldset.tt
Installing /nix/store/2h5ddrd4cjnqkj7f11pahj4fi9lwbnxy-perl5.32.0-HTML-FormHandler-0.40068/lib/perl5/site_perl/5.32.0/auto/share/dist/HTML-FormHandler/templates/wrapper/wrap_label.tt
Installing /nix/store/2h5ddrd4cjnqkj7f11pahj4fi9lwbnxy-perl5.32.0-HTML-FormHandler-0.40068/lib/perl5/site_perl/5.32.0/auto/share/dist/HTML-FormHandler/templates/wrapper/simple.tt
Installing /nix/store/2h5ddrd4cjnqkj7f11pahj4fi9lwbnxy-perl5.32.0-HTML-FormHandler-0.40068/lib/perl5/site_perl/5.32.0/auto/share/dist/HTML-FormHandler/templates/wrapper/none.tt
Installing /nix/store/2h5ddrd4cjnqkj7f11pahj4fi9lwbnxy-perl5.32.0-HTML-FormHandler-0.40068/lib/perl5/site_perl/5.32.0/auto/share/dist/HTML-FormHandler/templates/form/form_start.tt
Installing /nix/store/2h5ddrd4cjnqkj7f11pahj4fi9lwbnxy-perl5.32.0-HTML-FormHandler-0.40068/lib/perl5/site_perl/5.32.0/auto/share/dist/HTML-FormHandler/templates/form/form_in_one.tt
Installing /nix/store/2h5ddrd4cjnqkj7f11pahj4fi9lwbnxy-perl5.32.0-HTML-FormHandler-0.40068/lib/perl5/site_perl/5.32.0/auto/share/dist/HTML-FormHandler/templates/form/form.tt
Installing /nix/store/2h5ddrd4cjnqkj7f11pahj4fi9lwbnxy-perl5.32.0-HTML-FormHandler-0.40068/lib/perl5/site_perl/5.32.0/auto/share/dist/HTML-FormHandler/templates/form/form22.tt
Installing /nix/store/2h5ddrd4cjnqkj7f11pahj4fi9lwbnxy-perl5.32.0-HTML-FormHandler-0.40068/lib/perl5/site_perl/5.32.0/auto/share/dist/HTML-FormHandler/templates/form/form_end.tt
Installing /nix/store/2h5ddrd4cjnqkj7f11pahj4fi9lwbnxy-perl5.32.0-HTML-FormHandler-0.40068/lib/perl5/site_perl/5.32.0/HTML/FormHandler.pm
Installing /nix/store/2h5ddrd4cjnqkj7f11pahj4fi9lwbnxy-perl5.32.0-HTML-FormHandler-0.40068/lib/perl5/site_perl/5.32.0/HTML/FormHandler/Wizard.pm
Installing /nix/store/2h5ddrd4cjnqkj7f11pahj4fi9lwbnxy-perl5.32.0-HTML-FormHandler-0.40068/lib/perl5/site_perl/5.32.0/HTML/FormHandler/Types.pm
Installing /nix/store/2h5ddrd4cjnqkj7f11pahj4fi9lwbnxy-perl5.32.0-HTML-FormHandler-0.40068/lib/perl5/site_perl/5.32.0/HTML/FormHandler/Fields.pm
Installing /nix/store/2h5ddrd4cjnqkj7f11pahj4fi9lwbnxy-perl5.32.0-HTML-FormHandler-0.40068/lib/perl5/site_perl/5.32.0/HTML/FormHandler/Model.pm
Installing /nix/store/2h5ddrd4cjnqkj7f11pahj4fi9lwbnxy-perl5.32.0-HTML-FormHandler-0.40068/lib/perl5/site_perl/5.32.0/HTML/FormHandler/I18N.pm
Installing /nix/store/2h5ddrd4cjnqkj7f11pahj4fi9lwbnxy-perl5.32.0-HTML-FormHandler-0.40068/lib/perl5/site_perl/5.32.0/HTML/FormHandler/Manual.pod
Installing /nix/store/2h5ddrd4cjnqkj7f11pahj4fi9lwbnxy-perl5.32.0-HTML-FormHandler-0.40068/lib/perl5/site_perl/5.32.0/HTML/FormHandler/BuildPages.pm
Installing /nix/store/2h5ddrd4cjnqkj7f11pahj4fi9lwbnxy-perl5.32.0-HTML-FormHandler-0.40068/lib/perl5/site_perl/5.32.0/HTML/FormHandler/Foo.pm
Installing /nix/store/2h5ddrd4cjnqkj7f11pahj4fi9lwbnxy-perl5.32.0-HTML-FormHandler-0.40068/lib/perl5/site_perl/5.32.0/HTML/FormHandler/Test.pm
Installing /nix/store/2h5ddrd4cjnqkj7f11pahj4fi9lwbnxy-perl5.32.0-HTML-FormHandler-0.40068/lib/perl5/site_perl/5.32.0/HTML/FormHandler/Params.pm
Installing /nix/store/2h5ddrd4cjnqkj7f11pahj4fi9lwbnxy-perl5.32.0-HTML-FormHandler-0.40068/lib/perl5/site_perl/5.32.0/HTML/FormHandler/Traits.pm
Installing /nix/store/2h5ddrd4cjnqkj7f11pahj4fi9lwbnxy-perl5.32.0-HTML-FormHandler-0.40068/lib/perl5/site_perl/5.32.0/HTML/FormHandler/BuildFields.pm
Installing /nix/store/2h5ddrd4cjnqkj7f11pahj4fi9lwbnxy-perl5.32.0-HTML-FormHandler-0.40068/lib/perl5/site_perl/5.32.0/HTML/FormHandler/Blocks.pm
Installing /nix/store/2h5ddrd4cjnqkj7f11pahj4fi9lwbnxy-perl5.32.0-HTML-FormHandler-0.40068/lib/perl5/site_perl/5.32.0/HTML/FormHandler/Moose.pm
Installing /nix/store/2h5ddrd4cjnqkj7f11pahj4fi9lwbnxy-perl5.32.0-HTML-FormHandler-0.40068/lib/perl5/site_perl/5.32.0/HTML/FormHandler/Result.pm
Installing /nix/store/2h5ddrd4cjnqkj7f11pahj4fi9lwbnxy-perl5.32.0-HTML-FormHandler-0.40068/lib/perl5/site_perl/5.32.0/HTML/FormHandler/Pages.pm
Installing /nix/store/2h5ddrd4cjnqkj7f11pahj4fi9lwbnxy-perl5.32.0-HTML-FormHandler-0.40068/lib/perl5/site_perl/5.32.0/HTML/FormHandler/InitResult.pm
Installing /nix/store/2h5ddrd4cjnqkj7f11pahj4fi9lwbnxy-perl5.32.0-HTML-FormHandler-0.40068/lib/perl5/site_perl/5.32.0/HTML/FormHandler/Validate.pm
Installing /nix/store/2h5ddrd4cjnqkj7f11pahj4fi9lwbnxy-perl5.32.0-HTML-FormHandler-0.40068/lib/perl5/site_perl/5.32.0/HTML/FormHandler/Field.pm
Installing /nix/store/2h5ddrd4cjnqkj7f11pahj4fi9lwbnxy-perl5.32.0-HTML-FormHandler-0.40068/lib/perl5/site_perl/5.32.0/HTML/FormHandler/Merge.pm
Installing /nix/store/2h5ddrd4cjnqkj7f11pahj4fi9lwbnxy-perl5.32.0-HTML-FormHandler-0.40068/lib/perl5/site_perl/5.32.0/HTML/FormHandler/Base.pm
Installing /nix/store/2h5ddrd4cjnqkj7f11pahj4fi9lwbnxy-perl5.32.0-HTML-FormHandler-0.40068/lib/perl5/site_perl/5.32.0/HTML/FormHandler/Page.pm
Installing /nix/store/2h5ddrd4cjnqkj7f11pahj4fi9lwbnxy-perl5.32.0-HTML-FormHandler-0.40068/lib/perl5/site_perl/5.32.0/HTML/FormHandler/Model/Object.pm
Installing /nix/store/2h5ddrd4cjnqkj7f11pahj4fi9lwbnxy-perl5.32.0-HTML-FormHandler-0.40068/lib/perl5/site_perl/5.32.0/HTML/FormHandler/Model/CDBI.pm
Installing /nix/store/2h5ddrd4cjnqkj7f11pahj4fi9lwbnxy-perl5.32.0-HTML-FormHandler-0.40068/lib/perl5/site_perl/5.32.0/HTML/FormHandler/Field/IntRange.pm
Installing /nix/store/2h5ddrd4cjnqkj7f11pahj4fi9lwbnxy-perl5.32.0-HTML-FormHandler-0.40068/lib/perl5/site_perl/5.32.0/HTML/FormHandler/Field/DateMDY.pm
Installing /nix/store/2h5ddrd4cjnqkj7f11pahj4fi9lwbnxy-perl5.32.0-HTML-FormHandler-0.40068/lib/perl5/site_perl/5.32.0/HTML/FormHandler/Field/TextArea.pm
Installing /nix/store/2h5ddrd4cjnqkj7f11pahj4fi9lwbnxy-perl5.32.0-HTML-FormHandler-0.40068/lib/perl5/site_perl/5.32.0/HTML/FormHandler/Field/Password.pm
Installing /nix/store/2h5ddrd4cjnqkj7f11pahj4fi9lwbnxy-perl5.32.0-HTML-FormHandler-0.40068/lib/perl5/site_perl/5.32.0/HTML/FormHandler/Field/Captcha.pm
Installing /nix/store/2h5ddrd4cjnqkj7f11pahj4fi9lwbnxy-perl5.32.0-HTML-FormHandler-0.40068/lib/perl5/site_perl/5.32.0/HTML/FormHandler/Field/BoolSelect.pm
Installing /nix/store/2h5ddrd4cjnqkj7f11pahj4fi9lwbnxy-perl5.32.0-HTML-FormHandler-0.40068/lib/perl5/site_perl/5.32.0/HTML/FormHandler/Field/SelectCSV.pm
Installing /nix/store/2h5ddrd4cjnqkj7f11pahj4fi9lwbnxy-perl5.32.0-HTML-FormHandler-0.40068/lib/perl5/site_perl/5.32.0/HTML/FormHandler/Field/Email.pm
Installing /nix/store/2h5ddrd4cjnqkj7f11pahj4fi9lwbnxy-perl5.32.0-HTML-FormHandler-0.40068/lib/perl5/site_perl/5.32.0/HTML/FormHandler/Field/Button.pm
Installing /nix/store/2h5ddrd4cjnqkj7f11pahj4fi9lwbnxy-perl5.32.0-HTML-FormHandler-0.40068/lib/perl5/site_perl/5.32.0/HTML/FormHandler/Field/Hidden.pm
Installing /nix/store/2h5ddrd4cjnqkj7f11pahj4fi9lwbnxy-perl5.32.0-HTML-FormHandler-0.40068/lib/perl5/site_perl/5.32.0/HTML/FormHandler/Field/RequestToken.pm
Installing /nix/store/2h5ddrd4cjnqkj7f11pahj4fi9lwbnxy-perl5.32.0-HTML-FormHandler-0.40068/lib/perl5/site_perl/5.32.0/HTML/FormHandler/Field/Hour.pm
Installing /nix/store/2h5ddrd4cjnqkj7f11pahj4fi9lwbnxy-perl5.32.0-HTML-FormHandler-0.40068/lib/perl5/site_perl/5.32.0/HTML/FormHandler/Field/Upload.pm
Installing /nix/store/2h5ddrd4cjnqkj7f11pahj4fi9lwbnxy-perl5.32.0-HTML-FormHandler-0.40068/lib/perl5/site_perl/5.32.0/HTML/FormHandler/Field/NoValue.pm
Installing /nix/store/2h5ddrd4cjnqkj7f11pahj4fi9lwbnxy-perl5.32.0-HTML-FormHandler-0.40068/lib/perl5/site_perl/5.32.0/HTML/FormHandler/Field/Date.pm
Installing /nix/store/2h5ddrd4cjnqkj7f11pahj4fi9lwbnxy-perl5.32.0-HTML-FormHandler-0.40068/lib/perl5/site_perl/5.32.0/HTML/FormHandler/Field/Submit.pm
Installing /nix/store/2h5ddrd4cjnqkj7f11pahj4fi9lwbnxy-perl5.32.0-HTML-FormHandler-0.40068/lib/perl5/site_perl/5.32.0/HTML/FormHandler/Field/Boolean.pm
Installing /nix/store/2h5ddrd4cjnqkj7f11pahj4fi9lwbnxy-perl5.32.0-HTML-FormHandler-0.40068/lib/perl5/site_perl/5.32.0/HTML/FormHandler/Field/Second.pm
Installing /nix/store/2h5ddrd4cjnqkj7f11pahj4fi9lwbnxy-perl5.32.0-HTML-FormHandler-0.40068/lib/perl5/site_perl/5.32.0/HTML/FormHandler/Field/Weekday.pm
Installing /nix/store/2h5ddrd4cjnqkj7f11pahj4fi9lwbnxy-perl5.32.0-HTML-FormHandler-0.40068/lib/perl5/site_perl/5.32.0/HTML/FormHandler/Field/Float.pm
Installing /nix/store/2h5ddrd4cjnqkj7f11pahj4fi9lwbnxy-perl5.32.0-HTML-FormHandler-0.40068/lib/perl5/site_perl/5.32.0/HTML/FormHandler/Field/Display.pm
Installing /nix/store/2h5ddrd4cjnqkj7f11pahj4fi9lwbnxy-perl5.32.0-HTML-FormHandler-0.40068/lib/perl5/site_perl/5.32.0/HTML/FormHandler/Field/File.pm
Installing /nix/store/2h5ddrd4cjnqkj7f11pahj4fi9lwbnxy-perl5.32.0-HTML-FormHandler-0.40068/lib/perl5/site_perl/5.32.0/HTML/FormHandler/Field/DateTime.pm
Installing /nix/store/2h5ddrd4cjnqkj7f11pahj4fi9lwbnxy-perl5.32.0-HTML-FormHandler-0.40068/lib/perl5/site_perl/5.32.0/HTML/FormHandler/Field/Money.pm
Installing /nix/store/2h5ddrd4cjnqkj7f11pahj4fi9lwbnxy-perl5.32.0-HTML-FormHandler-0.40068/lib/perl5/site_perl/5.32.0/HTML/FormHandler/Field/Multiple.pm
Installing /nix/store/2h5ddrd4cjnqkj7f11pahj4fi9lwbnxy-perl5.32.0-HTML-FormHandler-0.40068/lib/perl5/site_perl/5.32.0/HTML/FormHandler/Field/MonthName.pm
Installing /nix/store/2h5ddrd4cjnqkj7f11pahj4fi9lwbnxy-perl5.32.0-HTML-FormHandler-0.40068/lib/perl5/site_perl/5.32.0/HTML/FormHandler/Field/Compound.pm
Installing /nix/store/2h5ddrd4cjnqkj7f11pahj4fi9lwbnxy-perl5.32.0-HTML-FormHandler-0.40068/lib/perl5/site_perl/5.32.0/HTML/FormHandler/Field/NonEditable.pm
Installing /nix/store/2h5ddrd4cjnqkj7f11pahj4fi9lwbnxy-perl5.32.0-HTML-FormHandler-0.40068/lib/perl5/site_perl/5.32.0/HTML/FormHandler/Field/Integer.pm
Installing /nix/store/2h5ddrd4cjnqkj7f11pahj4fi9lwbnxy-perl5.32.0-HTML-FormHandler-0.40068/lib/perl5/site_perl/5.32.0/HTML/FormHandler/Field/AddElement.pm
Installing /nix/store/2h5ddrd4cjnqkj7f11pahj4fi9lwbnxy-perl5.32.0-HTML-FormHandler-0.40068/lib/perl5/site_perl/5.32.0/HTML/FormHandler/Field/PrimaryKey.pm
Installing /nix/store/2h5ddrd4cjnqkj7f11pahj4fi9lwbnxy-perl5.32.0-HTML-FormHandler-0.40068/lib/perl5/site_perl/5.32.0/HTML/FormHandler/Field/Result.pm
Installing /nix/store/2h5ddrd4cjnqkj7f11pahj4fi9lwbnxy-perl5.32.0-HTML-FormHandler-0.40068/lib/perl5/site_perl/5.32.0/HTML/FormHandler/Field/Nested.pm
Installing /nix/store/2h5ddrd4cjnqkj7f11pahj4fi9lwbnxy-perl5.32.0-HTML-FormHandler-0.40068/lib/perl5/site_perl/5.32.0/HTML/FormHandler/Field/PasswordConf.pm
Installing /nix/store/2h5ddrd4cjnqkj7f11pahj4fi9lwbnxy-perl5.32.0-HTML-FormHandler-0.40068/lib/perl5/site_perl/5.32.0/HTML/FormHandler/Field/Reset.pm
Installing /nix/store/2h5ddrd4cjnqkj7f11pahj4fi9lwbnxy-perl5.32.0-HTML-FormHandler-0.40068/lib/perl5/site_perl/5.32.0/HTML/FormHandler/Field/Select.pm
Installing /nix/store/2h5ddrd4cjnqkj7f11pahj4fi9lwbnxy-perl5.32.0-HTML-FormHandler-0.40068/lib/perl5/site_perl/5.32.0/HTML/FormHandler/Field/RmElement.pm
Installing /nix/store/2h5ddrd4cjnqkj7f11pahj4fi9lwbnxy-perl5.32.0-HTML-FormHandler-0.40068/lib/perl5/site_perl/5.32.0/HTML/FormHandler/Field/MonthDay.pm
Installing /nix/store/2h5ddrd4cjnqkj7f11pahj4fi9lwbnxy-perl5.32.0-HTML-FormHandler-0.40068/lib/perl5/site_perl/5.32.0/HTML/FormHandler/Field/PosInteger.pm
Installing /nix/store/2h5ddrd4cjnqkj7f11pahj4fi9lwbnxy-perl5.32.0-HTML-FormHandler-0.40068/lib/perl5/site_perl/5.32.0/HTML/FormHandler/Field/Text.pm
Installing /nix/store/2h5ddrd4cjnqkj7f11pahj4fi9lwbnxy-perl5.32.0-HTML-FormHandler-0.40068/lib/perl5/site_perl/5.32.0/HTML/FormHandler/Field/TextCSV.pm
Installing /nix/store/2h5ddrd4cjnqkj7f11pahj4fi9lwbnxy-perl5.32.0-HTML-FormHandler-0.40068/lib/perl5/site_perl/5.32.0/HTML/FormHandler/Field/Month.pm
Installing /nix/store/2h5ddrd4cjnqkj7f11pahj4fi9lwbnxy-perl5.32.0-HTML-FormHandler-0.40068/lib/perl5/site_perl/5.32.0/HTML/FormHandler/Field/Repeatable.pm
Installing /nix/store/2h5ddrd4cjnqkj7f11pahj4fi9lwbnxy-perl5.32.0-HTML-FormHandler-0.40068/lib/perl5/site_perl/5.32.0/HTML/FormHandler/Field/Duration.pm
Installing /nix/store/2h5ddrd4cjnqkj7f11pahj4fi9lwbnxy-perl5.32.0-HTML-FormHandler-0.40068/lib/perl5/site_perl/5.32.0/HTML/FormHandler/Field/Year.pm
Installing /nix/store/2h5ddrd4cjnqkj7f11pahj4fi9lwbnxy-perl5.32.0-HTML-FormHandler-0.40068/lib/perl5/site_perl/5.32.0/HTML/FormHandler/Field/Minute.pm
Installing /nix/store/2h5ddrd4cjnqkj7f11pahj4fi9lwbnxy-perl5.32.0-HTML-FormHandler-0.40068/lib/perl5/site_perl/5.32.0/HTML/FormHandler/Field/Checkbox.pm
Installing /nix/store/2h5ddrd4cjnqkj7f11pahj4fi9lwbnxy-perl5.32.0-HTML-FormHandler-0.40068/lib/perl5/site_perl/5.32.0/HTML/FormHandler/Field/Role/RequestToken.pm
Installing /nix/store/2h5ddrd4cjnqkj7f11pahj4fi9lwbnxy-perl5.32.0-HTML-FormHandler-0.40068/lib/perl5/site_perl/5.32.0/HTML/FormHandler/Field/Repeatable/Instance.pm
Installing /nix/store/2h5ddrd4cjnqkj7f11pahj4fi9lwbnxy-perl5.32.0-HTML-FormHandler-0.40068/lib/perl5/site_perl/5.32.0/HTML/FormHandler/Moose/Role.pm
Installing /nix/store/2h5ddrd4cjnqkj7f11pahj4fi9lwbnxy-perl5.32.0-HTML-FormHandler-0.40068/lib/perl5/site_perl/5.32.0/HTML/FormHandler/Manual/Intro.pod
Installing /nix/store/2h5ddrd4cjnqkj7f11pahj4fi9lwbnxy-perl5.32.0-HTML-FormHandler-0.40068/lib/perl5/site_perl/5.32.0/HTML/FormHandler/Manual/Templates.pod
Installing /nix/store/2h5ddrd4cjnqkj7f11pahj4fi9lwbnxy-perl5.32.0-HTML-FormHandler-0.40068/lib/perl5/site_perl/5.32.0/HTML/FormHandler/Manual/Testing.pod
Installing /nix/store/2h5ddrd4cjnqkj7f11pahj4fi9lwbnxy-perl5.32.0-HTML-FormHandler-0.40068/lib/perl5/site_perl/5.32.0/HTML/FormHandler/Manual/RenderingCookbook.pod
Installing /nix/store/2h5ddrd4cjnqkj7f11pahj4fi9lwbnxy-perl5.32.0-HTML-FormHandler-0.40068/lib/perl5/site_perl/5.32.0/HTML/FormHandler/Manual/Catalyst.pod
Installing /nix/store/2h5ddrd4cjnqkj7f11pahj4fi9lwbnxy-perl5.32.0-HTML-FormHandler-0.40068/lib/perl5/site_perl/5.32.0/HTML/FormHandler/Manual/InflationDeflation.pod
Installing /nix/store/2h5ddrd4cjnqkj7f11pahj4fi9lwbnxy-perl5.32.0-HTML-FormHandler-0.40068/lib/perl5/site_perl/5.32.0/HTML/FormHandler/Manual/Cookbook.pod
Installing /nix/store/2h5ddrd4cjnqkj7f11pahj4fi9lwbnxy-perl5.32.0-HTML-FormHandler-0.40068/lib/perl5/site_perl/5.32.0/HTML/FormHandler/Manual/Reference.pod
Installing /nix/store/2h5ddrd4cjnqkj7f11pahj4fi9lwbnxy-perl5.32.0-HTML-FormHandler-0.40068/lib/perl5/site_perl/5.32.0/HTML/FormHandler/Manual/Defaults.pod
Installing /nix/store/2h5ddrd4cjnqkj7f11pahj4fi9lwbnxy-perl5.32.0-HTML-FormHandler-0.40068/lib/perl5/site_perl/5.32.0/HTML/FormHandler/Manual/FromFF.pod
Installing /nix/store/2h5ddrd4cjnqkj7f11pahj4fi9lwbnxy-perl5.32.0-HTML-FormHandler-0.40068/lib/perl5/site_perl/5.32.0/HTML/FormHandler/Manual/Rendering.pod
Installing /nix/store/2h5ddrd4cjnqkj7f11pahj4fi9lwbnxy-perl5.32.0-HTML-FormHandler-0.40068/lib/perl5/site_perl/5.32.0/HTML/FormHandler/Manual/Validation.pod
Installing /nix/store/2h5ddrd4cjnqkj7f11pahj4fi9lwbnxy-perl5.32.0-HTML-FormHandler-0.40068/lib/perl5/site_perl/5.32.0/HTML/FormHandler/Manual/Tutorial.pod
Installing /nix/store/2h5ddrd4cjnqkj7f11pahj4fi9lwbnxy-perl5.32.0-HTML-FormHandler-0.40068/lib/perl5/site_perl/5.32.0/HTML/FormHandler/Manual/Fields.pod
Installing /nix/store/2h5ddrd4cjnqkj7f11pahj4fi9lwbnxy-perl5.32.0-HTML-FormHandler-0.40068/lib/perl5/site_perl/5.32.0/HTML/FormHandler/Manual/Errors.pod
Installing /nix/store/2h5ddrd4cjnqkj7f11pahj4fi9lwbnxy-perl5.32.0-HTML-FormHandler-0.40068/lib/perl5/site_perl/5.32.0/HTML/FormHandler/Manual/Database.pod
Installing /nix/store/2h5ddrd4cjnqkj7f11pahj4fi9lwbnxy-perl5.32.0-HTML-FormHandler-0.40068/lib/perl5/site_perl/5.32.0/HTML/FormHandler/Manual/FromDFV.pod
Installing /nix/store/2h5ddrd4cjnqkj7f11pahj4fi9lwbnxy-perl5.32.0-HTML-FormHandler-0.40068/lib/perl5/site_perl/5.32.0/HTML/FormHandler/Result/Role.pm
Installing /nix/store/2h5ddrd4cjnqkj7f11pahj4fi9lwbnxy-perl5.32.0-HTML-FormHandler-0.40068/lib/perl5/site_perl/5.32.0/HTML/FormHandler/TraitFor/Types.pm
Installing /nix/store/2h5ddrd4cjnqkj7f11pahj4fi9lwbnxy-perl5.32.0-HTML-FormHandler-0.40068/lib/perl5/site_perl/5.32.0/HTML/FormHandler/TraitFor/Captcha.pm
Installing /nix/store/2h5ddrd4cjnqkj7f11pahj4fi9lwbnxy-perl5.32.0-HTML-FormHandler-0.40068/lib/perl5/site_perl/5.32.0/HTML/FormHandler/TraitFor/I18N.pm
Installing /nix/store/2h5ddrd4cjnqkj7f11pahj4fi9lwbnxy-perl5.32.0-HTML-FormHandler-0.40068/lib/perl5/site_perl/5.32.0/HTML/FormHandler/Widget/ApplyRole.pm
Installing /nix/store/2h5ddrd4cjnqkj7f11pahj4fi9lwbnxy-perl5.32.0-HTML-FormHandler-0.40068/lib/perl5/site_perl/5.32.0/HTML/FormHandler/Widget/Block.pm
Installing /nix/store/2h5ddrd4cjnqkj7f11pahj4fi9lwbnxy-perl5.32.0-HTML-FormHandler-0.40068/lib/perl5/site_perl/5.32.0/HTML/FormHandler/Widget/Form/Table.pm
Installing /nix/store/2h5ddrd4cjnqkj7f11pahj4fi9lwbnxy-perl5.32.0-HTML-FormHandler-0.40068/lib/perl5/site_perl/5.32.0/HTML/FormHandler/Widget/Form/Simple.pm
Installing /nix/store/2h5ddrd4cjnqkj7f11pahj4fi9lwbnxy-perl5.32.0-HTML-FormHandler-0.40068/lib/perl5/site_perl/5.32.0/HTML/FormHandler/Widget/Form/Role/HTMLAttributes.pm
Installing /nix/store/2h5ddrd4cjnqkj7f11pahj4fi9lwbnxy-perl5.32.0-HTML-FormHandler-0.40068/lib/perl5/site_perl/5.32.0/HTML/FormHandler/Widget/Block/Bootstrap.pm
Installing /nix/store/2h5ddrd4cjnqkj7f11pahj4fi9lwbnxy-perl5.32.0-HTML-FormHandler-0.40068/lib/perl5/site_perl/5.32.0/HTML/FormHandler/Widget/Field/Password.pm
Installing /nix/store/2h5ddrd4cjnqkj7f11pahj4fi9lwbnxy-perl5.32.0-HTML-FormHandler-0.40068/lib/perl5/site_perl/5.32.0/HTML/FormHandler/Widget/Field/Captcha.pm
Installing /nix/store/2h5ddrd4cjnqkj7f11pahj4fi9lwbnxy-perl5.32.0-HTML-FormHandler-0.40068/lib/perl5/site_perl/5.32.0/HTML/FormHandler/Widget/Field/RadioGroup.pm
Installing /nix/store/2h5ddrd4cjnqkj7f11pahj4fi9lwbnxy-perl5.32.0-HTML-FormHandler-0.40068/lib/perl5/site_perl/5.32.0/HTML/FormHandler/Widget/Field/Button.pm
Installing /nix/store/2h5ddrd4cjnqkj7f11pahj4fi9lwbnxy-perl5.32.0-HTML-FormHandler-0.40068/lib/perl5/site_perl/5.32.0/HTML/FormHandler/Widget/Field/HorizCheckboxGroup.pm
Installing /nix/store/2h5ddrd4cjnqkj7f11pahj4fi9lwbnxy-perl5.32.0-HTML-FormHandler-0.40068/lib/perl5/site_perl/5.32.0/HTML/FormHandler/Widget/Field/Span.pm
Installing /nix/store/2h5ddrd4cjnqkj7f11pahj4fi9lwbnxy-perl5.32.0-HTML-FormHandler-0.40068/lib/perl5/site_perl/5.32.0/HTML/FormHandler/Widget/Field/Hidden.pm
Installing /nix/store/2h5ddrd4cjnqkj7f11pahj4fi9lwbnxy-perl5.32.0-HTML-FormHandler-0.40068/lib/perl5/site_perl/5.32.0/HTML/FormHandler/Widget/Field/Upload.pm
Installing /nix/store/2h5ddrd4cjnqkj7f11pahj4fi9lwbnxy-perl5.32.0-HTML-FormHandler-0.40068/lib/perl5/site_perl/5.32.0/HTML/FormHandler/Widget/Field/CheckboxGroup.pm
Installing /nix/store/2h5ddrd4cjnqkj7f11pahj4fi9lwbnxy-perl5.32.0-HTML-FormHandler-0.40068/lib/perl5/site_perl/5.32.0/HTML/FormHandler/Widget/Field/Submit.pm
Installing /nix/store/2h5ddrd4cjnqkj7f11pahj4fi9lwbnxy-perl5.32.0-HTML-FormHandler-0.40068/lib/perl5/site_perl/5.32.0/HTML/FormHandler/Widget/Field/NoRender.pm
Installing /nix/store/2h5ddrd4cjnqkj7f11pahj4fi9lwbnxy-perl5.32.0-HTML-FormHandler-0.40068/lib/perl5/site_perl/5.32.0/HTML/FormHandler/Widget/Field/Compound.pm
Installing /nix/store/2h5ddrd4cjnqkj7f11pahj4fi9lwbnxy-perl5.32.0-HTML-FormHandler-0.40068/lib/perl5/site_perl/5.32.0/HTML/FormHandler/Widget/Field/ButtonTag.pm
Installing /nix/store/2h5ddrd4cjnqkj7f11pahj4fi9lwbnxy-perl5.32.0-HTML-FormHandler-0.40068/lib/perl5/site_perl/5.32.0/HTML/FormHandler/Widget/Field/Reset.pm
Installing /nix/store/2h5ddrd4cjnqkj7f11pahj4fi9lwbnxy-perl5.32.0-HTML-FormHandler-0.40068/lib/perl5/site_perl/5.32.0/HTML/FormHandler/Widget/Field/Textarea.pm
Installing /nix/store/2h5ddrd4cjnqkj7f11pahj4fi9lwbnxy-perl5.32.0-HTML-FormHandler-0.40068/lib/perl5/site_perl/5.32.0/HTML/FormHandler/Widget/Field/Select.pm
Installing /nix/store/2h5ddrd4cjnqkj7f11pahj4fi9lwbnxy-perl5.32.0-HTML-FormHandler-0.40068/lib/perl5/site_perl/5.32.0/HTML/FormHandler/Widget/Field/Text.pm
Installing /nix/store/2h5ddrd4cjnqkj7f11pahj4fi9lwbnxy-perl5.32.0-HTML-FormHandler-0.40068/lib/perl5/site_perl/5.32.0/HTML/FormHandler/Widget/Field/Repeatable.pm
Installing /nix/store/2h5ddrd4cjnqkj7f11pahj4fi9lwbnxy-perl5.32.0-HTML-FormHandler-0.40068/lib/perl5/site_perl/5.32.0/HTML/FormHandler/Widget/Field/Checkbox.pm
Installing /nix/store/2h5ddrd4cjnqkj7f11pahj4fi9lwbnxy-perl5.32.0-HTML-FormHandler-0.40068/lib/perl5/site_perl/5.32.0/HTML/FormHandler/Widget/Field/Role/SelectedOption.pm
Installing /nix/store/2h5ddrd4cjnqkj7f11pahj4fi9lwbnxy-perl5.32.0-HTML-FormHandler-0.40068/lib/perl5/site_perl/5.32.0/HTML/FormHandler/Widget/Field/Role/HTMLAttributes.pm
Installing /nix/store/2h5ddrd4cjnqkj7f11pahj4fi9lwbnxy-perl5.32.0-HTML-FormHandler-0.40068/lib/perl5/site_perl/5.32.0/HTML/FormHandler/Widget/Theme/BootstrapFormMessages.pm
Installing /nix/store/2h5ddrd4cjnqkj7f11pahj4fi9lwbnxy-perl5.32.0-HTML-FormHandler-0.40068/lib/perl5/site_perl/5.32.0/HTML/FormHandler/Widget/Theme/Bootstrap.pm
Installing /nix/store/2h5ddrd4cjnqkj7f11pahj4fi9lwbnxy-perl5.32.0-HTML-FormHandler-0.40068/lib/perl5/site_perl/5.32.0/HTML/FormHandler/Widget/Theme/Bootstrap3.pm
Installing /nix/store/2h5ddrd4cjnqkj7f11pahj4fi9lwbnxy-perl5.32.0-HTML-FormHandler-0.40068/lib/perl5/site_perl/5.32.0/HTML/FormHandler/Widget/Wrapper/TableInline.pm
Installing /nix/store/2h5ddrd4cjnqkj7f11pahj4fi9lwbnxy-perl5.32.0-HTML-FormHandler-0.40068/lib/perl5/site_perl/5.32.0/HTML/FormHandler/Widget/Wrapper/SimpleInline.pm
Installing /nix/store/2h5ddrd4cjnqkj7f11pahj4fi9lwbnxy-perl5.32.0-HTML-FormHandler-0.40068/lib/perl5/site_perl/5.32.0/HTML/FormHandler/Widget/Wrapper/Table.pm
Installing /nix/store/2h5ddrd4cjnqkj7f11pahj4fi9lwbnxy-perl5.32.0-HTML-FormHandler-0.40068/lib/perl5/site_perl/5.32.0/HTML/FormHandler/Widget/Wrapper/None.pm
Installing /nix/store/2h5ddrd4cjnqkj7f11pahj4fi9lwbnxy-perl5.32.0-HTML-FormHandler-0.40068/lib/perl5/site_perl/5.32.0/HTML/FormHandler/Widget/Wrapper/Fieldset.pm
Installing /nix/store/2h5ddrd4cjnqkj7f11pahj4fi9lwbnxy-perl5.32.0-HTML-FormHandler-0.40068/lib/perl5/site_perl/5.32.0/HTML/FormHandler/Widget/Wrapper/Bootstrap.pm
Installing /nix/store/2h5ddrd4cjnqkj7f11pahj4fi9lwbnxy-perl5.32.0-HTML-FormHandler-0.40068/lib/perl5/site_perl/5.32.0/HTML/FormHandler/Widget/Wrapper/Bootstrap3.pm
Installing /nix/store/2h5ddrd4cjnqkj7f11pahj4fi9lwbnxy-perl5.32.0-HTML-FormHandler-0.40068/lib/perl5/site_perl/5.32.0/HTML/FormHandler/Widget/Wrapper/Simple.pm
Installing /nix/store/2h5ddrd4cjnqkj7f11pahj4fi9lwbnxy-perl5.32.0-HTML-FormHandler-0.40068/lib/perl5/site_perl/5.32.0/HTML/FormHandler/Widget/Wrapper/Base.pm
Installing /nix/store/2h5ddrd4cjnqkj7f11pahj4fi9lwbnxy-perl5.32.0-HTML-FormHandler-0.40068/lib/perl5/site_perl/5.32.0/HTML/FormHandler/I18N/ja_jp.pm
Installing /nix/store/2h5ddrd4cjnqkj7f11pahj4fi9lwbnxy-perl5.32.0-HTML-FormHandler-0.40068/lib/perl5/site_perl/5.32.0/HTML/FormHandler/I18N/bg_bg.pm
Installing /nix/store/2h5ddrd4cjnqkj7f11pahj4fi9lwbnxy-perl5.32.0-HTML-FormHandler-0.40068/lib/perl5/site_perl/5.32.0/HTML/FormHandler/I18N/es_es.pm
Installing /nix/store/2h5ddrd4cjnqkj7f11pahj4fi9lwbnxy-perl5.32.0-HTML-FormHandler-0.40068/lib/perl5/site_perl/5.32.0/HTML/FormHandler/I18N/ru_ru.pm
Installing /nix/store/2h5ddrd4cjnqkj7f11pahj4fi9lwbnxy-perl5.32.0-HTML-FormHandler-0.40068/lib/perl5/site_perl/5.32.0/HTML/FormHandler/I18N/hu_hu.pm
Installing /nix/store/2h5ddrd4cjnqkj7f11pahj4fi9lwbnxy-perl5.32.0-HTML-FormHandler-0.40068/lib/perl5/site_perl/5.32.0/HTML/FormHandler/I18N/en_us.pm
Installing /nix/store/2h5ddrd4cjnqkj7f11pahj4fi9lwbnxy-perl5.32.0-HTML-FormHandler-0.40068/lib/perl5/site_perl/5.32.0/HTML/FormHandler/I18N/ca_es.pm
Installing /nix/store/2h5ddrd4cjnqkj7f11pahj4fi9lwbnxy-perl5.32.0-HTML-FormHandler-0.40068/lib/perl5/site_perl/5.32.0/HTML/FormHandler/I18N/pt_br.pm
Installing /nix/store/2h5ddrd4cjnqkj7f11pahj4fi9lwbnxy-perl5.32.0-HTML-FormHandler-0.40068/lib/perl5/site_perl/5.32.0/HTML/FormHandler/I18N/tr_tr.pm
Installing /nix/store/2h5ddrd4cjnqkj7f11pahj4fi9lwbnxy-perl5.32.0-HTML-FormHandler-0.40068/lib/perl5/site_perl/5.32.0/HTML/FormHandler/I18N/cs_cz.pm
Installing /nix/store/2h5ddrd4cjnqkj7f11pahj4fi9lwbnxy-perl5.32.0-HTML-FormHandler-0.40068/lib/perl5/site_perl/5.32.0/HTML/FormHandler/I18N/de_de.pm
Installing /nix/store/2h5ddrd4cjnqkj7f11pahj4fi9lwbnxy-perl5.32.0-HTML-FormHandler-0.40068/lib/perl5/site_perl/5.32.0/HTML/FormHandler/I18N/sv_se.pm
Installing /nix/store/2h5ddrd4cjnqkj7f11pahj4fi9lwbnxy-perl5.32.0-HTML-FormHandler-0.40068/lib/perl5/site_perl/5.32.0/HTML/FormHandler/I18N/it_it.pm
Installing /nix/store/2h5ddrd4cjnqkj7f11pahj4fi9lwbnxy-perl5.32.0-HTML-FormHandler-0.40068/lib/perl5/site_perl/5.32.0/HTML/FormHandler/I18N/ar_kw.pm
Installing /nix/store/2h5ddrd4cjnqkj7f11pahj4fi9lwbnxy-perl5.32.0-HTML-FormHandler-0.40068/lib/perl5/site_perl/5.32.0/HTML/FormHandler/I18N/ua_ua.pm
Installing /nix/store/2h5ddrd4cjnqkj7f11pahj4fi9lwbnxy-perl5.32.0-HTML-FormHandler-0.40068/lib/perl5/site_perl/5.32.0/HTML/FormHandler/Render/Table.pm
Installing /nix/store/2h5ddrd4cjnqkj7f11pahj4fi9lwbnxy-perl5.32.0-HTML-FormHandler-0.40068/lib/perl5/site_perl/5.32.0/HTML/FormHandler/Render/Util.pm
Installing /nix/store/2h5ddrd4cjnqkj7f11pahj4fi9lwbnxy-perl5.32.0-HTML-FormHandler-0.40068/lib/perl5/site_perl/5.32.0/HTML/FormHandler/Render/WithTT.pm
Installing /nix/store/2h5ddrd4cjnqkj7f11pahj4fi9lwbnxy-perl5.32.0-HTML-FormHandler-0.40068/lib/perl5/site_perl/5.32.0/HTML/FormHandler/Render/RepeatableJs.pm
Installing /nix/store/2h5ddrd4cjnqkj7f11pahj4fi9lwbnxy-perl5.32.0-HTML-FormHandler-0.40068/lib/perl5/site_perl/5.32.0/HTML/FormHandler/Render/Simple.pm
Installing /nix/store/2h5ddrd4cjnqkj7f11pahj4fi9lwbnxy-perl5.32.0-HTML-FormHandler-0.40068/lib/perl5/site_perl/5.32.0/HTML/FormHandler/Page/Simple.pm
Installing /nix/store/2h5ddrd4cjnqkj7f11pahj4fi9lwbnxy-perl5.32.0-HTML-FormHandler-0.40068/lib/perl5/site_perl/5.32.0/HTML/FormHandler/Meta/Role.pm
Installing /nix/store/2h5ddrd4cjnqkj7f11pahj4fi9lwbnxy-perl5.32.0-HTML-FormHandler-0.40068/share/man/man3/HTML::FormHandler::Manual::Validation.3
Installing /nix/store/2h5ddrd4cjnqkj7f11pahj4fi9lwbnxy-perl5.32.0-HTML-FormHandler-0.40068/share/man/man3/HTML::FormHandler::Field::PasswordConf.3
Installing /nix/store/2h5ddrd4cjnqkj7f11pahj4fi9lwbnxy-perl5.32.0-HTML-FormHandler-0.40068/share/man/man3/HTML::FormHandler::Field::Date.3
Installing /nix/store/2h5ddrd4cjnqkj7f11pahj4fi9lwbnxy-perl5.32.0-HTML-FormHandler-0.40068/share/man/man3/HTML::FormHandler::Field::DateTime.3
Installing /nix/store/2h5ddrd4cjnqkj7f11pahj4fi9lwbnxy-perl5.32.0-HTML-FormHandler-0.40068/share/man/man3/HTML::FormHandler::Field::BoolSelect.3
Installing /nix/store/2h5ddrd4cjnqkj7f11pahj4fi9lwbnxy-perl5.32.0-HTML-FormHandler-0.40068/share/man/man3/HTML::FormHandler::Widget::Field::Button.3
Installing /nix/store/2h5ddrd4cjnqkj7f11pahj4fi9lwbnxy-perl5.32.0-HTML-FormHandler-0.40068/share/man/man3/HTML::FormHandler::Field::Nested.3
Installing /nix/store/2h5ddrd4cjnqkj7f11pahj4fi9lwbnxy-perl5.32.0-HTML-FormHandler-0.40068/share/man/man3/HTML::FormHandler::Widget::Field::Password.3
Installing /nix/store/2h5ddrd4cjnqkj7f11pahj4fi9lwbnxy-perl5.32.0-HTML-FormHandler-0.40068/share/man/man3/HTML::FormHandler::Widget::Field::Textarea.3
Installing /nix/store/2h5ddrd4cjnqkj7f11pahj4fi9lwbnxy-perl5.32.0-HTML-FormHandler-0.40068/share/man/man3/HTML::FormHandler::Manual::Testing.3
Installing /nix/store/2h5ddrd4cjnqkj7f11pahj4fi9lwbnxy-perl5.32.0-HTML-FormHandler-0.40068/share/man/man3/HTML::FormHandler::TraitFor::Types.3
Installing /nix/store/2h5ddrd4cjnqkj7f11pahj4fi9lwbnxy-perl5.32.0-HTML-FormHandler-0.40068/share/man/man3/HTML::FormHandler::I18N::tr_tr.3
Installing /nix/store/2h5ddrd4cjnqkj7f11pahj4fi9lwbnxy-perl5.32.0-HTML-FormHandler-0.40068/share/man/man3/HTML::FormHandler::Manual::FromDFV.3
Installing /nix/store/2h5ddrd4cjnqkj7f11pahj4fi9lwbnxy-perl5.32.0-HTML-FormHandler-0.40068/share/man/man3/HTML::FormHandler::Params.3
Installing /nix/store/2h5ddrd4cjnqkj7f11pahj4fi9lwbnxy-perl5.32.0-HTML-FormHandler-0.40068/share/man/man3/HTML::FormHandler::Widget::Field::Repeatable.3
Installing /nix/store/2h5ddrd4cjnqkj7f11pahj4fi9lwbnxy-perl5.32.0-HTML-FormHandler-0.40068/share/man/man3/HTML::FormHandler::Field::File.3
Installing /nix/store/2h5ddrd4cjnqkj7f11pahj4fi9lwbnxy-perl5.32.0-HTML-FormHandler-0.40068/share/man/man3/HTML::FormHandler::Field::Repeatable::Instance.3
Installing /nix/store/2h5ddrd4cjnqkj7f11pahj4fi9lwbnxy-perl5.32.0-HTML-FormHandler-0.40068/share/man/man3/HTML::FormHandler::Field::Password.3
Installing /nix/store/2h5ddrd4cjnqkj7f11pahj4fi9lwbnxy-perl5.32.0-HTML-FormHandler-0.40068/share/man/man3/HTML::FormHandler::Widget::Field::Role::SelectedOption.3
Installing /nix/store/2h5ddrd4cjnqkj7f11pahj4fi9lwbnxy-perl5.32.0-HTML-FormHandler-0.40068/share/man/man3/HTML::FormHandler::Manual::Errors.3
Installing /nix/store/2h5ddrd4cjnqkj7f11pahj4fi9lwbnxy-perl5.32.0-HTML-FormHandler-0.40068/share/man/man3/HTML::FormHandler::Merge.3
Installing /nix/store/2h5ddrd4cjnqkj7f11pahj4fi9lwbnxy-perl5.32.0-HTML-FormHandler-0.40068/share/man/man3/HTML::FormHandler::Field::Multiple.3
Installing /nix/store/2h5ddrd4cjnqkj7f11pahj4fi9lwbnxy-perl5.32.0-HTML-FormHandler-0.40068/share/man/man3/HTML::FormHandler::Field::Text.3
Installing /nix/store/2h5ddrd4cjnqkj7f11pahj4fi9lwbnxy-perl5.32.0-HTML-FormHandler-0.40068/share/man/man3/HTML::FormHandler::Widget::Field::NoRender.3
Installing /nix/store/2h5ddrd4cjnqkj7f11pahj4fi9lwbnxy-perl5.32.0-HTML-FormHandler-0.40068/share/man/man3/HTML::FormHandler::Field::Integer.3
Installing /nix/store/2h5ddrd4cjnqkj7f11pahj4fi9lwbnxy-perl5.32.0-HTML-FormHandler-0.40068/share/man/man3/HTML::FormHandler::Field::Hidden.3
Installing /nix/store/2h5ddrd4cjnqkj7f11pahj4fi9lwbnxy-perl5.32.0-HTML-FormHandler-0.40068/share/man/man3/HTML::FormHandler::Wizard.3
Installing /nix/store/2h5ddrd4cjnqkj7f11pahj4fi9lwbnxy-perl5.32.0-HTML-FormHandler-0.40068/share/man/man3/HTML::FormHandler::Field::Checkbox.3
Installing /nix/store/2h5ddrd4cjnqkj7f11pahj4fi9lwbnxy-perl5.32.0-HTML-FormHandler-0.40068/share/man/man3/HTML::FormHandler::Widget::Field::Hidden.3
Installing /nix/store/2h5ddrd4cjnqkj7f11pahj4fi9lwbnxy-perl5.32.0-HTML-FormHandler-0.40068/share/man/man3/HTML::FormHandler::Field::Compound.3
Installing /nix/store/2h5ddrd4cjnqkj7f11pahj4fi9lwbnxy-perl5.32.0-HTML-FormHandler-0.40068/share/man/man3/HTML::FormHandler::Widget::Wrapper::Table.3
Installing /nix/store/2h5ddrd4cjnqkj7f11pahj4fi9lwbnxy-perl5.32.0-HTML-FormHandler-0.40068/share/man/man3/HTML::FormHandler::Field::RmElement.3
Installing /nix/store/2h5ddrd4cjnqkj7f11pahj4fi9lwbnxy-perl5.32.0-HTML-FormHandler-0.40068/share/man/man3/HTML::FormHandler::Page::Simple.3
Installing /nix/store/2h5ddrd4cjnqkj7f11pahj4fi9lwbnxy-perl5.32.0-HTML-FormHandler-0.40068/share/man/man3/HTML::FormHandler::I18N::bg_bg.3
Installing /nix/store/2h5ddrd4cjnqkj7f11pahj4fi9lwbnxy-perl5.32.0-HTML-FormHandler-0.40068/share/man/man3/HTML::FormHandler::I18N.3
Installing /nix/store/2h5ddrd4cjnqkj7f11pahj4fi9lwbnxy-perl5.32.0-HTML-FormHandler-0.40068/share/man/man3/HTML::FormHandler::Widget::Theme::BootstrapFormMessages.3
Installing /nix/store/2h5ddrd4cjnqkj7f11pahj4fi9lwbnxy-perl5.32.0-HTML-FormHandler-0.40068/share/man/man3/HTML::FormHandler::Field::DateMDY.3
Installing /nix/store/2h5ddrd4cjnqkj7f11pahj4fi9lwbnxy-perl5.32.0-HTML-FormHandler-0.40068/share/man/man3/HTML::FormHandler::Widget::Field::Captcha.3
Installing /nix/store/2h5ddrd4cjnqkj7f11pahj4fi9lwbnxy-perl5.32.0-HTML-FormHandler-0.40068/share/man/man3/HTML::FormHandler::Field::Result.3
Installing /nix/store/2h5ddrd4cjnqkj7f11pahj4fi9lwbnxy-perl5.32.0-HTML-FormHandler-0.40068/share/man/man3/HTML::FormHandler::Result::Role.3
Installing /nix/store/2h5ddrd4cjnqkj7f11pahj4fi9lwbnxy-perl5.32.0-HTML-FormHandler-0.40068/share/man/man3/HTML::FormHandler::Model::Object.3
Installing /nix/store/2h5ddrd4cjnqkj7f11pahj4fi9lwbnxy-perl5.32.0-HTML-FormHandler-0.40068/share/man/man3/HTML::FormHandler::Field::NoValue.3
Installing /nix/store/2h5ddrd4cjnqkj7f11pahj4fi9lwbnxy-perl5.32.0-HTML-FormHandler-0.40068/share/man/man3/HTML::FormHandler::Test.3
Installing /nix/store/2h5ddrd4cjnqkj7f11pahj4fi9lwbnxy-perl5.32.0-HTML-FormHandler-0.40068/share/man/man3/HTML::FormHandler::Field::Button.3
Installing /nix/store/2h5ddrd4cjnqkj7f11pahj4fi9lwbnxy-perl5.32.0-HTML-FormHandler-0.40068/share/man/man3/HTML::FormHandler::Widget::Wrapper::None.3
Installing /nix/store/2h5ddrd4cjnqkj7f11pahj4fi9lwbnxy-perl5.32.0-HTML-FormHandler-0.40068/share/man/man3/HTML::FormHandler::Widget::Form::Table.3
Installing /nix/store/2h5ddrd4cjnqkj7f11pahj4fi9lwbnxy-perl5.32.0-HTML-FormHandler-0.40068/share/man/man3/HTML::FormHandler::Blocks.3
Installing /nix/store/2h5ddrd4cjnqkj7f11pahj4fi9lwbnxy-perl5.32.0-HTML-FormHandler-0.40068/share/man/man3/HTML::FormHandler::Manual::InflationDeflation.3
Installing /nix/store/2h5ddrd4cjnqkj7f11pahj4fi9lwbnxy-perl5.32.0-HTML-FormHandler-0.40068/share/man/man3/HTML::FormHandler::Render::Util.3
Installing /nix/store/2h5ddrd4cjnqkj7f11pahj4fi9lwbnxy-perl5.32.0-HTML-FormHandler-0.40068/share/man/man3/HTML::FormHandler::Widget::Block::Bootstrap.3
Installing /nix/store/2h5ddrd4cjnqkj7f11pahj4fi9lwbnxy-perl5.32.0-HTML-FormHandler-0.40068/share/man/man3/HTML::FormHandler::Types.3
Installing /nix/store/2h5ddrd4cjnqkj7f11pahj4fi9lwbnxy-perl5.32.0-HTML-FormHandler-0.40068/share/man/man3/HTML::FormHandler::Field.3
Installing /nix/store/2h5ddrd4cjnqkj7f11pahj4fi9lwbnxy-perl5.32.0-HTML-FormHandler-0.40068/share/man/man3/HTML::FormHandler::Field::Role::RequestToken.3
Installing /nix/store/2h5ddrd4cjnqkj7f11pahj4fi9lwbnxy-perl5.32.0-HTML-FormHandler-0.40068/share/man/man3/HTML::FormHandler::Manual::Rendering.3
Installing /nix/store/2h5ddrd4cjnqkj7f11pahj4fi9lwbnxy-perl5.32.0-HTML-FormHandler-0.40068/share/man/man3/HTML::FormHandler::Field::Captcha.3
Installing /nix/store/2h5ddrd4cjnqkj7f11pahj4fi9lwbnxy-perl5.32.0-HTML-FormHandler-0.40068/share/man/man3/HTML::FormHandler::Meta::Role.3
Installing /nix/store/2h5ddrd4cjnqkj7f11pahj4fi9lwbnxy-perl5.32.0-HTML-FormHandler-0.40068/share/man/man3/HTML::FormHandler::Field::Submit.3
Installing /nix/store/2h5ddrd4cjnqkj7f11pahj4fi9lwbnxy-perl5.32.0-HTML-FormHandler-0.40068/share/man/man3/HTML::FormHandler::Field::PosInteger.3
Installing /nix/store/2h5ddrd4cjnqkj7f11pahj4fi9lwbnxy-perl5.32.0-HTML-FormHandler-0.40068/share/man/man3/HTML::FormHandler::Render::RepeatableJs.3
Installing /nix/store/2h5ddrd4cjnqkj7f11pahj4fi9lwbnxy-perl5.32.0-HTML-FormHandler-0.40068/share/man/man3/HTML::FormHandler::Widget::Field::Span.3
Installing /nix/store/2h5ddrd4cjnqkj7f11pahj4fi9lwbnxy-perl5.32.0-HTML-FormHandler-0.40068/share/man/man3/HTML::FormHandler::Manual::Reference.3
Installing /nix/store/2h5ddrd4cjnqkj7f11pahj4fi9lwbnxy-perl5.32.0-HTML-FormHandler-0.40068/share/man/man3/HTML::FormHandler::I18N::hu_hu.3
Installing /nix/store/2h5ddrd4cjnqkj7f11pahj4fi9lwbnxy-perl5.32.0-HTML-FormHandler-0.40068/share/man/man3/HTML::FormHandler::TraitFor::Captcha.3
Installing /nix/store/2h5ddrd4cjnqkj7f11pahj4fi9lwbnxy-perl5.32.0-HTML-FormHandler-0.40068/share/man/man3/HTML::FormHandler::Widget::Theme::Bootstrap3.3
Installing /nix/store/2h5ddrd4cjnqkj7f11pahj4fi9lwbnxy-perl5.32.0-HTML-FormHandler-0.40068/share/man/man3/HTML::FormHandler::I18N::ua_ua.3
Installing /nix/store/2h5ddrd4cjnqkj7f11pahj4fi9lwbnxy-perl5.32.0-HTML-FormHandler-0.40068/share/man/man3/HTML::FormHandler::Field::SelectCSV.3
Installing /nix/store/2h5ddrd4cjnqkj7f11pahj4fi9lwbnxy-perl5.32.0-HTML-FormHandler-0.40068/share/man/man3/HTML::FormHandler::Render::Table.3
Installing /nix/store/2h5ddrd4cjnqkj7f11pahj4fi9lwbnxy-perl5.32.0-HTML-FormHandler-0.40068/share/man/man3/HTML::FormHandler::Widget::Wrapper::Fieldset.3
Installing /nix/store/2h5ddrd4cjnqkj7f11pahj4fi9lwbnxy-perl5.32.0-HTML-FormHandler-0.40068/share/man/man3/HTML::FormHandler::Field::MonthName.3
Installing /nix/store/2h5ddrd4cjnqkj7f11pahj4fi9lwbnxy-perl5.32.0-HTML-FormHandler-0.40068/share/man/man3/HTML::FormHandler::Field::AddElement.3
Installing /nix/store/2h5ddrd4cjnqkj7f11pahj4fi9lwbnxy-perl5.32.0-HTML-FormHandler-0.40068/share/man/man3/HTML::FormHandler::Widget::Theme::Bootstrap.3
Installing /nix/store/2h5ddrd4cjnqkj7f11pahj4fi9lwbnxy-perl5.32.0-HTML-FormHandler-0.40068/share/man/man3/HTML::FormHandler::I18N::pt_br.3
Installing /nix/store/2h5ddrd4cjnqkj7f11pahj4fi9lwbnxy-perl5.32.0-HTML-FormHandler-0.40068/share/man/man3/HTML::FormHandler::TraitFor::I18N.3
Installing /nix/store/2h5ddrd4cjnqkj7f11pahj4fi9lwbnxy-perl5.32.0-HTML-FormHandler-0.40068/share/man/man3/HTML::FormHandler::BuildFields.3
Installing /nix/store/2h5ddrd4cjnqkj7f11pahj4fi9lwbnxy-perl5.32.0-HTML-FormHandler-0.40068/share/man/man3/HTML::FormHandler::I18N::sv_se.3
Installing /nix/store/2h5ddrd4cjnqkj7f11pahj4fi9lwbnxy-perl5.32.0-HTML-FormHandler-0.40068/share/man/man3/HTML::FormHandler::Field::PrimaryKey.3
Installing /nix/store/2h5ddrd4cjnqkj7f11pahj4fi9lwbnxy-perl5.32.0-HTML-FormHandler-0.40068/share/man/man3/HTML::FormHandler::Widget::Field::Upload.3
Installing /nix/store/2h5ddrd4cjnqkj7f11pahj4fi9lwbnxy-perl5.32.0-HTML-FormHandler-0.40068/share/man/man3/HTML::FormHandler::Field::Hour.3
Installing /nix/store/2h5ddrd4cjnqkj7f11pahj4fi9lwbnxy-perl5.32.0-HTML-FormHandler-0.40068/share/man/man3/HTML::FormHandler::Manual::FromFF.3
Installing /nix/store/2h5ddrd4cjnqkj7f11pahj4fi9lwbnxy-perl5.32.0-HTML-FormHandler-0.40068/share/man/man3/HTML::FormHandler::Field::IntRange.3
Installing /nix/store/2h5ddrd4cjnqkj7f11pahj4fi9lwbnxy-perl5.32.0-HTML-FormHandler-0.40068/share/man/man3/HTML::FormHandler::Field::Duration.3
Installing /nix/store/2h5ddrd4cjnqkj7f11pahj4fi9lwbnxy-perl5.32.0-HTML-FormHandler-0.40068/share/man/man3/HTML::FormHandler::Manual.3
Installing /nix/store/2h5ddrd4cjnqkj7f11pahj4fi9lwbnxy-perl5.32.0-HTML-FormHandler-0.40068/share/man/man3/HTML::FormHandler::Field::Boolean.3
Installing /nix/store/2h5ddrd4cjnqkj7f11pahj4fi9lwbnxy-perl5.32.0-HTML-FormHandler-0.40068/share/man/man3/HTML::FormHandler::I18N::ja_jp.3
Installing /nix/store/2h5ddrd4cjnqkj7f11pahj4fi9lwbnxy-perl5.32.0-HTML-FormHandler-0.40068/share/man/man3/HTML::FormHandler::Widget::Field::Select.3
Installing /nix/store/2h5ddrd4cjnqkj7f11pahj4fi9lwbnxy-perl5.32.0-HTML-FormHandler-0.40068/share/man/man3/HTML::FormHandler::Widget::Field::Compound.3
Installing /nix/store/2h5ddrd4cjnqkj7f11pahj4fi9lwbnxy-perl5.32.0-HTML-FormHandler-0.40068/share/man/man3/HTML::FormHandler::Widget::Field::Text.3
Installing /nix/store/2h5ddrd4cjnqkj7f11pahj4fi9lwbnxy-perl5.32.0-HTML-FormHandler-0.40068/share/man/man3/HTML::FormHandler::Field::Weekday.3
Installing /nix/store/2h5ddrd4cjnqkj7f11pahj4fi9lwbnxy-perl5.32.0-HTML-FormHandler-0.40068/share/man/man3/HTML::FormHandler::Field::NonEditable.3
Installing /nix/store/2h5ddrd4cjnqkj7f11pahj4fi9lwbnxy-perl5.32.0-HTML-FormHandler-0.40068/share/man/man3/HTML::FormHandler::I18N::ru_ru.3
Installing /nix/store/2h5ddrd4cjnqkj7f11pahj4fi9lwbnxy-perl5.32.0-HTML-FormHandler-0.40068/share/man/man3/HTML::FormHandler::Base.3
Installing /nix/store/2h5ddrd4cjnqkj7f11pahj4fi9lwbnxy-perl5.32.0-HTML-FormHandler-0.40068/share/man/man3/HTML::FormHandler::Field::Float.3
Installing /nix/store/2h5ddrd4cjnqkj7f11pahj4fi9lwbnxy-perl5.32.0-HTML-FormHandler-0.40068/share/man/man3/HTML::FormHandler::Manual::RenderingCookbook.3
Installing /nix/store/2h5ddrd4cjnqkj7f11pahj4fi9lwbnxy-perl5.32.0-HTML-FormHandler-0.40068/share/man/man3/HTML::FormHandler::I18N::ca_es.3
Installing /nix/store/2h5ddrd4cjnqkj7f11pahj4fi9lwbnxy-perl5.32.0-HTML-FormHandler-0.40068/share/man/man3/HTML::FormHandler::Manual::Database.3
Installing /nix/store/2h5ddrd4cjnqkj7f11pahj4fi9lwbnxy-perl5.32.0-HTML-FormHandler-0.40068/share/man/man3/HTML::FormHandler::Field::Repeatable.3
Installing /nix/store/2h5ddrd4cjnqkj7f11pahj4fi9lwbnxy-perl5.32.0-HTML-FormHandler-0.40068/share/man/man3/HTML::FormHandler::Widget::Field::HorizCheckboxGroup.3
Installing /nix/store/2h5ddrd4cjnqkj7f11pahj4fi9lwbnxy-perl5.32.0-HTML-FormHandler-0.40068/share/man/man3/HTML::FormHandler::Widget::Wrapper::Bootstrap3.3
Installing /nix/store/2h5ddrd4cjnqkj7f11pahj4fi9lwbnxy-perl5.32.0-HTML-FormHandler-0.40068/share/man/man3/HTML::FormHandler::Field::Minute.3
Installing /nix/store/2h5ddrd4cjnqkj7f11pahj4fi9lwbnxy-perl5.32.0-HTML-FormHandler-0.40068/share/man/man3/HTML::FormHandler::Field::Money.3
Installing /nix/store/2h5ddrd4cjnqkj7f11pahj4fi9lwbnxy-perl5.32.0-HTML-FormHandler-0.40068/share/man/man3/HTML::FormHandler::Manual::Templates.3
Installing /nix/store/2h5ddrd4cjnqkj7f11pahj4fi9lwbnxy-perl5.32.0-HTML-FormHandler-0.40068/share/man/man3/HTML::FormHandler::Manual::Defaults.3
Installing /nix/store/2h5ddrd4cjnqkj7f11pahj4fi9lwbnxy-perl5.32.0-HTML-FormHandler-0.40068/share/man/man3/HTML::FormHandler::I18N::de_de.3
Installing /nix/store/2h5ddrd4cjnqkj7f11pahj4fi9lwbnxy-perl5.32.0-HTML-FormHandler-0.40068/share/man/man3/HTML::FormHandler::BuildPages.3
Installing /nix/store/2h5ddrd4cjnqkj7f11pahj4fi9lwbnxy-perl5.32.0-HTML-FormHandler-0.40068/share/man/man3/HTML::FormHandler::Widget::Field::Role::HTMLAttributes.3
Installing /nix/store/2h5ddrd4cjnqkj7f11pahj4fi9lwbnxy-perl5.32.0-HTML-FormHandler-0.40068/share/man/man3/HTML::FormHandler::Widget::Wrapper::TableInline.3
Installing /nix/store/2h5ddrd4cjnqkj7f11pahj4fi9lwbnxy-perl5.32.0-HTML-FormHandler-0.40068/share/man/man3/HTML::FormHandler::Field::Display.3
Installing /nix/store/2h5ddrd4cjnqkj7f11pahj4fi9lwbnxy-perl5.32.0-HTML-FormHandler-0.40068/share/man/man3/HTML::FormHandler::I18N::it_it.3
Installing /nix/store/2h5ddrd4cjnqkj7f11pahj4fi9lwbnxy-perl5.32.0-HTML-FormHandler-0.40068/share/man/man3/HTML::FormHandler::Traits.3
Installing /nix/store/2h5ddrd4cjnqkj7f11pahj4fi9lwbnxy-perl5.32.0-HTML-FormHandler-0.40068/share/man/man3/HTML::FormHandler::Widget::Form::Simple.3
Installing /nix/store/2h5ddrd4cjnqkj7f11pahj4fi9lwbnxy-perl5.32.0-HTML-FormHandler-0.40068/share/man/man3/HTML::FormHandler::Result.3
Installing /nix/store/2h5ddrd4cjnqkj7f11pahj4fi9lwbnxy-perl5.32.0-HTML-FormHandler-0.40068/share/man/man3/HTML::FormHandler::I18N::ar_kw.3
Installing /nix/store/2h5ddrd4cjnqkj7f11pahj4fi9lwbnxy-perl5.32.0-HTML-FormHandler-0.40068/share/man/man3/HTML::FormHandler::Field::RequestToken.3
Installing /nix/store/2h5ddrd4cjnqkj7f11pahj4fi9lwbnxy-perl5.32.0-HTML-FormHandler-0.40068/share/man/man3/HTML::FormHandler::Field::Month.3
Installing /nix/store/2h5ddrd4cjnqkj7f11pahj4fi9lwbnxy-perl5.32.0-HTML-FormHandler-0.40068/share/man/man3/HTML::FormHandler::Widget::Field::Checkbox.3
Installing /nix/store/2h5ddrd4cjnqkj7f11pahj4fi9lwbnxy-perl5.32.0-HTML-FormHandler-0.40068/share/man/man3/HTML::FormHandler::Fields.3
Installing /nix/store/2h5ddrd4cjnqkj7f11pahj4fi9lwbnxy-perl5.32.0-HTML-FormHandler-0.40068/share/man/man3/HTML::FormHandler::Foo.3
Installing /nix/store/2h5ddrd4cjnqkj7f11pahj4fi9lwbnxy-perl5.32.0-HTML-FormHandler-0.40068/share/man/man3/HTML::FormHandler::Widget::Field::Reset.3
Installing /nix/store/2h5ddrd4cjnqkj7f11pahj4fi9lwbnxy-perl5.32.0-HTML-FormHandler-0.40068/share/man/man3/HTML::FormHandler::Render::Simple.3
Installing /nix/store/2h5ddrd4cjnqkj7f11pahj4fi9lwbnxy-perl5.32.0-HTML-FormHandler-0.40068/share/man/man3/HTML::FormHandler::Widget::Wrapper::Base.3
Installing /nix/store/2h5ddrd4cjnqkj7f11pahj4fi9lwbnxy-perl5.32.0-HTML-FormHandler-0.40068/share/man/man3/HTML::FormHandler::Manual::Intro.3
Installing /nix/store/2h5ddrd4cjnqkj7f11pahj4fi9lwbnxy-perl5.32.0-HTML-FormHandler-0.40068/share/man/man3/HTML::FormHandler::Field::Upload.3
Installing /nix/store/2h5ddrd4cjnqkj7f11pahj4fi9lwbnxy-perl5.32.0-HTML-FormHandler-0.40068/share/man/man3/HTML::FormHandler::I18N::cs_cz.3
Installing /nix/store/2h5ddrd4cjnqkj7f11pahj4fi9lwbnxy-perl5.32.0-HTML-FormHandler-0.40068/share/man/man3/HTML::FormHandler::Moose::Role.3
Installing /nix/store/2h5ddrd4cjnqkj7f11pahj4fi9lwbnxy-perl5.32.0-HTML-FormHandler-0.40068/share/man/man3/HTML::FormHandler::I18N::en_us.3
Installing /nix/store/2h5ddrd4cjnqkj7f11pahj4fi9lwbnxy-perl5.32.0-HTML-FormHandler-0.40068/share/man/man3/HTML::FormHandler::Field::Select.3
Installing /nix/store/2h5ddrd4cjnqkj7f11pahj4fi9lwbnxy-perl5.32.0-HTML-FormHandler-0.40068/share/man/man3/HTML::FormHandler::Field::TextArea.3
Installing /nix/store/2h5ddrd4cjnqkj7f11pahj4fi9lwbnxy-perl5.32.0-HTML-FormHandler-0.40068/share/man/man3/HTML::FormHandler::Field::TextCSV.3
Installing /nix/store/2h5ddrd4cjnqkj7f11pahj4fi9lwbnxy-perl5.32.0-HTML-FormHandler-0.40068/share/man/man3/HTML::FormHandler::Widget::Field::ButtonTag.3
Installing /nix/store/2h5ddrd4cjnqkj7f11pahj4fi9lwbnxy-perl5.32.0-HTML-FormHandler-0.40068/share/man/man3/HTML::FormHandler::Manual::Cookbook.3
Installing /nix/store/2h5ddrd4cjnqkj7f11pahj4fi9lwbnxy-perl5.32.0-HTML-FormHandler-0.40068/share/man/man3/HTML::FormHandler::Widget::ApplyRole.3
Installing /nix/store/2h5ddrd4cjnqkj7f11pahj4fi9lwbnxy-perl5.32.0-HTML-FormHandler-0.40068/share/man/man3/HTML::FormHandler::Widget::Wrapper::Simple.3
Installing /nix/store/2h5ddrd4cjnqkj7f11pahj4fi9lwbnxy-perl5.32.0-HTML-FormHandler-0.40068/share/man/man3/HTML::FormHandler::Widget::Field::CheckboxGroup.3
Installing /nix/store/2h5ddrd4cjnqkj7f11pahj4fi9lwbnxy-perl5.32.0-HTML-FormHandler-0.40068/share/man/man3/HTML::FormHandler.3
Installing /nix/store/2h5ddrd4cjnqkj7f11pahj4fi9lwbnxy-perl5.32.0-HTML-FormHandler-0.40068/share/man/man3/HTML::FormHandler::Field::Second.3
Installing /nix/store/2h5ddrd4cjnqkj7f11pahj4fi9lwbnxy-perl5.32.0-HTML-FormHandler-0.40068/share/man/man3/HTML::FormHandler::Field::Email.3
Installing /nix/store/2h5ddrd4cjnqkj7f11pahj4fi9lwbnxy-perl5.32.0-HTML-FormHandler-0.40068/share/man/man3/HTML::FormHandler::Model.3
Installing /nix/store/2h5ddrd4cjnqkj7f11pahj4fi9lwbnxy-perl5.32.0-HTML-FormHandler-0.40068/share/man/man3/HTML::FormHandler::InitResult.3
Installing /nix/store/2h5ddrd4cjnqkj7f11pahj4fi9lwbnxy-perl5.32.0-HTML-FormHandler-0.40068/share/man/man3/HTML::FormHandler::Widget::Wrapper::Bootstrap.3
Installing /nix/store/2h5ddrd4cjnqkj7f11pahj4fi9lwbnxy-perl5.32.0-HTML-FormHandler-0.40068/share/man/man3/HTML::FormHandler::Render::WithTT.3
Installing /nix/store/2h5ddrd4cjnqkj7f11pahj4fi9lwbnxy-perl5.32.0-HTML-FormHandler-0.40068/share/man/man3/HTML::FormHandler::I18N::es_es.3
Installing /nix/store/2h5ddrd4cjnqkj7f11pahj4fi9lwbnxy-perl5.32.0-HTML-FormHandler-0.40068/share/man/man3/HTML::FormHandler::Widget::Block.3
Installing /nix/store/2h5ddrd4cjnqkj7f11pahj4fi9lwbnxy-perl5.32.0-HTML-FormHandler-0.40068/share/man/man3/HTML::FormHandler::Manual::Tutorial.3
Installing /nix/store/2h5ddrd4cjnqkj7f11pahj4fi9lwbnxy-perl5.32.0-HTML-FormHandler-0.40068/share/man/man3/HTML::FormHandler::Widget::Field::RadioGroup.3
Installing /nix/store/2h5ddrd4cjnqkj7f11pahj4fi9lwbnxy-perl5.32.0-HTML-FormHandler-0.40068/share/man/man3/HTML::FormHandler::Model::CDBI.3
Installing /nix/store/2h5ddrd4cjnqkj7f11pahj4fi9lwbnxy-perl5.32.0-HTML-FormHandler-0.40068/share/man/man3/HTML::FormHandler::Pages.3
Installing /nix/store/2h5ddrd4cjnqkj7f11pahj4fi9lwbnxy-perl5.32.0-HTML-FormHandler-0.40068/share/man/man3/HTML::FormHandler::Moose.3
Installing /nix/store/2h5ddrd4cjnqkj7f11pahj4fi9lwbnxy-perl5.32.0-HTML-FormHandler-0.40068/share/man/man3/HTML::FormHandler::Validate.3
Installing /nix/store/2h5ddrd4cjnqkj7f11pahj4fi9lwbnxy-perl5.32.0-HTML-FormHandler-0.40068/share/man/man3/HTML::FormHandler::Page.3
Installing /nix/store/2h5ddrd4cjnqkj7f11pahj4fi9lwbnxy-perl5.32.0-HTML-FormHandler-0.40068/share/man/man3/HTML::FormHandler::Field::Year.3
Installing /nix/store/2h5ddrd4cjnqkj7f11pahj4fi9lwbnxy-perl5.32.0-HTML-FormHandler-0.40068/share/man/man3/HTML::FormHandler::Field::Reset.3
Installing /nix/store/2h5ddrd4cjnqkj7f11pahj4fi9lwbnxy-perl5.32.0-HTML-FormHandler-0.40068/share/man/man3/HTML::FormHandler::Widget::Wrapper::SimpleInline.3
Installing /nix/store/2h5ddrd4cjnqkj7f11pahj4fi9lwbnxy-perl5.32.0-HTML-FormHandler-0.40068/share/man/man3/HTML::FormHandler::Widget::Form::Role::HTMLAttributes.3
Installing /nix/store/2h5ddrd4cjnqkj7f11pahj4fi9lwbnxy-perl5.32.0-HTML-FormHandler-0.40068/share/man/man3/HTML::FormHandler::Manual::Fields.3
Installing /nix/store/2h5ddrd4cjnqkj7f11pahj4fi9lwbnxy-perl5.32.0-HTML-FormHandler-0.40068/share/man/man3/HTML::FormHandler::Field::MonthDay.3
Installing /nix/store/2h5ddrd4cjnqkj7f11pahj4fi9lwbnxy-perl5.32.0-HTML-FormHandler-0.40068/share/man/man3/HTML::FormHandler::Widget::Field::Submit.3
Installing /nix/store/2h5ddrd4cjnqkj7f11pahj4fi9lwbnxy-perl5.32.0-HTML-FormHandler-0.40068/share/man/man3/HTML::FormHandler::Manual::Catalyst.3
Appending installation info to /nix/store/2h5ddrd4cjnqkj7f11pahj4fi9lwbnxy-perl5.32.0-HTML-FormHandler-0.40068/lib/perl5/5.32.0/x86_64-linux-thread-multi/perllocal.pod
post-installation fixup
Moving /nix/store/2h5ddrd4cjnqkj7f11pahj4fi9lwbnxy-perl5.32.0-HTML-FormHandler-0.40068/share/man/man3 to /nix/store/j9pdxxkr65qxk7lpi45zlwcqvvchm41x-perl5.32.0-HTML-FormHandler-0.40068-devdoc/share/man/man3
Removing empty /nix/store/2h5ddrd4cjnqkj7f11pahj4fi9lwbnxy-perl5.32.0-HTML-FormHandler-0.40068/share/man/ and (possibly) its parents
shrinking RPATHs of ELF executables and libraries in /nix/store/2h5ddrd4cjnqkj7f11pahj4fi9lwbnxy-perl5.32.0-HTML-FormHandler-0.40068
strip is /nix/store/psyzbhp4p088sb9qcs378hfbslcalasl-binutils-2.31.1/bin/strip
stripping (with command strip and flags -S) in /nix/store/2h5ddrd4cjnqkj7f11pahj4fi9lwbnxy-perl5.32.0-HTML-FormHandler-0.40068/lib
patching script interpreter paths in /nix/store/2h5ddrd4cjnqkj7f11pahj4fi9lwbnxy-perl5.32.0-HTML-FormHandler-0.40068
checking for references to /build/ in /nix/store/2h5ddrd4cjnqkj7f11pahj4fi9lwbnxy-perl5.32.0-HTML-FormHandler-0.40068...
shrinking RPATHs of ELF executables and libraries in /nix/store/j9pdxxkr65qxk7lpi45zlwcqvvchm41x-perl5.32.0-HTML-FormHandler-0.40068-devdoc
gzipping man pages under /nix/store/j9pdxxkr65qxk7lpi45zlwcqvvchm41x-perl5.32.0-HTML-FormHandler-0.40068-devdoc/share/man/
strip is /nix/store/psyzbhp4p088sb9qcs378hfbslcalasl-binutils-2.31.1/bin/strip
patching script interpreter paths in /nix/store/j9pdxxkr65qxk7lpi45zlwcqvvchm41x-perl5.32.0-HTML-FormHandler-0.40068-devdoc
checking for references to /build/ in /nix/store/j9pdxxkr65qxk7lpi45zlwcqvvchm41x-perl5.32.0-HTML-FormHandler-0.40068-devdoc...
/nix/store/2h5ddrd4cjnqkj7f11pahj4fi9lwbnxy-perl5.32.0-HTML-FormHandler-0.40068
