these derivations will be built:
  /nix/store/nvg1hxgwl2mnph5460yi96602ndhkhnn-perl5.32.0-HTML-TagCloud-0.38.drv
building '/nix/store/nvg1hxgwl2mnph5460yi96602ndhkhnn-perl5.32.0-HTML-TagCloud-0.38.drv'...
unpacking sources
unpacking source archive /nix/store/lm8yhkca3aq2fx4009a1scx3aagh2kaq-HTML-TagCloud-0.38.tar.gz
source root is HTML-TagCloud-0.38
setting SOURCE_DATE_EPOCH to timestamp 1366434285 of file HTML-TagCloud-0.38/t/simple.t
patching sources
configuring
patching ./t/pod.t...
patching ./t/pod_coverage.t...
patching ./t/simple.t...
Checking if your kit is complete...
Looks good
Generating a Unix-style Makefile
Writing Makefile for HTML::TagCloud
Writing MYMETA.yml and MYMETA.json
no configure script, doing nothing
building
Created MYMETA.yml and MYMETA.json
Creating new 'Build' script for 'HTML-TagCloud' version '0.38'
Building HTML-TagCloud
running tests
t/pod.t ........... skipped: Test::Pod 1.14 required for testing POD: Can't locate Test/Pod.pm in @INC (you may need to install the Test::Pod module) (@INC contains: /nix/store/gfib2a42wsykabq1vcdjk2b221qa9lnj-perl5.32.0-HTML-TagCloud-0.38/lib/perl5/site_perl /nix/store/fznxrsrf0z6vhr2i509i7hsa5sgffbl1-perl5.32.0-Module-Build-0.4231/lib/perl5/site_perl/5.32.0/x86_64-linux-thread-multi /nix/store/fznxrsrf0z6vhr2i509i7hsa5sgffbl1-perl5.32.0-Module-Build-0.4231/lib/perl5/site_perl/5.32.0 /nix/store/fznxrsrf0z6vhr2i509i7hsa5sgffbl1-perl5.32.0-Module-Build-0.4231/lib/perl5/site_perl /nix/store/7c044di03qa7qgr5kjjc2d787aspzp0m-perl-5.32.0/lib/perl5/site_perl/5.32.0/x86_64-linux-thread-multi /nix/store/7c044di03qa7qgr5kjjc2d787aspzp0m-perl-5.32.0/lib/perl5/site_perl/5.32.0 /nix/store/7c044di03qa7qgr5kjjc2d787aspzp0m-perl-5.32.0/lib/perl5/site_perl /nix/store/fznxrsrf0z6vhr2i509i7hsa5sgffbl1-perl5.32.0-Module-Build-0.4231/lib/perl5/site_perl/5.32.0/x86_64-linux-thread-multi /nix/store/fznxrsrf0z6vhr2i509i7hsa5sgffbl1-perl5.32.0-Module-Build-0.4231/lib/perl5/site_perl/5.32.0 /nix/store/fznxrsrf0z6vhr2i509i7hsa5sgffbl1-perl5.32.0-Module-Build-0.4231/lib/perl5/site_perl /nix/store/7c044di03qa7qgr5kjjc2d787aspzp0m-perl-5.32.0/lib/perl5/site_perl/5.32.0/x86_64-linux-thread-multi /nix/store/7c044di03qa7qgr5kjjc2d787aspzp0m-perl-5.32.0/lib/perl5/site_perl/5.32.0 /nix/store/7c044di03qa7qgr5kjjc2d787aspzp0m-perl-5.32.0/lib/perl5/site_perl /nix/store/fznxrsrf0z6vhr2i509i7hsa5sgffbl1-perl5.32.0-Module-Build-0.4231/lib/perl5/site_perl/5.32.0/x86_64-linux-thread-multi /nix/store/fznxrsrf0z6vhr2i509i7hsa5sgffbl1-perl5.32.0-Module-Build-0.4231/lib/perl5/site_perl/5.32.0 /nix/store/fznxrsrf0z6vhr2i509i7hsa5sgffbl1-perl5.32.0-Module-Build-0.4231/lib/perl5/site_perl /nix/store/7c044di03qa7qgr5kjjc2d787aspzp0m-perl-5.32.0/lib/perl5/site_perl/5.32.0/x86_64-linux-thread-multi /nix/store/7c044di03qa7qgr5kjjc2d787aspzp0m-perl-5.32.0/lib/perl5/site_perl/5.32.0 /nix/store/7c044di03qa7qgr5kjjc2d787aspzp0m-perl-5.32.0/lib/perl5/site_perl /nix/store/fznxrsrf0z6vhr2i509i7hsa5sgffbl1-perl5.32.0-Module-Build-0.4231/lib/perl5/site_perl/5.32.0/x86_64-linux-thread-multi /nix/store/fznxrsrf0z6vhr2i509i7hsa5sgffbl1-perl5.32.0-Module-Build-0.4231/lib/perl5/site_perl/5.32.0 /nix/store/fznxrsrf0z6vhr2i509i7hsa5sgffbl1-perl5.32.0-Module-Build-0.4231/lib/perl5/site_perl /nix/store/7c044di03qa7qgr5kjjc2d787aspzp0m-perl-5.32.0/lib/perl5/site_perl/5.32.0/x86_64-linux-thread-multi /nix/store/7c044di03qa7qgr5kjjc2d787aspzp0m-perl-5.32.0/lib/perl5/site_perl/5.32.0 /nix/store/7c044di03qa7qgr5kjjc2d787aspzp0m-perl-5.32.0/lib/perl5/site_perl /nix/store/fznxrsrf0z6vhr2i509i7hsa5sgffbl1-perl5.32.0-Module-Build-0.4231/lib/perl5/site_perl/5.32.0/x86_64-linux-thread-multi /nix/store/fznxrsrf0z6vhr2i509i7hsa5sgffbl1-perl5.32.0-Module-Build-0.4231/lib/perl5/site_perl/5.32.0 /nix/store/fznxrsrf0z6vhr2i509i7hsa5sgffbl1-perl5.32.0-Module-Build-0.4231/lib/perl5/site_perl /nix/store/7c044di03qa7qgr5kjjc2d787aspzp0m-perl-5.32.0/lib/perl5/site_perl/5.32.0/x86_64-linux-thread-multi /nix/store/7c044di03qa7qgr5kjjc2d787aspzp0m-perl-5.32.0/lib/perl5/site_perl/5.32.0 /nix/store/7c044di03qa7qgr5kjjc2d787aspzp0m-perl-5.32.0/lib/perl5/site_perl /build/HTML-TagCloud-0.38/blib/lib /build/HTML-TagCloud-0.38/blib/arch /nix/store/7c044di03qa7qgr5kjjc2d787aspzp0m-perl-5.32.0/lib/perl5/site_perl/5.32.0/x86_64-linux-thread-multi /nix/store/7c044di03qa7qgr5kjjc2d787aspzp0m-perl-5.32.0/lib/perl5/site_perl/5.32.0 /nix/store/7c044di03qa7qgr5kjjc2d787aspzp0m-perl-5.32.0/lib/perl5/site_perl /nix/store/fznxrsrf0z6vhr2i509i7hsa5sgffbl1-perl5.32.0-Module-Build-0.4231/lib/perl5/site_perl/5.32.0/x86_64-linux-thread-multi /nix/store/fznxrsrf0z6vhr2i509i7hsa5sgffbl1-perl5.32.0-Module-Build-0.4231/lib/perl5/site_perl/5.32.0/x86_64-linux-thread-multi /nix/store/fznxrsrf0z6vhr2i509i7hsa5sgffbl1-perl5.32.0-Module-Build-0.4231/lib/perl5/site_perl/5.32.0 /nix/store/fznxrsrf0z6vhr2i509i7hsa5sgffbl1-perl5.32.0-Module-Build-0.4231/lib/perl5/site_perl/5.32.0/x86_64-linux-thread-multi /nix/store/fznxrsrf0z6vhr2i509i7hsa5sgffbl1-perl5.32.0-Module-Build-0.4231/lib/perl5/site_perl/5.32.0 /nix/store/fznxrsrf0z6vhr2i509i7hsa5sgffbl1-perl5.32.0-Module-Build-0.4231/lib/perl5/site_perl /nix/store/gfib2a42wsykabq1vcdjk2b221qa9lnj-perl5.32.0-HTML-TagCloud-0.38/lib/perl5/site_perl /nix/store/7c044di03qa7qgr5kjjc2d787aspzp0m-perl-5.32.0/lib/perl5/site_perl/5.32.0/x86_64-linux-thread-multi /nix/store/7c044di03qa7qgr5kjjc2d787aspzp0m-perl-5.32.0/lib/perl5/site_perl/5.32.0 /nix/store/7c044di03qa7qgr5kjjc2d787aspzp0m-perl-5.32.0/lib/perl5/site_perl /nix/store/fznxrsrf0z6vhr2i509i7hsa5sgffbl1-perl5.32.0-Module-Build-0.4231/lib/perl5/site_perl/5.32.0/x86_64-linux-thread-multi /nix/store/fznxrsrf0z6vhr2i509i7hsa5sgffbl1-perl5.32.0-Module-Build-0.4231/lib/perl5/site_perl/5.32.0 /nix/store/fznxrsrf0z6vhr2i509i7hsa5sgffbl1-perl5.32.0-Module-Build-0.4231/lib/perl5/site_perl /nix/store/7c044di03qa7qgr5kjjc2d787aspzp0m-perl-5.32.0/lib/perl5/site_perl/5.32.0/x86_64-linux-thread-multi /nix/store/7c044di03qa7qgr5kjjc2d787aspzp0m-perl-5.32.0/lib/perl5/site_perl/5.32.0 /nix/store/7c044di03qa7qgr5kjjc2d787aspzp0m-perl-5.32.0/lib/perl5/site_perl /nix/store/fznxrsrf0z6vhr2i509i7hsa5sgffbl1-perl5.32.0-Module-Build-0.4231/lib/perl5/site_perl/5.32.0/x86_64-linux-thread-multi /nix/store/fznxrsrf0z6vhr2i509i7hsa5sgffbl1-perl5.32.0-Module-Build-0.4231/lib/perl5/site_perl/5.32.0 /nix/store/fznxrsrf0z6vhr2i509i7hsa5sgffbl1-perl5.32.0-Module-Build-0.4231/lib/perl5/site_perl /nix/store/7c044di03qa7qgr5kjjc2d787aspzp0m-perl-5.32.0/lib/perl5/site_perl/5.32.0/x86_64-linux-thread-multi /nix/store/7c044di03qa7qgr5kjjc2d787aspzp0m-perl-5.32.0/lib/perl5/site_perl/5.32.0 /nix/store/7c044di03qa7qgr5kjjc2d787aspzp0m-perl-5.32.0/lib/perl5/site_perl /nix/store/fznxrsrf0z6vhr2i509i7hsa5sgffbl1-perl5.32.0-Module-Build-0.4231/lib/perl5/site_perl/5.32.0/x86_64-linux-thread-multi /nix/store/fznxrsrf0z6vhr2i509i7hsa5sgffbl1-perl5.32.0-Module-Build-0.4231/lib/perl5/site_perl/5.32.0 /nix/store/fznxrsrf0z6vhr2i509i7hsa5sgffbl1-perl5.32.0-Module-Build-0.4231/lib/perl5/site_perl /nix/store/7c044di03qa7qgr5kjjc2d787aspzp0m-perl-5.32.0/lib/perl5/site_perl/5.32.0/x86_64-linux-thread-multi /nix/store/7c044di03qa7qgr5kjjc2d787aspzp0m-perl-5.32.0/lib/perl5/site_perl/5.32.0 /nix/store/7c044di03qa7qgr5kjjc2d787aspzp0m-perl-5.32.0/lib/perl5/site_perl /nix/store/fznxrsrf0z6vhr2i509i7hsa5sgffbl1-perl5.32.0-Module-Build-0.4231/lib/perl5/site_perl/5.32.0/x86_64-linux-thread-multi /nix/store/fznxrsrf0z6vhr2i509i7hsa5sgffbl1-perl5.32.0-Module-Build-0.4231/lib/perl5/site_perl/5.32.0 /nix/store/fznxrsrf0z6vhr2i509i7hsa5sgffbl1-perl5.32.0-Module-Build-0.4231/lib/perl5/site_perl /nix/store/7c044di03qa7qgr5kjjc2d787aspzp0m-perl-5.32.0/lib/perl5/site_perl/5.32.0/x86_64-linux-thread-multi /nix/store/7c044di03qa7qgr5kjjc2d787aspzp0m-perl-5.32.0/lib/perl5/site_perl/5.32.0 /nix/store/7c044di03qa7qgr5kjjc2d787aspzp0m-perl-5.32.0/lib/perl5/site_perl /nix/store/fznxrsrf0z6vhr2i509i7hsa5sgffbl1-perl5.32.0-Module-Build-0.4231/lib/perl5/site_perl/5.32.0/x86_64-linux-thread-multi /nix/store/fznxrsrf0z6vhr2i509i7hsa5sgffbl1-perl5.32.0-Module-Build-0.4231/lib/perl5/site_perl/5.32.0 /nix/store/fznxrsrf0z6vhr2i509i7hsa5sgffbl1-perl5.32.0-Module-Build-0.4231/lib/perl5/site_perl /nix/store/gfib2a42wsykabq1vcdjk2b221qa9lnj-perl5.32.0-HTML-TagCloud-0.38/lib/perl5/site_perl /nix/store/7c044di03qa7qgr5kjjc2d787aspzp0m-perl-5.32.0/lib/perl5/site_perl/5.32.0/x86_64-linux-thread-multi /nix/store/7c044di03qa7qgr5kjjc2d787aspzp0m-perl-5.32.0/lib/perl5/site_perl/5.32.0 /nix/store/7c044di03qa7qgr5kjjc2d787aspzp0m-perl-5.32.0/lib/perl5/5.32.0/x86_64-linux-thread-multi /nix/store/7c044di03qa7qgr5kjjc2d787aspzp0m-perl-5.32.0/lib/perl5/5.32.0) at (eval 8) line 1.
t/pod_coverage.t .. skipped: Test::Pod::Coverage 1.04 required for testing POD coverage
t/simple.t ........ ok
All tests successful.
Files=3, Tests=20,  0 wallclock secs ( 0.02 usr  0.00 sys +  0.15 cusr  0.04 csys =  0.21 CPU)
Result: PASS
installing
Building HTML-TagCloud
Installing /nix/store/gfib2a42wsykabq1vcdjk2b221qa9lnj-perl5.32.0-HTML-TagCloud-0.38/lib/perl5/site_perl/5.32.0/HTML/TagCloud.pm
Installing /nix/store/gfib2a42wsykabq1vcdjk2b221qa9lnj-perl5.32.0-HTML-TagCloud-0.38/share/man/man3/HTML::TagCloud.3
post-installation fixup
Moving /nix/store/gfib2a42wsykabq1vcdjk2b221qa9lnj-perl5.32.0-HTML-TagCloud-0.38/share/man/man3 to /nix/store/ffsb4q5sa4kb0df3j4icdfy7cf3nmgsm-perl5.32.0-HTML-TagCloud-0.38-devdoc/share/man/man3
Removing empty /nix/store/gfib2a42wsykabq1vcdjk2b221qa9lnj-perl5.32.0-HTML-TagCloud-0.38/share/man/ and (possibly) its parents
shrinking RPATHs of ELF executables and libraries in /nix/store/gfib2a42wsykabq1vcdjk2b221qa9lnj-perl5.32.0-HTML-TagCloud-0.38
strip is /nix/store/psyzbhp4p088sb9qcs378hfbslcalasl-binutils-2.31.1/bin/strip
stripping (with command strip and flags -S) in /nix/store/gfib2a42wsykabq1vcdjk2b221qa9lnj-perl5.32.0-HTML-TagCloud-0.38/lib
patching script interpreter paths in /nix/store/gfib2a42wsykabq1vcdjk2b221qa9lnj-perl5.32.0-HTML-TagCloud-0.38
checking for references to /build/ in /nix/store/gfib2a42wsykabq1vcdjk2b221qa9lnj-perl5.32.0-HTML-TagCloud-0.38...
shrinking RPATHs of ELF executables and libraries in /nix/store/ffsb4q5sa4kb0df3j4icdfy7cf3nmgsm-perl5.32.0-HTML-TagCloud-0.38-devdoc
gzipping man pages under /nix/store/ffsb4q5sa4kb0df3j4icdfy7cf3nmgsm-perl5.32.0-HTML-TagCloud-0.38-devdoc/share/man/
strip is /nix/store/psyzbhp4p088sb9qcs378hfbslcalasl-binutils-2.31.1/bin/strip
patching script interpreter paths in /nix/store/ffsb4q5sa4kb0df3j4icdfy7cf3nmgsm-perl5.32.0-HTML-TagCloud-0.38-devdoc
checking for references to /build/ in /nix/store/ffsb4q5sa4kb0df3j4icdfy7cf3nmgsm-perl5.32.0-HTML-TagCloud-0.38-devdoc...
/nix/store/gfib2a42wsykabq1vcdjk2b221qa9lnj-perl5.32.0-HTML-TagCloud-0.38
