these derivations will be built:
  /nix/store/jwac3jqqjndhd2qvgmcg09vx4zjp3j81-perl5.32.0-HTTP-Server-Simple-Mason-0.14.drv
building '/nix/store/jwac3jqqjndhd2qvgmcg09vx4zjp3j81-perl5.32.0-HTTP-Server-Simple-Mason-0.14.drv'...
unpacking sources
unpacking source archive /nix/store/m8fqf0dhp6ssh0nqy5dfy7s3vr51ikcg-HTTP-Server-Simple-Mason-0.14.tar.gz
source root is HTTP-Server-Simple-Mason-0.14
setting SOURCE_DATE_EPOCH to timestamp 1283698953 of file HTTP-Server-Simple-Mason-0.14/lib/HTTP/Server/Simple/Mason.pm
patching sources
configuring
patching ./t/02pod.t...
patching ./t/03podcoverage.t...
patching ./ex/sample_server.pl...
Checking if your kit is complete...
Looks good
Generating a Unix-style Makefile
Writing Makefile for HTTP::Server::Simple::Mason
Writing MYMETA.yml and MYMETA.json
no configure script, doing nothing
building
build flags: SHELL=/nix/store/9fqwwd4iybmhjqyxiaxycknslw6bgwh1-bash-4.4-p23/bin/bash
cp lib/HTTP/Server/Simple/Mason.pm blib/lib/HTTP/Server/Simple/Mason.pm
Manifying 1 pod document
running tests
check flags: SHELL=/nix/store/9fqwwd4iybmhjqyxiaxycknslw6bgwh1-bash-4.4-p23/bin/bash VERBOSE=y test
PERL_DL_NONLAZY=1 "/nix/store/7c044di03qa7qgr5kjjc2d787aspzp0m-perl-5.32.0/bin/perl" "-MExtUtils::Command::MM" "-MTest::Harness" "-e" "undef *Test::Harness::Switches; test_harness(0, 'inc', 'blib/lib', 'blib/arch')" t/*.t
t/00smoke.t ............ ok
t/01live.t ............. skipped: LWP::Simple not installed: Can't locate LWP/Simple.pm in @INC (you may need to install the LWP::Simple module) (@INC contains: /build/HTTP-Server-Simple-Mason-0.14/inc /build/HTTP-Server-Simple-Mason-0.14/blib/lib /build/HTTP-Server-Simple-Mason-0.14/blib/arch /nix/store/7c044di03qa7qgr5kjjc2d787aspzp0m-perl-5.32.0/lib/perl5/site_perl/5.32.0/x86_64-linux-thread-multi /nix/store/7c044di03qa7qgr5kjjc2d787aspzp0m-perl-5.32.0/lib/perl5/site_perl/5.32.0 /nix/store/7c044di03qa7qgr5kjjc2d787aspzp0m-perl-5.32.0/lib/perl5/site_perl /nix/store/nb8blhvnc8nyn4cg1ia69dq1qxrnsr75-perl5.32.0-HTML-Mason-1.59/lib/perl5/site_perl/5.32.0/x86_64-linux-thread-multi /nix/store/nb8blhvnc8nyn4cg1ia69dq1qxrnsr75-perl5.32.0-HTML-Mason-1.59/lib/perl5/site_perl/5.32.0/x86_64-linux-thread-multi /nix/store/nb8blhvnc8nyn4cg1ia69dq1qxrnsr75-perl5.32.0-HTML-Mason-1.59/lib/perl5/site_perl/5.32.0 /nix/store/nb8blhvnc8nyn4cg1ia69dq1qxrnsr75-perl5.32.0-HTML-Mason-1.59/lib/perl5/site_perl/5.32.0/x86_64-linux-thread-multi /nix/store/nb8blhvnc8nyn4cg1ia69dq1qxrnsr75-perl5.32.0-HTML-Mason-1.59/lib/perl5/site_perl/5.32.0 /nix/store/nb8blhvnc8nyn4cg1ia69dq1qxrnsr75-perl5.32.0-HTML-Mason-1.59/lib/perl5/site_perl /nix/store/1cj18z5hqvsylknf0mnlvjs8x6chqz79-perl5.32.0-CGI-4.49/lib/perl5/site_perl/5.32.0/x86_64-linux-thread-multi /nix/store/1cj18z5hqvsylknf0mnlvjs8x6chqz79-perl5.32.0-CGI-4.49/lib/perl5/site_perl/5.32.0/x86_64-linux-thread-multi /nix/store/1cj18z5hqvsylknf0mnlvjs8x6chqz79-perl5.32.0-CGI-4.49/lib/perl5/site_perl/5.32.0 /nix/store/1cj18z5hqvsylknf0mnlvjs8x6chqz79-perl5.32.0-CGI-4.49/lib/perl5/site_perl/5.32.0/x86_64-linux-thread-multi /nix/store/1cj18z5hqvsylknf0mnlvjs8x6chqz79-perl5.32.0-CGI-4.49/lib/perl5/site_perl/5.32.0 /nix/store/1cj18z5hqvsylknf0mnlvjs8x6chqz79-perl5.32.0-CGI-4.49/lib/perl5/site_perl /nix/store/xfjj9s0rwkchc69qrpicj59a9vvg1vx9-perl5.32.0-HTML-Parser-3.72/lib/perl5/site_perl/5.32.0/x86_64-linux-thread-multi /nix/store/xfjj9s0rwkchc69qrpicj59a9vvg1vx9-perl5.32.0-HTML-Parser-3.72/lib/perl5/site_perl/5.32.0/x86_64-linux-thread-multi /nix/store/xfjj9s0rwkchc69qrpicj59a9vvg1vx9-perl5.32.0-HTML-Parser-3.72/lib/perl5/site_perl/5.32.0 /nix/store/xfjj9s0rwkchc69qrpicj59a9vvg1vx9-perl5.32.0-HTML-Parser-3.72/lib/perl5/site_perl/5.32.0/x86_64-linux-thread-multi /nix/store/xfjj9s0rwkchc69qrpicj59a9vvg1vx9-perl5.32.0-HTML-Parser-3.72/lib/perl5/site_perl/5.32.0 /nix/store/xfjj9s0rwkchc69qrpicj59a9vvg1vx9-perl5.32.0-HTML-Parser-3.72/lib/perl5/site_perl /nix/store/08ajrvbxl8iqbb0szrgcvg1msc5nm10l-perl5.32.0-HTML-Tagset-3.20/lib/perl5/site_perl/5.32.0/x86_64-linux-thread-multi /nix/store/08ajrvbxl8iqbb0szrgcvg1msc5nm10l-perl5.32.0-HTML-Tagset-3.20/lib/perl5/site_perl/5.32.0/x86_64-linux-thread-multi /nix/store/08ajrvbxl8iqbb0szrgcvg1msc5nm10l-perl5.32.0-HTML-Tagset-3.20/lib/perl5/site_perl/5.32.0 /nix/store/08ajrvbxl8iqbb0szrgcvg1msc5nm10l-perl5.32.0-HTML-Tagset-3.20/lib/perl5/site_perl/5.32.0/x86_64-linux-thread-multi /nix/store/08ajrvbxl8iqbb0szrgcvg1msc5nm10l-perl5.32.0-HTML-Tagset-3.20/lib/perl5/site_perl/5.32.0 /nix/store/08ajrvbxl8iqbb0szrgcvg1msc5nm10l-perl5.32.0-HTML-Tagset-3.20/lib/perl5/site_perl /nix/store/df7f4vg9aajiqgc8301dsvvn7s542hij-perl5.32.0-Cache-Cache-1.08/lib/perl5/site_perl/5.32.0/x86_64-linux-thread-multi /nix/store/df7f4vg9aajiqgc8301dsvvn7s542hij-perl5.32.0-Cache-Cache-1.08/lib/perl5/site_perl/5.32.0/x86_64-linux-thread-multi /nix/store/df7f4vg9aajiqgc8301dsvvn7s542hij-perl5.32.0-Cache-Cache-1.08/lib/perl5/site_perl/5.32.0 /nix/store/df7f4vg9aajiqgc8301dsvvn7s542hij-perl5.32.0-Cache-Cache-1.08/lib/perl5/site_perl/5.32.0/x86_64-linux-thread-multi /nix/store/df7f4vg9aajiqgc8301dsvvn7s542hij-perl5.32.0-Cache-Cache-1.08/lib/perl5/site_perl/5.32.0 /nix/store/df7f4vg9aajiqgc8301dsvvn7s542hij-perl5.32.0-Cache-Cache-1.08/lib/perl5/site_perl /nix/store/2h23q1lkawcfvg49kfn16acbqi39nqb6-perl5.32.0-Digest-SHA1-2.13/lib/perl5/site_perl/5.32.0/x86_64-linux-thread-multi /nix/store/2h23q1lkawcfvg49kfn16acbqi39nqb6-perl5.32.0-Digest-SHA1-2.13/lib/perl5/site_perl/5.32.0/x86_64-linux-thread-multi /nix/store/2h23q1lkawcfvg49kfn16acbqi39nqb6-perl5.32.0-Digest-SHA1-2.13/lib/perl5/site_perl/5.32.0 /nix/store/2h23q1lkawcfvg49kfn16acbqi39nqb6-perl5.32.0-Digest-SHA1-2.13/lib/perl5/site_perl/5.32.0/x86_64-linux-thread-multi /nix/store/2h23q1lkawcfvg49kfn16acbqi39nqb6-perl5.32.0-Digest-SHA1-2.13/lib/perl5/site_perl/5.32.0 /nix/store/2h23q1lkawcfvg49kfn16acbqi39nqb6-perl5.32.0-Digest-SHA1-2.13/lib/perl5/site_perl /nix/store/hgrz91y4q4gy0z8d1kkw6pv9dyjlibza-perl5.32.0-Error-0.17029/lib/perl5/site_perl/5.32.0/x86_64-linux-thread-multi /nix/store/hgrz91y4q4gy0z8d1kkw6pv9dyjlibza-perl5.32.0-Error-0.17029/lib/perl5/site_perl/5.32.0/x86_64-linux-thread-multi /nix/store/hgrz91y4q4gy0z8d1kkw6pv9dyjlibza-perl5.32.0-Error-0.17029/lib/perl5/site_perl/5.32.0 /nix/store/hgrz91y4q4gy0z8d1kkw6pv9dyjlibza-perl5.32.0-Error-0.17029/lib/perl5/site_perl/5.32.0/x86_64-linux-thread-multi /nix/store/hgrz91y4q4gy0z8d1kkw6pv9dyjlibza-perl5.32.0-Error-0.17029/lib/perl5/site_perl/5.32.0 /nix/store/hgrz91y4q4gy0z8d1kkw6pv9dyjlibza-perl5.32.0-Error-0.17029/lib/perl5/site_perl /nix/store/zx5skjm2jw39hrrib9q3w10zqailx0lc-perl5.32.0-IPC-ShareLite-0.17/lib/perl5/site_perl/5.32.0/x86_64-linux-thread-multi /nix/store/zx5skjm2jw39hrrib9q3w10zqailx0lc-perl5.32.0-IPC-ShareLite-0.17/lib/perl5/site_perl/5.32.0/x86_64-linux-thread-multi /nix/store/zx5skjm2jw39hrrib9q3w10zqailx0lc-perl5.32.0-IPC-ShareLite-0.17/lib/perl5/site_perl/5.32.0 /nix/store/zx5skjm2jw39hrrib9q3w10zqailx0lc-perl5.32.0-IPC-ShareLite-0.17/lib/perl5/site_perl/5.32.0/x86_64-linux-thread-multi /nix/store/zx5skjm2jw39hrrib9q3w10zqailx0lc-perl5.32.0-IPC-ShareLite-0.17/lib/perl5/site_perl/5.32.0 /nix/store/zx5skjm2jw39hrrib9q3w10zqailx0lc-perl5.32.0-IPC-ShareLite-0.17/lib/perl5/site_perl /nix/store/wz0jp6fywd6sc1g8xydy0cbb77bbfg4f-perl5.32.0-Class-Container-0.13/lib/perl5/site_perl/5.32.0/x86_64-linux-thread-multi /nix/store/wz0jp6fywd6sc1g8xydy0cbb77bbfg4f-perl5.32.0-Class-Container-0.13/lib/perl5/site_perl/5.32.0/x86_64-linux-thread-multi /nix/store/wz0jp6fywd6sc1g8xydy0cbb77bbfg4f-perl5.32.0-Class-Container-0.13/lib/perl5/site_perl/5.32.0 /nix/store/wz0jp6fywd6sc1g8xydy0cbb77bbfg4f-perl5.32.0-Class-Container-0.13/lib/perl5/site_perl/5.32.0/x86_64-linux-thread-multi /nix/store/wz0jp6fywd6sc1g8xydy0cbb77bbfg4f-perl5.32.0-Class-Container-0.13/lib/perl5/site_perl/5.32.0 /nix/store/wz0jp6fywd6sc1g8xydy0cbb77bbfg4f-perl5.32.0-Class-Container-0.13/lib/perl5/site_perl /nix/store/rhnywcr3vdds3yrn1mh3gz5972mrr58h-perl5.32.0-Params-Validate-1.29/lib/perl5/site_perl/5.32.0/x86_64-linux-thread-multi /nix/store/rhnywcr3vdds3yrn1mh3gz5972mrr58h-perl5.32.0-Params-Validate-1.29/lib/perl5/site_perl/5.32.0/x86_64-linux-thread-multi /nix/store/rhnywcr3vdds3yrn1mh3gz5972mrr58h-perl5.32.0-Params-Validate-1.29/lib/perl5/site_perl/5.32.0 /nix/store/rhnywcr3vdds3yrn1mh3gz5972mrr58h-perl5.32.0-Params-Validate-1.29/lib/perl5/site_perl/5.32.0/x86_64-linux-thread-multi /nix/store/rhnywcr3vdds3yrn1mh3gz5972mrr58h-perl5.32.0-Params-Validate-1.29/lib/perl5/site_perl/5.32.0 /nix/store/rhnywcr3vdds3yrn1mh3gz5972mrr58h-perl5.32.0-Params-Validate-1.29/lib/perl5/site_perl /nix/store/4p5i7190agrf7xpplfxmgi4r3f8idww9-perl5.32.0-Module-Implementation-0.09/lib/perl5/site_perl/5.32.0/x86_64-linux-thread-multi /nix/store/4p5i7190agrf7xpplfxmgi4r3f8idww9-perl5.32.0-Module-Implementation-0.09/lib/perl5/site_perl/5.32.0/x86_64-linux-thread-multi /nix/store/4p5i7190agrf7xpplfxmgi4r3f8idww9-perl5.32.0-Module-Implementation-0.09/lib/perl5/site_perl/5.32.0 /nix/store/4p5i7190agrf7xpplfxmgi4r3f8idww9-perl5.32.0-Module-Implementation-0.09/lib/perl5/site_perl/5.32.0/x86_64-linux-thread-multi /nix/store/4p5i7190agrf7xpplfxmgi4r3f8idww9-perl5.32.0-Module-Implementation-0.09/lib/perl5/site_perl/5.32.0 /nix/store/4p5i7190agrf7xpplfxmgi4r3f8idww9-perl5.32.0-Module-Implementation-0.09/lib/perl5/site_perl /nix/store/kzlry0bxj3z9f54h0537fsnz444lzscr-perl5.32.0-Module-Runtime-0.016/lib/perl5/site_perl/5.32.0/x86_64-linux-thread-multi /nix/store/kzlry0bxj3z9f54h0537fsnz444lzscr-perl5.32.0-Module-Runtime-0.016/lib/perl5/site_perl/5.32.0/x86_64-linux-thread-multi /nix/store/kzlry0bxj3z9f54h0537fsnz444lzscr-perl5.32.0-Module-Runtime-0.016/lib/perl5/site_perl/5.32.0 /nix/store/kzlry0bxj3z9f54h0537fsnz444lzscr-perl5.32.0-Module-Runtime-0.016/lib/perl5/site_perl/5.32.0/x86_64-linux-thread-multi /nix/store/kzlry0bxj3z9f54h0537fsnz444lzscr-perl5.32.0-Module-Runtime-0.016/lib/perl5/site_perl/5.32.0 /nix/store/kzlry0bxj3z9f54h0537fsnz444lzscr-perl5.32.0-Module-Runtime-0.016/lib/perl5/site_perl /nix/store/g3f5ak08lfvggp9vjcvrjfyrrsvqnw4s-perl5.32.0-Try-Tiny-0.30/lib/perl5/site_perl/5.32.0/x86_64-linux-thread-multi /nix/store/g3f5ak08lfvggp9vjcvrjfyrrsvqnw4s-perl5.32.0-Try-Tiny-0.30/lib/perl5/site_perl/5.32.0/x86_64-linux-thread-multi /nix/store/g3f5ak08lfvggp9vjcvrjfyrrsvqnw4s-perl5.32.0-Try-Tiny-0.30/lib/perl5/site_perl/5.32.0 /nix/store/g3f5ak08lfvggp9vjcvrjfyrrsvqnw4s-perl5.32.0-Try-Tiny-0.30/lib/perl5/site_perl/5.32.0/x86_64-linux-thread-multi /nix/store/g3f5ak08lfvggp9vjcvrjfyrrsvqnw4s-perl5.32.0-Try-Tiny-0.30/lib/perl5/site_perl/5.32.0 /nix/store/g3f5ak08lfvggp9vjcvrjfyrrsvqnw4s-perl5.32.0-Try-Tiny-0.30/lib/perl5/site_perl /nix/store/bcsxiakjj2ymwnzmm9wrgj0xll1m6hw3-perl5.32.0-Exception-Class-1.44/lib/perl5/site_perl/5.32.0/x86_64-linux-thread-multi /nix/store/bcsxiakjj2ymwnzmm9wrgj0xll1m6hw3-perl5.32.0-Exception-Class-1.44/lib/perl5/site_perl/5.32.0/x86_64-linux-thread-multi /nix/store/bcsxiakjj2ymwnzmm9wrgj0xll1m6hw3-perl5.32.0-Exception-Class-1.44/lib/perl5/site_perl/5.32.0 /nix/store/bcsxiakjj2ymwnzmm9wrgj0xll1m6hw3-perl5.32.0-Exception-Class-1.44/lib/perl5/site_perl/5.32.0/x86_64-linux-thread-multi /nix/store/bcsxiakjj2ymwnzmm9wrgj0xll1m6hw3-perl5.32.0-Exception-Class-1.44/lib/perl5/site_perl/5.32.0 /nix/store/bcsxiakjj2ymwnzmm9wrgj0xll1m6hw3-perl5.32.0-Exception-Class-1.44/lib/perl5/site_perl /nix/store/37ypsxsd5acnhb55214fk3619h3hnxws-perl5.32.0-Class-Data-Inheritable-0.08/lib/perl5/site_perl/5.32.0/x86_64-linux-thread-multi /nix/store/37ypsxsd5acnhb55214fk3619h3hnxws-perl5.32.0-Class-Data-Inheritable-0.08/lib/perl5/site_perl/5.32.0/x86_64-linux-thread-multi /nix/store/37ypsxsd5acnhb55214fk3619h3hnxws-perl5.32.0-Class-Data-Inheritable-0.08/lib/perl5/site_perl/5.32.0 /nix/store/37ypsxsd5acnhb55214fk3619h3hnxws-perl5.32.0-Class-Data-Inheritable-0.08/lib/perl5/site_perl/5.32.0/x86_64-linux-thread-multi /nix/store/37ypsxsd5acnhb55214fk3619h3hnxws-perl5.32.0-Class-Data-Inheritable-0.08/lib/perl5/site_perl/5.32.0 /nix/store/37ypsxsd5acnhb55214fk3619h3hnxws-perl5.32.0-Class-Data-Inheritable-0.08/lib/perl5/site_perl /nix/store/vw08fc5bkqqyj6cawwfxs1339bs15hj0-perl5.32.0-Devel-StackTrace-2.04/lib/perl5/site_perl/5.32.0/x86_64-linux-thread-multi /nix/store/vw08fc5bkqqyj6cawwfxs1339bs15hj0-perl5.32.0-Devel-StackTrace-2.04/lib/perl5/site_perl/5.32.0/x86_64-linux-thread-multi /nix/store/vw08fc5bkqqyj6cawwfxs1339bs15hj0-perl5.32.0-Devel-StackTrace-2.04/lib/perl5/site_perl/5.32.0 /nix/store/vw08fc5bkqqyj6cawwfxs1339bs15hj0-perl5.32.0-Devel-StackTrace-2.04/lib/perl5/site_perl/5.32.0/x86_64-linux-thread-multi /nix/store/vw08fc5bkqqyj6cawwfxs1339bs15hj0-perl5.32.0-Devel-StackTrace-2.04/lib/perl5/site_perl/5.32.0 /nix/store/vw08fc5bkqqyj6cawwfxs1339bs15hj0-perl5.32.0-Devel-StackTrace-2.04/lib/perl5/site_perl /nix/store/kcg47si93cbfzkz3c7h6xm911ds5a5gx-perl5.32.0-Log-Any-1.708/lib/perl5/site_perl/5.32.0/x86_64-linux-thread-multi /nix/store/kcg47si93cbfzkz3c7h6xm911ds5a5gx-perl5.32.0-Log-Any-1.708/lib/perl5/site_perl/5.32.0/x86_64-linux-thread-multi /nix/store/kcg47si93cbfzkz3c7h6xm911ds5a5gx-perl5.32.0-Log-Any-1.708/lib/perl5/site_perl/5.32.0 /nix/store/kcg47si93cbfzkz3c7h6xm911ds5a5gx-perl5.32.0-Log-Any-1.708/lib/perl5/site_perl/5.32.0/x86_64-linux-thread-multi /nix/store/kcg47si93cbfzkz3c7h6xm911ds5a5gx-perl5.32.0-Log-Any-1.708/lib/perl5/site_perl/5.32.0 /nix/store/kcg47si93cbfzkz3c7h6xm911ds5a5gx-perl5.32.0-Log-Any-1.708/lib/perl5/site_perl /nix/store/cfbkbd5vnhic6xp7wgj3ran19jkmxksb-perl5.32.0-HTTP-Server-Simple-0.52/lib/perl5/site_perl/5.32.0/x86_64-linux-thread-multi /nix/store/cfbkbd5vnhic6xp7wgj3ran19jkmxksb-perl5.32.0-HTTP-Server-Simple-0.52/lib/perl5/site_perl/5.32.0/x86_64-linux-thread-multi /nix/store/cfbkbd5vnhic6xp7wgj3ran19jkmxksb-perl5.32.0-HTTP-Server-Simple-0.52/lib/perl5/site_perl/5.32.0 /nix/store/cfbkbd5vnhic6xp7wgj3ran19jkmxksb-perl5.32.0-HTTP-Server-Simple-0.52/lib/perl5/site_perl/5.32.0/x86_64-linux-thread-multi /nix/store/cfbkbd5vnhic6xp7wgj3ran19jkmxksb-perl5.32.0-HTTP-Server-Simple-0.52/lib/perl5/site_perl/5.32.0 /nix/store/cfbkbd5vnhic6xp7wgj3ran19jkmxksb-perl5.32.0-HTTP-Server-Simple-0.52/lib/perl5/site_perl /nix/store/g3bp7vk9mmzyvhb7i2qmgx1n1xjrnkpr-perl5.32.0-Hook-LexWrap-0.26/lib/perl5/site_perl/5.32.0/x86_64-linux-thread-multi /nix/store/g3bp7vk9mmzyvhb7i2qmgx1n1xjrnkpr-perl5.32.0-Hook-LexWrap-0.26/lib/perl5/site_perl/5.32.0/x86_64-linux-thread-multi /nix/store/g3bp7vk9mmzyvhb7i2qmgx1n1xjrnkpr-perl5.32.0-Hook-LexWrap-0.26/lib/perl5/site_perl/5.32.0 /nix/store/g3bp7vk9mmzyvhb7i2qmgx1n1xjrnkpr-perl5.32.0-Hook-LexWrap-0.26/lib/perl5/site_perl/5.32.0/x86_64-linux-thread-multi /nix/store/g3bp7vk9mmzyvhb7i2qmgx1n1xjrnkpr-perl5.32.0-Hook-LexWrap-0.26/lib/perl5/site_perl/5.32.0 /nix/store/g3bp7vk9mmzyvhb7i2qmgx1n1xjrnkpr-perl5.32.0-Hook-LexWrap-0.26/lib/perl5/site_perl /nix/store/wgpfa223v89l9ygnzr4i9kkw54wblk86-perl5.32.0-HTTP-Server-Simple-Mason-0.14/lib/perl5/site_perl /nix/store/7c044di03qa7qgr5kjjc2d787aspzp0m-perl-5.32.0/lib/perl5/site_perl/5.32.0/x86_64-linux-thread-multi /nix/store/7c044di03qa7qgr5kjjc2d787aspzp0m-perl-5.32.0/lib/perl5/site_perl/5.32.0 /nix/store/7c044di03qa7qgr5kjjc2d787aspzp0m-perl-5.32.0/lib/perl5/site_perl /nix/store/nb8blhvnc8nyn4cg1ia69dq1qxrnsr75-perl5.32.0-HTML-Mason-1.59/lib/perl5/site_perl/5.32.0/x86_64-linux-thread-multi /nix/store/nb8blhvnc8nyn4cg1ia69dq1qxrnsr75-perl5.32.0-HTML-Mason-1.59/lib/perl5/site_perl/5.32.0 /nix/store/nb8blhvnc8nyn4cg1ia69dq1qxrnsr75-perl5.32.0-HTML-Mason-1.59/lib/perl5/site_perl /nix/store/1cj18z5hqvsylknf0mnlvjs8x6chqz79-perl5.32.0-CGI-4.49/lib/perl5/site_perl/5.32.0/x86_64-linux-thread-multi /nix/store/1cj18z5hqvsylknf0mnlvjs8x6chqz79-perl5.32.0-CGI-4.49/lib/perl5/site_perl/5.32.0 /nix/store/1cj18z5hqvsylknf0mnlvjs8x6chqz79-perl5.32.0-CGI-4.49/lib/perl5/site_perl /nix/store/xfjj9s0rwkchc69qrpicj59a9vvg1vx9-perl5.32.0-HTML-Parser-3.72/lib/perl5/site_perl/5.32.0/x86_64-linux-thread-multi /nix/store/xfjj9s0rwkchc69qrpicj59a9vvg1vx9-perl5.32.0-HTML-Parser-3.72/lib/perl5/site_perl/5.32.0 /nix/store/xfjj9s0rwkchc69qrpicj59a9vvg1vx9-perl5.32.0-HTML-Parser-3.72/lib/perl5/site_perl /nix/store/08ajrvbxl8iqbb0szrgcvg1msc5nm10l-perl5.32.0-HTML-Tagset-3.20/lib/perl5/site_perl/5.32.0/x86_64-linux-thread-multi /nix/store/08ajrvbxl8iqbb0szrgcvg1msc5nm10l-perl5.32.0-HTML-Tagset-3.20/lib/perl5/site_perl/5.32.0 /nix/store/08ajrvbxl8iqbb0szrgcvg1msc5nm10l-perl5.32.0-HTML-Tagset-3.20/lib/perl5/site_perl /nix/store/df7f4vg9aajiqgc8301dsvvn7s542hij-perl5.32.0-Cache-Cache-1.08/lib/perl5/site_perl/5.32.0/x86_64-linux-thread-multi /nix/store/df7f4vg9aajiqgc8301dsvvn7s542hij-perl5.32.0-Cache-Cache-1.08/lib/perl5/site_perl/5.32.0 /nix/store/df7f4vg9aajiqgc8301dsvvn7s542hij-perl5.32.0-Cache-Cache-1.08/lib/perl5/site_perl /nix/store/2h23q1lkawcfvg49kfn16acbqi39nqb6-perl5.32.0-Digest-SHA1-2.13/lib/perl5/site_perl/5.32.0/x86_64-linux-thread-multi /nix/store/2h23q1lkawcfvg49kfn16acbqi39nqb6-perl5.32.0-Digest-SHA1-2.13/lib/perl5/site_perl/5.32.0 /nix/store/2h23q1lkawcfvg49kfn16acbqi39nqb6-perl5.32.0-Digest-SHA1-2.13/lib/perl5/site_perl /nix/store/hgrz91y4q4gy0z8d1kkw6pv9dyjlibza-perl5.32.0-Error-0.17029/lib/perl5/site_perl/5.32.0/x86_64-linux-thread-multi /nix/store/hgrz91y4q4gy0z8d1kkw6pv9dyjlibza-perl5.32.0-Error-0.17029/lib/perl5/site_perl/5.32.0 /nix/store/hgrz91y4q4gy0z8d1kkw6pv9dyjlibza-perl5.32.0-Error-0.17029/lib/perl5/site_perl /nix/store/zx5skjm2jw39hrrib9q3w10zqailx0lc-perl5.32.0-IPC-ShareLite-0.17/lib/perl5/site_perl/5.32.0/x86_64-linux-thread-multi /nix/store/zx5skjm2jw39hrrib9q3w10zqailx0lc-perl5.32.0-IPC-ShareLite-0.17/lib/perl5/site_perl/5.32.0 /nix/store/zx5skjm2jw39hrrib9q3w10zqailx0lc-perl5.32.0-IPC-ShareLite-0.17/lib/perl5/site_perl /nix/store/wz0jp6fywd6sc1g8xydy0cbb77bbfg4f-perl5.32.0-Class-Container-0.13/lib/perl5/site_perl/5.32.0/x86_64-linux-thread-multi /nix/store/wz0jp6fywd6sc1g8xydy0cbb77bbfg4f-perl5.32.0-Class-Container-0.13/lib/perl5/site_perl/5.32.0 /nix/store/wz0jp6fywd6sc1g8xydy0cbb77bbfg4f-perl5.32.0-Class-Container-0.13/lib/perl5/site_perl /nix/store/rhnywcr3vdds3yrn1mh3gz5972mrr58h-perl5.32.0-Params-Validate-1.29/lib/perl5/site_perl/5.32.0/x86_64-linux-thread-multi /nix/store/rhnywcr3vdds3yrn1mh3gz5972mrr58h-perl5.32.0-Params-Validate-1.29/lib/perl5/site_perl/5.32.0 /nix/store/rhnywcr3vdds3yrn1mh3gz5972mrr58h-perl5.32.0-Params-Validate-1.29/lib/perl5/site_perl /nix/store/4p5i7190agrf7xpplfxmgi4r3f8idww9-perl5.32.0-Module-Implementation-0.09/lib/perl5/site_perl/5.32.0/x86_64-linux-thread-multi /nix/store/4p5i7190agrf7xpplfxmgi4r3f8idww9-perl5.32.0-Module-Implementation-0.09/lib/perl5/site_perl/5.32.0 /nix/store/4p5i7190agrf7xpplfxmgi4r3f8idww9-perl5.32.0-Module-Implementation-0.09/lib/perl5/site_perl /nix/store/kzlry0bxj3z9f54h0537fsnz444lzscr-perl5.32.0-Module-Runtime-0.016/lib/perl5/site_perl/5.32.0/x86_64-linux-thread-multi /nix/store/kzlry0bxj3z9f54h0537fsnz444lzscr-perl5.32.0-Module-Runtime-0.016/lib/perl5/site_perl/5.32.0 /nix/store/kzlry0bxj3z9f54h0537fsnz444lzscr-perl5.32.0-Module-Runtime-0.016/lib/perl5/site_perl /nix/store/g3f5ak08lfvggp9vjcvrjfyrrsvqnw4s-perl5.32.0-Try-Tiny-0.30/lib/perl5/site_perl/5.32.0/x86_64-linux-thread-multi /nix/store/g3f5ak08lfvggp9vjcvrjfyrrsvqnw4s-perl5.32.0-Try-Tiny-0.30/lib/perl5/site_perl/5.32.0 /nix/store/g3f5ak08lfvggp9vjcvrjfyrrsvqnw4s-perl5.32.0-Try-Tiny-0.30/lib/perl5/site_perl /nix/store/bcsxiakjj2ymwnzmm9wrgj0xll1m6hw3-perl5.32.0-Exception-Class-1.44/lib/perl5/site_perl/5.32.0/x86_64-linux-thread-multi /nix/store/bcsxiakjj2ymwnzmm9wrgj0xll1m6hw3-perl5.32.0-Exception-Class-1.44/lib/perl5/site_perl/5.32.0 /nix/store/bcsxiakjj2ymwnzmm9wrgj0xll1m6hw3-perl5.32.0-Exception-Class-1.44/lib/perl5/site_perl /nix/store/37ypsxsd5acnhb55214fk3619h3hnxws-perl5.32.0-Class-Data-Inheritable-0.08/lib/perl5/site_perl/5.32.0/x86_64-linux-thread-multi /nix/store/37ypsxsd5acnhb55214fk3619h3hnxws-perl5.32.0-Class-Data-Inheritable-0.08/lib/perl5/site_perl/5.32.0 /nix/store/37ypsxsd5acnhb55214fk3619h3hnxws-perl5.32.0-Class-Data-Inheritable-0.08/lib/perl5/site_perl /nix/store/vw08fc5bkqqyj6cawwfxs1339bs15hj0-perl5.32.0-Devel-StackTrace-2.04/lib/perl5/site_perl/5.32.0/x86_64-linux-thread-multi /nix/store/vw08fc5bkqqyj6cawwfxs1339bs15hj0-perl5.32.0-Devel-StackTrace-2.04/lib/perl5/site_perl/5.32.0 /nix/store/vw08fc5bkqqyj6cawwfxs1339bs15hj0-perl5.32.0-Devel-StackTrace-2.04/lib/perl5/site_perl /nix/store/kcg47si93cbfzkz3c7h6xm911ds5a5gx-perl5.32.0-Log-Any-1.708/lib/perl5/site_perl/5.32.0/x86_64-linux-thread-multi /nix/store/kcg47si93cbfzkz3c7h6xm911ds5a5gx-perl5.32.0-Log-Any-1.708/lib/perl5/site_perl/5.32.0 /nix/store/kcg47si93cbfzkz3c7h6xm911ds5a5gx-perl5.32.0-Log-Any-1.708/lib/perl5/site_perl /nix/store/cfbkbd5vnhic6xp7wgj3ran19jkmxksb-perl5.32.0-HTTP-Server-Simple-0.52/lib/perl5/site_perl/5.32.0/x86_64-linux-thread-multi /nix/store/cfbkbd5vnhic6xp7wgj3ran19jkmxksb-perl5.32.0-HTTP-Server-Simple-0.52/lib/perl5/site_perl/5.32.0 /nix/store/cfbkbd5vnhic6xp7wgj3ran19jkmxksb-perl5.32.0-HTTP-Server-Simple-0.52/lib/perl5/site_perl /nix/store/g3bp7vk9mmzyvhb7i2qmgx1n1xjrnkpr-perl5.32.0-Hook-LexWrap-0.26/lib/perl5/site_perl/5.32.0/x86_64-linux-thread-multi /nix/store/g3bp7vk9mmzyvhb7i2qmgx1n1xjrnkpr-perl5.32.0-Hook-LexWrap-0.26/lib/perl5/site_perl/5.32.0 /nix/store/g3bp7vk9mmzyvhb7i2qmgx1n1xjrnkpr-perl5.32.0-Hook-LexWrap-0.26/lib/perl5/site_perl /nix/store/7c044di03qa7qgr5kjjc2d787aspzp0m-perl-5.32.0/lib/perl5/site_perl/5.32.0/x86_64-linux-thread-multi /nix/store/7c044di03qa7qgr5kjjc2d787aspzp0m-perl-5.32.0/lib/perl5/site_perl/5.32.0 /nix/store/7c044di03qa7qgr5kjjc2d787aspzp0m-perl-5.32.0/lib/perl5/site_perl /nix/store/nb8blhvnc8nyn4cg1ia69dq1qxrnsr75-perl5.32.0-HTML-Mason-1.59/lib/perl5/site_perl/5.32.0/x86_64-linux-thread-multi /nix/store/nb8blhvnc8nyn4cg1ia69dq1qxrnsr75-perl5.32.0-HTML-Mason-1.59/lib/perl5/site_perl/5.32.0 /nix/store/nb8blhvnc8nyn4cg1ia69dq1qxrnsr75-perl5.32.0-HTML-Mason-1.59/lib/perl5/site_perl /nix/store/1cj18z5hqvsylknf0mnlvjs8x6chqz79-perl5.32.0-CGI-4.49/lib/perl5/site_perl/5.32.0/x86_64-linux-thread-multi /nix/store/1cj18z5hqvsylknf0mnlvjs8x6chqz79-perl5.32.0-CGI-4.49/lib/perl5/site_perl/5.32.0 /nix/store/1cj18z5hqvsylknf0mnlvjs8x6chqz79-perl5.32.0-CGI-4.49/lib/perl5/site_perl /nix/store/xfjj9s0rwkchc69qrpicj59a9vvg1vx9-perl5.32.0-HTML-Parser-3.72/lib/perl5/site_perl/5.32.0/x86_64-linux-thread-multi /nix/store/xfjj9s0rwkchc69qrpicj59a9vvg1vx9-perl5.32.0-HTML-Parser-3.72/lib/perl5/site_perl/5.32.0 /nix/store/xfjj9s0rwkchc69qrpicj59a9vvg1vx9-perl5.32.0-HTML-Parser-3.72/lib/perl5/site_perl /nix/store/08ajrvbxl8iqbb0szrgcvg1msc5nm10l-perl5.32.0-HTML-Tagset-3.20/lib/perl5/site_perl/5.32.0/x86_64-linux-thread-multi /nix/store/08ajrvbxl8iqbb0szrgcvg1msc5nm10l-perl5.32.0-HTML-Tagset-3.20/lib/perl5/site_perl/5.32.0 /nix/store/08ajrvbxl8iqbb0szrgcvg1msc5nm10l-perl5.32.0-HTML-Tagset-3.20/lib/perl5/site_perl /nix/store/df7f4vg9aajiqgc8301dsvvn7s542hij-perl5.32.0-Cache-Cache-1.08/lib/perl5/site_perl/5.32.0/x86_64-linux-thread-multi /nix/store/df7f4vg9aajiqgc8301dsvvn7s542hij-perl5.32.0-Cache-Cache-1.08/lib/perl5/site_perl/5.32.0 /nix/store/df7f4vg9aajiqgc8301dsvvn7s542hij-perl5.32.0-Cache-Cache-1.08/lib/perl5/site_perl /nix/store/2h23q1lkawcfvg49kfn16acbqi39nqb6-perl5.32.0-Digest-SHA1-2.13/lib/perl5/site_perl/5.32.0/x86_64-linux-thread-multi /nix/store/2h23q1lkawcfvg49kfn16acbqi39nqb6-perl5.32.0-Digest-SHA1-2.13/lib/perl5/site_perl/5.32.0 /nix/store/2h23q1lkawcfvg49kfn16acbqi39nqb6-perl5.32.0-Digest-SHA1-2.13/lib/perl5/site_perl /nix/store/hgrz91y4q4gy0z8d1kkw6pv9dyjlibza-perl5.32.0-Error-0.17029/lib/perl5/site_perl/5.32.0/x86_64-linux-thread-multi /nix/store/hgrz91y4q4gy0z8d1kkw6pv9dyjlibza-perl5.32.0-Error-0.17029/lib/perl5/site_perl/5.32.0 /nix/store/hgrz91y4q4gy0z8d1kkw6pv9dyjlibza-perl5.32.0-Error-0.17029/lib/perl5/site_perl /nix/store/zx5skjm2jw39hrrib9q3w10zqailx0lc-perl5.32.0-IPC-ShareLite-0.17/lib/perl5/site_perl/5.32.0/x86_64-linux-thread-multi /nix/store/zx5skjm2jw39hrrib9q3w10zqailx0lc-perl5.32.0-IPC-ShareLite-0.17/lib/perl5/site_perl/5.32.0 /nix/store/zx5skjm2jw39hrrib9q3w10zqailx0lc-perl5.32.0-IPC-ShareLite-0.17/lib/perl5/site_perl /nix/store/wz0jp6fywd6sc1g8xydy0cbb77bbfg4f-perl5.32.0-Class-Container-0.13/lib/perl5/site_perl/5.32.0/x86_64-linux-thread-multi /nix/store/wz0jp6fywd6sc1g8xydy0cbb77bbfg4f-perl5.32.0-Class-Container-0.13/lib/perl5/site_perl/5.32.0 /nix/store/wz0jp6fywd6sc1g8xydy0cbb77bbfg4f-perl5.32.0-Class-Container-0.13/lib/perl5/site_perl /nix/store/rhnywcr3vdds3yrn1mh3gz5972mrr58h-perl5.32.0-Params-Validate-1.29/lib/perl5/site_perl/5.32.0/x86_64-linux-thread-multi /nix/store/rhnywcr3vdds3yrn1mh3gz5972mrr58h-perl5.32.0-Params-Validate-1.29/lib/perl5/site_perl/5.32.0 /nix/store/rhnywcr3vdds3yrn1mh3gz5972mrr58h-perl5.32.0-Params-Validate-1.29/lib/perl5/site_perl /nix/store/4p5i7190agrf7xpplfxmgi4r3f8idww9-perl5.32.0-Module-Implementation-0.09/lib/perl5/site_perl/5.32.0/x86_64-linux-thread-multi /nix/store/4p5i7190agrf7xpplfxmgi4r3f8idww9-perl5.32.0-Module-Implementation-0.09/lib/perl5/site_perl/5.32.0 /nix/store/4p5i7190agrf7xpplfxmgi4r3f8idww9-perl5.32.0-Module-Implementation-0.09/lib/perl5/site_perl /nix/store/kzlry0bxj3z9f54h0537fsnz444lzscr-perl5.32.0-Module-Runtime-0.016/lib/perl5/site_perl/5.32.0/x86_64-linux-thread-multi /nix/store/kzlry0bxj3z9f54h0537fsnz444lzscr-perl5.32.0-Module-Runtime-0.016/lib/perl5/site_perl/5.32.0 /nix/store/kzlry0bxj3z9f54h0537fsnz444lzscr-perl5.32.0-Module-Runtime-0.016/lib/perl5/site_perl /nix/store/g3f5ak08lfvggp9vjcvrjfyrrsvqnw4s-perl5.32.0-Try-Tiny-0.30/lib/perl5/site_perl/5.32.0/x86_64-linux-thread-multi /nix/store/g3f5ak08lfvggp9vjcvrjfyrrsvqnw4s-perl5.32.0-Try-Tiny-0.30/lib/perl5/site_perl/5.32.0 /nix/store/g3f5ak08lfvggp9vjcvrjfyrrsvqnw4s-perl5.32.0-Try-Tiny-0.30/lib/perl5/site_perl /nix/store/bcsxiakjj2ymwnzmm9wrgj0xll1m6hw3-perl5.32.0-Exception-Class-1.44/lib/perl5/site_perl/5.32.0/x86_64-linux-thread-multi /nix/store/bcsxiakjj2ymwnzmm9wrgj0xll1m6hw3-perl5.32.0-Exception-Class-1.44/lib/perl5/site_perl/5.32.0 /nix/store/bcsxiakjj2ymwnzmm9wrgj0xll1m6hw3-perl5.32.0-Exception-Class-1.44/lib/perl5/site_perl /nix/store/37ypsxsd5acnhb55214fk3619h3hnxws-perl5.32.0-Class-Data-Inheritable-0.08/lib/perl5/site_perl/5.32.0/x86_64-linux-thread-multi /nix/store/37ypsxsd5acnhb55214fk3619h3hnxws-perl5.32.0-Class-Data-Inheritable-0.08/lib/perl5/site_perl/5.32.0 /nix/store/37ypsxsd5acnhb55214fk3619h3hnxws-perl5.32.0-Class-Data-Inheritable-0.08/lib/perl5/site_perl /nix/store/vw08fc5bkqqyj6cawwfxs1339bs15hj0-perl5.32.0-Devel-StackTrace-2.04/lib/perl5/site_perl/5.32.0/x86_64-linux-thread-multi /nix/store/vw08fc5bkqqyj6cawwfxs1339bs15hj0-perl5.32.0-Devel-StackTrace-2.04/lib/perl5/site_perl/5.32.0 /nix/store/vw08fc5bkqqyj6cawwfxs1339bs15hj0-perl5.32.0-Devel-StackTrace-2.04/lib/perl5/site_perl /nix/store/kcg47si93cbfzkz3c7h6xm911ds5a5gx-perl5.32.0-Log-Any-1.708/lib/perl5/site_perl/5.32.0/x86_64-linux-thread-multi /nix/store/kcg47si93cbfzkz3c7h6xm911ds5a5gx-perl5.32.0-Log-Any-1.708/lib/perl5/site_perl/5.32.0 /nix/store/kcg47si93cbfzkz3c7h6xm911ds5a5gx-perl5.32.0-Log-Any-1.708/lib/perl5/site_perl /nix/store/cfbkbd5vnhic6xp7wgj3ran19jkmxksb-perl5.32.0-HTTP-Server-Simple-0.52/lib/perl5/site_perl/5.32.0/x86_64-linux-thread-multi /nix/store/cfbkbd5vnhic6xp7wgj3ran19jkmxksb-perl5.32.0-HTTP-Server-Simple-0.52/lib/perl5/site_perl/5.32.0 /nix/store/cfbkbd5vnhic6xp7wgj3ran19jkmxksb-perl5.32.0-HTTP-Server-Simple-0.52/lib/perl5/site_perl /nix/store/g3bp7vk9mmzyvhb7i2qmgx1n1xjrnkpr-perl5.32.0-Hook-LexWrap-0.26/lib/perl5/site_perl/5.32.0/x86_64-linux-thread-multi /nix/store/g3bp7vk9mmzyvhb7i2qmgx1n1xjrnkpr-perl5.32.0-Hook-LexWrap-0.26/lib/perl5/site_perl/5.32.0 /nix/store/g3bp7vk9mmzyvhb7i2qmgx1n1xjrnkpr-perl5.32.0-Hook-LexWrap-0.26/lib/perl5/site_perl /nix/store/7c044di03qa7qgr5kjjc2d787aspzp0m-perl-5.32.0/lib/perl5/site_perl/5.32.0/x86_64-linux-thread-multi /nix/store/7c044di03qa7qgr5kjjc2d787aspzp0m-perl-5.32.0/lib/perl5/site_perl/5.32.0 /nix/store/7c044di03qa7qgr5kjjc2d787aspzp0m-perl-5.32.0/lib/perl5/site_perl /nix/store/nb8blhvnc8nyn4cg1ia69dq1qxrnsr75-perl5.32.0-HTML-Mason-1.59/lib/perl5/site_perl/5.32.0/x86_64-linux-thread-multi /nix/store/nb8blhvnc8nyn4cg1ia69dq1qxrnsr75-perl5.32.0-HTML-Mason-1.59/lib/perl5/site_perl/5.32.0 /nix/store/nb8blhvnc8nyn4cg1ia69dq1qxrnsr75-perl5.32.0-HTML-Mason-1.59/lib/perl5/site_perl /nix/store/1cj18z5hqvsylknf0mnlvjs8x6chqz79-perl5.32.0-CGI-4.49/lib/perl5/site_perl/5.32.0/x86_64-linux-thread-multi /nix/store/1cj18z5hqvsylknf0mnlvjs8x6chqz79-perl5.32.0-CGI-4.49/lib/perl5/site_perl/5.32.0 /nix/store/1cj18z5hqvsylknf0mnlvjs8x6chqz79-perl5.32.0-CGI-4.49/lib/perl5/site_perl /nix/store/xfjj9s0rwkchc69qrpicj59a9vvg1vx9-perl5.32.0-HTML-Parser-3.72/lib/perl5/site_perl/5.32.0/x86_64-linux-thread-multi /nix/store/xfjj9s0rwkchc69qrpicj59a9vvg1vx9-perl5.32.0-HTML-Parser-3.72/lib/perl5/site_perl/5.32.0 /nix/store/xfjj9s0rwkchc69qrpicj59a9vvg1vx9-perl5.32.0-HTML-Parser-3.72/lib/perl5/site_perl /nix/store/08ajrvbxl8iqbb0szrgcvg1msc5nm10l-perl5.32.0-HTML-Tagset-3.20/lib/perl5/site_perl/5.32.0/x86_64-linux-thread-multi /nix/store/08ajrvbxl8iqbb0szrgcvg1msc5nm10l-perl5.32.0-HTML-Tagset-3.20/lib/perl5/site_perl/5.32.0 /nix/store/08ajrvbxl8iqbb0szrgcvg1msc5nm10l-perl5.32.0-HTML-Tagset-3.20/lib/perl5/site_perl /nix/store/df7f4vg9aajiqgc8301dsvvn7s542hij-perl5.32.0-Cache-Cache-1.08/lib/perl5/site_perl/5.32.0/x86_64-linux-thread-multi /nix/store/df7f4vg9aajiqgc8301dsvvn7s542hij-perl5.32.0-Cache-Cache-1.08/lib/perl5/site_perl/5.32.0 /nix/store/df7f4vg9aajiqgc8301dsvvn7s542hij-perl5.32.0-Cache-Cache-1.08/lib/perl5/site_perl /nix/store/2h23q1lkawcfvg49kfn16acbqi39nqb6-perl5.32.0-Digest-SHA1-2.13/lib/perl5/site_perl/5.32.0/x86_64-linux-thread-multi /nix/store/2h23q1lkawcfvg49kfn16acbqi39nqb6-perl5.32.0-Digest-SHA1-2.13/lib/perl5/site_perl/5.32.0 /nix/store/2h23q1lkawcfvg49kfn16acbqi39nqb6-perl5.32.0-Digest-SHA1-2.13/lib/perl5/site_perl /nix/store/hgrz91y4q4gy0z8d1kkw6pv9dyjlibza-perl5.32.0-Error-0.17029/lib/perl5/site_perl/5.32.0/x86_64-linux-thread-multi /nix/store/hgrz91y4q4gy0z8d1kkw6pv9dyjlibza-perl5.32.0-Error-0.17029/lib/perl5/site_perl/5.32.0 /nix/store/hgrz91y4q4gy0z8d1kkw6pv9dyjlibza-perl5.32.0-Error-0.17029/lib/perl5/site_perl /nix/store/zx5skjm2jw39hrrib9q3w10zqailx0lc-perl5.32.0-IPC-ShareLite-0.17/lib/perl5/site_perl/5.32.0/x86_64-linux-thread-multi /nix/store/zx5skjm2jw39hrrib9q3w10zqailx0lc-perl5.32.0-IPC-ShareLite-0.17/lib/perl5/site_perl/5.32.0 /nix/store/zx5skjm2jw39hrrib9q3w10zqailx0lc-perl5.32.0-IPC-ShareLite-0.17/lib/perl5/site_perl /nix/store/wz0jp6fywd6sc1g8xydy0cbb77bbfg4f-perl5.32.0-Class-Container-0.13/lib/perl5/site_perl/5.32.0/x86_64-linux-thread-multi /nix/store/wz0jp6fywd6sc1g8xydy0cbb77bbfg4f-perl5.32.0-Class-Container-0.13/lib/perl5/site_perl/5.32.0 /nix/store/wz0jp6fywd6sc1g8xydy0cbb77bbfg4f-perl5.32.0-Class-Container-0.13/lib/perl5/site_perl /nix/store/rhnywcr3vdds3yrn1mh3gz5972mrr58h-perl5.32.0-Params-Validate-1.29/lib/perl5/site_perl/5.32.0/x86_64-linux-thread-multi /nix/store/rhnywcr3vdds3yrn1mh3gz5972mrr58h-perl5.32.0-Params-Validate-1.29/lib/perl5/site_perl/5.32.0 /nix/store/rhnywcr3vdds3yrn1mh3gz5972mrr58h-perl5.32.0-Params-Validate-1.29/lib/perl5/site_perl /nix/store/4p5i7190agrf7xpplfxmgi4r3f8idww9-perl5.32.0-Module-Implementation-0.09/lib/perl5/site_perl/5.32.0/x86_64-linux-thread-multi /nix/store/4p5i7190agrf7xpplfxmgi4r3f8idww9-perl5.32.0-Module-Implementation-0.09/lib/perl5/site_perl/5.32.0 /nix/store/4p5i7190agrf7xpplfxmgi4r3f8idww9-perl5.32.0-Module-Implementation-0.09/lib/perl5/site_perl /nix/store/kzlry0bxj3z9f54h0537fsnz444lzscr-perl5.32.0-Module-Runtime-0.016/lib/perl5/site_perl/5.32.0/x86_64-linux-thread-multi /nix/store/kzlry0bxj3z9f54h0537fsnz444lzscr-perl5.32.0-Module-Runtime-0.016/lib/perl5/site_perl/5.32.0 /nix/store/kzlry0bxj3z9f54h0537fsnz444lzscr-perl5.32.0-Module-Runtime-0.016/lib/perl5/site_perl /nix/store/g3f5ak08lfvggp9vjcvrjfyrrsvqnw4s-perl5.32.0-Try-Tiny-0.30/lib/perl5/site_perl/5.32.0/x86_64-linux-thread-multi /nix/store/g3f5ak08lfvggp9vjcvrjfyrrsvqnw4s-perl5.32.0-Try-Tiny-0.30/lib/perl5/site_perl/5.32.0 /nix/store/g3f5ak08lfvggp9vjcvrjfyrrsvqnw4s-perl5.32.0-Try-Tiny-0.30/lib/perl5/site_perl /nix/store/bcsxiakjj2ymwnzmm9wrgj0xll1m6hw3-perl5.32.0-Exception-Class-1.44/lib/perl5/site_perl/5.32.0/x86_64-linux-thread-multi /nix/store/bcsxiakjj2ymwnzmm9wrgj0xll1m6hw3-perl5.32.0-Exception-Class-1.44/lib/perl5/site_perl/5.32.0 /nix/store/bcsxiakjj2ymwnzmm9wrgj0xll1m6hw3-perl5.32.0-Exception-Class-1.44/lib/perl5/site_perl /nix/store/37ypsxsd5acnhb55214fk3619h3hnxws-perl5.32.0-Class-Data-Inheritable-0.08/lib/perl5/site_perl/5.32.0/x86_64-linux-thread-multi /nix/store/37ypsxsd5acnhb55214fk3619h3hnxws-perl5.32.0-Class-Data-Inheritable-0.08/lib/perl5/site_perl/5.32.0 /nix/store/37ypsxsd5acnhb55214fk3619h3hnxws-perl5.32.0-Class-Data-Inheritable-0.08/lib/perl5/site_perl /nix/store/vw08fc5bkqqyj6cawwfxs1339bs15hj0-perl5.32.0-Devel-StackTrace-2.04/lib/perl5/site_perl/5.32.0/x86_64-linux-thread-multi /nix/store/vw08fc5bkqqyj6cawwfxs1339bs15hj0-perl5.32.0-Devel-StackTrace-2.04/lib/perl5/site_perl/5.32.0 /nix/store/vw08fc5bkqqyj6cawwfxs1339bs15hj0-perl5.32.0-Devel-StackTrace-2.04/lib/perl5/site_perl /nix/store/kcg47si93cbfzkz3c7h6xm911ds5a5gx-perl5.32.0-Log-Any-1.708/lib/perl5/site_perl/5.32.0/x86_64-linux-thread-multi /nix/store/kcg47si93cbfzkz3c7h6xm911ds5a5gx-perl5.32.0-Log-Any-1.708/lib/perl5/site_perl/5.32.0 /nix/store/kcg47si93cbfzkz3c7h6xm911ds5a5gx-perl5.32.0-Log-Any-1.708/lib/perl5/site_perl /nix/store/cfbkbd5vnhic6xp7wgj3ran19jkmxksb-perl5.32.0-HTTP-Server-Simple-0.52/lib/perl5/site_perl/5.32.0/x86_64-linux-thread-multi /nix/store/cfbkbd5vnhic6xp7wgj3ran19jkmxksb-perl5.32.0-HTTP-Server-Simple-0.52/lib/perl5/site_perl/5.32.0 /nix/store/cfbkbd5vnhic6xp7wgj3ran19jkmxksb-perl5.32.0-HTTP-Server-Simple-0.52/lib/perl5/site_perl /nix/store/g3bp7vk9mmzyvhb7i2qmgx1n1xjrnkpr-perl5.32.0-Hook-LexWrap-0.26/lib/perl5/site_perl/5.32.0/x86_64-linux-thread-multi /nix/store/g3bp7vk9mmzyvhb7i2qmgx1n1xjrnkpr-perl5.32.0-Hook-LexWrap-0.26/lib/perl5/site_perl/5.32.0 /nix/store/g3bp7vk9mmzyvhb7i2qmgx1n1xjrnkpr-perl5.32.0-Hook-LexWrap-0.26/lib/perl5/site_perl /nix/store/7c044di03qa7qgr5kjjc2d787aspzp0m-perl-5.32.0/lib/perl5/site_perl/5.32.0/x86_64-linux-thread-multi /nix/store/7c044di03qa7qgr5kjjc2d787aspzp0m-perl-5.32.0/lib/perl5/site_perl/5.32.0 /nix/store/7c044di03qa7qgr5kjjc2d787aspzp0m-perl-5.32.0/lib/perl5/site_perl /nix/store/nb8blhvnc8nyn4cg1ia69dq1qxrnsr75-perl5.32.0-HTML-Mason-1.59/lib/perl5/site_perl/5.32.0/x86_64-linux-thread-multi /nix/store/nb8blhvnc8nyn4cg1ia69dq1qxrnsr75-perl5.32.0-HTML-Mason-1.59/lib/perl5/site_perl/5.32.0 /nix/store/nb8blhvnc8nyn4cg1ia69dq1qxrnsr75-perl5.32.0-HTML-Mason-1.59/lib/perl5/site_perl /nix/store/1cj18z5hqvsylknf0mnlvjs8x6chqz79-perl5.32.0-CGI-4.49/lib/perl5/site_perl/5.32.0/x86_64-linux-thread-multi /nix/store/1cj18z5hqvsylknf0mnlvjs8x6chqz79-perl5.32.0-CGI-4.49/lib/perl5/site_perl/5.32.0 /nix/store/1cj18z5hqvsylknf0mnlvjs8x6chqz79-perl5.32.0-CGI-4.49/lib/perl5/site_perl /nix/store/xfjj9s0rwkchc69qrpicj59a9vvg1vx9-perl5.32.0-HTML-Parser-3.72/lib/perl5/site_perl/5.32.0/x86_64-linux-thread-multi /nix/store/xfjj9s0rwkchc69qrpicj59a9vvg1vx9-perl5.32.0-HTML-Parser-3.72/lib/perl5/site_perl/5.32.0 /nix/store/xfjj9s0rwkchc69qrpicj59a9vvg1vx9-perl5.32.0-HTML-Parser-3.72/lib/perl5/site_perl /nix/store/08ajrvbxl8iqbb0szrgcvg1msc5nm10l-perl5.32.0-HTML-Tagset-3.20/lib/perl5/site_perl/5.32.0/x86_64-linux-thread-multi /nix/store/08ajrvbxl8iqbb0szrgcvg1msc5nm10l-perl5.32.0-HTML-Tagset-3.20/lib/perl5/site_perl/5.32.0 /nix/store/08ajrvbxl8iqbb0szrgcvg1msc5nm10l-perl5.32.0-HTML-Tagset-3.20/lib/perl5/site_perl /nix/store/df7f4vg9aajiqgc8301dsvvn7s542hij-perl5.32.0-Cache-Cache-1.08/lib/perl5/site_perl/5.32.0/x86_64-linux-thread-multi /nix/store/df7f4vg9aajiqgc8301dsvvn7s542hij-perl5.32.0-Cache-Cache-1.08/lib/perl5/site_perl/5.32.0 /nix/store/df7f4vg9aajiqgc8301dsvvn7s542hij-perl5.32.0-Cache-Cache-1.08/lib/perl5/site_perl /nix/store/2h23q1lkawcfvg49kfn16acbqi39nqb6-perl5.32.0-Digest-SHA1-2.13/lib/perl5/site_perl/5.32.0/x86_64-linux-thread-multi /nix/store/2h23q1lkawcfvg49kfn16acbqi39nqb6-perl5.32.0-Digest-SHA1-2.13/lib/perl5/site_perl/5.32.0 /nix/store/2h23q1lkawcfvg49kfn16acbqi39nqb6-perl5.32.0-Digest-SHA1-2.13/lib/perl5/site_perl /nix/store/hgrz91y4q4gy0z8d1kkw6pv9dyjlibza-perl5.32.0-Error-0.17029/lib/perl5/site_perl/5.32.0/x86_64-linux-thread-multi /nix/store/hgrz91y4q4gy0z8d1kkw6pv9dyjlibza-perl5.32.0-Error-0.17029/lib/perl5/site_perl/5.32.0 /nix/store/hgrz91y4q4gy0z8d1kkw6pv9dyjlibza-perl5.32.0-Error-0.17029/lib/perl5/site_perl /nix/store/zx5skjm2jw39hrrib9q3w10zqailx0lc-perl5.32.0-IPC-ShareLite-0.17/lib/perl5/site_perl/5.32.0/x86_64-linux-thread-multi /nix/store/zx5skjm2jw39hrrib9q3w10zqailx0lc-perl5.32.0-IPC-ShareLite-0.17/lib/perl5/site_perl/5.32.0 /nix/store/zx5skjm2jw39hrrib9q3w10zqailx0lc-perl5.32.0-IPC-ShareLite-0.17/lib/perl5/site_perl /nix/store/wz0jp6fywd6sc1g8xydy0cbb77bbfg4f-perl5.32.0-Class-Container-0.13/lib/perl5/site_perl/5.32.0/x86_64-linux-thread-multi /nix/store/wz0jp6fywd6sc1g8xydy0cbb77bbfg4f-perl5.32.0-Class-Container-0.13/lib/perl5/site_perl/5.32.0 /nix/store/wz0jp6fywd6sc1g8xydy0cbb77bbfg4f-perl5.32.0-Class-Container-0.13/lib/perl5/site_perl /nix/store/rhnywcr3vdds3yrn1mh3gz5972mrr58h-perl5.32.0-Params-Validate-1.29/lib/perl5/site_perl/5.32.0/x86_64-linux-thread-multi /nix/store/rhnywcr3vdds3yrn1mh3gz5972mrr58h-perl5.32.0-Params-Validate-1.29/lib/perl5/site_perl/5.32.0 /nix/store/rhnywcr3vdds3yrn1mh3gz5972mrr58h-perl5.32.0-Params-Validate-1.29/lib/perl5/site_perl /nix/store/4p5i7190agrf7xpplfxmgi4r3f8idww9-perl5.32.0-Module-Implementation-0.09/lib/perl5/site_perl/5.32.0/x86_64-linux-thread-multi /nix/store/4p5i7190agrf7xpplfxmgi4r3f8idww9-perl5.32.0-Module-Implementation-0.09/lib/perl5/site_perl/5.32.0 /nix/store/4p5i7190agrf7xpplfxmgi4r3f8idww9-perl5.32.0-Module-Implementation-0.09/lib/perl5/site_perl /nix/store/kzlry0bxj3z9f54h0537fsnz444lzscr-perl5.32.0-Module-Runtime-0.016/lib/perl5/site_perl/5.32.0/x86_64-linux-thread-multi /nix/store/kzlry0bxj3z9f54h0537fsnz444lzscr-perl5.32.0-Module-Runtime-0.016/lib/perl5/site_perl/5.32.0 /nix/store/kzlry0bxj3z9f54h0537fsnz444lzscr-perl5.32.0-Module-Runtime-0.016/lib/perl5/site_perl /nix/store/g3f5ak08lfvggp9vjcvrjfyrrsvqnw4s-perl5.32.0-Try-Tiny-0.30/lib/perl5/site_perl/5.32.0/x86_64-linux-thread-multi /nix/store/g3f5ak08lfvggp9vjcvrjfyrrsvqnw4s-perl5.32.0-Try-Tiny-0.30/lib/perl5/site_perl/5.32.0 /nix/store/g3f5ak08lfvggp9vjcvrjfyrrsvqnw4s-perl5.32.0-Try-Tiny-0.30/lib/perl5/site_perl /nix/store/bcsxiakjj2ymwnzmm9wrgj0xll1m6hw3-perl5.32.0-Exception-Class-1.44/lib/perl5/site_perl/5.32.0/x86_64-linux-thread-multi /nix/store/bcsxiakjj2ymwnzmm9wrgj0xll1m6hw3-perl5.32.0-Exception-Class-1.44/lib/perl5/site_perl/5.32.0 /nix/store/bcsxiakjj2ymwnzmm9wrgj0xll1m6hw3-perl5.32.0-Exception-Class-1.44/lib/perl5/site_perl /nix/store/37ypsxsd5acnhb55214fk3619h3hnxws-perl5.32.0-Class-Data-Inheritable-0.08/lib/perl5/site_perl/5.32.0/x86_64-linux-thread-multi /nix/store/37ypsxsd5acnhb55214fk3619h3hnxws-perl5.32.0-Class-Data-Inheritable-0.08/lib/perl5/site_perl/5.32.0 /nix/store/37ypsxsd5acnhb55214fk3619h3hnxws-perl5.32.0-Class-Data-Inheritable-0.08/lib/perl5/site_perl /nix/store/vw08fc5bkqqyj6cawwfxs1339bs15hj0-perl5.32.0-Devel-StackTrace-2.04/lib/perl5/site_perl/5.32.0/x86_64-linux-thread-multi /nix/store/vw08fc5bkqqyj6cawwfxs1339bs15hj0-perl5.32.0-Devel-StackTrace-2.04/lib/perl5/site_perl/5.32.0 /nix/store/vw08fc5bkqqyj6cawwfxs1339bs15hj0-perl5.32.0-Devel-StackTrace-2.04/lib/perl5/site_perl /nix/store/kcg47si93cbfzkz3c7h6xm911ds5a5gx-perl5.32.0-Log-Any-1.708/lib/perl5/site_perl/5.32.0/x86_64-linux-thread-multi /nix/store/kcg47si93cbfzkz3c7h6xm911ds5a5gx-perl5.32.0-Log-Any-1.708/lib/perl5/site_perl/5.32.0 /nix/store/kcg47si93cbfzkz3c7h6xm911ds5a5gx-perl5.32.0-Log-Any-1.708/lib/perl5/site_perl /nix/store/cfbkbd5vnhic6xp7wgj3ran19jkmxksb-perl5.32.0-HTTP-Server-Simple-0.52/lib/perl5/site_perl/5.32.0/x86_64-linux-thread-multi /nix/store/cfbkbd5vnhic6xp7wgj3ran19jkmxksb-perl5.32.0-HTTP-Server-Simple-0.52/lib/perl5/site_perl/5.32.0 /nix/store/cfbkbd5vnhic6xp7wgj3ran19jkmxksb-perl5.32.0-HTTP-Server-Simple-0.52/lib/perl5/site_perl /nix/store/g3bp7vk9mmzyvhb7i2qmgx1n1xjrnkpr-perl5.32.0-Hook-LexWrap-0.26/lib/perl5/site_perl/5.32.0/x86_64-linux-thread-multi /nix/store/g3bp7vk9mmzyvhb7i2qmgx1n1xjrnkpr-perl5.32.0-Hook-LexWrap-0.26/lib/perl5/site_perl/5.32.0 /nix/store/g3bp7vk9mmzyvhb7i2qmgx1n1xjrnkpr-perl5.32.0-Hook-LexWrap-0.26/lib/perl5/site_perl /nix/store/7c044di03qa7qgr5kjjc2d787aspzp0m-perl-5.32.0/lib/perl5/site_perl/5.32.0/x86_64-linux-thread-multi /nix/store/7c044di03qa7qgr5kjjc2d787aspzp0m-perl-5.32.0/lib/perl5/site_perl/5.32.0 /nix/store/7c044di03qa7qgr5kjjc2d787aspzp0m-perl-5.32.0/lib/perl5/site_perl /nix/store/nb8blhvnc8nyn4cg1ia69dq1qxrnsr75-perl5.32.0-HTML-Mason-1.59/lib/perl5/site_perl/5.32.0/x86_64-linux-thread-multi /nix/store/nb8blhvnc8nyn4cg1ia69dq1qxrnsr75-perl5.32.0-HTML-Mason-1.59/lib/perl5/site_perl/5.32.0 /nix/store/nb8blhvnc8nyn4cg1ia69dq1qxrnsr75-perl5.32.0-HTML-Mason-1.59/lib/perl5/site_perl /nix/store/1cj18z5hqvsylknf0mnlvjs8x6chqz79-perl5.32.0-CGI-4.49/lib/perl5/site_perl/5.32.0/x86_64-linux-thread-multi /nix/store/1cj18z5hqvsylknf0mnlvjs8x6chqz79-perl5.32.0-CGI-4.49/lib/perl5/site_perl/5.32.0 /nix/store/1cj18z5hqvsylknf0mnlvjs8x6chqz79-perl5.32.0-CGI-4.49/lib/perl5/site_perl /nix/store/xfjj9s0rwkchc69qrpicj59a9vvg1vx9-perl5.32.0-HTML-Parser-3.72/lib/perl5/site_perl/5.32.0/x86_64-linux-thread-multi /nix/store/xfjj9s0rwkchc69qrpicj59a9vvg1vx9-perl5.32.0-HTML-Parser-3.72/lib/perl5/site_perl/5.32.0 /nix/store/xfjj9s0rwkchc69qrpicj59a9vvg1vx9-perl5.32.0-HTML-Parser-3.72/lib/perl5/site_perl /nix/store/08ajrvbxl8iqbb0szrgcvg1msc5nm10l-perl5.32.0-HTML-Tagset-3.20/lib/perl5/site_perl/5.32.0/x86_64-linux-thread-multi /nix/store/08ajrvbxl8iqbb0szrgcvg1msc5nm10l-perl5.32.0-HTML-Tagset-3.20/lib/perl5/site_perl/5.32.0 /nix/store/08ajrvbxl8iqbb0szrgcvg1msc5nm10l-perl5.32.0-HTML-Tagset-3.20/lib/perl5/site_perl /nix/store/df7f4vg9aajiqgc8301dsvvn7s542hij-perl5.32.0-Cache-Cache-1.08/lib/perl5/site_perl/5.32.0/x86_64-linux-thread-multi /nix/store/df7f4vg9aajiqgc8301dsvvn7s542hij-perl5.32.0-Cache-Cache-1.08/lib/perl5/site_perl/5.32.0 /nix/store/df7f4vg9aajiqgc8301dsvvn7s542hij-perl5.32.0-Cache-Cache-1.08/lib/perl5/site_perl /nix/store/2h23q1lkawcfvg49kfn16acbqi39nqb6-perl5.32.0-Digest-SHA1-2.13/lib/perl5/site_perl/5.32.0/x86_64-linux-thread-multi /nix/store/2h23q1lkawcfvg49kfn16acbqi39nqb6-perl5.32.0-Digest-SHA1-2.13/lib/perl5/site_perl/5.32.0 /nix/store/2h23q1lkawcfvg49kfn16acbqi39nqb6-perl5.32.0-Digest-SHA1-2.13/lib/perl5/site_perl /nix/store/hgrz91y4q4gy0z8d1kkw6pv9dyjlibza-perl5.32.0-Error-0.17029/lib/perl5/site_perl/5.32.0/x86_64-linux-thread-multi /nix/store/hgrz91y4q4gy0z8d1kkw6pv9dyjlibza-perl5.32.0-Error-0.17029/lib/perl5/site_perl/5.32.0 /nix/store/hgrz91y4q4gy0z8d1kkw6pv9dyjlibza-perl5.32.0-Error-0.17029/lib/perl5/site_perl /nix/store/zx5skjm2jw39hrrib9q3w10zqailx0lc-perl5.32.0-IPC-ShareLite-0.17/lib/perl5/site_perl/5.32.0/x86_64-linux-thread-multi /nix/store/zx5skjm2jw39hrrib9q3w10zqailx0lc-perl5.32.0-IPC-ShareLite-0.17/lib/perl5/site_perl/5.32.0 /nix/store/zx5skjm2jw39hrrib9q3w10zqailx0lc-perl5.32.0-IPC-ShareLite-0.17/lib/perl5/site_perl /nix/store/wz0jp6fywd6sc1g8xydy0cbb77bbfg4f-perl5.32.0-Class-Container-0.13/lib/perl5/site_perl/5.32.0/x86_64-linux-thread-multi /nix/store/wz0jp6fywd6sc1g8xydy0cbb77bbfg4f-perl5.32.0-Class-Container-0.13/lib/perl5/site_perl/5.32.0 /nix/store/wz0jp6fywd6sc1g8xydy0cbb77bbfg4f-perl5.32.0-Class-Container-0.13/lib/perl5/site_perl /nix/store/rhnywcr3vdds3yrn1mh3gz5972mrr58h-perl5.32.0-Params-Validate-1.29/lib/perl5/site_perl/5.32.0/x86_64-linux-thread-multi /nix/store/rhnywcr3vdds3yrn1mh3gz5972mrr58h-perl5.32.0-Params-Validate-1.29/lib/perl5/site_perl/5.32.0 /nix/store/rhnywcr3vdds3yrn1mh3gz5972mrr58h-perl5.32.0-Params-Validate-1.29/lib/perl5/site_perl /nix/store/4p5i7190agrf7xpplfxmgi4r3f8idww9-perl5.32.0-Module-Implementation-0.09/lib/perl5/site_perl/5.32.0/x86_64-linux-thread-multi /nix/store/4p5i7190agrf7xpplfxmgi4r3f8idww9-perl5.32.0-Module-Implementation-0.09/lib/perl5/site_perl/5.32.0 /nix/store/4p5i7190agrf7xpplfxmgi4r3f8idww9-perl5.32.0-Module-Implementation-0.09/lib/perl5/site_perl /nix/store/kzlry0bxj3z9f54h0537fsnz444lzscr-perl5.32.0-Module-Runtime-0.016/lib/perl5/site_perl/5.32.0/x86_64-linux-thread-multi /nix/store/kzlry0bxj3z9f54h0537fsnz444lzscr-perl5.32.0-Module-Runtime-0.016/lib/perl5/site_perl/5.32.0 /nix/store/kzlry0bxj3z9f54h0537fsnz444lzscr-perl5.32.0-Module-Runtime-0.016/lib/perl5/site_perl /nix/store/g3f5ak08lfvggp9vjcvrjfyrrsvqnw4s-perl5.32.0-Try-Tiny-0.30/lib/perl5/site_perl/5.32.0/x86_64-linux-thread-multi /nix/store/g3f5ak08lfvggp9vjcvrjfyrrsvqnw4s-perl5.32.0-Try-Tiny-0.30/lib/perl5/site_perl/5.32.0 /nix/store/g3f5ak08lfvggp9vjcvrjfyrrsvqnw4s-perl5.32.0-Try-Tiny-0.30/lib/perl5/site_perl /nix/store/bcsxiakjj2ymwnzmm9wrgj0xll1m6hw3-perl5.32.0-Exception-Class-1.44/lib/perl5/site_perl/5.32.0/x86_64-linux-thread-multi /nix/store/bcsxiakjj2ymwnzmm9wrgj0xll1m6hw3-perl5.32.0-Exception-Class-1.44/lib/perl5/site_perl/5.32.0 /nix/store/bcsxiakjj2ymwnzmm9wrgj0xll1m6hw3-perl5.32.0-Exception-Class-1.44/lib/perl5/site_perl /nix/store/37ypsxsd5acnhb55214fk3619h3hnxws-perl5.32.0-Class-Data-Inheritable-0.08/lib/perl5/site_perl/5.32.0/x86_64-linux-thread-multi /nix/store/37ypsxsd5acnhb55214fk3619h3hnxws-perl5.32.0-Class-Data-Inheritable-0.08/lib/perl5/site_perl/5.32.0 /nix/store/37ypsxsd5acnhb55214fk3619h3hnxws-perl5.32.0-Class-Data-Inheritable-0.08/lib/perl5/site_perl /nix/store/vw08fc5bkqqyj6cawwfxs1339bs15hj0-perl5.32.0-Devel-StackTrace-2.04/lib/perl5/site_perl/5.32.0/x86_64-linux-thread-multi /nix/store/vw08fc5bkqqyj6cawwfxs1339bs15hj0-perl5.32.0-Devel-StackTrace-2.04/lib/perl5/site_perl/5.32.0 /nix/store/vw08fc5bkqqyj6cawwfxs1339bs15hj0-perl5.32.0-Devel-StackTrace-2.04/lib/perl5/site_perl /nix/store/kcg47si93cbfzkz3c7h6xm911ds5a5gx-perl5.32.0-Log-Any-1.708/lib/perl5/site_perl/5.32.0/x86_64-linux-thread-multi /nix/store/kcg47si93cbfzkz3c7h6xm911ds5a5gx-perl5.32.0-Log-Any-1.708/lib/perl5/site_perl/5.32.0 /nix/store/kcg47si93cbfzkz3c7h6xm911ds5a5gx-perl5.32.0-Log-Any-1.708/lib/perl5/site_perl /nix/store/cfbkbd5vnhic6xp7wgj3ran19jkmxksb-perl5.32.0-HTTP-Server-Simple-0.52/lib/perl5/site_perl/5.32.0/x86_64-linux-thread-multi /nix/store/cfbkbd5vnhic6xp7wgj3ran19jkmxksb-perl5.32.0-HTTP-Server-Simple-0.52/lib/perl5/site_perl/5.32.0 /nix/store/cfbkbd5vnhic6xp7wgj3ran19jkmxksb-perl5.32.0-HTTP-Server-Simple-0.52/lib/perl5/site_perl /nix/store/g3bp7vk9mmzyvhb7i2qmgx1n1xjrnkpr-perl5.32.0-Hook-LexWrap-0.26/lib/perl5/site_perl/5.32.0/x86_64-linux-thread-multi /nix/store/g3bp7vk9mmzyvhb7i2qmgx1n1xjrnkpr-perl5.32.0-Hook-LexWrap-0.26/lib/perl5/site_perl/5.32.0 /nix/store/g3bp7vk9mmzyvhb7i2qmgx1n1xjrnkpr-perl5.32.0-Hook-LexWrap-0.26/lib/perl5/site_perl /nix/store/wgpfa223v89l9ygnzr4i9kkw54wblk86-perl5.32.0-HTTP-Server-Simple-Mason-0.14/lib/perl5/site_perl /nix/store/7c044di03qa7qgr5kjjc2d787aspzp0m-perl-5.32.0/lib/perl5/site_perl/5.32.0/x86_64-linux-thread-multi /nix/store/7c044di03qa7qgr5kjjc2d787aspzp0m-perl-5.32.0/lib/perl5/site_perl/5.32.0 /nix/store/7c044di03qa7qgr5kjjc2d787aspzp0m-perl-5.32.0/lib/perl5/5.32.0/x86_64-linux-thread-multi /nix/store/7c044di03qa7qgr5kjjc2d787aspzp0m-perl-5.32.0/lib/perl5/5.32.0 .) at t/01live.t line 4.
t/02pod.t .............. skipped: Test::Pod 1.14 required for testing POD
t/03podcoverage.t ...... skipped: Test::Pod::Coverage 1.04 required for testing POD coverage
t/04unhandlederrors.t .. skipped: LWP::Simple not installed: Can't locate LWP/Simple.pm in @INC (you may need to install the LWP::Simple module) (@INC contains: /build/HTTP-Server-Simple-Mason-0.14/inc /build/HTTP-Server-Simple-Mason-0.14/blib/lib /build/HTTP-Server-Simple-Mason-0.14/blib/arch /nix/store/7c044di03qa7qgr5kjjc2d787aspzp0m-perl-5.32.0/lib/perl5/site_perl/5.32.0/x86_64-linux-thread-multi /nix/store/7c044di03qa7qgr5kjjc2d787aspzp0m-perl-5.32.0/lib/perl5/site_perl/5.32.0 /nix/store/7c044di03qa7qgr5kjjc2d787aspzp0m-perl-5.32.0/lib/perl5/site_perl /nix/store/nb8blhvnc8nyn4cg1ia69dq1qxrnsr75-perl5.32.0-HTML-Mason-1.59/lib/perl5/site_perl/5.32.0/x86_64-linux-thread-multi /nix/store/nb8blhvnc8nyn4cg1ia69dq1qxrnsr75-perl5.32.0-HTML-Mason-1.59/lib/perl5/site_perl/5.32.0/x86_64-linux-thread-multi /nix/store/nb8blhvnc8nyn4cg1ia69dq1qxrnsr75-perl5.32.0-HTML-Mason-1.59/lib/perl5/site_perl/5.32.0 /nix/store/nb8blhvnc8nyn4cg1ia69dq1qxrnsr75-perl5.32.0-HTML-Mason-1.59/lib/perl5/site_perl/5.32.0/x86_64-linux-thread-multi /nix/store/nb8blhvnc8nyn4cg1ia69dq1qxrnsr75-perl5.32.0-HTML-Mason-1.59/lib/perl5/site_perl/5.32.0 /nix/store/nb8blhvnc8nyn4cg1ia69dq1qxrnsr75-perl5.32.0-HTML-Mason-1.59/lib/perl5/site_perl /nix/store/1cj18z5hqvsylknf0mnlvjs8x6chqz79-perl5.32.0-CGI-4.49/lib/perl5/site_perl/5.32.0/x86_64-linux-thread-multi /nix/store/1cj18z5hqvsylknf0mnlvjs8x6chqz79-perl5.32.0-CGI-4.49/lib/perl5/site_perl/5.32.0/x86_64-linux-thread-multi /nix/store/1cj18z5hqvsylknf0mnlvjs8x6chqz79-perl5.32.0-CGI-4.49/lib/perl5/site_perl/5.32.0 /nix/store/1cj18z5hqvsylknf0mnlvjs8x6chqz79-perl5.32.0-CGI-4.49/lib/perl5/site_perl/5.32.0/x86_64-linux-thread-multi /nix/store/1cj18z5hqvsylknf0mnlvjs8x6chqz79-perl5.32.0-CGI-4.49/lib/perl5/site_perl/5.32.0 /nix/store/1cj18z5hqvsylknf0mnlvjs8x6chqz79-perl5.32.0-CGI-4.49/lib/perl5/site_perl /nix/store/xfjj9s0rwkchc69qrpicj59a9vvg1vx9-perl5.32.0-HTML-Parser-3.72/lib/perl5/site_perl/5.32.0/x86_64-linux-thread-multi /nix/store/xfjj9s0rwkchc69qrpicj59a9vvg1vx9-perl5.32.0-HTML-Parser-3.72/lib/perl5/site_perl/5.32.0/x86_64-linux-thread-multi /nix/store/xfjj9s0rwkchc69qrpicj59a9vvg1vx9-perl5.32.0-HTML-Parser-3.72/lib/perl5/site_perl/5.32.0 /nix/store/xfjj9s0rwkchc69qrpicj59a9vvg1vx9-perl5.32.0-HTML-Parser-3.72/lib/perl5/site_perl/5.32.0/x86_64-linux-thread-multi /nix/store/xfjj9s0rwkchc69qrpicj59a9vvg1vx9-perl5.32.0-HTML-Parser-3.72/lib/perl5/site_perl/5.32.0 /nix/store/xfjj9s0rwkchc69qrpicj59a9vvg1vx9-perl5.32.0-HTML-Parser-3.72/lib/perl5/site_perl /nix/store/08ajrvbxl8iqbb0szrgcvg1msc5nm10l-perl5.32.0-HTML-Tagset-3.20/lib/perl5/site_perl/5.32.0/x86_64-linux-thread-multi /nix/store/08ajrvbxl8iqbb0szrgcvg1msc5nm10l-perl5.32.0-HTML-Tagset-3.20/lib/perl5/site_perl/5.32.0/x86_64-linux-thread-multi /nix/store/08ajrvbxl8iqbb0szrgcvg1msc5nm10l-perl5.32.0-HTML-Tagset-3.20/lib/perl5/site_perl/5.32.0 /nix/store/08ajrvbxl8iqbb0szrgcvg1msc5nm10l-perl5.32.0-HTML-Tagset-3.20/lib/perl5/site_perl/5.32.0/x86_64-linux-thread-multi /nix/store/08ajrvbxl8iqbb0szrgcvg1msc5nm10l-perl5.32.0-HTML-Tagset-3.20/lib/perl5/site_perl/5.32.0 /nix/store/08ajrvbxl8iqbb0szrgcvg1msc5nm10l-perl5.32.0-HTML-Tagset-3.20/lib/perl5/site_perl /nix/store/df7f4vg9aajiqgc8301dsvvn7s542hij-perl5.32.0-Cache-Cache-1.08/lib/perl5/site_perl/5.32.0/x86_64-linux-thread-multi /nix/store/df7f4vg9aajiqgc8301dsvvn7s542hij-perl5.32.0-Cache-Cache-1.08/lib/perl5/site_perl/5.32.0/x86_64-linux-thread-multi /nix/store/df7f4vg9aajiqgc8301dsvvn7s542hij-perl5.32.0-Cache-Cache-1.08/lib/perl5/site_perl/5.32.0 /nix/store/df7f4vg9aajiqgc8301dsvvn7s542hij-perl5.32.0-Cache-Cache-1.08/lib/perl5/site_perl/5.32.0/x86_64-linux-thread-multi /nix/store/df7f4vg9aajiqgc8301dsvvn7s542hij-perl5.32.0-Cache-Cache-1.08/lib/perl5/site_perl/5.32.0 /nix/store/df7f4vg9aajiqgc8301dsvvn7s542hij-perl5.32.0-Cache-Cache-1.08/lib/perl5/site_perl /nix/store/2h23q1lkawcfvg49kfn16acbqi39nqb6-perl5.32.0-Digest-SHA1-2.13/lib/perl5/site_perl/5.32.0/x86_64-linux-thread-multi /nix/store/2h23q1lkawcfvg49kfn16acbqi39nqb6-perl5.32.0-Digest-SHA1-2.13/lib/perl5/site_perl/5.32.0/x86_64-linux-thread-multi /nix/store/2h23q1lkawcfvg49kfn16acbqi39nqb6-perl5.32.0-Digest-SHA1-2.13/lib/perl5/site_perl/5.32.0 /nix/store/2h23q1lkawcfvg49kfn16acbqi39nqb6-perl5.32.0-Digest-SHA1-2.13/lib/perl5/site_perl/5.32.0/x86_64-linux-thread-multi /nix/store/2h23q1lkawcfvg49kfn16acbqi39nqb6-perl5.32.0-Digest-SHA1-2.13/lib/perl5/site_perl/5.32.0 /nix/store/2h23q1lkawcfvg49kfn16acbqi39nqb6-perl5.32.0-Digest-SHA1-2.13/lib/perl5/site_perl /nix/store/hgrz91y4q4gy0z8d1kkw6pv9dyjlibza-perl5.32.0-Error-0.17029/lib/perl5/site_perl/5.32.0/x86_64-linux-thread-multi /nix/store/hgrz91y4q4gy0z8d1kkw6pv9dyjlibza-perl5.32.0-Error-0.17029/lib/perl5/site_perl/5.32.0/x86_64-linux-thread-multi /nix/store/hgrz91y4q4gy0z8d1kkw6pv9dyjlibza-perl5.32.0-Error-0.17029/lib/perl5/site_perl/5.32.0 /nix/store/hgrz91y4q4gy0z8d1kkw6pv9dyjlibza-perl5.32.0-Error-0.17029/lib/perl5/site_perl/5.32.0/x86_64-linux-thread-multi /nix/store/hgrz91y4q4gy0z8d1kkw6pv9dyjlibza-perl5.32.0-Error-0.17029/lib/perl5/site_perl/5.32.0 /nix/store/hgrz91y4q4gy0z8d1kkw6pv9dyjlibza-perl5.32.0-Error-0.17029/lib/perl5/site_perl /nix/store/zx5skjm2jw39hrrib9q3w10zqailx0lc-perl5.32.0-IPC-ShareLite-0.17/lib/perl5/site_perl/5.32.0/x86_64-linux-thread-multi /nix/store/zx5skjm2jw39hrrib9q3w10zqailx0lc-perl5.32.0-IPC-ShareLite-0.17/lib/perl5/site_perl/5.32.0/x86_64-linux-thread-multi /nix/store/zx5skjm2jw39hrrib9q3w10zqailx0lc-perl5.32.0-IPC-ShareLite-0.17/lib/perl5/site_perl/5.32.0 /nix/store/zx5skjm2jw39hrrib9q3w10zqailx0lc-perl5.32.0-IPC-ShareLite-0.17/lib/perl5/site_perl/5.32.0/x86_64-linux-thread-multi /nix/store/zx5skjm2jw39hrrib9q3w10zqailx0lc-perl5.32.0-IPC-ShareLite-0.17/lib/perl5/site_perl/5.32.0 /nix/store/zx5skjm2jw39hrrib9q3w10zqailx0lc-perl5.32.0-IPC-ShareLite-0.17/lib/perl5/site_perl /nix/store/wz0jp6fywd6sc1g8xydy0cbb77bbfg4f-perl5.32.0-Class-Container-0.13/lib/perl5/site_perl/5.32.0/x86_64-linux-thread-multi /nix/store/wz0jp6fywd6sc1g8xydy0cbb77bbfg4f-perl5.32.0-Class-Container-0.13/lib/perl5/site_perl/5.32.0/x86_64-linux-thread-multi /nix/store/wz0jp6fywd6sc1g8xydy0cbb77bbfg4f-perl5.32.0-Class-Container-0.13/lib/perl5/site_perl/5.32.0 /nix/store/wz0jp6fywd6sc1g8xydy0cbb77bbfg4f-perl5.32.0-Class-Container-0.13/lib/perl5/site_perl/5.32.0/x86_64-linux-thread-multi /nix/store/wz0jp6fywd6sc1g8xydy0cbb77bbfg4f-perl5.32.0-Class-Container-0.13/lib/perl5/site_perl/5.32.0 /nix/store/wz0jp6fywd6sc1g8xydy0cbb77bbfg4f-perl5.32.0-Class-Container-0.13/lib/perl5/site_perl /nix/store/rhnywcr3vdds3yrn1mh3gz5972mrr58h-perl5.32.0-Params-Validate-1.29/lib/perl5/site_perl/5.32.0/x86_64-linux-thread-multi /nix/store/rhnywcr3vdds3yrn1mh3gz5972mrr58h-perl5.32.0-Params-Validate-1.29/lib/perl5/site_perl/5.32.0/x86_64-linux-thread-multi /nix/store/rhnywcr3vdds3yrn1mh3gz5972mrr58h-perl5.32.0-Params-Validate-1.29/lib/perl5/site_perl/5.32.0 /nix/store/rhnywcr3vdds3yrn1mh3gz5972mrr58h-perl5.32.0-Params-Validate-1.29/lib/perl5/site_perl/5.32.0/x86_64-linux-thread-multi /nix/store/rhnywcr3vdds3yrn1mh3gz5972mrr58h-perl5.32.0-Params-Validate-1.29/lib/perl5/site_perl/5.32.0 /nix/store/rhnywcr3vdds3yrn1mh3gz5972mrr58h-perl5.32.0-Params-Validate-1.29/lib/perl5/site_perl /nix/store/4p5i7190agrf7xpplfxmgi4r3f8idww9-perl5.32.0-Module-Implementation-0.09/lib/perl5/site_perl/5.32.0/x86_64-linux-thread-multi /nix/store/4p5i7190agrf7xpplfxmgi4r3f8idww9-perl5.32.0-Module-Implementation-0.09/lib/perl5/site_perl/5.32.0/x86_64-linux-thread-multi /nix/store/4p5i7190agrf7xpplfxmgi4r3f8idww9-perl5.32.0-Module-Implementation-0.09/lib/perl5/site_perl/5.32.0 /nix/store/4p5i7190agrf7xpplfxmgi4r3f8idww9-perl5.32.0-Module-Implementation-0.09/lib/perl5/site_perl/5.32.0/x86_64-linux-thread-multi /nix/store/4p5i7190agrf7xpplfxmgi4r3f8idww9-perl5.32.0-Module-Implementation-0.09/lib/perl5/site_perl/5.32.0 /nix/store/4p5i7190agrf7xpplfxmgi4r3f8idww9-perl5.32.0-Module-Implementation-0.09/lib/perl5/site_perl /nix/store/kzlry0bxj3z9f54h0537fsnz444lzscr-perl5.32.0-Module-Runtime-0.016/lib/perl5/site_perl/5.32.0/x86_64-linux-thread-multi /nix/store/kzlry0bxj3z9f54h0537fsnz444lzscr-perl5.32.0-Module-Runtime-0.016/lib/perl5/site_perl/5.32.0/x86_64-linux-thread-multi /nix/store/kzlry0bxj3z9f54h0537fsnz444lzscr-perl5.32.0-Module-Runtime-0.016/lib/perl5/site_perl/5.32.0 /nix/store/kzlry0bxj3z9f54h0537fsnz444lzscr-perl5.32.0-Module-Runtime-0.016/lib/perl5/site_perl/5.32.0/x86_64-linux-thread-multi /nix/store/kzlry0bxj3z9f54h0537fsnz444lzscr-perl5.32.0-Module-Runtime-0.016/lib/perl5/site_perl/5.32.0 /nix/store/kzlry0bxj3z9f54h0537fsnz444lzscr-perl5.32.0-Module-Runtime-0.016/lib/perl5/site_perl /nix/store/g3f5ak08lfvggp9vjcvrjfyrrsvqnw4s-perl5.32.0-Try-Tiny-0.30/lib/perl5/site_perl/5.32.0/x86_64-linux-thread-multi /nix/store/g3f5ak08lfvggp9vjcvrjfyrrsvqnw4s-perl5.32.0-Try-Tiny-0.30/lib/perl5/site_perl/5.32.0/x86_64-linux-thread-multi /nix/store/g3f5ak08lfvggp9vjcvrjfyrrsvqnw4s-perl5.32.0-Try-Tiny-0.30/lib/perl5/site_perl/5.32.0 /nix/store/g3f5ak08lfvggp9vjcvrjfyrrsvqnw4s-perl5.32.0-Try-Tiny-0.30/lib/perl5/site_perl/5.32.0/x86_64-linux-thread-multi /nix/store/g3f5ak08lfvggp9vjcvrjfyrrsvqnw4s-perl5.32.0-Try-Tiny-0.30/lib/perl5/site_perl/5.32.0 /nix/store/g3f5ak08lfvggp9vjcvrjfyrrsvqnw4s-perl5.32.0-Try-Tiny-0.30/lib/perl5/site_perl /nix/store/bcsxiakjj2ymwnzmm9wrgj0xll1m6hw3-perl5.32.0-Exception-Class-1.44/lib/perl5/site_perl/5.32.0/x86_64-linux-thread-multi /nix/store/bcsxiakjj2ymwnzmm9wrgj0xll1m6hw3-perl5.32.0-Exception-Class-1.44/lib/perl5/site_perl/5.32.0/x86_64-linux-thread-multi /nix/store/bcsxiakjj2ymwnzmm9wrgj0xll1m6hw3-perl5.32.0-Exception-Class-1.44/lib/perl5/site_perl/5.32.0 /nix/store/bcsxiakjj2ymwnzmm9wrgj0xll1m6hw3-perl5.32.0-Exception-Class-1.44/lib/perl5/site_perl/5.32.0/x86_64-linux-thread-multi /nix/store/bcsxiakjj2ymwnzmm9wrgj0xll1m6hw3-perl5.32.0-Exception-Class-1.44/lib/perl5/site_perl/5.32.0 /nix/store/bcsxiakjj2ymwnzmm9wrgj0xll1m6hw3-perl5.32.0-Exception-Class-1.44/lib/perl5/site_perl /nix/store/37ypsxsd5acnhb55214fk3619h3hnxws-perl5.32.0-Class-Data-Inheritable-0.08/lib/perl5/site_perl/5.32.0/x86_64-linux-thread-multi /nix/store/37ypsxsd5acnhb55214fk3619h3hnxws-perl5.32.0-Class-Data-Inheritable-0.08/lib/perl5/site_perl/5.32.0/x86_64-linux-thread-multi /nix/store/37ypsxsd5acnhb55214fk3619h3hnxws-perl5.32.0-Class-Data-Inheritable-0.08/lib/perl5/site_perl/5.32.0 /nix/store/37ypsxsd5acnhb55214fk3619h3hnxws-perl5.32.0-Class-Data-Inheritable-0.08/lib/perl5/site_perl/5.32.0/x86_64-linux-thread-multi /nix/store/37ypsxsd5acnhb55214fk3619h3hnxws-perl5.32.0-Class-Data-Inheritable-0.08/lib/perl5/site_perl/5.32.0 /nix/store/37ypsxsd5acnhb55214fk3619h3hnxws-perl5.32.0-Class-Data-Inheritable-0.08/lib/perl5/site_perl /nix/store/vw08fc5bkqqyj6cawwfxs1339bs15hj0-perl5.32.0-Devel-StackTrace-2.04/lib/perl5/site_perl/5.32.0/x86_64-linux-thread-multi /nix/store/vw08fc5bkqqyj6cawwfxs1339bs15hj0-perl5.32.0-Devel-StackTrace-2.04/lib/perl5/site_perl/5.32.0/x86_64-linux-thread-multi /nix/store/vw08fc5bkqqyj6cawwfxs1339bs15hj0-perl5.32.0-Devel-StackTrace-2.04/lib/perl5/site_perl/5.32.0 /nix/store/vw08fc5bkqqyj6cawwfxs1339bs15hj0-perl5.32.0-Devel-StackTrace-2.04/lib/perl5/site_perl/5.32.0/x86_64-linux-thread-multi /nix/store/vw08fc5bkqqyj6cawwfxs1339bs15hj0-perl5.32.0-Devel-StackTrace-2.04/lib/perl5/site_perl/5.32.0 /nix/store/vw08fc5bkqqyj6cawwfxs1339bs15hj0-perl5.32.0-Devel-StackTrace-2.04/lib/perl5/site_perl /nix/store/kcg47si93cbfzkz3c7h6xm911ds5a5gx-perl5.32.0-Log-Any-1.708/lib/perl5/site_perl/5.32.0/x86_64-linux-thread-multi /nix/store/kcg47si93cbfzkz3c7h6xm911ds5a5gx-perl5.32.0-Log-Any-1.708/lib/perl5/site_perl/5.32.0/x86_64-linux-thread-multi /nix/store/kcg47si93cbfzkz3c7h6xm911ds5a5gx-perl5.32.0-Log-Any-1.708/lib/perl5/site_perl/5.32.0 /nix/store/kcg47si93cbfzkz3c7h6xm911ds5a5gx-perl5.32.0-Log-Any-1.708/lib/perl5/site_perl/5.32.0/x86_64-linux-thread-multi /nix/store/kcg47si93cbfzkz3c7h6xm911ds5a5gx-perl5.32.0-Log-Any-1.708/lib/perl5/site_perl/5.32.0 /nix/store/kcg47si93cbfzkz3c7h6xm911ds5a5gx-perl5.32.0-Log-Any-1.708/lib/perl5/site_perl /nix/store/cfbkbd5vnhic6xp7wgj3ran19jkmxksb-perl5.32.0-HTTP-Server-Simple-0.52/lib/perl5/site_perl/5.32.0/x86_64-linux-thread-multi /nix/store/cfbkbd5vnhic6xp7wgj3ran19jkmxksb-perl5.32.0-HTTP-Server-Simple-0.52/lib/perl5/site_perl/5.32.0/x86_64-linux-thread-multi /nix/store/cfbkbd5vnhic6xp7wgj3ran19jkmxksb-perl5.32.0-HTTP-Server-Simple-0.52/lib/perl5/site_perl/5.32.0 /nix/store/cfbkbd5vnhic6xp7wgj3ran19jkmxksb-perl5.32.0-HTTP-Server-Simple-0.52/lib/perl5/site_perl/5.32.0/x86_64-linux-thread-multi /nix/store/cfbkbd5vnhic6xp7wgj3ran19jkmxksb-perl5.32.0-HTTP-Server-Simple-0.52/lib/perl5/site_perl/5.32.0 /nix/store/cfbkbd5vnhic6xp7wgj3ran19jkmxksb-perl5.32.0-HTTP-Server-Simple-0.52/lib/perl5/site_perl /nix/store/g3bp7vk9mmzyvhb7i2qmgx1n1xjrnkpr-perl5.32.0-Hook-LexWrap-0.26/lib/perl5/site_perl/5.32.0/x86_64-linux-thread-multi /nix/store/g3bp7vk9mmzyvhb7i2qmgx1n1xjrnkpr-perl5.32.0-Hook-LexWrap-0.26/lib/perl5/site_perl/5.32.0/x86_64-linux-thread-multi /nix/store/g3bp7vk9mmzyvhb7i2qmgx1n1xjrnkpr-perl5.32.0-Hook-LexWrap-0.26/lib/perl5/site_perl/5.32.0 /nix/store/g3bp7vk9mmzyvhb7i2qmgx1n1xjrnkpr-perl5.32.0-Hook-LexWrap-0.26/lib/perl5/site_perl/5.32.0/x86_64-linux-thread-multi /nix/store/g3bp7vk9mmzyvhb7i2qmgx1n1xjrnkpr-perl5.32.0-Hook-LexWrap-0.26/lib/perl5/site_perl/5.32.0 /nix/store/g3bp7vk9mmzyvhb7i2qmgx1n1xjrnkpr-perl5.32.0-Hook-LexWrap-0.26/lib/perl5/site_perl /nix/store/wgpfa223v89l9ygnzr4i9kkw54wblk86-perl5.32.0-HTTP-Server-Simple-Mason-0.14/lib/perl5/site_perl /nix/store/7c044di03qa7qgr5kjjc2d787aspzp0m-perl-5.32.0/lib/perl5/site_perl/5.32.0/x86_64-linux-thread-multi /nix/store/7c044di03qa7qgr5kjjc2d787aspzp0m-perl-5.32.0/lib/perl5/site_perl/5.32.0 /nix/store/7c044di03qa7qgr5kjjc2d787aspzp0m-perl-5.32.0/lib/perl5/site_perl /nix/store/nb8blhvnc8nyn4cg1ia69dq1qxrnsr75-perl5.32.0-HTML-Mason-1.59/lib/perl5/site_perl/5.32.0/x86_64-linux-thread-multi /nix/store/nb8blhvnc8nyn4cg1ia69dq1qxrnsr75-perl5.32.0-HTML-Mason-1.59/lib/perl5/site_perl/5.32.0 /nix/store/nb8blhvnc8nyn4cg1ia69dq1qxrnsr75-perl5.32.0-HTML-Mason-1.59/lib/perl5/site_perl /nix/store/1cj18z5hqvsylknf0mnlvjs8x6chqz79-perl5.32.0-CGI-4.49/lib/perl5/site_perl/5.32.0/x86_64-linux-thread-multi /nix/store/1cj18z5hqvsylknf0mnlvjs8x6chqz79-perl5.32.0-CGI-4.49/lib/perl5/site_perl/5.32.0 /nix/store/1cj18z5hqvsylknf0mnlvjs8x6chqz79-perl5.32.0-CGI-4.49/lib/perl5/site_perl /nix/store/xfjj9s0rwkchc69qrpicj59a9vvg1vx9-perl5.32.0-HTML-Parser-3.72/lib/perl5/site_perl/5.32.0/x86_64-linux-thread-multi /nix/store/xfjj9s0rwkchc69qrpicj59a9vvg1vx9-perl5.32.0-HTML-Parser-3.72/lib/perl5/site_perl/5.32.0 /nix/store/xfjj9s0rwkchc69qrpicj59a9vvg1vx9-perl5.32.0-HTML-Parser-3.72/lib/perl5/site_perl /nix/store/08ajrvbxl8iqbb0szrgcvg1msc5nm10l-perl5.32.0-HTML-Tagset-3.20/lib/perl5/site_perl/5.32.0/x86_64-linux-thread-multi /nix/store/08ajrvbxl8iqbb0szrgcvg1msc5nm10l-perl5.32.0-HTML-Tagset-3.20/lib/perl5/site_perl/5.32.0 /nix/store/08ajrvbxl8iqbb0szrgcvg1msc5nm10l-perl5.32.0-HTML-Tagset-3.20/lib/perl5/site_perl /nix/store/df7f4vg9aajiqgc8301dsvvn7s542hij-perl5.32.0-Cache-Cache-1.08/lib/perl5/site_perl/5.32.0/x86_64-linux-thread-multi /nix/store/df7f4vg9aajiqgc8301dsvvn7s542hij-perl5.32.0-Cache-Cache-1.08/lib/perl5/site_perl/5.32.0 /nix/store/df7f4vg9aajiqgc8301dsvvn7s542hij-perl5.32.0-Cache-Cache-1.08/lib/perl5/site_perl /nix/store/2h23q1lkawcfvg49kfn16acbqi39nqb6-perl5.32.0-Digest-SHA1-2.13/lib/perl5/site_perl/5.32.0/x86_64-linux-thread-multi /nix/store/2h23q1lkawcfvg49kfn16acbqi39nqb6-perl5.32.0-Digest-SHA1-2.13/lib/perl5/site_perl/5.32.0 /nix/store/2h23q1lkawcfvg49kfn16acbqi39nqb6-perl5.32.0-Digest-SHA1-2.13/lib/perl5/site_perl /nix/store/hgrz91y4q4gy0z8d1kkw6pv9dyjlibza-perl5.32.0-Error-0.17029/lib/perl5/site_perl/5.32.0/x86_64-linux-thread-multi /nix/store/hgrz91y4q4gy0z8d1kkw6pv9dyjlibza-perl5.32.0-Error-0.17029/lib/perl5/site_perl/5.32.0 /nix/store/hgrz91y4q4gy0z8d1kkw6pv9dyjlibza-perl5.32.0-Error-0.17029/lib/perl5/site_perl /nix/store/zx5skjm2jw39hrrib9q3w10zqailx0lc-perl5.32.0-IPC-ShareLite-0.17/lib/perl5/site_perl/5.32.0/x86_64-linux-thread-multi /nix/store/zx5skjm2jw39hrrib9q3w10zqailx0lc-perl5.32.0-IPC-ShareLite-0.17/lib/perl5/site_perl/5.32.0 /nix/store/zx5skjm2jw39hrrib9q3w10zqailx0lc-perl5.32.0-IPC-ShareLite-0.17/lib/perl5/site_perl /nix/store/wz0jp6fywd6sc1g8xydy0cbb77bbfg4f-perl5.32.0-Class-Container-0.13/lib/perl5/site_perl/5.32.0/x86_64-linux-thread-multi /nix/store/wz0jp6fywd6sc1g8xydy0cbb77bbfg4f-perl5.32.0-Class-Container-0.13/lib/perl5/site_perl/5.32.0 /nix/store/wz0jp6fywd6sc1g8xydy0cbb77bbfg4f-perl5.32.0-Class-Container-0.13/lib/perl5/site_perl /nix/store/rhnywcr3vdds3yrn1mh3gz5972mrr58h-perl5.32.0-Params-Validate-1.29/lib/perl5/site_perl/5.32.0/x86_64-linux-thread-multi /nix/store/rhnywcr3vdds3yrn1mh3gz5972mrr58h-perl5.32.0-Params-Validate-1.29/lib/perl5/site_perl/5.32.0 /nix/store/rhnywcr3vdds3yrn1mh3gz5972mrr58h-perl5.32.0-Params-Validate-1.29/lib/perl5/site_perl /nix/store/4p5i7190agrf7xpplfxmgi4r3f8idww9-perl5.32.0-Module-Implementation-0.09/lib/perl5/site_perl/5.32.0/x86_64-linux-thread-multi /nix/store/4p5i7190agrf7xpplfxmgi4r3f8idww9-perl5.32.0-Module-Implementation-0.09/lib/perl5/site_perl/5.32.0 /nix/store/4p5i7190agrf7xpplfxmgi4r3f8idww9-perl5.32.0-Module-Implementation-0.09/lib/perl5/site_perl /nix/store/kzlry0bxj3z9f54h0537fsnz444lzscr-perl5.32.0-Module-Runtime-0.016/lib/perl5/site_perl/5.32.0/x86_64-linux-thread-multi /nix/store/kzlry0bxj3z9f54h0537fsnz444lzscr-perl5.32.0-Module-Runtime-0.016/lib/perl5/site_perl/5.32.0 /nix/store/kzlry0bxj3z9f54h0537fsnz444lzscr-perl5.32.0-Module-Runtime-0.016/lib/perl5/site_perl /nix/store/g3f5ak08lfvggp9vjcvrjfyrrsvqnw4s-perl5.32.0-Try-Tiny-0.30/lib/perl5/site_perl/5.32.0/x86_64-linux-thread-multi /nix/store/g3f5ak08lfvggp9vjcvrjfyrrsvqnw4s-perl5.32.0-Try-Tiny-0.30/lib/perl5/site_perl/5.32.0 /nix/store/g3f5ak08lfvggp9vjcvrjfyrrsvqnw4s-perl5.32.0-Try-Tiny-0.30/lib/perl5/site_perl /nix/store/bcsxiakjj2ymwnzmm9wrgj0xll1m6hw3-perl5.32.0-Exception-Class-1.44/lib/perl5/site_perl/5.32.0/x86_64-linux-thread-multi /nix/store/bcsxiakjj2ymwnzmm9wrgj0xll1m6hw3-perl5.32.0-Exception-Class-1.44/lib/perl5/site_perl/5.32.0 /nix/store/bcsxiakjj2ymwnzmm9wrgj0xll1m6hw3-perl5.32.0-Exception-Class-1.44/lib/perl5/site_perl /nix/store/37ypsxsd5acnhb55214fk3619h3hnxws-perl5.32.0-Class-Data-Inheritable-0.08/lib/perl5/site_perl/5.32.0/x86_64-linux-thread-multi /nix/store/37ypsxsd5acnhb55214fk3619h3hnxws-perl5.32.0-Class-Data-Inheritable-0.08/lib/perl5/site_perl/5.32.0 /nix/store/37ypsxsd5acnhb55214fk3619h3hnxws-perl5.32.0-Class-Data-Inheritable-0.08/lib/perl5/site_perl /nix/store/vw08fc5bkqqyj6cawwfxs1339bs15hj0-perl5.32.0-Devel-StackTrace-2.04/lib/perl5/site_perl/5.32.0/x86_64-linux-thread-multi /nix/store/vw08fc5bkqqyj6cawwfxs1339bs15hj0-perl5.32.0-Devel-StackTrace-2.04/lib/perl5/site_perl/5.32.0 /nix/store/vw08fc5bkqqyj6cawwfxs1339bs15hj0-perl5.32.0-Devel-StackTrace-2.04/lib/perl5/site_perl /nix/store/kcg47si93cbfzkz3c7h6xm911ds5a5gx-perl5.32.0-Log-Any-1.708/lib/perl5/site_perl/5.32.0/x86_64-linux-thread-multi /nix/store/kcg47si93cbfzkz3c7h6xm911ds5a5gx-perl5.32.0-Log-Any-1.708/lib/perl5/site_perl/5.32.0 /nix/store/kcg47si93cbfzkz3c7h6xm911ds5a5gx-perl5.32.0-Log-Any-1.708/lib/perl5/site_perl /nix/store/cfbkbd5vnhic6xp7wgj3ran19jkmxksb-perl5.32.0-HTTP-Server-Simple-0.52/lib/perl5/site_perl/5.32.0/x86_64-linux-thread-multi /nix/store/cfbkbd5vnhic6xp7wgj3ran19jkmxksb-perl5.32.0-HTTP-Server-Simple-0.52/lib/perl5/site_perl/5.32.0 /nix/store/cfbkbd5vnhic6xp7wgj3ran19jkmxksb-perl5.32.0-HTTP-Server-Simple-0.52/lib/perl5/site_perl /nix/store/g3bp7vk9mmzyvhb7i2qmgx1n1xjrnkpr-perl5.32.0-Hook-LexWrap-0.26/lib/perl5/site_perl/5.32.0/x86_64-linux-thread-multi /nix/store/g3bp7vk9mmzyvhb7i2qmgx1n1xjrnkpr-perl5.32.0-Hook-LexWrap-0.26/lib/perl5/site_perl/5.32.0 /nix/store/g3bp7vk9mmzyvhb7i2qmgx1n1xjrnkpr-perl5.32.0-Hook-LexWrap-0.26/lib/perl5/site_perl /nix/store/7c044di03qa7qgr5kjjc2d787aspzp0m-perl-5.32.0/lib/perl5/site_perl/5.32.0/x86_64-linux-thread-multi /nix/store/7c044di03qa7qgr5kjjc2d787aspzp0m-perl-5.32.0/lib/perl5/site_perl/5.32.0 /nix/store/7c044di03qa7qgr5kjjc2d787aspzp0m-perl-5.32.0/lib/perl5/site_perl /nix/store/nb8blhvnc8nyn4cg1ia69dq1qxrnsr75-perl5.32.0-HTML-Mason-1.59/lib/perl5/site_perl/5.32.0/x86_64-linux-thread-multi /nix/store/nb8blhvnc8nyn4cg1ia69dq1qxrnsr75-perl5.32.0-HTML-Mason-1.59/lib/perl5/site_perl/5.32.0 /nix/store/nb8blhvnc8nyn4cg1ia69dq1qxrnsr75-perl5.32.0-HTML-Mason-1.59/lib/perl5/site_perl /nix/store/1cj18z5hqvsylknf0mnlvjs8x6chqz79-perl5.32.0-CGI-4.49/lib/perl5/site_perl/5.32.0/x86_64-linux-thread-multi /nix/store/1cj18z5hqvsylknf0mnlvjs8x6chqz79-perl5.32.0-CGI-4.49/lib/perl5/site_perl/5.32.0 /nix/store/1cj18z5hqvsylknf0mnlvjs8x6chqz79-perl5.32.0-CGI-4.49/lib/perl5/site_perl /nix/store/xfjj9s0rwkchc69qrpicj59a9vvg1vx9-perl5.32.0-HTML-Parser-3.72/lib/perl5/site_perl/5.32.0/x86_64-linux-thread-multi /nix/store/xfjj9s0rwkchc69qrpicj59a9vvg1vx9-perl5.32.0-HTML-Parser-3.72/lib/perl5/site_perl/5.32.0 /nix/store/xfjj9s0rwkchc69qrpicj59a9vvg1vx9-perl5.32.0-HTML-Parser-3.72/lib/perl5/site_perl /nix/store/08ajrvbxl8iqbb0szrgcvg1msc5nm10l-perl5.32.0-HTML-Tagset-3.20/lib/perl5/site_perl/5.32.0/x86_64-linux-thread-multi /nix/store/08ajrvbxl8iqbb0szrgcvg1msc5nm10l-perl5.32.0-HTML-Tagset-3.20/lib/perl5/site_perl/5.32.0 /nix/store/08ajrvbxl8iqbb0szrgcvg1msc5nm10l-perl5.32.0-HTML-Tagset-3.20/lib/perl5/site_perl /nix/store/df7f4vg9aajiqgc8301dsvvn7s542hij-perl5.32.0-Cache-Cache-1.08/lib/perl5/site_perl/5.32.0/x86_64-linux-thread-multi /nix/store/df7f4vg9aajiqgc8301dsvvn7s542hij-perl5.32.0-Cache-Cache-1.08/lib/perl5/site_perl/5.32.0 /nix/store/df7f4vg9aajiqgc8301dsvvn7s542hij-perl5.32.0-Cache-Cache-1.08/lib/perl5/site_perl /nix/store/2h23q1lkawcfvg49kfn16acbqi39nqb6-perl5.32.0-Digest-SHA1-2.13/lib/perl5/site_perl/5.32.0/x86_64-linux-thread-multi /nix/store/2h23q1lkawcfvg49kfn16acbqi39nqb6-perl5.32.0-Digest-SHA1-2.13/lib/perl5/site_perl/5.32.0 /nix/store/2h23q1lkawcfvg49kfn16acbqi39nqb6-perl5.32.0-Digest-SHA1-2.13/lib/perl5/site_perl /nix/store/hgrz91y4q4gy0z8d1kkw6pv9dyjlibza-perl5.32.0-Error-0.17029/lib/perl5/site_perl/5.32.0/x86_64-linux-thread-multi /nix/store/hgrz91y4q4gy0z8d1kkw6pv9dyjlibza-perl5.32.0-Error-0.17029/lib/perl5/site_perl/5.32.0 /nix/store/hgrz91y4q4gy0z8d1kkw6pv9dyjlibza-perl5.32.0-Error-0.17029/lib/perl5/site_perl /nix/store/zx5skjm2jw39hrrib9q3w10zqailx0lc-perl5.32.0-IPC-ShareLite-0.17/lib/perl5/site_perl/5.32.0/x86_64-linux-thread-multi /nix/store/zx5skjm2jw39hrrib9q3w10zqailx0lc-perl5.32.0-IPC-ShareLite-0.17/lib/perl5/site_perl/5.32.0 /nix/store/zx5skjm2jw39hrrib9q3w10zqailx0lc-perl5.32.0-IPC-ShareLite-0.17/lib/perl5/site_perl /nix/store/wz0jp6fywd6sc1g8xydy0cbb77bbfg4f-perl5.32.0-Class-Container-0.13/lib/perl5/site_perl/5.32.0/x86_64-linux-thread-multi /nix/store/wz0jp6fywd6sc1g8xydy0cbb77bbfg4f-perl5.32.0-Class-Container-0.13/lib/perl5/site_perl/5.32.0 /nix/store/wz0jp6fywd6sc1g8xydy0cbb77bbfg4f-perl5.32.0-Class-Container-0.13/lib/perl5/site_perl /nix/store/rhnywcr3vdds3yrn1mh3gz5972mrr58h-perl5.32.0-Params-Validate-1.29/lib/perl5/site_perl/5.32.0/x86_64-linux-thread-multi /nix/store/rhnywcr3vdds3yrn1mh3gz5972mrr58h-perl5.32.0-Params-Validate-1.29/lib/perl5/site_perl/5.32.0 /nix/store/rhnywcr3vdds3yrn1mh3gz5972mrr58h-perl5.32.0-Params-Validate-1.29/lib/perl5/site_perl /nix/store/4p5i7190agrf7xpplfxmgi4r3f8idww9-perl5.32.0-Module-Implementation-0.09/lib/perl5/site_perl/5.32.0/x86_64-linux-thread-multi /nix/store/4p5i7190agrf7xpplfxmgi4r3f8idww9-perl5.32.0-Module-Implementation-0.09/lib/perl5/site_perl/5.32.0 /nix/store/4p5i7190agrf7xpplfxmgi4r3f8idww9-perl5.32.0-Module-Implementation-0.09/lib/perl5/site_perl /nix/store/kzlry0bxj3z9f54h0537fsnz444lzscr-perl5.32.0-Module-Runtime-0.016/lib/perl5/site_perl/5.32.0/x86_64-linux-thread-multi /nix/store/kzlry0bxj3z9f54h0537fsnz444lzscr-perl5.32.0-Module-Runtime-0.016/lib/perl5/site_perl/5.32.0 /nix/store/kzlry0bxj3z9f54h0537fsnz444lzscr-perl5.32.0-Module-Runtime-0.016/lib/perl5/site_perl /nix/store/g3f5ak08lfvggp9vjcvrjfyrrsvqnw4s-perl5.32.0-Try-Tiny-0.30/lib/perl5/site_perl/5.32.0/x86_64-linux-thread-multi /nix/store/g3f5ak08lfvggp9vjcvrjfyrrsvqnw4s-perl5.32.0-Try-Tiny-0.30/lib/perl5/site_perl/5.32.0 /nix/store/g3f5ak08lfvggp9vjcvrjfyrrsvqnw4s-perl5.32.0-Try-Tiny-0.30/lib/perl5/site_perl /nix/store/bcsxiakjj2ymwnzmm9wrgj0xll1m6hw3-perl5.32.0-Exception-Class-1.44/lib/perl5/site_perl/5.32.0/x86_64-linux-thread-multi /nix/store/bcsxiakjj2ymwnzmm9wrgj0xll1m6hw3-perl5.32.0-Exception-Class-1.44/lib/perl5/site_perl/5.32.0 /nix/store/bcsxiakjj2ymwnzmm9wrgj0xll1m6hw3-perl5.32.0-Exception-Class-1.44/lib/perl5/site_perl /nix/store/37ypsxsd5acnhb55214fk3619h3hnxws-perl5.32.0-Class-Data-Inheritable-0.08/lib/perl5/site_perl/5.32.0/x86_64-linux-thread-multi /nix/store/37ypsxsd5acnhb55214fk3619h3hnxws-perl5.32.0-Class-Data-Inheritable-0.08/lib/perl5/site_perl/5.32.0 /nix/store/37ypsxsd5acnhb55214fk3619h3hnxws-perl5.32.0-Class-Data-Inheritable-0.08/lib/perl5/site_perl /nix/store/vw08fc5bkqqyj6cawwfxs1339bs15hj0-perl5.32.0-Devel-StackTrace-2.04/lib/perl5/site_perl/5.32.0/x86_64-linux-thread-multi /nix/store/vw08fc5bkqqyj6cawwfxs1339bs15hj0-perl5.32.0-Devel-StackTrace-2.04/lib/perl5/site_perl/5.32.0 /nix/store/vw08fc5bkqqyj6cawwfxs1339bs15hj0-perl5.32.0-Devel-StackTrace-2.04/lib/perl5/site_perl /nix/store/kcg47si93cbfzkz3c7h6xm911ds5a5gx-perl5.32.0-Log-Any-1.708/lib/perl5/site_perl/5.32.0/x86_64-linux-thread-multi /nix/store/kcg47si93cbfzkz3c7h6xm911ds5a5gx-perl5.32.0-Log-Any-1.708/lib/perl5/site_perl/5.32.0 /nix/store/kcg47si93cbfzkz3c7h6xm911ds5a5gx-perl5.32.0-Log-Any-1.708/lib/perl5/site_perl /nix/store/cfbkbd5vnhic6xp7wgj3ran19jkmxksb-perl5.32.0-HTTP-Server-Simple-0.52/lib/perl5/site_perl/5.32.0/x86_64-linux-thread-multi /nix/store/cfbkbd5vnhic6xp7wgj3ran19jkmxksb-perl5.32.0-HTTP-Server-Simple-0.52/lib/perl5/site_perl/5.32.0 /nix/store/cfbkbd5vnhic6xp7wgj3ran19jkmxksb-perl5.32.0-HTTP-Server-Simple-0.52/lib/perl5/site_perl /nix/store/g3bp7vk9mmzyvhb7i2qmgx1n1xjrnkpr-perl5.32.0-Hook-LexWrap-0.26/lib/perl5/site_perl/5.32.0/x86_64-linux-thread-multi /nix/store/g3bp7vk9mmzyvhb7i2qmgx1n1xjrnkpr-perl5.32.0-Hook-LexWrap-0.26/lib/perl5/site_perl/5.32.0 /nix/store/g3bp7vk9mmzyvhb7i2qmgx1n1xjrnkpr-perl5.32.0-Hook-LexWrap-0.26/lib/perl5/site_perl /nix/store/7c044di03qa7qgr5kjjc2d787aspzp0m-perl-5.32.0/lib/perl5/site_perl/5.32.0/x86_64-linux-thread-multi /nix/store/7c044di03qa7qgr5kjjc2d787aspzp0m-perl-5.32.0/lib/perl5/site_perl/5.32.0 /nix/store/7c044di03qa7qgr5kjjc2d787aspzp0m-perl-5.32.0/lib/perl5/site_perl /nix/store/nb8blhvnc8nyn4cg1ia69dq1qxrnsr75-perl5.32.0-HTML-Mason-1.59/lib/perl5/site_perl/5.32.0/x86_64-linux-thread-multi /nix/store/nb8blhvnc8nyn4cg1ia69dq1qxrnsr75-perl5.32.0-HTML-Mason-1.59/lib/perl5/site_perl/5.32.0 /nix/store/nb8blhvnc8nyn4cg1ia69dq1qxrnsr75-perl5.32.0-HTML-Mason-1.59/lib/perl5/site_perl /nix/store/1cj18z5hqvsylknf0mnlvjs8x6chqz79-perl5.32.0-CGI-4.49/lib/perl5/site_perl/5.32.0/x86_64-linux-thread-multi /nix/store/1cj18z5hqvsylknf0mnlvjs8x6chqz79-perl5.32.0-CGI-4.49/lib/perl5/site_perl/5.32.0 /nix/store/1cj18z5hqvsylknf0mnlvjs8x6chqz79-perl5.32.0-CGI-4.49/lib/perl5/site_perl /nix/store/xfjj9s0rwkchc69qrpicj59a9vvg1vx9-perl5.32.0-HTML-Parser-3.72/lib/perl5/site_perl/5.32.0/x86_64-linux-thread-multi /nix/store/xfjj9s0rwkchc69qrpicj59a9vvg1vx9-perl5.32.0-HTML-Parser-3.72/lib/perl5/site_perl/5.32.0 /nix/store/xfjj9s0rwkchc69qrpicj59a9vvg1vx9-perl5.32.0-HTML-Parser-3.72/lib/perl5/site_perl /nix/store/08ajrvbxl8iqbb0szrgcvg1msc5nm10l-perl5.32.0-HTML-Tagset-3.20/lib/perl5/site_perl/5.32.0/x86_64-linux-thread-multi /nix/store/08ajrvbxl8iqbb0szrgcvg1msc5nm10l-perl5.32.0-HTML-Tagset-3.20/lib/perl5/site_perl/5.32.0 /nix/store/08ajrvbxl8iqbb0szrgcvg1msc5nm10l-perl5.32.0-HTML-Tagset-3.20/lib/perl5/site_perl /nix/store/df7f4vg9aajiqgc8301dsvvn7s542hij-perl5.32.0-Cache-Cache-1.08/lib/perl5/site_perl/5.32.0/x86_64-linux-thread-multi /nix/store/df7f4vg9aajiqgc8301dsvvn7s542hij-perl5.32.0-Cache-Cache-1.08/lib/perl5/site_perl/5.32.0 /nix/store/df7f4vg9aajiqgc8301dsvvn7s542hij-perl5.32.0-Cache-Cache-1.08/lib/perl5/site_perl /nix/store/2h23q1lkawcfvg49kfn16acbqi39nqb6-perl5.32.0-Digest-SHA1-2.13/lib/perl5/site_perl/5.32.0/x86_64-linux-thread-multi /nix/store/2h23q1lkawcfvg49kfn16acbqi39nqb6-perl5.32.0-Digest-SHA1-2.13/lib/perl5/site_perl/5.32.0 /nix/store/2h23q1lkawcfvg49kfn16acbqi39nqb6-perl5.32.0-Digest-SHA1-2.13/lib/perl5/site_perl /nix/store/hgrz91y4q4gy0z8d1kkw6pv9dyjlibza-perl5.32.0-Error-0.17029/lib/perl5/site_perl/5.32.0/x86_64-linux-thread-multi /nix/store/hgrz91y4q4gy0z8d1kkw6pv9dyjlibza-perl5.32.0-Error-0.17029/lib/perl5/site_perl/5.32.0 /nix/store/hgrz91y4q4gy0z8d1kkw6pv9dyjlibza-perl5.32.0-Error-0.17029/lib/perl5/site_perl /nix/store/zx5skjm2jw39hrrib9q3w10zqailx0lc-perl5.32.0-IPC-ShareLite-0.17/lib/perl5/site_perl/5.32.0/x86_64-linux-thread-multi /nix/store/zx5skjm2jw39hrrib9q3w10zqailx0lc-perl5.32.0-IPC-ShareLite-0.17/lib/perl5/site_perl/5.32.0 /nix/store/zx5skjm2jw39hrrib9q3w10zqailx0lc-perl5.32.0-IPC-ShareLite-0.17/lib/perl5/site_perl /nix/store/wz0jp6fywd6sc1g8xydy0cbb77bbfg4f-perl5.32.0-Class-Container-0.13/lib/perl5/site_perl/5.32.0/x86_64-linux-thread-multi /nix/store/wz0jp6fywd6sc1g8xydy0cbb77bbfg4f-perl5.32.0-Class-Container-0.13/lib/perl5/site_perl/5.32.0 /nix/store/wz0jp6fywd6sc1g8xydy0cbb77bbfg4f-perl5.32.0-Class-Container-0.13/lib/perl5/site_perl /nix/store/rhnywcr3vdds3yrn1mh3gz5972mrr58h-perl5.32.0-Params-Validate-1.29/lib/perl5/site_perl/5.32.0/x86_64-linux-thread-multi /nix/store/rhnywcr3vdds3yrn1mh3gz5972mrr58h-perl5.32.0-Params-Validate-1.29/lib/perl5/site_perl/5.32.0 /nix/store/rhnywcr3vdds3yrn1mh3gz5972mrr58h-perl5.32.0-Params-Validate-1.29/lib/perl5/site_perl /nix/store/4p5i7190agrf7xpplfxmgi4r3f8idww9-perl5.32.0-Module-Implementation-0.09/lib/perl5/site_perl/5.32.0/x86_64-linux-thread-multi /nix/store/4p5i7190agrf7xpplfxmgi4r3f8idww9-perl5.32.0-Module-Implementation-0.09/lib/perl5/site_perl/5.32.0 /nix/store/4p5i7190agrf7xpplfxmgi4r3f8idww9-perl5.32.0-Module-Implementation-0.09/lib/perl5/site_perl /nix/store/kzlry0bxj3z9f54h0537fsnz444lzscr-perl5.32.0-Module-Runtime-0.016/lib/perl5/site_perl/5.32.0/x86_64-linux-thread-multi /nix/store/kzlry0bxj3z9f54h0537fsnz444lzscr-perl5.32.0-Module-Runtime-0.016/lib/perl5/site_perl/5.32.0 /nix/store/kzlry0bxj3z9f54h0537fsnz444lzscr-perl5.32.0-Module-Runtime-0.016/lib/perl5/site_perl /nix/store/g3f5ak08lfvggp9vjcvrjfyrrsvqnw4s-perl5.32.0-Try-Tiny-0.30/lib/perl5/site_perl/5.32.0/x86_64-linux-thread-multi /nix/store/g3f5ak08lfvggp9vjcvrjfyrrsvqnw4s-perl5.32.0-Try-Tiny-0.30/lib/perl5/site_perl/5.32.0 /nix/store/g3f5ak08lfvggp9vjcvrjfyrrsvqnw4s-perl5.32.0-Try-Tiny-0.30/lib/perl5/site_perl /nix/store/bcsxiakjj2ymwnzmm9wrgj0xll1m6hw3-perl5.32.0-Exception-Class-1.44/lib/perl5/site_perl/5.32.0/x86_64-linux-thread-multi /nix/store/bcsxiakjj2ymwnzmm9wrgj0xll1m6hw3-perl5.32.0-Exception-Class-1.44/lib/perl5/site_perl/5.32.0 /nix/store/bcsxiakjj2ymwnzmm9wrgj0xll1m6hw3-perl5.32.0-Exception-Class-1.44/lib/perl5/site_perl /nix/store/37ypsxsd5acnhb55214fk3619h3hnxws-perl5.32.0-Class-Data-Inheritable-0.08/lib/perl5/site_perl/5.32.0/x86_64-linux-thread-multi /nix/store/37ypsxsd5acnhb55214fk3619h3hnxws-perl5.32.0-Class-Data-Inheritable-0.08/lib/perl5/site_perl/5.32.0 /nix/store/37ypsxsd5acnhb55214fk3619h3hnxws-perl5.32.0-Class-Data-Inheritable-0.08/lib/perl5/site_perl /nix/store/vw08fc5bkqqyj6cawwfxs1339bs15hj0-perl5.32.0-Devel-StackTrace-2.04/lib/perl5/site_perl/5.32.0/x86_64-linux-thread-multi /nix/store/vw08fc5bkqqyj6cawwfxs1339bs15hj0-perl5.32.0-Devel-StackTrace-2.04/lib/perl5/site_perl/5.32.0 /nix/store/vw08fc5bkqqyj6cawwfxs1339bs15hj0-perl5.32.0-Devel-StackTrace-2.04/lib/perl5/site_perl /nix/store/kcg47si93cbfzkz3c7h6xm911ds5a5gx-perl5.32.0-Log-Any-1.708/lib/perl5/site_perl/5.32.0/x86_64-linux-thread-multi /nix/store/kcg47si93cbfzkz3c7h6xm911ds5a5gx-perl5.32.0-Log-Any-1.708/lib/perl5/site_perl/5.32.0 /nix/store/kcg47si93cbfzkz3c7h6xm911ds5a5gx-perl5.32.0-Log-Any-1.708/lib/perl5/site_perl /nix/store/cfbkbd5vnhic6xp7wgj3ran19jkmxksb-perl5.32.0-HTTP-Server-Simple-0.52/lib/perl5/site_perl/5.32.0/x86_64-linux-thread-multi /nix/store/cfbkbd5vnhic6xp7wgj3ran19jkmxksb-perl5.32.0-HTTP-Server-Simple-0.52/lib/perl5/site_perl/5.32.0 /nix/store/cfbkbd5vnhic6xp7wgj3ran19jkmxksb-perl5.32.0-HTTP-Server-Simple-0.52/lib/perl5/site_perl /nix/store/g3bp7vk9mmzyvhb7i2qmgx1n1xjrnkpr-perl5.32.0-Hook-LexWrap-0.26/lib/perl5/site_perl/5.32.0/x86_64-linux-thread-multi /nix/store/g3bp7vk9mmzyvhb7i2qmgx1n1xjrnkpr-perl5.32.0-Hook-LexWrap-0.26/lib/perl5/site_perl/5.32.0 /nix/store/g3bp7vk9mmzyvhb7i2qmgx1n1xjrnkpr-perl5.32.0-Hook-LexWrap-0.26/lib/perl5/site_perl /nix/store/7c044di03qa7qgr5kjjc2d787aspzp0m-perl-5.32.0/lib/perl5/site_perl/5.32.0/x86_64-linux-thread-multi /nix/store/7c044di03qa7qgr5kjjc2d787aspzp0m-perl-5.32.0/lib/perl5/site_perl/5.32.0 /nix/store/7c044di03qa7qgr5kjjc2d787aspzp0m-perl-5.32.0/lib/perl5/site_perl /nix/store/nb8blhvnc8nyn4cg1ia69dq1qxrnsr75-perl5.32.0-HTML-Mason-1.59/lib/perl5/site_perl/5.32.0/x86_64-linux-thread-multi /nix/store/nb8blhvnc8nyn4cg1ia69dq1qxrnsr75-perl5.32.0-HTML-Mason-1.59/lib/perl5/site_perl/5.32.0 /nix/store/nb8blhvnc8nyn4cg1ia69dq1qxrnsr75-perl5.32.0-HTML-Mason-1.59/lib/perl5/site_perl /nix/store/1cj18z5hqvsylknf0mnlvjs8x6chqz79-perl5.32.0-CGI-4.49/lib/perl5/site_perl/5.32.0/x86_64-linux-thread-multi /nix/store/1cj18z5hqvsylknf0mnlvjs8x6chqz79-perl5.32.0-CGI-4.49/lib/perl5/site_perl/5.32.0 /nix/store/1cj18z5hqvsylknf0mnlvjs8x6chqz79-perl5.32.0-CGI-4.49/lib/perl5/site_perl /nix/store/xfjj9s0rwkchc69qrpicj59a9vvg1vx9-perl5.32.0-HTML-Parser-3.72/lib/perl5/site_perl/5.32.0/x86_64-linux-thread-multi /nix/store/xfjj9s0rwkchc69qrpicj59a9vvg1vx9-perl5.32.0-HTML-Parser-3.72/lib/perl5/site_perl/5.32.0 /nix/store/xfjj9s0rwkchc69qrpicj59a9vvg1vx9-perl5.32.0-HTML-Parser-3.72/lib/perl5/site_perl /nix/store/08ajrvbxl8iqbb0szrgcvg1msc5nm10l-perl5.32.0-HTML-Tagset-3.20/lib/perl5/site_perl/5.32.0/x86_64-linux-thread-multi /nix/store/08ajrvbxl8iqbb0szrgcvg1msc5nm10l-perl5.32.0-HTML-Tagset-3.20/lib/perl5/site_perl/5.32.0 /nix/store/08ajrvbxl8iqbb0szrgcvg1msc5nm10l-perl5.32.0-HTML-Tagset-3.20/lib/perl5/site_perl /nix/store/df7f4vg9aajiqgc8301dsvvn7s542hij-perl5.32.0-Cache-Cache-1.08/lib/perl5/site_perl/5.32.0/x86_64-linux-thread-multi /nix/store/df7f4vg9aajiqgc8301dsvvn7s542hij-perl5.32.0-Cache-Cache-1.08/lib/perl5/site_perl/5.32.0 /nix/store/df7f4vg9aajiqgc8301dsvvn7s542hij-perl5.32.0-Cache-Cache-1.08/lib/perl5/site_perl /nix/store/2h23q1lkawcfvg49kfn16acbqi39nqb6-perl5.32.0-Digest-SHA1-2.13/lib/perl5/site_perl/5.32.0/x86_64-linux-thread-multi /nix/store/2h23q1lkawcfvg49kfn16acbqi39nqb6-perl5.32.0-Digest-SHA1-2.13/lib/perl5/site_perl/5.32.0 /nix/store/2h23q1lkawcfvg49kfn16acbqi39nqb6-perl5.32.0-Digest-SHA1-2.13/lib/perl5/site_perl /nix/store/hgrz91y4q4gy0z8d1kkw6pv9dyjlibza-perl5.32.0-Error-0.17029/lib/perl5/site_perl/5.32.0/x86_64-linux-thread-multi /nix/store/hgrz91y4q4gy0z8d1kkw6pv9dyjlibza-perl5.32.0-Error-0.17029/lib/perl5/site_perl/5.32.0 /nix/store/hgrz91y4q4gy0z8d1kkw6pv9dyjlibza-perl5.32.0-Error-0.17029/lib/perl5/site_perl /nix/store/zx5skjm2jw39hrrib9q3w10zqailx0lc-perl5.32.0-IPC-ShareLite-0.17/lib/perl5/site_perl/5.32.0/x86_64-linux-thread-multi /nix/store/zx5skjm2jw39hrrib9q3w10zqailx0lc-perl5.32.0-IPC-ShareLite-0.17/lib/perl5/site_perl/5.32.0 /nix/store/zx5skjm2jw39hrrib9q3w10zqailx0lc-perl5.32.0-IPC-ShareLite-0.17/lib/perl5/site_perl /nix/store/wz0jp6fywd6sc1g8xydy0cbb77bbfg4f-perl5.32.0-Class-Container-0.13/lib/perl5/site_perl/5.32.0/x86_64-linux-thread-multi /nix/store/wz0jp6fywd6sc1g8xydy0cbb77bbfg4f-perl5.32.0-Class-Container-0.13/lib/perl5/site_perl/5.32.0 /nix/store/wz0jp6fywd6sc1g8xydy0cbb77bbfg4f-perl5.32.0-Class-Container-0.13/lib/perl5/site_perl /nix/store/rhnywcr3vdds3yrn1mh3gz5972mrr58h-perl5.32.0-Params-Validate-1.29/lib/perl5/site_perl/5.32.0/x86_64-linux-thread-multi /nix/store/rhnywcr3vdds3yrn1mh3gz5972mrr58h-perl5.32.0-Params-Validate-1.29/lib/perl5/site_perl/5.32.0 /nix/store/rhnywcr3vdds3yrn1mh3gz5972mrr58h-perl5.32.0-Params-Validate-1.29/lib/perl5/site_perl /nix/store/4p5i7190agrf7xpplfxmgi4r3f8idww9-perl5.32.0-Module-Implementation-0.09/lib/perl5/site_perl/5.32.0/x86_64-linux-thread-multi /nix/store/4p5i7190agrf7xpplfxmgi4r3f8idww9-perl5.32.0-Module-Implementation-0.09/lib/perl5/site_perl/5.32.0 /nix/store/4p5i7190agrf7xpplfxmgi4r3f8idww9-perl5.32.0-Module-Implementation-0.09/lib/perl5/site_perl /nix/store/kzlry0bxj3z9f54h0537fsnz444lzscr-perl5.32.0-Module-Runtime-0.016/lib/perl5/site_perl/5.32.0/x86_64-linux-thread-multi /nix/store/kzlry0bxj3z9f54h0537fsnz444lzscr-perl5.32.0-Module-Runtime-0.016/lib/perl5/site_perl/5.32.0 /nix/store/kzlry0bxj3z9f54h0537fsnz444lzscr-perl5.32.0-Module-Runtime-0.016/lib/perl5/site_perl /nix/store/g3f5ak08lfvggp9vjcvrjfyrrsvqnw4s-perl5.32.0-Try-Tiny-0.30/lib/perl5/site_perl/5.32.0/x86_64-linux-thread-multi /nix/store/g3f5ak08lfvggp9vjcvrjfyrrsvqnw4s-perl5.32.0-Try-Tiny-0.30/lib/perl5/site_perl/5.32.0 /nix/store/g3f5ak08lfvggp9vjcvrjfyrrsvqnw4s-perl5.32.0-Try-Tiny-0.30/lib/perl5/site_perl /nix/store/bcsxiakjj2ymwnzmm9wrgj0xll1m6hw3-perl5.32.0-Exception-Class-1.44/lib/perl5/site_perl/5.32.0/x86_64-linux-thread-multi /nix/store/bcsxiakjj2ymwnzmm9wrgj0xll1m6hw3-perl5.32.0-Exception-Class-1.44/lib/perl5/site_perl/5.32.0 /nix/store/bcsxiakjj2ymwnzmm9wrgj0xll1m6hw3-perl5.32.0-Exception-Class-1.44/lib/perl5/site_perl /nix/store/37ypsxsd5acnhb55214fk3619h3hnxws-perl5.32.0-Class-Data-Inheritable-0.08/lib/perl5/site_perl/5.32.0/x86_64-linux-thread-multi /nix/store/37ypsxsd5acnhb55214fk3619h3hnxws-perl5.32.0-Class-Data-Inheritable-0.08/lib/perl5/site_perl/5.32.0 /nix/store/37ypsxsd5acnhb55214fk3619h3hnxws-perl5.32.0-Class-Data-Inheritable-0.08/lib/perl5/site_perl /nix/store/vw08fc5bkqqyj6cawwfxs1339bs15hj0-perl5.32.0-Devel-StackTrace-2.04/lib/perl5/site_perl/5.32.0/x86_64-linux-thread-multi /nix/store/vw08fc5bkqqyj6cawwfxs1339bs15hj0-perl5.32.0-Devel-StackTrace-2.04/lib/perl5/site_perl/5.32.0 /nix/store/vw08fc5bkqqyj6cawwfxs1339bs15hj0-perl5.32.0-Devel-StackTrace-2.04/lib/perl5/site_perl /nix/store/kcg47si93cbfzkz3c7h6xm911ds5a5gx-perl5.32.0-Log-Any-1.708/lib/perl5/site_perl/5.32.0/x86_64-linux-thread-multi /nix/store/kcg47si93cbfzkz3c7h6xm911ds5a5gx-perl5.32.0-Log-Any-1.708/lib/perl5/site_perl/5.32.0 /nix/store/kcg47si93cbfzkz3c7h6xm911ds5a5gx-perl5.32.0-Log-Any-1.708/lib/perl5/site_perl /nix/store/cfbkbd5vnhic6xp7wgj3ran19jkmxksb-perl5.32.0-HTTP-Server-Simple-0.52/lib/perl5/site_perl/5.32.0/x86_64-linux-thread-multi /nix/store/cfbkbd5vnhic6xp7wgj3ran19jkmxksb-perl5.32.0-HTTP-Server-Simple-0.52/lib/perl5/site_perl/5.32.0 /nix/store/cfbkbd5vnhic6xp7wgj3ran19jkmxksb-perl5.32.0-HTTP-Server-Simple-0.52/lib/perl5/site_perl /nix/store/g3bp7vk9mmzyvhb7i2qmgx1n1xjrnkpr-perl5.32.0-Hook-LexWrap-0.26/lib/perl5/site_perl/5.32.0/x86_64-linux-thread-multi /nix/store/g3bp7vk9mmzyvhb7i2qmgx1n1xjrnkpr-perl5.32.0-Hook-LexWrap-0.26/lib/perl5/site_perl/5.32.0 /nix/store/g3bp7vk9mmzyvhb7i2qmgx1n1xjrnkpr-perl5.32.0-Hook-LexWrap-0.26/lib/perl5/site_perl /nix/store/7c044di03qa7qgr5kjjc2d787aspzp0m-perl-5.32.0/lib/perl5/site_perl/5.32.0/x86_64-linux-thread-multi /nix/store/7c044di03qa7qgr5kjjc2d787aspzp0m-perl-5.32.0/lib/perl5/site_perl/5.32.0 /nix/store/7c044di03qa7qgr5kjjc2d787aspzp0m-perl-5.32.0/lib/perl5/site_perl /nix/store/nb8blhvnc8nyn4cg1ia69dq1qxrnsr75-perl5.32.0-HTML-Mason-1.59/lib/perl5/site_perl/5.32.0/x86_64-linux-thread-multi /nix/store/nb8blhvnc8nyn4cg1ia69dq1qxrnsr75-perl5.32.0-HTML-Mason-1.59/lib/perl5/site_perl/5.32.0 /nix/store/nb8blhvnc8nyn4cg1ia69dq1qxrnsr75-perl5.32.0-HTML-Mason-1.59/lib/perl5/site_perl /nix/store/1cj18z5hqvsylknf0mnlvjs8x6chqz79-perl5.32.0-CGI-4.49/lib/perl5/site_perl/5.32.0/x86_64-linux-thread-multi /nix/store/1cj18z5hqvsylknf0mnlvjs8x6chqz79-perl5.32.0-CGI-4.49/lib/perl5/site_perl/5.32.0 /nix/store/1cj18z5hqvsylknf0mnlvjs8x6chqz79-perl5.32.0-CGI-4.49/lib/perl5/site_perl /nix/store/xfjj9s0rwkchc69qrpicj59a9vvg1vx9-perl5.32.0-HTML-Parser-3.72/lib/perl5/site_perl/5.32.0/x86_64-linux-thread-multi /nix/store/xfjj9s0rwkchc69qrpicj59a9vvg1vx9-perl5.32.0-HTML-Parser-3.72/lib/perl5/site_perl/5.32.0 /nix/store/xfjj9s0rwkchc69qrpicj59a9vvg1vx9-perl5.32.0-HTML-Parser-3.72/lib/perl5/site_perl /nix/store/08ajrvbxl8iqbb0szrgcvg1msc5nm10l-perl5.32.0-HTML-Tagset-3.20/lib/perl5/site_perl/5.32.0/x86_64-linux-thread-multi /nix/store/08ajrvbxl8iqbb0szrgcvg1msc5nm10l-perl5.32.0-HTML-Tagset-3.20/lib/perl5/site_perl/5.32.0 /nix/store/08ajrvbxl8iqbb0szrgcvg1msc5nm10l-perl5.32.0-HTML-Tagset-3.20/lib/perl5/site_perl /nix/store/df7f4vg9aajiqgc8301dsvvn7s542hij-perl5.32.0-Cache-Cache-1.08/lib/perl5/site_perl/5.32.0/x86_64-linux-thread-multi /nix/store/df7f4vg9aajiqgc8301dsvvn7s542hij-perl5.32.0-Cache-Cache-1.08/lib/perl5/site_perl/5.32.0 /nix/store/df7f4vg9aajiqgc8301dsvvn7s542hij-perl5.32.0-Cache-Cache-1.08/lib/perl5/site_perl /nix/store/2h23q1lkawcfvg49kfn16acbqi39nqb6-perl5.32.0-Digest-SHA1-2.13/lib/perl5/site_perl/5.32.0/x86_64-linux-thread-multi /nix/store/2h23q1lkawcfvg49kfn16acbqi39nqb6-perl5.32.0-Digest-SHA1-2.13/lib/perl5/site_perl/5.32.0 /nix/store/2h23q1lkawcfvg49kfn16acbqi39nqb6-perl5.32.0-Digest-SHA1-2.13/lib/perl5/site_perl /nix/store/hgrz91y4q4gy0z8d1kkw6pv9dyjlibza-perl5.32.0-Error-0.17029/lib/perl5/site_perl/5.32.0/x86_64-linux-thread-multi /nix/store/hgrz91y4q4gy0z8d1kkw6pv9dyjlibza-perl5.32.0-Error-0.17029/lib/perl5/site_perl/5.32.0 /nix/store/hgrz91y4q4gy0z8d1kkw6pv9dyjlibza-perl5.32.0-Error-0.17029/lib/perl5/site_perl /nix/store/zx5skjm2jw39hrrib9q3w10zqailx0lc-perl5.32.0-IPC-ShareLite-0.17/lib/perl5/site_perl/5.32.0/x86_64-linux-thread-multi /nix/store/zx5skjm2jw39hrrib9q3w10zqailx0lc-perl5.32.0-IPC-ShareLite-0.17/lib/perl5/site_perl/5.32.0 /nix/store/zx5skjm2jw39hrrib9q3w10zqailx0lc-perl5.32.0-IPC-ShareLite-0.17/lib/perl5/site_perl /nix/store/wz0jp6fywd6sc1g8xydy0cbb77bbfg4f-perl5.32.0-Class-Container-0.13/lib/perl5/site_perl/5.32.0/x86_64-linux-thread-multi /nix/store/wz0jp6fywd6sc1g8xydy0cbb77bbfg4f-perl5.32.0-Class-Container-0.13/lib/perl5/site_perl/5.32.0 /nix/store/wz0jp6fywd6sc1g8xydy0cbb77bbfg4f-perl5.32.0-Class-Container-0.13/lib/perl5/site_perl /nix/store/rhnywcr3vdds3yrn1mh3gz5972mrr58h-perl5.32.0-Params-Validate-1.29/lib/perl5/site_perl/5.32.0/x86_64-linux-thread-multi /nix/store/rhnywcr3vdds3yrn1mh3gz5972mrr58h-perl5.32.0-Params-Validate-1.29/lib/perl5/site_perl/5.32.0 /nix/store/rhnywcr3vdds3yrn1mh3gz5972mrr58h-perl5.32.0-Params-Validate-1.29/lib/perl5/site_perl /nix/store/4p5i7190agrf7xpplfxmgi4r3f8idww9-perl5.32.0-Module-Implementation-0.09/lib/perl5/site_perl/5.32.0/x86_64-linux-thread-multi /nix/store/4p5i7190agrf7xpplfxmgi4r3f8idww9-perl5.32.0-Module-Implementation-0.09/lib/perl5/site_perl/5.32.0 /nix/store/4p5i7190agrf7xpplfxmgi4r3f8idww9-perl5.32.0-Module-Implementation-0.09/lib/perl5/site_perl /nix/store/kzlry0bxj3z9f54h0537fsnz444lzscr-perl5.32.0-Module-Runtime-0.016/lib/perl5/site_perl/5.32.0/x86_64-linux-thread-multi /nix/store/kzlry0bxj3z9f54h0537fsnz444lzscr-perl5.32.0-Module-Runtime-0.016/lib/perl5/site_perl/5.32.0 /nix/store/kzlry0bxj3z9f54h0537fsnz444lzscr-perl5.32.0-Module-Runtime-0.016/lib/perl5/site_perl /nix/store/g3f5ak08lfvggp9vjcvrjfyrrsvqnw4s-perl5.32.0-Try-Tiny-0.30/lib/perl5/site_perl/5.32.0/x86_64-linux-thread-multi /nix/store/g3f5ak08lfvggp9vjcvrjfyrrsvqnw4s-perl5.32.0-Try-Tiny-0.30/lib/perl5/site_perl/5.32.0 /nix/store/g3f5ak08lfvggp9vjcvrjfyrrsvqnw4s-perl5.32.0-Try-Tiny-0.30/lib/perl5/site_perl /nix/store/bcsxiakjj2ymwnzmm9wrgj0xll1m6hw3-perl5.32.0-Exception-Class-1.44/lib/perl5/site_perl/5.32.0/x86_64-linux-thread-multi /nix/store/bcsxiakjj2ymwnzmm9wrgj0xll1m6hw3-perl5.32.0-Exception-Class-1.44/lib/perl5/site_perl/5.32.0 /nix/store/bcsxiakjj2ymwnzmm9wrgj0xll1m6hw3-perl5.32.0-Exception-Class-1.44/lib/perl5/site_perl /nix/store/37ypsxsd5acnhb55214fk3619h3hnxws-perl5.32.0-Class-Data-Inheritable-0.08/lib/perl5/site_perl/5.32.0/x86_64-linux-thread-multi /nix/store/37ypsxsd5acnhb55214fk3619h3hnxws-perl5.32.0-Class-Data-Inheritable-0.08/lib/perl5/site_perl/5.32.0 /nix/store/37ypsxsd5acnhb55214fk3619h3hnxws-perl5.32.0-Class-Data-Inheritable-0.08/lib/perl5/site_perl /nix/store/vw08fc5bkqqyj6cawwfxs1339bs15hj0-perl5.32.0-Devel-StackTrace-2.04/lib/perl5/site_perl/5.32.0/x86_64-linux-thread-multi /nix/store/vw08fc5bkqqyj6cawwfxs1339bs15hj0-perl5.32.0-Devel-StackTrace-2.04/lib/perl5/site_perl/5.32.0 /nix/store/vw08fc5bkqqyj6cawwfxs1339bs15hj0-perl5.32.0-Devel-StackTrace-2.04/lib/perl5/site_perl /nix/store/kcg47si93cbfzkz3c7h6xm911ds5a5gx-perl5.32.0-Log-Any-1.708/lib/perl5/site_perl/5.32.0/x86_64-linux-thread-multi /nix/store/kcg47si93cbfzkz3c7h6xm911ds5a5gx-perl5.32.0-Log-Any-1.708/lib/perl5/site_perl/5.32.0 /nix/store/kcg47si93cbfzkz3c7h6xm911ds5a5gx-perl5.32.0-Log-Any-1.708/lib/perl5/site_perl /nix/store/cfbkbd5vnhic6xp7wgj3ran19jkmxksb-perl5.32.0-HTTP-Server-Simple-0.52/lib/perl5/site_perl/5.32.0/x86_64-linux-thread-multi /nix/store/cfbkbd5vnhic6xp7wgj3ran19jkmxksb-perl5.32.0-HTTP-Server-Simple-0.52/lib/perl5/site_perl/5.32.0 /nix/store/cfbkbd5vnhic6xp7wgj3ran19jkmxksb-perl5.32.0-HTTP-Server-Simple-0.52/lib/perl5/site_perl /nix/store/g3bp7vk9mmzyvhb7i2qmgx1n1xjrnkpr-perl5.32.0-Hook-LexWrap-0.26/lib/perl5/site_perl/5.32.0/x86_64-linux-thread-multi /nix/store/g3bp7vk9mmzyvhb7i2qmgx1n1xjrnkpr-perl5.32.0-Hook-LexWrap-0.26/lib/perl5/site_perl/5.32.0 /nix/store/g3bp7vk9mmzyvhb7i2qmgx1n1xjrnkpr-perl5.32.0-Hook-LexWrap-0.26/lib/perl5/site_perl /nix/store/wgpfa223v89l9ygnzr4i9kkw54wblk86-perl5.32.0-HTTP-Server-Simple-Mason-0.14/lib/perl5/site_perl /nix/store/7c044di03qa7qgr5kjjc2d787aspzp0m-perl-5.32.0/lib/perl5/site_perl/5.32.0/x86_64-linux-thread-multi /nix/store/7c044di03qa7qgr5kjjc2d787aspzp0m-perl-5.32.0/lib/perl5/site_perl/5.32.0 /nix/store/7c044di03qa7qgr5kjjc2d787aspzp0m-perl-5.32.0/lib/perl5/5.32.0/x86_64-linux-thread-multi /nix/store/7c044di03qa7qgr5kjjc2d787aspzp0m-perl-5.32.0/lib/perl5/5.32.0 .) at t/04unhandlederrors.t line 4.
t/05handlederrors.t .... skipped: LWP::Simple not installed: Can't locate LWP/Simple.pm in @INC (you may need to install the LWP::Simple module) (@INC contains: /build/HTTP-Server-Simple-Mason-0.14/inc /build/HTTP-Server-Simple-Mason-0.14/blib/lib /build/HTTP-Server-Simple-Mason-0.14/blib/arch /nix/store/7c044di03qa7qgr5kjjc2d787aspzp0m-perl-5.32.0/lib/perl5/site_perl/5.32.0/x86_64-linux-thread-multi /nix/store/7c044di03qa7qgr5kjjc2d787aspzp0m-perl-5.32.0/lib/perl5/site_perl/5.32.0 /nix/store/7c044di03qa7qgr5kjjc2d787aspzp0m-perl-5.32.0/lib/perl5/site_perl /nix/store/nb8blhvnc8nyn4cg1ia69dq1qxrnsr75-perl5.32.0-HTML-Mason-1.59/lib/perl5/site_perl/5.32.0/x86_64-linux-thread-multi /nix/store/nb8blhvnc8nyn4cg1ia69dq1qxrnsr75-perl5.32.0-HTML-Mason-1.59/lib/perl5/site_perl/5.32.0/x86_64-linux-thread-multi /nix/store/nb8blhvnc8nyn4cg1ia69dq1qxrnsr75-perl5.32.0-HTML-Mason-1.59/lib/perl5/site_perl/5.32.0 /nix/store/nb8blhvnc8nyn4cg1ia69dq1qxrnsr75-perl5.32.0-HTML-Mason-1.59/lib/perl5/site_perl/5.32.0/x86_64-linux-thread-multi /nix/store/nb8blhvnc8nyn4cg1ia69dq1qxrnsr75-perl5.32.0-HTML-Mason-1.59/lib/perl5/site_perl/5.32.0 /nix/store/nb8blhvnc8nyn4cg1ia69dq1qxrnsr75-perl5.32.0-HTML-Mason-1.59/lib/perl5/site_perl /nix/store/1cj18z5hqvsylknf0mnlvjs8x6chqz79-perl5.32.0-CGI-4.49/lib/perl5/site_perl/5.32.0/x86_64-linux-thread-multi /nix/store/1cj18z5hqvsylknf0mnlvjs8x6chqz79-perl5.32.0-CGI-4.49/lib/perl5/site_perl/5.32.0/x86_64-linux-thread-multi /nix/store/1cj18z5hqvsylknf0mnlvjs8x6chqz79-perl5.32.0-CGI-4.49/lib/perl5/site_perl/5.32.0 /nix/store/1cj18z5hqvsylknf0mnlvjs8x6chqz79-perl5.32.0-CGI-4.49/lib/perl5/site_perl/5.32.0/x86_64-linux-thread-multi /nix/store/1cj18z5hqvsylknf0mnlvjs8x6chqz79-perl5.32.0-CGI-4.49/lib/perl5/site_perl/5.32.0 /nix/store/1cj18z5hqvsylknf0mnlvjs8x6chqz79-perl5.32.0-CGI-4.49/lib/perl5/site_perl /nix/store/xfjj9s0rwkchc69qrpicj59a9vvg1vx9-perl5.32.0-HTML-Parser-3.72/lib/perl5/site_perl/5.32.0/x86_64-linux-thread-multi /nix/store/xfjj9s0rwkchc69qrpicj59a9vvg1vx9-perl5.32.0-HTML-Parser-3.72/lib/perl5/site_perl/5.32.0/x86_64-linux-thread-multi /nix/store/xfjj9s0rwkchc69qrpicj59a9vvg1vx9-perl5.32.0-HTML-Parser-3.72/lib/perl5/site_perl/5.32.0 /nix/store/xfjj9s0rwkchc69qrpicj59a9vvg1vx9-perl5.32.0-HTML-Parser-3.72/lib/perl5/site_perl/5.32.0/x86_64-linux-thread-multi /nix/store/xfjj9s0rwkchc69qrpicj59a9vvg1vx9-perl5.32.0-HTML-Parser-3.72/lib/perl5/site_perl/5.32.0 /nix/store/xfjj9s0rwkchc69qrpicj59a9vvg1vx9-perl5.32.0-HTML-Parser-3.72/lib/perl5/site_perl /nix/store/08ajrvbxl8iqbb0szrgcvg1msc5nm10l-perl5.32.0-HTML-Tagset-3.20/lib/perl5/site_perl/5.32.0/x86_64-linux-thread-multi /nix/store/08ajrvbxl8iqbb0szrgcvg1msc5nm10l-perl5.32.0-HTML-Tagset-3.20/lib/perl5/site_perl/5.32.0/x86_64-linux-thread-multi /nix/store/08ajrvbxl8iqbb0szrgcvg1msc5nm10l-perl5.32.0-HTML-Tagset-3.20/lib/perl5/site_perl/5.32.0 /nix/store/08ajrvbxl8iqbb0szrgcvg1msc5nm10l-perl5.32.0-HTML-Tagset-3.20/lib/perl5/site_perl/5.32.0/x86_64-linux-thread-multi /nix/store/08ajrvbxl8iqbb0szrgcvg1msc5nm10l-perl5.32.0-HTML-Tagset-3.20/lib/perl5/site_perl/5.32.0 /nix/store/08ajrvbxl8iqbb0szrgcvg1msc5nm10l-perl5.32.0-HTML-Tagset-3.20/lib/perl5/site_perl /nix/store/df7f4vg9aajiqgc8301dsvvn7s542hij-perl5.32.0-Cache-Cache-1.08/lib/perl5/site_perl/5.32.0/x86_64-linux-thread-multi /nix/store/df7f4vg9aajiqgc8301dsvvn7s542hij-perl5.32.0-Cache-Cache-1.08/lib/perl5/site_perl/5.32.0/x86_64-linux-thread-multi /nix/store/df7f4vg9aajiqgc8301dsvvn7s542hij-perl5.32.0-Cache-Cache-1.08/lib/perl5/site_perl/5.32.0 /nix/store/df7f4vg9aajiqgc8301dsvvn7s542hij-perl5.32.0-Cache-Cache-1.08/lib/perl5/site_perl/5.32.0/x86_64-linux-thread-multi /nix/store/df7f4vg9aajiqgc8301dsvvn7s542hij-perl5.32.0-Cache-Cache-1.08/lib/perl5/site_perl/5.32.0 /nix/store/df7f4vg9aajiqgc8301dsvvn7s542hij-perl5.32.0-Cache-Cache-1.08/lib/perl5/site_perl /nix/store/2h23q1lkawcfvg49kfn16acbqi39nqb6-perl5.32.0-Digest-SHA1-2.13/lib/perl5/site_perl/5.32.0/x86_64-linux-thread-multi /nix/store/2h23q1lkawcfvg49kfn16acbqi39nqb6-perl5.32.0-Digest-SHA1-2.13/lib/perl5/site_perl/5.32.0/x86_64-linux-thread-multi /nix/store/2h23q1lkawcfvg49kfn16acbqi39nqb6-perl5.32.0-Digest-SHA1-2.13/lib/perl5/site_perl/5.32.0 /nix/store/2h23q1lkawcfvg49kfn16acbqi39nqb6-perl5.32.0-Digest-SHA1-2.13/lib/perl5/site_perl/5.32.0/x86_64-linux-thread-multi /nix/store/2h23q1lkawcfvg49kfn16acbqi39nqb6-perl5.32.0-Digest-SHA1-2.13/lib/perl5/site_perl/5.32.0 /nix/store/2h23q1lkawcfvg49kfn16acbqi39nqb6-perl5.32.0-Digest-SHA1-2.13/lib/perl5/site_perl /nix/store/hgrz91y4q4gy0z8d1kkw6pv9dyjlibza-perl5.32.0-Error-0.17029/lib/perl5/site_perl/5.32.0/x86_64-linux-thread-multi /nix/store/hgrz91y4q4gy0z8d1kkw6pv9dyjlibza-perl5.32.0-Error-0.17029/lib/perl5/site_perl/5.32.0/x86_64-linux-thread-multi /nix/store/hgrz91y4q4gy0z8d1kkw6pv9dyjlibza-perl5.32.0-Error-0.17029/lib/perl5/site_perl/5.32.0 /nix/store/hgrz91y4q4gy0z8d1kkw6pv9dyjlibza-perl5.32.0-Error-0.17029/lib/perl5/site_perl/5.32.0/x86_64-linux-thread-multi /nix/store/hgrz91y4q4gy0z8d1kkw6pv9dyjlibza-perl5.32.0-Error-0.17029/lib/perl5/site_perl/5.32.0 /nix/store/hgrz91y4q4gy0z8d1kkw6pv9dyjlibza-perl5.32.0-Error-0.17029/lib/perl5/site_perl /nix/store/zx5skjm2jw39hrrib9q3w10zqailx0lc-perl5.32.0-IPC-ShareLite-0.17/lib/perl5/site_perl/5.32.0/x86_64-linux-thread-multi /nix/store/zx5skjm2jw39hrrib9q3w10zqailx0lc-perl5.32.0-IPC-ShareLite-0.17/lib/perl5/site_perl/5.32.0/x86_64-linux-thread-multi /nix/store/zx5skjm2jw39hrrib9q3w10zqailx0lc-perl5.32.0-IPC-ShareLite-0.17/lib/perl5/site_perl/5.32.0 /nix/store/zx5skjm2jw39hrrib9q3w10zqailx0lc-perl5.32.0-IPC-ShareLite-0.17/lib/perl5/site_perl/5.32.0/x86_64-linux-thread-multi /nix/store/zx5skjm2jw39hrrib9q3w10zqailx0lc-perl5.32.0-IPC-ShareLite-0.17/lib/perl5/site_perl/5.32.0 /nix/store/zx5skjm2jw39hrrib9q3w10zqailx0lc-perl5.32.0-IPC-ShareLite-0.17/lib/perl5/site_perl /nix/store/wz0jp6fywd6sc1g8xydy0cbb77bbfg4f-perl5.32.0-Class-Container-0.13/lib/perl5/site_perl/5.32.0/x86_64-linux-thread-multi /nix/store/wz0jp6fywd6sc1g8xydy0cbb77bbfg4f-perl5.32.0-Class-Container-0.13/lib/perl5/site_perl/5.32.0/x86_64-linux-thread-multi /nix/store/wz0jp6fywd6sc1g8xydy0cbb77bbfg4f-perl5.32.0-Class-Container-0.13/lib/perl5/site_perl/5.32.0 /nix/store/wz0jp6fywd6sc1g8xydy0cbb77bbfg4f-perl5.32.0-Class-Container-0.13/lib/perl5/site_perl/5.32.0/x86_64-linux-thread-multi /nix/store/wz0jp6fywd6sc1g8xydy0cbb77bbfg4f-perl5.32.0-Class-Container-0.13/lib/perl5/site_perl/5.32.0 /nix/store/wz0jp6fywd6sc1g8xydy0cbb77bbfg4f-perl5.32.0-Class-Container-0.13/lib/perl5/site_perl /nix/store/rhnywcr3vdds3yrn1mh3gz5972mrr58h-perl5.32.0-Params-Validate-1.29/lib/perl5/site_perl/5.32.0/x86_64-linux-thread-multi /nix/store/rhnywcr3vdds3yrn1mh3gz5972mrr58h-perl5.32.0-Params-Validate-1.29/lib/perl5/site_perl/5.32.0/x86_64-linux-thread-multi /nix/store/rhnywcr3vdds3yrn1mh3gz5972mrr58h-perl5.32.0-Params-Validate-1.29/lib/perl5/site_perl/5.32.0 /nix/store/rhnywcr3vdds3yrn1mh3gz5972mrr58h-perl5.32.0-Params-Validate-1.29/lib/perl5/site_perl/5.32.0/x86_64-linux-thread-multi /nix/store/rhnywcr3vdds3yrn1mh3gz5972mrr58h-perl5.32.0-Params-Validate-1.29/lib/perl5/site_perl/5.32.0 /nix/store/rhnywcr3vdds3yrn1mh3gz5972mrr58h-perl5.32.0-Params-Validate-1.29/lib/perl5/site_perl /nix/store/4p5i7190agrf7xpplfxmgi4r3f8idww9-perl5.32.0-Module-Implementation-0.09/lib/perl5/site_perl/5.32.0/x86_64-linux-thread-multi /nix/store/4p5i7190agrf7xpplfxmgi4r3f8idww9-perl5.32.0-Module-Implementation-0.09/lib/perl5/site_perl/5.32.0/x86_64-linux-thread-multi /nix/store/4p5i7190agrf7xpplfxmgi4r3f8idww9-perl5.32.0-Module-Implementation-0.09/lib/perl5/site_perl/5.32.0 /nix/store/4p5i7190agrf7xpplfxmgi4r3f8idww9-perl5.32.0-Module-Implementation-0.09/lib/perl5/site_perl/5.32.0/x86_64-linux-thread-multi /nix/store/4p5i7190agrf7xpplfxmgi4r3f8idww9-perl5.32.0-Module-Implementation-0.09/lib/perl5/site_perl/5.32.0 /nix/store/4p5i7190agrf7xpplfxmgi4r3f8idww9-perl5.32.0-Module-Implementation-0.09/lib/perl5/site_perl /nix/store/kzlry0bxj3z9f54h0537fsnz444lzscr-perl5.32.0-Module-Runtime-0.016/lib/perl5/site_perl/5.32.0/x86_64-linux-thread-multi /nix/store/kzlry0bxj3z9f54h0537fsnz444lzscr-perl5.32.0-Module-Runtime-0.016/lib/perl5/site_perl/5.32.0/x86_64-linux-thread-multi /nix/store/kzlry0bxj3z9f54h0537fsnz444lzscr-perl5.32.0-Module-Runtime-0.016/lib/perl5/site_perl/5.32.0 /nix/store/kzlry0bxj3z9f54h0537fsnz444lzscr-perl5.32.0-Module-Runtime-0.016/lib/perl5/site_perl/5.32.0/x86_64-linux-thread-multi /nix/store/kzlry0bxj3z9f54h0537fsnz444lzscr-perl5.32.0-Module-Runtime-0.016/lib/perl5/site_perl/5.32.0 /nix/store/kzlry0bxj3z9f54h0537fsnz444lzscr-perl5.32.0-Module-Runtime-0.016/lib/perl5/site_perl /nix/store/g3f5ak08lfvggp9vjcvrjfyrrsvqnw4s-perl5.32.0-Try-Tiny-0.30/lib/perl5/site_perl/5.32.0/x86_64-linux-thread-multi /nix/store/g3f5ak08lfvggp9vjcvrjfyrrsvqnw4s-perl5.32.0-Try-Tiny-0.30/lib/perl5/site_perl/5.32.0/x86_64-linux-thread-multi /nix/store/g3f5ak08lfvggp9vjcvrjfyrrsvqnw4s-perl5.32.0-Try-Tiny-0.30/lib/perl5/site_perl/5.32.0 /nix/store/g3f5ak08lfvggp9vjcvrjfyrrsvqnw4s-perl5.32.0-Try-Tiny-0.30/lib/perl5/site_perl/5.32.0/x86_64-linux-thread-multi /nix/store/g3f5ak08lfvggp9vjcvrjfyrrsvqnw4s-perl5.32.0-Try-Tiny-0.30/lib/perl5/site_perl/5.32.0 /nix/store/g3f5ak08lfvggp9vjcvrjfyrrsvqnw4s-perl5.32.0-Try-Tiny-0.30/lib/perl5/site_perl /nix/store/bcsxiakjj2ymwnzmm9wrgj0xll1m6hw3-perl5.32.0-Exception-Class-1.44/lib/perl5/site_perl/5.32.0/x86_64-linux-thread-multi /nix/store/bcsxiakjj2ymwnzmm9wrgj0xll1m6hw3-perl5.32.0-Exception-Class-1.44/lib/perl5/site_perl/5.32.0/x86_64-linux-thread-multi /nix/store/bcsxiakjj2ymwnzmm9wrgj0xll1m6hw3-perl5.32.0-Exception-Class-1.44/lib/perl5/site_perl/5.32.0 /nix/store/bcsxiakjj2ymwnzmm9wrgj0xll1m6hw3-perl5.32.0-Exception-Class-1.44/lib/perl5/site_perl/5.32.0/x86_64-linux-thread-multi /nix/store/bcsxiakjj2ymwnzmm9wrgj0xll1m6hw3-perl5.32.0-Exception-Class-1.44/lib/perl5/site_perl/5.32.0 /nix/store/bcsxiakjj2ymwnzmm9wrgj0xll1m6hw3-perl5.32.0-Exception-Class-1.44/lib/perl5/site_perl /nix/store/37ypsxsd5acnhb55214fk3619h3hnxws-perl5.32.0-Class-Data-Inheritable-0.08/lib/perl5/site_perl/5.32.0/x86_64-linux-thread-multi /nix/store/37ypsxsd5acnhb55214fk3619h3hnxws-perl5.32.0-Class-Data-Inheritable-0.08/lib/perl5/site_perl/5.32.0/x86_64-linux-thread-multi /nix/store/37ypsxsd5acnhb55214fk3619h3hnxws-perl5.32.0-Class-Data-Inheritable-0.08/lib/perl5/site_perl/5.32.0 /nix/store/37ypsxsd5acnhb55214fk3619h3hnxws-perl5.32.0-Class-Data-Inheritable-0.08/lib/perl5/site_perl/5.32.0/x86_64-linux-thread-multi /nix/store/37ypsxsd5acnhb55214fk3619h3hnxws-perl5.32.0-Class-Data-Inheritable-0.08/lib/perl5/site_perl/5.32.0 /nix/store/37ypsxsd5acnhb55214fk3619h3hnxws-perl5.32.0-Class-Data-Inheritable-0.08/lib/perl5/site_perl /nix/store/vw08fc5bkqqyj6cawwfxs1339bs15hj0-perl5.32.0-Devel-StackTrace-2.04/lib/perl5/site_perl/5.32.0/x86_64-linux-thread-multi /nix/store/vw08fc5bkqqyj6cawwfxs1339bs15hj0-perl5.32.0-Devel-StackTrace-2.04/lib/perl5/site_perl/5.32.0/x86_64-linux-thread-multi /nix/store/vw08fc5bkqqyj6cawwfxs1339bs15hj0-perl5.32.0-Devel-StackTrace-2.04/lib/perl5/site_perl/5.32.0 /nix/store/vw08fc5bkqqyj6cawwfxs1339bs15hj0-perl5.32.0-Devel-StackTrace-2.04/lib/perl5/site_perl/5.32.0/x86_64-linux-thread-multi /nix/store/vw08fc5bkqqyj6cawwfxs1339bs15hj0-perl5.32.0-Devel-StackTrace-2.04/lib/perl5/site_perl/5.32.0 /nix/store/vw08fc5bkqqyj6cawwfxs1339bs15hj0-perl5.32.0-Devel-StackTrace-2.04/lib/perl5/site_perl /nix/store/kcg47si93cbfzkz3c7h6xm911ds5a5gx-perl5.32.0-Log-Any-1.708/lib/perl5/site_perl/5.32.0/x86_64-linux-thread-multi /nix/store/kcg47si93cbfzkz3c7h6xm911ds5a5gx-perl5.32.0-Log-Any-1.708/lib/perl5/site_perl/5.32.0/x86_64-linux-thread-multi /nix/store/kcg47si93cbfzkz3c7h6xm911ds5a5gx-perl5.32.0-Log-Any-1.708/lib/perl5/site_perl/5.32.0 /nix/store/kcg47si93cbfzkz3c7h6xm911ds5a5gx-perl5.32.0-Log-Any-1.708/lib/perl5/site_perl/5.32.0/x86_64-linux-thread-multi /nix/store/kcg47si93cbfzkz3c7h6xm911ds5a5gx-perl5.32.0-Log-Any-1.708/lib/perl5/site_perl/5.32.0 /nix/store/kcg47si93cbfzkz3c7h6xm911ds5a5gx-perl5.32.0-Log-Any-1.708/lib/perl5/site_perl /nix/store/cfbkbd5vnhic6xp7wgj3ran19jkmxksb-perl5.32.0-HTTP-Server-Simple-0.52/lib/perl5/site_perl/5.32.0/x86_64-linux-thread-multi /nix/store/cfbkbd5vnhic6xp7wgj3ran19jkmxksb-perl5.32.0-HTTP-Server-Simple-0.52/lib/perl5/site_perl/5.32.0/x86_64-linux-thread-multi /nix/store/cfbkbd5vnhic6xp7wgj3ran19jkmxksb-perl5.32.0-HTTP-Server-Simple-0.52/lib/perl5/site_perl/5.32.0 /nix/store/cfbkbd5vnhic6xp7wgj3ran19jkmxksb-perl5.32.0-HTTP-Server-Simple-0.52/lib/perl5/site_perl/5.32.0/x86_64-linux-thread-multi /nix/store/cfbkbd5vnhic6xp7wgj3ran19jkmxksb-perl5.32.0-HTTP-Server-Simple-0.52/lib/perl5/site_perl/5.32.0 /nix/store/cfbkbd5vnhic6xp7wgj3ran19jkmxksb-perl5.32.0-HTTP-Server-Simple-0.52/lib/perl5/site_perl /nix/store/g3bp7vk9mmzyvhb7i2qmgx1n1xjrnkpr-perl5.32.0-Hook-LexWrap-0.26/lib/perl5/site_perl/5.32.0/x86_64-linux-thread-multi /nix/store/g3bp7vk9mmzyvhb7i2qmgx1n1xjrnkpr-perl5.32.0-Hook-LexWrap-0.26/lib/perl5/site_perl/5.32.0/x86_64-linux-thread-multi /nix/store/g3bp7vk9mmzyvhb7i2qmgx1n1xjrnkpr-perl5.32.0-Hook-LexWrap-0.26/lib/perl5/site_perl/5.32.0 /nix/store/g3bp7vk9mmzyvhb7i2qmgx1n1xjrnkpr-perl5.32.0-Hook-LexWrap-0.26/lib/perl5/site_perl/5.32.0/x86_64-linux-thread-multi /nix/store/g3bp7vk9mmzyvhb7i2qmgx1n1xjrnkpr-perl5.32.0-Hook-LexWrap-0.26/lib/perl5/site_perl/5.32.0 /nix/store/g3bp7vk9mmzyvhb7i2qmgx1n1xjrnkpr-perl5.32.0-Hook-LexWrap-0.26/lib/perl5/site_perl /nix/store/wgpfa223v89l9ygnzr4i9kkw54wblk86-perl5.32.0-HTTP-Server-Simple-Mason-0.14/lib/perl5/site_perl /nix/store/7c044di03qa7qgr5kjjc2d787aspzp0m-perl-5.32.0/lib/perl5/site_perl/5.32.0/x86_64-linux-thread-multi /nix/store/7c044di03qa7qgr5kjjc2d787aspzp0m-perl-5.32.0/lib/perl5/site_perl/5.32.0 /nix/store/7c044di03qa7qgr5kjjc2d787aspzp0m-perl-5.32.0/lib/perl5/site_perl /nix/store/nb8blhvnc8nyn4cg1ia69dq1qxrnsr75-perl5.32.0-HTML-Mason-1.59/lib/perl5/site_perl/5.32.0/x86_64-linux-thread-multi /nix/store/nb8blhvnc8nyn4cg1ia69dq1qxrnsr75-perl5.32.0-HTML-Mason-1.59/lib/perl5/site_perl/5.32.0 /nix/store/nb8blhvnc8nyn4cg1ia69dq1qxrnsr75-perl5.32.0-HTML-Mason-1.59/lib/perl5/site_perl /nix/store/1cj18z5hqvsylknf0mnlvjs8x6chqz79-perl5.32.0-CGI-4.49/lib/perl5/site_perl/5.32.0/x86_64-linux-thread-multi /nix/store/1cj18z5hqvsylknf0mnlvjs8x6chqz79-perl5.32.0-CGI-4.49/lib/perl5/site_perl/5.32.0 /nix/store/1cj18z5hqvsylknf0mnlvjs8x6chqz79-perl5.32.0-CGI-4.49/lib/perl5/site_perl /nix/store/xfjj9s0rwkchc69qrpicj59a9vvg1vx9-perl5.32.0-HTML-Parser-3.72/lib/perl5/site_perl/5.32.0/x86_64-linux-thread-multi /nix/store/xfjj9s0rwkchc69qrpicj59a9vvg1vx9-perl5.32.0-HTML-Parser-3.72/lib/perl5/site_perl/5.32.0 /nix/store/xfjj9s0rwkchc69qrpicj59a9vvg1vx9-perl5.32.0-HTML-Parser-3.72/lib/perl5/site_perl /nix/store/08ajrvbxl8iqbb0szrgcvg1msc5nm10l-perl5.32.0-HTML-Tagset-3.20/lib/perl5/site_perl/5.32.0/x86_64-linux-thread-multi /nix/store/08ajrvbxl8iqbb0szrgcvg1msc5nm10l-perl5.32.0-HTML-Tagset-3.20/lib/perl5/site_perl/5.32.0 /nix/store/08ajrvbxl8iqbb0szrgcvg1msc5nm10l-perl5.32.0-HTML-Tagset-3.20/lib/perl5/site_perl /nix/store/df7f4vg9aajiqgc8301dsvvn7s542hij-perl5.32.0-Cache-Cache-1.08/lib/perl5/site_perl/5.32.0/x86_64-linux-thread-multi /nix/store/df7f4vg9aajiqgc8301dsvvn7s542hij-perl5.32.0-Cache-Cache-1.08/lib/perl5/site_perl/5.32.0 /nix/store/df7f4vg9aajiqgc8301dsvvn7s542hij-perl5.32.0-Cache-Cache-1.08/lib/perl5/site_perl /nix/store/2h23q1lkawcfvg49kfn16acbqi39nqb6-perl5.32.0-Digest-SHA1-2.13/lib/perl5/site_perl/5.32.0/x86_64-linux-thread-multi /nix/store/2h23q1lkawcfvg49kfn16acbqi39nqb6-perl5.32.0-Digest-SHA1-2.13/lib/perl5/site_perl/5.32.0 /nix/store/2h23q1lkawcfvg49kfn16acbqi39nqb6-perl5.32.0-Digest-SHA1-2.13/lib/perl5/site_perl /nix/store/hgrz91y4q4gy0z8d1kkw6pv9dyjlibza-perl5.32.0-Error-0.17029/lib/perl5/site_perl/5.32.0/x86_64-linux-thread-multi /nix/store/hgrz91y4q4gy0z8d1kkw6pv9dyjlibza-perl5.32.0-Error-0.17029/lib/perl5/site_perl/5.32.0 /nix/store/hgrz91y4q4gy0z8d1kkw6pv9dyjlibza-perl5.32.0-Error-0.17029/lib/perl5/site_perl /nix/store/zx5skjm2jw39hrrib9q3w10zqailx0lc-perl5.32.0-IPC-ShareLite-0.17/lib/perl5/site_perl/5.32.0/x86_64-linux-thread-multi /nix/store/zx5skjm2jw39hrrib9q3w10zqailx0lc-perl5.32.0-IPC-ShareLite-0.17/lib/perl5/site_perl/5.32.0 /nix/store/zx5skjm2jw39hrrib9q3w10zqailx0lc-perl5.32.0-IPC-ShareLite-0.17/lib/perl5/site_perl /nix/store/wz0jp6fywd6sc1g8xydy0cbb77bbfg4f-perl5.32.0-Class-Container-0.13/lib/perl5/site_perl/5.32.0/x86_64-linux-thread-multi /nix/store/wz0jp6fywd6sc1g8xydy0cbb77bbfg4f-perl5.32.0-Class-Container-0.13/lib/perl5/site_perl/5.32.0 /nix/store/wz0jp6fywd6sc1g8xydy0cbb77bbfg4f-perl5.32.0-Class-Container-0.13/lib/perl5/site_perl /nix/store/rhnywcr3vdds3yrn1mh3gz5972mrr58h-perl5.32.0-Params-Validate-1.29/lib/perl5/site_perl/5.32.0/x86_64-linux-thread-multi /nix/store/rhnywcr3vdds3yrn1mh3gz5972mrr58h-perl5.32.0-Params-Validate-1.29/lib/perl5/site_perl/5.32.0 /nix/store/rhnywcr3vdds3yrn1mh3gz5972mrr58h-perl5.32.0-Params-Validate-1.29/lib/perl5/site_perl /nix/store/4p5i7190agrf7xpplfxmgi4r3f8idww9-perl5.32.0-Module-Implementation-0.09/lib/perl5/site_perl/5.32.0/x86_64-linux-thread-multi /nix/store/4p5i7190agrf7xpplfxmgi4r3f8idww9-perl5.32.0-Module-Implementation-0.09/lib/perl5/site_perl/5.32.0 /nix/store/4p5i7190agrf7xpplfxmgi4r3f8idww9-perl5.32.0-Module-Implementation-0.09/lib/perl5/site_perl /nix/store/kzlry0bxj3z9f54h0537fsnz444lzscr-perl5.32.0-Module-Runtime-0.016/lib/perl5/site_perl/5.32.0/x86_64-linux-thread-multi /nix/store/kzlry0bxj3z9f54h0537fsnz444lzscr-perl5.32.0-Module-Runtime-0.016/lib/perl5/site_perl/5.32.0 /nix/store/kzlry0bxj3z9f54h0537fsnz444lzscr-perl5.32.0-Module-Runtime-0.016/lib/perl5/site_perl /nix/store/g3f5ak08lfvggp9vjcvrjfyrrsvqnw4s-perl5.32.0-Try-Tiny-0.30/lib/perl5/site_perl/5.32.0/x86_64-linux-thread-multi /nix/store/g3f5ak08lfvggp9vjcvrjfyrrsvqnw4s-perl5.32.0-Try-Tiny-0.30/lib/perl5/site_perl/5.32.0 /nix/store/g3f5ak08lfvggp9vjcvrjfyrrsvqnw4s-perl5.32.0-Try-Tiny-0.30/lib/perl5/site_perl /nix/store/bcsxiakjj2ymwnzmm9wrgj0xll1m6hw3-perl5.32.0-Exception-Class-1.44/lib/perl5/site_perl/5.32.0/x86_64-linux-thread-multi /nix/store/bcsxiakjj2ymwnzmm9wrgj0xll1m6hw3-perl5.32.0-Exception-Class-1.44/lib/perl5/site_perl/5.32.0 /nix/store/bcsxiakjj2ymwnzmm9wrgj0xll1m6hw3-perl5.32.0-Exception-Class-1.44/lib/perl5/site_perl /nix/store/37ypsxsd5acnhb55214fk3619h3hnxws-perl5.32.0-Class-Data-Inheritable-0.08/lib/perl5/site_perl/5.32.0/x86_64-linux-thread-multi /nix/store/37ypsxsd5acnhb55214fk3619h3hnxws-perl5.32.0-Class-Data-Inheritable-0.08/lib/perl5/site_perl/5.32.0 /nix/store/37ypsxsd5acnhb55214fk3619h3hnxws-perl5.32.0-Class-Data-Inheritable-0.08/lib/perl5/site_perl /nix/store/vw08fc5bkqqyj6cawwfxs1339bs15hj0-perl5.32.0-Devel-StackTrace-2.04/lib/perl5/site_perl/5.32.0/x86_64-linux-thread-multi /nix/store/vw08fc5bkqqyj6cawwfxs1339bs15hj0-perl5.32.0-Devel-StackTrace-2.04/lib/perl5/site_perl/5.32.0 /nix/store/vw08fc5bkqqyj6cawwfxs1339bs15hj0-perl5.32.0-Devel-StackTrace-2.04/lib/perl5/site_perl /nix/store/kcg47si93cbfzkz3c7h6xm911ds5a5gx-perl5.32.0-Log-Any-1.708/lib/perl5/site_perl/5.32.0/x86_64-linux-thread-multi /nix/store/kcg47si93cbfzkz3c7h6xm911ds5a5gx-perl5.32.0-Log-Any-1.708/lib/perl5/site_perl/5.32.0 /nix/store/kcg47si93cbfzkz3c7h6xm911ds5a5gx-perl5.32.0-Log-Any-1.708/lib/perl5/site_perl /nix/store/cfbkbd5vnhic6xp7wgj3ran19jkmxksb-perl5.32.0-HTTP-Server-Simple-0.52/lib/perl5/site_perl/5.32.0/x86_64-linux-thread-multi /nix/store/cfbkbd5vnhic6xp7wgj3ran19jkmxksb-perl5.32.0-HTTP-Server-Simple-0.52/lib/perl5/site_perl/5.32.0 /nix/store/cfbkbd5vnhic6xp7wgj3ran19jkmxksb-perl5.32.0-HTTP-Server-Simple-0.52/lib/perl5/site_perl /nix/store/g3bp7vk9mmzyvhb7i2qmgx1n1xjrnkpr-perl5.32.0-Hook-LexWrap-0.26/lib/perl5/site_perl/5.32.0/x86_64-linux-thread-multi /nix/store/g3bp7vk9mmzyvhb7i2qmgx1n1xjrnkpr-perl5.32.0-Hook-LexWrap-0.26/lib/perl5/site_perl/5.32.0 /nix/store/g3bp7vk9mmzyvhb7i2qmgx1n1xjrnkpr-perl5.32.0-Hook-LexWrap-0.26/lib/perl5/site_perl /nix/store/7c044di03qa7qgr5kjjc2d787aspzp0m-perl-5.32.0/lib/perl5/site_perl/5.32.0/x86_64-linux-thread-multi /nix/store/7c044di03qa7qgr5kjjc2d787aspzp0m-perl-5.32.0/lib/perl5/site_perl/5.32.0 /nix/store/7c044di03qa7qgr5kjjc2d787aspzp0m-perl-5.32.0/lib/perl5/site_perl /nix/store/nb8blhvnc8nyn4cg1ia69dq1qxrnsr75-perl5.32.0-HTML-Mason-1.59/lib/perl5/site_perl/5.32.0/x86_64-linux-thread-multi /nix/store/nb8blhvnc8nyn4cg1ia69dq1qxrnsr75-perl5.32.0-HTML-Mason-1.59/lib/perl5/site_perl/5.32.0 /nix/store/nb8blhvnc8nyn4cg1ia69dq1qxrnsr75-perl5.32.0-HTML-Mason-1.59/lib/perl5/site_perl /nix/store/1cj18z5hqvsylknf0mnlvjs8x6chqz79-perl5.32.0-CGI-4.49/lib/perl5/site_perl/5.32.0/x86_64-linux-thread-multi /nix/store/1cj18z5hqvsylknf0mnlvjs8x6chqz79-perl5.32.0-CGI-4.49/lib/perl5/site_perl/5.32.0 /nix/store/1cj18z5hqvsylknf0mnlvjs8x6chqz79-perl5.32.0-CGI-4.49/lib/perl5/site_perl /nix/store/xfjj9s0rwkchc69qrpicj59a9vvg1vx9-perl5.32.0-HTML-Parser-3.72/lib/perl5/site_perl/5.32.0/x86_64-linux-thread-multi /nix/store/xfjj9s0rwkchc69qrpicj59a9vvg1vx9-perl5.32.0-HTML-Parser-3.72/lib/perl5/site_perl/5.32.0 /nix/store/xfjj9s0rwkchc69qrpicj59a9vvg1vx9-perl5.32.0-HTML-Parser-3.72/lib/perl5/site_perl /nix/store/08ajrvbxl8iqbb0szrgcvg1msc5nm10l-perl5.32.0-HTML-Tagset-3.20/lib/perl5/site_perl/5.32.0/x86_64-linux-thread-multi /nix/store/08ajrvbxl8iqbb0szrgcvg1msc5nm10l-perl5.32.0-HTML-Tagset-3.20/lib/perl5/site_perl/5.32.0 /nix/store/08ajrvbxl8iqbb0szrgcvg1msc5nm10l-perl5.32.0-HTML-Tagset-3.20/lib/perl5/site_perl /nix/store/df7f4vg9aajiqgc8301dsvvn7s542hij-perl5.32.0-Cache-Cache-1.08/lib/perl5/site_perl/5.32.0/x86_64-linux-thread-multi /nix/store/df7f4vg9aajiqgc8301dsvvn7s542hij-perl5.32.0-Cache-Cache-1.08/lib/perl5/site_perl/5.32.0 /nix/store/df7f4vg9aajiqgc8301dsvvn7s542hij-perl5.32.0-Cache-Cache-1.08/lib/perl5/site_perl /nix/store/2h23q1lkawcfvg49kfn16acbqi39nqb6-perl5.32.0-Digest-SHA1-2.13/lib/perl5/site_perl/5.32.0/x86_64-linux-thread-multi /nix/store/2h23q1lkawcfvg49kfn16acbqi39nqb6-perl5.32.0-Digest-SHA1-2.13/lib/perl5/site_perl/5.32.0 /nix/store/2h23q1lkawcfvg49kfn16acbqi39nqb6-perl5.32.0-Digest-SHA1-2.13/lib/perl5/site_perl /nix/store/hgrz91y4q4gy0z8d1kkw6pv9dyjlibza-perl5.32.0-Error-0.17029/lib/perl5/site_perl/5.32.0/x86_64-linux-thread-multi /nix/store/hgrz91y4q4gy0z8d1kkw6pv9dyjlibza-perl5.32.0-Error-0.17029/lib/perl5/site_perl/5.32.0 /nix/store/hgrz91y4q4gy0z8d1kkw6pv9dyjlibza-perl5.32.0-Error-0.17029/lib/perl5/site_perl /nix/store/zx5skjm2jw39hrrib9q3w10zqailx0lc-perl5.32.0-IPC-ShareLite-0.17/lib/perl5/site_perl/5.32.0/x86_64-linux-thread-multi /nix/store/zx5skjm2jw39hrrib9q3w10zqailx0lc-perl5.32.0-IPC-ShareLite-0.17/lib/perl5/site_perl/5.32.0 /nix/store/zx5skjm2jw39hrrib9q3w10zqailx0lc-perl5.32.0-IPC-ShareLite-0.17/lib/perl5/site_perl /nix/store/wz0jp6fywd6sc1g8xydy0cbb77bbfg4f-perl5.32.0-Class-Container-0.13/lib/perl5/site_perl/5.32.0/x86_64-linux-thread-multi /nix/store/wz0jp6fywd6sc1g8xydy0cbb77bbfg4f-perl5.32.0-Class-Container-0.13/lib/perl5/site_perl/5.32.0 /nix/store/wz0jp6fywd6sc1g8xydy0cbb77bbfg4f-perl5.32.0-Class-Container-0.13/lib/perl5/site_perl /nix/store/rhnywcr3vdds3yrn1mh3gz5972mrr58h-perl5.32.0-Params-Validate-1.29/lib/perl5/site_perl/5.32.0/x86_64-linux-thread-multi /nix/store/rhnywcr3vdds3yrn1mh3gz5972mrr58h-perl5.32.0-Params-Validate-1.29/lib/perl5/site_perl/5.32.0 /nix/store/rhnywcr3vdds3yrn1mh3gz5972mrr58h-perl5.32.0-Params-Validate-1.29/lib/perl5/site_perl /nix/store/4p5i7190agrf7xpplfxmgi4r3f8idww9-perl5.32.0-Module-Implementation-0.09/lib/perl5/site_perl/5.32.0/x86_64-linux-thread-multi /nix/store/4p5i7190agrf7xpplfxmgi4r3f8idww9-perl5.32.0-Module-Implementation-0.09/lib/perl5/site_perl/5.32.0 /nix/store/4p5i7190agrf7xpplfxmgi4r3f8idww9-perl5.32.0-Module-Implementation-0.09/lib/perl5/site_perl /nix/store/kzlry0bxj3z9f54h0537fsnz444lzscr-perl5.32.0-Module-Runtime-0.016/lib/perl5/site_perl/5.32.0/x86_64-linux-thread-multi /nix/store/kzlry0bxj3z9f54h0537fsnz444lzscr-perl5.32.0-Module-Runtime-0.016/lib/perl5/site_perl/5.32.0 /nix/store/kzlry0bxj3z9f54h0537fsnz444lzscr-perl5.32.0-Module-Runtime-0.016/lib/perl5/site_perl /nix/store/g3f5ak08lfvggp9vjcvrjfyrrsvqnw4s-perl5.32.0-Try-Tiny-0.30/lib/perl5/site_perl/5.32.0/x86_64-linux-thread-multi /nix/store/g3f5ak08lfvggp9vjcvrjfyrrsvqnw4s-perl5.32.0-Try-Tiny-0.30/lib/perl5/site_perl/5.32.0 /nix/store/g3f5ak08lfvggp9vjcvrjfyrrsvqnw4s-perl5.32.0-Try-Tiny-0.30/lib/perl5/site_perl /nix/store/bcsxiakjj2ymwnzmm9wrgj0xll1m6hw3-perl5.32.0-Exception-Class-1.44/lib/perl5/site_perl/5.32.0/x86_64-linux-thread-multi /nix/store/bcsxiakjj2ymwnzmm9wrgj0xll1m6hw3-perl5.32.0-Exception-Class-1.44/lib/perl5/site_perl/5.32.0 /nix/store/bcsxiakjj2ymwnzmm9wrgj0xll1m6hw3-perl5.32.0-Exception-Class-1.44/lib/perl5/site_perl /nix/store/37ypsxsd5acnhb55214fk3619h3hnxws-perl5.32.0-Class-Data-Inheritable-0.08/lib/perl5/site_perl/5.32.0/x86_64-linux-thread-multi /nix/store/37ypsxsd5acnhb55214fk3619h3hnxws-perl5.32.0-Class-Data-Inheritable-0.08/lib/perl5/site_perl/5.32.0 /nix/store/37ypsxsd5acnhb55214fk3619h3hnxws-perl5.32.0-Class-Data-Inheritable-0.08/lib/perl5/site_perl /nix/store/vw08fc5bkqqyj6cawwfxs1339bs15hj0-perl5.32.0-Devel-StackTrace-2.04/lib/perl5/site_perl/5.32.0/x86_64-linux-thread-multi /nix/store/vw08fc5bkqqyj6cawwfxs1339bs15hj0-perl5.32.0-Devel-StackTrace-2.04/lib/perl5/site_perl/5.32.0 /nix/store/vw08fc5bkqqyj6cawwfxs1339bs15hj0-perl5.32.0-Devel-StackTrace-2.04/lib/perl5/site_perl /nix/store/kcg47si93cbfzkz3c7h6xm911ds5a5gx-perl5.32.0-Log-Any-1.708/lib/perl5/site_perl/5.32.0/x86_64-linux-thread-multi /nix/store/kcg47si93cbfzkz3c7h6xm911ds5a5gx-perl5.32.0-Log-Any-1.708/lib/perl5/site_perl/5.32.0 /nix/store/kcg47si93cbfzkz3c7h6xm911ds5a5gx-perl5.32.0-Log-Any-1.708/lib/perl5/site_perl /nix/store/cfbkbd5vnhic6xp7wgj3ran19jkmxksb-perl5.32.0-HTTP-Server-Simple-0.52/lib/perl5/site_perl/5.32.0/x86_64-linux-thread-multi /nix/store/cfbkbd5vnhic6xp7wgj3ran19jkmxksb-perl5.32.0-HTTP-Server-Simple-0.52/lib/perl5/site_perl/5.32.0 /nix/store/cfbkbd5vnhic6xp7wgj3ran19jkmxksb-perl5.32.0-HTTP-Server-Simple-0.52/lib/perl5/site_perl /nix/store/g3bp7vk9mmzyvhb7i2qmgx1n1xjrnkpr-perl5.32.0-Hook-LexWrap-0.26/lib/perl5/site_perl/5.32.0/x86_64-linux-thread-multi /nix/store/g3bp7vk9mmzyvhb7i2qmgx1n1xjrnkpr-perl5.32.0-Hook-LexWrap-0.26/lib/perl5/site_perl/5.32.0 /nix/store/g3bp7vk9mmzyvhb7i2qmgx1n1xjrnkpr-perl5.32.0-Hook-LexWrap-0.26/lib/perl5/site_perl /nix/store/7c044di03qa7qgr5kjjc2d787aspzp0m-perl-5.32.0/lib/perl5/site_perl/5.32.0/x86_64-linux-thread-multi /nix/store/7c044di03qa7qgr5kjjc2d787aspzp0m-perl-5.32.0/lib/perl5/site_perl/5.32.0 /nix/store/7c044di03qa7qgr5kjjc2d787aspzp0m-perl-5.32.0/lib/perl5/site_perl /nix/store/nb8blhvnc8nyn4cg1ia69dq1qxrnsr75-perl5.32.0-HTML-Mason-1.59/lib/perl5/site_perl/5.32.0/x86_64-linux-thread-multi /nix/store/nb8blhvnc8nyn4cg1ia69dq1qxrnsr75-perl5.32.0-HTML-Mason-1.59/lib/perl5/site_perl/5.32.0 /nix/store/nb8blhvnc8nyn4cg1ia69dq1qxrnsr75-perl5.32.0-HTML-Mason-1.59/lib/perl5/site_perl /nix/store/1cj18z5hqvsylknf0mnlvjs8x6chqz79-perl5.32.0-CGI-4.49/lib/perl5/site_perl/5.32.0/x86_64-linux-thread-multi /nix/store/1cj18z5hqvsylknf0mnlvjs8x6chqz79-perl5.32.0-CGI-4.49/lib/perl5/site_perl/5.32.0 /nix/store/1cj18z5hqvsylknf0mnlvjs8x6chqz79-perl5.32.0-CGI-4.49/lib/perl5/site_perl /nix/store/xfjj9s0rwkchc69qrpicj59a9vvg1vx9-perl5.32.0-HTML-Parser-3.72/lib/perl5/site_perl/5.32.0/x86_64-linux-thread-multi /nix/store/xfjj9s0rwkchc69qrpicj59a9vvg1vx9-perl5.32.0-HTML-Parser-3.72/lib/perl5/site_perl/5.32.0 /nix/store/xfjj9s0rwkchc69qrpicj59a9vvg1vx9-perl5.32.0-HTML-Parser-3.72/lib/perl5/site_perl /nix/store/08ajrvbxl8iqbb0szrgcvg1msc5nm10l-perl5.32.0-HTML-Tagset-3.20/lib/perl5/site_perl/5.32.0/x86_64-linux-thread-multi /nix/store/08ajrvbxl8iqbb0szrgcvg1msc5nm10l-perl5.32.0-HTML-Tagset-3.20/lib/perl5/site_perl/5.32.0 /nix/store/08ajrvbxl8iqbb0szrgcvg1msc5nm10l-perl5.32.0-HTML-Tagset-3.20/lib/perl5/site_perl /nix/store/df7f4vg9aajiqgc8301dsvvn7s542hij-perl5.32.0-Cache-Cache-1.08/lib/perl5/site_perl/5.32.0/x86_64-linux-thread-multi /nix/store/df7f4vg9aajiqgc8301dsvvn7s542hij-perl5.32.0-Cache-Cache-1.08/lib/perl5/site_perl/5.32.0 /nix/store/df7f4vg9aajiqgc8301dsvvn7s542hij-perl5.32.0-Cache-Cache-1.08/lib/perl5/site_perl /nix/store/2h23q1lkawcfvg49kfn16acbqi39nqb6-perl5.32.0-Digest-SHA1-2.13/lib/perl5/site_perl/5.32.0/x86_64-linux-thread-multi /nix/store/2h23q1lkawcfvg49kfn16acbqi39nqb6-perl5.32.0-Digest-SHA1-2.13/lib/perl5/site_perl/5.32.0 /nix/store/2h23q1lkawcfvg49kfn16acbqi39nqb6-perl5.32.0-Digest-SHA1-2.13/lib/perl5/site_perl /nix/store/hgrz91y4q4gy0z8d1kkw6pv9dyjlibza-perl5.32.0-Error-0.17029/lib/perl5/site_perl/5.32.0/x86_64-linux-thread-multi /nix/store/hgrz91y4q4gy0z8d1kkw6pv9dyjlibza-perl5.32.0-Error-0.17029/lib/perl5/site_perl/5.32.0 /nix/store/hgrz91y4q4gy0z8d1kkw6pv9dyjlibza-perl5.32.0-Error-0.17029/lib/perl5/site_perl /nix/store/zx5skjm2jw39hrrib9q3w10zqailx0lc-perl5.32.0-IPC-ShareLite-0.17/lib/perl5/site_perl/5.32.0/x86_64-linux-thread-multi /nix/store/zx5skjm2jw39hrrib9q3w10zqailx0lc-perl5.32.0-IPC-ShareLite-0.17/lib/perl5/site_perl/5.32.0 /nix/store/zx5skjm2jw39hrrib9q3w10zqailx0lc-perl5.32.0-IPC-ShareLite-0.17/lib/perl5/site_perl /nix/store/wz0jp6fywd6sc1g8xydy0cbb77bbfg4f-perl5.32.0-Class-Container-0.13/lib/perl5/site_perl/5.32.0/x86_64-linux-thread-multi /nix/store/wz0jp6fywd6sc1g8xydy0cbb77bbfg4f-perl5.32.0-Class-Container-0.13/lib/perl5/site_perl/5.32.0 /nix/store/wz0jp6fywd6sc1g8xydy0cbb77bbfg4f-perl5.32.0-Class-Container-0.13/lib/perl5/site_perl /nix/store/rhnywcr3vdds3yrn1mh3gz5972mrr58h-perl5.32.0-Params-Validate-1.29/lib/perl5/site_perl/5.32.0/x86_64-linux-thread-multi /nix/store/rhnywcr3vdds3yrn1mh3gz5972mrr58h-perl5.32.0-Params-Validate-1.29/lib/perl5/site_perl/5.32.0 /nix/store/rhnywcr3vdds3yrn1mh3gz5972mrr58h-perl5.32.0-Params-Validate-1.29/lib/perl5/site_perl /nix/store/4p5i7190agrf7xpplfxmgi4r3f8idww9-perl5.32.0-Module-Implementation-0.09/lib/perl5/site_perl/5.32.0/x86_64-linux-thread-multi /nix/store/4p5i7190agrf7xpplfxmgi4r3f8idww9-perl5.32.0-Module-Implementation-0.09/lib/perl5/site_perl/5.32.0 /nix/store/4p5i7190agrf7xpplfxmgi4r3f8idww9-perl5.32.0-Module-Implementation-0.09/lib/perl5/site_perl /nix/store/kzlry0bxj3z9f54h0537fsnz444lzscr-perl5.32.0-Module-Runtime-0.016/lib/perl5/site_perl/5.32.0/x86_64-linux-thread-multi /nix/store/kzlry0bxj3z9f54h0537fsnz444lzscr-perl5.32.0-Module-Runtime-0.016/lib/perl5/site_perl/5.32.0 /nix/store/kzlry0bxj3z9f54h0537fsnz444lzscr-perl5.32.0-Module-Runtime-0.016/lib/perl5/site_perl /nix/store/g3f5ak08lfvggp9vjcvrjfyrrsvqnw4s-perl5.32.0-Try-Tiny-0.30/lib/perl5/site_perl/5.32.0/x86_64-linux-thread-multi /nix/store/g3f5ak08lfvggp9vjcvrjfyrrsvqnw4s-perl5.32.0-Try-Tiny-0.30/lib/perl5/site_perl/5.32.0 /nix/store/g3f5ak08lfvggp9vjcvrjfyrrsvqnw4s-perl5.32.0-Try-Tiny-0.30/lib/perl5/site_perl /nix/store/bcsxiakjj2ymwnzmm9wrgj0xll1m6hw3-perl5.32.0-Exception-Class-1.44/lib/perl5/site_perl/5.32.0/x86_64-linux-thread-multi /nix/store/bcsxiakjj2ymwnzmm9wrgj0xll1m6hw3-perl5.32.0-Exception-Class-1.44/lib/perl5/site_perl/5.32.0 /nix/store/bcsxiakjj2ymwnzmm9wrgj0xll1m6hw3-perl5.32.0-Exception-Class-1.44/lib/perl5/site_perl /nix/store/37ypsxsd5acnhb55214fk3619h3hnxws-perl5.32.0-Class-Data-Inheritable-0.08/lib/perl5/site_perl/5.32.0/x86_64-linux-thread-multi /nix/store/37ypsxsd5acnhb55214fk3619h3hnxws-perl5.32.0-Class-Data-Inheritable-0.08/lib/perl5/site_perl/5.32.0 /nix/store/37ypsxsd5acnhb55214fk3619h3hnxws-perl5.32.0-Class-Data-Inheritable-0.08/lib/perl5/site_perl /nix/store/vw08fc5bkqqyj6cawwfxs1339bs15hj0-perl5.32.0-Devel-StackTrace-2.04/lib/perl5/site_perl/5.32.0/x86_64-linux-thread-multi /nix/store/vw08fc5bkqqyj6cawwfxs1339bs15hj0-perl5.32.0-Devel-StackTrace-2.04/lib/perl5/site_perl/5.32.0 /nix/store/vw08fc5bkqqyj6cawwfxs1339bs15hj0-perl5.32.0-Devel-StackTrace-2.04/lib/perl5/site_perl /nix/store/kcg47si93cbfzkz3c7h6xm911ds5a5gx-perl5.32.0-Log-Any-1.708/lib/perl5/site_perl/5.32.0/x86_64-linux-thread-multi /nix/store/kcg47si93cbfzkz3c7h6xm911ds5a5gx-perl5.32.0-Log-Any-1.708/lib/perl5/site_perl/5.32.0 /nix/store/kcg47si93cbfzkz3c7h6xm911ds5a5gx-perl5.32.0-Log-Any-1.708/lib/perl5/site_perl /nix/store/cfbkbd5vnhic6xp7wgj3ran19jkmxksb-perl5.32.0-HTTP-Server-Simple-0.52/lib/perl5/site_perl/5.32.0/x86_64-linux-thread-multi /nix/store/cfbkbd5vnhic6xp7wgj3ran19jkmxksb-perl5.32.0-HTTP-Server-Simple-0.52/lib/perl5/site_perl/5.32.0 /nix/store/cfbkbd5vnhic6xp7wgj3ran19jkmxksb-perl5.32.0-HTTP-Server-Simple-0.52/lib/perl5/site_perl /nix/store/g3bp7vk9mmzyvhb7i2qmgx1n1xjrnkpr-perl5.32.0-Hook-LexWrap-0.26/lib/perl5/site_perl/5.32.0/x86_64-linux-thread-multi /nix/store/g3bp7vk9mmzyvhb7i2qmgx1n1xjrnkpr-perl5.32.0-Hook-LexWrap-0.26/lib/perl5/site_perl/5.32.0 /nix/store/g3bp7vk9mmzyvhb7i2qmgx1n1xjrnkpr-perl5.32.0-Hook-LexWrap-0.26/lib/perl5/site_perl /nix/store/7c044di03qa7qgr5kjjc2d787aspzp0m-perl-5.32.0/lib/perl5/site_perl/5.32.0/x86_64-linux-thread-multi /nix/store/7c044di03qa7qgr5kjjc2d787aspzp0m-perl-5.32.0/lib/perl5/site_perl/5.32.0 /nix/store/7c044di03qa7qgr5kjjc2d787aspzp0m-perl-5.32.0/lib/perl5/site_perl /nix/store/nb8blhvnc8nyn4cg1ia69dq1qxrnsr75-perl5.32.0-HTML-Mason-1.59/lib/perl5/site_perl/5.32.0/x86_64-linux-thread-multi /nix/store/nb8blhvnc8nyn4cg1ia69dq1qxrnsr75-perl5.32.0-HTML-Mason-1.59/lib/perl5/site_perl/5.32.0 /nix/store/nb8blhvnc8nyn4cg1ia69dq1qxrnsr75-perl5.32.0-HTML-Mason-1.59/lib/perl5/site_perl /nix/store/1cj18z5hqvsylknf0mnlvjs8x6chqz79-perl5.32.0-CGI-4.49/lib/perl5/site_perl/5.32.0/x86_64-linux-thread-multi /nix/store/1cj18z5hqvsylknf0mnlvjs8x6chqz79-perl5.32.0-CGI-4.49/lib/perl5/site_perl/5.32.0 /nix/store/1cj18z5hqvsylknf0mnlvjs8x6chqz79-perl5.32.0-CGI-4.49/lib/perl5/site_perl /nix/store/xfjj9s0rwkchc69qrpicj59a9vvg1vx9-perl5.32.0-HTML-Parser-3.72/lib/perl5/site_perl/5.32.0/x86_64-linux-thread-multi /nix/store/xfjj9s0rwkchc69qrpicj59a9vvg1vx9-perl5.32.0-HTML-Parser-3.72/lib/perl5/site_perl/5.32.0 /nix/store/xfjj9s0rwkchc69qrpicj59a9vvg1vx9-perl5.32.0-HTML-Parser-3.72/lib/perl5/site_perl /nix/store/08ajrvbxl8iqbb0szrgcvg1msc5nm10l-perl5.32.0-HTML-Tagset-3.20/lib/perl5/site_perl/5.32.0/x86_64-linux-thread-multi /nix/store/08ajrvbxl8iqbb0szrgcvg1msc5nm10l-perl5.32.0-HTML-Tagset-3.20/lib/perl5/site_perl/5.32.0 /nix/store/08ajrvbxl8iqbb0szrgcvg1msc5nm10l-perl5.32.0-HTML-Tagset-3.20/lib/perl5/site_perl /nix/store/df7f4vg9aajiqgc8301dsvvn7s542hij-perl5.32.0-Cache-Cache-1.08/lib/perl5/site_perl/5.32.0/x86_64-linux-thread-multi /nix/store/df7f4vg9aajiqgc8301dsvvn7s542hij-perl5.32.0-Cache-Cache-1.08/lib/perl5/site_perl/5.32.0 /nix/store/df7f4vg9aajiqgc8301dsvvn7s542hij-perl5.32.0-Cache-Cache-1.08/lib/perl5/site_perl /nix/store/2h23q1lkawcfvg49kfn16acbqi39nqb6-perl5.32.0-Digest-SHA1-2.13/lib/perl5/site_perl/5.32.0/x86_64-linux-thread-multi /nix/store/2h23q1lkawcfvg49kfn16acbqi39nqb6-perl5.32.0-Digest-SHA1-2.13/lib/perl5/site_perl/5.32.0 /nix/store/2h23q1lkawcfvg49kfn16acbqi39nqb6-perl5.32.0-Digest-SHA1-2.13/lib/perl5/site_perl /nix/store/hgrz91y4q4gy0z8d1kkw6pv9dyjlibza-perl5.32.0-Error-0.17029/lib/perl5/site_perl/5.32.0/x86_64-linux-thread-multi /nix/store/hgrz91y4q4gy0z8d1kkw6pv9dyjlibza-perl5.32.0-Error-0.17029/lib/perl5/site_perl/5.32.0 /nix/store/hgrz91y4q4gy0z8d1kkw6pv9dyjlibza-perl5.32.0-Error-0.17029/lib/perl5/site_perl /nix/store/zx5skjm2jw39hrrib9q3w10zqailx0lc-perl5.32.0-IPC-ShareLite-0.17/lib/perl5/site_perl/5.32.0/x86_64-linux-thread-multi /nix/store/zx5skjm2jw39hrrib9q3w10zqailx0lc-perl5.32.0-IPC-ShareLite-0.17/lib/perl5/site_perl/5.32.0 /nix/store/zx5skjm2jw39hrrib9q3w10zqailx0lc-perl5.32.0-IPC-ShareLite-0.17/lib/perl5/site_perl /nix/store/wz0jp6fywd6sc1g8xydy0cbb77bbfg4f-perl5.32.0-Class-Container-0.13/lib/perl5/site_perl/5.32.0/x86_64-linux-thread-multi /nix/store/wz0jp6fywd6sc1g8xydy0cbb77bbfg4f-perl5.32.0-Class-Container-0.13/lib/perl5/site_perl/5.32.0 /nix/store/wz0jp6fywd6sc1g8xydy0cbb77bbfg4f-perl5.32.0-Class-Container-0.13/lib/perl5/site_perl /nix/store/rhnywcr3vdds3yrn1mh3gz5972mrr58h-perl5.32.0-Params-Validate-1.29/lib/perl5/site_perl/5.32.0/x86_64-linux-thread-multi /nix/store/rhnywcr3vdds3yrn1mh3gz5972mrr58h-perl5.32.0-Params-Validate-1.29/lib/perl5/site_perl/5.32.0 /nix/store/rhnywcr3vdds3yrn1mh3gz5972mrr58h-perl5.32.0-Params-Validate-1.29/lib/perl5/site_perl /nix/store/4p5i7190agrf7xpplfxmgi4r3f8idww9-perl5.32.0-Module-Implementation-0.09/lib/perl5/site_perl/5.32.0/x86_64-linux-thread-multi /nix/store/4p5i7190agrf7xpplfxmgi4r3f8idww9-perl5.32.0-Module-Implementation-0.09/lib/perl5/site_perl/5.32.0 /nix/store/4p5i7190agrf7xpplfxmgi4r3f8idww9-perl5.32.0-Module-Implementation-0.09/lib/perl5/site_perl /nix/store/kzlry0bxj3z9f54h0537fsnz444lzscr-perl5.32.0-Module-Runtime-0.016/lib/perl5/site_perl/5.32.0/x86_64-linux-thread-multi /nix/store/kzlry0bxj3z9f54h0537fsnz444lzscr-perl5.32.0-Module-Runtime-0.016/lib/perl5/site_perl/5.32.0 /nix/store/kzlry0bxj3z9f54h0537fsnz444lzscr-perl5.32.0-Module-Runtime-0.016/lib/perl5/site_perl /nix/store/g3f5ak08lfvggp9vjcvrjfyrrsvqnw4s-perl5.32.0-Try-Tiny-0.30/lib/perl5/site_perl/5.32.0/x86_64-linux-thread-multi /nix/store/g3f5ak08lfvggp9vjcvrjfyrrsvqnw4s-perl5.32.0-Try-Tiny-0.30/lib/perl5/site_perl/5.32.0 /nix/store/g3f5ak08lfvggp9vjcvrjfyrrsvqnw4s-perl5.32.0-Try-Tiny-0.30/lib/perl5/site_perl /nix/store/bcsxiakjj2ymwnzmm9wrgj0xll1m6hw3-perl5.32.0-Exception-Class-1.44/lib/perl5/site_perl/5.32.0/x86_64-linux-thread-multi /nix/store/bcsxiakjj2ymwnzmm9wrgj0xll1m6hw3-perl5.32.0-Exception-Class-1.44/lib/perl5/site_perl/5.32.0 /nix/store/bcsxiakjj2ymwnzmm9wrgj0xll1m6hw3-perl5.32.0-Exception-Class-1.44/lib/perl5/site_perl /nix/store/37ypsxsd5acnhb55214fk3619h3hnxws-perl5.32.0-Class-Data-Inheritable-0.08/lib/perl5/site_perl/5.32.0/x86_64-linux-thread-multi /nix/store/37ypsxsd5acnhb55214fk3619h3hnxws-perl5.32.0-Class-Data-Inheritable-0.08/lib/perl5/site_perl/5.32.0 /nix/store/37ypsxsd5acnhb55214fk3619h3hnxws-perl5.32.0-Class-Data-Inheritable-0.08/lib/perl5/site_perl /nix/store/vw08fc5bkqqyj6cawwfxs1339bs15hj0-perl5.32.0-Devel-StackTrace-2.04/lib/perl5/site_perl/5.32.0/x86_64-linux-thread-multi /nix/store/vw08fc5bkqqyj6cawwfxs1339bs15hj0-perl5.32.0-Devel-StackTrace-2.04/lib/perl5/site_perl/5.32.0 /nix/store/vw08fc5bkqqyj6cawwfxs1339bs15hj0-perl5.32.0-Devel-StackTrace-2.04/lib/perl5/site_perl /nix/store/kcg47si93cbfzkz3c7h6xm911ds5a5gx-perl5.32.0-Log-Any-1.708/lib/perl5/site_perl/5.32.0/x86_64-linux-thread-multi /nix/store/kcg47si93cbfzkz3c7h6xm911ds5a5gx-perl5.32.0-Log-Any-1.708/lib/perl5/site_perl/5.32.0 /nix/store/kcg47si93cbfzkz3c7h6xm911ds5a5gx-perl5.32.0-Log-Any-1.708/lib/perl5/site_perl /nix/store/cfbkbd5vnhic6xp7wgj3ran19jkmxksb-perl5.32.0-HTTP-Server-Simple-0.52/lib/perl5/site_perl/5.32.0/x86_64-linux-thread-multi /nix/store/cfbkbd5vnhic6xp7wgj3ran19jkmxksb-perl5.32.0-HTTP-Server-Simple-0.52/lib/perl5/site_perl/5.32.0 /nix/store/cfbkbd5vnhic6xp7wgj3ran19jkmxksb-perl5.32.0-HTTP-Server-Simple-0.52/lib/perl5/site_perl /nix/store/g3bp7vk9mmzyvhb7i2qmgx1n1xjrnkpr-perl5.32.0-Hook-LexWrap-0.26/lib/perl5/site_perl/5.32.0/x86_64-linux-thread-multi /nix/store/g3bp7vk9mmzyvhb7i2qmgx1n1xjrnkpr-perl5.32.0-Hook-LexWrap-0.26/lib/perl5/site_perl/5.32.0 /nix/store/g3bp7vk9mmzyvhb7i2qmgx1n1xjrnkpr-perl5.32.0-Hook-LexWrap-0.26/lib/perl5/site_perl /nix/store/7c044di03qa7qgr5kjjc2d787aspzp0m-perl-5.32.0/lib/perl5/site_perl/5.32.0/x86_64-linux-thread-multi /nix/store/7c044di03qa7qgr5kjjc2d787aspzp0m-perl-5.32.0/lib/perl5/site_perl/5.32.0 /nix/store/7c044di03qa7qgr5kjjc2d787aspzp0m-perl-5.32.0/lib/perl5/site_perl /nix/store/nb8blhvnc8nyn4cg1ia69dq1qxrnsr75-perl5.32.0-HTML-Mason-1.59/lib/perl5/site_perl/5.32.0/x86_64-linux-thread-multi /nix/store/nb8blhvnc8nyn4cg1ia69dq1qxrnsr75-perl5.32.0-HTML-Mason-1.59/lib/perl5/site_perl/5.32.0 /nix/store/nb8blhvnc8nyn4cg1ia69dq1qxrnsr75-perl5.32.0-HTML-Mason-1.59/lib/perl5/site_perl /nix/store/1cj18z5hqvsylknf0mnlvjs8x6chqz79-perl5.32.0-CGI-4.49/lib/perl5/site_perl/5.32.0/x86_64-linux-thread-multi /nix/store/1cj18z5hqvsylknf0mnlvjs8x6chqz79-perl5.32.0-CGI-4.49/lib/perl5/site_perl/5.32.0 /nix/store/1cj18z5hqvsylknf0mnlvjs8x6chqz79-perl5.32.0-CGI-4.49/lib/perl5/site_perl /nix/store/xfjj9s0rwkchc69qrpicj59a9vvg1vx9-perl5.32.0-HTML-Parser-3.72/lib/perl5/site_perl/5.32.0/x86_64-linux-thread-multi /nix/store/xfjj9s0rwkchc69qrpicj59a9vvg1vx9-perl5.32.0-HTML-Parser-3.72/lib/perl5/site_perl/5.32.0 /nix/store/xfjj9s0rwkchc69qrpicj59a9vvg1vx9-perl5.32.0-HTML-Parser-3.72/lib/perl5/site_perl /nix/store/08ajrvbxl8iqbb0szrgcvg1msc5nm10l-perl5.32.0-HTML-Tagset-3.20/lib/perl5/site_perl/5.32.0/x86_64-linux-thread-multi /nix/store/08ajrvbxl8iqbb0szrgcvg1msc5nm10l-perl5.32.0-HTML-Tagset-3.20/lib/perl5/site_perl/5.32.0 /nix/store/08ajrvbxl8iqbb0szrgcvg1msc5nm10l-perl5.32.0-HTML-Tagset-3.20/lib/perl5/site_perl /nix/store/df7f4vg9aajiqgc8301dsvvn7s542hij-perl5.32.0-Cache-Cache-1.08/lib/perl5/site_perl/5.32.0/x86_64-linux-thread-multi /nix/store/df7f4vg9aajiqgc8301dsvvn7s542hij-perl5.32.0-Cache-Cache-1.08/lib/perl5/site_perl/5.32.0 /nix/store/df7f4vg9aajiqgc8301dsvvn7s542hij-perl5.32.0-Cache-Cache-1.08/lib/perl5/site_perl /nix/store/2h23q1lkawcfvg49kfn16acbqi39nqb6-perl5.32.0-Digest-SHA1-2.13/lib/perl5/site_perl/5.32.0/x86_64-linux-thread-multi /nix/store/2h23q1lkawcfvg49kfn16acbqi39nqb6-perl5.32.0-Digest-SHA1-2.13/lib/perl5/site_perl/5.32.0 /nix/store/2h23q1lkawcfvg49kfn16acbqi39nqb6-perl5.32.0-Digest-SHA1-2.13/lib/perl5/site_perl /nix/store/hgrz91y4q4gy0z8d1kkw6pv9dyjlibza-perl5.32.0-Error-0.17029/lib/perl5/site_perl/5.32.0/x86_64-linux-thread-multi /nix/store/hgrz91y4q4gy0z8d1kkw6pv9dyjlibza-perl5.32.0-Error-0.17029/lib/perl5/site_perl/5.32.0 /nix/store/hgrz91y4q4gy0z8d1kkw6pv9dyjlibza-perl5.32.0-Error-0.17029/lib/perl5/site_perl /nix/store/zx5skjm2jw39hrrib9q3w10zqailx0lc-perl5.32.0-IPC-ShareLite-0.17/lib/perl5/site_perl/5.32.0/x86_64-linux-thread-multi /nix/store/zx5skjm2jw39hrrib9q3w10zqailx0lc-perl5.32.0-IPC-ShareLite-0.17/lib/perl5/site_perl/5.32.0 /nix/store/zx5skjm2jw39hrrib9q3w10zqailx0lc-perl5.32.0-IPC-ShareLite-0.17/lib/perl5/site_perl /nix/store/wz0jp6fywd6sc1g8xydy0cbb77bbfg4f-perl5.32.0-Class-Container-0.13/lib/perl5/site_perl/5.32.0/x86_64-linux-thread-multi /nix/store/wz0jp6fywd6sc1g8xydy0cbb77bbfg4f-perl5.32.0-Class-Container-0.13/lib/perl5/site_perl/5.32.0 /nix/store/wz0jp6fywd6sc1g8xydy0cbb77bbfg4f-perl5.32.0-Class-Container-0.13/lib/perl5/site_perl /nix/store/rhnywcr3vdds3yrn1mh3gz5972mrr58h-perl5.32.0-Params-Validate-1.29/lib/perl5/site_perl/5.32.0/x86_64-linux-thread-multi /nix/store/rhnywcr3vdds3yrn1mh3gz5972mrr58h-perl5.32.0-Params-Validate-1.29/lib/perl5/site_perl/5.32.0 /nix/store/rhnywcr3vdds3yrn1mh3gz5972mrr58h-perl5.32.0-Params-Validate-1.29/lib/perl5/site_perl /nix/store/4p5i7190agrf7xpplfxmgi4r3f8idww9-perl5.32.0-Module-Implementation-0.09/lib/perl5/site_perl/5.32.0/x86_64-linux-thread-multi /nix/store/4p5i7190agrf7xpplfxmgi4r3f8idww9-perl5.32.0-Module-Implementation-0.09/lib/perl5/site_perl/5.32.0 /nix/store/4p5i7190agrf7xpplfxmgi4r3f8idww9-perl5.32.0-Module-Implementation-0.09/lib/perl5/site_perl /nix/store/kzlry0bxj3z9f54h0537fsnz444lzscr-perl5.32.0-Module-Runtime-0.016/lib/perl5/site_perl/5.32.0/x86_64-linux-thread-multi /nix/store/kzlry0bxj3z9f54h0537fsnz444lzscr-perl5.32.0-Module-Runtime-0.016/lib/perl5/site_perl/5.32.0 /nix/store/kzlry0bxj3z9f54h0537fsnz444lzscr-perl5.32.0-Module-Runtime-0.016/lib/perl5/site_perl /nix/store/g3f5ak08lfvggp9vjcvrjfyrrsvqnw4s-perl5.32.0-Try-Tiny-0.30/lib/perl5/site_perl/5.32.0/x86_64-linux-thread-multi /nix/store/g3f5ak08lfvggp9vjcvrjfyrrsvqnw4s-perl5.32.0-Try-Tiny-0.30/lib/perl5/site_perl/5.32.0 /nix/store/g3f5ak08lfvggp9vjcvrjfyrrsvqnw4s-perl5.32.0-Try-Tiny-0.30/lib/perl5/site_perl /nix/store/bcsxiakjj2ymwnzmm9wrgj0xll1m6hw3-perl5.32.0-Exception-Class-1.44/lib/perl5/site_perl/5.32.0/x86_64-linux-thread-multi /nix/store/bcsxiakjj2ymwnzmm9wrgj0xll1m6hw3-perl5.32.0-Exception-Class-1.44/lib/perl5/site_perl/5.32.0 /nix/store/bcsxiakjj2ymwnzmm9wrgj0xll1m6hw3-perl5.32.0-Exception-Class-1.44/lib/perl5/site_perl /nix/store/37ypsxsd5acnhb55214fk3619h3hnxws-perl5.32.0-Class-Data-Inheritable-0.08/lib/perl5/site_perl/5.32.0/x86_64-linux-thread-multi /nix/store/37ypsxsd5acnhb55214fk3619h3hnxws-perl5.32.0-Class-Data-Inheritable-0.08/lib/perl5/site_perl/5.32.0 /nix/store/37ypsxsd5acnhb55214fk3619h3hnxws-perl5.32.0-Class-Data-Inheritable-0.08/lib/perl5/site_perl /nix/store/vw08fc5bkqqyj6cawwfxs1339bs15hj0-perl5.32.0-Devel-StackTrace-2.04/lib/perl5/site_perl/5.32.0/x86_64-linux-thread-multi /nix/store/vw08fc5bkqqyj6cawwfxs1339bs15hj0-perl5.32.0-Devel-StackTrace-2.04/lib/perl5/site_perl/5.32.0 /nix/store/vw08fc5bkqqyj6cawwfxs1339bs15hj0-perl5.32.0-Devel-StackTrace-2.04/lib/perl5/site_perl /nix/store/kcg47si93cbfzkz3c7h6xm911ds5a5gx-perl5.32.0-Log-Any-1.708/lib/perl5/site_perl/5.32.0/x86_64-linux-thread-multi /nix/store/kcg47si93cbfzkz3c7h6xm911ds5a5gx-perl5.32.0-Log-Any-1.708/lib/perl5/site_perl/5.32.0 /nix/store/kcg47si93cbfzkz3c7h6xm911ds5a5gx-perl5.32.0-Log-Any-1.708/lib/perl5/site_perl /nix/store/cfbkbd5vnhic6xp7wgj3ran19jkmxksb-perl5.32.0-HTTP-Server-Simple-0.52/lib/perl5/site_perl/5.32.0/x86_64-linux-thread-multi /nix/store/cfbkbd5vnhic6xp7wgj3ran19jkmxksb-perl5.32.0-HTTP-Server-Simple-0.52/lib/perl5/site_perl/5.32.0 /nix/store/cfbkbd5vnhic6xp7wgj3ran19jkmxksb-perl5.32.0-HTTP-Server-Simple-0.52/lib/perl5/site_perl /nix/store/g3bp7vk9mmzyvhb7i2qmgx1n1xjrnkpr-perl5.32.0-Hook-LexWrap-0.26/lib/perl5/site_perl/5.32.0/x86_64-linux-thread-multi /nix/store/g3bp7vk9mmzyvhb7i2qmgx1n1xjrnkpr-perl5.32.0-Hook-LexWrap-0.26/lib/perl5/site_perl/5.32.0 /nix/store/g3bp7vk9mmzyvhb7i2qmgx1n1xjrnkpr-perl5.32.0-Hook-LexWrap-0.26/lib/perl5/site_perl /nix/store/wgpfa223v89l9ygnzr4i9kkw54wblk86-perl5.32.0-HTTP-Server-Simple-Mason-0.14/lib/perl5/site_perl /nix/store/7c044di03qa7qgr5kjjc2d787aspzp0m-perl-5.32.0/lib/perl5/site_perl/5.32.0/x86_64-linux-thread-multi /nix/store/7c044di03qa7qgr5kjjc2d787aspzp0m-perl-5.32.0/lib/perl5/site_perl/5.32.0 /nix/store/7c044di03qa7qgr5kjjc2d787aspzp0m-perl-5.32.0/lib/perl5/5.32.0/x86_64-linux-thread-multi /nix/store/7c044di03qa7qgr5kjjc2d787aspzp0m-perl-5.32.0/lib/perl5/5.32.0 .) at t/05handlederrors.t line 4.
All tests successful.
Files=6, Tests=8,  1 wallclock secs ( 0.04 usr  0.02 sys +  0.53 cusr  0.41 csys =  1.00 CPU)
Result: PASS
installing
install flags: SHELL=/nix/store/9fqwwd4iybmhjqyxiaxycknslw6bgwh1-bash-4.4-p23/bin/bash pkgconfigdir=/nix/store/wgpfa223v89l9ygnzr4i9kkw54wblk86-perl5.32.0-HTTP-Server-Simple-Mason-0.14/lib/pkgconfig m4datadir=/nix/store/wgpfa223v89l9ygnzr4i9kkw54wblk86-perl5.32.0-HTTP-Server-Simple-Mason-0.14/share/aclocal aclocaldir=/nix/store/wgpfa223v89l9ygnzr4i9kkw54wblk86-perl5.32.0-HTTP-Server-Simple-Mason-0.14/share/aclocal install
Manifying 1 pod document
Installing /nix/store/wgpfa223v89l9ygnzr4i9kkw54wblk86-perl5.32.0-HTTP-Server-Simple-Mason-0.14/lib/perl5/site_perl/5.32.0/HTTP/Server/Simple/Mason.pm
Installing /nix/store/wgpfa223v89l9ygnzr4i9kkw54wblk86-perl5.32.0-HTTP-Server-Simple-Mason-0.14/share/man/man3/HTTP::Server::Simple::Mason.3
Appending installation info to /nix/store/wgpfa223v89l9ygnzr4i9kkw54wblk86-perl5.32.0-HTTP-Server-Simple-Mason-0.14/lib/perl5/5.32.0/x86_64-linux-thread-multi/perllocal.pod
post-installation fixup
Moving /nix/store/wgpfa223v89l9ygnzr4i9kkw54wblk86-perl5.32.0-HTTP-Server-Simple-Mason-0.14/share/man/man3 to /nix/store/3s12s9xl9pvp8sqn0hfhjjjcwbcjn97j-perl5.32.0-HTTP-Server-Simple-Mason-0.14-devdoc/share/man/man3
Removing empty /nix/store/wgpfa223v89l9ygnzr4i9kkw54wblk86-perl5.32.0-HTTP-Server-Simple-Mason-0.14/share/man/ and (possibly) its parents
shrinking RPATHs of ELF executables and libraries in /nix/store/wgpfa223v89l9ygnzr4i9kkw54wblk86-perl5.32.0-HTTP-Server-Simple-Mason-0.14
strip is /nix/store/psyzbhp4p088sb9qcs378hfbslcalasl-binutils-2.31.1/bin/strip
stripping (with command strip and flags -S) in /nix/store/wgpfa223v89l9ygnzr4i9kkw54wblk86-perl5.32.0-HTTP-Server-Simple-Mason-0.14/lib
patching script interpreter paths in /nix/store/wgpfa223v89l9ygnzr4i9kkw54wblk86-perl5.32.0-HTTP-Server-Simple-Mason-0.14
checking for references to /build/ in /nix/store/wgpfa223v89l9ygnzr4i9kkw54wblk86-perl5.32.0-HTTP-Server-Simple-Mason-0.14...
shrinking RPATHs of ELF executables and libraries in /nix/store/3s12s9xl9pvp8sqn0hfhjjjcwbcjn97j-perl5.32.0-HTTP-Server-Simple-Mason-0.14-devdoc
gzipping man pages under /nix/store/3s12s9xl9pvp8sqn0hfhjjjcwbcjn97j-perl5.32.0-HTTP-Server-Simple-Mason-0.14-devdoc/share/man/
strip is /nix/store/psyzbhp4p088sb9qcs378hfbslcalasl-binutils-2.31.1/bin/strip
patching script interpreter paths in /nix/store/3s12s9xl9pvp8sqn0hfhjjjcwbcjn97j-perl5.32.0-HTTP-Server-Simple-Mason-0.14-devdoc
checking for references to /build/ in /nix/store/3s12s9xl9pvp8sqn0hfhjjjcwbcjn97j-perl5.32.0-HTTP-Server-Simple-Mason-0.14-devdoc...
/nix/store/wgpfa223v89l9ygnzr4i9kkw54wblk86-perl5.32.0-HTTP-Server-Simple-Mason-0.14
