these derivations will be built:
  /nix/store/q8jw2zjv5dzhc7xfi8rdhhf5ndcr4hpb-perl5.32.0-Image-Info-1.42.drv
building '/nix/store/q8jw2zjv5dzhc7xfi8rdhhf5ndcr4hpb-perl5.32.0-Image-Info-1.42.drv'...
unpacking sources
unpacking source archive /nix/store/i3lvk4lybbf8xdy7d6ym7i5g56gr58jy-Image-Info-1.42.tar.gz
source root is Image-Info-1.42
setting SOURCE_DATE_EPOCH to timestamp 1571467540 of file Image-Info-1.42/SIGNATURE
patching sources
configuring
/nix/store/qf3mzpvsmkrw963xchbivcci06078n13-builder.sh: line 17: warning: command substitution: ignored null byte in input
/nix/store/qf3mzpvsmkrw963xchbivcci06078n13-builder.sh: line 17: warning: command substitution: ignored null byte in input
patching ./dev/build.pl...
patching ./exifdump...
patching ./xt/kwalitee.t...
patching ./xt/synopsis.t...
patching ./xt/rt118099.t...
patching ./xt/strict.t...
patching ./t/xpm.t...
patching ./t/webp.t...
patching ./t/tiff.t...
patching ./t/pod.t...
patching ./t/jpg_hang.t...
patching ./t/string.t...
patching ./t/tiff_e.t...
patching ./t/svg.t...
patching ./t/exif.t...
patching ./t/png.t...
patching ./t/tiny-pgm.t...
patching ./t/tiff_segfault.t...
patching ./t/ico.t...
patching ./t/xbm.t...
patching ./t/bmp.t...
patching ./t/00_basics.t...
patching ./t/pod_cov.t...
patching ./Makefile.PL...
patching ./imgdump...
Checking if your kit is complete...
Looks good
Generating a Unix-style Makefile
Writing Makefile for Image::Info
Writing MYMETA.yml and MYMETA.json
no configure script, doing nothing
building
build flags: SHELL=/nix/store/9fqwwd4iybmhjqyxiaxycknslw6bgwh1-bash-4.4-p23/bin/bash
cp lib/Image/Info/SVG.pm blib/lib/Image/Info/SVG.pm
cp lib/Image/Info/GIF.pm blib/lib/Image/Info/GIF.pm
cp lib/Image/Info/PPM.pm blib/lib/Image/Info/PPM.pm
cp lib/Image/Info/PNG.pm blib/lib/Image/Info/PNG.pm
cp lib/Image/Info/ICO.pm blib/lib/Image/Info/ICO.pm
cp lib/Image/Info.pm blib/lib/Image/Info.pm
cp lib/Bundle/Image/Info/Everything.pm blib/lib/Bundle/Image/Info/Everything.pm
cp lib/Image/Info/JPEG.pm blib/lib/Image/Info/JPEG.pm
cp lib/Bundle/Image/Info/XPM.pm blib/lib/Bundle/Image/Info/XPM.pm
cp lib/Image/TIFF.pm blib/lib/Image/TIFF.pm
cp lib/Image/Info/WBMP.pm blib/lib/Image/Info/WBMP.pm
cp lib/Bundle/Image/Info/PNG.pm blib/lib/Bundle/Image/Info/PNG.pm
cp lib/Image/Info/BMP.pm blib/lib/Image/Info/BMP.pm
cp lib/Bundle/Image/Info/SVG.pm blib/lib/Bundle/Image/Info/SVG.pm
cp lib/Image/Info/TIFF.pm blib/lib/Image/Info/TIFF.pm
cp lib/Image/Info/WEBP.pm blib/lib/Image/Info/WEBP.pm
cp lib/Image/Info/SVG/XMLLibXMLReader.pm blib/lib/Image/Info/SVG/XMLLibXMLReader.pm
cp lib/Image/Info/XPM.pm blib/lib/Image/Info/XPM.pm
cp lib/Bundle/Image/Info/XBM.pm blib/lib/Bundle/Image/Info/XBM.pm
cp lib/Image/Info/SVG/XMLSimple.pm blib/lib/Image/Info/SVG/XMLSimple.pm
cp lib/Image/Info/XBM.pm blib/lib/Image/Info/XBM.pm
Manifying 15 pod documents
running tests
check flags: SHELL=/nix/store/9fqwwd4iybmhjqyxiaxycknslw6bgwh1-bash-4.4-p23/bin/bash VERBOSE=y test
PERL_DL_NONLAZY=1 "/nix/store/7c044di03qa7qgr5kjjc2d787aspzp0m-perl-5.32.0/bin/perl" "-MExtUtils::Command::MM" "-MTest::Harness" "-e" "undef *Test::Harness::Switches; test_harness(0, 'blib/lib', 'blib/arch')" t/*.t
t/00_basics.t .............................. ok
t/bad_exif.t ............................... ok
t/bmp.t .................................... ok
t/exif.t ................................... ok
t/fuji_s1000fd_substr_outside_of_string.t .. ok
t/ico.t .................................... ok
t/jpg_corruptchunk.t ....................... ok
t/jpg_hang.t ............................... # Ignoring unknown type code 0
# Ignoring unknown type code 20
t/jpg_hang.t ............................... ok
t/jpg_ignore_thumbnail.t ................... ok
t/png.t .................................... ok
t/pod.t .................................... ok
t/pod_cov.t ................................ skipped: Test::Pod::Coverage 1.00 required for testing POD coverage
t/string.t ................................. ok
t/svg.t .................................... skipped: Need XML::Simple or XML::LibXML::Reader for this test
t/tiff.t ................................... ok
t/tiff_e.t ................................. ok
t/tiff_segfault.t .......................... ok
t/tiny-pgm.t ............................... ok
t/wbmp.t ................................... ok
t/webp.t ................................... ok
t/xbm.t .................................... ok
t/xpm.t .................................... ok
All tests successful.
Files=22, Tests=226,  2 wallclock secs ( 0.08 usr  0.02 sys +  1.28 cusr  0.28 csys =  1.66 CPU)
Result: PASS
installing
install flags: SHELL=/nix/store/9fqwwd4iybmhjqyxiaxycknslw6bgwh1-bash-4.4-p23/bin/bash pkgconfigdir=/nix/store/r0y2x8mn6knypd3p9nhqpf85xxvm3hhr-perl5.32.0-Image-Info-1.42/lib/pkgconfig m4datadir=/nix/store/r0y2x8mn6knypd3p9nhqpf85xxvm3hhr-perl5.32.0-Image-Info-1.42/share/aclocal aclocaldir=/nix/store/r0y2x8mn6knypd3p9nhqpf85xxvm3hhr-perl5.32.0-Image-Info-1.42/share/aclocal install
Manifying 15 pod documents
Installing /nix/store/r0y2x8mn6knypd3p9nhqpf85xxvm3hhr-perl5.32.0-Image-Info-1.42/lib/perl5/site_perl/5.32.0/Image/TIFF.pm
Installing /nix/store/r0y2x8mn6knypd3p9nhqpf85xxvm3hhr-perl5.32.0-Image-Info-1.42/lib/perl5/site_perl/5.32.0/Image/Info.pm
Installing /nix/store/r0y2x8mn6knypd3p9nhqpf85xxvm3hhr-perl5.32.0-Image-Info-1.42/lib/perl5/site_perl/5.32.0/Image/Info/WBMP.pm
Installing /nix/store/r0y2x8mn6knypd3p9nhqpf85xxvm3hhr-perl5.32.0-Image-Info-1.42/lib/perl5/site_perl/5.32.0/Image/Info/PNG.pm
Installing /nix/store/r0y2x8mn6knypd3p9nhqpf85xxvm3hhr-perl5.32.0-Image-Info-1.42/lib/perl5/site_perl/5.32.0/Image/Info/ICO.pm
Installing /nix/store/r0y2x8mn6knypd3p9nhqpf85xxvm3hhr-perl5.32.0-Image-Info-1.42/lib/perl5/site_perl/5.32.0/Image/Info/GIF.pm
Installing /nix/store/r0y2x8mn6knypd3p9nhqpf85xxvm3hhr-perl5.32.0-Image-Info-1.42/lib/perl5/site_perl/5.32.0/Image/Info/TIFF.pm
Installing /nix/store/r0y2x8mn6knypd3p9nhqpf85xxvm3hhr-perl5.32.0-Image-Info-1.42/lib/perl5/site_perl/5.32.0/Image/Info/BMP.pm
Installing /nix/store/r0y2x8mn6knypd3p9nhqpf85xxvm3hhr-perl5.32.0-Image-Info-1.42/lib/perl5/site_perl/5.32.0/Image/Info/XPM.pm
Installing /nix/store/r0y2x8mn6knypd3p9nhqpf85xxvm3hhr-perl5.32.0-Image-Info-1.42/lib/perl5/site_perl/5.32.0/Image/Info/JPEG.pm
Installing /nix/store/r0y2x8mn6knypd3p9nhqpf85xxvm3hhr-perl5.32.0-Image-Info-1.42/lib/perl5/site_perl/5.32.0/Image/Info/WEBP.pm
Installing /nix/store/r0y2x8mn6knypd3p9nhqpf85xxvm3hhr-perl5.32.0-Image-Info-1.42/lib/perl5/site_perl/5.32.0/Image/Info/XBM.pm
Installing /nix/store/r0y2x8mn6knypd3p9nhqpf85xxvm3hhr-perl5.32.0-Image-Info-1.42/lib/perl5/site_perl/5.32.0/Image/Info/SVG.pm
Installing /nix/store/r0y2x8mn6knypd3p9nhqpf85xxvm3hhr-perl5.32.0-Image-Info-1.42/lib/perl5/site_perl/5.32.0/Image/Info/PPM.pm
Installing /nix/store/r0y2x8mn6knypd3p9nhqpf85xxvm3hhr-perl5.32.0-Image-Info-1.42/lib/perl5/site_perl/5.32.0/Image/Info/SVG/XMLLibXMLReader.pm
Installing /nix/store/r0y2x8mn6knypd3p9nhqpf85xxvm3hhr-perl5.32.0-Image-Info-1.42/lib/perl5/site_perl/5.32.0/Image/Info/SVG/XMLSimple.pm
Installing /nix/store/r0y2x8mn6knypd3p9nhqpf85xxvm3hhr-perl5.32.0-Image-Info-1.42/lib/perl5/site_perl/5.32.0/Bundle/Image/Info/PNG.pm
Installing /nix/store/r0y2x8mn6knypd3p9nhqpf85xxvm3hhr-perl5.32.0-Image-Info-1.42/lib/perl5/site_perl/5.32.0/Bundle/Image/Info/Everything.pm
Installing /nix/store/r0y2x8mn6knypd3p9nhqpf85xxvm3hhr-perl5.32.0-Image-Info-1.42/lib/perl5/site_perl/5.32.0/Bundle/Image/Info/XPM.pm
Installing /nix/store/r0y2x8mn6knypd3p9nhqpf85xxvm3hhr-perl5.32.0-Image-Info-1.42/lib/perl5/site_perl/5.32.0/Bundle/Image/Info/XBM.pm
Installing /nix/store/r0y2x8mn6knypd3p9nhqpf85xxvm3hhr-perl5.32.0-Image-Info-1.42/lib/perl5/site_perl/5.32.0/Bundle/Image/Info/SVG.pm
Installing /nix/store/r0y2x8mn6knypd3p9nhqpf85xxvm3hhr-perl5.32.0-Image-Info-1.42/share/man/man3/Bundle::Image::Info::SVG.3
Installing /nix/store/r0y2x8mn6knypd3p9nhqpf85xxvm3hhr-perl5.32.0-Image-Info-1.42/share/man/man3/Bundle::Image::Info::Everything.3
Installing /nix/store/r0y2x8mn6knypd3p9nhqpf85xxvm3hhr-perl5.32.0-Image-Info-1.42/share/man/man3/Bundle::Image::Info::XPM.3
Installing /nix/store/r0y2x8mn6knypd3p9nhqpf85xxvm3hhr-perl5.32.0-Image-Info-1.42/share/man/man3/Image::Info::ICO.3
Installing /nix/store/r0y2x8mn6knypd3p9nhqpf85xxvm3hhr-perl5.32.0-Image-Info-1.42/share/man/man3/Image::Info::XBM.3
Installing /nix/store/r0y2x8mn6knypd3p9nhqpf85xxvm3hhr-perl5.32.0-Image-Info-1.42/share/man/man3/Image::Info.3
Installing /nix/store/r0y2x8mn6knypd3p9nhqpf85xxvm3hhr-perl5.32.0-Image-Info-1.42/share/man/man3/Image::Info::XPM.3
Installing /nix/store/r0y2x8mn6knypd3p9nhqpf85xxvm3hhr-perl5.32.0-Image-Info-1.42/share/man/man3/Image::Info::PPM.3
Installing /nix/store/r0y2x8mn6knypd3p9nhqpf85xxvm3hhr-perl5.32.0-Image-Info-1.42/share/man/man3/Image::Info::TIFF.3
Installing /nix/store/r0y2x8mn6knypd3p9nhqpf85xxvm3hhr-perl5.32.0-Image-Info-1.42/share/man/man3/Image::Info::GIF.3
Installing /nix/store/r0y2x8mn6knypd3p9nhqpf85xxvm3hhr-perl5.32.0-Image-Info-1.42/share/man/man3/Image::Info::WBMP.3
Installing /nix/store/r0y2x8mn6knypd3p9nhqpf85xxvm3hhr-perl5.32.0-Image-Info-1.42/share/man/man3/Image::Info::BMP.3
Installing /nix/store/r0y2x8mn6knypd3p9nhqpf85xxvm3hhr-perl5.32.0-Image-Info-1.42/share/man/man3/Image::Info::SVG.3
Installing /nix/store/r0y2x8mn6knypd3p9nhqpf85xxvm3hhr-perl5.32.0-Image-Info-1.42/share/man/man3/Bundle::Image::Info::XBM.3
Installing /nix/store/r0y2x8mn6knypd3p9nhqpf85xxvm3hhr-perl5.32.0-Image-Info-1.42/share/man/man3/Bundle::Image::Info::PNG.3
Appending installation info to /nix/store/r0y2x8mn6knypd3p9nhqpf85xxvm3hhr-perl5.32.0-Image-Info-1.42/lib/perl5/5.32.0/x86_64-linux-thread-multi/perllocal.pod
post-installation fixup
Moving /nix/store/r0y2x8mn6knypd3p9nhqpf85xxvm3hhr-perl5.32.0-Image-Info-1.42/share/man/man3 to /nix/store/8dzb1k19v8hffbp5x94ffyhjakdjgqks-perl5.32.0-Image-Info-1.42-devdoc/share/man/man3
Removing empty /nix/store/r0y2x8mn6knypd3p9nhqpf85xxvm3hhr-perl5.32.0-Image-Info-1.42/share/man/ and (possibly) its parents
shrinking RPATHs of ELF executables and libraries in /nix/store/r0y2x8mn6knypd3p9nhqpf85xxvm3hhr-perl5.32.0-Image-Info-1.42
strip is /nix/store/psyzbhp4p088sb9qcs378hfbslcalasl-binutils-2.31.1/bin/strip
stripping (with command strip and flags -S) in /nix/store/r0y2x8mn6knypd3p9nhqpf85xxvm3hhr-perl5.32.0-Image-Info-1.42/lib
patching script interpreter paths in /nix/store/r0y2x8mn6knypd3p9nhqpf85xxvm3hhr-perl5.32.0-Image-Info-1.42
checking for references to /build/ in /nix/store/r0y2x8mn6knypd3p9nhqpf85xxvm3hhr-perl5.32.0-Image-Info-1.42...
shrinking RPATHs of ELF executables and libraries in /nix/store/8dzb1k19v8hffbp5x94ffyhjakdjgqks-perl5.32.0-Image-Info-1.42-devdoc
gzipping man pages under /nix/store/8dzb1k19v8hffbp5x94ffyhjakdjgqks-perl5.32.0-Image-Info-1.42-devdoc/share/man/
strip is /nix/store/psyzbhp4p088sb9qcs378hfbslcalasl-binutils-2.31.1/bin/strip
patching script interpreter paths in /nix/store/8dzb1k19v8hffbp5x94ffyhjakdjgqks-perl5.32.0-Image-Info-1.42-devdoc
checking for references to /build/ in /nix/store/8dzb1k19v8hffbp5x94ffyhjakdjgqks-perl5.32.0-Image-Info-1.42-devdoc...
/nix/store/r0y2x8mn6knypd3p9nhqpf85xxvm3hhr-perl5.32.0-Image-Info-1.42
