these derivations will be built:
  /nix/store/i391mb25yqx7bdinpbr5mpz92yzs5yhc-perl5.32.0-Imager-1.012.drv
building '/nix/store/i391mb25yqx7bdinpbr5mpz92yzs5yhc-perl5.32.0-Imager-1.012.drv'...
unpacking sources
unpacking source archive /nix/store/w1hb62agcki5nv0mg6vq2k5sqwxcqqyb-Imager-1.012.tar.gz
source root is Imager-1.012
setting SOURCE_DATE_EPOCH to timestamp 1592104662 of file Imager-1.012/META.json
patching sources
configuring
patching ./samples/slant_text.pl...
patching ./samples/gifscale.pl...
patching ./samples/flasher.pl...
patching ./samples/border.pl...
patching ./samples/samp-tags.cgi...
patching ./samples/samp-image.cgi...
patching ./samples/anaglyph.pl...
patching ./samples/wiggle.pl...
patching ./samples/align-string.pl...
patching ./samples/samp-scale.cgi...
patching ./samples/drop_shadow.pl...
patching ./samples/quad_to_square.pl...
patching ./samples/interleave.pl...
patching ./samples/samp-form.cgi...
patching ./samples/inline_replace_color.pl...
patching ./samples/replace_color.pl...
patching ./samples/inline_capture2image.pl...
patching ./samples/tk-photo.pl...
patching ./T1/t/t90std.t...
patching ./T1/t/t10type1.t...
patching ./T1/t/t30thread.t...
patching ./T1/t/t20oo.t...
patching ./T1/Makefile.PL...
patching ./TIFF/t/t10tiff.t...
patching ./TIFF/Makefile.PL...
patching ./Mandelbrot/t/t00mandel.t...
patching ./Mandelbrot/Makefile.PL...
patching ./errep.perl...
patching ./ICO/t/t30cursor.t...
patching ./ICO/t/t50readfail.t...
patching ./ICO/t/t41curmultread.t...
patching ./ICO/t/t72cursing.t...
patching ./ICO/t/t10icon.t...
patching ./ICO/t/t21readmult.t...
patching ./ICO/t/t73curmult.t...
patching ./ICO/t/t40readcurone.t...
patching ./ICO/t/t60writefail.t...
patching ./ICO/t/t71icomult.t...
patching ./ICO/t/t20readone.t...
patching ./ICO/t/t70icosing.t...
patching ./ICO/Makefile.PL...
/nix/store/qf3mzpvsmkrw963xchbivcci06078n13-builder.sh: line 17: warning: command substitution: ignored null byte in input
/nix/store/qf3mzpvsmkrw963xchbivcci06078n13-builder.sh: line 17: warning: command substitution: ignored null byte in input
/nix/store/qf3mzpvsmkrw963xchbivcci06078n13-builder.sh: line 17: warning: command substitution: ignored null byte in input
/nix/store/qf3mzpvsmkrw963xchbivcci06078n13-builder.sh: line 17: warning: command substitution: ignored null byte in input
/nix/store/qf3mzpvsmkrw963xchbivcci06078n13-builder.sh: line 17: warning: command substitution: ignored null byte in input
/nix/store/qf3mzpvsmkrw963xchbivcci06078n13-builder.sh: line 17: warning: command substitution: ignored null byte in input
/nix/store/qf3mzpvsmkrw963xchbivcci06078n13-builder.sh: line 17: warning: command substitution: ignored null byte in input
/nix/store/qf3mzpvsmkrw963xchbivcci06078n13-builder.sh: line 17: warning: command substitution: ignored null byte in input
patching ./JPEG/t/t20limit.t...
patching ./JPEG/t/t00load.t...
patching ./JPEG/t/t10jpeg.t...
patching ./JPEG/Makefile.PL...
patching ./regops.perl...
patching ./doco.perl...
patching ./apidocs.perl...
patching ./dynfilt/t/t60dyntest.t...
patching ./transform.perl...
patching ./spot.perl...
/nix/store/qf3mzpvsmkrw963xchbivcci06078n13-builder.sh: line 17: warning: command substitution: ignored null byte in input
/nix/store/qf3mzpvsmkrw963xchbivcci06078n13-builder.sh: line 17: warning: command substitution: ignored null byte in input
/nix/store/qf3mzpvsmkrw963xchbivcci06078n13-builder.sh: line 17: warning: command substitution: ignored null byte in input
/nix/store/qf3mzpvsmkrw963xchbivcci06078n13-builder.sh: line 17: warning: command substitution: ignored null byte in input
patching ./Flines/t/t00flines.t...
patching ./Flines/Makefile.PL...
patching ./bigtest.perl...
patching ./GIF/t/t40limit.t...
patching ./GIF/t/t20new.t...
patching ./GIF/t/t50header.t...
patching ./GIF/t/t30fixed.t...
patching ./GIF/t/t10gif.t...
patching ./GIF/Makefile.PL...
patching ./t/100-base/020-color.t...
patching ./t/100-base/010-introvert.t...
patching ./t/100-base/800-tr18561.t...
patching ./t/100-base/030-countc.t...
patching ./t/100-base/801-tr18561b.t...
patching ./t/300-transform/610-postfix.t...
patching ./t/300-transform/020-combine.t...
patching ./t/300-transform/040-crop.t...
patching ./t/300-transform/630-assem.t...
patching ./t/300-transform/030-copyflip.t...
patching ./t/300-transform/600-trans2.t...
patching ./t/300-transform/500-trans.t...
patching ./t/300-transform/620-infix.t...
patching ./t/300-transform/050-convert.t...
patching ./t/300-transform/060-map.t...
patching ./t/300-transform/010-scale.t...
patching ./t/150-type/030-double.t...
patching ./t/150-type/020-sixteen.t...
patching ./t/150-type/040-palette.t...
patching ./t/150-type/100-masked.t...
patching ./t/850-thread/100-error.t...
patching ./t/850-thread/110-log.t...
patching ./t/850-thread/010-base.t...
patching ./t/450-api/100-inline.t...
patching ./t/450-api/110-inlinectx.t...
patching ./t/000-load.t...
patching ./t/250-draw/040-rubthru.t...
patching ./t/250-draw/050-polyaa.t...
patching ./t/250-draw/100-fill.t...
patching ./t/250-draw/020-flood.t...
patching ./t/250-draw/200-compose.t...
patching ./t/250-draw/060-polypoly.t...
patching ./t/250-draw/010-draw.t...
patching ./t/250-draw/030-paste.t...
patching ./t/350-font/010-font.t...
patching ./t/350-font/030-ttoo.t...
patching ./t/350-font/040-ttstd.t...
patching ./t/350-font/020-tt.t...
patching ./t/350-font/100-texttools.t...
patching ./t/200-file/400-basic.t...
patching ./t/200-file/200-nojpeg.t...
patching ./t/200-file/310-pnm.t...
patching ./t/200-file/220-nogif.t...
patching ./t/200-file/320-bmp.t...
patching ./t/200-file/230-notiff.t...
patching ./t/200-file/330-tga.t...
patching ./t/200-file/210-nopng.t...
patching ./t/200-file/100-files.t...
patching ./t/200-file/300-raw.t...
patching ./t/200-file/450-preload.t...
patching ./t/200-file/010-iolayer.t...
patching ./t/950-kwalitee/060-podstruct.t...
patching ./t/950-kwalitee/040-strict.t...
patching ./t/950-kwalitee/080-nousevars.t...
patching ./t/950-kwalitee/020-samples.t...
patching ./t/950-kwalitee/050-meta.t...
patching ./t/950-kwalitee/030-podcover.t...
patching ./t/950-kwalitee/010-pod.t...
patching ./t/950-kwalitee/070-mymeta.t...
patching ./t/400-filter/020-autolevels.t...
patching ./t/400-filter/010-filters.t...
patching ./t/900-util/020-error.t...
patching ./t/900-util/010-test.t...
patching ./t/900-util/050-matrix.t...
patching ./t/900-util/030-log.t...
patching ./t/900-util/060-extutil.t...
patching ./t/900-util/040-limit.t...
patching ./t/900-util/060-hlines.t...
patching ./PNG/t/10png.t...
patching ./PNG/t/00load.t...
patching ./PNG/Makefile.PL...
patching ./filterlist.perl...
patching ./SGI/t/30limit.t...
patching ./SGI/t/00load.t...
patching ./SGI/t/20write.t...
patching ./SGI/t/10read.t...
patching ./SGI/Makefile.PL...
/nix/store/qf3mzpvsmkrw963xchbivcci06078n13-builder.sh: line 17: warning: command substitution: ignored null byte in input
patching ./W32/t/t90std.t...
patching ./W32/t/t10win32.t...
patching ./W32/Makefile.PL...
/nix/store/qf3mzpvsmkrw963xchbivcci06078n13-builder.sh: line 17: warning: command substitution: ignored null byte in input
/nix/store/qf3mzpvsmkrw963xchbivcci06078n13-builder.sh: line 17: warning: command substitution: ignored null byte in input
/nix/store/qf3mzpvsmkrw963xchbivcci06078n13-builder.sh: line 17: warning: command substitution: ignored null byte in input
/nix/store/qf3mzpvsmkrw963xchbivcci06078n13-builder.sh: line 17: warning: command substitution: ignored null byte in input
patching ./FT2/t/t90std.t...
patching ./FT2/t/t10ft2.t...
patching ./FT2/t/t20thread.t...
patching ./FT2/Makefile.PL...
patching ./Makefile.PL...
patching ./DynTest/t/t00dyntest.t...
patching ./DynTest/Makefile.PL...
patching ./CountColor/t/t00countcolor.t...
patching ./CountColor/Makefile.PL...
/nix/store/qf3mzpvsmkrw963xchbivcci06078n13-builder.sh: line 17: warning: command substitution: ignored null byte in input
/nix/store/qf3mzpvsmkrw963xchbivcci06078n13-builder.sh: line 17: warning: command substitution: ignored null byte in input
/nix/store/qf3mzpvsmkrw963xchbivcci06078n13-builder.sh: line 17: warning: command substitution: ignored null byte in input
/nix/store/qf3mzpvsmkrw963xchbivcci06078n13-builder.sh: line 17: warning: command substitution: ignored null byte in input
  /no-such-path/include doesnt exist or is unaccessible - removed.

done.
FT1: main: includes not found - libraries not found
FT1: alt 1: includes not found - libraries not found
FT1: Checking if the compiler can find them on its own
readdir() attempted on invalid dirhandle $dir_fh at /nix/store/7c044di03qa7qgr5kjjc2d787aspzp0m-perl-5.32.0/lib/perl5/5.32.0/ExtUtils/Liblist.pm line 21.
closedir() attempted on invalid dirhandle $dir_fh at /nix/store/7c044di03qa7qgr5kjjc2d787aspzp0m-perl-5.32.0/lib/perl5/5.32.0/ExtUtils/Liblist.pm line 22.
readdir() attempted on invalid dirhandle $dir_fh at /nix/store/7c044di03qa7qgr5kjjc2d787aspzp0m-perl-5.32.0/lib/perl5/5.32.0/ExtUtils/Liblist.pm line 21.
closedir() attempted on invalid dirhandle $dir_fh at /nix/store/7c044di03qa7qgr5kjjc2d787aspzp0m-perl-5.32.0/lib/perl5/5.32.0/ExtUtils/Liblist.pm line 22.
Use of uninitialized value $_[0] in opendir at /nix/store/7c044di03qa7qgr5kjjc2d787aspzp0m-perl-5.32.0/lib/perl5/5.32.0/ExtUtils/Liblist.pm line 20.
readdir() attempted on invalid dirhandle $dir_fh at /nix/store/7c044di03qa7qgr5kjjc2d787aspzp0m-perl-5.32.0/lib/perl5/5.32.0/ExtUtils/Liblist.pm line 21.
closedir() attempted on invalid dirhandle $dir_fh at /nix/store/7c044di03qa7qgr5kjjc2d787aspzp0m-perl-5.32.0/lib/perl5/5.32.0/ExtUtils/Liblist.pm line 22.
Use of uninitialized value $_[0] in opendir at /nix/store/7c044di03qa7qgr5kjjc2d787aspzp0m-perl-5.32.0/lib/perl5/5.32.0/ExtUtils/Liblist.pm line 20.
readdir() attempted on invalid dirhandle $dir_fh at /nix/store/7c044di03qa7qgr5kjjc2d787aspzp0m-perl-5.32.0/lib/perl5/5.32.0/ExtUtils/Liblist.pm line 21.
closedir() attempted on invalid dirhandle $dir_fh at /nix/store/7c044di03qa7qgr5kjjc2d787aspzp0m-perl-5.32.0/lib/perl5/5.32.0/ExtUtils/Liblist.pm line 22.
Use of uninitialized value $thispth in concatenation (.) or string at /nix/store/7c044di03qa7qgr5kjjc2d787aspzp0m-perl-5.32.0/lib/perl5/5.32.0/ExtUtils/Liblist/Kid.pm line 162.
Use of uninitialized value $thispth in concatenation (.) or string at /nix/store/7c044di03qa7qgr5kjjc2d787aspzp0m-perl-5.32.0/lib/perl5/5.32.0/ExtUtils/Liblist/Kid.pm line 166.
Use of uninitialized value $thispth in concatenation (.) or string at /nix/store/7c044di03qa7qgr5kjjc2d787aspzp0m-perl-5.32.0/lib/perl5/5.32.0/ExtUtils/Liblist/Kid.pm line 171.
Use of uninitialized value $thispth in concatenation (.) or string at /nix/store/7c044di03qa7qgr5kjjc2d787aspzp0m-perl-5.32.0/lib/perl5/5.32.0/ExtUtils/Liblist/Kid.pm line 173.
Use of uninitialized value $thispth in concatenation (.) or string at /nix/store/7c044di03qa7qgr5kjjc2d787aspzp0m-perl-5.32.0/lib/perl5/5.32.0/ExtUtils/Liblist/Kid.pm line 177.
Use of uninitialized value $thispth in concatenation (.) or string at /nix/store/7c044di03qa7qgr5kjjc2d787aspzp0m-perl-5.32.0/lib/perl5/5.32.0/ExtUtils/Liblist/Kid.pm line 179.
Use of uninitialized value $thispth in concatenation (.) or string at /nix/store/7c044di03qa7qgr5kjjc2d787aspzp0m-perl-5.32.0/lib/perl5/5.32.0/ExtUtils/Liblist/Kid.pm line 183.
Warning (mostly harmless): No library found for -lttf
FT1: Test code failed: Can't link/include 'freetype.h', 'stdio.h', 'ttf'
POSIX threads
Checking if your kit is complete...
Looks good
Use of uninitialized value $thispth in concatenation (.) or string at /nix/store/7c044di03qa7qgr5kjjc2d787aspzp0m-perl-5.32.0/lib/perl5/5.32.0/ExtUtils/Liblist/Kid.pm line 162.
Use of uninitialized value $thispth in concatenation (.) or string at /nix/store/7c044di03qa7qgr5kjjc2d787aspzp0m-perl-5.32.0/lib/perl5/5.32.0/ExtUtils/Liblist/Kid.pm line 166.
Use of uninitialized value $thispth in concatenation (.) or string at /nix/store/7c044di03qa7qgr5kjjc2d787aspzp0m-perl-5.32.0/lib/perl5/5.32.0/ExtUtils/Liblist/Kid.pm line 171.
Use of uninitialized value $thispth in concatenation (.) or string at /nix/store/7c044di03qa7qgr5kjjc2d787aspzp0m-perl-5.32.0/lib/perl5/5.32.0/ExtUtils/Liblist/Kid.pm line 173.
Use of uninitialized value $thispth in concatenation (.) or string at /nix/store/7c044di03qa7qgr5kjjc2d787aspzp0m-perl-5.32.0/lib/perl5/5.32.0/ExtUtils/Liblist/Kid.pm line 177.
Use of uninitialized value $thispth in concatenation (.) or string at /nix/store/7c044di03qa7qgr5kjjc2d787aspzp0m-perl-5.32.0/lib/perl5/5.32.0/ExtUtils/Liblist/Kid.pm line 179.
Use of uninitialized value $thispth in concatenation (.) or string at /nix/store/7c044di03qa7qgr5kjjc2d787aspzp0m-perl-5.32.0/lib/perl5/5.32.0/ExtUtils/Liblist/Kid.pm line 183.
Warning (mostly harmless): No library found for -lm
Writing MYMETA.yml and MYMETA.json
Writing MYMETA.yml and MYMETA.json
FreeType 2: configured via freetype-config
FreeType 2: Passed code check
Writing MYMETA.yml and MYMETA.json
Writing MYMETA.yml and MYMETA.json
GIF: main: includes not found - libraries not found
GIF: Checking if the compiler can find them on its own
readdir() attempted on invalid dirhandle $dir_fh at /nix/store/7c044di03qa7qgr5kjjc2d787aspzp0m-perl-5.32.0/lib/perl5/5.32.0/ExtUtils/Liblist.pm line 21.
closedir() attempted on invalid dirhandle $dir_fh at /nix/store/7c044di03qa7qgr5kjjc2d787aspzp0m-perl-5.32.0/lib/perl5/5.32.0/ExtUtils/Liblist.pm line 22.
readdir() attempted on invalid dirhandle $dir_fh at /nix/store/7c044di03qa7qgr5kjjc2d787aspzp0m-perl-5.32.0/lib/perl5/5.32.0/ExtUtils/Liblist.pm line 21.
closedir() attempted on invalid dirhandle $dir_fh at /nix/store/7c044di03qa7qgr5kjjc2d787aspzp0m-perl-5.32.0/lib/perl5/5.32.0/ExtUtils/Liblist.pm line 22.
Use of uninitialized value $_[0] in opendir at /nix/store/7c044di03qa7qgr5kjjc2d787aspzp0m-perl-5.32.0/lib/perl5/5.32.0/ExtUtils/Liblist.pm line 20.
readdir() attempted on invalid dirhandle $dir_fh at /nix/store/7c044di03qa7qgr5kjjc2d787aspzp0m-perl-5.32.0/lib/perl5/5.32.0/ExtUtils/Liblist.pm line 21.
closedir() attempted on invalid dirhandle $dir_fh at /nix/store/7c044di03qa7qgr5kjjc2d787aspzp0m-perl-5.32.0/lib/perl5/5.32.0/ExtUtils/Liblist.pm line 22.
Use of uninitialized value $_[0] in opendir at /nix/store/7c044di03qa7qgr5kjjc2d787aspzp0m-perl-5.32.0/lib/perl5/5.32.0/ExtUtils/Liblist.pm line 20.
readdir() attempted on invalid dirhandle $dir_fh at /nix/store/7c044di03qa7qgr5kjjc2d787aspzp0m-perl-5.32.0/lib/perl5/5.32.0/ExtUtils/Liblist.pm line 21.
closedir() attempted on invalid dirhandle $dir_fh at /nix/store/7c044di03qa7qgr5kjjc2d787aspzp0m-perl-5.32.0/lib/perl5/5.32.0/ExtUtils/Liblist.pm line 22.
Use of uninitialized value $thispth in concatenation (.) or string at /nix/store/7c044di03qa7qgr5kjjc2d787aspzp0m-perl-5.32.0/lib/perl5/5.32.0/ExtUtils/Liblist/Kid.pm line 162.
Use of uninitialized value $thispth in concatenation (.) or string at /nix/store/7c044di03qa7qgr5kjjc2d787aspzp0m-perl-5.32.0/lib/perl5/5.32.0/ExtUtils/Liblist/Kid.pm line 166.
Use of uninitialized value $thispth in concatenation (.) or string at /nix/store/7c044di03qa7qgr5kjjc2d787aspzp0m-perl-5.32.0/lib/perl5/5.32.0/ExtUtils/Liblist/Kid.pm line 171.
Use of uninitialized value $thispth in concatenation (.) or string at /nix/store/7c044di03qa7qgr5kjjc2d787aspzp0m-perl-5.32.0/lib/perl5/5.32.0/ExtUtils/Liblist/Kid.pm line 173.
Use of uninitialized value $thispth in concatenation (.) or string at /nix/store/7c044di03qa7qgr5kjjc2d787aspzp0m-perl-5.32.0/lib/perl5/5.32.0/ExtUtils/Liblist/Kid.pm line 177.
Use of uninitialized value $thispth in concatenation (.) or string at /nix/store/7c044di03qa7qgr5kjjc2d787aspzp0m-perl-5.32.0/lib/perl5/5.32.0/ExtUtils/Liblist/Kid.pm line 179.
Use of uninitialized value $thispth in concatenation (.) or string at /nix/store/7c044di03qa7qgr5kjjc2d787aspzp0m-perl-5.32.0/lib/perl5/5.32.0/ExtUtils/Liblist/Kid.pm line 183.
Warning (mostly harmless): No library found for -lgif
GIF: Test code failed: Can't link/include 'gif_lib.h', 'stdio.h', 'errno.h', 'string.h', 'gif'
Writing MYMETA.yml and MYMETA.json
JPEG: main: includes found - libraries found
JPEG: Passed code check
Writing MYMETA.yml and MYMETA.json
Writing MYMETA.yml and MYMETA.json
PNG: Generic: includes found - libraries found
PNG: library version 10637, header version 10637
PNG: Passed code check
Writing MYMETA.yml and MYMETA.json
Writing MYMETA.yml and MYMETA.json
T1Lib: main: includes not found - libraries not found
T1Lib: Checking if the compiler can find them on its own
readdir() attempted on invalid dirhandle $dir_fh at /nix/store/7c044di03qa7qgr5kjjc2d787aspzp0m-perl-5.32.0/lib/perl5/5.32.0/ExtUtils/Liblist.pm line 21.
closedir() attempted on invalid dirhandle $dir_fh at /nix/store/7c044di03qa7qgr5kjjc2d787aspzp0m-perl-5.32.0/lib/perl5/5.32.0/ExtUtils/Liblist.pm line 22.
readdir() attempted on invalid dirhandle $dir_fh at /nix/store/7c044di03qa7qgr5kjjc2d787aspzp0m-perl-5.32.0/lib/perl5/5.32.0/ExtUtils/Liblist.pm line 21.
closedir() attempted on invalid dirhandle $dir_fh at /nix/store/7c044di03qa7qgr5kjjc2d787aspzp0m-perl-5.32.0/lib/perl5/5.32.0/ExtUtils/Liblist.pm line 22.
Use of uninitialized value $_[0] in opendir at /nix/store/7c044di03qa7qgr5kjjc2d787aspzp0m-perl-5.32.0/lib/perl5/5.32.0/ExtUtils/Liblist.pm line 20.
readdir() attempted on invalid dirhandle $dir_fh at /nix/store/7c044di03qa7qgr5kjjc2d787aspzp0m-perl-5.32.0/lib/perl5/5.32.0/ExtUtils/Liblist.pm line 21.
closedir() attempted on invalid dirhandle $dir_fh at /nix/store/7c044di03qa7qgr5kjjc2d787aspzp0m-perl-5.32.0/lib/perl5/5.32.0/ExtUtils/Liblist.pm line 22.
Use of uninitialized value $_[0] in opendir at /nix/store/7c044di03qa7qgr5kjjc2d787aspzp0m-perl-5.32.0/lib/perl5/5.32.0/ExtUtils/Liblist.pm line 20.
readdir() attempted on invalid dirhandle $dir_fh at /nix/store/7c044di03qa7qgr5kjjc2d787aspzp0m-perl-5.32.0/lib/perl5/5.32.0/ExtUtils/Liblist.pm line 21.
closedir() attempted on invalid dirhandle $dir_fh at /nix/store/7c044di03qa7qgr5kjjc2d787aspzp0m-perl-5.32.0/lib/perl5/5.32.0/ExtUtils/Liblist.pm line 22.
Use of uninitialized value $thispth in concatenation (.) or string at /nix/store/7c044di03qa7qgr5kjjc2d787aspzp0m-perl-5.32.0/lib/perl5/5.32.0/ExtUtils/Liblist/Kid.pm line 162.
Use of uninitialized value $thispth in concatenation (.) or string at /nix/store/7c044di03qa7qgr5kjjc2d787aspzp0m-perl-5.32.0/lib/perl5/5.32.0/ExtUtils/Liblist/Kid.pm line 166.
Use of uninitialized value $thispth in concatenation (.) or string at /nix/store/7c044di03qa7qgr5kjjc2d787aspzp0m-perl-5.32.0/lib/perl5/5.32.0/ExtUtils/Liblist/Kid.pm line 171.
Use of uninitialized value $thispth in concatenation (.) or string at /nix/store/7c044di03qa7qgr5kjjc2d787aspzp0m-perl-5.32.0/lib/perl5/5.32.0/ExtUtils/Liblist/Kid.pm line 173.
Use of uninitialized value $thispth in concatenation (.) or string at /nix/store/7c044di03qa7qgr5kjjc2d787aspzp0m-perl-5.32.0/lib/perl5/5.32.0/ExtUtils/Liblist/Kid.pm line 177.
Use of uninitialized value $thispth in concatenation (.) or string at /nix/store/7c044di03qa7qgr5kjjc2d787aspzp0m-perl-5.32.0/lib/perl5/5.32.0/ExtUtils/Liblist/Kid.pm line 179.
Use of uninitialized value $thispth in concatenation (.) or string at /nix/store/7c044di03qa7qgr5kjjc2d787aspzp0m-perl-5.32.0/lib/perl5/5.32.0/ExtUtils/Liblist/Kid.pm line 183.
Warning (mostly harmless): No library found for -lt1
T1Lib: Test code failed: Can't link/include 't1lib.h', 't1'
TIFF: main: includes not found - libraries not found
TIFF: Checking if the compiler can find them on its own
readdir() attempted on invalid dirhandle $dir_fh at /nix/store/7c044di03qa7qgr5kjjc2d787aspzp0m-perl-5.32.0/lib/perl5/5.32.0/ExtUtils/Liblist.pm line 21.
closedir() attempted on invalid dirhandle $dir_fh at /nix/store/7c044di03qa7qgr5kjjc2d787aspzp0m-perl-5.32.0/lib/perl5/5.32.0/ExtUtils/Liblist.pm line 22.
readdir() attempted on invalid dirhandle $dir_fh at /nix/store/7c044di03qa7qgr5kjjc2d787aspzp0m-perl-5.32.0/lib/perl5/5.32.0/ExtUtils/Liblist.pm line 21.
closedir() attempted on invalid dirhandle $dir_fh at /nix/store/7c044di03qa7qgr5kjjc2d787aspzp0m-perl-5.32.0/lib/perl5/5.32.0/ExtUtils/Liblist.pm line 22.
Use of uninitialized value $_[0] in opendir at /nix/store/7c044di03qa7qgr5kjjc2d787aspzp0m-perl-5.32.0/lib/perl5/5.32.0/ExtUtils/Liblist.pm line 20.
readdir() attempted on invalid dirhandle $dir_fh at /nix/store/7c044di03qa7qgr5kjjc2d787aspzp0m-perl-5.32.0/lib/perl5/5.32.0/ExtUtils/Liblist.pm line 21.
closedir() attempted on invalid dirhandle $dir_fh at /nix/store/7c044di03qa7qgr5kjjc2d787aspzp0m-perl-5.32.0/lib/perl5/5.32.0/ExtUtils/Liblist.pm line 22.
Use of uninitialized value $_[0] in opendir at /nix/store/7c044di03qa7qgr5kjjc2d787aspzp0m-perl-5.32.0/lib/perl5/5.32.0/ExtUtils/Liblist.pm line 20.
readdir() attempted on invalid dirhandle $dir_fh at /nix/store/7c044di03qa7qgr5kjjc2d787aspzp0m-perl-5.32.0/lib/perl5/5.32.0/ExtUtils/Liblist.pm line 21.
closedir() attempted on invalid dirhandle $dir_fh at /nix/store/7c044di03qa7qgr5kjjc2d787aspzp0m-perl-5.32.0/lib/perl5/5.32.0/ExtUtils/Liblist.pm line 22.
Use of uninitialized value $thispth in concatenation (.) or string at /nix/store/7c044di03qa7qgr5kjjc2d787aspzp0m-perl-5.32.0/lib/perl5/5.32.0/ExtUtils/Liblist/Kid.pm line 162.
Use of uninitialized value $thispth in concatenation (.) or string at /nix/store/7c044di03qa7qgr5kjjc2d787aspzp0m-perl-5.32.0/lib/perl5/5.32.0/ExtUtils/Liblist/Kid.pm line 166.
Use of uninitialized value $thispth in concatenation (.) or string at /nix/store/7c044di03qa7qgr5kjjc2d787aspzp0m-perl-5.32.0/lib/perl5/5.32.0/ExtUtils/Liblist/Kid.pm line 171.
Use of uninitialized value $thispth in concatenation (.) or string at /nix/store/7c044di03qa7qgr5kjjc2d787aspzp0m-perl-5.32.0/lib/perl5/5.32.0/ExtUtils/Liblist/Kid.pm line 173.
Use of uninitialized value $thispth in concatenation (.) or string at /nix/store/7c044di03qa7qgr5kjjc2d787aspzp0m-perl-5.32.0/lib/perl5/5.32.0/ExtUtils/Liblist/Kid.pm line 177.
Use of uninitialized value $thispth in concatenation (.) or string at /nix/store/7c044di03qa7qgr5kjjc2d787aspzp0m-perl-5.32.0/lib/perl5/5.32.0/ExtUtils/Liblist/Kid.pm line 179.
Use of uninitialized value $thispth in concatenation (.) or string at /nix/store/7c044di03qa7qgr5kjjc2d787aspzp0m-perl-5.32.0/lib/perl5/5.32.0/ExtUtils/Liblist/Kid.pm line 183.
Warning (mostly harmless): No library found for -ltiff
TIFF: Test code failed: Can't link/include 'tiffio.h', 'stdio.h', 'string.h', 'tiff'
Win32: main: includes not found - libraries not found
Win32: Checking if the compiler can find them on its own
readdir() attempted on invalid dirhandle $dir_fh at /nix/store/7c044di03qa7qgr5kjjc2d787aspzp0m-perl-5.32.0/lib/perl5/5.32.0/ExtUtils/Liblist.pm line 21.
closedir() attempted on invalid dirhandle $dir_fh at /nix/store/7c044di03qa7qgr5kjjc2d787aspzp0m-perl-5.32.0/lib/perl5/5.32.0/ExtUtils/Liblist.pm line 22.
readdir() attempted on invalid dirhandle $dir_fh at /nix/store/7c044di03qa7qgr5kjjc2d787aspzp0m-perl-5.32.0/lib/perl5/5.32.0/ExtUtils/Liblist.pm line 21.
closedir() attempted on invalid dirhandle $dir_fh at /nix/store/7c044di03qa7qgr5kjjc2d787aspzp0m-perl-5.32.0/lib/perl5/5.32.0/ExtUtils/Liblist.pm line 22.
Use of uninitialized value $_[0] in opendir at /nix/store/7c044di03qa7qgr5kjjc2d787aspzp0m-perl-5.32.0/lib/perl5/5.32.0/ExtUtils/Liblist.pm line 20.
readdir() attempted on invalid dirhandle $dir_fh at /nix/store/7c044di03qa7qgr5kjjc2d787aspzp0m-perl-5.32.0/lib/perl5/5.32.0/ExtUtils/Liblist.pm line 21.
closedir() attempted on invalid dirhandle $dir_fh at /nix/store/7c044di03qa7qgr5kjjc2d787aspzp0m-perl-5.32.0/lib/perl5/5.32.0/ExtUtils/Liblist.pm line 22.
Use of uninitialized value $_[0] in opendir at /nix/store/7c044di03qa7qgr5kjjc2d787aspzp0m-perl-5.32.0/lib/perl5/5.32.0/ExtUtils/Liblist.pm line 20.
readdir() attempted on invalid dirhandle $dir_fh at /nix/store/7c044di03qa7qgr5kjjc2d787aspzp0m-perl-5.32.0/lib/perl5/5.32.0/ExtUtils/Liblist.pm line 21.
closedir() attempted on invalid dirhandle $dir_fh at /nix/store/7c044di03qa7qgr5kjjc2d787aspzp0m-perl-5.32.0/lib/perl5/5.32.0/ExtUtils/Liblist.pm line 22.
Use of uninitialized value $thispth in concatenation (.) or string at /nix/store/7c044di03qa7qgr5kjjc2d787aspzp0m-perl-5.32.0/lib/perl5/5.32.0/ExtUtils/Liblist/Kid.pm line 162.
Use of uninitialized value $thispth in concatenation (.) or string at /nix/store/7c044di03qa7qgr5kjjc2d787aspzp0m-perl-5.32.0/lib/perl5/5.32.0/ExtUtils/Liblist/Kid.pm line 166.
Use of uninitialized value $thispth in concatenation (.) or string at /nix/store/7c044di03qa7qgr5kjjc2d787aspzp0m-perl-5.32.0/lib/perl5/5.32.0/ExtUtils/Liblist/Kid.pm line 171.
Use of uninitialized value $thispth in concatenation (.) or string at /nix/store/7c044di03qa7qgr5kjjc2d787aspzp0m-perl-5.32.0/lib/perl5/5.32.0/ExtUtils/Liblist/Kid.pm line 173.
Use of uninitialized value $thispth in concatenation (.) or string at /nix/store/7c044di03qa7qgr5kjjc2d787aspzp0m-perl-5.32.0/lib/perl5/5.32.0/ExtUtils/Liblist/Kid.pm line 177.
Use of uninitialized value $thispth in concatenation (.) or string at /nix/store/7c044di03qa7qgr5kjjc2d787aspzp0m-perl-5.32.0/lib/perl5/5.32.0/ExtUtils/Liblist/Kid.pm line 179.
Use of uninitialized value $thispth in concatenation (.) or string at /nix/store/7c044di03qa7qgr5kjjc2d787aspzp0m-perl-5.32.0/lib/perl5/5.32.0/ExtUtils/Liblist/Kid.pm line 183.
Warning (mostly harmless): No library found for -lgdi32
Win32: Test code failed: Can't link/include 'windows.h', 'gdi32'
Generating a Unix-style Makefile
Writing Makefile for Imager
Writing MYMETA.yml and MYMETA.json

Libraries found:
  FT2
  JPEG
  PNG
Libraries *not* found:
  FT1
  GIF
  T1
  TIFF
  Win32
no configure script, doing nothing
building
build flags: SHELL=/nix/store/9fqwwd4iybmhjqyxiaxycknslw6bgwh1-bash-4.4-p23/bin/bash
"/nix/store/7c044di03qa7qgr5kjjc2d787aspzp0m-perl-5.32.0/bin/perl" "/nix/store/7c044di03qa7qgr5kjjc2d787aspzp0m-perl-5.32.0/lib/perl5/5.32.0/ExtUtils/xsubpp"  -typemap '/nix/store/7c044di03qa7qgr5kjjc2d787aspzp0m-perl-5.32.0/lib/perl5/5.32.0/ExtUtils/typemap' -typemap '/build/Imager-1.012/typemap.local' -typemap '/build/Imager-1.012/typemap' -typemap '/build/Imager-1.012/typemap'  Imager.xs > Imager.xsc
mv Imager.xsc Imager.c
"/nix/store/7c044di03qa7qgr5kjjc2d787aspzp0m-perl-5.32.0/bin/perl" apidocs.perl lib/Imager/APIRef.pod
"/nix/store/7c044di03qa7qgr5kjjc2d787aspzp0m-perl-5.32.0/bin/perl" regops.perl regmach.h lib/Imager/Regops.pm
cp lib/Imager/Color.pm blib/lib/Imager/Color.pm
cp imdatatypes.h blib/lib/Imager/include/imdatatypes.h
cp imextpl.h blib/lib/Imager/include/imextpl.h
cp imerror.h blib/lib/Imager/include/imerror.h
cp ext.h blib/lib/Imager/include/ext.h
cp lib/Imager/Font/BBox.pm blib/lib/Imager/Font/BBox.pm
cp lib/Imager/Engines.pod blib/lib/Imager/Engines.pod
cp imextdef.h blib/lib/Imager/include/imextdef.h
cp lib/Imager/Font/Test.pm blib/lib/Imager/Font/Test.pm
cp iolayer.h blib/lib/Imager/include/iolayer.h
cp iolayert.h blib/lib/Imager/include/iolayert.h
cp lib/Imager/Color/Table.pm blib/lib/Imager/Color/Table.pm
cp imageri.h blib/lib/Imager/include/imageri.h
cp draw.h blib/lib/Imager/include/draw.h
cp lib/Imager/Filters.pod blib/lib/Imager/Filters.pod
cp lib/Imager/ExtUtils.pm blib/lib/Imager/ExtUtils.pm
cp imexttypes.h blib/lib/Imager/include/imexttypes.h
cp lib/Imager/Font.pm blib/lib/Imager/Font.pm
cp lib/Imager/Cookbook.pod blib/lib/Imager/Cookbook.pod
cp imio.h blib/lib/Imager/include/imio.h
cp lib/Imager/Fill.pm blib/lib/Imager/Fill.pm
cp lib/Imager/APIRef.pod blib/lib/Imager/APIRef.pod
cp lib/Imager/API.pod blib/lib/Imager/API.pod
cp imextpltypes.h blib/lib/Imager/include/imextpltypes.h
cp dynaload.h blib/lib/Imager/include/dynaload.h
cp imrender.h blib/lib/Imager/include/imrender.h
cp imperlio.h blib/lib/Imager/include/imperlio.h
cp lib/Imager/Color/Float.pm blib/lib/Imager/Color/Float.pm
cp lib/Imager/Draw.pod blib/lib/Imager/Draw.pod
cp feat.h blib/lib/Imager/include/feat.h
cp imconfig.h blib/lib/Imager/include/imconfig.h
cp imexif.h blib/lib/Imager/include/imexif.h
cp lib/Imager/Font/Truetype.pm blib/lib/Imager/Font/Truetype.pm
cp immacros.h blib/lib/Imager/include/immacros.h
cp lib/Imager/Expr.pm blib/lib/Imager/Expr.pm
cp imext.h blib/lib/Imager/include/imext.h
cp Imager.pm blib/lib/Imager.pm
cp lib/Imager/Font/FreeType2.pm blib/lib/Imager/Font/FreeType2.pm
cp lib/Imager/Font/Type1.pm blib/lib/Imager/Font/Type1.pm
cp lib/Imager/Font/Image.pm blib/lib/Imager/Font/Image.pm
cp lib/Imager/Expr/Assem.pm blib/lib/Imager/Expr/Assem.pm
cp imager.h blib/lib/Imager/include/imager.h
cp imperl.h blib/lib/Imager/include/imperl.h
cp lib/Imager/Files.pod blib/lib/Imager/Files.pod
cp lib/Imager/IO.pod blib/lib/Imager/IO.pod
cp lib/Imager/Inline.pod blib/lib/Imager/Inline.pod
cp typemap blib/lib/Imager/typemap
cp stackmach.h blib/lib/Imager/include/stackmach.h
cp lib/Imager/Fountain.pm blib/lib/Imager/Fountain.pm
cp lib/Imager/Transformations.pod blib/lib/Imager/Transformations.pod
cp lib/Imager/regmach.pod blib/lib/Imager/regmach.pod
cp lib/Imager/Probe.pm blib/lib/Imager/Probe.pm
cp ppport.h blib/lib/Imager/include/ppport.h
cp lib/Imager/Regops.pm blib/lib/Imager/Regops.pm
cp lib/Imager/Test.pm blib/lib/Imager/Test.pm
cp log.h blib/lib/Imager/include/log.h
cp regmach.h blib/lib/Imager/include/regmach.h
cp rendert.h blib/lib/Imager/include/rendert.h
cp lib/Imager/Preprocess.pm blib/lib/Imager/Preprocess.pm
cp lib/Imager/interface.pod blib/lib/Imager/interface.pod
cp lib/Imager/ImageTypes.pod blib/lib/Imager/ImageTypes.pod
cp lib/Imager/Handy.pod blib/lib/Imager/Handy.pod
cp lib/Imager/Transform.pm blib/lib/Imager/Transform.pm
cp lib/Imager/Matrix2d.pm blib/lib/Imager/Matrix2d.pm
cp plug.h blib/lib/Imager/include/plug.h
cp lib/Imager/Tutorial.pod blib/lib/Imager/Tutorial.pod
cp lib/Imager/Security.pod blib/lib/Imager/Security.pod
cp lib/Imager/Threads.pod blib/lib/Imager/Threads.pod
cp lib/Imager/Install.pod blib/lib/Imager/Install.pod
cp lib/Imager/Font/Wrap.pm blib/lib/Imager/Font/Wrap.pm
cp lib/Imager/LargeSamples.pod blib/lib/Imager/LargeSamples.pod
make[1]: Entering directory '/build/Imager-1.012/CountColor'
cp CountColor.pm ../blib/lib/Imager/CountColor.pm
Running Mkbootstrap for CountColor ()
chmod 644 "CountColor.bs"
"/nix/store/7c044di03qa7qgr5kjjc2d787aspzp0m-perl-5.32.0/bin/perl" -MExtUtils::Command::MM -e 'cp_nonempty' -- CountColor.bs ../blib/arch/auto/Imager/CountColor/CountColor.bs 644
"/nix/store/7c044di03qa7qgr5kjjc2d787aspzp0m-perl-5.32.0/bin/perl" "/nix/store/7c044di03qa7qgr5kjjc2d787aspzp0m-perl-5.32.0/lib/perl5/5.32.0/ExtUtils/xsubpp"  -typemap '/nix/store/7c044di03qa7qgr5kjjc2d787aspzp0m-perl-5.32.0/lib/perl5/5.32.0/ExtUtils/typemap'  CountColor.xs > CountColor.xsc
mv CountColor.xsc CountColor.c
cc -c  -I.. -D_REENTRANT -D_GNU_SOURCE -fwrapv -fno-strict-aliasing -pipe -fstack-protector-strong -I/no-such-path/include -D_LARGEFILE_SOURCE -D_FILE_OFFSET_BITS=64 -O2   -DVERSION=\"0.03\" -DXS_VERSION=\"0.03\" -fPIC "-I/nix/store/7c044di03qa7qgr5kjjc2d787aspzp0m-perl-5.32.0/lib/perl5/5.32.0/x86_64-linux-thread-multi/CORE" -DOS_linux     CountColor.c
In file included from CountColor.xs:8:
../ppport.h:4385: warning: "WIDEST_UTYPE" redefined
 4385 | # define WIDEST_UTYPE U64TYPE
      |
In file included from /nix/store/7c044di03qa7qgr5kjjc2d787aspzp0m-perl-5.32.0/lib/perl5/5.32.0/x86_64-linux-thread-multi/CORE/perl.h:2753,
                 from CountColor.xs:6:
/nix/store/7c044di03qa7qgr5kjjc2d787aspzp0m-perl-5.32.0/lib/perl5/5.32.0/x86_64-linux-thread-multi/CORE/handy.h:1251: note: this is the location of the previous definition
 1251 | #   define WIDEST_UTYPE U64
      |
rm -f ../blib/arch/auto/Imager/CountColor/CountColor.so
cc  -shared -O2 -L/nix/store/68pw3wxwkrx0rwzjifm7g1jxy5g2sg1p-glibc-2.31/lib -fstack-protector-strong  CountColor.o  -o ../blib/arch/auto/Imager/CountColor/CountColor.so  \
      \

chmod 755 ../blib/arch/auto/Imager/CountColor/CountColor.so
Manifying 1 pod document
make[1]: Leaving directory '/build/Imager-1.012/CountColor'
make[1]: Entering directory '/build/Imager-1.012/DynTest'
cp DynTest.pm ../blib/lib/Imager/Filter/DynTest.pm
Running Mkbootstrap for DynTest ()
chmod 644 "DynTest.bs"
"/nix/store/7c044di03qa7qgr5kjjc2d787aspzp0m-perl-5.32.0/bin/perl" -MExtUtils::Command::MM -e 'cp_nonempty' -- DynTest.bs ../blib/arch/auto/Imager/Filter/DynTest/DynTest.bs 644
"/nix/store/7c044di03qa7qgr5kjjc2d787aspzp0m-perl-5.32.0/bin/perl" "/nix/store/7c044di03qa7qgr5kjjc2d787aspzp0m-perl-5.32.0/lib/perl5/5.32.0/ExtUtils/xsubpp"  -typemap '/nix/store/7c044di03qa7qgr5kjjc2d787aspzp0m-perl-5.32.0/lib/perl5/5.32.0/ExtUtils/typemap'  DynTest.xs > DynTest.xsc
mv DynTest.xsc DynTest.c
cc -c  -I.. -D_REENTRANT -D_GNU_SOURCE -fwrapv -fno-strict-aliasing -pipe -fstack-protector-strong -I/no-such-path/include -D_LARGEFILE_SOURCE -D_FILE_OFFSET_BITS=64 -O2   -DVERSION=\"0.03\" -DXS_VERSION=\"0.03\" -fPIC "-I/nix/store/7c044di03qa7qgr5kjjc2d787aspzp0m-perl-5.32.0/lib/perl5/5.32.0/x86_64-linux-thread-multi/CORE" -DOS_linux     DynTest.c
In file included from DynTest.xs:8:
../ppport.h:4385: warning: "WIDEST_UTYPE" redefined
 4385 | # define WIDEST_UTYPE U64TYPE
      |
In file included from /nix/store/7c044di03qa7qgr5kjjc2d787aspzp0m-perl-5.32.0/lib/perl5/5.32.0/x86_64-linux-thread-multi/CORE/perl.h:2753,
                 from DynTest.xs:6:
/nix/store/7c044di03qa7qgr5kjjc2d787aspzp0m-perl-5.32.0/lib/perl5/5.32.0/x86_64-linux-thread-multi/CORE/handy.h:1251: note: this is the location of the previous definition
 1251 | #   define WIDEST_UTYPE U64
      |
cc -c  -I.. -D_REENTRANT -D_GNU_SOURCE -fwrapv -fno-strict-aliasing -pipe -fstack-protector-strong -I/no-such-path/include -D_LARGEFILE_SOURCE -D_FILE_OFFSET_BITS=64 -O2   -DVERSION=\"0.03\" -DXS_VERSION=\"0.03\" -fPIC "-I/nix/store/7c044di03qa7qgr5kjjc2d787aspzp0m-perl-5.32.0/lib/perl5/5.32.0/x86_64-linux-thread-multi/CORE" -DOS_linux     linstretch.c
rm -f ../blib/arch/auto/Imager/Filter/DynTest/DynTest.so
cc  -shared -O2 -L/nix/store/68pw3wxwkrx0rwzjifm7g1jxy5g2sg1p-glibc-2.31/lib -fstack-protector-strong  DynTest.o linstretch.o  -o ../blib/arch/auto/Imager/Filter/DynTest/DynTest.so  \
      \

chmod 755 ../blib/arch/auto/Imager/Filter/DynTest/DynTest.so
make[1]: Leaving directory '/build/Imager-1.012/DynTest'
make[1]: Entering directory '/build/Imager-1.012/FT2'
cp FT2.pm ../blib/lib/Imager/Font/FT2.pm
Running Mkbootstrap for FT2 ()
chmod 644 "FT2.bs"
"/nix/store/7c044di03qa7qgr5kjjc2d787aspzp0m-perl-5.32.0/bin/perl" -MExtUtils::Command::MM -e 'cp_nonempty' -- FT2.bs ../blib/arch/auto/Imager/Font/FT2/FT2.bs 644
"/nix/store/7c044di03qa7qgr5kjjc2d787aspzp0m-perl-5.32.0/bin/perl" "/nix/store/7c044di03qa7qgr5kjjc2d787aspzp0m-perl-5.32.0/lib/perl5/5.32.0/ExtUtils/xsubpp"  -typemap '/nix/store/7c044di03qa7qgr5kjjc2d787aspzp0m-perl-5.32.0/lib/perl5/5.32.0/ExtUtils/typemap' -typemap '/build/Imager-1.012/FT2/typemap'  FT2.xs > FT2.xsc
mv FT2.xsc FT2.c
cc -c  -I.. -I/nix/store/wagq52jzxbf4rjv9xb12yxfmr5bx25gg-freetype-2.10.2-dev/include/freetype2 -D_REENTRANT -D_GNU_SOURCE -fwrapv -fno-strict-aliasing -pipe -fstack-protector-strong -I/no-such-path/include -D_LARGEFILE_SOURCE -D_FILE_OFFSET_BITS=64 -O2   -DVERSION=\"0.98\" -DXS_VERSION=\"0.98\" -fPIC "-I/nix/store/7c044di03qa7qgr5kjjc2d787aspzp0m-perl-5.32.0/lib/perl5/5.32.0/x86_64-linux-thread-multi/CORE" -DOS_linux     FT2.c
cc -c  -I.. -I/nix/store/wagq52jzxbf4rjv9xb12yxfmr5bx25gg-freetype-2.10.2-dev/include/freetype2 -D_REENTRANT -D_GNU_SOURCE -fwrapv -fno-strict-aliasing -pipe -fstack-protector-strong -I/no-such-path/include -D_LARGEFILE_SOURCE -D_FILE_OFFSET_BITS=64 -O2   -DVERSION=\"0.98\" -DXS_VERSION=\"0.98\" -fPIC "-I/nix/store/7c044di03qa7qgr5kjjc2d787aspzp0m-perl-5.32.0/lib/perl5/5.32.0/x86_64-linux-thread-multi/CORE" -DOS_linux     freetyp2.c
rm -f ../blib/arch/auto/Imager/Font/FT2/FT2.so
LD_RUN_PATH="/nix/store/znbxnmm92npfppagkc5f588q8lxm0my0-freetype-2.10.2/lib" cc  -shared -O2 -L/nix/store/68pw3wxwkrx0rwzjifm7g1jxy5g2sg1p-glibc-2.31/lib -fstack-protector-strong  FT2.o freetyp2.o  -o ../blib/arch/auto/Imager/Font/FT2/FT2.so  \
   -L/nix/store/znbxnmm92npfppagkc5f588q8lxm0my0-freetype-2.10.2/lib -lfreetype   \

chmod 755 ../blib/arch/auto/Imager/Font/FT2/FT2.so
Manifying 1 pod document
make[1]: Leaving directory '/build/Imager-1.012/FT2'
make[1]: Entering directory '/build/Imager-1.012/Flines'
cp Flines.pm ../blib/lib/Imager/Filter/Flines.pm
Running Mkbootstrap for Flines ()
chmod 644 "Flines.bs"
"/nix/store/7c044di03qa7qgr5kjjc2d787aspzp0m-perl-5.32.0/bin/perl" -MExtUtils::Command::MM -e 'cp_nonempty' -- Flines.bs ../blib/arch/auto/Imager/Filter/Flines/Flines.bs 644
"/nix/store/7c044di03qa7qgr5kjjc2d787aspzp0m-perl-5.32.0/bin/perl" "/nix/store/7c044di03qa7qgr5kjjc2d787aspzp0m-perl-5.32.0/lib/perl5/5.32.0/ExtUtils/xsubpp"  -typemap '/nix/store/7c044di03qa7qgr5kjjc2d787aspzp0m-perl-5.32.0/lib/perl5/5.32.0/ExtUtils/typemap'  Flines.xs > Flines.xsc
mv Flines.xsc Flines.c
cc -c  -I.. -D_REENTRANT -D_GNU_SOURCE -fwrapv -fno-strict-aliasing -pipe -fstack-protector-strong -I/no-such-path/include -D_LARGEFILE_SOURCE -D_FILE_OFFSET_BITS=64 -O2   -DVERSION=\"0.04\" -DXS_VERSION=\"0.04\" -fPIC "-I/nix/store/7c044di03qa7qgr5kjjc2d787aspzp0m-perl-5.32.0/lib/perl5/5.32.0/x86_64-linux-thread-multi/CORE" -DOS_linux     Flines.c
In file included from Flines.xs:8:
../ppport.h:4385: warning: "WIDEST_UTYPE" redefined
 4385 | # define WIDEST_UTYPE U64TYPE
      |
In file included from /nix/store/7c044di03qa7qgr5kjjc2d787aspzp0m-perl-5.32.0/lib/perl5/5.32.0/x86_64-linux-thread-multi/CORE/perl.h:2753,
                 from Flines.xs:6:
/nix/store/7c044di03qa7qgr5kjjc2d787aspzp0m-perl-5.32.0/lib/perl5/5.32.0/x86_64-linux-thread-multi/CORE/handy.h:1251: note: this is the location of the previous definition
 1251 | #   define WIDEST_UTYPE U64
      |
rm -f ../blib/arch/auto/Imager/Filter/Flines/Flines.so
cc  -shared -O2 -L/nix/store/68pw3wxwkrx0rwzjifm7g1jxy5g2sg1p-glibc-2.31/lib -fstack-protector-strong  Flines.o  -o ../blib/arch/auto/Imager/Filter/Flines/Flines.so  \
      \

chmod 755 ../blib/arch/auto/Imager/Filter/Flines/Flines.so
Manifying 1 pod document
make[1]: Leaving directory '/build/Imager-1.012/Flines'
make[1]: Entering directory '/build/Imager-1.012/GIF'
make[1]: Nothing to be done for 'all'.
make[1]: Leaving directory '/build/Imager-1.012/GIF'
make[1]: Entering directory '/build/Imager-1.012/ICO'
cp lib/Imager/File/CUR.pm ../blib/lib/Imager/File/CUR.pm
cp ICO.pm ../blib/lib/Imager/File/ICO.pm
Running Mkbootstrap for ICO ()
chmod 644 "ICO.bs"
"/nix/store/7c044di03qa7qgr5kjjc2d787aspzp0m-perl-5.32.0/bin/perl" -MExtUtils::Command::MM -e 'cp_nonempty' -- ICO.bs ../blib/arch/auto/Imager/File/ICO/ICO.bs 644
"/nix/store/7c044di03qa7qgr5kjjc2d787aspzp0m-perl-5.32.0/bin/perl" "/nix/store/7c044di03qa7qgr5kjjc2d787aspzp0m-perl-5.32.0/lib/perl5/5.32.0/ExtUtils/xsubpp"  -typemap '/nix/store/7c044di03qa7qgr5kjjc2d787aspzp0m-perl-5.32.0/lib/perl5/5.32.0/ExtUtils/typemap'  ICO.xs > ICO.xsc
mv ICO.xsc ICO.c
cc -c  -I.. -D_REENTRANT -D_GNU_SOURCE -fwrapv -fno-strict-aliasing -pipe -fstack-protector-strong -I/no-such-path/include -D_LARGEFILE_SOURCE -D_FILE_OFFSET_BITS=64 -O2   -DVERSION=\"0.07\" -DXS_VERSION=\"0.07\" -fPIC "-I/nix/store/7c044di03qa7qgr5kjjc2d787aspzp0m-perl-5.32.0/lib/perl5/5.32.0/x86_64-linux-thread-multi/CORE" -DOS_linux     ICO.c
In file included from ICO.xs:8:
../ppport.h:4385: warning: "WIDEST_UTYPE" redefined
 4385 | # define WIDEST_UTYPE U64TYPE
      |
In file included from /nix/store/7c044di03qa7qgr5kjjc2d787aspzp0m-perl-5.32.0/lib/perl5/5.32.0/x86_64-linux-thread-multi/CORE/perl.h:2753,
                 from ICO.xs:3:
/nix/store/7c044di03qa7qgr5kjjc2d787aspzp0m-perl-5.32.0/lib/perl5/5.32.0/x86_64-linux-thread-multi/CORE/handy.h:1251: note: this is the location of the previous definition
 1251 | #   define WIDEST_UTYPE U64
      |
cc -c  -I.. -D_REENTRANT -D_GNU_SOURCE -fwrapv -fno-strict-aliasing -pipe -fstack-protector-strong -I/no-such-path/include -D_LARGEFILE_SOURCE -D_FILE_OFFSET_BITS=64 -O2   -DVERSION=\"0.07\" -DXS_VERSION=\"0.07\" -fPIC "-I/nix/store/7c044di03qa7qgr5kjjc2d787aspzp0m-perl-5.32.0/lib/perl5/5.32.0/x86_64-linux-thread-multi/CORE" -DOS_linux     msicon.c
cc -c  -I.. -D_REENTRANT -D_GNU_SOURCE -fwrapv -fno-strict-aliasing -pipe -fstack-protector-strong -I/no-such-path/include -D_LARGEFILE_SOURCE -D_FILE_OFFSET_BITS=64 -O2   -DVERSION=\"0.07\" -DXS_VERSION=\"0.07\" -fPIC "-I/nix/store/7c044di03qa7qgr5kjjc2d787aspzp0m-perl-5.32.0/lib/perl5/5.32.0/x86_64-linux-thread-multi/CORE" -DOS_linux     imicon.c
rm -f ../blib/arch/auto/Imager/File/ICO/ICO.so
cc  -shared -O2 -L/nix/store/68pw3wxwkrx0rwzjifm7g1jxy5g2sg1p-glibc-2.31/lib -fstack-protector-strong  ICO.o msicon.o imicon.o  -o ../blib/arch/auto/Imager/File/ICO/ICO.so  \
      \

chmod 755 ../blib/arch/auto/Imager/File/ICO/ICO.so
Manifying 1 pod document
make[1]: Leaving directory '/build/Imager-1.012/ICO'
make[1]: Entering directory '/build/Imager-1.012/JPEG'
cp JPEG.pm ../blib/lib/Imager/File/JPEG.pm
Running Mkbootstrap for JPEG ()
chmod 644 "JPEG.bs"
"/nix/store/7c044di03qa7qgr5kjjc2d787aspzp0m-perl-5.32.0/bin/perl" -MExtUtils::Command::MM -e 'cp_nonempty' -- JPEG.bs ../blib/arch/auto/Imager/File/JPEG/JPEG.bs 644
"/nix/store/7c044di03qa7qgr5kjjc2d787aspzp0m-perl-5.32.0/bin/perl" "/nix/store/7c044di03qa7qgr5kjjc2d787aspzp0m-perl-5.32.0/lib/perl5/5.32.0/ExtUtils/xsubpp"  -typemap '/nix/store/7c044di03qa7qgr5kjjc2d787aspzp0m-perl-5.32.0/lib/perl5/5.32.0/ExtUtils/typemap'  JPEG.xs > JPEG.xsc
Please specify prototyping behavior for JPEG.xs (see perlxs manual)
mv JPEG.xsc JPEG.c
cc -c  -I.. -I/nix/store/n79ni05lsfdg7k2bq382xxn134grncn0-libjpeg-turbo-2.0.4-dev/include -D_REENTRANT -D_GNU_SOURCE -fwrapv -fno-strict-aliasing -pipe -fstack-protector-strong -I/no-such-path/include -D_LARGEFILE_SOURCE -D_FILE_OFFSET_BITS=64 -O2   -DVERSION=\"0.94\" -DXS_VERSION=\"0.94\" -fPIC "-I/nix/store/7c044di03qa7qgr5kjjc2d787aspzp0m-perl-5.32.0/lib/perl5/5.32.0/x86_64-linux-thread-multi/CORE" -DOS_linux     JPEG.c
cc -c  -I.. -I/nix/store/n79ni05lsfdg7k2bq382xxn134grncn0-libjpeg-turbo-2.0.4-dev/include -D_REENTRANT -D_GNU_SOURCE -fwrapv -fno-strict-aliasing -pipe -fstack-protector-strong -I/no-such-path/include -D_LARGEFILE_SOURCE -D_FILE_OFFSET_BITS=64 -O2   -DVERSION=\"0.94\" -DXS_VERSION=\"0.94\" -fPIC "-I/nix/store/7c044di03qa7qgr5kjjc2d787aspzp0m-perl-5.32.0/lib/perl5/5.32.0/x86_64-linux-thread-multi/CORE" -DOS_linux     imjpeg.c
rm -f ../blib/arch/auto/Imager/File/JPEG/JPEG.so
LD_RUN_PATH="/nix/store/lzg2wfh9763ab9qq369bhwk9md30ww6m-libjpeg-turbo-2.0.4/lib" cc  -shared -O2 -L/nix/store/68pw3wxwkrx0rwzjifm7g1jxy5g2sg1p-glibc-2.31/lib -fstack-protector-strong  JPEG.o imjpeg.o  -o ../blib/arch/auto/Imager/File/JPEG/JPEG.so  \
   -L/nix/store/lzg2wfh9763ab9qq369bhwk9md30ww6m-libjpeg-turbo-2.0.4/lib -ljpeg   \

chmod 755 ../blib/arch/auto/Imager/File/JPEG/JPEG.so
Manifying 1 pod document
make[1]: Leaving directory '/build/Imager-1.012/JPEG'
make[1]: Entering directory '/build/Imager-1.012/Mandelbrot'
cp Mandelbrot.pm ../blib/lib/Imager/Filter/Mandelbrot.pm
Running Mkbootstrap for Mandelbrot ()
chmod 644 "Mandelbrot.bs"
"/nix/store/7c044di03qa7qgr5kjjc2d787aspzp0m-perl-5.32.0/bin/perl" -MExtUtils::Command::MM -e 'cp_nonempty' -- Mandelbrot.bs ../blib/arch/auto/Imager/Filter/Mandelbrot/Mandelbrot.bs 644
"/nix/store/7c044di03qa7qgr5kjjc2d787aspzp0m-perl-5.32.0/bin/perl" "/nix/store/7c044di03qa7qgr5kjjc2d787aspzp0m-perl-5.32.0/lib/perl5/5.32.0/ExtUtils/xsubpp"  -typemap '/nix/store/7c044di03qa7qgr5kjjc2d787aspzp0m-perl-5.32.0/lib/perl5/5.32.0/ExtUtils/typemap'  Mandelbrot.xs > Mandelbrot.xsc
mv Mandelbrot.xsc Mandelbrot.c
cc -c  -I.. -D_REENTRANT -D_GNU_SOURCE -fwrapv -fno-strict-aliasing -pipe -fstack-protector-strong -I/no-such-path/include -D_LARGEFILE_SOURCE -D_FILE_OFFSET_BITS=64 -O2   -DVERSION=\"0.05\" -DXS_VERSION=\"0.05\" -fPIC "-I/nix/store/7c044di03qa7qgr5kjjc2d787aspzp0m-perl-5.32.0/lib/perl5/5.32.0/x86_64-linux-thread-multi/CORE" -DOS_linux     Mandelbrot.c
In file included from Mandelbrot.xs:8:
../ppport.h:4385: warning: "WIDEST_UTYPE" redefined
 4385 | # define WIDEST_UTYPE U64TYPE
      |
In file included from /nix/store/7c044di03qa7qgr5kjjc2d787aspzp0m-perl-5.32.0/lib/perl5/5.32.0/x86_64-linux-thread-multi/CORE/perl.h:2753,
                 from Mandelbrot.xs:6:
/nix/store/7c044di03qa7qgr5kjjc2d787aspzp0m-perl-5.32.0/lib/perl5/5.32.0/x86_64-linux-thread-multi/CORE/handy.h:1251: note: this is the location of the previous definition
 1251 | #   define WIDEST_UTYPE U64
      |
cc -c  -I.. -D_REENTRANT -D_GNU_SOURCE -fwrapv -fno-strict-aliasing -pipe -fstack-protector-strong -I/no-such-path/include -D_LARGEFILE_SOURCE -D_FILE_OFFSET_BITS=64 -O2   -DVERSION=\"0.05\" -DXS_VERSION=\"0.05\" -fPIC "-I/nix/store/7c044di03qa7qgr5kjjc2d787aspzp0m-perl-5.32.0/lib/perl5/5.32.0/x86_64-linux-thread-multi/CORE" -DOS_linux     mandel.c
rm -f ../blib/arch/auto/Imager/Filter/Mandelbrot/Mandelbrot.so
cc  -shared -O2 -L/nix/store/68pw3wxwkrx0rwzjifm7g1jxy5g2sg1p-glibc-2.31/lib -fstack-protector-strong  Mandelbrot.o mandel.o  -o ../blib/arch/auto/Imager/Filter/Mandelbrot/Mandelbrot.so  \
      \

chmod 755 ../blib/arch/auto/Imager/Filter/Mandelbrot/Mandelbrot.so
Manifying 1 pod document
make[1]: Leaving directory '/build/Imager-1.012/Mandelbrot'
make[1]: Entering directory '/build/Imager-1.012/PNG'
cp PNG.pm ../blib/lib/Imager/File/PNG.pm
Running Mkbootstrap for PNG ()
chmod 644 "PNG.bs"
"/nix/store/7c044di03qa7qgr5kjjc2d787aspzp0m-perl-5.32.0/bin/perl" -MExtUtils::Command::MM -e 'cp_nonempty' -- PNG.bs ../blib/arch/auto/Imager/File/PNG/PNG.bs 644
"/nix/store/7c044di03qa7qgr5kjjc2d787aspzp0m-perl-5.32.0/bin/perl" "/nix/store/7c044di03qa7qgr5kjjc2d787aspzp0m-perl-5.32.0/lib/perl5/5.32.0/ExtUtils/xsubpp"  -typemap '/nix/store/7c044di03qa7qgr5kjjc2d787aspzp0m-perl-5.32.0/lib/perl5/5.32.0/ExtUtils/typemap'  PNG.xs > PNG.xsc
Please specify prototyping behavior for PNG.xs (see perlxs manual)
mv PNG.xsc PNG.c
cc -c  -I.. -I/nix/store/1q0zxqvbksi9aajlnjzzql680f0w4lr5-libpng-apng-1.6.37-dev/include -D_REENTRANT -D_GNU_SOURCE -fwrapv -fno-strict-aliasing -pipe -fstack-protector-strong -I/no-such-path/include -D_LARGEFILE_SOURCE -D_FILE_OFFSET_BITS=64 -O2   -DVERSION=\"0.95\" -DXS_VERSION=\"0.95\" -fPIC "-I/nix/store/7c044di03qa7qgr5kjjc2d787aspzp0m-perl-5.32.0/lib/perl5/5.32.0/x86_64-linux-thread-multi/CORE" -DOS_linux     PNG.c
cc -c  -I.. -I/nix/store/1q0zxqvbksi9aajlnjzzql680f0w4lr5-libpng-apng-1.6.37-dev/include -D_REENTRANT -D_GNU_SOURCE -fwrapv -fno-strict-aliasing -pipe -fstack-protector-strong -I/no-such-path/include -D_LARGEFILE_SOURCE -D_FILE_OFFSET_BITS=64 -O2   -DVERSION=\"0.95\" -DXS_VERSION=\"0.95\" -fPIC "-I/nix/store/7c044di03qa7qgr5kjjc2d787aspzp0m-perl-5.32.0/lib/perl5/5.32.0/x86_64-linux-thread-multi/CORE" -DOS_linux     impng.c
rm -f ../blib/arch/auto/Imager/File/PNG/PNG.so
LD_RUN_PATH="/nix/store/cafyrqpsal8ilbsspzylimmpr1crw7cw-libpng-apng-1.6.37/lib" cc  -shared -O2 -L/nix/store/68pw3wxwkrx0rwzjifm7g1jxy5g2sg1p-glibc-2.31/lib -fstack-protector-strong  PNG.o impng.o  -o ../blib/arch/auto/Imager/File/PNG/PNG.so  \
   -L/nix/store/cafyrqpsal8ilbsspzylimmpr1crw7cw-libpng-apng-1.6.37/lib -lpng   \

chmod 755 ../blib/arch/auto/Imager/File/PNG/PNG.so
Manifying 1 pod document
make[1]: Leaving directory '/build/Imager-1.012/PNG'
make[1]: Entering directory '/build/Imager-1.012/SGI'
cp SGI.pm ../blib/lib/Imager/File/SGI.pm
Running Mkbootstrap for SGI ()
chmod 644 "SGI.bs"
"/nix/store/7c044di03qa7qgr5kjjc2d787aspzp0m-perl-5.32.0/bin/perl" -MExtUtils::Command::MM -e 'cp_nonempty' -- SGI.bs ../blib/arch/auto/Imager/File/SGI/SGI.bs 644
"/nix/store/7c044di03qa7qgr5kjjc2d787aspzp0m-perl-5.32.0/bin/perl" "/nix/store/7c044di03qa7qgr5kjjc2d787aspzp0m-perl-5.32.0/lib/perl5/5.32.0/ExtUtils/xsubpp"  -typemap '/nix/store/7c044di03qa7qgr5kjjc2d787aspzp0m-perl-5.32.0/lib/perl5/5.32.0/ExtUtils/typemap'  SGI.xs > SGI.xsc
mv SGI.xsc SGI.c
cc -c  -I.. -D_REENTRANT -D_GNU_SOURCE -fwrapv -fno-strict-aliasing -pipe -fstack-protector-strong -I/no-such-path/include -D_LARGEFILE_SOURCE -D_FILE_OFFSET_BITS=64 -O2   -DVERSION=\"0.05\" -DXS_VERSION=\"0.05\" -fPIC "-I/nix/store/7c044di03qa7qgr5kjjc2d787aspzp0m-perl-5.32.0/lib/perl5/5.32.0/x86_64-linux-thread-multi/CORE" -DOS_linux     SGI.c
In file included from SGI.xs:8:
../ppport.h:4385: warning: "WIDEST_UTYPE" redefined
 4385 | # define WIDEST_UTYPE U64TYPE
      |
In file included from /nix/store/7c044di03qa7qgr5kjjc2d787aspzp0m-perl-5.32.0/lib/perl5/5.32.0/x86_64-linux-thread-multi/CORE/perl.h:2753,
                 from SGI.xs:3:
/nix/store/7c044di03qa7qgr5kjjc2d787aspzp0m-perl-5.32.0/lib/perl5/5.32.0/x86_64-linux-thread-multi/CORE/handy.h:1251: note: this is the location of the previous definition
 1251 | #   define WIDEST_UTYPE U64
      |
cc -c  -I.. -D_REENTRANT -D_GNU_SOURCE -fwrapv -fno-strict-aliasing -pipe -fstack-protector-strong -I/no-such-path/include -D_LARGEFILE_SOURCE -D_FILE_OFFSET_BITS=64 -O2   -DVERSION=\"0.05\" -DXS_VERSION=\"0.05\" -fPIC "-I/nix/store/7c044di03qa7qgr5kjjc2d787aspzp0m-perl-5.32.0/lib/perl5/5.32.0/x86_64-linux-thread-multi/CORE" -DOS_linux     imsgi.c
rm -f ../blib/arch/auto/Imager/File/SGI/SGI.so
cc  -shared -O2 -L/nix/store/68pw3wxwkrx0rwzjifm7g1jxy5g2sg1p-glibc-2.31/lib -fstack-protector-strong  SGI.o imsgi.o  -o ../blib/arch/auto/Imager/File/SGI/SGI.so  \
      \

chmod 755 ../blib/arch/auto/Imager/File/SGI/SGI.so
Manifying 1 pod document
make[1]: Leaving directory '/build/Imager-1.012/SGI'
make[1]: Entering directory '/build/Imager-1.012/T1'
make[1]: Nothing to be done for 'all'.
make[1]: Leaving directory '/build/Imager-1.012/T1'
make[1]: Entering directory '/build/Imager-1.012/TIFF'
make[1]: Nothing to be done for 'all'.
make[1]: Leaving directory '/build/Imager-1.012/TIFF'
make[1]: Entering directory '/build/Imager-1.012/W32'
make[1]: Nothing to be done for 'all'.
make[1]: Leaving directory '/build/Imager-1.012/W32'
Running Mkbootstrap for Imager ()
chmod 644 "Imager.bs"
"/nix/store/7c044di03qa7qgr5kjjc2d787aspzp0m-perl-5.32.0/bin/perl" -MExtUtils::Command::MM -e 'cp_nonempty' -- Imager.bs blib/arch/auto/Imager/Imager.bs 644
cc -c   -D_REENTRANT -D_GNU_SOURCE -fwrapv -fno-strict-aliasing -pipe -fstack-protector-strong -I/no-such-path/include -D_LARGEFILE_SOURCE -D_FILE_OFFSET_BITS=64 -O2   -DVERSION=\"1.012\" -DXS_VERSION=\"1.012\" -fPIC "-I/nix/store/7c044di03qa7qgr5kjjc2d787aspzp0m-perl-5.32.0/lib/perl5/5.32.0/x86_64-linux-thread-multi/CORE"  -DOS_linux   Imager.c
In file included from Imager.xs:11:
ppport.h:4385: warning: "WIDEST_UTYPE" redefined
 4385 | # define WIDEST_UTYPE U64TYPE
      |
In file included from /nix/store/7c044di03qa7qgr5kjjc2d787aspzp0m-perl-5.32.0/lib/perl5/5.32.0/x86_64-linux-thread-multi/CORE/perl.h:2753,
                 from Imager.xs:6:
/nix/store/7c044di03qa7qgr5kjjc2d787aspzp0m-perl-5.32.0/lib/perl5/5.32.0/x86_64-linux-thread-multi/CORE/handy.h:1251: note: this is the location of the previous definition
 1251 | #   define WIDEST_UTYPE U64
      |
cc -c   -D_REENTRANT -D_GNU_SOURCE -fwrapv -fno-strict-aliasing -pipe -fstack-protector-strong -I/no-such-path/include -D_LARGEFILE_SOURCE -D_FILE_OFFSET_BITS=64 -O2   -DVERSION=\"1.012\" -DXS_VERSION=\"1.012\" -fPIC "-I/nix/store/7c044di03qa7qgr5kjjc2d787aspzp0m-perl-5.32.0/lib/perl5/5.32.0/x86_64-linux-thread-multi/CORE"  -DOS_linux   context.c
cc -c   -D_REENTRANT -D_GNU_SOURCE -fwrapv -fno-strict-aliasing -pipe -fstack-protector-strong -I/no-such-path/include -D_LARGEFILE_SOURCE -D_FILE_OFFSET_BITS=64 -O2   -DVERSION=\"1.012\" -DXS_VERSION=\"1.012\" -fPIC "-I/nix/store/7c044di03qa7qgr5kjjc2d787aspzp0m-perl-5.32.0/lib/perl5/5.32.0/x86_64-linux-thread-multi/CORE"  -DOS_linux   draw.c
cc -c   -D_REENTRANT -D_GNU_SOURCE -fwrapv -fno-strict-aliasing -pipe -fstack-protector-strong -I/no-such-path/include -D_LARGEFILE_SOURCE -D_FILE_OFFSET_BITS=64 -O2   -DVERSION=\"1.012\" -DXS_VERSION=\"1.012\" -fPIC "-I/nix/store/7c044di03qa7qgr5kjjc2d787aspzp0m-perl-5.32.0/lib/perl5/5.32.0/x86_64-linux-thread-multi/CORE"  -DOS_linux   polygon.c
cc -c   -D_REENTRANT -D_GNU_SOURCE -fwrapv -fno-strict-aliasing -pipe -fstack-protector-strong -I/no-such-path/include -D_LARGEFILE_SOURCE -D_FILE_OFFSET_BITS=64 -O2   -DVERSION=\"1.012\" -DXS_VERSION=\"1.012\" -fPIC "-I/nix/store/7c044di03qa7qgr5kjjc2d787aspzp0m-perl-5.32.0/lib/perl5/5.32.0/x86_64-linux-thread-multi/CORE"  -DOS_linux   image.c
cc -c   -D_REENTRANT -D_GNU_SOURCE -fwrapv -fno-strict-aliasing -pipe -fstack-protector-strong -I/no-such-path/include -D_LARGEFILE_SOURCE -D_FILE_OFFSET_BITS=64 -O2   -DVERSION=\"1.012\" -DXS_VERSION=\"1.012\" -fPIC "-I/nix/store/7c044di03qa7qgr5kjjc2d787aspzp0m-perl-5.32.0/lib/perl5/5.32.0/x86_64-linux-thread-multi/CORE"  -DOS_linux   io.c
cc -c   -D_REENTRANT -D_GNU_SOURCE -fwrapv -fno-strict-aliasing -pipe -fstack-protector-strong -I/no-such-path/include -D_LARGEFILE_SOURCE -D_FILE_OFFSET_BITS=64 -O2   -DVERSION=\"1.012\" -DXS_VERSION=\"1.012\" -fPIC "-I/nix/store/7c044di03qa7qgr5kjjc2d787aspzp0m-perl-5.32.0/lib/perl5/5.32.0/x86_64-linux-thread-multi/CORE"  -DOS_linux   iolayer.c
cc -c   -D_REENTRANT -D_GNU_SOURCE -fwrapv -fno-strict-aliasing -pipe -fstack-protector-strong -I/no-such-path/include -D_LARGEFILE_SOURCE -D_FILE_OFFSET_BITS=64 -O2   -DVERSION=\"1.012\" -DXS_VERSION=\"1.012\" -fPIC "-I/nix/store/7c044di03qa7qgr5kjjc2d787aspzp0m-perl-5.32.0/lib/perl5/5.32.0/x86_64-linux-thread-multi/CORE"  -DOS_linux   log.c
"/nix/store/7c044di03qa7qgr5kjjc2d787aspzp0m-perl-5.32.0/bin/perl" -Ilib -MImager::Preprocess -epreprocess gaussian.im gaussian.c
cc -c   -D_REENTRANT -D_GNU_SOURCE -fwrapv -fno-strict-aliasing -pipe -fstack-protector-strong -I/no-such-path/include -D_LARGEFILE_SOURCE -D_FILE_OFFSET_BITS=64 -O2   -DVERSION=\"1.012\" -DXS_VERSION=\"1.012\" -fPIC "-I/nix/store/7c044di03qa7qgr5kjjc2d787aspzp0m-perl-5.32.0/lib/perl5/5.32.0/x86_64-linux-thread-multi/CORE"  -DOS_linux   gaussian.c
"/nix/store/7c044di03qa7qgr5kjjc2d787aspzp0m-perl-5.32.0/bin/perl" -Ilib -MImager::Preprocess -epreprocess conv.im conv.c
cc -c   -D_REENTRANT -D_GNU_SOURCE -fwrapv -fno-strict-aliasing -pipe -fstack-protector-strong -I/no-such-path/include -D_LARGEFILE_SOURCE -D_FILE_OFFSET_BITS=64 -O2   -DVERSION=\"1.012\" -DXS_VERSION=\"1.012\" -fPIC "-I/nix/store/7c044di03qa7qgr5kjjc2d787aspzp0m-perl-5.32.0/lib/perl5/5.32.0/x86_64-linux-thread-multi/CORE"  -DOS_linux   conv.c
cc -c   -D_REENTRANT -D_GNU_SOURCE -fwrapv -fno-strict-aliasing -pipe -fstack-protector-strong -I/no-such-path/include -D_LARGEFILE_SOURCE -D_FILE_OFFSET_BITS=64 -O2   -DVERSION=\"1.012\" -DXS_VERSION=\"1.012\" -fPIC "-I/nix/store/7c044di03qa7qgr5kjjc2d787aspzp0m-perl-5.32.0/lib/perl5/5.32.0/x86_64-linux-thread-multi/CORE"  -DOS_linux   pnm.c
cc -c   -D_REENTRANT -D_GNU_SOURCE -fwrapv -fno-strict-aliasing -pipe -fstack-protector-strong -I/no-such-path/include -D_LARGEFILE_SOURCE -D_FILE_OFFSET_BITS=64 -O2   -DVERSION=\"1.012\" -DXS_VERSION=\"1.012\" -fPIC "-I/nix/store/7c044di03qa7qgr5kjjc2d787aspzp0m-perl-5.32.0/lib/perl5/5.32.0/x86_64-linux-thread-multi/CORE"  -DOS_linux   raw.c
cc -c   -D_REENTRANT -D_GNU_SOURCE -fwrapv -fno-strict-aliasing -pipe -fstack-protector-strong -I/no-such-path/include -D_LARGEFILE_SOURCE -D_FILE_OFFSET_BITS=64 -O2   -DVERSION=\"1.012\" -DXS_VERSION=\"1.012\" -fPIC "-I/nix/store/7c044di03qa7qgr5kjjc2d787aspzp0m-perl-5.32.0/lib/perl5/5.32.0/x86_64-linux-thread-multi/CORE"  -DOS_linux   feat.c
"/nix/store/7c044di03qa7qgr5kjjc2d787aspzp0m-perl-5.32.0/bin/perl" -Ilib -MImager::Preprocess -epreprocess combine.im combine.c
cc -c   -D_REENTRANT -D_GNU_SOURCE -fwrapv -fno-strict-aliasing -pipe -fstack-protector-strong -I/no-such-path/include -D_LARGEFILE_SOURCE -D_FILE_OFFSET_BITS=64 -O2   -DVERSION=\"1.012\" -DXS_VERSION=\"1.012\" -fPIC "-I/nix/store/7c044di03qa7qgr5kjjc2d787aspzp0m-perl-5.32.0/lib/perl5/5.32.0/x86_64-linux-thread-multi/CORE"  -DOS_linux   combine.c
"/nix/store/7c044di03qa7qgr5kjjc2d787aspzp0m-perl-5.32.0/bin/perl" -Ilib -MImager::Preprocess -epreprocess filters.im filters.c
cc -c   -D_REENTRANT -D_GNU_SOURCE -fwrapv -fno-strict-aliasing -pipe -fstack-protector-strong -I/no-such-path/include -D_LARGEFILE_SOURCE -D_FILE_OFFSET_BITS=64 -O2   -DVERSION=\"1.012\" -DXS_VERSION=\"1.012\" -fPIC "-I/nix/store/7c044di03qa7qgr5kjjc2d787aspzp0m-perl-5.32.0/lib/perl5/5.32.0/x86_64-linux-thread-multi/CORE"  -DOS_linux   filters.c
cc -c   -D_REENTRANT -D_GNU_SOURCE -fwrapv -fno-strict-aliasing -pipe -fstack-protector-strong -I/no-such-path/include -D_LARGEFILE_SOURCE -D_FILE_OFFSET_BITS=64 -O2   -DVERSION=\"1.012\" -DXS_VERSION=\"1.012\" -fPIC "-I/nix/store/7c044di03qa7qgr5kjjc2d787aspzp0m-perl-5.32.0/lib/perl5/5.32.0/x86_64-linux-thread-multi/CORE"  -DOS_linux   dynaload.c
In file included from dynaload.h:8,
                 from dynaload.c:23:
ppport.h:4385: warning: "WIDEST_UTYPE" redefined
 4385 | # define WIDEST_UTYPE U64TYPE
      |
In file included from /nix/store/7c044di03qa7qgr5kjjc2d787aspzp0m-perl-5.32.0/lib/perl5/5.32.0/x86_64-linux-thread-multi/CORE/perl.h:2753,
                 from dynaload.h:7,
                 from dynaload.c:23:
/nix/store/7c044di03qa7qgr5kjjc2d787aspzp0m-perl-5.32.0/lib/perl5/5.32.0/x86_64-linux-thread-multi/CORE/handy.h:1251: note: this is the location of the previous definition
 1251 | #   define WIDEST_UTYPE U64
      |
cc -c   -D_REENTRANT -D_GNU_SOURCE -fwrapv -fno-strict-aliasing -pipe -fstack-protector-strong -I/no-such-path/include -D_LARGEFILE_SOURCE -D_FILE_OFFSET_BITS=64 -O2   -DVERSION=\"1.012\" -DXS_VERSION=\"1.012\" -fPIC "-I/nix/store/7c044di03qa7qgr5kjjc2d787aspzp0m-perl-5.32.0/lib/perl5/5.32.0/x86_64-linux-thread-multi/CORE"  -DOS_linux   stackmach.c
cc -c   -D_REENTRANT -D_GNU_SOURCE -fwrapv -fno-strict-aliasing -pipe -fstack-protector-strong -I/no-such-path/include -D_LARGEFILE_SOURCE -D_FILE_OFFSET_BITS=64 -O2   -DVERSION=\"1.012\" -DXS_VERSION=\"1.012\" -fPIC "-I/nix/store/7c044di03qa7qgr5kjjc2d787aspzp0m-perl-5.32.0/lib/perl5/5.32.0/x86_64-linux-thread-multi/CORE"  -DOS_linux   datatypes.c
cc -c   -D_REENTRANT -D_GNU_SOURCE -fwrapv -fno-strict-aliasing -pipe -fstack-protector-strong -I/no-such-path/include -D_LARGEFILE_SOURCE -D_FILE_OFFSET_BITS=64 -O2   -DVERSION=\"1.012\" -DXS_VERSION=\"1.012\" -fPIC "-I/nix/store/7c044di03qa7qgr5kjjc2d787aspzp0m-perl-5.32.0/lib/perl5/5.32.0/x86_64-linux-thread-multi/CORE"  -DOS_linux   regmach.c
cc -c   -D_REENTRANT -D_GNU_SOURCE -fwrapv -fno-strict-aliasing -pipe -fstack-protector-strong -I/no-such-path/include -D_LARGEFILE_SOURCE -D_FILE_OFFSET_BITS=64 -O2   -DVERSION=\"1.012\" -DXS_VERSION=\"1.012\" -fPIC "-I/nix/store/7c044di03qa7qgr5kjjc2d787aspzp0m-perl-5.32.0/lib/perl5/5.32.0/x86_64-linux-thread-multi/CORE"  -DOS_linux   trans2.c
cc -c   -D_REENTRANT -D_GNU_SOURCE -fwrapv -fno-strict-aliasing -pipe -fstack-protector-strong -I/no-such-path/include -D_LARGEFILE_SOURCE -D_FILE_OFFSET_BITS=64 -O2   -DVERSION=\"1.012\" -DXS_VERSION=\"1.012\" -fPIC "-I/nix/store/7c044di03qa7qgr5kjjc2d787aspzp0m-perl-5.32.0/lib/perl5/5.32.0/x86_64-linux-thread-multi/CORE"  -DOS_linux   quant.c
cc -c   -D_REENTRANT -D_GNU_SOURCE -fwrapv -fno-strict-aliasing -pipe -fstack-protector-strong -I/no-such-path/include -D_LARGEFILE_SOURCE -D_FILE_OFFSET_BITS=64 -O2   -DVERSION=\"1.012\" -DXS_VERSION=\"1.012\" -fPIC "-I/nix/store/7c044di03qa7qgr5kjjc2d787aspzp0m-perl-5.32.0/lib/perl5/5.32.0/x86_64-linux-thread-multi/CORE"  -DOS_linux   error.c
"/nix/store/7c044di03qa7qgr5kjjc2d787aspzp0m-perl-5.32.0/bin/perl" -Ilib -MImager::Preprocess -epreprocess convert.im convert.c
cc -c   -D_REENTRANT -D_GNU_SOURCE -fwrapv -fno-strict-aliasing -pipe -fstack-protector-strong -I/no-such-path/include -D_LARGEFILE_SOURCE -D_FILE_OFFSET_BITS=64 -O2   -DVERSION=\"1.012\" -DXS_VERSION=\"1.012\" -fPIC "-I/nix/store/7c044di03qa7qgr5kjjc2d787aspzp0m-perl-5.32.0/lib/perl5/5.32.0/x86_64-linux-thread-multi/CORE"  -DOS_linux   convert.c
cc -c   -D_REENTRANT -D_GNU_SOURCE -fwrapv -fno-strict-aliasing -pipe -fstack-protector-strong -I/no-such-path/include -D_LARGEFILE_SOURCE -D_FILE_OFFSET_BITS=64 -O2   -DVERSION=\"1.012\" -DXS_VERSION=\"1.012\" -fPIC "-I/nix/store/7c044di03qa7qgr5kjjc2d787aspzp0m-perl-5.32.0/lib/perl5/5.32.0/x86_64-linux-thread-multi/CORE"  -DOS_linux   map.c
cc -c   -D_REENTRANT -D_GNU_SOURCE -fwrapv -fno-strict-aliasing -pipe -fstack-protector-strong -I/no-such-path/include -D_LARGEFILE_SOURCE -D_FILE_OFFSET_BITS=64 -O2   -DVERSION=\"1.012\" -DXS_VERSION=\"1.012\" -fPIC "-I/nix/store/7c044di03qa7qgr5kjjc2d787aspzp0m-perl-5.32.0/lib/perl5/5.32.0/x86_64-linux-thread-multi/CORE"  -DOS_linux   tags.c
cc -c   -D_REENTRANT -D_GNU_SOURCE -fwrapv -fno-strict-aliasing -pipe -fstack-protector-strong -I/no-such-path/include -D_LARGEFILE_SOURCE -D_FILE_OFFSET_BITS=64 -O2   -DVERSION=\"1.012\" -DXS_VERSION=\"1.012\" -fPIC "-I/nix/store/7c044di03qa7qgr5kjjc2d787aspzp0m-perl-5.32.0/lib/perl5/5.32.0/x86_64-linux-thread-multi/CORE"  -DOS_linux   palimg.c
cc -c   -D_REENTRANT -D_GNU_SOURCE -fwrapv -fno-strict-aliasing -pipe -fstack-protector-strong -I/no-such-path/include -D_LARGEFILE_SOURCE -D_FILE_OFFSET_BITS=64 -O2   -DVERSION=\"1.012\" -DXS_VERSION=\"1.012\" -fPIC "-I/nix/store/7c044di03qa7qgr5kjjc2d787aspzp0m-perl-5.32.0/lib/perl5/5.32.0/x86_64-linux-thread-multi/CORE"  -DOS_linux   maskimg.c
cc -c   -D_REENTRANT -D_GNU_SOURCE -fwrapv -fno-strict-aliasing -pipe -fstack-protector-strong -I/no-such-path/include -D_LARGEFILE_SOURCE -D_FILE_OFFSET_BITS=64 -O2   -DVERSION=\"1.012\" -DXS_VERSION=\"1.012\" -fPIC "-I/nix/store/7c044di03qa7qgr5kjjc2d787aspzp0m-perl-5.32.0/lib/perl5/5.32.0/x86_64-linux-thread-multi/CORE"  -DOS_linux   img8.c
cc -c   -D_REENTRANT -D_GNU_SOURCE -fwrapv -fno-strict-aliasing -pipe -fstack-protector-strong -I/no-such-path/include -D_LARGEFILE_SOURCE -D_FILE_OFFSET_BITS=64 -O2   -DVERSION=\"1.012\" -DXS_VERSION=\"1.012\" -fPIC "-I/nix/store/7c044di03qa7qgr5kjjc2d787aspzp0m-perl-5.32.0/lib/perl5/5.32.0/x86_64-linux-thread-multi/CORE"  -DOS_linux   img16.c
"/nix/store/7c044di03qa7qgr5kjjc2d787aspzp0m-perl-5.32.0/bin/perl" -Ilib -MImager::Preprocess -epreprocess rotate.im rotate.c
cc -c   -D_REENTRANT -D_GNU_SOURCE -fwrapv -fno-strict-aliasing -pipe -fstack-protector-strong -I/no-such-path/include -D_LARGEFILE_SOURCE -D_FILE_OFFSET_BITS=64 -O2   -DVERSION=\"1.012\" -DXS_VERSION=\"1.012\" -fPIC "-I/nix/store/7c044di03qa7qgr5kjjc2d787aspzp0m-perl-5.32.0/lib/perl5/5.32.0/x86_64-linux-thread-multi/CORE"  -DOS_linux   rotate.c
cc -c   -D_REENTRANT -D_GNU_SOURCE -fwrapv -fno-strict-aliasing -pipe -fstack-protector-strong -I/no-such-path/include -D_LARGEFILE_SOURCE -D_FILE_OFFSET_BITS=64 -O2   -DVERSION=\"1.012\" -DXS_VERSION=\"1.012\" -fPIC "-I/nix/store/7c044di03qa7qgr5kjjc2d787aspzp0m-perl-5.32.0/lib/perl5/5.32.0/x86_64-linux-thread-multi/CORE"  -DOS_linux   bmp.c
cc -c   -D_REENTRANT -D_GNU_SOURCE -fwrapv -fno-strict-aliasing -pipe -fstack-protector-strong -I/no-such-path/include -D_LARGEFILE_SOURCE -D_FILE_OFFSET_BITS=64 -O2   -DVERSION=\"1.012\" -DXS_VERSION=\"1.012\" -fPIC "-I/nix/store/7c044di03qa7qgr5kjjc2d787aspzp0m-perl-5.32.0/lib/perl5/5.32.0/x86_64-linux-thread-multi/CORE"  -DOS_linux   tga.c
cc -c   -D_REENTRANT -D_GNU_SOURCE -fwrapv -fno-strict-aliasing -pipe -fstack-protector-strong -I/no-such-path/include -D_LARGEFILE_SOURCE -D_FILE_OFFSET_BITS=64 -O2   -DVERSION=\"1.012\" -DXS_VERSION=\"1.012\" -fPIC "-I/nix/store/7c044di03qa7qgr5kjjc2d787aspzp0m-perl-5.32.0/lib/perl5/5.32.0/x86_64-linux-thread-multi/CORE"  -DOS_linux   color.c
cc -c   -D_REENTRANT -D_GNU_SOURCE -fwrapv -fno-strict-aliasing -pipe -fstack-protector-strong -I/no-such-path/include -D_LARGEFILE_SOURCE -D_FILE_OFFSET_BITS=64 -O2   -DVERSION=\"1.012\" -DXS_VERSION=\"1.012\" -fPIC "-I/nix/store/7c044di03qa7qgr5kjjc2d787aspzp0m-perl-5.32.0/lib/perl5/5.32.0/x86_64-linux-thread-multi/CORE"  -DOS_linux   fills.c
cc -c   -D_REENTRANT -D_GNU_SOURCE -fwrapv -fno-strict-aliasing -pipe -fstack-protector-strong -I/no-such-path/include -D_LARGEFILE_SOURCE -D_FILE_OFFSET_BITS=64 -O2   -DVERSION=\"1.012\" -DXS_VERSION=\"1.012\" -fPIC "-I/nix/store/7c044di03qa7qgr5kjjc2d787aspzp0m-perl-5.32.0/lib/perl5/5.32.0/x86_64-linux-thread-multi/CORE"  -DOS_linux   imgdouble.c
cc -c   -D_REENTRANT -D_GNU_SOURCE -fwrapv -fno-strict-aliasing -pipe -fstack-protector-strong -I/no-such-path/include -D_LARGEFILE_SOURCE -D_FILE_OFFSET_BITS=64 -O2   -DVERSION=\"1.012\" -DXS_VERSION=\"1.012\" -fPIC "-I/nix/store/7c044di03qa7qgr5kjjc2d787aspzp0m-perl-5.32.0/lib/perl5/5.32.0/x86_64-linux-thread-multi/CORE"  -DOS_linux   limits.c
cc -c   -D_REENTRANT -D_GNU_SOURCE -fwrapv -fno-strict-aliasing -pipe -fstack-protector-strong -I/no-such-path/include -D_LARGEFILE_SOURCE -D_FILE_OFFSET_BITS=64 -O2   -DVERSION=\"1.012\" -DXS_VERSION=\"1.012\" -fPIC "-I/nix/store/7c044di03qa7qgr5kjjc2d787aspzp0m-perl-5.32.0/lib/perl5/5.32.0/x86_64-linux-thread-multi/CORE"  -DOS_linux   hlines.c
cc -c   -D_REENTRANT -D_GNU_SOURCE -fwrapv -fno-strict-aliasing -pipe -fstack-protector-strong -I/no-such-path/include -D_LARGEFILE_SOURCE -D_FILE_OFFSET_BITS=64 -O2   -DVERSION=\"1.012\" -DXS_VERSION=\"1.012\" -fPIC "-I/nix/store/7c044di03qa7qgr5kjjc2d787aspzp0m-perl-5.32.0/lib/perl5/5.32.0/x86_64-linux-thread-multi/CORE"  -DOS_linux   imext.c
"/nix/store/7c044di03qa7qgr5kjjc2d787aspzp0m-perl-5.32.0/bin/perl" -Ilib -MImager::Preprocess -epreprocess scale.im scale.c
cc -c   -D_REENTRANT -D_GNU_SOURCE -fwrapv -fno-strict-aliasing -pipe -fstack-protector-strong -I/no-such-path/include -D_LARGEFILE_SOURCE -D_FILE_OFFSET_BITS=64 -O2   -DVERSION=\"1.012\" -DXS_VERSION=\"1.012\" -fPIC "-I/nix/store/7c044di03qa7qgr5kjjc2d787aspzp0m-perl-5.32.0/lib/perl5/5.32.0/x86_64-linux-thread-multi/CORE"  -DOS_linux   scale.c
"/nix/store/7c044di03qa7qgr5kjjc2d787aspzp0m-perl-5.32.0/bin/perl" -Ilib -MImager::Preprocess -epreprocess rubthru.im rubthru.c
cc -c   -D_REENTRANT -D_GNU_SOURCE -fwrapv -fno-strict-aliasing -pipe -fstack-protector-strong -I/no-such-path/include -D_LARGEFILE_SOURCE -D_FILE_OFFSET_BITS=64 -O2   -DVERSION=\"1.012\" -DXS_VERSION=\"1.012\" -fPIC "-I/nix/store/7c044di03qa7qgr5kjjc2d787aspzp0m-perl-5.32.0/lib/perl5/5.32.0/x86_64-linux-thread-multi/CORE"  -DOS_linux   rubthru.c
"/nix/store/7c044di03qa7qgr5kjjc2d787aspzp0m-perl-5.32.0/bin/perl" -Ilib -MImager::Preprocess -epreprocess render.im render.c
cc -c   -D_REENTRANT -D_GNU_SOURCE -fwrapv -fno-strict-aliasing -pipe -fstack-protector-strong -I/no-such-path/include -D_LARGEFILE_SOURCE -D_FILE_OFFSET_BITS=64 -O2   -DVERSION=\"1.012\" -DXS_VERSION=\"1.012\" -fPIC "-I/nix/store/7c044di03qa7qgr5kjjc2d787aspzp0m-perl-5.32.0/lib/perl5/5.32.0/x86_64-linux-thread-multi/CORE"  -DOS_linux   render.c
"/nix/store/7c044di03qa7qgr5kjjc2d787aspzp0m-perl-5.32.0/bin/perl" -Ilib -MImager::Preprocess -epreprocess paste.im paste.c
cc -c   -D_REENTRANT -D_GNU_SOURCE -fwrapv -fno-strict-aliasing -pipe -fstack-protector-strong -I/no-such-path/include -D_LARGEFILE_SOURCE -D_FILE_OFFSET_BITS=64 -O2   -DVERSION=\"1.012\" -DXS_VERSION=\"1.012\" -fPIC "-I/nix/store/7c044di03qa7qgr5kjjc2d787aspzp0m-perl-5.32.0/lib/perl5/5.32.0/x86_64-linux-thread-multi/CORE"  -DOS_linux   paste.c
"/nix/store/7c044di03qa7qgr5kjjc2d787aspzp0m-perl-5.32.0/bin/perl" -Ilib -MImager::Preprocess -epreprocess compose.im compose.c
cc -c   -D_REENTRANT -D_GNU_SOURCE -fwrapv -fno-strict-aliasing -pipe -fstack-protector-strong -I/no-such-path/include -D_LARGEFILE_SOURCE -D_FILE_OFFSET_BITS=64 -O2   -DVERSION=\"1.012\" -DXS_VERSION=\"1.012\" -fPIC "-I/nix/store/7c044di03qa7qgr5kjjc2d787aspzp0m-perl-5.32.0/lib/perl5/5.32.0/x86_64-linux-thread-multi/CORE"  -DOS_linux   compose.c
"/nix/store/7c044di03qa7qgr5kjjc2d787aspzp0m-perl-5.32.0/bin/perl" -Ilib -MImager::Preprocess -epreprocess flip.im flip.c
cc -c   -D_REENTRANT -D_GNU_SOURCE -fwrapv -fno-strict-aliasing -pipe -fstack-protector-strong -I/no-such-path/include -D_LARGEFILE_SOURCE -D_FILE_OFFSET_BITS=64 -O2   -DVERSION=\"1.012\" -DXS_VERSION=\"1.012\" -fPIC "-I/nix/store/7c044di03qa7qgr5kjjc2d787aspzp0m-perl-5.32.0/lib/perl5/5.32.0/x86_64-linux-thread-multi/CORE"  -DOS_linux   flip.c
cc -c   -D_REENTRANT -D_GNU_SOURCE -fwrapv -fno-strict-aliasing -pipe -fstack-protector-strong -I/no-such-path/include -D_LARGEFILE_SOURCE -D_FILE_OFFSET_BITS=64 -O2   -DVERSION=\"1.012\" -DXS_VERSION=\"1.012\" -fPIC "-I/nix/store/7c044di03qa7qgr5kjjc2d787aspzp0m-perl-5.32.0/lib/perl5/5.32.0/x86_64-linux-thread-multi/CORE"  -DOS_linux   perlio.c
cc -c   -D_REENTRANT -D_GNU_SOURCE -fwrapv -fno-strict-aliasing -pipe -fstack-protector-strong -I/no-such-path/include -D_LARGEFILE_SOURCE -D_FILE_OFFSET_BITS=64 -O2   -DVERSION=\"1.012\" -DXS_VERSION=\"1.012\" -fPIC "-I/nix/store/7c044di03qa7qgr5kjjc2d787aspzp0m-perl-5.32.0/lib/perl5/5.32.0/x86_64-linux-thread-multi/CORE"  -DOS_linux   imexif.c
cc -c   -D_REENTRANT -D_GNU_SOURCE -fwrapv -fno-strict-aliasing -pipe -fstack-protector-strong -I/no-such-path/include -D_LARGEFILE_SOURCE -D_FILE_OFFSET_BITS=64 -O2   -DVERSION=\"1.012\" -DXS_VERSION=\"1.012\" -fPIC "-I/nix/store/7c044di03qa7qgr5kjjc2d787aspzp0m-perl-5.32.0/lib/perl5/5.32.0/x86_64-linux-thread-multi/CORE"  -DOS_linux   mutexpthr.c
rm -f blib/arch/auto/Imager/Imager.so
cc  -shared -O2 -L/nix/store/68pw3wxwkrx0rwzjifm7g1jxy5g2sg1p-glibc-2.31/lib -fstack-protector-strong  Imager.o context.o draw.o polygon.o image.o io.o iolayer.o log.o gaussian.o conv.o pnm.o raw.o feat.o combine.o filters.o dynaload.o stackmach.o datatypes.o regmach.o trans2.o quant.o error.o convert.o map.o tags.o palimg.o maskimg.o img8.o img16.o rotate.o bmp.o tga.o color.o fills.o imgdouble.o limits.o hlines.o imext.o scale.o rubthru.o render.o paste.o compose.o flip.o perlio.o imexif.o mutexpthr.o  -o blib/arch/auto/Imager/Imager.so  \
      \

chmod 755 blib/arch/auto/Imager/Imager.so
Manifying 39 pod documents
Manifying 2 pod documents
running tests
check flags: SHELL=/nix/store/9fqwwd4iybmhjqyxiaxycknslw6bgwh1-bash-4.4-p23/bin/bash VERBOSE=y test
"/nix/store/7c044di03qa7qgr5kjjc2d787aspzp0m-perl-5.32.0/bin/perl" -MExtUtils::Command::MM -e 'cp_nonempty' -- Imager.bs blib/arch/auto/Imager/Imager.bs 644
make[1]: Entering directory '/build/Imager-1.012/CountColor'
"/nix/store/7c044di03qa7qgr5kjjc2d787aspzp0m-perl-5.32.0/bin/perl" -MExtUtils::Command::MM -e 'cp_nonempty' -- CountColor.bs ../blib/arch/auto/Imager/CountColor/CountColor.bs 644
Manifying 1 pod document
make[1]: Leaving directory '/build/Imager-1.012/CountColor'
make[1]: Entering directory '/build/Imager-1.012/DynTest'
"/nix/store/7c044di03qa7qgr5kjjc2d787aspzp0m-perl-5.32.0/bin/perl" -MExtUtils::Command::MM -e 'cp_nonempty' -- DynTest.bs ../blib/arch/auto/Imager/Filter/DynTest/DynTest.bs 644
make[1]: Leaving directory '/build/Imager-1.012/DynTest'
make[1]: Entering directory '/build/Imager-1.012/FT2'
"/nix/store/7c044di03qa7qgr5kjjc2d787aspzp0m-perl-5.32.0/bin/perl" -MExtUtils::Command::MM -e 'cp_nonempty' -- FT2.bs ../blib/arch/auto/Imager/Font/FT2/FT2.bs 644
Manifying 1 pod document
make[1]: Leaving directory '/build/Imager-1.012/FT2'
make[1]: Entering directory '/build/Imager-1.012/Flines'
"/nix/store/7c044di03qa7qgr5kjjc2d787aspzp0m-perl-5.32.0/bin/perl" -MExtUtils::Command::MM -e 'cp_nonempty' -- Flines.bs ../blib/arch/auto/Imager/Filter/Flines/Flines.bs 644
Manifying 1 pod document
make[1]: Leaving directory '/build/Imager-1.012/Flines'
make[1]: Entering directory '/build/Imager-1.012/GIF'
make[1]: Nothing to be done for 'all'.
make[1]: Leaving directory '/build/Imager-1.012/GIF'
make[1]: Entering directory '/build/Imager-1.012/ICO'
"/nix/store/7c044di03qa7qgr5kjjc2d787aspzp0m-perl-5.32.0/bin/perl" -MExtUtils::Command::MM -e 'cp_nonempty' -- ICO.bs ../blib/arch/auto/Imager/File/ICO/ICO.bs 644
Manifying 1 pod document
make[1]: Leaving directory '/build/Imager-1.012/ICO'
make[1]: Entering directory '/build/Imager-1.012/JPEG'
"/nix/store/7c044di03qa7qgr5kjjc2d787aspzp0m-perl-5.32.0/bin/perl" -MExtUtils::Command::MM -e 'cp_nonempty' -- JPEG.bs ../blib/arch/auto/Imager/File/JPEG/JPEG.bs 644
Manifying 1 pod document
make[1]: Leaving directory '/build/Imager-1.012/JPEG'
make[1]: Entering directory '/build/Imager-1.012/Mandelbrot'
"/nix/store/7c044di03qa7qgr5kjjc2d787aspzp0m-perl-5.32.0/bin/perl" -MExtUtils::Command::MM -e 'cp_nonempty' -- Mandelbrot.bs ../blib/arch/auto/Imager/Filter/Mandelbrot/Mandelbrot.bs 644
Manifying 1 pod document
make[1]: Leaving directory '/build/Imager-1.012/Mandelbrot'
make[1]: Entering directory '/build/Imager-1.012/PNG'
"/nix/store/7c044di03qa7qgr5kjjc2d787aspzp0m-perl-5.32.0/bin/perl" -MExtUtils::Command::MM -e 'cp_nonempty' -- PNG.bs ../blib/arch/auto/Imager/File/PNG/PNG.bs 644
Manifying 1 pod document
make[1]: Leaving directory '/build/Imager-1.012/PNG'
make[1]: Entering directory '/build/Imager-1.012/SGI'
"/nix/store/7c044di03qa7qgr5kjjc2d787aspzp0m-perl-5.32.0/bin/perl" -MExtUtils::Command::MM -e 'cp_nonempty' -- SGI.bs ../blib/arch/auto/Imager/File/SGI/SGI.bs 644
Manifying 1 pod document
make[1]: Leaving directory '/build/Imager-1.012/SGI'
make[1]: Entering directory '/build/Imager-1.012/T1'
make[1]: Nothing to be done for 'all'.
make[1]: Leaving directory '/build/Imager-1.012/T1'
make[1]: Entering directory '/build/Imager-1.012/TIFF'
make[1]: Nothing to be done for 'all'.
make[1]: Leaving directory '/build/Imager-1.012/TIFF'
make[1]: Entering directory '/build/Imager-1.012/W32'
make[1]: Nothing to be done for 'all'.
make[1]: Leaving directory '/build/Imager-1.012/W32'
make[1]: Entering directory '/build/Imager-1.012/CountColor'
"/nix/store/7c044di03qa7qgr5kjjc2d787aspzp0m-perl-5.32.0/bin/perl" -MExtUtils::Command::MM -e 'cp_nonempty' -- CountColor.bs ../blib/arch/auto/Imager/CountColor/CountColor.bs 644
PERL_DL_NONLAZY=1 "/nix/store/7c044di03qa7qgr5kjjc2d787aspzp0m-perl-5.32.0/bin/perl" "-MExtUtils::Command::MM" "-MTest::Harness" "-e" "undef *Test::Harness::Switches; test_harness(0, '../blib/lib', '../blib/arch')" t/*.t
t/t00countcolor.t .. ok
All tests successful.
Files=1, Tests=9,  0 wallclock secs ( 0.02 usr  0.00 sys +  0.07 cusr  0.01 csys =  0.10 CPU)
Result: PASS
make[1]: Leaving directory '/build/Imager-1.012/CountColor'
make[1]: Entering directory '/build/Imager-1.012/DynTest'
"/nix/store/7c044di03qa7qgr5kjjc2d787aspzp0m-perl-5.32.0/bin/perl" -MExtUtils::Command::MM -e 'cp_nonempty' -- DynTest.bs ../blib/arch/auto/Imager/Filter/DynTest/DynTest.bs 644
PERL_DL_NONLAZY=1 "/nix/store/7c044di03qa7qgr5kjjc2d787aspzp0m-perl-5.32.0/bin/perl" "-MExtUtils::Command::MM" "-MTest::Harness" "-e" "undef *Test::Harness::Switches; test_harness(0, '../blib/lib', '../blib/arch')" t/*.t
t/t00dyntest.t .. ok
All tests successful.
Files=1, Tests=4,  0 wallclock secs ( 0.01 usr  0.00 sys +  0.07 cusr  0.01 csys =  0.09 CPU)
Result: PASS
make[1]: Leaving directory '/build/Imager-1.012/DynTest'
make[1]: Entering directory '/build/Imager-1.012/FT2'
"/nix/store/7c044di03qa7qgr5kjjc2d787aspzp0m-perl-5.32.0/bin/perl" -MExtUtils::Command::MM -e 'cp_nonempty' -- FT2.bs ../blib/arch/auto/Imager/Font/FT2/FT2.bs 644
PERL_DL_NONLAZY=1 "/nix/store/7c044di03qa7qgr5kjjc2d787aspzp0m-perl-5.32.0/bin/perl" "-MExtUtils::Command::MM" "-MTest::Harness" "-e" "undef *Test::Harness::Switches; test_harness(0, '../blib/lib', '../blib/arch')" t/*.t
t/t10ft2.t ..... 1/? FreeType2 runtime 2.10.2 compile-time 2.10.2
t/t10ft2.t ..... ok
t/t20thread.t .. ok
t/t90std.t ..... ok
All tests successful.
Files=3, Tests=234,  1 wallclock secs ( 0.03 usr  0.00 sys +  0.31 cusr  0.05 csys =  0.39 CPU)
Result: PASS
make[1]: Leaving directory '/build/Imager-1.012/FT2'
make[1]: Entering directory '/build/Imager-1.012/Flines'
"/nix/store/7c044di03qa7qgr5kjjc2d787aspzp0m-perl-5.32.0/bin/perl" -MExtUtils::Command::MM -e 'cp_nonempty' -- Flines.bs ../blib/arch/auto/Imager/Filter/Flines/Flines.bs 644
PERL_DL_NONLAZY=1 "/nix/store/7c044di03qa7qgr5kjjc2d787aspzp0m-perl-5.32.0/bin/perl" "-MExtUtils::Command::MM" "-MTest::Harness" "-e" "undef *Test::Harness::Switches; test_harness(0, '../blib/lib', '../blib/arch')" t/*.t
t/t00flines.t .. ok
All tests successful.
Files=1, Tests=3,  0 wallclock secs ( 0.01 usr  0.01 sys +  0.07 cusr  0.01 csys =  0.10 CPU)
Result: PASS
make[1]: Leaving directory '/build/Imager-1.012/Flines'
make[1]: Entering directory '/build/Imager-1.012/GIF'
make[1]: Nothing to be done for 'test_dynamic'.
make[1]: Leaving directory '/build/Imager-1.012/GIF'
make[1]: Entering directory '/build/Imager-1.012/ICO'
"/nix/store/7c044di03qa7qgr5kjjc2d787aspzp0m-perl-5.32.0/bin/perl" -MExtUtils::Command::MM -e 'cp_nonempty' -- ICO.bs ../blib/arch/auto/Imager/File/ICO/ICO.bs 644
PERL_DL_NONLAZY=1 "/nix/store/7c044di03qa7qgr5kjjc2d787aspzp0m-perl-5.32.0/bin/perl" "-MExtUtils::Command::MM" "-MTest::Harness" "-e" "undef *Test::Harness::Switches; test_harness(0, '../blib/lib', '../blib/arch')" t/*.t
t/t10icon.t ......... ok
t/t20readone.t ...... ok
t/t21readmult.t ..... ok
t/t30cursor.t ....... ok
t/t40readcurone.t ... ok
t/t41curmultread.t .. ok
t/t50readfail.t ..... ok
t/t60writefail.t .... ok
t/t70icosing.t ...... ok
t/t71icomult.t ...... ok
t/t72cursing.t ...... ok
t/t73curmult.t ...... ok
All tests successful.
Files=12, Tests=253,  1 wallclock secs ( 0.07 usr  0.01 sys +  0.92 cusr  0.14 csys =  1.14 CPU)
Result: PASS
make[1]: Leaving directory '/build/Imager-1.012/ICO'
make[1]: Entering directory '/build/Imager-1.012/JPEG'
"/nix/store/7c044di03qa7qgr5kjjc2d787aspzp0m-perl-5.32.0/bin/perl" -MExtUtils::Command::MM -e 'cp_nonempty' -- JPEG.bs ../blib/arch/auto/Imager/File/JPEG/JPEG.bs 644
PERL_DL_NONLAZY=1 "/nix/store/7c044di03qa7qgr5kjjc2d787aspzp0m-perl-5.32.0/bin/perl" "-MExtUtils::Command::MM" "-MTest::Harness" "-e" "undef *Test::Harness::Switches; test_harness(0, '../blib/lib', '../blib/arch')" t/*.t
t/t00load.t ... ok
t/t10jpeg.t ... libjpeg version: libjpeg-turbo 2.0.4 api 62
t/t10jpeg.t ... ok
t/t20limit.t .. ok
All tests successful.
Files=3, Tests=122,  0 wallclock secs ( 0.03 usr  0.01 sys +  0.33 cusr  0.06 csys =  0.43 CPU)
Result: PASS
make[1]: Leaving directory '/build/Imager-1.012/JPEG'
make[1]: Entering directory '/build/Imager-1.012/Mandelbrot'
"/nix/store/7c044di03qa7qgr5kjjc2d787aspzp0m-perl-5.32.0/bin/perl" -MExtUtils::Command::MM -e 'cp_nonempty' -- Mandelbrot.bs ../blib/arch/auto/Imager/Filter/Mandelbrot/Mandelbrot.bs 644
PERL_DL_NONLAZY=1 "/nix/store/7c044di03qa7qgr5kjjc2d787aspzp0m-perl-5.32.0/bin/perl" "-MExtUtils::Command::MM" "-MTest::Harness" "-e" "undef *Test::Harness::Switches; test_harness(0, '../blib/lib', '../blib/arch')" t/*.t
t/t00mandel.t .. ok
All tests successful.
Files=1, Tests=3,  1 wallclock secs ( 0.02 usr  0.00 sys +  0.07 cusr  0.00 csys =  0.09 CPU)
Result: PASS
make[1]: Leaving directory '/build/Imager-1.012/Mandelbrot'
make[1]: Entering directory '/build/Imager-1.012/PNG'
"/nix/store/7c044di03qa7qgr5kjjc2d787aspzp0m-perl-5.32.0/bin/perl" -MExtUtils::Command::MM -e 'cp_nonempty' -- PNG.bs ../blib/arch/auto/Imager/File/PNG/PNG.bs 644
PERL_DL_NONLAZY=1 "/nix/store/7c044di03qa7qgr5kjjc2d787aspzp0m-perl-5.32.0/bin/perl" "-MExtUtils::Command::MM" "-MTest::Harness" "-e" "undef *Test::Harness::Switches; test_harness(0, '../blib/lib', '../blib/arch')" t/*.t
t/00load.t .. ok
t/10png.t ... 1/256 # Library version 10637
t/10png.t ... ok
All tests successful.
Files=2, Tests=257,  0 wallclock secs ( 0.04 usr  0.01 sys +  0.40 cusr  0.04 csys =  0.49 CPU)
Result: PASS
make[1]: Leaving directory '/build/Imager-1.012/PNG'
make[1]: Entering directory '/build/Imager-1.012/SGI'
"/nix/store/7c044di03qa7qgr5kjjc2d787aspzp0m-perl-5.32.0/bin/perl" -MExtUtils::Command::MM -e 'cp_nonempty' -- SGI.bs ../blib/arch/auto/Imager/File/SGI/SGI.bs 644
PERL_DL_NONLAZY=1 "/nix/store/7c044di03qa7qgr5kjjc2d787aspzp0m-perl-5.32.0/bin/perl" "-MExtUtils::Command::MM" "-MTest::Harness" "-e" "undef *Test::Harness::Switches; test_harness(0, '../blib/lib', '../blib/arch')" t/*.t
t/00load.t ... ok
t/10read.t ... ok
t/20write.t .. ok
t/30limit.t .. ok
All tests successful.
Files=4, Tests=175,  1 wallclock secs ( 0.06 usr  0.00 sys +  0.35 cusr  0.06 csys =  0.47 CPU)
Result: PASS
make[1]: Leaving directory '/build/Imager-1.012/SGI'
make[1]: Entering directory '/build/Imager-1.012/T1'
make[1]: Nothing to be done for 'test_dynamic'.
make[1]: Leaving directory '/build/Imager-1.012/T1'
make[1]: Entering directory '/build/Imager-1.012/TIFF'
make[1]: Nothing to be done for 'test_dynamic'.
make[1]: Leaving directory '/build/Imager-1.012/TIFF'
make[1]: Entering directory '/build/Imager-1.012/W32'
make[1]: Nothing to be done for 'test_dynamic'.
make[1]: Leaving directory '/build/Imager-1.012/W32'
PERL_DL_NONLAZY=1 "/nix/store/7c044di03qa7qgr5kjjc2d787aspzp0m-perl-5.32.0/bin/perl" "-MExtUtils::Command::MM" "-MTest::Harness" "-e" "undef *Test::Harness::Switches; test_harness(0, 'blib/lib', 'blib/arch')" t/*.t t/*/*.t
t/000-load.t .................... ok
t/100-base/010-introvert.t ...... ok
t/100-base/020-color.t .......... ok
t/100-base/030-countc.t ......... ok
t/100-base/800-tr18561.t ........ ok
t/100-base/801-tr18561b.t ....... ok
t/150-type/020-sixteen.t ........ ok
t/150-type/030-double.t ......... ok
t/150-type/040-palette.t ........ ok
t/150-type/100-masked.t ......... ok
t/200-file/010-iolayer.t ........ ok
t/200-file/100-files.t .......... ok
t/200-file/200-nojpeg.t ......... skipped: have jpeg support - this tests the lack of it
t/200-file/210-nopng.t .......... skipped: png available, and this tests the lack of it
t/200-file/220-nogif.t .......... ok
t/200-file/230-notiff.t ......... ok
t/200-file/300-raw.t ............ ok
t/200-file/310-pnm.t ............ ok
t/200-file/320-bmp.t ............ ok
t/200-file/330-tga.t ............ ok
t/200-file/400-basic.t .......... ok
t/200-file/450-preload.t ........ ok
t/250-draw/010-draw.t ........... ok
t/250-draw/020-flood.t .......... ok
t/250-draw/030-paste.t .......... ok
t/250-draw/040-rubthru.t ........ ok
t/250-draw/050-polyaa.t ......... ok
t/250-draw/060-polypoly.t ....... ok
t/250-draw/100-fill.t ........... ok
t/250-draw/200-compose.t ........ ok
t/300-transform/010-scale.t ..... ok
t/300-transform/020-combine.t ... ok
t/300-transform/030-copyflip.t .. ok
t/300-transform/040-crop.t ...... ok
t/300-transform/050-convert.t ... ok
t/300-transform/060-map.t ....... ok
t/300-transform/500-trans.t ..... skipped: No Affix::Infix2Postfix
t/300-transform/600-trans2.t .... ok
t/300-transform/610-postfix.t ... ok
t/300-transform/620-infix.t ..... ok
t/300-transform/630-assem.t ..... ok
t/350-font/010-font.t ........... ok
t/350-font/020-tt.t ............. ok
t/350-font/030-ttoo.t ........... ok
t/350-font/040-ttstd.t .......... skipped: No tt available
t/350-font/100-texttools.t ...... ok
t/400-filter/010-filters.t ...... ok
t/400-filter/020-autolevels.t ... ok
t/450-api/100-inline.t .......... skipped: Inline required for testing API
t/450-api/110-inlinectx.t ....... skipped: Inline required for testing API
t/850-thread/010-base.t ......... ok
t/850-thread/100-error.t ........ ok
t/850-thread/110-log.t .......... ok
t/900-util/010-test.t ........... ok
t/900-util/020-error.t .......... ok
t/900-util/030-log.t ............ ok
t/900-util/040-limit.t .......... ok
t/900-util/050-matrix.t ......... ok
t/900-util/060-extutil.t ........ ok
t/900-util/060-hlines.t ......... ok
t/950-kwalitee/010-pod.t ........ skipped: Test::Pod 1.00 required for testing POD
t/950-kwalitee/020-samples.t .... ok
t/950-kwalitee/030-podcover.t ... skipped: Test::Pod::Coverage 1.08 required for POD coverage
t/950-kwalitee/040-strict.t ..... ok
t/950-kwalitee/050-meta.t ....... ok
t/950-kwalitee/060-podstruct.t .. skipped: Pod::Parser 1.50 required for podlinkcheck
t/950-kwalitee/070-mymeta.t ..... ok
t/950-kwalitee/080-nousevars.t .. ok
All tests successful.
Files=68, Tests=4652, 12 wallclock secs ( 0.50 usr  0.08 sys +  6.49 cusr  1.01 csys =  8.08 CPU)
Result: PASS
installing
install flags: SHELL=/nix/store/9fqwwd4iybmhjqyxiaxycknslw6bgwh1-bash-4.4-p23/bin/bash pkgconfigdir=/nix/store/qicqahf8hbscxgw6zzmapkk4k3bbsd4j-perl5.32.0-Imager-1.012/lib/pkgconfig m4datadir=/nix/store/qicqahf8hbscxgw6zzmapkk4k3bbsd4j-perl5.32.0-Imager-1.012/share/aclocal aclocaldir=/nix/store/qicqahf8hbscxgw6zzmapkk4k3bbsd4j-perl5.32.0-Imager-1.012/share/aclocal install
make[1]: Entering directory '/build/Imager-1.012/CountColor'
"/nix/store/7c044di03qa7qgr5kjjc2d787aspzp0m-perl-5.32.0/bin/perl" -MExtUtils::Command::MM -e 'cp_nonempty' -- CountColor.bs ../blib/arch/auto/Imager/CountColor/CountColor.bs 644
Manifying 1 pod document
make[1]: Leaving directory '/build/Imager-1.012/CountColor'
make[1]: Entering directory '/build/Imager-1.012/DynTest'
"/nix/store/7c044di03qa7qgr5kjjc2d787aspzp0m-perl-5.32.0/bin/perl" -MExtUtils::Command::MM -e 'cp_nonempty' -- DynTest.bs ../blib/arch/auto/Imager/Filter/DynTest/DynTest.bs 644
make[1]: Leaving directory '/build/Imager-1.012/DynTest'
make[1]: Entering directory '/build/Imager-1.012/FT2'
"/nix/store/7c044di03qa7qgr5kjjc2d787aspzp0m-perl-5.32.0/bin/perl" -MExtUtils::Command::MM -e 'cp_nonempty' -- FT2.bs ../blib/arch/auto/Imager/Font/FT2/FT2.bs 644
Manifying 1 pod document
make[1]: Leaving directory '/build/Imager-1.012/FT2'
make[1]: Entering directory '/build/Imager-1.012/Flines'
"/nix/store/7c044di03qa7qgr5kjjc2d787aspzp0m-perl-5.32.0/bin/perl" -MExtUtils::Command::MM -e 'cp_nonempty' -- Flines.bs ../blib/arch/auto/Imager/Filter/Flines/Flines.bs 644
Manifying 1 pod document
make[1]: Leaving directory '/build/Imager-1.012/Flines'
make[1]: Entering directory '/build/Imager-1.012/GIF'
make[1]: Nothing to be done for 'all'.
make[1]: Leaving directory '/build/Imager-1.012/GIF'
make[1]: Entering directory '/build/Imager-1.012/ICO'
"/nix/store/7c044di03qa7qgr5kjjc2d787aspzp0m-perl-5.32.0/bin/perl" -MExtUtils::Command::MM -e 'cp_nonempty' -- ICO.bs ../blib/arch/auto/Imager/File/ICO/ICO.bs 644
Manifying 1 pod document
make[1]: Leaving directory '/build/Imager-1.012/ICO'
make[1]: Entering directory '/build/Imager-1.012/JPEG'
"/nix/store/7c044di03qa7qgr5kjjc2d787aspzp0m-perl-5.32.0/bin/perl" -MExtUtils::Command::MM -e 'cp_nonempty' -- JPEG.bs ../blib/arch/auto/Imager/File/JPEG/JPEG.bs 644
Manifying 1 pod document
make[1]: Leaving directory '/build/Imager-1.012/JPEG'
make[1]: Entering directory '/build/Imager-1.012/Mandelbrot'
"/nix/store/7c044di03qa7qgr5kjjc2d787aspzp0m-perl-5.32.0/bin/perl" -MExtUtils::Command::MM -e 'cp_nonempty' -- Mandelbrot.bs ../blib/arch/auto/Imager/Filter/Mandelbrot/Mandelbrot.bs 644
Manifying 1 pod document
make[1]: Leaving directory '/build/Imager-1.012/Mandelbrot'
make[1]: Entering directory '/build/Imager-1.012/PNG'
"/nix/store/7c044di03qa7qgr5kjjc2d787aspzp0m-perl-5.32.0/bin/perl" -MExtUtils::Command::MM -e 'cp_nonempty' -- PNG.bs ../blib/arch/auto/Imager/File/PNG/PNG.bs 644
Manifying 1 pod document
make[1]: Leaving directory '/build/Imager-1.012/PNG'
make[1]: Entering directory '/build/Imager-1.012/SGI'
"/nix/store/7c044di03qa7qgr5kjjc2d787aspzp0m-perl-5.32.0/bin/perl" -MExtUtils::Command::MM -e 'cp_nonempty' -- SGI.bs ../blib/arch/auto/Imager/File/SGI/SGI.bs 644
Manifying 1 pod document
make[1]: Leaving directory '/build/Imager-1.012/SGI'
make[1]: Entering directory '/build/Imager-1.012/T1'
make[1]: Nothing to be done for 'all'.
make[1]: Leaving directory '/build/Imager-1.012/T1'
make[1]: Entering directory '/build/Imager-1.012/TIFF'
make[1]: Nothing to be done for 'all'.
make[1]: Leaving directory '/build/Imager-1.012/TIFF'
make[1]: Entering directory '/build/Imager-1.012/W32'
make[1]: Nothing to be done for 'all'.
make[1]: Leaving directory '/build/Imager-1.012/W32'
"/nix/store/7c044di03qa7qgr5kjjc2d787aspzp0m-perl-5.32.0/bin/perl" -MExtUtils::Command::MM -e 'cp_nonempty' -- Imager.bs blib/arch/auto/Imager/Imager.bs 644
Manifying 39 pod documents
Manifying 2 pod documents
Files found in blib/arch: installing files in blib/lib into architecture dependent library tree
Installing /nix/store/qicqahf8hbscxgw6zzmapkk4k3bbsd4j-perl5.32.0-Imager-1.012/lib/perl5/site_perl/5.32.0/x86_64-linux-thread-multi/auto/Imager/Imager.so
Installing /nix/store/qicqahf8hbscxgw6zzmapkk4k3bbsd4j-perl5.32.0-Imager-1.012/lib/perl5/site_perl/5.32.0/x86_64-linux-thread-multi/auto/Imager/Font/FT2/FT2.so
Installing /nix/store/qicqahf8hbscxgw6zzmapkk4k3bbsd4j-perl5.32.0-Imager-1.012/lib/perl5/site_perl/5.32.0/x86_64-linux-thread-multi/auto/Imager/File/ICO/ICO.so
Installing /nix/store/qicqahf8hbscxgw6zzmapkk4k3bbsd4j-perl5.32.0-Imager-1.012/lib/perl5/site_perl/5.32.0/x86_64-linux-thread-multi/auto/Imager/File/JPEG/JPEG.so
Installing /nix/store/qicqahf8hbscxgw6zzmapkk4k3bbsd4j-perl5.32.0-Imager-1.012/lib/perl5/site_perl/5.32.0/x86_64-linux-thread-multi/auto/Imager/File/PNG/PNG.so
Installing /nix/store/qicqahf8hbscxgw6zzmapkk4k3bbsd4j-perl5.32.0-Imager-1.012/lib/perl5/site_perl/5.32.0/x86_64-linux-thread-multi/auto/Imager/File/SGI/SGI.so
Installing /nix/store/qicqahf8hbscxgw6zzmapkk4k3bbsd4j-perl5.32.0-Imager-1.012/lib/perl5/site_perl/5.32.0/x86_64-linux-thread-multi/auto/Imager/Filter/Mandelbrot/Mandelbrot.so
Installing /nix/store/qicqahf8hbscxgw6zzmapkk4k3bbsd4j-perl5.32.0-Imager-1.012/lib/perl5/site_perl/5.32.0/x86_64-linux-thread-multi/auto/Imager/Filter/Flines/Flines.so
Installing /nix/store/qicqahf8hbscxgw6zzmapkk4k3bbsd4j-perl5.32.0-Imager-1.012/lib/perl5/site_perl/5.32.0/x86_64-linux-thread-multi/auto/Imager/Filter/DynTest/DynTest.so
Installing /nix/store/qicqahf8hbscxgw6zzmapkk4k3bbsd4j-perl5.32.0-Imager-1.012/lib/perl5/site_perl/5.32.0/x86_64-linux-thread-multi/auto/Imager/CountColor/CountColor.so
Installing /nix/store/qicqahf8hbscxgw6zzmapkk4k3bbsd4j-perl5.32.0-Imager-1.012/lib/perl5/site_perl/5.32.0/x86_64-linux-thread-multi/Imager.pm
Installing /nix/store/qicqahf8hbscxgw6zzmapkk4k3bbsd4j-perl5.32.0-Imager-1.012/lib/perl5/site_perl/5.32.0/x86_64-linux-thread-multi/Imager/Handy.pod
Installing /nix/store/qicqahf8hbscxgw6zzmapkk4k3bbsd4j-perl5.32.0-Imager-1.012/lib/perl5/site_perl/5.32.0/x86_64-linux-thread-multi/Imager/Transformations.pod
Installing /nix/store/qicqahf8hbscxgw6zzmapkk4k3bbsd4j-perl5.32.0-Imager-1.012/lib/perl5/site_perl/5.32.0/x86_64-linux-thread-multi/Imager/Fill.pm
Installing /nix/store/qicqahf8hbscxgw6zzmapkk4k3bbsd4j-perl5.32.0-Imager-1.012/lib/perl5/site_perl/5.32.0/x86_64-linux-thread-multi/Imager/Fountain.pm
Installing /nix/store/qicqahf8hbscxgw6zzmapkk4k3bbsd4j-perl5.32.0-Imager-1.012/lib/perl5/site_perl/5.32.0/x86_64-linux-thread-multi/Imager/interface.pod
Installing /nix/store/qicqahf8hbscxgw6zzmapkk4k3bbsd4j-perl5.32.0-Imager-1.012/lib/perl5/site_perl/5.32.0/x86_64-linux-thread-multi/Imager/typemap
Installing /nix/store/qicqahf8hbscxgw6zzmapkk4k3bbsd4j-perl5.32.0-Imager-1.012/lib/perl5/site_perl/5.32.0/x86_64-linux-thread-multi/Imager/Font.pm
Installing /nix/store/qicqahf8hbscxgw6zzmapkk4k3bbsd4j-perl5.32.0-Imager-1.012/lib/perl5/site_perl/5.32.0/x86_64-linux-thread-multi/Imager/Threads.pod
Installing /nix/store/qicqahf8hbscxgw6zzmapkk4k3bbsd4j-perl5.32.0-Imager-1.012/lib/perl5/site_perl/5.32.0/x86_64-linux-thread-multi/Imager/Cookbook.pod
Installing /nix/store/qicqahf8hbscxgw6zzmapkk4k3bbsd4j-perl5.32.0-Imager-1.012/lib/perl5/site_perl/5.32.0/x86_64-linux-thread-multi/Imager/Transform.pm
Installing /nix/store/qicqahf8hbscxgw6zzmapkk4k3bbsd4j-perl5.32.0-Imager-1.012/lib/perl5/site_perl/5.32.0/x86_64-linux-thread-multi/Imager/Regops.pm
Installing /nix/store/qicqahf8hbscxgw6zzmapkk4k3bbsd4j-perl5.32.0-Imager-1.012/lib/perl5/site_perl/5.32.0/x86_64-linux-thread-multi/Imager/Expr.pm
Installing /nix/store/qicqahf8hbscxgw6zzmapkk4k3bbsd4j-perl5.32.0-Imager-1.012/lib/perl5/site_perl/5.32.0/x86_64-linux-thread-multi/Imager/Test.pm
Installing /nix/store/qicqahf8hbscxgw6zzmapkk4k3bbsd4j-perl5.32.0-Imager-1.012/lib/perl5/site_perl/5.32.0/x86_64-linux-thread-multi/Imager/Engines.pod
Installing /nix/store/qicqahf8hbscxgw6zzmapkk4k3bbsd4j-perl5.32.0-Imager-1.012/lib/perl5/site_perl/5.32.0/x86_64-linux-thread-multi/Imager/Color.pm
Installing /nix/store/qicqahf8hbscxgw6zzmapkk4k3bbsd4j-perl5.32.0-Imager-1.012/lib/perl5/site_perl/5.32.0/x86_64-linux-thread-multi/Imager/ExtUtils.pm
Installing /nix/store/qicqahf8hbscxgw6zzmapkk4k3bbsd4j-perl5.32.0-Imager-1.012/lib/perl5/site_perl/5.32.0/x86_64-linux-thread-multi/Imager/Filters.pod
Installing /nix/store/qicqahf8hbscxgw6zzmapkk4k3bbsd4j-perl5.32.0-Imager-1.012/lib/perl5/site_perl/5.32.0/x86_64-linux-thread-multi/Imager/Files.pod
Installing /nix/store/qicqahf8hbscxgw6zzmapkk4k3bbsd4j-perl5.32.0-Imager-1.012/lib/perl5/site_perl/5.32.0/x86_64-linux-thread-multi/Imager/Preprocess.pm
Installing /nix/store/qicqahf8hbscxgw6zzmapkk4k3bbsd4j-perl5.32.0-Imager-1.012/lib/perl5/site_perl/5.32.0/x86_64-linux-thread-multi/Imager/Probe.pm
Installing /nix/store/qicqahf8hbscxgw6zzmapkk4k3bbsd4j-perl5.32.0-Imager-1.012/lib/perl5/site_perl/5.32.0/x86_64-linux-thread-multi/Imager/Draw.pod
Installing /nix/store/qicqahf8hbscxgw6zzmapkk4k3bbsd4j-perl5.32.0-Imager-1.012/lib/perl5/site_perl/5.32.0/x86_64-linux-thread-multi/Imager/Security.pod
Installing /nix/store/qicqahf8hbscxgw6zzmapkk4k3bbsd4j-perl5.32.0-Imager-1.012/lib/perl5/site_perl/5.32.0/x86_64-linux-thread-multi/Imager/Tutorial.pod
Installing /nix/store/qicqahf8hbscxgw6zzmapkk4k3bbsd4j-perl5.32.0-Imager-1.012/lib/perl5/site_perl/5.32.0/x86_64-linux-thread-multi/Imager/IO.pod
Installing /nix/store/qicqahf8hbscxgw6zzmapkk4k3bbsd4j-perl5.32.0-Imager-1.012/lib/perl5/site_perl/5.32.0/x86_64-linux-thread-multi/Imager/LargeSamples.pod
Installing /nix/store/qicqahf8hbscxgw6zzmapkk4k3bbsd4j-perl5.32.0-Imager-1.012/lib/perl5/site_perl/5.32.0/x86_64-linux-thread-multi/Imager/Inline.pod
Installing /nix/store/qicqahf8hbscxgw6zzmapkk4k3bbsd4j-perl5.32.0-Imager-1.012/lib/perl5/site_perl/5.32.0/x86_64-linux-thread-multi/Imager/API.pod
Installing /nix/store/qicqahf8hbscxgw6zzmapkk4k3bbsd4j-perl5.32.0-Imager-1.012/lib/perl5/site_perl/5.32.0/x86_64-linux-thread-multi/Imager/APIRef.pod
Installing /nix/store/qicqahf8hbscxgw6zzmapkk4k3bbsd4j-perl5.32.0-Imager-1.012/lib/perl5/site_perl/5.32.0/x86_64-linux-thread-multi/Imager/Matrix2d.pm
Installing /nix/store/qicqahf8hbscxgw6zzmapkk4k3bbsd4j-perl5.32.0-Imager-1.012/lib/perl5/site_perl/5.32.0/x86_64-linux-thread-multi/Imager/regmach.pod
Installing /nix/store/qicqahf8hbscxgw6zzmapkk4k3bbsd4j-perl5.32.0-Imager-1.012/lib/perl5/site_perl/5.32.0/x86_64-linux-thread-multi/Imager/Install.pod
Installing /nix/store/qicqahf8hbscxgw6zzmapkk4k3bbsd4j-perl5.32.0-Imager-1.012/lib/perl5/site_perl/5.32.0/x86_64-linux-thread-multi/Imager/CountColor.pm
Installing /nix/store/qicqahf8hbscxgw6zzmapkk4k3bbsd4j-perl5.32.0-Imager-1.012/lib/perl5/site_perl/5.32.0/x86_64-linux-thread-multi/Imager/ImageTypes.pod
Installing /nix/store/qicqahf8hbscxgw6zzmapkk4k3bbsd4j-perl5.32.0-Imager-1.012/lib/perl5/site_perl/5.32.0/x86_64-linux-thread-multi/Imager/Font/FT2.pm
Installing /nix/store/qicqahf8hbscxgw6zzmapkk4k3bbsd4j-perl5.32.0-Imager-1.012/lib/perl5/site_perl/5.32.0/x86_64-linux-thread-multi/Imager/Font/Truetype.pm
Installing /nix/store/qicqahf8hbscxgw6zzmapkk4k3bbsd4j-perl5.32.0-Imager-1.012/lib/perl5/site_perl/5.32.0/x86_64-linux-thread-multi/Imager/Font/Test.pm
Installing /nix/store/qicqahf8hbscxgw6zzmapkk4k3bbsd4j-perl5.32.0-Imager-1.012/lib/perl5/site_perl/5.32.0/x86_64-linux-thread-multi/Imager/Font/FreeType2.pm
Installing /nix/store/qicqahf8hbscxgw6zzmapkk4k3bbsd4j-perl5.32.0-Imager-1.012/lib/perl5/site_perl/5.32.0/x86_64-linux-thread-multi/Imager/Font/Image.pm
Installing /nix/store/qicqahf8hbscxgw6zzmapkk4k3bbsd4j-perl5.32.0-Imager-1.012/lib/perl5/site_perl/5.32.0/x86_64-linux-thread-multi/Imager/Font/BBox.pm
Installing /nix/store/qicqahf8hbscxgw6zzmapkk4k3bbsd4j-perl5.32.0-Imager-1.012/lib/perl5/site_perl/5.32.0/x86_64-linux-thread-multi/Imager/Font/Type1.pm
Installing /nix/store/qicqahf8hbscxgw6zzmapkk4k3bbsd4j-perl5.32.0-Imager-1.012/lib/perl5/site_perl/5.32.0/x86_64-linux-thread-multi/Imager/Font/Wrap.pm
Installing /nix/store/qicqahf8hbscxgw6zzmapkk4k3bbsd4j-perl5.32.0-Imager-1.012/lib/perl5/site_perl/5.32.0/x86_64-linux-thread-multi/Imager/File/PNG.pm
Installing /nix/store/qicqahf8hbscxgw6zzmapkk4k3bbsd4j-perl5.32.0-Imager-1.012/lib/perl5/site_perl/5.32.0/x86_64-linux-thread-multi/Imager/File/ICO.pm
Installing /nix/store/qicqahf8hbscxgw6zzmapkk4k3bbsd4j-perl5.32.0-Imager-1.012/lib/perl5/site_perl/5.32.0/x86_64-linux-thread-multi/Imager/File/CUR.pm
Installing /nix/store/qicqahf8hbscxgw6zzmapkk4k3bbsd4j-perl5.32.0-Imager-1.012/lib/perl5/site_perl/5.32.0/x86_64-linux-thread-multi/Imager/File/JPEG.pm
Installing /nix/store/qicqahf8hbscxgw6zzmapkk4k3bbsd4j-perl5.32.0-Imager-1.012/lib/perl5/site_perl/5.32.0/x86_64-linux-thread-multi/Imager/File/SGI.pm
Installing /nix/store/qicqahf8hbscxgw6zzmapkk4k3bbsd4j-perl5.32.0-Imager-1.012/lib/perl5/site_perl/5.32.0/x86_64-linux-thread-multi/Imager/Color/Table.pm
Installing /nix/store/qicqahf8hbscxgw6zzmapkk4k3bbsd4j-perl5.32.0-Imager-1.012/lib/perl5/site_perl/5.32.0/x86_64-linux-thread-multi/Imager/Color/Float.pm
Installing /nix/store/qicqahf8hbscxgw6zzmapkk4k3bbsd4j-perl5.32.0-Imager-1.012/lib/perl5/site_perl/5.32.0/x86_64-linux-thread-multi/Imager/include/regmach.h
Installing /nix/store/qicqahf8hbscxgw6zzmapkk4k3bbsd4j-perl5.32.0-Imager-1.012/lib/perl5/site_perl/5.32.0/x86_64-linux-thread-multi/Imager/include/ppport.h
Installing /nix/store/qicqahf8hbscxgw6zzmapkk4k3bbsd4j-perl5.32.0-Imager-1.012/lib/perl5/site_perl/5.32.0/x86_64-linux-thread-multi/Imager/include/ext.h
Installing /nix/store/qicqahf8hbscxgw6zzmapkk4k3bbsd4j-perl5.32.0-Imager-1.012/lib/perl5/site_perl/5.32.0/x86_64-linux-thread-multi/Imager/include/imexttypes.h
Installing /nix/store/qicqahf8hbscxgw6zzmapkk4k3bbsd4j-perl5.32.0-Imager-1.012/lib/perl5/site_perl/5.32.0/x86_64-linux-thread-multi/Imager/include/imextpltypes.h
Installing /nix/store/qicqahf8hbscxgw6zzmapkk4k3bbsd4j-perl5.32.0-Imager-1.012/lib/perl5/site_perl/5.32.0/x86_64-linux-thread-multi/Imager/include/imext.h
Installing /nix/store/qicqahf8hbscxgw6zzmapkk4k3bbsd4j-perl5.32.0-Imager-1.012/lib/perl5/site_perl/5.32.0/x86_64-linux-thread-multi/Imager/include/imerror.h
Installing /nix/store/qicqahf8hbscxgw6zzmapkk4k3bbsd4j-perl5.32.0-Imager-1.012/lib/perl5/site_perl/5.32.0/x86_64-linux-thread-multi/Imager/include/imexif.h
Installing /nix/store/qicqahf8hbscxgw6zzmapkk4k3bbsd4j-perl5.32.0-Imager-1.012/lib/perl5/site_perl/5.32.0/x86_64-linux-thread-multi/Imager/include/stackmach.h
Installing /nix/store/qicqahf8hbscxgw6zzmapkk4k3bbsd4j-perl5.32.0-Imager-1.012/lib/perl5/site_perl/5.32.0/x86_64-linux-thread-multi/Imager/include/imio.h
Installing /nix/store/qicqahf8hbscxgw6zzmapkk4k3bbsd4j-perl5.32.0-Imager-1.012/lib/perl5/site_perl/5.32.0/x86_64-linux-thread-multi/Imager/include/imperl.h
Installing /nix/store/qicqahf8hbscxgw6zzmapkk4k3bbsd4j-perl5.32.0-Imager-1.012/lib/perl5/site_perl/5.32.0/x86_64-linux-thread-multi/Imager/include/plug.h
Installing /nix/store/qicqahf8hbscxgw6zzmapkk4k3bbsd4j-perl5.32.0-Imager-1.012/lib/perl5/site_perl/5.32.0/x86_64-linux-thread-multi/Imager/include/iolayer.h
Installing /nix/store/qicqahf8hbscxgw6zzmapkk4k3bbsd4j-perl5.32.0-Imager-1.012/lib/perl5/site_perl/5.32.0/x86_64-linux-thread-multi/Imager/include/rendert.h
Installing /nix/store/qicqahf8hbscxgw6zzmapkk4k3bbsd4j-perl5.32.0-Imager-1.012/lib/perl5/site_perl/5.32.0/x86_64-linux-thread-multi/Imager/include/imconfig.h
Installing /nix/store/qicqahf8hbscxgw6zzmapkk4k3bbsd4j-perl5.32.0-Imager-1.012/lib/perl5/site_perl/5.32.0/x86_64-linux-thread-multi/Imager/include/feat.h
Installing /nix/store/qicqahf8hbscxgw6zzmapkk4k3bbsd4j-perl5.32.0-Imager-1.012/lib/perl5/site_perl/5.32.0/x86_64-linux-thread-multi/Imager/include/immacros.h
Installing /nix/store/qicqahf8hbscxgw6zzmapkk4k3bbsd4j-perl5.32.0-Imager-1.012/lib/perl5/site_perl/5.32.0/x86_64-linux-thread-multi/Imager/include/imrender.h
Installing /nix/store/qicqahf8hbscxgw6zzmapkk4k3bbsd4j-perl5.32.0-Imager-1.012/lib/perl5/site_perl/5.32.0/x86_64-linux-thread-multi/Imager/include/iolayert.h
Installing /nix/store/qicqahf8hbscxgw6zzmapkk4k3bbsd4j-perl5.32.0-Imager-1.012/lib/perl5/site_perl/5.32.0/x86_64-linux-thread-multi/Imager/include/dynaload.h
Installing /nix/store/qicqahf8hbscxgw6zzmapkk4k3bbsd4j-perl5.32.0-Imager-1.012/lib/perl5/site_perl/5.32.0/x86_64-linux-thread-multi/Imager/include/imperlio.h
Installing /nix/store/qicqahf8hbscxgw6zzmapkk4k3bbsd4j-perl5.32.0-Imager-1.012/lib/perl5/site_perl/5.32.0/x86_64-linux-thread-multi/Imager/include/draw.h
Installing /nix/store/qicqahf8hbscxgw6zzmapkk4k3bbsd4j-perl5.32.0-Imager-1.012/lib/perl5/site_perl/5.32.0/x86_64-linux-thread-multi/Imager/include/imextpl.h
Installing /nix/store/qicqahf8hbscxgw6zzmapkk4k3bbsd4j-perl5.32.0-Imager-1.012/lib/perl5/site_perl/5.32.0/x86_64-linux-thread-multi/Imager/include/imextdef.h
Installing /nix/store/qicqahf8hbscxgw6zzmapkk4k3bbsd4j-perl5.32.0-Imager-1.012/lib/perl5/site_perl/5.32.0/x86_64-linux-thread-multi/Imager/include/imageri.h
Installing /nix/store/qicqahf8hbscxgw6zzmapkk4k3bbsd4j-perl5.32.0-Imager-1.012/lib/perl5/site_perl/5.32.0/x86_64-linux-thread-multi/Imager/include/log.h
Installing /nix/store/qicqahf8hbscxgw6zzmapkk4k3bbsd4j-perl5.32.0-Imager-1.012/lib/perl5/site_perl/5.32.0/x86_64-linux-thread-multi/Imager/include/imager.h
Installing /nix/store/qicqahf8hbscxgw6zzmapkk4k3bbsd4j-perl5.32.0-Imager-1.012/lib/perl5/site_perl/5.32.0/x86_64-linux-thread-multi/Imager/include/imdatatypes.h
Installing /nix/store/qicqahf8hbscxgw6zzmapkk4k3bbsd4j-perl5.32.0-Imager-1.012/lib/perl5/site_perl/5.32.0/x86_64-linux-thread-multi/Imager/Expr/Assem.pm
Installing /nix/store/qicqahf8hbscxgw6zzmapkk4k3bbsd4j-perl5.32.0-Imager-1.012/lib/perl5/site_perl/5.32.0/x86_64-linux-thread-multi/Imager/Filter/DynTest.pm
Installing /nix/store/qicqahf8hbscxgw6zzmapkk4k3bbsd4j-perl5.32.0-Imager-1.012/lib/perl5/site_perl/5.32.0/x86_64-linux-thread-multi/Imager/Filter/Flines.pm
Installing /nix/store/qicqahf8hbscxgw6zzmapkk4k3bbsd4j-perl5.32.0-Imager-1.012/lib/perl5/site_perl/5.32.0/x86_64-linux-thread-multi/Imager/Filter/Mandelbrot.pm
Installing /nix/store/qicqahf8hbscxgw6zzmapkk4k3bbsd4j-perl5.32.0-Imager-1.012/share/man/man3/Imager::Cookbook.3
Installing /nix/store/qicqahf8hbscxgw6zzmapkk4k3bbsd4j-perl5.32.0-Imager-1.012/share/man/man3/Imager::Font::Type1.3
Installing /nix/store/qicqahf8hbscxgw6zzmapkk4k3bbsd4j-perl5.32.0-Imager-1.012/share/man/man3/Imager::Filters.3
Installing /nix/store/qicqahf8hbscxgw6zzmapkk4k3bbsd4j-perl5.32.0-Imager-1.012/share/man/man3/Imager::IO.3
Installing /nix/store/qicqahf8hbscxgw6zzmapkk4k3bbsd4j-perl5.32.0-Imager-1.012/share/man/man3/Imager::Filter::Mandelbrot.3
Installing /nix/store/qicqahf8hbscxgw6zzmapkk4k3bbsd4j-perl5.32.0-Imager-1.012/share/man/man3/Imager::Handy.3
Installing /nix/store/qicqahf8hbscxgw6zzmapkk4k3bbsd4j-perl5.32.0-Imager-1.012/share/man/man3/Imager::ImageTypes.3
Installing /nix/store/qicqahf8hbscxgw6zzmapkk4k3bbsd4j-perl5.32.0-Imager-1.012/share/man/man3/Imager::Draw.3
Installing /nix/store/qicqahf8hbscxgw6zzmapkk4k3bbsd4j-perl5.32.0-Imager-1.012/share/man/man3/Imager::ExtUtils.3
Installing /nix/store/qicqahf8hbscxgw6zzmapkk4k3bbsd4j-perl5.32.0-Imager-1.012/share/man/man3/Imager::APIRef.3
Installing /nix/store/qicqahf8hbscxgw6zzmapkk4k3bbsd4j-perl5.32.0-Imager-1.012/share/man/man3/Imager::File::PNG.3
Installing /nix/store/qicqahf8hbscxgw6zzmapkk4k3bbsd4j-perl5.32.0-Imager-1.012/share/man/man3/Imager::Preprocess.3
Installing /nix/store/qicqahf8hbscxgw6zzmapkk4k3bbsd4j-perl5.32.0-Imager-1.012/share/man/man3/Imager::Engines.3
Installing /nix/store/qicqahf8hbscxgw6zzmapkk4k3bbsd4j-perl5.32.0-Imager-1.012/share/man/man3/Imager::Font::Test.3
Installing /nix/store/qicqahf8hbscxgw6zzmapkk4k3bbsd4j-perl5.32.0-Imager-1.012/share/man/man3/Imager::Test.3
Installing /nix/store/qicqahf8hbscxgw6zzmapkk4k3bbsd4j-perl5.32.0-Imager-1.012/share/man/man3/Imager::regmach.3
Installing /nix/store/qicqahf8hbscxgw6zzmapkk4k3bbsd4j-perl5.32.0-Imager-1.012/share/man/man3/Imager::Font.3
Installing /nix/store/qicqahf8hbscxgw6zzmapkk4k3bbsd4j-perl5.32.0-Imager-1.012/share/man/man3/Imager::File::ICO.3
Installing /nix/store/qicqahf8hbscxgw6zzmapkk4k3bbsd4j-perl5.32.0-Imager-1.012/share/man/man3/Imager::LargeSamples.3
Installing /nix/store/qicqahf8hbscxgw6zzmapkk4k3bbsd4j-perl5.32.0-Imager-1.012/share/man/man3/Imager::interface.3
Installing /nix/store/qicqahf8hbscxgw6zzmapkk4k3bbsd4j-perl5.32.0-Imager-1.012/share/man/man3/Imager::Font::BBox.3
Installing /nix/store/qicqahf8hbscxgw6zzmapkk4k3bbsd4j-perl5.32.0-Imager-1.012/share/man/man3/Imager::API.3
Installing /nix/store/qicqahf8hbscxgw6zzmapkk4k3bbsd4j-perl5.32.0-Imager-1.012/share/man/man3/Imager::Color::Table.3
Installing /nix/store/qicqahf8hbscxgw6zzmapkk4k3bbsd4j-perl5.32.0-Imager-1.012/share/man/man3/Imager::Files.3
Installing /nix/store/qicqahf8hbscxgw6zzmapkk4k3bbsd4j-perl5.32.0-Imager-1.012/share/man/man3/Imager::Filter::Flines.3
Installing /nix/store/qicqahf8hbscxgw6zzmapkk4k3bbsd4j-perl5.32.0-Imager-1.012/share/man/man3/Imager::File::JPEG.3
Installing /nix/store/qicqahf8hbscxgw6zzmapkk4k3bbsd4j-perl5.32.0-Imager-1.012/share/man/man3/Imager::Transform.3
Installing /nix/store/qicqahf8hbscxgw6zzmapkk4k3bbsd4j-perl5.32.0-Imager-1.012/share/man/man3/Imager::Tutorial.3
Installing /nix/store/qicqahf8hbscxgw6zzmapkk4k3bbsd4j-perl5.32.0-Imager-1.012/share/man/man3/Imager::Fill.3
Installing /nix/store/qicqahf8hbscxgw6zzmapkk4k3bbsd4j-perl5.32.0-Imager-1.012/share/man/man3/Imager::Expr.3
Installing /nix/store/qicqahf8hbscxgw6zzmapkk4k3bbsd4j-perl5.32.0-Imager-1.012/share/man/man3/Imager::Font::FT2.3
Installing /nix/store/qicqahf8hbscxgw6zzmapkk4k3bbsd4j-perl5.32.0-Imager-1.012/share/man/man3/Imager.3
Installing /nix/store/qicqahf8hbscxgw6zzmapkk4k3bbsd4j-perl5.32.0-Imager-1.012/share/man/man3/Imager::Color.3
Installing /nix/store/qicqahf8hbscxgw6zzmapkk4k3bbsd4j-perl5.32.0-Imager-1.012/share/man/man3/Imager::Font::Wrap.3
Installing /nix/store/qicqahf8hbscxgw6zzmapkk4k3bbsd4j-perl5.32.0-Imager-1.012/share/man/man3/Imager::Fountain.3
Installing /nix/store/qicqahf8hbscxgw6zzmapkk4k3bbsd4j-perl5.32.0-Imager-1.012/share/man/man3/Imager::Security.3
Installing /nix/store/qicqahf8hbscxgw6zzmapkk4k3bbsd4j-perl5.32.0-Imager-1.012/share/man/man3/Imager::Regops.3
Installing /nix/store/qicqahf8hbscxgw6zzmapkk4k3bbsd4j-perl5.32.0-Imager-1.012/share/man/man3/Imager::Probe.3
Installing /nix/store/qicqahf8hbscxgw6zzmapkk4k3bbsd4j-perl5.32.0-Imager-1.012/share/man/man3/Imager::Matrix2d.3
Installing /nix/store/qicqahf8hbscxgw6zzmapkk4k3bbsd4j-perl5.32.0-Imager-1.012/share/man/man3/Imager::Inline.3
Installing /nix/store/qicqahf8hbscxgw6zzmapkk4k3bbsd4j-perl5.32.0-Imager-1.012/share/man/man3/Imager::Install.3
Installing /nix/store/qicqahf8hbscxgw6zzmapkk4k3bbsd4j-perl5.32.0-Imager-1.012/share/man/man3/Imager::Font::FreeType2.3
Installing /nix/store/qicqahf8hbscxgw6zzmapkk4k3bbsd4j-perl5.32.0-Imager-1.012/share/man/man3/Imager::Expr::Assem.3
Installing /nix/store/qicqahf8hbscxgw6zzmapkk4k3bbsd4j-perl5.32.0-Imager-1.012/share/man/man3/Imager::Transformations.3
Installing /nix/store/qicqahf8hbscxgw6zzmapkk4k3bbsd4j-perl5.32.0-Imager-1.012/share/man/man3/Imager::Color::Float.3
Installing /nix/store/qicqahf8hbscxgw6zzmapkk4k3bbsd4j-perl5.32.0-Imager-1.012/share/man/man3/Imager::Font::Truetype.3
Installing /nix/store/qicqahf8hbscxgw6zzmapkk4k3bbsd4j-perl5.32.0-Imager-1.012/share/man/man3/Imager::Threads.3
Installing /nix/store/qicqahf8hbscxgw6zzmapkk4k3bbsd4j-perl5.32.0-Imager-1.012/share/man/man3/Imager::File::SGI.3
Installing /nix/store/qicqahf8hbscxgw6zzmapkk4k3bbsd4j-perl5.32.0-Imager-1.012/share/man/man3/Imager::CountColor.3
Appending installation info to /nix/store/qicqahf8hbscxgw6zzmapkk4k3bbsd4j-perl5.32.0-Imager-1.012/lib/perl5/5.32.0/x86_64-linux-thread-multi/perllocal.pod
post-installation fixup
Moving /nix/store/qicqahf8hbscxgw6zzmapkk4k3bbsd4j-perl5.32.0-Imager-1.012/share/man/man3 to /nix/store/zpwxn6ii2fz6jbg1rifdrjdglpshc0mh-perl5.32.0-Imager-1.012-devdoc/share/man/man3
Removing empty /nix/store/qicqahf8hbscxgw6zzmapkk4k3bbsd4j-perl5.32.0-Imager-1.012/share/man/ and (possibly) its parents
shrinking RPATHs of ELF executables and libraries in /nix/store/qicqahf8hbscxgw6zzmapkk4k3bbsd4j-perl5.32.0-Imager-1.012
shrinking /nix/store/qicqahf8hbscxgw6zzmapkk4k3bbsd4j-perl5.32.0-Imager-1.012/lib/perl5/site_perl/5.32.0/x86_64-linux-thread-multi/auto/Imager/Font/FT2/FT2.so
shrinking /nix/store/qicqahf8hbscxgw6zzmapkk4k3bbsd4j-perl5.32.0-Imager-1.012/lib/perl5/site_perl/5.32.0/x86_64-linux-thread-multi/auto/Imager/File/ICO/ICO.so
shrinking /nix/store/qicqahf8hbscxgw6zzmapkk4k3bbsd4j-perl5.32.0-Imager-1.012/lib/perl5/site_perl/5.32.0/x86_64-linux-thread-multi/auto/Imager/File/JPEG/JPEG.so
shrinking /nix/store/qicqahf8hbscxgw6zzmapkk4k3bbsd4j-perl5.32.0-Imager-1.012/lib/perl5/site_perl/5.32.0/x86_64-linux-thread-multi/auto/Imager/File/PNG/PNG.so
shrinking /nix/store/qicqahf8hbscxgw6zzmapkk4k3bbsd4j-perl5.32.0-Imager-1.012/lib/perl5/site_perl/5.32.0/x86_64-linux-thread-multi/auto/Imager/File/SGI/SGI.so
shrinking /nix/store/qicqahf8hbscxgw6zzmapkk4k3bbsd4j-perl5.32.0-Imager-1.012/lib/perl5/site_perl/5.32.0/x86_64-linux-thread-multi/auto/Imager/Imager.so
shrinking /nix/store/qicqahf8hbscxgw6zzmapkk4k3bbsd4j-perl5.32.0-Imager-1.012/lib/perl5/site_perl/5.32.0/x86_64-linux-thread-multi/auto/Imager/Filter/Mandelbrot/Mandelbrot.so
shrinking /nix/store/qicqahf8hbscxgw6zzmapkk4k3bbsd4j-perl5.32.0-Imager-1.012/lib/perl5/site_perl/5.32.0/x86_64-linux-thread-multi/auto/Imager/Filter/Flines/Flines.so
shrinking /nix/store/qicqahf8hbscxgw6zzmapkk4k3bbsd4j-perl5.32.0-Imager-1.012/lib/perl5/site_perl/5.32.0/x86_64-linux-thread-multi/auto/Imager/Filter/DynTest/DynTest.so
shrinking /nix/store/qicqahf8hbscxgw6zzmapkk4k3bbsd4j-perl5.32.0-Imager-1.012/lib/perl5/site_perl/5.32.0/x86_64-linux-thread-multi/auto/Imager/CountColor/CountColor.so
strip is /nix/store/psyzbhp4p088sb9qcs378hfbslcalasl-binutils-2.31.1/bin/strip
stripping (with command strip and flags -S) in /nix/store/qicqahf8hbscxgw6zzmapkk4k3bbsd4j-perl5.32.0-Imager-1.012/lib
patching script interpreter paths in /nix/store/qicqahf8hbscxgw6zzmapkk4k3bbsd4j-perl5.32.0-Imager-1.012
checking for references to /build/ in /nix/store/qicqahf8hbscxgw6zzmapkk4k3bbsd4j-perl5.32.0-Imager-1.012...
shrinking RPATHs of ELF executables and libraries in /nix/store/zpwxn6ii2fz6jbg1rifdrjdglpshc0mh-perl5.32.0-Imager-1.012-devdoc
gzipping man pages under /nix/store/zpwxn6ii2fz6jbg1rifdrjdglpshc0mh-perl5.32.0-Imager-1.012-devdoc/share/man/
strip is /nix/store/psyzbhp4p088sb9qcs378hfbslcalasl-binutils-2.31.1/bin/strip
patching script interpreter paths in /nix/store/zpwxn6ii2fz6jbg1rifdrjdglpshc0mh-perl5.32.0-Imager-1.012-devdoc
checking for references to /build/ in /nix/store/zpwxn6ii2fz6jbg1rifdrjdglpshc0mh-perl5.32.0-Imager-1.012-devdoc...
/nix/store/qicqahf8hbscxgw6zzmapkk4k3bbsd4j-perl5.32.0-Imager-1.012
