these derivations will be built:
  /nix/store/sdzkifvn4fnn80xhja9zimiml5nvi29a-perl5.32.0-Image-ExifTool-11.85.drv
building '/nix/store/sdzkifvn4fnn80xhja9zimiml5nvi29a-perl5.32.0-Image-ExifTool-11.85.drv'...
unpacking sources
unpacking source archive /nix/store/9p7yw3yllmlr04zn6m7n4hgkaqngw851-Image-ExifTool-11.85.tar.gz
source root is Image-ExifTool-11.85
setting SOURCE_DATE_EPOCH to timestamp 1580225742 of file Image-ExifTool-11.85/META.yml
patching sources
configuring
patching ./exiftool...
/nix/store/qf3mzpvsmkrw963xchbivcci06078n13-builder.sh: line 17: warning: command substitution: ignored null byte in input
/nix/store/qf3mzpvsmkrw963xchbivcci06078n13-builder.sh: line 17: warning: command substitution: ignored null byte in input
/nix/store/qf3mzpvsmkrw963xchbivcci06078n13-builder.sh: line 17: warning: command substitution: ignored null byte in input
/nix/store/qf3mzpvsmkrw963xchbivcci06078n13-builder.sh: line 17: warning: command substitution: ignored null byte in input
/nix/store/qf3mzpvsmkrw963xchbivcci06078n13-builder.sh: line 17: warning: command substitution: ignored null byte in input
/nix/store/qf3mzpvsmkrw963xchbivcci06078n13-builder.sh: line 17: warning: command substitution: ignored null byte in input
/nix/store/qf3mzpvsmkrw963xchbivcci06078n13-builder.sh: line 17: warning: command substitution: ignored null byte in input
/nix/store/qf3mzpvsmkrw963xchbivcci06078n13-builder.sh: line 17: warning: command substitution: ignored null byte in input
/nix/store/qf3mzpvsmkrw963xchbivcci06078n13-builder.sh: line 17: warning: command substitution: ignored null byte in input
/nix/store/qf3mzpvsmkrw963xchbivcci06078n13-builder.sh: line 17: warning: command substitution: ignored null byte in input
/nix/store/qf3mzpvsmkrw963xchbivcci06078n13-builder.sh: line 17: warning: command substitution: ignored null byte in input
/nix/store/qf3mzpvsmkrw963xchbivcci06078n13-builder.sh: line 17: warning: command substitution: ignored null byte in input
/nix/store/qf3mzpvsmkrw963xchbivcci06078n13-builder.sh: line 17: warning: command substitution: ignored null byte in input
/nix/store/qf3mzpvsmkrw963xchbivcci06078n13-builder.sh: line 17: warning: command substitution: ignored null byte in input
/nix/store/qf3mzpvsmkrw963xchbivcci06078n13-builder.sh: line 17: warning: command substitution: ignored null byte in input
/nix/store/qf3mzpvsmkrw963xchbivcci06078n13-builder.sh: line 17: warning: command substitution: ignored null byte in input
/nix/store/qf3mzpvsmkrw963xchbivcci06078n13-builder.sh: line 17: warning: command substitution: ignored null byte in input
Checking if your kit is complete...
Looks good
Generating a Unix-style Makefile
Writing Makefile for Image::ExifTool
Writing MYMETA.yml and MYMETA.json
no configure script, doing nothing
building
build flags: SHELL=/nix/store/9fqwwd4iybmhjqyxiaxycknslw6bgwh1-bash-4.4-p23/bin/bash
cp lib/Image/ExifTool/Charset/Baltic.pm blib/lib/Image/ExifTool/Charset/Baltic.pm
cp lib/Image/ExifTool.pm blib/lib/Image/ExifTool.pm
cp lib/Image/ExifTool/Charset/MacChineseCN.pm blib/lib/Image/ExifTool/Charset/MacChineseCN.pm
cp lib/Image/ExifTool/CanonVRD.pm blib/lib/Image/ExifTool/CanonVRD.pm
cp lib/Image/ExifTool/BZZ.pm blib/lib/Image/ExifTool/BZZ.pm
cp lib/Image/ExifTool.pod blib/lib/Image/ExifTool.pod
cp lib/File/RandomAccess.pod blib/lib/File/RandomAccess.pod
cp lib/Image/ExifTool/Casio.pm blib/lib/Image/ExifTool/Casio.pm
cp lib/Image/ExifTool/CanonRaw.pm blib/lib/Image/ExifTool/CanonRaw.pm
cp lib/Image/ExifTool/ASF.pm blib/lib/Image/ExifTool/ASF.pm
cp lib/Image/ExifTool/Charset.pm blib/lib/Image/ExifTool/Charset.pm
cp lib/Image/ExifTool/Apple.pm blib/lib/Image/ExifTool/Apple.pm
cp lib/Image/ExifTool/BPG.pm blib/lib/Image/ExifTool/BPG.pm
cp lib/Image/ExifTool/Charset/DOSLatin1.pm blib/lib/Image/ExifTool/Charset/DOSLatin1.pm
cp lib/Image/ExifTool/CaptureOne.pm blib/lib/Image/ExifTool/CaptureOne.pm
cp lib/Image/ExifTool/BigTIFF.pm blib/lib/Image/ExifTool/BigTIFF.pm
cp lib/Image/ExifTool/BuildTagLookup.pm blib/lib/Image/ExifTool/BuildTagLookup.pm
cp lib/Image/ExifTool/BMP.pm blib/lib/Image/ExifTool/BMP.pm
cp lib/Image/ExifTool/CanonCustom.pm blib/lib/Image/ExifTool/CanonCustom.pm
cp lib/Image/ExifTool/Charset/Latin2.pm blib/lib/Image/ExifTool/Charset/Latin2.pm
cp lib/Image/ExifTool/Charset/Cyrillic.pm blib/lib/Image/ExifTool/Charset/Cyrillic.pm
cp lib/Image/ExifTool/AFCP.pm blib/lib/Image/ExifTool/AFCP.pm
cp lib/Image/ExifTool/Charset/JIS.pm blib/lib/Image/ExifTool/Charset/JIS.pm
cp lib/Image/ExifTool/Audible.pm blib/lib/Image/ExifTool/Audible.pm
cp lib/Image/ExifTool/AES.pm blib/lib/Image/ExifTool/AES.pm
cp lib/Image/ExifTool/AIFF.pm blib/lib/Image/ExifTool/AIFF.pm
cp lib/Image/ExifTool/Charset/Arabic.pm blib/lib/Image/ExifTool/Charset/Arabic.pm
cp lib/Image/ExifTool/Charset/MacArabic.pm blib/lib/Image/ExifTool/Charset/MacArabic.pm
cp lib/Image/ExifTool/APE.pm blib/lib/Image/ExifTool/APE.pm
cp lib/Image/ExifTool/APP12.pm blib/lib/Image/ExifTool/APP12.pm
cp lib/Image/ExifTool/Charset/Greek.pm blib/lib/Image/ExifTool/Charset/Greek.pm
cp lib/Image/ExifTool/Charset/Hebrew.pm blib/lib/Image/ExifTool/Charset/Hebrew.pm
cp lib/Image/ExifTool/Canon.pm blib/lib/Image/ExifTool/Canon.pm
cp lib/Image/ExifTool/Charset/DOSLatinUS.pm blib/lib/Image/ExifTool/Charset/DOSLatinUS.pm
cp lib/Image/ExifTool/Charset/Latin.pm blib/lib/Image/ExifTool/Charset/Latin.pm
cp lib/File/RandomAccess.pm blib/lib/File/RandomAccess.pm
cp lib/Image/ExifTool/FLIF.pm blib/lib/Image/ExifTool/FLIF.pm
cp lib/Image/ExifTool/FLAC.pm blib/lib/Image/ExifTool/FLAC.pm
cp lib/Image/ExifTool/Charset/ShiftJIS.pm blib/lib/Image/ExifTool/Charset/ShiftJIS.pm
cp lib/Image/ExifTool/Charset/MacHebrew.pm blib/lib/Image/ExifTool/Charset/MacHebrew.pm
cp lib/Image/ExifTool/Charset/MacTurkish.pm blib/lib/Image/ExifTool/Charset/MacTurkish.pm
cp lib/Image/ExifTool/Charset/Turkish.pm blib/lib/Image/ExifTool/Charset/Turkish.pm
cp lib/Image/ExifTool/Charset/MacCyrillic.pm blib/lib/Image/ExifTool/Charset/MacCyrillic.pm
cp lib/Image/ExifTool/FLIR.pm blib/lib/Image/ExifTool/FLIR.pm
cp lib/Image/ExifTool/DV.pm blib/lib/Image/ExifTool/DV.pm
cp lib/Image/ExifTool/DNG.pm blib/lib/Image/ExifTool/DNG.pm
cp lib/Image/ExifTool/Charset/MacRomanian.pm blib/lib/Image/ExifTool/Charset/MacRomanian.pm
cp lib/Image/ExifTool/DjVu.pm blib/lib/Image/ExifTool/DjVu.pm
cp lib/Image/ExifTool/Charset/MacRoman.pm blib/lib/Image/ExifTool/Charset/MacRoman.pm
cp lib/Image/ExifTool/EXE.pm blib/lib/Image/ExifTool/EXE.pm
cp lib/Image/ExifTool/Charset/PDFDoc.pm blib/lib/Image/ExifTool/Charset/PDFDoc.pm
cp lib/Image/ExifTool/Charset/MacLatin2.pm blib/lib/Image/ExifTool/Charset/MacLatin2.pm
cp lib/Image/ExifTool/Charset/MacJapanese.pm blib/lib/Image/ExifTool/Charset/MacJapanese.pm
cp lib/Image/ExifTool/DICOM.pm blib/lib/Image/ExifTool/DICOM.pm
cp lib/Image/ExifTool/Exif.pm blib/lib/Image/ExifTool/Exif.pm
cp lib/Image/ExifTool/Charset/MacChineseTW.pm blib/lib/Image/ExifTool/Charset/MacChineseTW.pm
cp lib/Image/ExifTool/DarwinCore.pm blib/lib/Image/ExifTool/DarwinCore.pm
cp lib/Image/ExifTool/Charset/MacIceland.pm blib/lib/Image/ExifTool/Charset/MacIceland.pm
cp lib/Image/ExifTool/Charset/MacKorean.pm blib/lib/Image/ExifTool/Charset/MacKorean.pm
cp lib/Image/ExifTool/Charset/MacRSymbol.pm blib/lib/Image/ExifTool/Charset/MacRSymbol.pm
cp lib/Image/ExifTool/DPX.pm blib/lib/Image/ExifTool/DPX.pm
cp lib/Image/ExifTool/DJI.pm blib/lib/Image/ExifTool/DJI.pm
cp lib/Image/ExifTool/Charset/Symbol.pm blib/lib/Image/ExifTool/Charset/Symbol.pm
cp lib/Image/ExifTool/Charset/Vietnam.pm blib/lib/Image/ExifTool/Charset/Vietnam.pm
cp lib/Image/ExifTool/Charset/MacGreek.pm blib/lib/Image/ExifTool/Charset/MacGreek.pm
cp lib/Image/ExifTool/Charset/MacCroatian.pm blib/lib/Image/ExifTool/Charset/MacCroatian.pm
cp lib/Image/ExifTool/FITS.pm blib/lib/Image/ExifTool/FITS.pm
cp lib/Image/ExifTool/Charset/Thai.pm blib/lib/Image/ExifTool/Charset/Thai.pm
cp lib/Image/ExifTool/Charset/MacThai.pm blib/lib/Image/ExifTool/Charset/MacThai.pm
cp lib/Image/ExifTool/Jpeg2000.pm blib/lib/Image/ExifTool/Jpeg2000.pm
cp lib/Image/ExifTool/JPEGDigest.pm blib/lib/Image/ExifTool/JPEGDigest.pm
cp lib/Image/ExifTool/KyoceraRaw.pm blib/lib/Image/ExifTool/KyoceraRaw.pm
cp lib/Image/ExifTool/InDesign.pm blib/lib/Image/ExifTool/InDesign.pm
cp lib/Image/ExifTool/IPTC.pm blib/lib/Image/ExifTool/IPTC.pm
cp lib/Image/ExifTool/H264.pm blib/lib/Image/ExifTool/H264.pm
cp lib/Image/ExifTool/Lang/de.pm blib/lib/Image/ExifTool/Lang/de.pm
cp lib/Image/ExifTool/GIMP.pm blib/lib/Image/ExifTool/GIMP.pm
cp lib/Image/ExifTool/JVC.pm blib/lib/Image/ExifTool/JVC.pm
cp lib/Image/ExifTool/FotoStation.pm blib/lib/Image/ExifTool/FotoStation.pm
cp lib/Image/ExifTool/Lang/en_ca.pm blib/lib/Image/ExifTool/Lang/en_ca.pm
cp lib/Image/ExifTool/FlashPix.pm blib/lib/Image/ExifTool/FlashPix.pm
cp lib/Image/ExifTool/FujiFilm.pm blib/lib/Image/ExifTool/FujiFilm.pm
cp lib/Image/ExifTool/HtmlDump.pm blib/lib/Image/ExifTool/HtmlDump.pm
cp lib/Image/ExifTool/ISO.pm blib/lib/Image/ExifTool/ISO.pm
cp lib/Image/ExifTool/ID3.pm blib/lib/Image/ExifTool/ID3.pm
cp lib/Image/ExifTool/Lang/en_gb.pm blib/lib/Image/ExifTool/Lang/en_gb.pm
cp lib/Image/ExifTool/Lang/fi.pm blib/lib/Image/ExifTool/Lang/fi.pm
cp lib/Image/ExifTool/JPEG.pm blib/lib/Image/ExifTool/JPEG.pm
cp lib/Image/ExifTool/JSON.pm blib/lib/Image/ExifTool/JSON.pm
cp lib/Image/ExifTool/LNK.pm blib/lib/Image/ExifTool/LNK.pm
cp lib/Image/ExifTool/Geotag.pm blib/lib/Image/ExifTool/Geotag.pm
cp lib/Image/ExifTool/Lang/es.pm blib/lib/Image/ExifTool/Lang/es.pm
cp lib/Image/ExifTool/GIF.pm blib/lib/Image/ExifTool/GIF.pm
cp lib/Image/ExifTool/Font.pm blib/lib/Image/ExifTool/Font.pm
cp lib/Image/ExifTool/ICC_Profile.pm blib/lib/Image/ExifTool/ICC_Profile.pm
cp lib/Image/ExifTool/Import.pm blib/lib/Image/ExifTool/Import.pm
cp lib/Image/ExifTool/GPS.pm blib/lib/Image/ExifTool/GPS.pm
cp lib/Image/ExifTool/GoPro.pm blib/lib/Image/ExifTool/GoPro.pm
cp lib/Image/ExifTool/HTML.pm blib/lib/Image/ExifTool/HTML.pm
cp lib/Image/ExifTool/GE.pm blib/lib/Image/ExifTool/GE.pm
cp lib/Image/ExifTool/Kodak.pm blib/lib/Image/ExifTool/Kodak.pm
cp lib/Image/ExifTool/ITC.pm blib/lib/Image/ExifTool/ITC.pm
cp lib/Image/ExifTool/GeoTiff.pm blib/lib/Image/ExifTool/GeoTiff.pm
cp lib/Image/ExifTool/Lang/cs.pm blib/lib/Image/ExifTool/Lang/cs.pm
cp lib/Image/ExifTool/Flash.pm blib/lib/Image/ExifTool/Flash.pm
cp lib/Image/ExifTool/Fixup.pm blib/lib/Image/ExifTool/Fixup.pm
cp lib/Image/ExifTool/HP.pm blib/lib/Image/ExifTool/HP.pm
cp lib/Image/ExifTool/MWG.pm blib/lib/Image/ExifTool/MWG.pm
cp lib/Image/ExifTool/Nikon.pm blib/lib/Image/ExifTool/Nikon.pm
cp lib/Image/ExifTool/MPF.pm blib/lib/Image/ExifTool/MPF.pm
cp lib/Image/ExifTool/MOI.pm blib/lib/Image/ExifTool/MOI.pm
cp lib/Image/ExifTool/Lang/ko.pm blib/lib/Image/ExifTool/Lang/ko.pm
cp lib/Image/ExifTool/MNG.pm blib/lib/Image/ExifTool/MNG.pm
cp lib/Image/ExifTool/OOXML.pm blib/lib/Image/ExifTool/OOXML.pm
cp lib/Image/ExifTool/Lang/nl.pm blib/lib/Image/ExifTool/Lang/nl.pm
cp lib/Image/ExifTool/Lang/sv.pm blib/lib/Image/ExifTool/Lang/sv.pm
cp lib/Image/ExifTool/Lang/tr.pm blib/lib/Image/ExifTool/Lang/tr.pm
cp lib/Image/ExifTool/Minolta.pm blib/lib/Image/ExifTool/Minolta.pm
cp lib/Image/ExifTool/Leaf.pm blib/lib/Image/ExifTool/Leaf.pm
cp lib/Image/ExifTool/Nintendo.pm blib/lib/Image/ExifTool/Nintendo.pm
cp lib/Image/ExifTool/Lang/it.pm blib/lib/Image/ExifTool/Lang/it.pm
cp lib/Image/ExifTool/Matroska.pm blib/lib/Image/ExifTool/Matroska.pm
cp lib/Image/ExifTool/MIEUnits.pod blib/lib/Image/ExifTool/MIEUnits.pod
cp lib/Image/ExifTool/NikonCustom.pm blib/lib/Image/ExifTool/NikonCustom.pm
cp lib/Image/ExifTool/MXF.pm blib/lib/Image/ExifTool/MXF.pm
cp lib/Image/ExifTool/Lytro.pm blib/lib/Image/ExifTool/Lytro.pm
cp lib/Image/ExifTool/Microsoft.pm blib/lib/Image/ExifTool/Microsoft.pm
cp lib/Image/ExifTool/MinoltaRaw.pm blib/lib/Image/ExifTool/MinoltaRaw.pm
cp lib/Image/ExifTool/MIE.pm blib/lib/Image/ExifTool/MIE.pm
cp lib/Image/ExifTool/Lang/zh_tw.pm blib/lib/Image/ExifTool/Lang/zh_tw.pm
cp lib/Image/ExifTool/Lang/ja.pm blib/lib/Image/ExifTool/Lang/ja.pm
cp lib/Image/ExifTool/MPC.pm blib/lib/Image/ExifTool/MPC.pm
cp lib/Image/ExifTool/Lang/zh_cn.pm blib/lib/Image/ExifTool/Lang/zh_cn.pm
cp lib/Image/ExifTool/Lang/pl.pm blib/lib/Image/ExifTool/Lang/pl.pm
cp lib/Image/ExifTool/M2TS.pm blib/lib/Image/ExifTool/M2TS.pm
cp lib/Image/ExifTool/Lang/ru.pm blib/lib/Image/ExifTool/Lang/ru.pm
cp lib/Image/ExifTool/MIFF.pm blib/lib/Image/ExifTool/MIFF.pm
cp lib/Image/ExifTool/MakerNotes.pm blib/lib/Image/ExifTool/MakerNotes.pm
cp lib/Image/ExifTool/MacOS.pm blib/lib/Image/ExifTool/MacOS.pm
cp lib/Image/ExifTool/NikonCapture.pm blib/lib/Image/ExifTool/NikonCapture.pm
cp lib/Image/ExifTool/Olympus.pm blib/lib/Image/ExifTool/Olympus.pm
cp lib/Image/ExifTool/Lang/fr.pm blib/lib/Image/ExifTool/Lang/fr.pm
cp lib/Image/ExifTool/Motorola.pm blib/lib/Image/ExifTool/Motorola.pm
cp lib/Image/ExifTool/MPEG.pm blib/lib/Image/ExifTool/MPEG.pm
cp lib/Image/ExifTool/Ogg.pm blib/lib/Image/ExifTool/Ogg.pm
cp lib/Image/ExifTool/PLUS.pm blib/lib/Image/ExifTool/PLUS.pm
cp lib/Image/ExifTool/OpenEXR.pm blib/lib/Image/ExifTool/OpenEXR.pm
cp lib/Image/ExifTool/PICT.pm blib/lib/Image/ExifTool/PICT.pm
cp lib/Image/ExifTool/Palm.pm blib/lib/Image/ExifTool/Palm.pm
cp lib/Image/ExifTool/PLIST.pm blib/lib/Image/ExifTool/PLIST.pm
cp lib/Image/ExifTool/PDF.pm blib/lib/Image/ExifTool/PDF.pm
cp lib/Image/ExifTool/RSRC.pm blib/lib/Image/ExifTool/RSRC.pm
cp lib/Image/ExifTool/Pentax.pm blib/lib/Image/ExifTool/Pentax.pm
cp lib/Image/ExifTool/Parrot.pm blib/lib/Image/ExifTool/Parrot.pm
cp lib/Image/ExifTool/Samsung.pm blib/lib/Image/ExifTool/Samsung.pm
cp lib/Image/ExifTool/PrintIM.pm blib/lib/Image/ExifTool/PrintIM.pm
cp lib/Image/ExifTool/PostScript.pm blib/lib/Image/ExifTool/PostScript.pm
cp lib/Image/ExifTool/Sanyo.pm blib/lib/Image/ExifTool/Sanyo.pm
cp lib/Image/ExifTool/PCX.pm blib/lib/Image/ExifTool/PCX.pm
cp lib/Image/ExifTool/PanasonicRaw.pm blib/lib/Image/ExifTool/PanasonicRaw.pm
cp lib/Image/ExifTool/PhotoMechanic.pm blib/lib/Image/ExifTool/PhotoMechanic.pm
cp lib/Image/ExifTool/Ricoh.pm blib/lib/Image/ExifTool/Ricoh.pm
cp lib/Image/ExifTool/Radiance.pm blib/lib/Image/ExifTool/Radiance.pm
cp lib/Image/ExifTool/Panasonic.pm blib/lib/Image/ExifTool/Panasonic.pm
cp lib/Image/ExifTool/PNG.pm blib/lib/Image/ExifTool/PNG.pm
cp lib/Image/ExifTool/README blib/lib/Image/ExifTool/README
cp lib/Image/ExifTool/RIFF.pm blib/lib/Image/ExifTool/RIFF.pm
cp lib/Image/ExifTool/QuickTimeStream.pl blib/lib/Image/ExifTool/QuickTimeStream.pl
cp lib/Image/ExifTool/Red.pm blib/lib/Image/ExifTool/Red.pm
cp lib/Image/ExifTool/PGF.pm blib/lib/Image/ExifTool/PGF.pm
cp lib/Image/ExifTool/Scalado.pm blib/lib/Image/ExifTool/Scalado.pm
cp lib/Image/ExifTool/Photoshop.pm blib/lib/Image/ExifTool/Photoshop.pm
cp lib/Image/ExifTool/Qualcomm.pm blib/lib/Image/ExifTool/Qualcomm.pm
cp lib/Image/ExifTool/Rawzor.pm blib/lib/Image/ExifTool/Rawzor.pm
cp lib/Image/ExifTool/PPM.pm blib/lib/Image/ExifTool/PPM.pm
cp lib/Image/ExifTool/Reconyx.pm blib/lib/Image/ExifTool/Reconyx.pm
cp lib/Image/ExifTool/PhaseOne.pm blib/lib/Image/ExifTool/PhaseOne.pm
cp lib/Image/ExifTool/RTF.pm blib/lib/Image/ExifTool/RTF.pm
cp lib/Image/ExifTool/PSP.pm blib/lib/Image/ExifTool/PSP.pm
cp lib/Image/ExifTool/PhotoCD.pm blib/lib/Image/ExifTool/PhotoCD.pm
cp lib/Image/ExifTool/Opus.pm blib/lib/Image/ExifTool/Opus.pm
cp lib/Image/ExifTool/Real.pm blib/lib/Image/ExifTool/Real.pm
cp lib/Image/ExifTool/QuickTime.pm blib/lib/Image/ExifTool/QuickTime.pm
cp lib/Image/ExifTool/Sigma.pm blib/lib/Image/ExifTool/Sigma.pm
cp lib/Image/ExifTool/Writer.pl blib/lib/Image/ExifTool/Writer.pl
cp lib/Image/ExifTool/WTV.pm blib/lib/Image/ExifTool/WTV.pm
cp lib/Image/ExifTool/Torrent.pm blib/lib/Image/ExifTool/Torrent.pm
cp lib/Image/ExifTool/WritePNG.pl blib/lib/Image/ExifTool/WritePNG.pl
cp lib/Image/ExifTool/VCard.pm blib/lib/Image/ExifTool/VCard.pm
cp lib/Image/ExifTool/WritePhotoshop.pl blib/lib/Image/ExifTool/WritePhotoshop.pl
cp lib/Image/ExifTool/TagLookup.pm blib/lib/Image/ExifTool/TagLookup.pm
cp lib/Image/ExifTool/Theora.pm blib/lib/Image/ExifTool/Theora.pm
cp lib/Image/ExifTool/Shift.pl blib/lib/Image/ExifTool/Shift.pl
cp lib/Image/ExifTool/WriteCanonRaw.pl blib/lib/Image/ExifTool/WriteCanonRaw.pl
cp lib/Image/ExifTool/Vorbis.pm blib/lib/Image/ExifTool/Vorbis.pm
cp lib/Image/ExifTool/iWork.pm blib/lib/Image/ExifTool/iWork.pm
cp lib/Image/ExifTool/ZIP.pm blib/lib/Image/ExifTool/ZIP.pm
cp lib/Image/ExifTool/Shortcuts.pm blib/lib/Image/ExifTool/Shortcuts.pm
cp lib/Image/ExifTool/SigmaRaw.pm blib/lib/Image/ExifTool/SigmaRaw.pm
cp lib/Image/ExifTool/WriteQuickTime.pl blib/lib/Image/ExifTool/WriteQuickTime.pl
cp lib/Image/ExifTool/WritePostScript.pl blib/lib/Image/ExifTool/WritePostScript.pl
cp lib/Image/ExifTool/XMPStruct.pl blib/lib/Image/ExifTool/XMPStruct.pl
cp lib/Image/ExifTool/Sony.pm blib/lib/Image/ExifTool/Sony.pm
cp lib/Image/ExifTool/WritePDF.pl blib/lib/Image/ExifTool/WritePDF.pl
cp lib/Image/ExifTool/SonyIDC.pm blib/lib/Image/ExifTool/SonyIDC.pm
cp lib/Image/ExifTool/XMP.pm blib/lib/Image/ExifTool/XMP.pm
cp lib/Image/ExifTool/Validate.pm blib/lib/Image/ExifTool/Validate.pm
cp lib/Image/ExifTool/Text.pm blib/lib/Image/ExifTool/Text.pm
cp lib/Image/ExifTool/WriteIPTC.pl blib/lib/Image/ExifTool/WriteIPTC.pl
cp lib/Image/ExifTool/TagNames.pod blib/lib/Image/ExifTool/TagNames.pod
cp lib/Image/ExifTool/WriteXMP.pl blib/lib/Image/ExifTool/WriteXMP.pl
cp lib/Image/ExifTool/Stim.pm blib/lib/Image/ExifTool/Stim.pm
cp lib/Image/ExifTool/WriteExif.pl blib/lib/Image/ExifTool/WriteExif.pl
cp lib/Image/ExifTool/XMP2.pl blib/lib/Image/ExifTool/XMP2.pl
cp lib/Image/ExifTool/TagInfoXML.pm blib/lib/Image/ExifTool/TagInfoXML.pm
cp lib/Image/ExifTool/Unknown.pm blib/lib/Image/ExifTool/Unknown.pm
cp exiftool blib/script/exiftool
"/nix/store/7c044di03qa7qgr5kjjc2d787aspzp0m-perl-5.32.0/bin/perl" -MExtUtils::MY -e 'MY->fixin(shift)' -- blib/script/exiftool
Manifying 1 pod document
Manifying 34 pod documents
Manifying 33 pod documents
Manifying 33 pod documents
Manifying 32 pod documents
Manifying 33 pod documents
Manifying 16 pod documents
running tests
check flags: SHELL=/nix/store/9fqwwd4iybmhjqyxiaxycknslw6bgwh1-bash-4.4-p23/bin/bash VERBOSE=y test
PERL_DL_NONLAZY=1 "/nix/store/7c044di03qa7qgr5kjjc2d787aspzp0m-perl-5.32.0/bin/perl" "-MExtUtils::Command::MM" "-MTest::Harness" "-e" "undef *Test::Harness::Switches; test_harness(0, 'blib/lib', 'blib/arch')" t/*.t
t/AFCP.t ........... ok
t/AIFF.t ........... ok
t/APE.t ............ ok
t/Apple.t .......... ok
t/ASF.t ............ ok
t/Audible.t ........ ok
t/BigTIFF.t ........ ok
t/BMP.t ............ ok
t/BPG.t ............ ok
t/Canon.t .......... ok
t/CanonRaw.t ....... ok
t/CanonVRD.t ....... ok
t/Casio.t .......... ok
t/DICOM.t .......... ok
t/DjVu.t ........... ok
t/DNG.t ............ ok
t/DPX.t ............ ok
t/DV.t ............. ok
t/EXE.t ............ ok
t/ExifTool.t ....... ok
t/FITS.t ........... ok
t/FLAC.t ........... ok
t/Flash.t .......... ok
t/FlashPix.t ....... ok
t/FLIF.t ........... ok
t/FLIR.t ........... ok
t/Font.t ........... ok
t/FotoStation.t .... ok
t/FujiFilm.t ....... ok
t/GE.t ............. ok
t/Geotag.t ......... ok
t/GeoTiff.t ........ ok
t/GIF.t ............ ok
t/GIMP.t ........... ok
t/GoPro.t .......... ok
t/GPS.t ............ ok
t/HTML.t ........... ok
t/InDesign.t ....... ok
t/IPTC.t ........... ok
t/ISO.t ............ ok
t/ITC.t ............ ok
t/Jpeg2000.t ....... ok
t/JSON.t ........... ok
t/JVC.t ............ ok
t/Kodak.t .......... ok
t/KyoceraRaw.t ..... ok
t/Lang.t ........... ok
t/LNK.t ............ ok
t/Lytro.t .......... ok
t/M2TS.t ........... ok
t/Matroska.t ....... ok
t/MIE.t ............ ok
t/MIFF.t ........... ok
t/Minolta.t ........ ok
t/MOI.t ............ ok
t/Motorola.t ....... ok
t/MP3.t ............ ok
t/MWG.t ............ ok
t/MXF.t ............ ok
t/Nikon.t .......... ok
t/Olympus.t ........ ok
t/OpenEXR.t ........ ok
t/Opus.t ........... ok
t/Palm.t ........... ok
t/Panasonic.t ...... ok
t/PCX.t ............ ok
t/PDF.t ............ ok
t/Pentax.t ......... ok
t/PGF.t ............ ok
t/PhaseOne.t ....... ok
t/PhotoCD.t ........ ok
t/PhotoMechanic.t .. ok
t/Photoshop.t ...... ok
t/PICT.t ........... ok
t/PLIST.t .......... ok
t/PLUS.t ........... ok
t/PNG.t ............ ok
t/PostScript.t ..... ok
t/PPM.t ............ ok
t/PSP.t ............ ok
t/QuickTime.t ...... ok
t/Radiance.t ....... ok
t/Real.t ........... ok
t/Red.t ............ ok
t/Ricoh.t .......... ok
t/RIFF.t ........... ok
t/RTF.t ............ ok
t/Sanyo.t .......... ok
t/Sigma.t .......... ok
t/Sony.t ........... ok
t/Text.t ........... ok
t/Torrent.t ........ ok
t/Unknown.t ........ ok
t/VCard.t .......... ok
t/Vorbis.t ......... ok
t/Writer.t ......... ok
t/WTV.t ............ ok
t/XMP.t ............ ok
t/ZIP.t ............ ok
All tests successful.
Files=99, Tests=541, 25 wallclock secs ( 0.27 usr  0.08 sys + 24.04 cusr  1.20 csys = 25.59 CPU)
Result: PASS
installing
install flags: SHELL=/nix/store/9fqwwd4iybmhjqyxiaxycknslw6bgwh1-bash-4.4-p23/bin/bash pkgconfigdir=/nix/store/ypwlhmwijj3kdm3mvgpgi24hxisly0fr-perl5.32.0-Image-ExifTool-11.85/lib/pkgconfig m4datadir=/nix/store/ypwlhmwijj3kdm3mvgpgi24hxisly0fr-perl5.32.0-Image-ExifTool-11.85/share/aclocal aclocaldir=/nix/store/ypwlhmwijj3kdm3mvgpgi24hxisly0fr-perl5.32.0-Image-ExifTool-11.85/share/aclocal install
Manifying 1 pod document
Manifying 34 pod documents
Manifying 33 pod documents
Manifying 33 pod documents
Manifying 32 pod documents
Manifying 33 pod documents
Manifying 16 pod documents
Installing /nix/store/ypwlhmwijj3kdm3mvgpgi24hxisly0fr-perl5.32.0-Image-ExifTool-11.85/lib/perl5/site_perl/5.32.0/Image/ExifTool.pm
Installing /nix/store/ypwlhmwijj3kdm3mvgpgi24hxisly0fr-perl5.32.0-Image-ExifTool-11.85/lib/perl5/site_perl/5.32.0/Image/ExifTool.pod
Installing /nix/store/ypwlhmwijj3kdm3mvgpgi24hxisly0fr-perl5.32.0-Image-ExifTool-11.85/lib/perl5/site_perl/5.32.0/Image/ExifTool/FujiFilm.pm
Installing /nix/store/ypwlhmwijj3kdm3mvgpgi24hxisly0fr-perl5.32.0-Image-ExifTool-11.85/lib/perl5/site_perl/5.32.0/Image/ExifTool/BZZ.pm
Installing /nix/store/ypwlhmwijj3kdm3mvgpgi24hxisly0fr-perl5.32.0-Image-ExifTool-11.85/lib/perl5/site_perl/5.32.0/Image/ExifTool/HtmlDump.pm
Installing /nix/store/ypwlhmwijj3kdm3mvgpgi24hxisly0fr-perl5.32.0-Image-ExifTool-11.85/lib/perl5/site_perl/5.32.0/Image/ExifTool/DarwinCore.pm
Installing /nix/store/ypwlhmwijj3kdm3mvgpgi24hxisly0fr-perl5.32.0-Image-ExifTool-11.85/lib/perl5/site_perl/5.32.0/Image/ExifTool/README
Installing /nix/store/ypwlhmwijj3kdm3mvgpgi24hxisly0fr-perl5.32.0-Image-ExifTool-11.85/lib/perl5/site_perl/5.32.0/Image/ExifTool/MWG.pm
Installing /nix/store/ypwlhmwijj3kdm3mvgpgi24hxisly0fr-perl5.32.0-Image-ExifTool-11.85/lib/perl5/site_perl/5.32.0/Image/ExifTool/CanonRaw.pm
Installing /nix/store/ypwlhmwijj3kdm3mvgpgi24hxisly0fr-perl5.32.0-Image-ExifTool-11.85/lib/perl5/site_perl/5.32.0/Image/ExifTool/TagLookup.pm
Installing /nix/store/ypwlhmwijj3kdm3mvgpgi24hxisly0fr-perl5.32.0-Image-ExifTool-11.85/lib/perl5/site_perl/5.32.0/Image/ExifTool/Ogg.pm
Installing /nix/store/ypwlhmwijj3kdm3mvgpgi24hxisly0fr-perl5.32.0-Image-ExifTool-11.85/lib/perl5/site_perl/5.32.0/Image/ExifTool/RTF.pm
Installing /nix/store/ypwlhmwijj3kdm3mvgpgi24hxisly0fr-perl5.32.0-Image-ExifTool-11.85/lib/perl5/site_perl/5.32.0/Image/ExifTool/Panasonic.pm
Installing /nix/store/ypwlhmwijj3kdm3mvgpgi24hxisly0fr-perl5.32.0-Image-ExifTool-11.85/lib/perl5/site_perl/5.32.0/Image/ExifTool/Nikon.pm
Installing /nix/store/ypwlhmwijj3kdm3mvgpgi24hxisly0fr-perl5.32.0-Image-ExifTool-11.85/lib/perl5/site_perl/5.32.0/Image/ExifTool/APE.pm
Installing /nix/store/ypwlhmwijj3kdm3mvgpgi24hxisly0fr-perl5.32.0-Image-ExifTool-11.85/lib/perl5/site_perl/5.32.0/Image/ExifTool/AFCP.pm
Installing /nix/store/ypwlhmwijj3kdm3mvgpgi24hxisly0fr-perl5.32.0-Image-ExifTool-11.85/lib/perl5/site_perl/5.32.0/Image/ExifTool/WriteXMP.pl
Installing /nix/store/ypwlhmwijj3kdm3mvgpgi24hxisly0fr-perl5.32.0-Image-ExifTool-11.85/lib/perl5/site_perl/5.32.0/Image/ExifTool/PhaseOne.pm
Installing /nix/store/ypwlhmwijj3kdm3mvgpgi24hxisly0fr-perl5.32.0-Image-ExifTool-11.85/lib/perl5/site_perl/5.32.0/Image/ExifTool/PNG.pm
Installing /nix/store/ypwlhmwijj3kdm3mvgpgi24hxisly0fr-perl5.32.0-Image-ExifTool-11.85/lib/perl5/site_perl/5.32.0/Image/ExifTool/WritePostScript.pl
Installing /nix/store/ypwlhmwijj3kdm3mvgpgi24hxisly0fr-perl5.32.0-Image-ExifTool-11.85/lib/perl5/site_perl/5.32.0/Image/ExifTool/Theora.pm
Installing /nix/store/ypwlhmwijj3kdm3mvgpgi24hxisly0fr-perl5.32.0-Image-ExifTool-11.85/lib/perl5/site_perl/5.32.0/Image/ExifTool/WriteCanonRaw.pl
Installing /nix/store/ypwlhmwijj3kdm3mvgpgi24hxisly0fr-perl5.32.0-Image-ExifTool-11.85/lib/perl5/site_perl/5.32.0/Image/ExifTool/Sanyo.pm
Installing /nix/store/ypwlhmwijj3kdm3mvgpgi24hxisly0fr-perl5.32.0-Image-ExifTool-11.85/lib/perl5/site_perl/5.32.0/Image/ExifTool/KyoceraRaw.pm
Installing /nix/store/ypwlhmwijj3kdm3mvgpgi24hxisly0fr-perl5.32.0-Image-ExifTool-11.85/lib/perl5/site_perl/5.32.0/Image/ExifTool/ITC.pm
Installing /nix/store/ypwlhmwijj3kdm3mvgpgi24hxisly0fr-perl5.32.0-Image-ExifTool-11.85/lib/perl5/site_perl/5.32.0/Image/ExifTool/iWork.pm
Installing /nix/store/ypwlhmwijj3kdm3mvgpgi24hxisly0fr-perl5.32.0-Image-ExifTool-11.85/lib/perl5/site_perl/5.32.0/Image/ExifTool/InDesign.pm
Installing /nix/store/ypwlhmwijj3kdm3mvgpgi24hxisly0fr-perl5.32.0-Image-ExifTool-11.85/lib/perl5/site_perl/5.32.0/Image/ExifTool/Casio.pm
Installing /nix/store/ypwlhmwijj3kdm3mvgpgi24hxisly0fr-perl5.32.0-Image-ExifTool-11.85/lib/perl5/site_perl/5.32.0/Image/ExifTool/Vorbis.pm
Installing /nix/store/ypwlhmwijj3kdm3mvgpgi24hxisly0fr-perl5.32.0-Image-ExifTool-11.85/lib/perl5/site_perl/5.32.0/Image/ExifTool/MPC.pm
Installing /nix/store/ypwlhmwijj3kdm3mvgpgi24hxisly0fr-perl5.32.0-Image-ExifTool-11.85/lib/perl5/site_perl/5.32.0/Image/ExifTool/FLIR.pm
Installing /nix/store/ypwlhmwijj3kdm3mvgpgi24hxisly0fr-perl5.32.0-Image-ExifTool-11.85/lib/perl5/site_perl/5.32.0/Image/ExifTool/Apple.pm
Installing /nix/store/ypwlhmwijj3kdm3mvgpgi24hxisly0fr-perl5.32.0-Image-ExifTool-11.85/lib/perl5/site_perl/5.32.0/Image/ExifTool/Opus.pm
Installing /nix/store/ypwlhmwijj3kdm3mvgpgi24hxisly0fr-perl5.32.0-Image-ExifTool-11.85/lib/perl5/site_perl/5.32.0/Image/ExifTool/Jpeg2000.pm
Installing /nix/store/ypwlhmwijj3kdm3mvgpgi24hxisly0fr-perl5.32.0-Image-ExifTool-11.85/lib/perl5/site_perl/5.32.0/Image/ExifTool/EXE.pm
Installing /nix/store/ypwlhmwijj3kdm3mvgpgi24hxisly0fr-perl5.32.0-Image-ExifTool-11.85/lib/perl5/site_perl/5.32.0/Image/ExifTool/Radiance.pm
Installing /nix/store/ypwlhmwijj3kdm3mvgpgi24hxisly0fr-perl5.32.0-Image-ExifTool-11.85/lib/perl5/site_perl/5.32.0/Image/ExifTool/BPG.pm
Installing /nix/store/ypwlhmwijj3kdm3mvgpgi24hxisly0fr-perl5.32.0-Image-ExifTool-11.85/lib/perl5/site_perl/5.32.0/Image/ExifTool/GPS.pm
Installing /nix/store/ypwlhmwijj3kdm3mvgpgi24hxisly0fr-perl5.32.0-Image-ExifTool-11.85/lib/perl5/site_perl/5.32.0/Image/ExifTool/PICT.pm
Installing /nix/store/ypwlhmwijj3kdm3mvgpgi24hxisly0fr-perl5.32.0-Image-ExifTool-11.85/lib/perl5/site_perl/5.32.0/Image/ExifTool/H264.pm
Installing /nix/store/ypwlhmwijj3kdm3mvgpgi24hxisly0fr-perl5.32.0-Image-ExifTool-11.85/lib/perl5/site_perl/5.32.0/Image/ExifTool/WritePDF.pl
Installing /nix/store/ypwlhmwijj3kdm3mvgpgi24hxisly0fr-perl5.32.0-Image-ExifTool-11.85/lib/perl5/site_perl/5.32.0/Image/ExifTool/Writer.pl
Installing /nix/store/ypwlhmwijj3kdm3mvgpgi24hxisly0fr-perl5.32.0-Image-ExifTool-11.85/lib/perl5/site_perl/5.32.0/Image/ExifTool/ASF.pm
Installing /nix/store/ypwlhmwijj3kdm3mvgpgi24hxisly0fr-perl5.32.0-Image-ExifTool-11.85/lib/perl5/site_perl/5.32.0/Image/ExifTool/APP12.pm
Installing /nix/store/ypwlhmwijj3kdm3mvgpgi24hxisly0fr-perl5.32.0-Image-ExifTool-11.85/lib/perl5/site_perl/5.32.0/Image/ExifTool/Geotag.pm
Installing /nix/store/ypwlhmwijj3kdm3mvgpgi24hxisly0fr-perl5.32.0-Image-ExifTool-11.85/lib/perl5/site_perl/5.32.0/Image/ExifTool/DjVu.pm
Installing /nix/store/ypwlhmwijj3kdm3mvgpgi24hxisly0fr-perl5.32.0-Image-ExifTool-11.85/lib/perl5/site_perl/5.32.0/Image/ExifTool/IPTC.pm
Installing /nix/store/ypwlhmwijj3kdm3mvgpgi24hxisly0fr-perl5.32.0-Image-ExifTool-11.85/lib/perl5/site_perl/5.32.0/Image/ExifTool/Font.pm
Installing /nix/store/ypwlhmwijj3kdm3mvgpgi24hxisly0fr-perl5.32.0-Image-ExifTool-11.85/lib/perl5/site_perl/5.32.0/Image/ExifTool/Lytro.pm
Installing /nix/store/ypwlhmwijj3kdm3mvgpgi24hxisly0fr-perl5.32.0-Image-ExifTool-11.85/lib/perl5/site_perl/5.32.0/Image/ExifTool/Audible.pm
Installing /nix/store/ypwlhmwijj3kdm3mvgpgi24hxisly0fr-perl5.32.0-Image-ExifTool-11.85/lib/perl5/site_perl/5.32.0/Image/ExifTool/Minolta.pm
Installing /nix/store/ypwlhmwijj3kdm3mvgpgi24hxisly0fr-perl5.32.0-Image-ExifTool-11.85/lib/perl5/site_perl/5.32.0/Image/ExifTool/Import.pm
Installing /nix/store/ypwlhmwijj3kdm3mvgpgi24hxisly0fr-perl5.32.0-Image-ExifTool-11.85/lib/perl5/site_perl/5.32.0/Image/ExifTool/JPEGDigest.pm
Installing /nix/store/ypwlhmwijj3kdm3mvgpgi24hxisly0fr-perl5.32.0-Image-ExifTool-11.85/lib/perl5/site_perl/5.32.0/Image/ExifTool/DNG.pm
Installing /nix/store/ypwlhmwijj3kdm3mvgpgi24hxisly0fr-perl5.32.0-Image-ExifTool-11.85/lib/perl5/site_perl/5.32.0/Image/ExifTool/Microsoft.pm
Installing /nix/store/ypwlhmwijj3kdm3mvgpgi24hxisly0fr-perl5.32.0-Image-ExifTool-11.85/lib/perl5/site_perl/5.32.0/Image/ExifTool/MXF.pm
Installing /nix/store/ypwlhmwijj3kdm3mvgpgi24hxisly0fr-perl5.32.0-Image-ExifTool-11.85/lib/perl5/site_perl/5.32.0/Image/ExifTool/NikonCustom.pm
Installing /nix/store/ypwlhmwijj3kdm3mvgpgi24hxisly0fr-perl5.32.0-Image-ExifTool-11.85/lib/perl5/site_perl/5.32.0/Image/ExifTool/Stim.pm
Installing /nix/store/ypwlhmwijj3kdm3mvgpgi24hxisly0fr-perl5.32.0-Image-ExifTool-11.85/lib/perl5/site_perl/5.32.0/Image/ExifTool/SigmaRaw.pm
Installing /nix/store/ypwlhmwijj3kdm3mvgpgi24hxisly0fr-perl5.32.0-Image-ExifTool-11.85/lib/perl5/site_perl/5.32.0/Image/ExifTool/QuickTime.pm
Installing /nix/store/ypwlhmwijj3kdm3mvgpgi24hxisly0fr-perl5.32.0-Image-ExifTool-11.85/lib/perl5/site_perl/5.32.0/Image/ExifTool/PCX.pm
Installing /nix/store/ypwlhmwijj3kdm3mvgpgi24hxisly0fr-perl5.32.0-Image-ExifTool-11.85/lib/perl5/site_perl/5.32.0/Image/ExifTool/QuickTimeStream.pl
Installing /nix/store/ypwlhmwijj3kdm3mvgpgi24hxisly0fr-perl5.32.0-Image-ExifTool-11.85/lib/perl5/site_perl/5.32.0/Image/ExifTool/Pentax.pm
Installing /nix/store/ypwlhmwijj3kdm3mvgpgi24hxisly0fr-perl5.32.0-Image-ExifTool-11.85/lib/perl5/site_perl/5.32.0/Image/ExifTool/WTV.pm
Installing /nix/store/ypwlhmwijj3kdm3mvgpgi24hxisly0fr-perl5.32.0-Image-ExifTool-11.85/lib/perl5/site_perl/5.32.0/Image/ExifTool/Reconyx.pm
Installing /nix/store/ypwlhmwijj3kdm3mvgpgi24hxisly0fr-perl5.32.0-Image-ExifTool-11.85/lib/perl5/site_perl/5.32.0/Image/ExifTool/Charset.pm
Installing /nix/store/ypwlhmwijj3kdm3mvgpgi24hxisly0fr-perl5.32.0-Image-ExifTool-11.85/lib/perl5/site_perl/5.32.0/Image/ExifTool/Kodak.pm
Installing /nix/store/ypwlhmwijj3kdm3mvgpgi24hxisly0fr-perl5.32.0-Image-ExifTool-11.85/lib/perl5/site_perl/5.32.0/Image/ExifTool/Sony.pm
Installing /nix/store/ypwlhmwijj3kdm3mvgpgi24hxisly0fr-perl5.32.0-Image-ExifTool-11.85/lib/perl5/site_perl/5.32.0/Image/ExifTool/Unknown.pm
Installing /nix/store/ypwlhmwijj3kdm3mvgpgi24hxisly0fr-perl5.32.0-Image-ExifTool-11.85/lib/perl5/site_perl/5.32.0/Image/ExifTool/DV.pm
Installing /nix/store/ypwlhmwijj3kdm3mvgpgi24hxisly0fr-perl5.32.0-Image-ExifTool-11.85/lib/perl5/site_perl/5.32.0/Image/ExifTool/Olympus.pm
Installing /nix/store/ypwlhmwijj3kdm3mvgpgi24hxisly0fr-perl5.32.0-Image-ExifTool-11.85/lib/perl5/site_perl/5.32.0/Image/ExifTool/MIFF.pm
Installing /nix/store/ypwlhmwijj3kdm3mvgpgi24hxisly0fr-perl5.32.0-Image-ExifTool-11.85/lib/perl5/site_perl/5.32.0/Image/ExifTool/DICOM.pm
Installing /nix/store/ypwlhmwijj3kdm3mvgpgi24hxisly0fr-perl5.32.0-Image-ExifTool-11.85/lib/perl5/site_perl/5.32.0/Image/ExifTool/Ricoh.pm
Installing /nix/store/ypwlhmwijj3kdm3mvgpgi24hxisly0fr-perl5.32.0-Image-ExifTool-11.85/lib/perl5/site_perl/5.32.0/Image/ExifTool/Torrent.pm
Installing /nix/store/ypwlhmwijj3kdm3mvgpgi24hxisly0fr-perl5.32.0-Image-ExifTool-11.85/lib/perl5/site_perl/5.32.0/Image/ExifTool/ID3.pm
Installing /nix/store/ypwlhmwijj3kdm3mvgpgi24hxisly0fr-perl5.32.0-Image-ExifTool-11.85/lib/perl5/site_perl/5.32.0/Image/ExifTool/OpenEXR.pm
Installing /nix/store/ypwlhmwijj3kdm3mvgpgi24hxisly0fr-perl5.32.0-Image-ExifTool-11.85/lib/perl5/site_perl/5.32.0/Image/ExifTool/DPX.pm
Installing /nix/store/ypwlhmwijj3kdm3mvgpgi24hxisly0fr-perl5.32.0-Image-ExifTool-11.85/lib/perl5/site_perl/5.32.0/Image/ExifTool/PhotoCD.pm
Installing /nix/store/ypwlhmwijj3kdm3mvgpgi24hxisly0fr-perl5.32.0-Image-ExifTool-11.85/lib/perl5/site_perl/5.32.0/Image/ExifTool/PanasonicRaw.pm
Installing /nix/store/ypwlhmwijj3kdm3mvgpgi24hxisly0fr-perl5.32.0-Image-ExifTool-11.85/lib/perl5/site_perl/5.32.0/Image/ExifTool/WriteIPTC.pl
Installing /nix/store/ypwlhmwijj3kdm3mvgpgi24hxisly0fr-perl5.32.0-Image-ExifTool-11.85/lib/perl5/site_perl/5.32.0/Image/ExifTool/Leaf.pm
Installing /nix/store/ypwlhmwijj3kdm3mvgpgi24hxisly0fr-perl5.32.0-Image-ExifTool-11.85/lib/perl5/site_perl/5.32.0/Image/ExifTool/Motorola.pm
Installing /nix/store/ypwlhmwijj3kdm3mvgpgi24hxisly0fr-perl5.32.0-Image-ExifTool-11.85/lib/perl5/site_perl/5.32.0/Image/ExifTool/Scalado.pm
Installing /nix/store/ypwlhmwijj3kdm3mvgpgi24hxisly0fr-perl5.32.0-Image-ExifTool-11.85/lib/perl5/site_perl/5.32.0/Image/ExifTool/VCard.pm
Installing /nix/store/ypwlhmwijj3kdm3mvgpgi24hxisly0fr-perl5.32.0-Image-ExifTool-11.85/lib/perl5/site_perl/5.32.0/Image/ExifTool/AIFF.pm
Installing /nix/store/ypwlhmwijj3kdm3mvgpgi24hxisly0fr-perl5.32.0-Image-ExifTool-11.85/lib/perl5/site_perl/5.32.0/Image/ExifTool/PrintIM.pm
Installing /nix/store/ypwlhmwijj3kdm3mvgpgi24hxisly0fr-perl5.32.0-Image-ExifTool-11.85/lib/perl5/site_perl/5.32.0/Image/ExifTool/GoPro.pm
Installing /nix/store/ypwlhmwijj3kdm3mvgpgi24hxisly0fr-perl5.32.0-Image-ExifTool-11.85/lib/perl5/site_perl/5.32.0/Image/ExifTool/BuildTagLookup.pm
Installing /nix/store/ypwlhmwijj3kdm3mvgpgi24hxisly0fr-perl5.32.0-Image-ExifTool-11.85/lib/perl5/site_perl/5.32.0/Image/ExifTool/CanonVRD.pm
Installing /nix/store/ypwlhmwijj3kdm3mvgpgi24hxisly0fr-perl5.32.0-Image-ExifTool-11.85/lib/perl5/site_perl/5.32.0/Image/ExifTool/WriteExif.pl
Installing /nix/store/ypwlhmwijj3kdm3mvgpgi24hxisly0fr-perl5.32.0-Image-ExifTool-11.85/lib/perl5/site_perl/5.32.0/Image/ExifTool/MNG.pm
Installing /nix/store/ypwlhmwijj3kdm3mvgpgi24hxisly0fr-perl5.32.0-Image-ExifTool-11.85/lib/perl5/site_perl/5.32.0/Image/ExifTool/PSP.pm
Installing /nix/store/ypwlhmwijj3kdm3mvgpgi24hxisly0fr-perl5.32.0-Image-ExifTool-11.85/lib/perl5/site_perl/5.32.0/Image/ExifTool/Exif.pm
Installing /nix/store/ypwlhmwijj3kdm3mvgpgi24hxisly0fr-perl5.32.0-Image-ExifTool-11.85/lib/perl5/site_perl/5.32.0/Image/ExifTool/Red.pm
Installing /nix/store/ypwlhmwijj3kdm3mvgpgi24hxisly0fr-perl5.32.0-Image-ExifTool-11.85/lib/perl5/site_perl/5.32.0/Image/ExifTool/XMPStruct.pl
Installing /nix/store/ypwlhmwijj3kdm3mvgpgi24hxisly0fr-perl5.32.0-Image-ExifTool-11.85/lib/perl5/site_perl/5.32.0/Image/ExifTool/MOI.pm
Installing /nix/store/ypwlhmwijj3kdm3mvgpgi24hxisly0fr-perl5.32.0-Image-ExifTool-11.85/lib/perl5/site_perl/5.32.0/Image/ExifTool/GIF.pm
Installing /nix/store/ypwlhmwijj3kdm3mvgpgi24hxisly0fr-perl5.32.0-Image-ExifTool-11.85/lib/perl5/site_perl/5.32.0/Image/ExifTool/GIMP.pm
Installing /nix/store/ypwlhmwijj3kdm3mvgpgi24hxisly0fr-perl5.32.0-Image-ExifTool-11.85/lib/perl5/site_perl/5.32.0/Image/ExifTool/Samsung.pm
Installing /nix/store/ypwlhmwijj3kdm3mvgpgi24hxisly0fr-perl5.32.0-Image-ExifTool-11.85/lib/perl5/site_perl/5.32.0/Image/ExifTool/CaptureOne.pm
Installing /nix/store/ypwlhmwijj3kdm3mvgpgi24hxisly0fr-perl5.32.0-Image-ExifTool-11.85/lib/perl5/site_perl/5.32.0/Image/ExifTool/BMP.pm
Installing /nix/store/ypwlhmwijj3kdm3mvgpgi24hxisly0fr-perl5.32.0-Image-ExifTool-11.85/lib/perl5/site_perl/5.32.0/Image/ExifTool/WritePhotoshop.pl
Installing /nix/store/ypwlhmwijj3kdm3mvgpgi24hxisly0fr-perl5.32.0-Image-ExifTool-11.85/lib/perl5/site_perl/5.32.0/Image/ExifTool/OOXML.pm
Installing /nix/store/ypwlhmwijj3kdm3mvgpgi24hxisly0fr-perl5.32.0-Image-ExifTool-11.85/lib/perl5/site_perl/5.32.0/Image/ExifTool/FLAC.pm
Installing /nix/store/ypwlhmwijj3kdm3mvgpgi24hxisly0fr-perl5.32.0-Image-ExifTool-11.85/lib/perl5/site_perl/5.32.0/Image/ExifTool/PLIST.pm
Installing /nix/store/ypwlhmwijj3kdm3mvgpgi24hxisly0fr-perl5.32.0-Image-ExifTool-11.85/lib/perl5/site_perl/5.32.0/Image/ExifTool/CanonCustom.pm
Installing /nix/store/ypwlhmwijj3kdm3mvgpgi24hxisly0fr-perl5.32.0-Image-ExifTool-11.85/lib/perl5/site_perl/5.32.0/Image/ExifTool/JSON.pm
Installing /nix/store/ypwlhmwijj3kdm3mvgpgi24hxisly0fr-perl5.32.0-Image-ExifTool-11.85/lib/perl5/site_perl/5.32.0/Image/ExifTool/Shift.pl
Installing /nix/store/ypwlhmwijj3kdm3mvgpgi24hxisly0fr-perl5.32.0-Image-ExifTool-11.85/lib/perl5/site_perl/5.32.0/Image/ExifTool/GeoTiff.pm
Installing /nix/store/ypwlhmwijj3kdm3mvgpgi24hxisly0fr-perl5.32.0-Image-ExifTool-11.85/lib/perl5/site_perl/5.32.0/Image/ExifTool/MakerNotes.pm
Installing /nix/store/ypwlhmwijj3kdm3mvgpgi24hxisly0fr-perl5.32.0-Image-ExifTool-11.85/lib/perl5/site_perl/5.32.0/Image/ExifTool/SonyIDC.pm
Installing /nix/store/ypwlhmwijj3kdm3mvgpgi24hxisly0fr-perl5.32.0-Image-ExifTool-11.85/lib/perl5/site_perl/5.32.0/Image/ExifTool/PLUS.pm
Installing /nix/store/ypwlhmwijj3kdm3mvgpgi24hxisly0fr-perl5.32.0-Image-ExifTool-11.85/lib/perl5/site_perl/5.32.0/Image/ExifTool/RIFF.pm
Installing /nix/store/ypwlhmwijj3kdm3mvgpgi24hxisly0fr-perl5.32.0-Image-ExifTool-11.85/lib/perl5/site_perl/5.32.0/Image/ExifTool/JPEG.pm
Installing /nix/store/ypwlhmwijj3kdm3mvgpgi24hxisly0fr-perl5.32.0-Image-ExifTool-11.85/lib/perl5/site_perl/5.32.0/Image/ExifTool/AES.pm
Installing /nix/store/ypwlhmwijj3kdm3mvgpgi24hxisly0fr-perl5.32.0-Image-ExifTool-11.85/lib/perl5/site_perl/5.32.0/Image/ExifTool/NikonCapture.pm
Installing /nix/store/ypwlhmwijj3kdm3mvgpgi24hxisly0fr-perl5.32.0-Image-ExifTool-11.85/lib/perl5/site_perl/5.32.0/Image/ExifTool/Real.pm
Installing /nix/store/ypwlhmwijj3kdm3mvgpgi24hxisly0fr-perl5.32.0-Image-ExifTool-11.85/lib/perl5/site_perl/5.32.0/Image/ExifTool/ISO.pm
Installing /nix/store/ypwlhmwijj3kdm3mvgpgi24hxisly0fr-perl5.32.0-Image-ExifTool-11.85/lib/perl5/site_perl/5.32.0/Image/ExifTool/MinoltaRaw.pm
Installing /nix/store/ypwlhmwijj3kdm3mvgpgi24hxisly0fr-perl5.32.0-Image-ExifTool-11.85/lib/perl5/site_perl/5.32.0/Image/ExifTool/MPF.pm
Installing /nix/store/ypwlhmwijj3kdm3mvgpgi24hxisly0fr-perl5.32.0-Image-ExifTool-11.85/lib/perl5/site_perl/5.32.0/Image/ExifTool/Parrot.pm
Installing /nix/store/ypwlhmwijj3kdm3mvgpgi24hxisly0fr-perl5.32.0-Image-ExifTool-11.85/lib/perl5/site_perl/5.32.0/Image/ExifTool/MIEUnits.pod
Installing /nix/store/ypwlhmwijj3kdm3mvgpgi24hxisly0fr-perl5.32.0-Image-ExifTool-11.85/lib/perl5/site_perl/5.32.0/Image/ExifTool/HTML.pm
Installing /nix/store/ypwlhmwijj3kdm3mvgpgi24hxisly0fr-perl5.32.0-Image-ExifTool-11.85/lib/perl5/site_perl/5.32.0/Image/ExifTool/FLIF.pm
Installing /nix/store/ypwlhmwijj3kdm3mvgpgi24hxisly0fr-perl5.32.0-Image-ExifTool-11.85/lib/perl5/site_perl/5.32.0/Image/ExifTool/DJI.pm
Installing /nix/store/ypwlhmwijj3kdm3mvgpgi24hxisly0fr-perl5.32.0-Image-ExifTool-11.85/lib/perl5/site_perl/5.32.0/Image/ExifTool/XMP.pm
Installing /nix/store/ypwlhmwijj3kdm3mvgpgi24hxisly0fr-perl5.32.0-Image-ExifTool-11.85/lib/perl5/site_perl/5.32.0/Image/ExifTool/TagNames.pod
Installing /nix/store/ypwlhmwijj3kdm3mvgpgi24hxisly0fr-perl5.32.0-Image-ExifTool-11.85/lib/perl5/site_perl/5.32.0/Image/ExifTool/WriteQuickTime.pl
Installing /nix/store/ypwlhmwijj3kdm3mvgpgi24hxisly0fr-perl5.32.0-Image-ExifTool-11.85/lib/perl5/site_perl/5.32.0/Image/ExifTool/JVC.pm
Installing /nix/store/ypwlhmwijj3kdm3mvgpgi24hxisly0fr-perl5.32.0-Image-ExifTool-11.85/lib/perl5/site_perl/5.32.0/Image/ExifTool/HP.pm
Installing /nix/store/ypwlhmwijj3kdm3mvgpgi24hxisly0fr-perl5.32.0-Image-ExifTool-11.85/lib/perl5/site_perl/5.32.0/Image/ExifTool/Nintendo.pm
Installing /nix/store/ypwlhmwijj3kdm3mvgpgi24hxisly0fr-perl5.32.0-Image-ExifTool-11.85/lib/perl5/site_perl/5.32.0/Image/ExifTool/GE.pm
Installing /nix/store/ypwlhmwijj3kdm3mvgpgi24hxisly0fr-perl5.32.0-Image-ExifTool-11.85/lib/perl5/site_perl/5.32.0/Image/ExifTool/Text.pm
Installing /nix/store/ypwlhmwijj3kdm3mvgpgi24hxisly0fr-perl5.32.0-Image-ExifTool-11.85/lib/perl5/site_perl/5.32.0/Image/ExifTool/MacOS.pm
Installing /nix/store/ypwlhmwijj3kdm3mvgpgi24hxisly0fr-perl5.32.0-Image-ExifTool-11.85/lib/perl5/site_perl/5.32.0/Image/ExifTool/RSRC.pm
Installing /nix/store/ypwlhmwijj3kdm3mvgpgi24hxisly0fr-perl5.32.0-Image-ExifTool-11.85/lib/perl5/site_perl/5.32.0/Image/ExifTool/Fixup.pm
Installing /nix/store/ypwlhmwijj3kdm3mvgpgi24hxisly0fr-perl5.32.0-Image-ExifTool-11.85/lib/perl5/site_perl/5.32.0/Image/ExifTool/Palm.pm
Installing /nix/store/ypwlhmwijj3kdm3mvgpgi24hxisly0fr-perl5.32.0-Image-ExifTool-11.85/lib/perl5/site_perl/5.32.0/Image/ExifTool/TagInfoXML.pm
Installing /nix/store/ypwlhmwijj3kdm3mvgpgi24hxisly0fr-perl5.32.0-Image-ExifTool-11.85/lib/perl5/site_perl/5.32.0/Image/ExifTool/Validate.pm
Installing /nix/store/ypwlhmwijj3kdm3mvgpgi24hxisly0fr-perl5.32.0-Image-ExifTool-11.85/lib/perl5/site_perl/5.32.0/Image/ExifTool/Rawzor.pm
Installing /nix/store/ypwlhmwijj3kdm3mvgpgi24hxisly0fr-perl5.32.0-Image-ExifTool-11.85/lib/perl5/site_perl/5.32.0/Image/ExifTool/PGF.pm
Installing /nix/store/ypwlhmwijj3kdm3mvgpgi24hxisly0fr-perl5.32.0-Image-ExifTool-11.85/lib/perl5/site_perl/5.32.0/Image/ExifTool/LNK.pm
Installing /nix/store/ypwlhmwijj3kdm3mvgpgi24hxisly0fr-perl5.32.0-Image-ExifTool-11.85/lib/perl5/site_perl/5.32.0/Image/ExifTool/M2TS.pm
Installing /nix/store/ypwlhmwijj3kdm3mvgpgi24hxisly0fr-perl5.32.0-Image-ExifTool-11.85/lib/perl5/site_perl/5.32.0/Image/ExifTool/XMP2.pl
Installing /nix/store/ypwlhmwijj3kdm3mvgpgi24hxisly0fr-perl5.32.0-Image-ExifTool-11.85/lib/perl5/site_perl/5.32.0/Image/ExifTool/MIE.pm
Installing /nix/store/ypwlhmwijj3kdm3mvgpgi24hxisly0fr-perl5.32.0-Image-ExifTool-11.85/lib/perl5/site_perl/5.32.0/Image/ExifTool/PPM.pm
Installing /nix/store/ypwlhmwijj3kdm3mvgpgi24hxisly0fr-perl5.32.0-Image-ExifTool-11.85/lib/perl5/site_perl/5.32.0/Image/ExifTool/FlashPix.pm
Installing /nix/store/ypwlhmwijj3kdm3mvgpgi24hxisly0fr-perl5.32.0-Image-ExifTool-11.85/lib/perl5/site_perl/5.32.0/Image/ExifTool/ZIP.pm
Installing /nix/store/ypwlhmwijj3kdm3mvgpgi24hxisly0fr-perl5.32.0-Image-ExifTool-11.85/lib/perl5/site_perl/5.32.0/Image/ExifTool/ICC_Profile.pm
Installing /nix/store/ypwlhmwijj3kdm3mvgpgi24hxisly0fr-perl5.32.0-Image-ExifTool-11.85/lib/perl5/site_perl/5.32.0/Image/ExifTool/WritePNG.pl
Installing /nix/store/ypwlhmwijj3kdm3mvgpgi24hxisly0fr-perl5.32.0-Image-ExifTool-11.85/lib/perl5/site_perl/5.32.0/Image/ExifTool/BigTIFF.pm
Installing /nix/store/ypwlhmwijj3kdm3mvgpgi24hxisly0fr-perl5.32.0-Image-ExifTool-11.85/lib/perl5/site_perl/5.32.0/Image/ExifTool/Shortcuts.pm
Installing /nix/store/ypwlhmwijj3kdm3mvgpgi24hxisly0fr-perl5.32.0-Image-ExifTool-11.85/lib/perl5/site_perl/5.32.0/Image/ExifTool/Photoshop.pm
Installing /nix/store/ypwlhmwijj3kdm3mvgpgi24hxisly0fr-perl5.32.0-Image-ExifTool-11.85/lib/perl5/site_perl/5.32.0/Image/ExifTool/FITS.pm
Installing /nix/store/ypwlhmwijj3kdm3mvgpgi24hxisly0fr-perl5.32.0-Image-ExifTool-11.85/lib/perl5/site_perl/5.32.0/Image/ExifTool/FotoStation.pm
Installing /nix/store/ypwlhmwijj3kdm3mvgpgi24hxisly0fr-perl5.32.0-Image-ExifTool-11.85/lib/perl5/site_perl/5.32.0/Image/ExifTool/PDF.pm
Installing /nix/store/ypwlhmwijj3kdm3mvgpgi24hxisly0fr-perl5.32.0-Image-ExifTool-11.85/lib/perl5/site_perl/5.32.0/Image/ExifTool/Flash.pm
Installing /nix/store/ypwlhmwijj3kdm3mvgpgi24hxisly0fr-perl5.32.0-Image-ExifTool-11.85/lib/perl5/site_perl/5.32.0/Image/ExifTool/Canon.pm
Installing /nix/store/ypwlhmwijj3kdm3mvgpgi24hxisly0fr-perl5.32.0-Image-ExifTool-11.85/lib/perl5/site_perl/5.32.0/Image/ExifTool/PhotoMechanic.pm
Installing /nix/store/ypwlhmwijj3kdm3mvgpgi24hxisly0fr-perl5.32.0-Image-ExifTool-11.85/lib/perl5/site_perl/5.32.0/Image/ExifTool/Matroska.pm
Installing /nix/store/ypwlhmwijj3kdm3mvgpgi24hxisly0fr-perl5.32.0-Image-ExifTool-11.85/lib/perl5/site_perl/5.32.0/Image/ExifTool/Sigma.pm
Installing /nix/store/ypwlhmwijj3kdm3mvgpgi24hxisly0fr-perl5.32.0-Image-ExifTool-11.85/lib/perl5/site_perl/5.32.0/Image/ExifTool/PostScript.pm
Installing /nix/store/ypwlhmwijj3kdm3mvgpgi24hxisly0fr-perl5.32.0-Image-ExifTool-11.85/lib/perl5/site_perl/5.32.0/Image/ExifTool/MPEG.pm
Installing /nix/store/ypwlhmwijj3kdm3mvgpgi24hxisly0fr-perl5.32.0-Image-ExifTool-11.85/lib/perl5/site_perl/5.32.0/Image/ExifTool/Qualcomm.pm
Installing /nix/store/ypwlhmwijj3kdm3mvgpgi24hxisly0fr-perl5.32.0-Image-ExifTool-11.85/lib/perl5/site_perl/5.32.0/Image/ExifTool/Charset/JIS.pm
Installing /nix/store/ypwlhmwijj3kdm3mvgpgi24hxisly0fr-perl5.32.0-Image-ExifTool-11.85/lib/perl5/site_perl/5.32.0/Image/ExifTool/Charset/DOSLatinUS.pm
Installing /nix/store/ypwlhmwijj3kdm3mvgpgi24hxisly0fr-perl5.32.0-Image-ExifTool-11.85/lib/perl5/site_perl/5.32.0/Image/ExifTool/Charset/Greek.pm
Installing /nix/store/ypwlhmwijj3kdm3mvgpgi24hxisly0fr-perl5.32.0-Image-ExifTool-11.85/lib/perl5/site_perl/5.32.0/Image/ExifTool/Charset/MacHebrew.pm
Installing /nix/store/ypwlhmwijj3kdm3mvgpgi24hxisly0fr-perl5.32.0-Image-ExifTool-11.85/lib/perl5/site_perl/5.32.0/Image/ExifTool/Charset/MacThai.pm
Installing /nix/store/ypwlhmwijj3kdm3mvgpgi24hxisly0fr-perl5.32.0-Image-ExifTool-11.85/lib/perl5/site_perl/5.32.0/Image/ExifTool/Charset/Hebrew.pm
Installing /nix/store/ypwlhmwijj3kdm3mvgpgi24hxisly0fr-perl5.32.0-Image-ExifTool-11.85/lib/perl5/site_perl/5.32.0/Image/ExifTool/Charset/Vietnam.pm
Installing /nix/store/ypwlhmwijj3kdm3mvgpgi24hxisly0fr-perl5.32.0-Image-ExifTool-11.85/lib/perl5/site_perl/5.32.0/Image/ExifTool/Charset/Turkish.pm
Installing /nix/store/ypwlhmwijj3kdm3mvgpgi24hxisly0fr-perl5.32.0-Image-ExifTool-11.85/lib/perl5/site_perl/5.32.0/Image/ExifTool/Charset/Thai.pm
Installing /nix/store/ypwlhmwijj3kdm3mvgpgi24hxisly0fr-perl5.32.0-Image-ExifTool-11.85/lib/perl5/site_perl/5.32.0/Image/ExifTool/Charset/MacCyrillic.pm
Installing /nix/store/ypwlhmwijj3kdm3mvgpgi24hxisly0fr-perl5.32.0-Image-ExifTool-11.85/lib/perl5/site_perl/5.32.0/Image/ExifTool/Charset/MacCroatian.pm
Installing /nix/store/ypwlhmwijj3kdm3mvgpgi24hxisly0fr-perl5.32.0-Image-ExifTool-11.85/lib/perl5/site_perl/5.32.0/Image/ExifTool/Charset/Baltic.pm
Installing /nix/store/ypwlhmwijj3kdm3mvgpgi24hxisly0fr-perl5.32.0-Image-ExifTool-11.85/lib/perl5/site_perl/5.32.0/Image/ExifTool/Charset/MacJapanese.pm
Installing /nix/store/ypwlhmwijj3kdm3mvgpgi24hxisly0fr-perl5.32.0-Image-ExifTool-11.85/lib/perl5/site_perl/5.32.0/Image/ExifTool/Charset/MacRSymbol.pm
Installing /nix/store/ypwlhmwijj3kdm3mvgpgi24hxisly0fr-perl5.32.0-Image-ExifTool-11.85/lib/perl5/site_perl/5.32.0/Image/ExifTool/Charset/Cyrillic.pm
Installing /nix/store/ypwlhmwijj3kdm3mvgpgi24hxisly0fr-perl5.32.0-Image-ExifTool-11.85/lib/perl5/site_perl/5.32.0/Image/ExifTool/Charset/Latin2.pm
Installing /nix/store/ypwlhmwijj3kdm3mvgpgi24hxisly0fr-perl5.32.0-Image-ExifTool-11.85/lib/perl5/site_perl/5.32.0/Image/ExifTool/Charset/PDFDoc.pm
Installing /nix/store/ypwlhmwijj3kdm3mvgpgi24hxisly0fr-perl5.32.0-Image-ExifTool-11.85/lib/perl5/site_perl/5.32.0/Image/ExifTool/Charset/MacGreek.pm
Installing /nix/store/ypwlhmwijj3kdm3mvgpgi24hxisly0fr-perl5.32.0-Image-ExifTool-11.85/lib/perl5/site_perl/5.32.0/Image/ExifTool/Charset/MacArabic.pm
Installing /nix/store/ypwlhmwijj3kdm3mvgpgi24hxisly0fr-perl5.32.0-Image-ExifTool-11.85/lib/perl5/site_perl/5.32.0/Image/ExifTool/Charset/MacTurkish.pm
Installing /nix/store/ypwlhmwijj3kdm3mvgpgi24hxisly0fr-perl5.32.0-Image-ExifTool-11.85/lib/perl5/site_perl/5.32.0/Image/ExifTool/Charset/MacIceland.pm
Installing /nix/store/ypwlhmwijj3kdm3mvgpgi24hxisly0fr-perl5.32.0-Image-ExifTool-11.85/lib/perl5/site_perl/5.32.0/Image/ExifTool/Charset/DOSLatin1.pm
Installing /nix/store/ypwlhmwijj3kdm3mvgpgi24hxisly0fr-perl5.32.0-Image-ExifTool-11.85/lib/perl5/site_perl/5.32.0/Image/ExifTool/Charset/MacKorean.pm
Installing /nix/store/ypwlhmwijj3kdm3mvgpgi24hxisly0fr-perl5.32.0-Image-ExifTool-11.85/lib/perl5/site_perl/5.32.0/Image/ExifTool/Charset/MacChineseCN.pm
Installing /nix/store/ypwlhmwijj3kdm3mvgpgi24hxisly0fr-perl5.32.0-Image-ExifTool-11.85/lib/perl5/site_perl/5.32.0/Image/ExifTool/Charset/MacRomanian.pm
Installing /nix/store/ypwlhmwijj3kdm3mvgpgi24hxisly0fr-perl5.32.0-Image-ExifTool-11.85/lib/perl5/site_perl/5.32.0/Image/ExifTool/Charset/MacRoman.pm
Installing /nix/store/ypwlhmwijj3kdm3mvgpgi24hxisly0fr-perl5.32.0-Image-ExifTool-11.85/lib/perl5/site_perl/5.32.0/Image/ExifTool/Charset/Latin.pm
Installing /nix/store/ypwlhmwijj3kdm3mvgpgi24hxisly0fr-perl5.32.0-Image-ExifTool-11.85/lib/perl5/site_perl/5.32.0/Image/ExifTool/Charset/MacChineseTW.pm
Installing /nix/store/ypwlhmwijj3kdm3mvgpgi24hxisly0fr-perl5.32.0-Image-ExifTool-11.85/lib/perl5/site_perl/5.32.0/Image/ExifTool/Charset/MacLatin2.pm
Installing /nix/store/ypwlhmwijj3kdm3mvgpgi24hxisly0fr-perl5.32.0-Image-ExifTool-11.85/lib/perl5/site_perl/5.32.0/Image/ExifTool/Charset/Symbol.pm
Installing /nix/store/ypwlhmwijj3kdm3mvgpgi24hxisly0fr-perl5.32.0-Image-ExifTool-11.85/lib/perl5/site_perl/5.32.0/Image/ExifTool/Charset/Arabic.pm
Installing /nix/store/ypwlhmwijj3kdm3mvgpgi24hxisly0fr-perl5.32.0-Image-ExifTool-11.85/lib/perl5/site_perl/5.32.0/Image/ExifTool/Charset/ShiftJIS.pm
Installing /nix/store/ypwlhmwijj3kdm3mvgpgi24hxisly0fr-perl5.32.0-Image-ExifTool-11.85/lib/perl5/site_perl/5.32.0/Image/ExifTool/Lang/zh_cn.pm
Installing /nix/store/ypwlhmwijj3kdm3mvgpgi24hxisly0fr-perl5.32.0-Image-ExifTool-11.85/lib/perl5/site_perl/5.32.0/Image/ExifTool/Lang/ko.pm
Installing /nix/store/ypwlhmwijj3kdm3mvgpgi24hxisly0fr-perl5.32.0-Image-ExifTool-11.85/lib/perl5/site_perl/5.32.0/Image/ExifTool/Lang/zh_tw.pm
Installing /nix/store/ypwlhmwijj3kdm3mvgpgi24hxisly0fr-perl5.32.0-Image-ExifTool-11.85/lib/perl5/site_perl/5.32.0/Image/ExifTool/Lang/pl.pm
Installing /nix/store/ypwlhmwijj3kdm3mvgpgi24hxisly0fr-perl5.32.0-Image-ExifTool-11.85/lib/perl5/site_perl/5.32.0/Image/ExifTool/Lang/ru.pm
Installing /nix/store/ypwlhmwijj3kdm3mvgpgi24hxisly0fr-perl5.32.0-Image-ExifTool-11.85/lib/perl5/site_perl/5.32.0/Image/ExifTool/Lang/fi.pm
Installing /nix/store/ypwlhmwijj3kdm3mvgpgi24hxisly0fr-perl5.32.0-Image-ExifTool-11.85/lib/perl5/site_perl/5.32.0/Image/ExifTool/Lang/en_gb.pm
Installing /nix/store/ypwlhmwijj3kdm3mvgpgi24hxisly0fr-perl5.32.0-Image-ExifTool-11.85/lib/perl5/site_perl/5.32.0/Image/ExifTool/Lang/fr.pm
Installing /nix/store/ypwlhmwijj3kdm3mvgpgi24hxisly0fr-perl5.32.0-Image-ExifTool-11.85/lib/perl5/site_perl/5.32.0/Image/ExifTool/Lang/es.pm
Installing /nix/store/ypwlhmwijj3kdm3mvgpgi24hxisly0fr-perl5.32.0-Image-ExifTool-11.85/lib/perl5/site_perl/5.32.0/Image/ExifTool/Lang/cs.pm
Installing /nix/store/ypwlhmwijj3kdm3mvgpgi24hxisly0fr-perl5.32.0-Image-ExifTool-11.85/lib/perl5/site_perl/5.32.0/Image/ExifTool/Lang/tr.pm
Installing /nix/store/ypwlhmwijj3kdm3mvgpgi24hxisly0fr-perl5.32.0-Image-ExifTool-11.85/lib/perl5/site_perl/5.32.0/Image/ExifTool/Lang/de.pm
Installing /nix/store/ypwlhmwijj3kdm3mvgpgi24hxisly0fr-perl5.32.0-Image-ExifTool-11.85/lib/perl5/site_perl/5.32.0/Image/ExifTool/Lang/ja.pm
Installing /nix/store/ypwlhmwijj3kdm3mvgpgi24hxisly0fr-perl5.32.0-Image-ExifTool-11.85/lib/perl5/site_perl/5.32.0/Image/ExifTool/Lang/en_ca.pm
Installing /nix/store/ypwlhmwijj3kdm3mvgpgi24hxisly0fr-perl5.32.0-Image-ExifTool-11.85/lib/perl5/site_perl/5.32.0/Image/ExifTool/Lang/it.pm
Installing /nix/store/ypwlhmwijj3kdm3mvgpgi24hxisly0fr-perl5.32.0-Image-ExifTool-11.85/lib/perl5/site_perl/5.32.0/Image/ExifTool/Lang/nl.pm
Installing /nix/store/ypwlhmwijj3kdm3mvgpgi24hxisly0fr-perl5.32.0-Image-ExifTool-11.85/lib/perl5/site_perl/5.32.0/Image/ExifTool/Lang/sv.pm
Installing /nix/store/ypwlhmwijj3kdm3mvgpgi24hxisly0fr-perl5.32.0-Image-ExifTool-11.85/lib/perl5/site_perl/5.32.0/File/RandomAccess.pm
Installing /nix/store/ypwlhmwijj3kdm3mvgpgi24hxisly0fr-perl5.32.0-Image-ExifTool-11.85/lib/perl5/site_perl/5.32.0/File/RandomAccess.pod
Installing /nix/store/ypwlhmwijj3kdm3mvgpgi24hxisly0fr-perl5.32.0-Image-ExifTool-11.85/share/man/man1/exiftool.1
Installing /nix/store/ypwlhmwijj3kdm3mvgpgi24hxisly0fr-perl5.32.0-Image-ExifTool-11.85/share/man/man3/Image::ExifTool::QuickTime.3
Installing /nix/store/ypwlhmwijj3kdm3mvgpgi24hxisly0fr-perl5.32.0-Image-ExifTool-11.85/share/man/man3/Image::ExifTool::XMP2.3
Installing /nix/store/ypwlhmwijj3kdm3mvgpgi24hxisly0fr-perl5.32.0-Image-ExifTool-11.85/share/man/man3/Image::ExifTool::ICC_Profile.3
Installing /nix/store/ypwlhmwijj3kdm3mvgpgi24hxisly0fr-perl5.32.0-Image-ExifTool-11.85/share/man/man3/Image::ExifTool::Stim.3
Installing /nix/store/ypwlhmwijj3kdm3mvgpgi24hxisly0fr-perl5.32.0-Image-ExifTool-11.85/share/man/man3/Image::ExifTool::PNG.3
Installing /nix/store/ypwlhmwijj3kdm3mvgpgi24hxisly0fr-perl5.32.0-Image-ExifTool-11.85/share/man/man3/Image::ExifTool::APE.3
Installing /nix/store/ypwlhmwijj3kdm3mvgpgi24hxisly0fr-perl5.32.0-Image-ExifTool-11.85/share/man/man3/Image::ExifTool::BPG.3
Installing /nix/store/ypwlhmwijj3kdm3mvgpgi24hxisly0fr-perl5.32.0-Image-ExifTool-11.85/share/man/man3/Image::ExifTool::WritePNG.3
Installing /nix/store/ypwlhmwijj3kdm3mvgpgi24hxisly0fr-perl5.32.0-Image-ExifTool-11.85/share/man/man3/Image::ExifTool::MIFF.3
Installing /nix/store/ypwlhmwijj3kdm3mvgpgi24hxisly0fr-perl5.32.0-Image-ExifTool-11.85/share/man/man3/Image::ExifTool::Lang::de.3
Installing /nix/store/ypwlhmwijj3kdm3mvgpgi24hxisly0fr-perl5.32.0-Image-ExifTool-11.85/share/man/man3/Image::ExifTool::OpenEXR.3
Installing /nix/store/ypwlhmwijj3kdm3mvgpgi24hxisly0fr-perl5.32.0-Image-ExifTool-11.85/share/man/man3/Image::ExifTool::MOI.3
Installing /nix/store/ypwlhmwijj3kdm3mvgpgi24hxisly0fr-perl5.32.0-Image-ExifTool-11.85/share/man/man3/Image::ExifTool::PICT.3
Installing /nix/store/ypwlhmwijj3kdm3mvgpgi24hxisly0fr-perl5.32.0-Image-ExifTool-11.85/share/man/man3/Image::ExifTool::Red.3
Installing /nix/store/ypwlhmwijj3kdm3mvgpgi24hxisly0fr-perl5.32.0-Image-ExifTool-11.85/share/man/man3/Image::ExifTool::JVC.3
Installing /nix/store/ypwlhmwijj3kdm3mvgpgi24hxisly0fr-perl5.32.0-Image-ExifTool-11.85/share/man/man3/Image::ExifTool::M2TS.3
Installing /nix/store/ypwlhmwijj3kdm3mvgpgi24hxisly0fr-perl5.32.0-Image-ExifTool-11.85/share/man/man3/Image::ExifTool::Minolta.3
Installing /nix/store/ypwlhmwijj3kdm3mvgpgi24hxisly0fr-perl5.32.0-Image-ExifTool-11.85/share/man/man3/Image::ExifTool::DICOM.3
Installing /nix/store/ypwlhmwijj3kdm3mvgpgi24hxisly0fr-perl5.32.0-Image-ExifTool-11.85/share/man/man3/Image::ExifTool::Exif.3
Installing /nix/store/ypwlhmwijj3kdm3mvgpgi24hxisly0fr-perl5.32.0-Image-ExifTool-11.85/share/man/man3/Image::ExifTool::OOXML.3
Installing /nix/store/ypwlhmwijj3kdm3mvgpgi24hxisly0fr-perl5.32.0-Image-ExifTool-11.85/share/man/man3/Image::ExifTool::Radiance.3
Installing /nix/store/ypwlhmwijj3kdm3mvgpgi24hxisly0fr-perl5.32.0-Image-ExifTool-11.85/share/man/man3/Image::ExifTool::Shift.3
Installing /nix/store/ypwlhmwijj3kdm3mvgpgi24hxisly0fr-perl5.32.0-Image-ExifTool-11.85/share/man/man3/Image::ExifTool::Casio.3
Installing /nix/store/ypwlhmwijj3kdm3mvgpgi24hxisly0fr-perl5.32.0-Image-ExifTool-11.85/share/man/man3/Image::ExifTool::JSON.3
Installing /nix/store/ypwlhmwijj3kdm3mvgpgi24hxisly0fr-perl5.32.0-Image-ExifTool-11.85/share/man/man3/Image::ExifTool::KyoceraRaw.3
Installing /nix/store/ypwlhmwijj3kdm3mvgpgi24hxisly0fr-perl5.32.0-Image-ExifTool-11.85/share/man/man3/Image::ExifTool::Scalado.3
Installing /nix/store/ypwlhmwijj3kdm3mvgpgi24hxisly0fr-perl5.32.0-Image-ExifTool-11.85/share/man/man3/Image::ExifTool::NikonCapture.3
Installing /nix/store/ypwlhmwijj3kdm3mvgpgi24hxisly0fr-perl5.32.0-Image-ExifTool-11.85/share/man/man3/Image::ExifTool::Samsung.3
Installing /nix/store/ypwlhmwijj3kdm3mvgpgi24hxisly0fr-perl5.32.0-Image-ExifTool-11.85/share/man/man3/Image::ExifTool::JPEGDigest.3
Installing /nix/store/ypwlhmwijj3kdm3mvgpgi24hxisly0fr-perl5.32.0-Image-ExifTool-11.85/share/man/man3/Image::ExifTool::Charset.3
Installing /nix/store/ypwlhmwijj3kdm3mvgpgi24hxisly0fr-perl5.32.0-Image-ExifTool-11.85/share/man/man3/Image::ExifTool::PrintIM.3
Installing /nix/store/ypwlhmwijj3kdm3mvgpgi24hxisly0fr-perl5.32.0-Image-ExifTool-11.85/share/man/man3/Image::ExifTool::PCX.3
Installing /nix/store/ypwlhmwijj3kdm3mvgpgi24hxisly0fr-perl5.32.0-Image-ExifTool-11.85/share/man/man3/Image::ExifTool::JPEG.3
Installing /nix/store/ypwlhmwijj3kdm3mvgpgi24hxisly0fr-perl5.32.0-Image-ExifTool-11.85/share/man/man3/Image::ExifTool::WriteIPTC.3
Installing /nix/store/ypwlhmwijj3kdm3mvgpgi24hxisly0fr-perl5.32.0-Image-ExifTool-11.85/share/man/man3/Image::ExifTool::NikonCustom.3
Installing /nix/store/ypwlhmwijj3kdm3mvgpgi24hxisly0fr-perl5.32.0-Image-ExifTool-11.85/share/man/man3/Image::ExifTool::APP12.3
Installing /nix/store/ypwlhmwijj3kdm3mvgpgi24hxisly0fr-perl5.32.0-Image-ExifTool-11.85/share/man/man3/Image::ExifTool::Opus.3
Installing /nix/store/ypwlhmwijj3kdm3mvgpgi24hxisly0fr-perl5.32.0-Image-ExifTool-11.85/share/man/man3/Image::ExifTool::DPX.3
Installing /nix/store/ypwlhmwijj3kdm3mvgpgi24hxisly0fr-perl5.32.0-Image-ExifTool-11.85/share/man/man3/Image::ExifTool::PhotoCD.3
Installing /nix/store/ypwlhmwijj3kdm3mvgpgi24hxisly0fr-perl5.32.0-Image-ExifTool-11.85/share/man/man3/Image::ExifTool::Parrot.3
Installing /nix/store/ypwlhmwijj3kdm3mvgpgi24hxisly0fr-perl5.32.0-Image-ExifTool-11.85/share/man/man3/Image::ExifTool::Lang::en_gb.3
Installing /nix/store/ypwlhmwijj3kdm3mvgpgi24hxisly0fr-perl5.32.0-Image-ExifTool-11.85/share/man/man3/Image::ExifTool::Panasonic.3
Installing /nix/store/ypwlhmwijj3kdm3mvgpgi24hxisly0fr-perl5.32.0-Image-ExifTool-11.85/share/man/man3/Image::ExifTool::Writer.3
Installing /nix/store/ypwlhmwijj3kdm3mvgpgi24hxisly0fr-perl5.32.0-Image-ExifTool-11.85/share/man/man3/Image::ExifTool::VCard.3
Installing /nix/store/ypwlhmwijj3kdm3mvgpgi24hxisly0fr-perl5.32.0-Image-ExifTool-11.85/share/man/man3/Image::ExifTool::WritePhotoshop.3
Installing /nix/store/ypwlhmwijj3kdm3mvgpgi24hxisly0fr-perl5.32.0-Image-ExifTool-11.85/share/man/man3/Image::ExifTool::H264.3
Installing /nix/store/ypwlhmwijj3kdm3mvgpgi24hxisly0fr-perl5.32.0-Image-ExifTool-11.85/share/man/man3/Image::ExifTool::Olympus.3
Installing /nix/store/ypwlhmwijj3kdm3mvgpgi24hxisly0fr-perl5.32.0-Image-ExifTool-11.85/share/man/man3/Image::ExifTool::Lang::ru.3
Installing /nix/store/ypwlhmwijj3kdm3mvgpgi24hxisly0fr-perl5.32.0-Image-ExifTool-11.85/share/man/man3/Image::ExifTool::Import.3
Installing /nix/store/ypwlhmwijj3kdm3mvgpgi24hxisly0fr-perl5.32.0-Image-ExifTool-11.85/share/man/man3/Image::ExifTool::MNG.3
Installing /nix/store/ypwlhmwijj3kdm3mvgpgi24hxisly0fr-perl5.32.0-Image-ExifTool-11.85/share/man/man3/Image::ExifTool::MakerNotes.3
Installing /nix/store/ypwlhmwijj3kdm3mvgpgi24hxisly0fr-perl5.32.0-Image-ExifTool-11.85/share/man/man3/Image::ExifTool::GE.3
Installing /nix/store/ypwlhmwijj3kdm3mvgpgi24hxisly0fr-perl5.32.0-Image-ExifTool-11.85/share/man/man3/Image::ExifTool::MXF.3
Installing /nix/store/ypwlhmwijj3kdm3mvgpgi24hxisly0fr-perl5.32.0-Image-ExifTool-11.85/share/man/man3/Image::ExifTool::Jpeg2000.3
Installing /nix/store/ypwlhmwijj3kdm3mvgpgi24hxisly0fr-perl5.32.0-Image-ExifTool-11.85/share/man/man3/Image::ExifTool::PhaseOne.3
Installing /nix/store/ypwlhmwijj3kdm3mvgpgi24hxisly0fr-perl5.32.0-Image-ExifTool-11.85/share/man/man3/Image::ExifTool::iWork.3
Installing /nix/store/ypwlhmwijj3kdm3mvgpgi24hxisly0fr-perl5.32.0-Image-ExifTool-11.85/share/man/man3/Image::ExifTool::BZZ.3
Installing /nix/store/ypwlhmwijj3kdm3mvgpgi24hxisly0fr-perl5.32.0-Image-ExifTool-11.85/share/man/man3/Image::ExifTool::Nintendo.3
Installing /nix/store/ypwlhmwijj3kdm3mvgpgi24hxisly0fr-perl5.32.0-Image-ExifTool-11.85/share/man/man3/Image::ExifTool::ZIP.3
Installing /nix/store/ypwlhmwijj3kdm3mvgpgi24hxisly0fr-perl5.32.0-Image-ExifTool-11.85/share/man/man3/Image::ExifTool::TagInfoXML.3
Installing /nix/store/ypwlhmwijj3kdm3mvgpgi24hxisly0fr-perl5.32.0-Image-ExifTool-11.85/share/man/man3/Image::ExifTool::AIFF.3
Installing /nix/store/ypwlhmwijj3kdm3mvgpgi24hxisly0fr-perl5.32.0-Image-ExifTool-11.85/share/man/man3/Image::ExifTool::MinoltaRaw.3
Installing /nix/store/ypwlhmwijj3kdm3mvgpgi24hxisly0fr-perl5.32.0-Image-ExifTool-11.85/share/man/man3/Image::ExifTool::WriteExif.3
Installing /nix/store/ypwlhmwijj3kdm3mvgpgi24hxisly0fr-perl5.32.0-Image-ExifTool-11.85/share/man/man3/Image::ExifTool::Matroska.3
Installing /nix/store/ypwlhmwijj3kdm3mvgpgi24hxisly0fr-perl5.32.0-Image-ExifTool-11.85/share/man/man3/Image::ExifTool::BuildTagLookup.3
Installing /nix/store/ypwlhmwijj3kdm3mvgpgi24hxisly0fr-perl5.32.0-Image-ExifTool-11.85/share/man/man3/Image::ExifTool::BigTIFF.3
Installing /nix/store/ypwlhmwijj3kdm3mvgpgi24hxisly0fr-perl5.32.0-Image-ExifTool-11.85/share/man/man3/Image::ExifTool::Sony.3
Installing /nix/store/ypwlhmwijj3kdm3mvgpgi24hxisly0fr-perl5.32.0-Image-ExifTool-11.85/share/man/man3/Image::ExifTool::RTF.3
Installing /nix/store/ypwlhmwijj3kdm3mvgpgi24hxisly0fr-perl5.32.0-Image-ExifTool-11.85/share/man/man3/Image::ExifTool::EXE.3
Installing /nix/store/ypwlhmwijj3kdm3mvgpgi24hxisly0fr-perl5.32.0-Image-ExifTool-11.85/share/man/man3/Image::ExifTool::Leaf.3
Installing /nix/store/ypwlhmwijj3kdm3mvgpgi24hxisly0fr-perl5.32.0-Image-ExifTool-11.85/share/man/man3/Image::ExifTool::Lang::tr.3
Installing /nix/store/ypwlhmwijj3kdm3mvgpgi24hxisly0fr-perl5.32.0-Image-ExifTool-11.85/share/man/man3/Image::ExifTool::Theora.3
Installing /nix/store/ypwlhmwijj3kdm3mvgpgi24hxisly0fr-perl5.32.0-Image-ExifTool-11.85/share/man/man3/Image::ExifTool::PLUS.3
Installing /nix/store/ypwlhmwijj3kdm3mvgpgi24hxisly0fr-perl5.32.0-Image-ExifTool-11.85/share/man/man3/Image::ExifTool::MWG.3
Installing /nix/store/ypwlhmwijj3kdm3mvgpgi24hxisly0fr-perl5.32.0-Image-ExifTool-11.85/share/man/man3/Image::ExifTool::Lang::en_ca.3
Installing /nix/store/ypwlhmwijj3kdm3mvgpgi24hxisly0fr-perl5.32.0-Image-ExifTool-11.85/share/man/man3/Image::ExifTool::FLIF.3
Installing /nix/store/ypwlhmwijj3kdm3mvgpgi24hxisly0fr-perl5.32.0-Image-ExifTool-11.85/share/man/man3/Image::ExifTool::Motorola.3
Installing /nix/store/ypwlhmwijj3kdm3mvgpgi24hxisly0fr-perl5.32.0-Image-ExifTool-11.85/share/man/man3/Image::ExifTool::SigmaRaw.3
Installing /nix/store/ypwlhmwijj3kdm3mvgpgi24hxisly0fr-perl5.32.0-Image-ExifTool-11.85/share/man/man3/Image::ExifTool::RSRC.3
Installing /nix/store/ypwlhmwijj3kdm3mvgpgi24hxisly0fr-perl5.32.0-Image-ExifTool-11.85/share/man/man3/Image::ExifTool::HtmlDump.3
Installing /nix/store/ypwlhmwijj3kdm3mvgpgi24hxisly0fr-perl5.32.0-Image-ExifTool-11.85/share/man/man3/Image::ExifTool::CanonVRD.3
Installing /nix/store/ypwlhmwijj3kdm3mvgpgi24hxisly0fr-perl5.32.0-Image-ExifTool-11.85/share/man/man3/Image::ExifTool::MPF.3
Installing /nix/store/ypwlhmwijj3kdm3mvgpgi24hxisly0fr-perl5.32.0-Image-ExifTool-11.85/share/man/man3/Image::ExifTool::MIEUnits.3
Installing /nix/store/ypwlhmwijj3kdm3mvgpgi24hxisly0fr-perl5.32.0-Image-ExifTool-11.85/share/man/man3/Image::ExifTool::Qualcomm.3
Installing /nix/store/ypwlhmwijj3kdm3mvgpgi24hxisly0fr-perl5.32.0-Image-ExifTool-11.85/share/man/man3/Image::ExifTool::Lang::cs.3
Installing /nix/store/ypwlhmwijj3kdm3mvgpgi24hxisly0fr-perl5.32.0-Image-ExifTool-11.85/share/man/man3/Image::ExifTool::Rawzor.3
Installing /nix/store/ypwlhmwijj3kdm3mvgpgi24hxisly0fr-perl5.32.0-Image-ExifTool-11.85/share/man/man3/Image::ExifTool::Lang::nl.3
Installing /nix/store/ypwlhmwijj3kdm3mvgpgi24hxisly0fr-perl5.32.0-Image-ExifTool-11.85/share/man/man3/Image::ExifTool::TagLookup.3
Installing /nix/store/ypwlhmwijj3kdm3mvgpgi24hxisly0fr-perl5.32.0-Image-ExifTool-11.85/share/man/man3/Image::ExifTool::MPEG.3
Installing /nix/store/ypwlhmwijj3kdm3mvgpgi24hxisly0fr-perl5.32.0-Image-ExifTool-11.85/share/man/man3/Image::ExifTool::PPM.3
Installing /nix/store/ypwlhmwijj3kdm3mvgpgi24hxisly0fr-perl5.32.0-Image-ExifTool-11.85/share/man/man3/Image::ExifTool::Apple.3
Installing /nix/store/ypwlhmwijj3kdm3mvgpgi24hxisly0fr-perl5.32.0-Image-ExifTool-11.85/share/man/man3/Image::ExifTool::Font.3
Installing /nix/store/ypwlhmwijj3kdm3mvgpgi24hxisly0fr-perl5.32.0-Image-ExifTool-11.85/share/man/man3/Image::ExifTool::Torrent.3
Installing /nix/store/ypwlhmwijj3kdm3mvgpgi24hxisly0fr-perl5.32.0-Image-ExifTool-11.85/share/man/man3/Image::ExifTool::GoPro.3
Installing /nix/store/ypwlhmwijj3kdm3mvgpgi24hxisly0fr-perl5.32.0-Image-ExifTool-11.85/share/man/man3/Image::ExifTool::BMP.3
Installing /nix/store/ypwlhmwijj3kdm3mvgpgi24hxisly0fr-perl5.32.0-Image-ExifTool-11.85/share/man/man3/Image::ExifTool::SonyIDC.3
Installing /nix/store/ypwlhmwijj3kdm3mvgpgi24hxisly0fr-perl5.32.0-Image-ExifTool-11.85/share/man/man3/Image::ExifTool::FujiFilm.3
Installing /nix/store/ypwlhmwijj3kdm3mvgpgi24hxisly0fr-perl5.32.0-Image-ExifTool-11.85/share/man/man3/Image::ExifTool::MIE.3
Installing /nix/store/ypwlhmwijj3kdm3mvgpgi24hxisly0fr-perl5.32.0-Image-ExifTool-11.85/share/man/man3/Image::ExifTool::PGF.3
Installing /nix/store/ypwlhmwijj3kdm3mvgpgi24hxisly0fr-perl5.32.0-Image-ExifTool-11.85/share/man/man3/Image::ExifTool::Flash.3
Installing /nix/store/ypwlhmwijj3kdm3mvgpgi24hxisly0fr-perl5.32.0-Image-ExifTool-11.85/share/man/man3/Image::ExifTool::GPS.3
Installing /nix/store/ypwlhmwijj3kdm3mvgpgi24hxisly0fr-perl5.32.0-Image-ExifTool-11.85/share/man/man3/Image::ExifTool::Sigma.3
Installing /nix/store/ypwlhmwijj3kdm3mvgpgi24hxisly0fr-perl5.32.0-Image-ExifTool-11.85/share/man/man3/Image::ExifTool::WriteXMP.3
Installing /nix/store/ypwlhmwijj3kdm3mvgpgi24hxisly0fr-perl5.32.0-Image-ExifTool-11.85/share/man/man3/Image::ExifTool::Validate.3
Installing /nix/store/ypwlhmwijj3kdm3mvgpgi24hxisly0fr-perl5.32.0-Image-ExifTool-11.85/share/man/man3/Image::ExifTool::Geotag.3
Installing /nix/store/ypwlhmwijj3kdm3mvgpgi24hxisly0fr-perl5.32.0-Image-ExifTool-11.85/share/man/man3/Image::ExifTool::WriteCanonRaw.3
Installing /nix/store/ypwlhmwijj3kdm3mvgpgi24hxisly0fr-perl5.32.0-Image-ExifTool-11.85/share/man/man3/Image::ExifTool::GIF.3
Installing /nix/store/ypwlhmwijj3kdm3mvgpgi24hxisly0fr-perl5.32.0-Image-ExifTool-11.85/share/man/man3/Image::ExifTool::Lang::it.3
Installing /nix/store/ypwlhmwijj3kdm3mvgpgi24hxisly0fr-perl5.32.0-Image-ExifTool-11.85/share/man/man3/Image::ExifTool::Lang::es.3
Installing /nix/store/ypwlhmwijj3kdm3mvgpgi24hxisly0fr-perl5.32.0-Image-ExifTool-11.85/share/man/man3/Image::ExifTool::PostScript.3
Installing /nix/store/ypwlhmwijj3kdm3mvgpgi24hxisly0fr-perl5.32.0-Image-ExifTool-11.85/share/man/man3/Image::ExifTool::Fixup.3
Installing /nix/store/ypwlhmwijj3kdm3mvgpgi24hxisly0fr-perl5.32.0-Image-ExifTool-11.85/share/man/man3/Image::ExifTool::Kodak.3
Installing /nix/store/ypwlhmwijj3kdm3mvgpgi24hxisly0fr-perl5.32.0-Image-ExifTool-11.85/share/man/man3/Image::ExifTool::DjVu.3
Installing /nix/store/ypwlhmwijj3kdm3mvgpgi24hxisly0fr-perl5.32.0-Image-ExifTool-11.85/share/man/man3/Image::ExifTool::Unknown.3
Installing /nix/store/ypwlhmwijj3kdm3mvgpgi24hxisly0fr-perl5.32.0-Image-ExifTool-11.85/share/man/man3/Image::ExifTool::Vorbis.3
Installing /nix/store/ypwlhmwijj3kdm3mvgpgi24hxisly0fr-perl5.32.0-Image-ExifTool-11.85/share/man/man3/Image::ExifTool::HTML.3
Installing /nix/store/ypwlhmwijj3kdm3mvgpgi24hxisly0fr-perl5.32.0-Image-ExifTool-11.85/share/man/man3/Image::ExifTool::MacOS.3
Installing /nix/store/ypwlhmwijj3kdm3mvgpgi24hxisly0fr-perl5.32.0-Image-ExifTool-11.85/share/man/man3/Image::ExifTool::DV.3
Installing /nix/store/ypwlhmwijj3kdm3mvgpgi24hxisly0fr-perl5.32.0-Image-ExifTool-11.85/share/man/man3/Image::ExifTool::Canon.3
Installing /nix/store/ypwlhmwijj3kdm3mvgpgi24hxisly0fr-perl5.32.0-Image-ExifTool-11.85/share/man/man3/Image::ExifTool::DNG.3
Installing /nix/store/ypwlhmwijj3kdm3mvgpgi24hxisly0fr-perl5.32.0-Image-ExifTool-11.85/share/man/man3/Image::ExifTool::PLIST.3
Installing /nix/store/ypwlhmwijj3kdm3mvgpgi24hxisly0fr-perl5.32.0-Image-ExifTool-11.85/share/man/man3/Image::ExifTool::Shortcuts.3
Installing /nix/store/ypwlhmwijj3kdm3mvgpgi24hxisly0fr-perl5.32.0-Image-ExifTool-11.85/share/man/man3/Image::ExifTool::ITC.3
Installing /nix/store/ypwlhmwijj3kdm3mvgpgi24hxisly0fr-perl5.32.0-Image-ExifTool-11.85/share/man/man3/Image::ExifTool::Ricoh.3
Installing /nix/store/ypwlhmwijj3kdm3mvgpgi24hxisly0fr-perl5.32.0-Image-ExifTool-11.85/share/man/man3/Image::ExifTool::Photoshop.3
Installing /nix/store/ypwlhmwijj3kdm3mvgpgi24hxisly0fr-perl5.32.0-Image-ExifTool-11.85/share/man/man3/Image::ExifTool::CanonCustom.3
Installing /nix/store/ypwlhmwijj3kdm3mvgpgi24hxisly0fr-perl5.32.0-Image-ExifTool-11.85/share/man/man3/Image::ExifTool::PSP.3
Installing /nix/store/ypwlhmwijj3kdm3mvgpgi24hxisly0fr-perl5.32.0-Image-ExifTool-11.85/share/man/man3/Image::ExifTool::PhotoMechanic.3
Installing /nix/store/ypwlhmwijj3kdm3mvgpgi24hxisly0fr-perl5.32.0-Image-ExifTool-11.85/share/man/man3/Image::ExifTool::MPC.3
Installing /nix/store/ypwlhmwijj3kdm3mvgpgi24hxisly0fr-perl5.32.0-Image-ExifTool-11.85/share/man/man3/Image::ExifTool::Lang::pl.3
Installing /nix/store/ypwlhmwijj3kdm3mvgpgi24hxisly0fr-perl5.32.0-Image-ExifTool-11.85/share/man/man3/Image::ExifTool::Microsoft.3
Installing /nix/store/ypwlhmwijj3kdm3mvgpgi24hxisly0fr-perl5.32.0-Image-ExifTool-11.85/share/man/man3/Image::ExifTool::AES.3
Installing /nix/store/ypwlhmwijj3kdm3mvgpgi24hxisly0fr-perl5.32.0-Image-ExifTool-11.85/share/man/man3/Image::ExifTool::ISO.3
Installing /nix/store/ypwlhmwijj3kdm3mvgpgi24hxisly0fr-perl5.32.0-Image-ExifTool-11.85/share/man/man3/Image::ExifTool::HP.3
Installing /nix/store/ypwlhmwijj3kdm3mvgpgi24hxisly0fr-perl5.32.0-Image-ExifTool-11.85/share/man/man3/Image::ExifTool::FLIR.3
Installing /nix/store/ypwlhmwijj3kdm3mvgpgi24hxisly0fr-perl5.32.0-Image-ExifTool-11.85/share/man/man3/Image::ExifTool::XMP.3
Installing /nix/store/ypwlhmwijj3kdm3mvgpgi24hxisly0fr-perl5.32.0-Image-ExifTool-11.85/share/man/man3/Image::ExifTool::InDesign.3
Installing /nix/store/ypwlhmwijj3kdm3mvgpgi24hxisly0fr-perl5.32.0-Image-ExifTool-11.85/share/man/man3/Image::ExifTool::ID3.3
Installing /nix/store/ypwlhmwijj3kdm3mvgpgi24hxisly0fr-perl5.32.0-Image-ExifTool-11.85/share/man/man3/Image::ExifTool::WritePDF.3
Installing /nix/store/ypwlhmwijj3kdm3mvgpgi24hxisly0fr-perl5.32.0-Image-ExifTool-11.85/share/man/man3/Image::ExifTool::CaptureOne.3
Installing /nix/store/ypwlhmwijj3kdm3mvgpgi24hxisly0fr-perl5.32.0-Image-ExifTool-11.85/share/man/man3/Image::ExifTool::Real.3
Installing /nix/store/ypwlhmwijj3kdm3mvgpgi24hxisly0fr-perl5.32.0-Image-ExifTool-11.85/share/man/man3/Image::ExifTool::DarwinCore.3
Installing /nix/store/ypwlhmwijj3kdm3mvgpgi24hxisly0fr-perl5.32.0-Image-ExifTool-11.85/share/man/man3/Image::ExifTool::Lang::zh_tw.3
Installing /nix/store/ypwlhmwijj3kdm3mvgpgi24hxisly0fr-perl5.32.0-Image-ExifTool-11.85/share/man/man3/Image::ExifTool::RIFF.3
Installing /nix/store/ypwlhmwijj3kdm3mvgpgi24hxisly0fr-perl5.32.0-Image-ExifTool-11.85/share/man/man3/Image::ExifTool::WTV.3
Installing /nix/store/ypwlhmwijj3kdm3mvgpgi24hxisly0fr-perl5.32.0-Image-ExifTool-11.85/share/man/man3/Image::ExifTool::Audible.3
Installing /nix/store/ypwlhmwijj3kdm3mvgpgi24hxisly0fr-perl5.32.0-Image-ExifTool-11.85/share/man/man3/Image::ExifTool::PanasonicRaw.3
Installing /nix/store/ypwlhmwijj3kdm3mvgpgi24hxisly0fr-perl5.32.0-Image-ExifTool-11.85/share/man/man3/Image::ExifTool::PDF.3
Installing /nix/store/ypwlhmwijj3kdm3mvgpgi24hxisly0fr-perl5.32.0-Image-ExifTool-11.85/share/man/man3/Image::ExifTool::XMPStruct.3
Installing /nix/store/ypwlhmwijj3kdm3mvgpgi24hxisly0fr-perl5.32.0-Image-ExifTool-11.85/share/man/man3/Image::ExifTool::Lang::fi.3
Installing /nix/store/ypwlhmwijj3kdm3mvgpgi24hxisly0fr-perl5.32.0-Image-ExifTool-11.85/share/man/man3/Image::ExifTool::DJI.3
Installing /nix/store/ypwlhmwijj3kdm3mvgpgi24hxisly0fr-perl5.32.0-Image-ExifTool-11.85/share/man/man3/Image::ExifTool::TagNames.3
Installing /nix/store/ypwlhmwijj3kdm3mvgpgi24hxisly0fr-perl5.32.0-Image-ExifTool-11.85/share/man/man3/Image::ExifTool::Lang::fr.3
Installing /nix/store/ypwlhmwijj3kdm3mvgpgi24hxisly0fr-perl5.32.0-Image-ExifTool-11.85/share/man/man3/Image::ExifTool::AFCP.3
Installing /nix/store/ypwlhmwijj3kdm3mvgpgi24hxisly0fr-perl5.32.0-Image-ExifTool-11.85/share/man/man3/Image::ExifTool::Ogg.3
Installing /nix/store/ypwlhmwijj3kdm3mvgpgi24hxisly0fr-perl5.32.0-Image-ExifTool-11.85/share/man/man3/Image::ExifTool.3
Installing /nix/store/ypwlhmwijj3kdm3mvgpgi24hxisly0fr-perl5.32.0-Image-ExifTool-11.85/share/man/man3/Image::ExifTool::Lang::ja.3
Installing /nix/store/ypwlhmwijj3kdm3mvgpgi24hxisly0fr-perl5.32.0-Image-ExifTool-11.85/share/man/man3/Image::ExifTool::GeoTiff.3
Installing /nix/store/ypwlhmwijj3kdm3mvgpgi24hxisly0fr-perl5.32.0-Image-ExifTool-11.85/share/man/man3/Image::ExifTool::ASF.3
Installing /nix/store/ypwlhmwijj3kdm3mvgpgi24hxisly0fr-perl5.32.0-Image-ExifTool-11.85/share/man/man3/Image::ExifTool::FlashPix.3
Installing /nix/store/ypwlhmwijj3kdm3mvgpgi24hxisly0fr-perl5.32.0-Image-ExifTool-11.85/share/man/man3/Image::ExifTool::Reconyx.3
Installing /nix/store/ypwlhmwijj3kdm3mvgpgi24hxisly0fr-perl5.32.0-Image-ExifTool-11.85/share/man/man3/Image::ExifTool::GIMP.3
Installing /nix/store/ypwlhmwijj3kdm3mvgpgi24hxisly0fr-perl5.32.0-Image-ExifTool-11.85/share/man/man3/Image::ExifTool::FITS.3
Installing /nix/store/ypwlhmwijj3kdm3mvgpgi24hxisly0fr-perl5.32.0-Image-ExifTool-11.85/share/man/man3/Image::ExifTool::Text.3
Installing /nix/store/ypwlhmwijj3kdm3mvgpgi24hxisly0fr-perl5.32.0-Image-ExifTool-11.85/share/man/man3/Image::ExifTool::Palm.3
Installing /nix/store/ypwlhmwijj3kdm3mvgpgi24hxisly0fr-perl5.32.0-Image-ExifTool-11.85/share/man/man3/Image::ExifTool::Nikon.3
Installing /nix/store/ypwlhmwijj3kdm3mvgpgi24hxisly0fr-perl5.32.0-Image-ExifTool-11.85/share/man/man3/Image::ExifTool::Lytro.3
Installing /nix/store/ypwlhmwijj3kdm3mvgpgi24hxisly0fr-perl5.32.0-Image-ExifTool-11.85/share/man/man3/Image::ExifTool::QuickTimeStream.3
Installing /nix/store/ypwlhmwijj3kdm3mvgpgi24hxisly0fr-perl5.32.0-Image-ExifTool-11.85/share/man/man3/Image::ExifTool::Lang::zh_cn.3
Installing /nix/store/ypwlhmwijj3kdm3mvgpgi24hxisly0fr-perl5.32.0-Image-ExifTool-11.85/share/man/man3/Image::ExifTool::Lang::ko.3
Installing /nix/store/ypwlhmwijj3kdm3mvgpgi24hxisly0fr-perl5.32.0-Image-ExifTool-11.85/share/man/man3/File::RandomAccess.3
Installing /nix/store/ypwlhmwijj3kdm3mvgpgi24hxisly0fr-perl5.32.0-Image-ExifTool-11.85/share/man/man3/Image::ExifTool::CanonRaw.3
Installing /nix/store/ypwlhmwijj3kdm3mvgpgi24hxisly0fr-perl5.32.0-Image-ExifTool-11.85/share/man/man3/Image::ExifTool::FotoStation.3
Installing /nix/store/ypwlhmwijj3kdm3mvgpgi24hxisly0fr-perl5.32.0-Image-ExifTool-11.85/share/man/man3/Image::ExifTool::FLAC.3
Installing /nix/store/ypwlhmwijj3kdm3mvgpgi24hxisly0fr-perl5.32.0-Image-ExifTool-11.85/share/man/man3/Image::ExifTool::WriteQuickTime.3
Installing /nix/store/ypwlhmwijj3kdm3mvgpgi24hxisly0fr-perl5.32.0-Image-ExifTool-11.85/share/man/man3/Image::ExifTool::Lang::sv.3
Installing /nix/store/ypwlhmwijj3kdm3mvgpgi24hxisly0fr-perl5.32.0-Image-ExifTool-11.85/share/man/man3/Image::ExifTool::Pentax.3
Installing /nix/store/ypwlhmwijj3kdm3mvgpgi24hxisly0fr-perl5.32.0-Image-ExifTool-11.85/share/man/man3/Image::ExifTool::Sanyo.3
Installing /nix/store/ypwlhmwijj3kdm3mvgpgi24hxisly0fr-perl5.32.0-Image-ExifTool-11.85/share/man/man3/Image::ExifTool::WritePostScript.3
Installing /nix/store/ypwlhmwijj3kdm3mvgpgi24hxisly0fr-perl5.32.0-Image-ExifTool-11.85/share/man/man3/Image::ExifTool::IPTC.3
Installing /nix/store/ypwlhmwijj3kdm3mvgpgi24hxisly0fr-perl5.32.0-Image-ExifTool-11.85/share/man/man3/Image::ExifTool::LNK.3
Installing /nix/store/ypwlhmwijj3kdm3mvgpgi24hxisly0fr-perl5.32.0-Image-ExifTool-11.85/bin/exiftool
Appending installation info to /nix/store/ypwlhmwijj3kdm3mvgpgi24hxisly0fr-perl5.32.0-Image-ExifTool-11.85/lib/perl5/5.32.0/x86_64-linux-thread-multi/perllocal.pod
post-installation fixup
Moving /nix/store/ypwlhmwijj3kdm3mvgpgi24hxisly0fr-perl5.32.0-Image-ExifTool-11.85/share/man/man3 to /nix/store/1ny3k17r2jrpndsf3iybis0jcp2rfays-perl5.32.0-Image-ExifTool-11.85-devdoc/share/man/man3
rmdir: failed to remove '/nix/store/ypwlhmwijj3kdm3mvgpgi24hxisly0fr-perl5.32.0-Image-ExifTool-11.85/share/man': Directory not empty
shrinking RPATHs of ELF executables and libraries in /nix/store/ypwlhmwijj3kdm3mvgpgi24hxisly0fr-perl5.32.0-Image-ExifTool-11.85
gzipping man pages under /nix/store/ypwlhmwijj3kdm3mvgpgi24hxisly0fr-perl5.32.0-Image-ExifTool-11.85/share/man/
strip is /nix/store/psyzbhp4p088sb9qcs378hfbslcalasl-binutils-2.31.1/bin/strip
stripping (with command strip and flags -S) in /nix/store/ypwlhmwijj3kdm3mvgpgi24hxisly0fr-perl5.32.0-Image-ExifTool-11.85/lib  /nix/store/ypwlhmwijj3kdm3mvgpgi24hxisly0fr-perl5.32.0-Image-ExifTool-11.85/bin
patching script interpreter paths in /nix/store/ypwlhmwijj3kdm3mvgpgi24hxisly0fr-perl5.32.0-Image-ExifTool-11.85
checking for references to /build/ in /nix/store/ypwlhmwijj3kdm3mvgpgi24hxisly0fr-perl5.32.0-Image-ExifTool-11.85...
shrinking RPATHs of ELF executables and libraries in /nix/store/1ny3k17r2jrpndsf3iybis0jcp2rfays-perl5.32.0-Image-ExifTool-11.85-devdoc
gzipping man pages under /nix/store/1ny3k17r2jrpndsf3iybis0jcp2rfays-perl5.32.0-Image-ExifTool-11.85-devdoc/share/man/
strip is /nix/store/psyzbhp4p088sb9qcs378hfbslcalasl-binutils-2.31.1/bin/strip
patching script interpreter paths in /nix/store/1ny3k17r2jrpndsf3iybis0jcp2rfays-perl5.32.0-Image-ExifTool-11.85-devdoc
checking for references to /build/ in /nix/store/1ny3k17r2jrpndsf3iybis0jcp2rfays-perl5.32.0-Image-ExifTool-11.85-devdoc...
/nix/store/ypwlhmwijj3kdm3mvgpgi24hxisly0fr-perl5.32.0-Image-ExifTool-11.85
