these derivations will be built:
  /nix/store/d52nnq0lz2ms18gqnnsrfmsryjldpnlq-perl5.32.0-YAML-PP-0.022.drv
  /nix/store/2b715vxlpbz1xfyjvm2clb4larnhd77s-perl5.32.0-XXX-0.35.drv
  /nix/store/xmqmk0yic2yp41arplhdswflbdcmsd7n-perl5.32.0-Pegex-0.75.drv
  /nix/store/8y5myi969rav5q8zwhyi03m1w532alcs-perl5.32.0-Inline-C-0.81.drv
building '/nix/store/d52nnq0lz2ms18gqnnsrfmsryjldpnlq-perl5.32.0-YAML-PP-0.022.drv'...
unpacking sources
unpacking source archive /nix/store/170p4w56nxzx90cz5281nmrxb9y91l06-YAML-PP-0.022.tar.gz
source root is YAML-PP-0.022
setting SOURCE_DATE_EPOCH to timestamp 1588606900 of file YAML-PP-0.022/xt/02.pod-cover.t
patching sources
configuring
patching ./ext/yaml-test-schema/etc/generate-schema-html.pl...
patching ./examples/schemas.pl...
patching ./examples/schema-perl.pm...
patching ./examples/schema-ixhash.pm...
patching ./examples/external-vars-templates/ext.pl...
patching ./t/36.debug.t...
patching ./t/17.load-complex-keys.t...
patching ./t/30.legacy.t...
patching ./t/18.control.t...
patching ./t/11.parse-invalid.t...
patching ./t/48.merge.t...
patching ./t/46.line-endings.t...
patching ./t/49.include.t...
patching ./t/39.emitter-alias.t...
patching ./t/22.dump-bool.t...
patching ./t/47.header-footer.t...
patching ./t/37.schema-perl.t...
patching ./t/24.double-escapes.t...
patching ./t/35.highlight.t...
patching ./t/13.load-anchor.t...
patching ./t/15.parse-eol.t...
patching ./t/50.clone.t...
patching ./t/42.tokens.t...
patching ./t/52.preserve.t...
patching ./t/10.parse-valid.t...
patching ./t/12.load-json.t...
patching ./t/20.dump.t...
patching ./t/34.emit-scalar-styles.t...
patching ./t/23-dump-anchor.t...
patching ./t/21.emit.t...
patching ./t/38.schema-ixhash.t...
patching ./t/32.cyclic-refs.t...
patching ./t/19.file.t...
patching ./t/40.representers.t...
patching ./t/45.binary.t...
patching ./t/16.loader.t...
patching ./t/14.load-bool.t...
patching ./t/41.custom.schema.t...
patching ./t/43.indent.t...
patching ./t/31.schema.t...
patching ./t/51.directives.t...
patching ./t/44.writer.t...
patching ./bin/yamlpp-load...
patching ./bin/yamlpp-highlight...
patching ./bin/yamlpp-parse-emit...
patching ./bin/yamlpp5-load-dump...
patching ./bin/yamlpp5-load...
patching ./bin/yamlpp-load-dump...
patching ./bin/yamlpp5-parse-emit...
patching ./bin/yamlpp5-highlight...
patching ./bin/yamlpp5-events...
patching ./bin/yamlpp-events...
patching ./etc/schema-test-yaml-modules.pl...
patching ./etc/generate-grammar.pl...
patching ./etc/generate-schema-html.pl...
patching ./etc/json-numbers.pl...
patching ./etc/test-suite-html.pl...
patching ./etc/generate-examples.pl...
patching ./etc/yaml-numbers.pl...
Checking if your kit is complete...
Looks good
Generating a Unix-style Makefile
Writing Makefile for YAML::PP
Writing MYMETA.yml and MYMETA.json
no configure script, doing nothing
building
build flags: SHELL=/nix/store/9fqwwd4iybmhjqyxiaxycknslw6bgwh1-bash-4.4-p23/bin/bash
cp lib/YAML/PP/Common.pm blib/lib/YAML/PP/Common.pm
cp lib/YAML/PP/Type/MergeKey.pm blib/lib/YAML/PP/Type/MergeKey.pm
cp lib/YAML/PP.pm blib/lib/YAML/PP.pm
cp lib/YAML/PP/Grammar.pm blib/lib/YAML/PP/Grammar.pm
cp lib/YAML/PP/Writer/File.pm blib/lib/YAML/PP/Writer/File.pm
cp lib/YAML/PP/Schema/Include.pm blib/lib/YAML/PP/Schema/Include.pm
cp lib/YAML/PP/Schema/Perl.pm blib/lib/YAML/PP/Schema/Perl.pm
cp lib/YAML/PP/Schema.pm blib/lib/YAML/PP/Schema.pm
cp lib/YAML/PP/Dumper.pm blib/lib/YAML/PP/Dumper.pm
cp lib/YAML/PP/Reader.pm blib/lib/YAML/PP/Reader.pm
cp lib/YAML/PP/Highlight.pm blib/lib/YAML/PP/Highlight.pm
cp lib/YAML/PP/Representer.pm blib/lib/YAML/PP/Representer.pm
cp lib/YAML/PP/Emitter.pm blib/lib/YAML/PP/Emitter.pm
cp lib/YAML/PP/Writer.pm blib/lib/YAML/PP/Writer.pm
cp lib/YAML/PP/Schema/Binary.pm blib/lib/YAML/PP/Schema/Binary.pm
cp lib/YAML/PP/Schema/JSON.pm blib/lib/YAML/PP/Schema/JSON.pm
cp lib/YAML/PP/Schema/Failsafe.pm blib/lib/YAML/PP/Schema/Failsafe.pm
cp lib/YAML/PP/Lexer.pm blib/lib/YAML/PP/Lexer.pm
cp lib/YAML/PP/Perl.pm blib/lib/YAML/PP/Perl.pm
cp lib/YAML/PP/Schema/YAML1_1.pm blib/lib/YAML/PP/Schema/YAML1_1.pm
cp lib/YAML/PP/Exception.pm blib/lib/YAML/PP/Exception.pm
cp lib/YAML/PP/Schema/Core.pm blib/lib/YAML/PP/Schema/Core.pm
cp lib/YAML/PP/Render.pm blib/lib/YAML/PP/Render.pm
cp lib/YAML/PP/Constructor.pm blib/lib/YAML/PP/Constructor.pm
cp lib/YAML/PP/Schema/Merge.pm blib/lib/YAML/PP/Schema/Merge.pm
cp lib/YAML/PP/Parser.pm blib/lib/YAML/PP/Parser.pm
cp lib/YAML/PP/Schema/Tie/IxHash.pm blib/lib/YAML/PP/Schema/Tie/IxHash.pm
cp lib/YAML/PP/Loader.pm blib/lib/YAML/PP/Loader.pm
cp bin/yamlpp-events blib/script/yamlpp-events
"/nix/store/7c044di03qa7qgr5kjjc2d787aspzp0m-perl-5.32.0/bin/perl" -MExtUtils::MY -e 'MY->fixin(shift)' -- blib/script/yamlpp-events
cp bin/yamlpp-highlight blib/script/yamlpp-highlight
"/nix/store/7c044di03qa7qgr5kjjc2d787aspzp0m-perl-5.32.0/bin/perl" -MExtUtils::MY -e 'MY->fixin(shift)' -- blib/script/yamlpp-highlight
cp bin/yamlpp-load blib/script/yamlpp-load
"/nix/store/7c044di03qa7qgr5kjjc2d787aspzp0m-perl-5.32.0/bin/perl" -MExtUtils::MY -e 'MY->fixin(shift)' -- blib/script/yamlpp-load
cp bin/yamlpp-load-dump blib/script/yamlpp-load-dump
"/nix/store/7c044di03qa7qgr5kjjc2d787aspzp0m-perl-5.32.0/bin/perl" -MExtUtils::MY -e 'MY->fixin(shift)' -- blib/script/yamlpp-load-dump
cp bin/yamlpp-parse-emit blib/script/yamlpp-parse-emit
"/nix/store/7c044di03qa7qgr5kjjc2d787aspzp0m-perl-5.32.0/bin/perl" -MExtUtils::MY -e 'MY->fixin(shift)' -- blib/script/yamlpp-parse-emit
cp bin/yamlpp5-events blib/script/yamlpp5-events
"/nix/store/7c044di03qa7qgr5kjjc2d787aspzp0m-perl-5.32.0/bin/perl" -MExtUtils::MY -e 'MY->fixin(shift)' -- blib/script/yamlpp5-events
cp bin/yamlpp5-highlight blib/script/yamlpp5-highlight
"/nix/store/7c044di03qa7qgr5kjjc2d787aspzp0m-perl-5.32.0/bin/perl" -MExtUtils::MY -e 'MY->fixin(shift)' -- blib/script/yamlpp5-highlight
cp bin/yamlpp5-load blib/script/yamlpp5-load
"/nix/store/7c044di03qa7qgr5kjjc2d787aspzp0m-perl-5.32.0/bin/perl" -MExtUtils::MY -e 'MY->fixin(shift)' -- blib/script/yamlpp5-load
cp bin/yamlpp5-load-dump blib/script/yamlpp5-load-dump
"/nix/store/7c044di03qa7qgr5kjjc2d787aspzp0m-perl-5.32.0/bin/perl" -MExtUtils::MY -e 'MY->fixin(shift)' -- blib/script/yamlpp5-load-dump
cp bin/yamlpp5-parse-emit blib/script/yamlpp5-parse-emit
"/nix/store/7c044di03qa7qgr5kjjc2d787aspzp0m-perl-5.32.0/bin/perl" -MExtUtils::MY -e 'MY->fixin(shift)' -- blib/script/yamlpp5-parse-emit
Manifying 20 pod documents
running tests
check flags: SHELL=/nix/store/9fqwwd4iybmhjqyxiaxycknslw6bgwh1-bash-4.4-p23/bin/bash VERBOSE=y test
PERL_DL_NONLAZY=1 "/nix/store/7c044di03qa7qgr5kjjc2d787aspzp0m-perl-5.32.0/bin/perl" "-MExtUtils::Command::MM" "-MTest::Harness" "-e" "undef *Test::Harness::Switches; test_harness(0, 'blib/lib', 'blib/arch')" t/*.t
t/00.compile.t ............. ok
t/10.parse-valid.t ......... 289/? # OK: 236 DIFF: 0 ERROR: 0 TODO: 0 SKIP: 16
t/10.parse-valid.t ......... ok
t/11.parse-invalid.t ....... 1/? # OK: 0 DIFF: 0 ERROR: 67 TODO: 0 SKIP: 6
t/11.parse-invalid.t ....... ok
t/12.load-json.t ........... 1/? # OK: 207 DIFF: 0 ERROR: 0 TODO: 0 SKIP: 9
t/12.load-json.t ........... ok
t/13.load-anchor.t ......... ok
t/14.load-bool.t ........... ok
t/15.parse-eol.t ........... ok
t/16.loader.t .............. ok
t/17.load-complex-keys.t ... ok
t/18.control.t ............. ok
t/19.file.t ................ ok
t/20.dump.t ................ 174/? # OK: 236 DIFF: 0 ERROR: 0 TODO: 0 SKIP: 16
t/20.dump.t ................ ok
t/21.emit.t ................ 1/? # SAME_EVENTS: 215 SAME_YAML: 203 DIFF_EVENTS: 0 DIFF_YAML: 0 ERROR: 0 TODO: 0 SKIP: 37
t/21.emit.t ................ ok
t/22.dump-bool.t ........... ok
t/23-dump-anchor.t ......... ok
t/24.double-escapes.t ...... ok
t/30.legacy.t .............. ok
t/31.schema.t .............. 1/? # inf: Inf -inf: -Inf nan: NaN
t/31.schema.t .............. ok
t/32.cyclic-refs.t ......... ok
t/34.emit-scalar-styles.t .. ok
t/35.highlight.t ........... ok
t/36.debug.t ............... ok
t/37.schema-perl.t ......... # TEST QR: (?^:TEST_STRINGYFY_REGEX)
# QR PREFIX: (?^:
t/37.schema-perl.t ......... ok
t/38.schema-ixhash.t ....... skipped: Tie::IxHash not installed
t/39.emitter-alias.t ....... ok
t/40.representers.t ........ ok
t/41.custom.schema.t ....... ok
t/42.tokens.t .............. ok
t/43.indent.t .............. ok
t/44.writer.t .............. ok
t/45.binary.t .............. ok
t/46.line-endings.t ........ ok
t/47.header-footer.t ....... ok
t/48.merge.t ............... ok
t/49.include.t ............. ok
t/50.clone.t ............... ok
t/51.directives.t .......... ok
t/52.preserve.t ............ ok
All tests successful.
Files=38, Tests=6476, 11 wallclock secs ( 0.67 usr  0.07 sys +  6.90 cusr  1.29 csys =  8.93 CPU)
Result: PASS
installing
install flags: SHELL=/nix/store/9fqwwd4iybmhjqyxiaxycknslw6bgwh1-bash-4.4-p23/bin/bash pkgconfigdir=/nix/store/hvy6aayp5sgd6md0cnfin82iz3ival7x-perl5.32.0-YAML-PP-0.022/lib/pkgconfig m4datadir=/nix/store/hvy6aayp5sgd6md0cnfin82iz3ival7x-perl5.32.0-YAML-PP-0.022/share/aclocal aclocaldir=/nix/store/hvy6aayp5sgd6md0cnfin82iz3ival7x-perl5.32.0-YAML-PP-0.022/share/aclocal install
Manifying 20 pod documents
Installing /nix/store/hvy6aayp5sgd6md0cnfin82iz3ival7x-perl5.32.0-YAML-PP-0.022/lib/perl5/site_perl/5.32.0/YAML/PP.pm
Installing /nix/store/hvy6aayp5sgd6md0cnfin82iz3ival7x-perl5.32.0-YAML-PP-0.022/lib/perl5/site_perl/5.32.0/YAML/PP/Emitter.pm
Installing /nix/store/hvy6aayp5sgd6md0cnfin82iz3ival7x-perl5.32.0-YAML-PP-0.022/lib/perl5/site_perl/5.32.0/YAML/PP/Lexer.pm
Installing /nix/store/hvy6aayp5sgd6md0cnfin82iz3ival7x-perl5.32.0-YAML-PP-0.022/lib/perl5/site_perl/5.32.0/YAML/PP/Exception.pm
Installing /nix/store/hvy6aayp5sgd6md0cnfin82iz3ival7x-perl5.32.0-YAML-PP-0.022/lib/perl5/site_perl/5.32.0/YAML/PP/Writer.pm
Installing /nix/store/hvy6aayp5sgd6md0cnfin82iz3ival7x-perl5.32.0-YAML-PP-0.022/lib/perl5/site_perl/5.32.0/YAML/PP/Parser.pm
Installing /nix/store/hvy6aayp5sgd6md0cnfin82iz3ival7x-perl5.32.0-YAML-PP-0.022/lib/perl5/site_perl/5.32.0/YAML/PP/Grammar.pm
Installing /nix/store/hvy6aayp5sgd6md0cnfin82iz3ival7x-perl5.32.0-YAML-PP-0.022/lib/perl5/site_perl/5.32.0/YAML/PP/Loader.pm
Installing /nix/store/hvy6aayp5sgd6md0cnfin82iz3ival7x-perl5.32.0-YAML-PP-0.022/lib/perl5/site_perl/5.32.0/YAML/PP/Dumper.pm
Installing /nix/store/hvy6aayp5sgd6md0cnfin82iz3ival7x-perl5.32.0-YAML-PP-0.022/lib/perl5/site_perl/5.32.0/YAML/PP/Schema.pm
Installing /nix/store/hvy6aayp5sgd6md0cnfin82iz3ival7x-perl5.32.0-YAML-PP-0.022/lib/perl5/site_perl/5.32.0/YAML/PP/Common.pm
Installing /nix/store/hvy6aayp5sgd6md0cnfin82iz3ival7x-perl5.32.0-YAML-PP-0.022/lib/perl5/site_perl/5.32.0/YAML/PP/Reader.pm
Installing /nix/store/hvy6aayp5sgd6md0cnfin82iz3ival7x-perl5.32.0-YAML-PP-0.022/lib/perl5/site_perl/5.32.0/YAML/PP/Render.pm
Installing /nix/store/hvy6aayp5sgd6md0cnfin82iz3ival7x-perl5.32.0-YAML-PP-0.022/lib/perl5/site_perl/5.32.0/YAML/PP/Constructor.pm
Installing /nix/store/hvy6aayp5sgd6md0cnfin82iz3ival7x-perl5.32.0-YAML-PP-0.022/lib/perl5/site_perl/5.32.0/YAML/PP/Highlight.pm
Installing /nix/store/hvy6aayp5sgd6md0cnfin82iz3ival7x-perl5.32.0-YAML-PP-0.022/lib/perl5/site_perl/5.32.0/YAML/PP/Representer.pm
Installing /nix/store/hvy6aayp5sgd6md0cnfin82iz3ival7x-perl5.32.0-YAML-PP-0.022/lib/perl5/site_perl/5.32.0/YAML/PP/Perl.pm
Installing /nix/store/hvy6aayp5sgd6md0cnfin82iz3ival7x-perl5.32.0-YAML-PP-0.022/lib/perl5/site_perl/5.32.0/YAML/PP/Type/MergeKey.pm
Installing /nix/store/hvy6aayp5sgd6md0cnfin82iz3ival7x-perl5.32.0-YAML-PP-0.022/lib/perl5/site_perl/5.32.0/YAML/PP/Schema/Include.pm
Installing /nix/store/hvy6aayp5sgd6md0cnfin82iz3ival7x-perl5.32.0-YAML-PP-0.022/lib/perl5/site_perl/5.32.0/YAML/PP/Schema/Binary.pm
Installing /nix/store/hvy6aayp5sgd6md0cnfin82iz3ival7x-perl5.32.0-YAML-PP-0.022/lib/perl5/site_perl/5.32.0/YAML/PP/Schema/Failsafe.pm
Installing /nix/store/hvy6aayp5sgd6md0cnfin82iz3ival7x-perl5.32.0-YAML-PP-0.022/lib/perl5/site_perl/5.32.0/YAML/PP/Schema/Core.pm
Installing /nix/store/hvy6aayp5sgd6md0cnfin82iz3ival7x-perl5.32.0-YAML-PP-0.022/lib/perl5/site_perl/5.32.0/YAML/PP/Schema/JSON.pm
Installing /nix/store/hvy6aayp5sgd6md0cnfin82iz3ival7x-perl5.32.0-YAML-PP-0.022/lib/perl5/site_perl/5.32.0/YAML/PP/Schema/YAML1_1.pm
Installing /nix/store/hvy6aayp5sgd6md0cnfin82iz3ival7x-perl5.32.0-YAML-PP-0.022/lib/perl5/site_perl/5.32.0/YAML/PP/Schema/Merge.pm
Installing /nix/store/hvy6aayp5sgd6md0cnfin82iz3ival7x-perl5.32.0-YAML-PP-0.022/lib/perl5/site_perl/5.32.0/YAML/PP/Schema/Perl.pm
Installing /nix/store/hvy6aayp5sgd6md0cnfin82iz3ival7x-perl5.32.0-YAML-PP-0.022/lib/perl5/site_perl/5.32.0/YAML/PP/Schema/Tie/IxHash.pm
Installing /nix/store/hvy6aayp5sgd6md0cnfin82iz3ival7x-perl5.32.0-YAML-PP-0.022/lib/perl5/site_perl/5.32.0/YAML/PP/Writer/File.pm
Installing /nix/store/hvy6aayp5sgd6md0cnfin82iz3ival7x-perl5.32.0-YAML-PP-0.022/share/man/man3/YAML::PP::Schema::Binary.3
Installing /nix/store/hvy6aayp5sgd6md0cnfin82iz3ival7x-perl5.32.0-YAML-PP-0.022/share/man/man3/YAML::PP::Schema::JSON.3
Installing /nix/store/hvy6aayp5sgd6md0cnfin82iz3ival7x-perl5.32.0-YAML-PP-0.022/share/man/man3/YAML::PP::Schema::YAML1_1.3
Installing /nix/store/hvy6aayp5sgd6md0cnfin82iz3ival7x-perl5.32.0-YAML-PP-0.022/share/man/man3/YAML::PP.3
Installing /nix/store/hvy6aayp5sgd6md0cnfin82iz3ival7x-perl5.32.0-YAML-PP-0.022/share/man/man3/YAML::PP::Writer::File.3
Installing /nix/store/hvy6aayp5sgd6md0cnfin82iz3ival7x-perl5.32.0-YAML-PP-0.022/share/man/man3/YAML::PP::Highlight.3
Installing /nix/store/hvy6aayp5sgd6md0cnfin82iz3ival7x-perl5.32.0-YAML-PP-0.022/share/man/man3/YAML::PP::Type::MergeKey.3
Installing /nix/store/hvy6aayp5sgd6md0cnfin82iz3ival7x-perl5.32.0-YAML-PP-0.022/share/man/man3/YAML::PP::Constructor.3
Installing /nix/store/hvy6aayp5sgd6md0cnfin82iz3ival7x-perl5.32.0-YAML-PP-0.022/share/man/man3/YAML::PP::Emitter.3
Installing /nix/store/hvy6aayp5sgd6md0cnfin82iz3ival7x-perl5.32.0-YAML-PP-0.022/share/man/man3/YAML::PP::Schema::Failsafe.3
Installing /nix/store/hvy6aayp5sgd6md0cnfin82iz3ival7x-perl5.32.0-YAML-PP-0.022/share/man/man3/YAML::PP::Schema::Core.3
Installing /nix/store/hvy6aayp5sgd6md0cnfin82iz3ival7x-perl5.32.0-YAML-PP-0.022/share/man/man3/YAML::PP::Common.3
Installing /nix/store/hvy6aayp5sgd6md0cnfin82iz3ival7x-perl5.32.0-YAML-PP-0.022/share/man/man3/YAML::PP::Writer.3
Installing /nix/store/hvy6aayp5sgd6md0cnfin82iz3ival7x-perl5.32.0-YAML-PP-0.022/share/man/man3/YAML::PP::Perl.3
Installing /nix/store/hvy6aayp5sgd6md0cnfin82iz3ival7x-perl5.32.0-YAML-PP-0.022/share/man/man3/YAML::PP::Grammar.3
Installing /nix/store/hvy6aayp5sgd6md0cnfin82iz3ival7x-perl5.32.0-YAML-PP-0.022/share/man/man3/YAML::PP::Schema.3
Installing /nix/store/hvy6aayp5sgd6md0cnfin82iz3ival7x-perl5.32.0-YAML-PP-0.022/share/man/man3/YAML::PP::Schema::Include.3
Installing /nix/store/hvy6aayp5sgd6md0cnfin82iz3ival7x-perl5.32.0-YAML-PP-0.022/share/man/man3/YAML::PP::Schema::Merge.3
Installing /nix/store/hvy6aayp5sgd6md0cnfin82iz3ival7x-perl5.32.0-YAML-PP-0.022/share/man/man3/YAML::PP::Schema::Tie::IxHash.3
Installing /nix/store/hvy6aayp5sgd6md0cnfin82iz3ival7x-perl5.32.0-YAML-PP-0.022/share/man/man3/YAML::PP::Schema::Perl.3
Installing /nix/store/hvy6aayp5sgd6md0cnfin82iz3ival7x-perl5.32.0-YAML-PP-0.022/bin/yamlpp-load
Installing /nix/store/hvy6aayp5sgd6md0cnfin82iz3ival7x-perl5.32.0-YAML-PP-0.022/bin/yamlpp-highlight
Installing /nix/store/hvy6aayp5sgd6md0cnfin82iz3ival7x-perl5.32.0-YAML-PP-0.022/bin/yamlpp-parse-emit
Installing /nix/store/hvy6aayp5sgd6md0cnfin82iz3ival7x-perl5.32.0-YAML-PP-0.022/bin/yamlpp5-load-dump
Installing /nix/store/hvy6aayp5sgd6md0cnfin82iz3ival7x-perl5.32.0-YAML-PP-0.022/bin/yamlpp5-load
Installing /nix/store/hvy6aayp5sgd6md0cnfin82iz3ival7x-perl5.32.0-YAML-PP-0.022/bin/yamlpp-load-dump
Installing /nix/store/hvy6aayp5sgd6md0cnfin82iz3ival7x-perl5.32.0-YAML-PP-0.022/bin/yamlpp5-parse-emit
Installing /nix/store/hvy6aayp5sgd6md0cnfin82iz3ival7x-perl5.32.0-YAML-PP-0.022/bin/yamlpp5-highlight
Installing /nix/store/hvy6aayp5sgd6md0cnfin82iz3ival7x-perl5.32.0-YAML-PP-0.022/bin/yamlpp5-events
Installing /nix/store/hvy6aayp5sgd6md0cnfin82iz3ival7x-perl5.32.0-YAML-PP-0.022/bin/yamlpp-events
Appending installation info to /nix/store/hvy6aayp5sgd6md0cnfin82iz3ival7x-perl5.32.0-YAML-PP-0.022/lib/perl5/5.32.0/x86_64-linux-thread-multi/perllocal.pod
post-installation fixup
Moving /nix/store/hvy6aayp5sgd6md0cnfin82iz3ival7x-perl5.32.0-YAML-PP-0.022/share/man/man3 to /nix/store/h7yaspq7whia8fckim9z9h9ni9kqwy7r-perl5.32.0-YAML-PP-0.022-devdoc/share/man/man3
Removing empty /nix/store/hvy6aayp5sgd6md0cnfin82iz3ival7x-perl5.32.0-YAML-PP-0.022/share/man/ and (possibly) its parents
shrinking RPATHs of ELF executables and libraries in /nix/store/hvy6aayp5sgd6md0cnfin82iz3ival7x-perl5.32.0-YAML-PP-0.022
strip is /nix/store/psyzbhp4p088sb9qcs378hfbslcalasl-binutils-2.31.1/bin/strip
stripping (with command strip and flags -S) in /nix/store/hvy6aayp5sgd6md0cnfin82iz3ival7x-perl5.32.0-YAML-PP-0.022/lib  /nix/store/hvy6aayp5sgd6md0cnfin82iz3ival7x-perl5.32.0-YAML-PP-0.022/bin
patching script interpreter paths in /nix/store/hvy6aayp5sgd6md0cnfin82iz3ival7x-perl5.32.0-YAML-PP-0.022
checking for references to /build/ in /nix/store/hvy6aayp5sgd6md0cnfin82iz3ival7x-perl5.32.0-YAML-PP-0.022...
shrinking RPATHs of ELF executables and libraries in /nix/store/h7yaspq7whia8fckim9z9h9ni9kqwy7r-perl5.32.0-YAML-PP-0.022-devdoc
gzipping man pages under /nix/store/h7yaspq7whia8fckim9z9h9ni9kqwy7r-perl5.32.0-YAML-PP-0.022-devdoc/share/man/
strip is /nix/store/psyzbhp4p088sb9qcs378hfbslcalasl-binutils-2.31.1/bin/strip
patching script interpreter paths in /nix/store/h7yaspq7whia8fckim9z9h9ni9kqwy7r-perl5.32.0-YAML-PP-0.022-devdoc
checking for references to /build/ in /nix/store/h7yaspq7whia8fckim9z9h9ni9kqwy7r-perl5.32.0-YAML-PP-0.022-devdoc...
building '/nix/store/2b715vxlpbz1xfyjvm2clb4larnhd77s-perl5.32.0-XXX-0.35.drv'...
unpacking sources
unpacking source archive /nix/store/bh9lp71qiygm2ydbfzwjhz8g11n5xh5z-XXX-0.35.tar.gz
source root is XXX-0.35
setting SOURCE_DATE_EPOCH to timestamp 1579561686 of file XXX-0.35/t/test.t
patching sources
configuring
patching ./t/author-pod-syntax.t...
Checking if your kit is complete...
Looks good
Generating a Unix-style Makefile
Writing Makefile for XXX
Writing MYMETA.yml and MYMETA.json
no configure script, doing nothing
building
build flags: SHELL=/nix/store/9fqwwd4iybmhjqyxiaxycknslw6bgwh1-bash-4.4-p23/bin/bash
cp lib/XXX.pm blib/lib/XXX.pm
cp lib/XXX.pod blib/lib/XXX.pod
Manifying 1 pod document
running tests
check flags: SHELL=/nix/store/9fqwwd4iybmhjqyxiaxycknslw6bgwh1-bash-4.4-p23/bin/bash VERBOSE=y test
PERL_DL_NONLAZY=1 "/nix/store/7c044di03qa7qgr5kjjc2d787aspzp0m-perl-5.32.0/bin/perl" "-MExtUtils::Command::MM" "-MTest::Harness" "-e" "undef *Test::Harness::Switches; test_harness(0, 'blib/lib', 'blib/arch')" t/*.t
t/000-compile-modules.t .. ok
t/author-pod-syntax.t .... skipped: these tests are for testing by the author
t/env.t .................. skipped: JSON::Color not installed
t/regex.t ................ ok
t/require.t .............. ok
t/test.t ................. ok
All tests successful.
Files=6, Tests=6,  0 wallclock secs ( 0.02 usr  0.01 sys +  0.31 cusr  0.05 csys =  0.39 CPU)
Result: PASS
installing
install flags: SHELL=/nix/store/9fqwwd4iybmhjqyxiaxycknslw6bgwh1-bash-4.4-p23/bin/bash pkgconfigdir=/nix/store/b9mjd62vddn6lmpmazhjh85yz6qz9dfr-perl5.32.0-XXX-0.35/lib/pkgconfig m4datadir=/nix/store/b9mjd62vddn6lmpmazhjh85yz6qz9dfr-perl5.32.0-XXX-0.35/share/aclocal aclocaldir=/nix/store/b9mjd62vddn6lmpmazhjh85yz6qz9dfr-perl5.32.0-XXX-0.35/share/aclocal install
Manifying 1 pod document
Installing /nix/store/b9mjd62vddn6lmpmazhjh85yz6qz9dfr-perl5.32.0-XXX-0.35/lib/perl5/site_perl/5.32.0/XXX.pod
Installing /nix/store/b9mjd62vddn6lmpmazhjh85yz6qz9dfr-perl5.32.0-XXX-0.35/lib/perl5/site_perl/5.32.0/XXX.pm
Installing /nix/store/b9mjd62vddn6lmpmazhjh85yz6qz9dfr-perl5.32.0-XXX-0.35/share/man/man3/XXX.3
Appending installation info to /nix/store/b9mjd62vddn6lmpmazhjh85yz6qz9dfr-perl5.32.0-XXX-0.35/lib/perl5/5.32.0/x86_64-linux-thread-multi/perllocal.pod
post-installation fixup
Moving /nix/store/b9mjd62vddn6lmpmazhjh85yz6qz9dfr-perl5.32.0-XXX-0.35/share/man/man3 to /nix/store/m709jznpxkk482p8nh4bql9p5kbmay5a-perl5.32.0-XXX-0.35-devdoc/share/man/man3
Removing empty /nix/store/b9mjd62vddn6lmpmazhjh85yz6qz9dfr-perl5.32.0-XXX-0.35/share/man/ and (possibly) its parents
shrinking RPATHs of ELF executables and libraries in /nix/store/b9mjd62vddn6lmpmazhjh85yz6qz9dfr-perl5.32.0-XXX-0.35
strip is /nix/store/psyzbhp4p088sb9qcs378hfbslcalasl-binutils-2.31.1/bin/strip
stripping (with command strip and flags -S) in /nix/store/b9mjd62vddn6lmpmazhjh85yz6qz9dfr-perl5.32.0-XXX-0.35/lib
patching script interpreter paths in /nix/store/b9mjd62vddn6lmpmazhjh85yz6qz9dfr-perl5.32.0-XXX-0.35
checking for references to /build/ in /nix/store/b9mjd62vddn6lmpmazhjh85yz6qz9dfr-perl5.32.0-XXX-0.35...
shrinking RPATHs of ELF executables and libraries in /nix/store/m709jznpxkk482p8nh4bql9p5kbmay5a-perl5.32.0-XXX-0.35-devdoc
gzipping man pages under /nix/store/m709jznpxkk482p8nh4bql9p5kbmay5a-perl5.32.0-XXX-0.35-devdoc/share/man/
strip is /nix/store/psyzbhp4p088sb9qcs378hfbslcalasl-binutils-2.31.1/bin/strip
patching script interpreter paths in /nix/store/m709jznpxkk482p8nh4bql9p5kbmay5a-perl5.32.0-XXX-0.35-devdoc
checking for references to /build/ in /nix/store/m709jznpxkk482p8nh4bql9p5kbmay5a-perl5.32.0-XXX-0.35-devdoc...
building '/nix/store/xmqmk0yic2yp41arplhdswflbdcmsd7n-perl5.32.0-Pegex-0.75.drv'...
unpacking sources
unpacking source archive /nix/store/swkmirg26z76aamyw6nx723bdzybl2xl-Pegex-0.75.tar.gz
source root is Pegex-0.75
setting SOURCE_DATE_EPOCH to timestamp 1581624053 of file Pegex-0.75/xt/test-pegex-repos.t
patching sources
configuring
patching ./inc/bin/testml-cpan...
patching ./example/self-parser.pl...
patching ./t/tree-pegex.t...
patching ./t/compiler.t...
patching ./t/pegex-tml/tree.tml...
patching ./t/pegex-tml/error.tml...
patching ./t/pegex-tml/compiler-checks.tml...
patching ./t/pegex-tml/compiler.tml...
patching ./t/pegex-tml/compiler-equivalence.tml...
patching ./t/pegex-tml/optimize.tml...
patching ./t/pegex-tml/tree-pegex.tml...
patching ./t/author-pod-syntax.t...
patching ./t/optimize.t...
patching ./t/compiler-checks.t...
patching ./t/compiler-perl.t...
patching ./t/tree.t...
patching ./t/compiler-equivalence.t...
patching ./t/error.t...
Checking if your kit is complete...
Looks good
Generating a Unix-style Makefile
Writing Makefile for Pegex
Writing MYMETA.yml and MYMETA.json
no configure script, doing nothing
building
build flags: SHELL=/nix/store/9fqwwd4iybmhjqyxiaxycknslw6bgwh1-bash-4.4-p23/bin/bash
cp share/pegex.pgx blib/lib/auto/share/dist/Pegex/pegex.pgx
cp lib/Pegex/Tree.pod blib/lib/Pegex/Tree.pod
cp lib/Pegex/Bootstrap.pm blib/lib/Pegex/Bootstrap.pm
cp lib/Pegex/Parser.pm blib/lib/Pegex/Parser.pm
cp lib/Pegex/Overview.pod blib/lib/Pegex/Overview.pod
cp lib/Pegex/Tree/Wrap.pod blib/lib/Pegex/Tree/Wrap.pod
cp lib/Pegex/Miscellany.pod blib/lib/Pegex/Miscellany.pod
cp lib/Pegex/Tutorial/JSON.pod blib/lib/Pegex/Tutorial/JSON.pod
cp lib/Pegex/Regex.pm blib/lib/Pegex/Regex.pm
cp lib/Pegex/Pegex/Grammar.pm blib/lib/Pegex/Pegex/Grammar.pm
cp lib/Pegex/Receiver.pod blib/lib/Pegex/Receiver.pod
cp lib/Pegex/Module.pod blib/lib/Pegex/Module.pod
cp lib/Pegex/Grammar/Atoms.pm blib/lib/Pegex/Grammar/Atoms.pm
cp lib/Pegex/Receiver.pm blib/lib/Pegex/Receiver.pm
cp lib/Pegex/Pegex/AST.pm blib/lib/Pegex/Pegex/AST.pm
cp lib/Pegex/Module.pm blib/lib/Pegex/Module.pm
cp lib/Pegex/Optimizer.pm blib/lib/Pegex/Optimizer.pm
cp lib/Pegex/Grammar.pod blib/lib/Pegex/Grammar.pod
cp lib/Pegex/Input.pod blib/lib/Pegex/Input.pod
cp lib/Pegex/Tutorial/Calculator.pod blib/lib/Pegex/Tutorial/Calculator.pod
cp lib/Pegex/Parser.pod blib/lib/Pegex/Parser.pod
cp lib/Pegex/API.pod blib/lib/Pegex/API.pod
cp lib/Pegex/Grammar/Atoms.pod blib/lib/Pegex/Grammar/Atoms.pod
cp lib/Pegex/Tree.pm blib/lib/Pegex/Tree.pm
cp lib/Pegex.pod blib/lib/Pegex.pod
cp lib/Pegex/Base.pm blib/lib/Pegex/Base.pm
cp lib/Pegex/Resources.pod blib/lib/Pegex/Resources.pod
cp lib/Pegex/Grammar.pm blib/lib/Pegex/Grammar.pm
cp lib/Pegex.pm blib/lib/Pegex.pm
cp lib/Pegex/Parser/Indent.pm blib/lib/Pegex/Parser/Indent.pm
cp lib/Pegex/Tree/Wrap.pm blib/lib/Pegex/Tree/Wrap.pm
cp lib/Pegex/Syntax.pod blib/lib/Pegex/Syntax.pod
cp lib/Pegex/Tutorial.pod blib/lib/Pegex/Tutorial.pod
cp lib/Pegex/Bootstrap.pod blib/lib/Pegex/Bootstrap.pod
cp lib/Pegex/Regex.pod blib/lib/Pegex/Regex.pod
cp lib/Pegex/Input.pm blib/lib/Pegex/Input.pm
cp lib/Pegex/Compiler.pod blib/lib/Pegex/Compiler.pod
cp lib/Pegex/Compiler.pm blib/lib/Pegex/Compiler.pm
cp lib/Pegex/Pegex/Grammar.pod blib/lib/Pegex/Pegex/Grammar.pod
Manifying 21 pod documents
running tests
check flags: SHELL=/nix/store/9fqwwd4iybmhjqyxiaxycknslw6bgwh1-bash-4.4-p23/bin/bash VERBOSE=y test
Skip blib/lib/auto/share/dist/Pegex/pegex.pgx (unchanged)
PERL_DL_NONLAZY=1 "/nix/store/7c044di03qa7qgr5kjjc2d787aspzp0m-perl-5.32.0/bin/perl" "-MExtUtils::Command::MM" "-MTest::Harness" "-e" "undef *Test::Harness::Switches; test_harness(0, 'blib/lib', 'blib/arch')" t/*.t
t/000-compile-modules.t ... ok
t/api.t ................... ok
t/author-pod-syntax.t ..... skipped: these tests are for testing by the author
t/compiler-checks.t ....... ok
t/compiler-equivalence.t .. ok
t/compiler-perl.t ......... ok
t/compiler.t .............. ok
t/error.t ................. ok
t/export-api.t ............ ok
t/flatten.t ............... ok
t/function-rule.t ......... ok
t/grammar-api.t ........... ok
t/look-behind.t ........... ok
t/optimize.t .............. ok
t/parse.t ................. ok
t/repeat.t ................ ok
t/safe.t .................. Use of uninitialized value $ENV{"TRAVIS"} in string eq at t/safe.t line 8.
t/safe.t .................. ok
t/sample.t ................ try_contact                    >Name: Ingy Net\nPhone: 919-876-...<
 try_name_section               >Name: Ingy Net\nPhone: 919-876-...<
  try_name                       >Ingy Net\nPhone: 919-876-5432\nA...<
  got_name
  try_EOL                        >\nPhone: 919-876-5432\nAddress:\n...<
  got_EOL
 got_name_section
 try_phone_section              >Phone: 919-876-5432\nAddress:\n ...<
  try_phone_number               >919-876-5432\nAddress:\n  1234 M...<
   try_term                       >919-876-5432\nAddress:\n  1234 M...<
   got_term
  got_phone_number
  try_EOL                        >\nAddress:\n  1234 Main St\n  Nic...<
  got_EOL
 got_phone_section
 try_address_section            >Address:\n  1234 Main St\n  Nice...<
  try_street_line                >  1234 Main St\n  Niceville\n  O...<
   try_indent                     >  1234 Main St\n  Niceville\n  O...<
   got_indent
   try_street                     >1234 Main St\n  Niceville\n  OK\n<
   got_street
   try_EOL                        >\n  Niceville\n  OK\n<
   got_EOL
  got_street_line
  try_city_line                  >  Niceville\n  OK\n<
   try_indent                     >  Niceville\n  OK\n<
   got_indent
   try_city                       >Niceville\n  OK\n<
    try_term                       >Niceville\n  OK\n<
    got_term
   got_city
   try_EOL                        >\n  OK\n<
   got_EOL
  got_city_line
  try_country_line               >  OK\n<
   try_indent                     >  OK\n<
   got_indent
   try_country                    >OK\n<
    try_term                       >OK\n<
    got_term
   got_country
   try_EOL                        >\n<
   got_EOL
  got_country_line
 got_address_section
got_contact
t/sample.t ................ ok
t/tree-pegex.t ............ ok
t/tree.t .................. ok
All tests successful.
Files=20, Tests=271,  3 wallclock secs ( 0.10 usr  0.02 sys +  2.11 cusr  0.45 csys =  2.68 CPU)
Result: PASS
installing
install flags: SHELL=/nix/store/9fqwwd4iybmhjqyxiaxycknslw6bgwh1-bash-4.4-p23/bin/bash pkgconfigdir=/nix/store/zj8156pj3zvi2ik48gd319b9b23qx5lg-perl5.32.0-Pegex-0.75/lib/pkgconfig m4datadir=/nix/store/zj8156pj3zvi2ik48gd319b9b23qx5lg-perl5.32.0-Pegex-0.75/share/aclocal aclocaldir=/nix/store/zj8156pj3zvi2ik48gd319b9b23qx5lg-perl5.32.0-Pegex-0.75/share/aclocal install
Skip blib/lib/auto/share/dist/Pegex/pegex.pgx (unchanged)
Manifying 21 pod documents
Installing /nix/store/zj8156pj3zvi2ik48gd319b9b23qx5lg-perl5.32.0-Pegex-0.75/lib/perl5/site_perl/5.32.0/Pegex.pm
Installing /nix/store/zj8156pj3zvi2ik48gd319b9b23qx5lg-perl5.32.0-Pegex-0.75/lib/perl5/site_perl/5.32.0/Pegex.pod
Installing /nix/store/zj8156pj3zvi2ik48gd319b9b23qx5lg-perl5.32.0-Pegex-0.75/lib/perl5/site_perl/5.32.0/auto/share/dist/Pegex/pegex.pgx
Installing /nix/store/zj8156pj3zvi2ik48gd319b9b23qx5lg-perl5.32.0-Pegex-0.75/lib/perl5/site_perl/5.32.0/Pegex/Optimizer.pm
Installing /nix/store/zj8156pj3zvi2ik48gd319b9b23qx5lg-perl5.32.0-Pegex-0.75/lib/perl5/site_perl/5.32.0/Pegex/Grammar.pod
Installing /nix/store/zj8156pj3zvi2ik48gd319b9b23qx5lg-perl5.32.0-Pegex-0.75/lib/perl5/site_perl/5.32.0/Pegex/Parser.pm
Installing /nix/store/zj8156pj3zvi2ik48gd319b9b23qx5lg-perl5.32.0-Pegex-0.75/lib/perl5/site_perl/5.32.0/Pegex/Grammar.pm
Installing /nix/store/zj8156pj3zvi2ik48gd319b9b23qx5lg-perl5.32.0-Pegex-0.75/lib/perl5/site_perl/5.32.0/Pegex/Input.pod
Installing /nix/store/zj8156pj3zvi2ik48gd319b9b23qx5lg-perl5.32.0-Pegex-0.75/lib/perl5/site_perl/5.32.0/Pegex/Receiver.pm
Installing /nix/store/zj8156pj3zvi2ik48gd319b9b23qx5lg-perl5.32.0-Pegex-0.75/lib/perl5/site_perl/5.32.0/Pegex/Bootstrap.pm
Installing /nix/store/zj8156pj3zvi2ik48gd319b9b23qx5lg-perl5.32.0-Pegex-0.75/lib/perl5/site_perl/5.32.0/Pegex/Compiler.pm
Installing /nix/store/zj8156pj3zvi2ik48gd319b9b23qx5lg-perl5.32.0-Pegex-0.75/lib/perl5/site_perl/5.32.0/Pegex/Syntax.pod
Installing /nix/store/zj8156pj3zvi2ik48gd319b9b23qx5lg-perl5.32.0-Pegex-0.75/lib/perl5/site_perl/5.32.0/Pegex/Regex.pod
Installing /nix/store/zj8156pj3zvi2ik48gd319b9b23qx5lg-perl5.32.0-Pegex-0.75/lib/perl5/site_perl/5.32.0/Pegex/Resources.pod
Installing /nix/store/zj8156pj3zvi2ik48gd319b9b23qx5lg-perl5.32.0-Pegex-0.75/lib/perl5/site_perl/5.32.0/Pegex/Overview.pod
Installing /nix/store/zj8156pj3zvi2ik48gd319b9b23qx5lg-perl5.32.0-Pegex-0.75/lib/perl5/site_perl/5.32.0/Pegex/Tutorial.pod
Installing /nix/store/zj8156pj3zvi2ik48gd319b9b23qx5lg-perl5.32.0-Pegex-0.75/lib/perl5/site_perl/5.32.0/Pegex/Receiver.pod
Installing /nix/store/zj8156pj3zvi2ik48gd319b9b23qx5lg-perl5.32.0-Pegex-0.75/lib/perl5/site_perl/5.32.0/Pegex/Tree.pm
Installing /nix/store/zj8156pj3zvi2ik48gd319b9b23qx5lg-perl5.32.0-Pegex-0.75/lib/perl5/site_perl/5.32.0/Pegex/Module.pm
Installing /nix/store/zj8156pj3zvi2ik48gd319b9b23qx5lg-perl5.32.0-Pegex-0.75/lib/perl5/site_perl/5.32.0/Pegex/API.pod
Installing /nix/store/zj8156pj3zvi2ik48gd319b9b23qx5lg-perl5.32.0-Pegex-0.75/lib/perl5/site_perl/5.32.0/Pegex/Parser.pod
Installing /nix/store/zj8156pj3zvi2ik48gd319b9b23qx5lg-perl5.32.0-Pegex-0.75/lib/perl5/site_perl/5.32.0/Pegex/Compiler.pod
Installing /nix/store/zj8156pj3zvi2ik48gd319b9b23qx5lg-perl5.32.0-Pegex-0.75/lib/perl5/site_perl/5.32.0/Pegex/Input.pm
Installing /nix/store/zj8156pj3zvi2ik48gd319b9b23qx5lg-perl5.32.0-Pegex-0.75/lib/perl5/site_perl/5.32.0/Pegex/Bootstrap.pod
Installing /nix/store/zj8156pj3zvi2ik48gd319b9b23qx5lg-perl5.32.0-Pegex-0.75/lib/perl5/site_perl/5.32.0/Pegex/Regex.pm
Installing /nix/store/zj8156pj3zvi2ik48gd319b9b23qx5lg-perl5.32.0-Pegex-0.75/lib/perl5/site_perl/5.32.0/Pegex/Tree.pod
Installing /nix/store/zj8156pj3zvi2ik48gd319b9b23qx5lg-perl5.32.0-Pegex-0.75/lib/perl5/site_perl/5.32.0/Pegex/Base.pm
Installing /nix/store/zj8156pj3zvi2ik48gd319b9b23qx5lg-perl5.32.0-Pegex-0.75/lib/perl5/site_perl/5.32.0/Pegex/Module.pod
Installing /nix/store/zj8156pj3zvi2ik48gd319b9b23qx5lg-perl5.32.0-Pegex-0.75/lib/perl5/site_perl/5.32.0/Pegex/Miscellany.pod
Installing /nix/store/zj8156pj3zvi2ik48gd319b9b23qx5lg-perl5.32.0-Pegex-0.75/lib/perl5/site_perl/5.32.0/Pegex/Grammar/Atoms.pm
Installing /nix/store/zj8156pj3zvi2ik48gd319b9b23qx5lg-perl5.32.0-Pegex-0.75/lib/perl5/site_perl/5.32.0/Pegex/Grammar/Atoms.pod
Installing /nix/store/zj8156pj3zvi2ik48gd319b9b23qx5lg-perl5.32.0-Pegex-0.75/lib/perl5/site_perl/5.32.0/Pegex/Parser/Indent.pm
Installing /nix/store/zj8156pj3zvi2ik48gd319b9b23qx5lg-perl5.32.0-Pegex-0.75/lib/perl5/site_perl/5.32.0/Pegex/Tutorial/Calculator.pod
Installing /nix/store/zj8156pj3zvi2ik48gd319b9b23qx5lg-perl5.32.0-Pegex-0.75/lib/perl5/site_perl/5.32.0/Pegex/Tutorial/JSON.pod
Installing /nix/store/zj8156pj3zvi2ik48gd319b9b23qx5lg-perl5.32.0-Pegex-0.75/lib/perl5/site_perl/5.32.0/Pegex/Pegex/Grammar.pod
Installing /nix/store/zj8156pj3zvi2ik48gd319b9b23qx5lg-perl5.32.0-Pegex-0.75/lib/perl5/site_perl/5.32.0/Pegex/Pegex/AST.pm
Installing /nix/store/zj8156pj3zvi2ik48gd319b9b23qx5lg-perl5.32.0-Pegex-0.75/lib/perl5/site_perl/5.32.0/Pegex/Pegex/Grammar.pm
Installing /nix/store/zj8156pj3zvi2ik48gd319b9b23qx5lg-perl5.32.0-Pegex-0.75/lib/perl5/site_perl/5.32.0/Pegex/Tree/Wrap.pod
Installing /nix/store/zj8156pj3zvi2ik48gd319b9b23qx5lg-perl5.32.0-Pegex-0.75/lib/perl5/site_perl/5.32.0/Pegex/Tree/Wrap.pm
Installing /nix/store/zj8156pj3zvi2ik48gd319b9b23qx5lg-perl5.32.0-Pegex-0.75/share/man/man3/Pegex::Compiler.3
Installing /nix/store/zj8156pj3zvi2ik48gd319b9b23qx5lg-perl5.32.0-Pegex-0.75/share/man/man3/Pegex::Tree.3
Installing /nix/store/zj8156pj3zvi2ik48gd319b9b23qx5lg-perl5.32.0-Pegex-0.75/share/man/man3/Pegex::Input.3
Installing /nix/store/zj8156pj3zvi2ik48gd319b9b23qx5lg-perl5.32.0-Pegex-0.75/share/man/man3/Pegex::Resources.3
Installing /nix/store/zj8156pj3zvi2ik48gd319b9b23qx5lg-perl5.32.0-Pegex-0.75/share/man/man3/Pegex::Miscellany.3
Installing /nix/store/zj8156pj3zvi2ik48gd319b9b23qx5lg-perl5.32.0-Pegex-0.75/share/man/man3/Pegex.3
Installing /nix/store/zj8156pj3zvi2ik48gd319b9b23qx5lg-perl5.32.0-Pegex-0.75/share/man/man3/Pegex::Pegex::Grammar.3
Installing /nix/store/zj8156pj3zvi2ik48gd319b9b23qx5lg-perl5.32.0-Pegex-0.75/share/man/man3/Pegex::Parser.3
Installing /nix/store/zj8156pj3zvi2ik48gd319b9b23qx5lg-perl5.32.0-Pegex-0.75/share/man/man3/Pegex::Bootstrap.3
Installing /nix/store/zj8156pj3zvi2ik48gd319b9b23qx5lg-perl5.32.0-Pegex-0.75/share/man/man3/Pegex::Tree::Wrap.3
Installing /nix/store/zj8156pj3zvi2ik48gd319b9b23qx5lg-perl5.32.0-Pegex-0.75/share/man/man3/Pegex::Regex.3
Installing /nix/store/zj8156pj3zvi2ik48gd319b9b23qx5lg-perl5.32.0-Pegex-0.75/share/man/man3/Pegex::API.3
Installing /nix/store/zj8156pj3zvi2ik48gd319b9b23qx5lg-perl5.32.0-Pegex-0.75/share/man/man3/Pegex::Grammar.3
Installing /nix/store/zj8156pj3zvi2ik48gd319b9b23qx5lg-perl5.32.0-Pegex-0.75/share/man/man3/Pegex::Module.3
Installing /nix/store/zj8156pj3zvi2ik48gd319b9b23qx5lg-perl5.32.0-Pegex-0.75/share/man/man3/Pegex::Syntax.3
Installing /nix/store/zj8156pj3zvi2ik48gd319b9b23qx5lg-perl5.32.0-Pegex-0.75/share/man/man3/Pegex::Tutorial.3
Installing /nix/store/zj8156pj3zvi2ik48gd319b9b23qx5lg-perl5.32.0-Pegex-0.75/share/man/man3/Pegex::Overview.3
Installing /nix/store/zj8156pj3zvi2ik48gd319b9b23qx5lg-perl5.32.0-Pegex-0.75/share/man/man3/Pegex::Tutorial::JSON.3
Installing /nix/store/zj8156pj3zvi2ik48gd319b9b23qx5lg-perl5.32.0-Pegex-0.75/share/man/man3/Pegex::Grammar::Atoms.3
Installing /nix/store/zj8156pj3zvi2ik48gd319b9b23qx5lg-perl5.32.0-Pegex-0.75/share/man/man3/Pegex::Tutorial::Calculator.3
Installing /nix/store/zj8156pj3zvi2ik48gd319b9b23qx5lg-perl5.32.0-Pegex-0.75/share/man/man3/Pegex::Receiver.3
Appending installation info to /nix/store/zj8156pj3zvi2ik48gd319b9b23qx5lg-perl5.32.0-Pegex-0.75/lib/perl5/5.32.0/x86_64-linux-thread-multi/perllocal.pod
post-installation fixup
Moving /nix/store/zj8156pj3zvi2ik48gd319b9b23qx5lg-perl5.32.0-Pegex-0.75/share/man/man3 to /nix/store/ly565xnijf3lbryk4r7r51gaw62varkn-perl5.32.0-Pegex-0.75-devdoc/share/man/man3
Removing empty /nix/store/zj8156pj3zvi2ik48gd319b9b23qx5lg-perl5.32.0-Pegex-0.75/share/man/ and (possibly) its parents
shrinking RPATHs of ELF executables and libraries in /nix/store/zj8156pj3zvi2ik48gd319b9b23qx5lg-perl5.32.0-Pegex-0.75
strip is /nix/store/psyzbhp4p088sb9qcs378hfbslcalasl-binutils-2.31.1/bin/strip
stripping (with command strip and flags -S) in /nix/store/zj8156pj3zvi2ik48gd319b9b23qx5lg-perl5.32.0-Pegex-0.75/lib
patching script interpreter paths in /nix/store/zj8156pj3zvi2ik48gd319b9b23qx5lg-perl5.32.0-Pegex-0.75
checking for references to /build/ in /nix/store/zj8156pj3zvi2ik48gd319b9b23qx5lg-perl5.32.0-Pegex-0.75...
shrinking RPATHs of ELF executables and libraries in /nix/store/ly565xnijf3lbryk4r7r51gaw62varkn-perl5.32.0-Pegex-0.75-devdoc
gzipping man pages under /nix/store/ly565xnijf3lbryk4r7r51gaw62varkn-perl5.32.0-Pegex-0.75-devdoc/share/man/
strip is /nix/store/psyzbhp4p088sb9qcs378hfbslcalasl-binutils-2.31.1/bin/strip
patching script interpreter paths in /nix/store/ly565xnijf3lbryk4r7r51gaw62varkn-perl5.32.0-Pegex-0.75-devdoc
checking for references to /build/ in /nix/store/ly565xnijf3lbryk4r7r51gaw62varkn-perl5.32.0-Pegex-0.75-devdoc...
building '/nix/store/8y5myi969rav5q8zwhyi03m1w532alcs-perl5.32.0-Inline-C-0.81.drv'...
unpacking sources
unpacking source archive /nix/store/50d1ph8h57niz20cds0nvq03va0zjbz9-Inline-C-0.81.tar.gz
source root is Inline-C-0.81
setting SOURCE_DATE_EPOCH to timestamp 1557571671 of file Inline-C-0.81/t/typemap
patching sources
configuring
patching ./t/author-pod-syntax.t...
Checking if your kit is complete...
Warning: the following files are missing in your kit:
        t/08taint.t
        t/28autowrap.t
Please inform the author.
Generating a Unix-style Makefile
Writing Makefile for Inline::C
Writing MYMETA.yml and MYMETA.json
no configure script, doing nothing
building
build flags: SHELL=/nix/store/9fqwwd4iybmhjqyxiaxycknslw6bgwh1-bash-4.4-p23/bin/bash
cp share/inline-c.pgx blib/lib/auto/share/dist/Inline-C/inline-c.pgx
cp lib/Inline/C/ParseRecDescent.pod blib/lib/Inline/C/ParseRecDescent.pod
cp lib/Inline/C/ParseRegExp.pod blib/lib/Inline/C/ParseRegExp.pod
cp lib/Inline/C/Parser/RecDescent.pm blib/lib/Inline/C/Parser/RecDescent.pm
cp lib/Inline/C/Parser.pm blib/lib/Inline/C/Parser.pm
cp lib/Inline/C.pm blib/lib/Inline/C.pm
cp lib/Inline/C/ParsePegex.pod blib/lib/Inline/C/ParsePegex.pod
cp lib/Inline/C/Cookbook.pod blib/lib/Inline/C/Cookbook.pod
cp lib/Inline/C/Parser/RegExp.pm blib/lib/Inline/C/Parser/RegExp.pm
cp lib/Inline/C.pod blib/lib/Inline/C.pod
cp lib/Inline/C/Parser/Pegex.pm blib/lib/Inline/C/Parser/Pegex.pm
cp lib/Inline/C/Parser/Pegex/Grammar.pm blib/lib/Inline/C/Parser/Pegex/Grammar.pm
cp lib/Inline/C/Parser/Pegex/AST.pm blib/lib/Inline/C/Parser/Pegex/AST.pm
Manifying 5 pod documents
running tests
check flags: SHELL=/nix/store/9fqwwd4iybmhjqyxiaxycknslw6bgwh1-bash-4.4-p23/bin/bash VERBOSE=y test
Skip blib/lib/auto/share/dist/Inline-C/inline-c.pgx (unchanged)
PERL_DL_NONLAZY=1 "/nix/store/7c044di03qa7qgr5kjjc2d787aspzp0m-perl-5.32.0/bin/perl" "-MExtUtils::Command::MM" "-MTest::Harness" "-e" "undef *Test::Harness::Switches; test_harness(0, 'blib/lib', 'blib/arch')" t/*.t
t/000-require-modules.t ............ ok
t/01syntax.t ....................... ok
t/02config.t ....................... ok
t/03typemap.t ...................... ok
t/04perlapi.t ...................... ok
t/05xsmode.t ....................... ok
t/06parseregexp.t .................. ok
t/07typemap_multi.t ................ ok
t/09parser.t ....................... This test could take a couple of minutes to run
t/09parser.t ....................... ok
t/10callback.t ..................... ok
t/11default_readonly.t ............. ok
t/14void_arg.t ..................... ok
t/14void_arg_PRD.t ................. ok
t/15ccflags.t ...................... ok
t/16ccflagsex.t .................... ok
t/17prehead.t ...................... ok
t/18quote_space.t .................. ok
t/19INC.t .......................... ok
t/20eval.t ......................... ok
t/21read_DATA.t .................... ok
t/22read_DATA_2.t .................. ok
t/23validate.t ..................... ok
t/24prefix.t ....................... ok
t/25proto.t ........................ ok
t/26fork.t ......................... ok
t/27inline_maker.t ................. Use of uninitialized value in numeric eq (==) at
        /nix/store/7c044di03qa7qgr5kjjc2d787aspzp0m-perl-5.32.0/lib/perl5/5.32.0/x86_64-linux-thread-multi/IO/Select.pm line 71 (#1)
    (W uninitialized) An undefined value was used as if it were already
    defined.  It was interpreted as a "" or a 0, but maybe it was a mistake.
    To suppress this warning assign a defined value to your variables.

    To help you figure out what was undefined, perl will try to tell you
    the name of the variable (if any) that was undefined.  In some cases
    it cannot do this, so it also tells you what operation you used the
    undefined value in.  Note, however, that perl optimizes your program
    and the operation displayed in the warning may not necessarily appear
    literally in your program.  For example, "that $foo" is usually
    optimized into "that " . $foo, and the warning will refer to the
    concatenation (.) operator, even though there is no . in
    your program.

t/27inline_maker.t ................. ok
t/29refargs.t ...................... ok
t/30cppflags.t ..................... ok
t/31include_dirs_angle_brackets.t .. ok
t/32include_dirs_double_quotes.t ... ok
t/33intended_double_quotes.t ....... ok
t/author-pod-syntax.t .............. skipped: these tests are for testing by the author
t/parse-pegex.t .................... ok
t/pegex-parser.t ................... skipped: $ENV{PERL_INLINE_DEVELOPER_TEST} not set
All tests successful.

Test Summary Report
-------------------
t/parse-pegex.t                  (Wstat: 0 Tests: 24 Failed: 0)
  TODO passed:   4, 7-9
Files=34, Tests=150, 56 wallclock secs ( 0.11 usr  0.03 sys + 44.79 cusr 11.69 csys = 56.62 CPU)
Result: PASS
installing
install flags: SHELL=/nix/store/9fqwwd4iybmhjqyxiaxycknslw6bgwh1-bash-4.4-p23/bin/bash pkgconfigdir=/nix/store/6radfgpj9jrp4zf1ysq6a88hd7i67nld-perl5.32.0-Inline-C-0.81/lib/pkgconfig m4datadir=/nix/store/6radfgpj9jrp4zf1ysq6a88hd7i67nld-perl5.32.0-Inline-C-0.81/share/aclocal aclocaldir=/nix/store/6radfgpj9jrp4zf1ysq6a88hd7i67nld-perl5.32.0-Inline-C-0.81/share/aclocal install
Skip blib/lib/auto/share/dist/Inline-C/inline-c.pgx (unchanged)
Manifying 5 pod documents
Installing /nix/store/6radfgpj9jrp4zf1ysq6a88hd7i67nld-perl5.32.0-Inline-C-0.81/lib/perl5/site_perl/5.32.0/auto/share/dist/Inline-C/inline-c.pgx
Installing /nix/store/6radfgpj9jrp4zf1ysq6a88hd7i67nld-perl5.32.0-Inline-C-0.81/lib/perl5/site_perl/5.32.0/Inline/C.pod
Installing /nix/store/6radfgpj9jrp4zf1ysq6a88hd7i67nld-perl5.32.0-Inline-C-0.81/lib/perl5/site_perl/5.32.0/Inline/C.pm
Installing /nix/store/6radfgpj9jrp4zf1ysq6a88hd7i67nld-perl5.32.0-Inline-C-0.81/lib/perl5/site_perl/5.32.0/Inline/C/ParsePegex.pod
Installing /nix/store/6radfgpj9jrp4zf1ysq6a88hd7i67nld-perl5.32.0-Inline-C-0.81/lib/perl5/site_perl/5.32.0/Inline/C/Parser.pm
Installing /nix/store/6radfgpj9jrp4zf1ysq6a88hd7i67nld-perl5.32.0-Inline-C-0.81/lib/perl5/site_perl/5.32.0/Inline/C/Cookbook.pod
Installing /nix/store/6radfgpj9jrp4zf1ysq6a88hd7i67nld-perl5.32.0-Inline-C-0.81/lib/perl5/site_perl/5.32.0/Inline/C/ParseRecDescent.pod
Installing /nix/store/6radfgpj9jrp4zf1ysq6a88hd7i67nld-perl5.32.0-Inline-C-0.81/lib/perl5/site_perl/5.32.0/Inline/C/ParseRegExp.pod
Installing /nix/store/6radfgpj9jrp4zf1ysq6a88hd7i67nld-perl5.32.0-Inline-C-0.81/lib/perl5/site_perl/5.32.0/Inline/C/Parser/Pegex.pm
Installing /nix/store/6radfgpj9jrp4zf1ysq6a88hd7i67nld-perl5.32.0-Inline-C-0.81/lib/perl5/site_perl/5.32.0/Inline/C/Parser/RegExp.pm
Installing /nix/store/6radfgpj9jrp4zf1ysq6a88hd7i67nld-perl5.32.0-Inline-C-0.81/lib/perl5/site_perl/5.32.0/Inline/C/Parser/RecDescent.pm
Installing /nix/store/6radfgpj9jrp4zf1ysq6a88hd7i67nld-perl5.32.0-Inline-C-0.81/lib/perl5/site_perl/5.32.0/Inline/C/Parser/Pegex/AST.pm
Installing /nix/store/6radfgpj9jrp4zf1ysq6a88hd7i67nld-perl5.32.0-Inline-C-0.81/lib/perl5/site_perl/5.32.0/Inline/C/Parser/Pegex/Grammar.pm
Installing /nix/store/6radfgpj9jrp4zf1ysq6a88hd7i67nld-perl5.32.0-Inline-C-0.81/share/man/man3/Inline::C::ParseRegExp.3
Installing /nix/store/6radfgpj9jrp4zf1ysq6a88hd7i67nld-perl5.32.0-Inline-C-0.81/share/man/man3/Inline::C.3
Installing /nix/store/6radfgpj9jrp4zf1ysq6a88hd7i67nld-perl5.32.0-Inline-C-0.81/share/man/man3/Inline::C::ParseRecDescent.3
Installing /nix/store/6radfgpj9jrp4zf1ysq6a88hd7i67nld-perl5.32.0-Inline-C-0.81/share/man/man3/Inline::C::Cookbook.3
Installing /nix/store/6radfgpj9jrp4zf1ysq6a88hd7i67nld-perl5.32.0-Inline-C-0.81/share/man/man3/Inline::C::ParsePegex.3
Appending installation info to /nix/store/6radfgpj9jrp4zf1ysq6a88hd7i67nld-perl5.32.0-Inline-C-0.81/lib/perl5/5.32.0/x86_64-linux-thread-multi/perllocal.pod
post-installation fixup
Moving /nix/store/6radfgpj9jrp4zf1ysq6a88hd7i67nld-perl5.32.0-Inline-C-0.81/share/man/man3 to /nix/store/w1jcxjw2rxbxc58mpxz2nrh9wix03gxq-perl5.32.0-Inline-C-0.81-devdoc/share/man/man3
Removing empty /nix/store/6radfgpj9jrp4zf1ysq6a88hd7i67nld-perl5.32.0-Inline-C-0.81/share/man/ and (possibly) its parents
shrinking RPATHs of ELF executables and libraries in /nix/store/6radfgpj9jrp4zf1ysq6a88hd7i67nld-perl5.32.0-Inline-C-0.81
strip is /nix/store/psyzbhp4p088sb9qcs378hfbslcalasl-binutils-2.31.1/bin/strip
stripping (with command strip and flags -S) in /nix/store/6radfgpj9jrp4zf1ysq6a88hd7i67nld-perl5.32.0-Inline-C-0.81/lib
patching script interpreter paths in /nix/store/6radfgpj9jrp4zf1ysq6a88hd7i67nld-perl5.32.0-Inline-C-0.81
checking for references to /build/ in /nix/store/6radfgpj9jrp4zf1ysq6a88hd7i67nld-perl5.32.0-Inline-C-0.81...
shrinking RPATHs of ELF executables and libraries in /nix/store/w1jcxjw2rxbxc58mpxz2nrh9wix03gxq-perl5.32.0-Inline-C-0.81-devdoc
gzipping man pages under /nix/store/w1jcxjw2rxbxc58mpxz2nrh9wix03gxq-perl5.32.0-Inline-C-0.81-devdoc/share/man/
strip is /nix/store/psyzbhp4p088sb9qcs378hfbslcalasl-binutils-2.31.1/bin/strip
patching script interpreter paths in /nix/store/w1jcxjw2rxbxc58mpxz2nrh9wix03gxq-perl5.32.0-Inline-C-0.81-devdoc
checking for references to /build/ in /nix/store/w1jcxjw2rxbxc58mpxz2nrh9wix03gxq-perl5.32.0-Inline-C-0.81-devdoc...
/nix/store/6radfgpj9jrp4zf1ysq6a88hd7i67nld-perl5.32.0-Inline-C-0.81
