these derivations will be built:
  /nix/store/vpb3ba9p64h5vswm0syx1l0j2540vjnv-perl5.32.0-IO-Multiplex-1.16.drv
building '/nix/store/vpb3ba9p64h5vswm0syx1l0j2540vjnv-perl5.32.0-IO-Multiplex-1.16.drv'...
unpacking sources
unpacking source archive /nix/store/8294lrimr1maq3yb5czpif6jd3p5l4m0-IO-Multiplex-1.16.tar.gz
source root is IO-Multiplex-1.16
setting SOURCE_DATE_EPOCH to timestamp 1428615549 of file IO-Multiplex-1.16/META.yml
patching sources
configuring
patching ./contrib/portfw...
Checking if your kit is complete...
Looks good
Generating a Unix-style Makefile
Writing Makefile for IO::Multiplex
Writing MYMETA.yml and MYMETA.json
no configure script, doing nothing
building
build flags: SHELL=/nix/store/9fqwwd4iybmhjqyxiaxycknslw6bgwh1-bash-4.4-p23/bin/bash
cp lib/IO/Multiplex.pm blib/lib/IO/Multiplex.pm
Manifying 1 pod document
running tests
check flags: SHELL=/nix/store/9fqwwd4iybmhjqyxiaxycknslw6bgwh1-bash-4.4-p23/bin/bash VERBOSE=y test
PERL_DL_NONLAZY=1 "/nix/store/7c044di03qa7qgr5kjjc2d787aspzp0m-perl-5.32.0/bin/perl" "-MExtUtils::Command::MM" "-MTest::Harness" "-e" "undef *Test::Harness::Switches; test_harness(0, 'blib/lib', 'blib/arch')" t/*.t
t/100_load.t ... ok
t/110_ntest.t .. ok
t/110_test.t ... ok
t/200_udp.t .... ok
All tests successful.
Files=4, Tests=32, 15 wallclock secs ( 0.02 usr  0.00 sys +  0.10 cusr  0.01 csys =  0.13 CPU)
Result: PASS
installing
install flags: SHELL=/nix/store/9fqwwd4iybmhjqyxiaxycknslw6bgwh1-bash-4.4-p23/bin/bash pkgconfigdir=/nix/store/yw3379s8n2v0c0akhqj3d9bxl1vgmvd4-perl5.32.0-IO-Multiplex-1.16/lib/pkgconfig m4datadir=/nix/store/yw3379s8n2v0c0akhqj3d9bxl1vgmvd4-perl5.32.0-IO-Multiplex-1.16/share/aclocal aclocaldir=/nix/store/yw3379s8n2v0c0akhqj3d9bxl1vgmvd4-perl5.32.0-IO-Multiplex-1.16/share/aclocal install
Manifying 1 pod document
Installing /nix/store/yw3379s8n2v0c0akhqj3d9bxl1vgmvd4-perl5.32.0-IO-Multiplex-1.16/lib/perl5/site_perl/5.32.0/IO/Multiplex.pm
Installing /nix/store/yw3379s8n2v0c0akhqj3d9bxl1vgmvd4-perl5.32.0-IO-Multiplex-1.16/share/man/man3/IO::Multiplex.3
Appending installation info to /nix/store/yw3379s8n2v0c0akhqj3d9bxl1vgmvd4-perl5.32.0-IO-Multiplex-1.16/lib/perl5/5.32.0/x86_64-linux-thread-multi/perllocal.pod
post-installation fixup
Moving /nix/store/yw3379s8n2v0c0akhqj3d9bxl1vgmvd4-perl5.32.0-IO-Multiplex-1.16/share/man/man3 to /nix/store/zyh4sl5kxdpabzhpsj4ysn867dg8iggc-perl5.32.0-IO-Multiplex-1.16-devdoc/share/man/man3
Removing empty /nix/store/yw3379s8n2v0c0akhqj3d9bxl1vgmvd4-perl5.32.0-IO-Multiplex-1.16/share/man/ and (possibly) its parents
shrinking RPATHs of ELF executables and libraries in /nix/store/yw3379s8n2v0c0akhqj3d9bxl1vgmvd4-perl5.32.0-IO-Multiplex-1.16
strip is /nix/store/psyzbhp4p088sb9qcs378hfbslcalasl-binutils-2.31.1/bin/strip
stripping (with command strip and flags -S) in /nix/store/yw3379s8n2v0c0akhqj3d9bxl1vgmvd4-perl5.32.0-IO-Multiplex-1.16/lib
patching script interpreter paths in /nix/store/yw3379s8n2v0c0akhqj3d9bxl1vgmvd4-perl5.32.0-IO-Multiplex-1.16
checking for references to /build/ in /nix/store/yw3379s8n2v0c0akhqj3d9bxl1vgmvd4-perl5.32.0-IO-Multiplex-1.16...
shrinking RPATHs of ELF executables and libraries in /nix/store/zyh4sl5kxdpabzhpsj4ysn867dg8iggc-perl5.32.0-IO-Multiplex-1.16-devdoc
gzipping man pages under /nix/store/zyh4sl5kxdpabzhpsj4ysn867dg8iggc-perl5.32.0-IO-Multiplex-1.16-devdoc/share/man/
strip is /nix/store/psyzbhp4p088sb9qcs378hfbslcalasl-binutils-2.31.1/bin/strip
patching script interpreter paths in /nix/store/zyh4sl5kxdpabzhpsj4ysn867dg8iggc-perl5.32.0-IO-Multiplex-1.16-devdoc
checking for references to /build/ in /nix/store/zyh4sl5kxdpabzhpsj4ysn867dg8iggc-perl5.32.0-IO-Multiplex-1.16-devdoc...
/nix/store/yw3379s8n2v0c0akhqj3d9bxl1vgmvd4-perl5.32.0-IO-Multiplex-1.16
