these derivations will be built:
  /nix/store/g7816m8iikn13czvcp2a9pilamn0j5s7-perl5.32.0-Linux-DesktopFiles-0.25.drv
these paths will be fetched (0.01 MiB download, 0.01 MiB unpacked):
  /nix/store/hzkd10q3xm54a7dax6zw6avfddgp5slz-Linux-DesktopFiles-0.25.tar.gz
copying path '/nix/store/hzkd10q3xm54a7dax6zw6avfddgp5slz-Linux-DesktopFiles-0.25.tar.gz' from 'https://cache.nixos.org'...
building '/nix/store/g7816m8iikn13czvcp2a9pilamn0j5s7-perl5.32.0-Linux-DesktopFiles-0.25.drv'...
unpacking sources
unpacking source archive /nix/store/hzkd10q3xm54a7dax6zw6avfddgp5slz-Linux-DesktopFiles-0.25.tar.gz
source root is Linux-DesktopFiles-0.25
setting SOURCE_DATE_EPOCH to timestamp 1508659049 of file Linux-DesktopFiles-0.25/t/pod.t
patching sources
configuring
patching ./t/pod-coverage.t...
patching ./t/pod.t...
patching ./t/Linux-DesktopFiles.t...
patching ./Build.PL...
Checking if your kit is complete...
Looks good
Generating a Unix-style Makefile
Writing Makefile for Linux::DesktopFiles
Writing MYMETA.yml and MYMETA.json
no configure script, doing nothing
building
Created MYMETA.yml and MYMETA.json
Creating new 'Build' script for 'Linux-DesktopFiles' version '0.25'
Building Linux-DesktopFiles
running tests
t/Linux-DesktopFiles.t .. ok
t/pod-coverage.t ........ skipped: Test::Pod::Coverage 1.08 required for testing POD coverage
t/pod.t ................. skipped: Test::Pod 1.22 required for testing POD
All tests successful.
Files=3, Tests=12,  1 wallclock secs ( 0.02 usr  0.00 sys +  0.15 cusr  0.03 csys =  0.20 CPU)
Result: PASS
installing
Building Linux-DesktopFiles
Installing /nix/store/0f5f35fn8nm0x9b7pxj9rnd7gw54yhdx-perl5.32.0-Linux-DesktopFiles-0.25/lib/perl5/site_perl/5.32.0/Linux/DesktopFiles.pm
Installing /nix/store/0f5f35fn8nm0x9b7pxj9rnd7gw54yhdx-perl5.32.0-Linux-DesktopFiles-0.25/share/man/man3/Linux::DesktopFiles.3
post-installation fixup
Moving /nix/store/0f5f35fn8nm0x9b7pxj9rnd7gw54yhdx-perl5.32.0-Linux-DesktopFiles-0.25/share/man/man3 to /nix/store/gfhfzdvr8psa10nmnpc5v0y3fi7n1nzb-perl5.32.0-Linux-DesktopFiles-0.25-devdoc/share/man/man3
Removing empty /nix/store/0f5f35fn8nm0x9b7pxj9rnd7gw54yhdx-perl5.32.0-Linux-DesktopFiles-0.25/share/man/ and (possibly) its parents
shrinking RPATHs of ELF executables and libraries in /nix/store/0f5f35fn8nm0x9b7pxj9rnd7gw54yhdx-perl5.32.0-Linux-DesktopFiles-0.25
strip is /nix/store/psyzbhp4p088sb9qcs378hfbslcalasl-binutils-2.31.1/bin/strip
stripping (with command strip and flags -S) in /nix/store/0f5f35fn8nm0x9b7pxj9rnd7gw54yhdx-perl5.32.0-Linux-DesktopFiles-0.25/lib
patching script interpreter paths in /nix/store/0f5f35fn8nm0x9b7pxj9rnd7gw54yhdx-perl5.32.0-Linux-DesktopFiles-0.25
checking for references to /build/ in /nix/store/0f5f35fn8nm0x9b7pxj9rnd7gw54yhdx-perl5.32.0-Linux-DesktopFiles-0.25...
shrinking RPATHs of ELF executables and libraries in /nix/store/gfhfzdvr8psa10nmnpc5v0y3fi7n1nzb-perl5.32.0-Linux-DesktopFiles-0.25-devdoc
gzipping man pages under /nix/store/gfhfzdvr8psa10nmnpc5v0y3fi7n1nzb-perl5.32.0-Linux-DesktopFiles-0.25-devdoc/share/man/
strip is /nix/store/psyzbhp4p088sb9qcs378hfbslcalasl-binutils-2.31.1/bin/strip
patching script interpreter paths in /nix/store/gfhfzdvr8psa10nmnpc5v0y3fi7n1nzb-perl5.32.0-Linux-DesktopFiles-0.25-devdoc
checking for references to /build/ in /nix/store/gfhfzdvr8psa10nmnpc5v0y3fi7n1nzb-perl5.32.0-Linux-DesktopFiles-0.25-devdoc...
/nix/store/0f5f35fn8nm0x9b7pxj9rnd7gw54yhdx-perl5.32.0-Linux-DesktopFiles-0.25
