these derivations will be built:
  /nix/store/gsybs105vjcrfwy2gi39wsvw76y53vza-perl5.32.0-constant-defer-6.drv
  /nix/store/zvb6cr6j3ypa6i6kpdmg6kp3r82hkjlr-perl5.32.0-Number-Fraction-2.01.drv
  /nix/store/w9nc91fymwa396yvfzcb89zbps2npwij-perl5.32.0-Math-PlanePath-127.drv
these paths will be fetched (1.36 MiB download, 1.36 MiB unpacked):
  /nix/store/pxh43j1dp03g9byysw2jlwnjn9vaa7sk-constant-defer-6.tar.gz
  /nix/store/sb9rarzm59p8yfprpy122zpr5s91phig-Math-PlanePath-127.tar.gz
  /nix/store/vh0s1h3abbqar3q6jw556lgayp6235w8-Number-Fraction-2.01.tar.gz
copying path '/nix/store/sb9rarzm59p8yfprpy122zpr5s91phig-Math-PlanePath-127.tar.gz' from 'https://cache.nixos.org'...
copying path '/nix/store/pxh43j1dp03g9byysw2jlwnjn9vaa7sk-constant-defer-6.tar.gz' from 'https://cache.nixos.org'...
copying path '/nix/store/vh0s1h3abbqar3q6jw556lgayp6235w8-Number-Fraction-2.01.tar.gz' from 'https://cache.nixos.org'...
building '/nix/store/zvb6cr6j3ypa6i6kpdmg6kp3r82hkjlr-perl5.32.0-Number-Fraction-2.01.drv'...
building '/nix/store/gsybs105vjcrfwy2gi39wsvw76y53vza-perl5.32.0-constant-defer-6.drv'...
unpacking sources
unpacking source archive /nix/store/pxh43j1dp03g9byysw2jlwnjn9vaa7sk-constant-defer-6.tar.gz
unpacking sources
unpacking source archive /nix/store/vh0s1h3abbqar3q6jw556lgayp6235w8-Number-Fraction-2.01.tar.gz
source root is constant-defer-6
source root is Number-Fraction-2.01
setting SOURCE_DATE_EPOCH to timestamp 1424417740 of file constant-defer-6/SIGNATURE
patching sources
setting SOURCE_DATE_EPOCH to timestamp 1520416384 of file Number-Fraction-2.01/t/14_abs.t
configuring
patching sources
configuring
patching ./inc/my_pod2html...
patching ./xtools/my-deb.sh...
patching ./xtools/my-check-copyright-years.sh...
patching ./xtools/my-check-spelling.sh...
patching ./debian/rules...
patching ./xt/0-META-read.t...
patching ./xt/0-Test-YAML-Meta.t...
patching ./xt/0-Test-Synopsis.t...
patching ./xt/0-examples-xrefs.t...
patching ./xt/0-Test-DistManifest.t...
patching ./xt/0-no-debug-left-on.t...
patching ./xt/0-file-is-part-of.t...
patching ./xt/0-Test-Pod.t...
patching ./xt/0-Test-ConsistentVersion.t...
patching ./examples/instance.pl...
patching ./examples/simple.pl...
patching ./MANIFEST.SKIP...
patching ./t/constant-defer.t...
patching ./devel/import.pl...
patching ./devel/name.pl...
patching ./devel/walk.pl...
patching ./devel/circular.pl...
patching ./devel/constant-lexical.pl...
patching ./devel/Memoize/t-memoize-toconst.pl...
patching ./devel/Memoize/t-memoize-toconst-2.pl...
patching ./devel/Memoize/ToConstant.t...
patching ./devel/package-constants.pl...
patching ./devel/run.pl...
patching ./Makefile.PL...
Checking if your kit is complete...
Checking if your kit is complete...
Looks good
Looks good
Generating a Unix-style Makefile
Writing Makefile for constant::defer
Generating a Unix-style Makefile
Writing Makefile for Number::Fraction
Writing MYMETA.yml and MYMETA.json
Writing MYMETA.yml and MYMETA.json
no configure script, doing nothing
building
build flags: SHELL=/nix/store/9fqwwd4iybmhjqyxiaxycknslw6bgwh1-bash-4.4-p23/bin/bash
no configure script, doing nothing
building
cp lib/constant/defer.pm blib/lib/constant/defer.pm
Created MYMETA.yml and MYMETA.json
Creating new 'Build' script for 'Number-Fraction' version '2.01'
Manifying 1 pod document
running tests
check flags: SHELL=/nix/store/9fqwwd4iybmhjqyxiaxycknslw6bgwh1-bash-4.4-p23/bin/bash VERBOSE=y test
PERL_DL_NONLAZY=1 "/nix/store/7c044di03qa7qgr5kjjc2d787aspzp0m-perl-5.32.0/bin/perl" "-MExtUtils::Command::MM" "-MTest::Harness" "-e" "undef *Test::Harness::Switches; test_harness(0, 'blib/lib', 'blib/arch')" t/*.t
Building Number-Fraction
t/constant-defer.t .. 1/49 # DEBUG_LAST_RUNNER not enabled in defer.pm
t/constant-defer.t .. ok
All tests successful.
Files=1, Tests=49,  0 wallclock secs ( 0.01 usr  0.00 sys +  0.01 cusr  0.00 csys =  0.02 CPU)
Result: PASS
installing
install flags: SHELL=/nix/store/9fqwwd4iybmhjqyxiaxycknslw6bgwh1-bash-4.4-p23/bin/bash pkgconfigdir=/nix/store/gw760gpk0d0pil4ghs4mw12jdm7dqxn4-perl5.32.0-constant-defer-6/lib/pkgconfig m4datadir=/nix/store/gw760gpk0d0pil4ghs4mw12jdm7dqxn4-perl5.32.0-constant-defer-6/share/aclocal aclocaldir=/nix/store/gw760gpk0d0pil4ghs4mw12jdm7dqxn4-perl5.32.0-constant-defer-6/share/aclocal install
running tests
Manifying 1 pod document
Installing /nix/store/gw760gpk0d0pil4ghs4mw12jdm7dqxn4-perl5.32.0-constant-defer-6/lib/perl5/site_perl/5.32.0/constant/defer.pm
Installing /nix/store/gw760gpk0d0pil4ghs4mw12jdm7dqxn4-perl5.32.0-constant-defer-6/share/man/man3/constant::defer.3
Appending installation info to /nix/store/gw760gpk0d0pil4ghs4mw12jdm7dqxn4-perl5.32.0-constant-defer-6/lib/perl5/5.32.0/x86_64-linux-thread-multi/perllocal.pod
post-installation fixup
Moving /nix/store/gw760gpk0d0pil4ghs4mw12jdm7dqxn4-perl5.32.0-constant-defer-6/share/man/man3 to /nix/store/61vdnvdnkfn0idsfqgcs7gl80y4mkd3i-perl5.32.0-constant-defer-6-devdoc/share/man/man3
Removing empty /nix/store/gw760gpk0d0pil4ghs4mw12jdm7dqxn4-perl5.32.0-constant-defer-6/share/man/ and (possibly) its parents
shrinking RPATHs of ELF executables and libraries in /nix/store/gw760gpk0d0pil4ghs4mw12jdm7dqxn4-perl5.32.0-constant-defer-6
strip is /nix/store/psyzbhp4p088sb9qcs378hfbslcalasl-binutils-2.31.1/bin/strip
stripping (with command strip and flags -S) in /nix/store/gw760gpk0d0pil4ghs4mw12jdm7dqxn4-perl5.32.0-constant-defer-6/lib
patching script interpreter paths in /nix/store/gw760gpk0d0pil4ghs4mw12jdm7dqxn4-perl5.32.0-constant-defer-6
checking for references to /build/ in /nix/store/gw760gpk0d0pil4ghs4mw12jdm7dqxn4-perl5.32.0-constant-defer-6...
shrinking RPATHs of ELF executables and libraries in /nix/store/61vdnvdnkfn0idsfqgcs7gl80y4mkd3i-perl5.32.0-constant-defer-6-devdoc
gzipping man pages under /nix/store/61vdnvdnkfn0idsfqgcs7gl80y4mkd3i-perl5.32.0-constant-defer-6-devdoc/share/man/
strip is /nix/store/psyzbhp4p088sb9qcs378hfbslcalasl-binutils-2.31.1/bin/strip
patching script interpreter paths in /nix/store/61vdnvdnkfn0idsfqgcs7gl80y4mkd3i-perl5.32.0-constant-defer-6-devdoc
checking for references to /build/ in /nix/store/61vdnvdnkfn0idsfqgcs7gl80y4mkd3i-perl5.32.0-constant-defer-6-devdoc...
t/01_load.t .......... ok
t/02_create.t ........ ok
t/03_create.t ........ ok
t/04_add.t ........... ok
t/05_subtract.t ...... ok
t/06_multiply.t ...... ok
t/07_divide.t ........ ok
t/08_compare.t ....... ok
t/09_neg.t ........... ok
t/10_pod.t ........... skipped: Test::Pod 1.00 required for testing POD
t/11_pod_coverage.t .. skipped: Test::Pod::Coverage 1.00 required for testing POD coverage
t/12_invalid.t ....... ok
t/13_exp.t ........... ok
t/14_abs.t ........... ok
All tests successful.
Files=14, Tests=159,  4 wallclock secs ( 0.07 usr  0.02 sys +  2.64 cusr  1.11 csys =  3.84 CPU)
Result: PASS
installing
Building Number-Fraction
Installing /nix/store/xc6kpsk30m01kdxpk3yw6b6krkyyy3yi-perl5.32.0-Number-Fraction-2.01/lib/perl5/site_perl/5.32.0/Number/Fraction.pm
Installing /nix/store/xc6kpsk30m01kdxpk3yw6b6krkyyy3yi-perl5.32.0-Number-Fraction-2.01/share/man/man3/Number::Fraction.3
post-installation fixup
Moving /nix/store/xc6kpsk30m01kdxpk3yw6b6krkyyy3yi-perl5.32.0-Number-Fraction-2.01/share/man/man3 to /nix/store/3laxnys9dsx9ma6yrjsfw9wyp9sv1nf3-perl5.32.0-Number-Fraction-2.01-devdoc/share/man/man3
Removing empty /nix/store/xc6kpsk30m01kdxpk3yw6b6krkyyy3yi-perl5.32.0-Number-Fraction-2.01/share/man/ and (possibly) its parents
shrinking RPATHs of ELF executables and libraries in /nix/store/xc6kpsk30m01kdxpk3yw6b6krkyyy3yi-perl5.32.0-Number-Fraction-2.01
strip is /nix/store/psyzbhp4p088sb9qcs378hfbslcalasl-binutils-2.31.1/bin/strip
stripping (with command strip and flags -S) in /nix/store/xc6kpsk30m01kdxpk3yw6b6krkyyy3yi-perl5.32.0-Number-Fraction-2.01/lib
patching script interpreter paths in /nix/store/xc6kpsk30m01kdxpk3yw6b6krkyyy3yi-perl5.32.0-Number-Fraction-2.01
checking for references to /build/ in /nix/store/xc6kpsk30m01kdxpk3yw6b6krkyyy3yi-perl5.32.0-Number-Fraction-2.01...
shrinking RPATHs of ELF executables and libraries in /nix/store/3laxnys9dsx9ma6yrjsfw9wyp9sv1nf3-perl5.32.0-Number-Fraction-2.01-devdoc
gzipping man pages under /nix/store/3laxnys9dsx9ma6yrjsfw9wyp9sv1nf3-perl5.32.0-Number-Fraction-2.01-devdoc/share/man/
strip is /nix/store/psyzbhp4p088sb9qcs378hfbslcalasl-binutils-2.31.1/bin/strip
patching script interpreter paths in /nix/store/3laxnys9dsx9ma6yrjsfw9wyp9sv1nf3-perl5.32.0-Number-Fraction-2.01-devdoc
checking for references to /build/ in /nix/store/3laxnys9dsx9ma6yrjsfw9wyp9sv1nf3-perl5.32.0-Number-Fraction-2.01-devdoc...
building '/nix/store/w9nc91fymwa396yvfzcb89zbps2npwij-perl5.32.0-Math-PlanePath-127.drv'...
unpacking sources
unpacking source archive /nix/store/sb9rarzm59p8yfprpy122zpr5s91phig-Math-PlanePath-127.tar.gz
source root is Math-PlanePath-127
setting SOURCE_DATE_EPOCH to timestamp 1566012751 of file Math-PlanePath-127/SIGNATURE
patching sources
configuring
patching ./xtools/my-kwalitee.sh...
patching ./xtools/my-deb.sh...
patching ./xtools/my-check-copyright-years.sh...
patching ./xtools/my-wunused.sh...
patching ./xtools/my-tags.sh...
patching ./xtools/my-pc.sh...
patching ./xtools/my-manifest.sh...
patching ./xtools/my-check-spelling.sh...
patching ./xtools/my-diff-prev.sh...
patching ./debian/rules...
patching ./xt/0-META-read.t...
patching ./xt/GrayCode-oseq.t...
patching ./xt/oeis-duplicate.t...
patching ./xt/pod-lists.t...
patching ./xt/0-Test-YAML-Meta.t...
patching ./xt/0-Test-Synopsis.t...
patching ./xt/HIndexing-more.t...
patching ./xt/PlanePath-subclasses.t...
patching ./xt/0-examples-xrefs.t...
patching ./xt/ChanTree-slow.t...
patching ./xt/oeis-xrefs.t...
patching ./xt/0-no-debug-left-on.t...
patching ./xt/bigrat.t...
patching ./xt/0-file-is-part-of.t...
patching ./xt/KochCurve-more.t...
patching ./xt/PixelRings-image.t...
patching ./xt/0-Test-Pod.t...
patching ./xt/DragonCurve-more.t...
patching ./xt/0-Test-ConsistentVersion.t...
patching ./xt/oeis/DragonCurve-oeis.t...
patching ./xt/oeis/PeanoCurve-oeis.t...
patching ./xt/oeis/ZOrderCurve-oeis.t...
patching ./xt/oeis/Staircase-oeis.t...
patching ./xt/oeis/PythagoreanTree-oeis.t...
patching ./xt/oeis/CellularRule54-oeis.t...
patching ./xt/oeis/UlamWarburtonQuarter-oeis.t...
patching ./xt/oeis/LTiling-oeis.t...
patching ./xt/oeis/FibonacciWordFractal-oeis.t...
patching ./xt/oeis/KochCurve-oeis.t...
patching ./xt/oeis/CellularRule-oeis.t...
patching ./xt/oeis/HeptSpiralSkewed-oeis.t...
patching ./xt/oeis/WythoffPreliminaryTriangle-oeis.t...
patching ./xt/oeis/KnightSpiral-oeis.t...
patching ./xt/oeis/Hypot-oeis.t...
patching ./xt/oeis/Flowsnake-oeis.t...
patching ./xt/oeis/ComplexPlus-oeis.t...
patching ./xt/oeis/DiagonalsOctant-oeis.t...
patching ./xt/oeis/CCurve-oeis.t...
patching ./xt/oeis/HexSpiral-oeis.t...
patching ./xt/oeis/GcdRationals-oeis.t...
patching ./xt/oeis/RationalsTree-oeis.t...
patching ./xt/oeis/SierpinskiTriangle-oeis.t...
patching ./xt/oeis/FractionsTree-oeis.t...
patching ./xt/oeis/ImaginaryBase-oeis.t...
patching ./xt/oeis/UlamWarburton-oeis.t...
patching ./xt/oeis/GosperSide-oeis.t...
patching ./xt/oeis/MultipleRings-oeis.t...
patching ./xt/oeis/GrayCode-oeis.t...
patching ./xt/oeis/DiagonalsAlternating-oeis.t...
patching ./xt/oeis/WythoffArray-oeis.t...
patching ./xt/oeis/FilledRings-oeis.t...
patching ./xt/oeis/NumSeq-PlanePath-oeis.t...
patching ./xt/oeis/AlternatePaper-oeis.t...
patching ./xt/oeis/DiamondSpiral-oeis.t...
patching ./xt/oeis/PyramidSpiral-oeis.t...
patching ./xt/oeis/AlternatePaperMidpoint-oeis.t...
patching ./xt/oeis/SierpinskiCurve-oeis.t...
patching ./xt/oeis/CornerReplicate-oeis.t...
patching ./xt/oeis/DragonMidpoint-oeis.t...
patching ./xt/oeis/SierpinskiArrowhead-oeis.t...
patching ./xt/oeis/HilbertSides-oeis.t...
patching ./xt/oeis/HypotOctant-oeis.t...
patching ./xt/oeis/R5DragonCurve-oeis.t...
patching ./xt/oeis/TriangleSpiral-oeis.t...
patching ./xt/oeis/PowerArray-oeis.t...
patching ./xt/oeis/KochSnowflakes-oeis.t...
patching ./xt/oeis/OctagramSpiral-oeis.t...
patching ./xt/oeis/TheodorusSpiral-oeis.t...
patching ./xt/oeis/AlternateTerdragon-oeis.t...
patching ./xt/oeis/DivisibleColumns-oeis.t...
patching ./xt/oeis/Diagonals-oeis.t...
patching ./xt/oeis/AnvilSpiral-oeis.t...
patching ./xt/oeis/DiagonalRationals-oeis.t...
patching ./xt/oeis/DigitGroups-oeis.t...
patching ./xt/oeis/CoprimeColumns-oeis.t...
patching ./xt/oeis/ComplexMinus-oeis.t...
patching ./xt/oeis/CfracDigits-oeis.t...
patching ./xt/oeis/FactorRationals-oeis.t...
patching ./xt/oeis/TriangularHypot-oeis.t...
patching ./xt/oeis/PyramidRows-oeis.t...
patching ./xt/oeis/SquareSpiral-oeis.t...
patching ./xt/oeis/Corner-oeis.t...
patching ./xt/oeis/PentSpiralSkewed-oeis.t...
patching ./xt/oeis/HIndexing-oeis.t...
patching ./xt/oeis/PyramidSides-oeis.t...
patching ./xt/oeis/QuintetCentres-oeis.t...
patching ./xt/oeis/HilbertCurve-oeis.t...
patching ./xt/oeis/TriangleSpiralSkewed-oeis.t...
patching ./xt/oeis/MPeaks-oeis.t...
patching ./xt/oeis/TerdragonCurve-oeis.t...
patching ./xt/oeis/PentSpiral-oeis.t...
patching ./xt/oeis/CellularRule190-oeis.t...
patching ./xt/oeis/QuadricCurve-oeis.t...
patching ./xt/slow/NumSeq-PlanePathCoord.t...
patching ./xt/slow/ComplexMinus-slow.t...
patching ./xt/slow/R5DragonCurve-slow.t...
patching ./xt/slow/CellularRule-slow.t...
patching ./xt/slow/HilbertCurve-slow.t...
patching ./xt/slow/CCurve-slow.t...
patching ./xt/slow/GcdRationals-slow.t...
patching ./xt/slow/TerdragonCurve-slow.t...
patching ./xt/slow/DragonCurve-slow.t...
patching ./xt/slow/AlternatePaper-slow.t...
patching ./examples/ulam-spiral-xpm.pl...
patching ./examples/koch-svg.pl...
patching ./examples/square-numbers.pl...
patching ./examples/hilbert-path.pl...
patching ./examples/cretan-walls.pl...
patching ./examples/c-curve-wx.pl...
patching ./examples/other/dragon-curve.logo...
patching ./examples/other/sierpinski-triangle-text.gnuplot...
patching ./examples/other/fibonacci-word-fractal.logo...
patching ./examples/other/sierpinski-triangle-text.logo...
patching ./examples/other/sierpinski-triangle-replicate.gnuplot...
patching ./examples/other/sierpinski-triangle-bitand.gnuplot...
patching ./examples/other/dragon-curve.gnuplot...
patching ./examples/hilbert-oeis.pl...
patching ./examples/cellular-rules.pl...
patching ./examples/rationals-tree.pl...
patching ./examples/knights-oeis.pl...
patching ./examples/sacks-xpm.pl...
patching ./examples/numbers.pl...
patching ./MANIFEST.SKIP...
patching ./t/HypotOctant.t...
patching ./t/bigint-lite.t...
patching ./t/Base-Digits.t...
patching ./t/QuintetReplicate.t...
patching ./t/SierpinskiTriangle.t...
patching ./t/GosperSide.t...
patching ./t/UlamWarburton.t...
patching ./t/QuadricIslands.t...
patching ./t/Staircase.t...
patching ./t/DivisibleColumns.t...
patching ./t/RationalsTree.t...
patching ./t/HexSpiralSkewed.t...
patching ./t/AlternatePaperMidpoint.t...
patching ./t/QuintetCentres.t...
patching ./t/PyramidRows.t...
patching ./t/LTiling.t...
patching ./t/TriangularHypot.t...
patching ./t/DiamondSpiral.t...
patching ./t/DigitGroups.t...
patching ./t/KochSquareflakes.t...
patching ./t/NumSeq-PlanePathTurn.t...
patching ./t/GosperIslands.t...
patching ./t/CoprimeColumns.t...
patching ./t/TerdragonCurve.t...
patching ./t/Rows-load.t...
patching ./t/HIndexing.t...
patching ./t/DragonMidpoint.t...
patching ./t/ImaginaryBase.t...
patching ./t/NumSeq-PlanePathCoord.t...
patching ./t/GcdRationals.t...
patching ./t/CellularRule.t...
patching ./t/GrayCode.t...
patching ./t/ChanTree.t...
patching ./t/ZOrderCurve.t...
patching ./t/FilledRings.t...
patching ./t/PythagoreanTree.t...
patching ./t/FibonacciWordFractal.t...
patching ./t/HilbertCurve.t...
patching ./t/HexSpiral.t...
patching ./t/AlternateTerdragon.t...
patching ./t/UlamWarburtonQuarter.t...
patching ./t/MultipleRings.t...
patching ./t/KochCurve.t...
patching ./t/CornerReplicate.t...
patching ./t/PlanePath.t...
patching ./t/CellularRule190.t...
patching ./t/SacksSpiral.t...
patching ./t/QuintetCurve.t...
patching ./t/number-fraction.t...
patching ./t/KochPeaks.t...
patching ./t/ComplexMinus.t...
patching ./t/ImaginaryHalf.t...
patching ./t/SierpinskiArrowhead.t...
patching ./t/NumSeq-PlanePathDelta.t...
patching ./t/Columns.t...
patching ./t/GosperReplicate.t...
patching ./t/PixelRings.t...
patching ./t/HexSpiralSkewed-unskew.t...
patching ./t/Base-Generic.t...
patching ./t/Flowsnake.t...
patching ./t/AnvilSpiral.t...
patching ./t/FlowsnakeCentres.t...
patching ./t/PeanoCurve.t...
patching ./t/CfracDigits.t...
patching ./t/VogelFloret.t...
patching ./t/BetaOmeta.t...
patching ./t/Columns-load.t...
patching ./t/HexSpiral-load.t...
patching ./t/TerdragonMidpoint.t...
patching ./t/KochelCurve.t...
patching ./t/HexArms.t...
patching ./t/Hypot.t...
patching ./t/WythoffArray.t...
patching ./t/CCurve.t...
patching ./t/CincoCurve.t...
patching ./t/SierpinskiArrowheadCentres.t...
patching ./t/Diagonals.t...
patching ./t/bigint.t...
patching ./t/KochSnowflakes.t...
patching ./t/NumSeq-PlanePathN.t...
patching ./t/Corner.t...
patching ./t/PeanoCurve-load.t...
patching ./t/KnightSpiral.t...
patching ./t/AlternatePaper.t...
patching ./t/SierpinskiCurveStair.t...
patching ./t/ComplexPlus.t...
patching ./t/HilbertSpiral.t...
patching ./t/AztecDiamondRings.t...
patching ./t/FactorRationals.t...
patching ./t/DiagonalRationals.t...
patching ./t/DragonCurve.t...
patching ./t/Rows.t...
patching ./t/TheodorusSpiral.t...
patching ./t/ArchimedeanChords.t...
patching ./t/GreekKeySpiral.t...
patching ./t/HilbertCurve-load.t...
patching ./t/StaircaseAlternating.t...
patching ./t/DragonRounded.t...
patching ./t/SquareSpiral.t...
patching ./t/DiamondArms.t...
patching ./t/DekkingCurve.t...
patching ./t/bigfloat.t...
patching ./t/SquareReplicate.t...
patching ./t/CubicBase.t...
patching ./t/QuadricCurve.t...
patching ./t/File.t...
patching ./t/SierpinskiCurve.t...
patching ./devel/beta-omega.pl...
patching ./devel/wythoff-array.pl...
patching ./devel/diagonals.pl...
patching ./devel/alternate-terdragon.pl...
patching ./devel/cfrac-digits.pl...
patching ./devel/t-square.pl...
patching ./devel/misc.pl...
patching ./devel/biguv.pl...
patching ./devel/gosper-side.pl...
patching ./devel/cellular-rule-oeis.pl...
patching ./devel/gray.pl...
patching ./devel/imaginary-half.pl...
patching ./devel/koch-squareflakes.pl...
patching ./devel/cellular-rule-xpm.pl...
patching ./devel/flowsnake.pl...
patching ./devel/ulam-warburton.pl...
patching ./devel/gosper-replicate.pl...
patching ./devel/dragon.pl...
patching ./devel/greek-key.pl...
patching ./devel/flowsnake-levels.pl...
patching ./devel/cellular-rule.pl...
patching ./devel/staircase-alternating.pl...
patching ./devel/sierpinski-arrowhead-centres.pl...
patching ./devel/sacks.pl...
patching ./devel/numseq.pl...
patching ./devel/archimedean.pl...
patching ./devel/mephisto-waltz.logo...
patching ./devel/vertical.pl...
patching ./devel/coprime.pl...
patching ./devel/fibonacci-word.logo...
patching ./devel/hexhypot.pl...
patching ./devel/l-tiling.pl...
patching ./devel/gcd-rationals.pl...
patching ./devel/hilbert.pl...
patching ./devel/corner-replicate.pl...
patching ./devel/alternate-paper.pl...
patching ./devel/sierpinski-arrowhead-stars.pl...
patching ./devel/interpolate.pl...
patching ./devel/theodorus.pl...
patching ./devel/chan-tree.pl...
patching ./devel/complex-minus.pl...
patching ./devel/cubic-base.pl...
patching ./devel/alternate-paper-midpoint.pl...
patching ./devel/r5.pl...
patching ./devel/hex-arms.pl...
patching ./devel/pixel-rings.pl...
patching ./devel/vogel.pl...
patching ./devel/filled-rings.pl...
patching ./devel/quintet.pl...
patching ./devel/imaginary-base.pl...
patching ./devel/triangular-spiral.pl...
patching ./devel/grep-various-values.pl...
patching ./devel/tree.pl...
patching ./devel/pythagorean.pl...
patching ./devel/cellular-rule62.pl...
patching ./devel/sierpinski-arrowhead.pl...
patching ./devel/fibonacci-word.pl...
patching ./devel/r5-dragon.pl...
patching ./devel/sierpinski-triangle.pl...
patching ./devel/koch-snowflakes.pl...
patching ./devel/divisible-columns.pl...
patching ./devel/number-fraction.pl...
patching ./devel/quadric.pl...
patching ./devel/hilbert-diamond.pl...
patching ./devel/cont-frac.pl...
patching ./devel/bignums.pl...
patching ./devel/complex-revolving.pl...
patching ./devel/rationals-tree.pl...
patching ./devel/lib/Math/PlanePath/wythoff-lines.pl...
patching ./devel/lib/Math/PlanePath/WythoffTriangle-oeis.t...
patching ./devel/lib/Math/PlanePath/godfrey.pl...
patching ./devel/lib/Math/PlanePath/WythoffDifference-oeis.t...
patching ./devel/lib/Math/PlanePath/ZeckendorfTerms-oeis.t...
patching ./devel/lib/Math/PlanePath/four-replicate.pl...
patching ./devel/lib/Math/PlanePath/squares-dispersion.pl...
patching ./devel/lib/Math/PlanePath/BinaryTerms-oeis.t...
patching ./devel/dekking-curve.pl...
patching ./devel/quintet-replicate.pl...
patching ./devel/hypot.pl...
patching ./devel/gosper-islands-stars.pl...
patching ./devel/digit-groups.pl...
patching ./devel/iterator.pl...
patching ./devel/c-curve.pl...
patching ./devel/square-spiral.gnuplot...
patching ./devel/grid.pl...
patching ./devel/sierpinski-triangle.gnuplot...
patching ./devel/factor-rationals.pl...
patching ./devel/terdragon.pl...
patching ./devel/square-spiral.pl...
patching ./devel/aztec-diamond.pl...
patching ./devel/koch-curve.pl...
patching ./devel/sierpinski-curve.pl...
patching ./devel/multiple-rings.pl...
patching ./devel/fractions-tree.pl...
patching ./devel/run.pl...
patching ./devel/peano.pl...
patching ./devel/bigint-lite.pl...
patching ./devel/gcd-rationals-integer.pl...
patching ./Makefile.PL...
patching ./tools/cellular-rule-limits.pl...
patching ./tools/hilbert-curve-table.pl...
patching ./tools/wythoff-array-zeck.pl...
patching ./tools/dekking-centres-table.pl...
patching ./tools/moore-spiral-table.pl...
patching ./tools/cinco-curve-table.pl...
patching ./tools/flowsnake-centres-table.pl...
patching ./tools/wunderlich-meander-table.pl...
patching ./tools/ar2w2-curve-table.pl...
patching ./tools/flowsnake-table.pl...
patching ./tools/beta-omega-table.pl...
patching ./tools/terdragon-midpoint-offset.pl...
patching ./tools/dragon-curve-table.pl...
patching ./tools/alternate-paper-dxdy.pl...
patching ./tools/dragon-curve-dxdy.pl...
patching ./tools/dekking-curve-table.pl...
patching ./tools/corner-replicate-table.pl...
patching ./tools/hilbert-spiral-table.pl...
patching ./tools/gallery.pl...
patching ./tools/kochel-curve-table.pl...
patching ./tools/pythagorean-tree.pl...
patching ./tools/r5dragon-midpoint-offset.pl...
Checking if your kit is complete...
Looks good
Generating a Unix-style Makefile
Writing Makefile for Math::PlanePath
Writing MYMETA.yml and MYMETA.json
no configure script, doing nothing
building
build flags: SHELL=/nix/store/9fqwwd4iybmhjqyxiaxycknslw6bgwh1-bash-4.4-p23/bin/bash
cp lib/Math/PlanePath/AztecDiamondRings.pm blib/lib/Math/PlanePath/AztecDiamondRings.pm
cp lib/Math/PlanePath/CornerReplicate.pm blib/lib/Math/PlanePath/CornerReplicate.pm
cp lib/Math/NumSeq/OEIS/Catalogue/Plugin/PlanePath.pm blib/lib/Math/NumSeq/OEIS/Catalogue/Plugin/PlanePath.pm
cp lib/Math/PlanePath/CincoCurve.pm blib/lib/Math/PlanePath/CincoCurve.pm
cp lib/Math/NumSeq/PlanePathTurn.pm blib/lib/Math/NumSeq/PlanePathTurn.pm
cp lib/Math/PlanePath/ComplexMinus.pm blib/lib/Math/PlanePath/ComplexMinus.pm
cp lib/Math/PlanePath/CoprimeColumns.pm blib/lib/Math/PlanePath/CoprimeColumns.pm
cp lib/Math/PlanePath/ChanTree.pm blib/lib/Math/PlanePath/ChanTree.pm
cp lib/Math/PlanePath/CellularRule57.pm blib/lib/Math/PlanePath/CellularRule57.pm
cp lib/Math/PlanePath/Base/NSEW.pm blib/lib/Math/PlanePath/Base/NSEW.pm
cp lib/Math/PlanePath/AR2W2Curve.pm blib/lib/Math/PlanePath/AR2W2Curve.pm
cp lib/Math/PlanePath/CellularRule54.pm blib/lib/Math/PlanePath/CellularRule54.pm
cp lib/Math/NumSeq/PlanePathDelta.pm blib/lib/Math/NumSeq/PlanePathDelta.pm
cp lib/Math/PlanePath/CCurve.pm blib/lib/Math/PlanePath/CCurve.pm
cp lib/Math/PlanePath/AnvilSpiral.pm blib/lib/Math/PlanePath/AnvilSpiral.pm
cp lib/Math/PlanePath/AlternatePaper.pm blib/lib/Math/PlanePath/AlternatePaper.pm
cp lib/Math/PlanePath/CellularRule190.pm blib/lib/Math/PlanePath/CellularRule190.pm
cp lib/Math/PlanePath/BetaOmega.pm blib/lib/Math/PlanePath/BetaOmega.pm
cp lib/Math/PlanePath/ArchimedeanChords.pm blib/lib/Math/PlanePath/ArchimedeanChords.pm
cp lib/Math/PlanePath/Base/Generic.pm blib/lib/Math/PlanePath/Base/Generic.pm
cp lib/Math/NumSeq/PlanePathCoord.pm blib/lib/Math/NumSeq/PlanePathCoord.pm
cp lib/Math/PlanePath/Corner.pm blib/lib/Math/PlanePath/Corner.pm
cp lib/Math/PlanePath/Columns.pm blib/lib/Math/PlanePath/Columns.pm
cp lib/Math/PlanePath/Base/Digits.pm blib/lib/Math/PlanePath/Base/Digits.pm
cp lib/Math/PlanePath.pm blib/lib/Math/PlanePath.pm
cp lib/Math/NumSeq/PlanePathN.pm blib/lib/Math/NumSeq/PlanePathN.pm
cp lib/Math/PlanePath/CellularRule.pm blib/lib/Math/PlanePath/CellularRule.pm
cp lib/Math/PlanePath/AlternateTerdragon.pm blib/lib/Math/PlanePath/AlternateTerdragon.pm
cp lib/Math/PlanePath/ComplexPlus.pm blib/lib/Math/PlanePath/ComplexPlus.pm
cp lib/Math/PlanePath/AlternatePaperMidpoint.pm blib/lib/Math/PlanePath/AlternatePaperMidpoint.pm
cp lib/Math/PlanePath/CfracDigits.pm blib/lib/Math/PlanePath/CfracDigits.pm
cp lib/Math/PlanePath/ComplexRevolving.pm blib/lib/Math/PlanePath/ComplexRevolving.pm
cp lib/Math/PlanePath/CubicBase.pm blib/lib/Math/PlanePath/CubicBase.pm
cp lib/Math/PlanePath/HexSpiral.pm blib/lib/Math/PlanePath/HexSpiral.pm
cp lib/Math/PlanePath/GcdRationals.pm blib/lib/Math/PlanePath/GcdRationals.pm
cp lib/Math/PlanePath/DivisibleColumns.pm blib/lib/Math/PlanePath/DivisibleColumns.pm
cp lib/Math/PlanePath/FibonacciWordFractal.pm blib/lib/Math/PlanePath/FibonacciWordFractal.pm
cp lib/Math/PlanePath/DragonCurve.pm blib/lib/Math/PlanePath/DragonCurve.pm
cp lib/Math/PlanePath/CretanLabyrinth.pm blib/lib/Math/PlanePath/CretanLabyrinth.pm
cp lib/Math/PlanePath/GosperIslands.pm blib/lib/Math/PlanePath/GosperIslands.pm
cp lib/Math/PlanePath/DekkingCurve.pm blib/lib/Math/PlanePath/DekkingCurve.pm
cp lib/Math/PlanePath/GosperSide.pm blib/lib/Math/PlanePath/GosperSide.pm
cp lib/Math/PlanePath/DiagonalRationals.pm blib/lib/Math/PlanePath/DiagonalRationals.pm
cp lib/Math/PlanePath/File.pm blib/lib/Math/PlanePath/File.pm
cp lib/Math/PlanePath/HIndexing.pm blib/lib/Math/PlanePath/HIndexing.pm
cp lib/Math/PlanePath/HexArms.pm blib/lib/Math/PlanePath/HexArms.pm
cp lib/Math/PlanePath/HeptSpiralSkewed.pm blib/lib/Math/PlanePath/HeptSpiralSkewed.pm
cp lib/Math/PlanePath/DragonRounded.pm blib/lib/Math/PlanePath/DragonRounded.pm
cp lib/Math/PlanePath/DiagonalsOctant.pm blib/lib/Math/PlanePath/DiagonalsOctant.pm
cp lib/Math/PlanePath/FlowsnakeCentres.pm blib/lib/Math/PlanePath/FlowsnakeCentres.pm
cp lib/Math/PlanePath/GreekKeySpiral.pm blib/lib/Math/PlanePath/GreekKeySpiral.pm
cp lib/Math/PlanePath/GrayCode.pm blib/lib/Math/PlanePath/GrayCode.pm
cp lib/Math/PlanePath/Flowsnake.pm blib/lib/Math/PlanePath/Flowsnake.pm
cp lib/Math/PlanePath/FractionsTree.pm blib/lib/Math/PlanePath/FractionsTree.pm
cp lib/Math/PlanePath/FilledRings.pm blib/lib/Math/PlanePath/FilledRings.pm
cp lib/Math/PlanePath/DekkingCentres.pm blib/lib/Math/PlanePath/DekkingCentres.pm
cp lib/Math/PlanePath/FactorRationals.pm blib/lib/Math/PlanePath/FactorRationals.pm
cp lib/Math/PlanePath/DigitGroups.pm blib/lib/Math/PlanePath/DigitGroups.pm
cp lib/Math/PlanePath/DiamondSpiral.pm blib/lib/Math/PlanePath/DiamondSpiral.pm
cp lib/Math/PlanePath/DiagonalsAlternating.pm blib/lib/Math/PlanePath/DiagonalsAlternating.pm
cp lib/Math/PlanePath/DragonMidpoint.pm blib/lib/Math/PlanePath/DragonMidpoint.pm
cp lib/Math/PlanePath/Diagonals.pm blib/lib/Math/PlanePath/Diagonals.pm
cp lib/Math/PlanePath/GosperReplicate.pm blib/lib/Math/PlanePath/GosperReplicate.pm
cp lib/Math/PlanePath/DiamondArms.pm blib/lib/Math/PlanePath/DiamondArms.pm
cp lib/Math/PlanePath/PyramidSides.pm blib/lib/Math/PlanePath/PyramidSides.pm
cp lib/Math/PlanePath/PowerArray.pm blib/lib/Math/PlanePath/PowerArray.pm
cp lib/Math/PlanePath/PentSpiralSkewed.pm blib/lib/Math/PlanePath/PentSpiralSkewed.pm
cp lib/Math/PlanePath/QuintetReplicate.pm blib/lib/Math/PlanePath/QuintetReplicate.pm
cp lib/Math/PlanePath/QuintetCentres.pm blib/lib/Math/PlanePath/QuintetCentres.pm
cp lib/Math/PlanePath/KochelCurve.pm blib/lib/Math/PlanePath/KochelCurve.pm
cp lib/Math/PlanePath/QuintetCurve.pm blib/lib/Math/PlanePath/QuintetCurve.pm
cp lib/Math/PlanePath/PixelRings.pm blib/lib/Math/PlanePath/PixelRings.pm
cp lib/Math/PlanePath/PyramidSpiral.pm blib/lib/Math/PlanePath/PyramidSpiral.pm
cp lib/Math/PlanePath/HilbertSpiral.pm blib/lib/Math/PlanePath/HilbertSpiral.pm
cp lib/Math/PlanePath/HypotOctant.pm blib/lib/Math/PlanePath/HypotOctant.pm
cp lib/Math/PlanePath/HilbertCurve.pm blib/lib/Math/PlanePath/HilbertCurve.pm
cp lib/Math/PlanePath/PythagoreanTree.pm blib/lib/Math/PlanePath/PythagoreanTree.pm
cp lib/Math/PlanePath/PyramidRows.pm blib/lib/Math/PlanePath/PyramidRows.pm
cp lib/Math/PlanePath/HilbertSides.pm blib/lib/Math/PlanePath/HilbertSides.pm
cp lib/Math/PlanePath/MultipleRings.pm blib/lib/Math/PlanePath/MultipleRings.pm
cp lib/Math/PlanePath/R5DragonCurve.pm blib/lib/Math/PlanePath/R5DragonCurve.pm
cp lib/Math/PlanePath/MPeaks.pm blib/lib/Math/PlanePath/MPeaks.pm
cp lib/Math/PlanePath/HexSpiralSkewed.pm blib/lib/Math/PlanePath/HexSpiralSkewed.pm
cp lib/Math/PlanePath/ImaginaryHalf.pm blib/lib/Math/PlanePath/ImaginaryHalf.pm
cp lib/Math/PlanePath/QuadricCurve.pm blib/lib/Math/PlanePath/QuadricCurve.pm
cp lib/Math/PlanePath/KochPeaks.pm blib/lib/Math/PlanePath/KochPeaks.pm
cp lib/Math/PlanePath/Hypot.pm blib/lib/Math/PlanePath/Hypot.pm
cp lib/Math/PlanePath/KochCurve.pm blib/lib/Math/PlanePath/KochCurve.pm
cp lib/Math/PlanePath/OctagramSpiral.pm blib/lib/Math/PlanePath/OctagramSpiral.pm
cp lib/Math/PlanePath/ImaginaryBase.pm blib/lib/Math/PlanePath/ImaginaryBase.pm
cp lib/Math/PlanePath/KochSnowflakes.pm blib/lib/Math/PlanePath/KochSnowflakes.pm
cp lib/Math/PlanePath/PeanoCurve.pm blib/lib/Math/PlanePath/PeanoCurve.pm
cp lib/Math/PlanePath/PentSpiral.pm blib/lib/Math/PlanePath/PentSpiral.pm
cp lib/Math/PlanePath/QuadricIslands.pm blib/lib/Math/PlanePath/QuadricIslands.pm
cp lib/Math/PlanePath/LTiling.pm blib/lib/Math/PlanePath/LTiling.pm
cp lib/Math/PlanePath/KochSquareflakes.pm blib/lib/Math/PlanePath/KochSquareflakes.pm
cp lib/Math/PlanePath/KnightSpiral.pm blib/lib/Math/PlanePath/KnightSpiral.pm
cp lib/Math/PlanePath/TriangleSpiralSkewed.pm blib/lib/Math/PlanePath/TriangleSpiralSkewed.pm
cp lib/Math/PlanePath/TriangleSpiral.pm blib/lib/Math/PlanePath/TriangleSpiral.pm
cp lib/Math/PlanePath/SierpinskiArrowhead.pm blib/lib/Math/PlanePath/SierpinskiArrowhead.pm
cp lib/Math/PlanePath/TerdragonRounded.pm blib/lib/Math/PlanePath/TerdragonRounded.pm
cp lib/Math/PlanePath/Staircase.pm blib/lib/Math/PlanePath/Staircase.pm
cp lib/Math/PlanePath/TerdragonCurve.pm blib/lib/Math/PlanePath/TerdragonCurve.pm
cp lib/Math/PlanePath/WunderlichSerpentine.pm blib/lib/Math/PlanePath/WunderlichSerpentine.pm
cp lib/Math/PlanePath/UlamWarburton.pm blib/lib/Math/PlanePath/UlamWarburton.pm
cp lib/Math/PlanePath/WythoffArray.pm blib/lib/Math/PlanePath/WythoffArray.pm
cp lib/Math/PlanePath/UlamWarburtonQuarter.pm blib/lib/Math/PlanePath/UlamWarburtonQuarter.pm
cp lib/Math/PlanePath/SierpinskiTriangle.pm blib/lib/Math/PlanePath/SierpinskiTriangle.pm
cp lib/Math/PlanePath/VogelFloret.pm blib/lib/Math/PlanePath/VogelFloret.pm
cp lib/Math/PlanePath/SquareSpiral.pm blib/lib/Math/PlanePath/SquareSpiral.pm
cp lib/Math/PlanePath/SierpinskiArrowheadCentres.pm blib/lib/Math/PlanePath/SierpinskiArrowheadCentres.pm
cp lib/Math/PlanePath/TerdragonMidpoint.pm blib/lib/Math/PlanePath/TerdragonMidpoint.pm
cp lib/Math/PlanePath/WythoffPreliminaryTriangle.pm blib/lib/Math/PlanePath/WythoffPreliminaryTriangle.pm
cp lib/Math/PlanePath/SierpinskiCurve.pm blib/lib/Math/PlanePath/SierpinskiCurve.pm
cp lib/Math/PlanePath/SierpinskiCurveStair.pm blib/lib/Math/PlanePath/SierpinskiCurveStair.pm
cp lib/Math/PlanePath/WunderlichMeander.pm blib/lib/Math/PlanePath/WunderlichMeander.pm
cp lib/Math/PlanePath/SquareReplicate.pm blib/lib/Math/PlanePath/SquareReplicate.pm
cp lib/Math/PlanePath/TriangularHypot.pm blib/lib/Math/PlanePath/TriangularHypot.pm
cp lib/Math/PlanePath/RationalsTree.pm blib/lib/Math/PlanePath/RationalsTree.pm
cp lib/Math/PlanePath/Rows.pm blib/lib/Math/PlanePath/Rows.pm
cp lib/Math/PlanePath/R5DragonMidpoint.pm blib/lib/Math/PlanePath/R5DragonMidpoint.pm
cp lib/Math/PlanePath/StaircaseAlternating.pm blib/lib/Math/PlanePath/StaircaseAlternating.pm
cp lib/Math/PlanePath/SacksSpiral.pm blib/lib/Math/PlanePath/SacksSpiral.pm
cp lib/Math/PlanePath/ZOrderCurve.pm blib/lib/Math/PlanePath/ZOrderCurve.pm
cp lib/Math/PlanePath/TheodorusSpiral.pm blib/lib/Math/PlanePath/TheodorusSpiral.pm
cp lib/Math/PlanePath/SquareArms.pm blib/lib/Math/PlanePath/SquareArms.pm
Manifying 29 pod documents
Manifying 28 pod documents
Manifying 29 pod documents
Manifying 27 pod documents
Manifying 12 pod documents
running tests
check flags: SHELL=/nix/store/9fqwwd4iybmhjqyxiaxycknslw6bgwh1-bash-4.4-p23/bin/bash VERBOSE=y test
PERL_DL_NONLAZY=1 "/nix/store/7c044di03qa7qgr5kjjc2d787aspzp0m-perl-5.32.0/bin/perl" "-MExtUtils::Command::MM" "-MTest::Harness" "-e" "undef *Test::Harness::Switches; test_harness(0, 'blib/lib', 'blib/arch')" t/*.t
t/AlternatePaper.t .............. ok
t/AlternatePaperMidpoint.t ...... ok
t/AlternateTerdragon.t .......... ok
t/AnvilSpiral.t ................. ok
t/ArchimedeanChords.t ........... ok
t/AztecDiamondRings.t ........... ok
t/Base-Digits.t ................. 1/80 # modulo operator dodginess ((~0)%2) != ((~0)&1): no (good)
# round_down_pow(3) tests stop for round-off at i=34
# round_up_pow(3) tests stop for round-off at i=33
t/Base-Digits.t ................. ok
t/Base-Generic.t ................ 1/22 # nan is NaN
t/Base-Generic.t ................ ok
t/BetaOmeta.t ................... ok
t/bigfloat.t .................... # Math::BigFloat version 1.999816
# Math::BigInt version 1.999816
t/bigfloat.t .................... 1/59 # +inf is inf
# -inf is -inf
# nan is NaN
t/bigfloat.t .................... ok
t/bigint-lite.t ................. # Math::BigInt::Lite version 0.18
t/bigint-lite.t ................. ok
t/bigint.t ...................... # Math::BigInt version 1.999816
# Math::BigInt version 1.999816
t/bigint.t ...................... ok
t/CCurve.t ...................... ok
t/CellularRule.t ................ 1/1216 # bitwise check rule=2
# bitwise check rule=4
# bitwise check rule=6
# bitwise check rule=10
# bitwise check rule=12
# bitwise check rule=14
# bitwise check rule=16
# bitwise check rule=18
# bitwise check rule=20
# bitwise check rule=24
# bitwise check rule=26
# bitwise check rule=34
# bitwise check rule=36
# bitwise check rule=38
# bitwise check rule=42
# bitwise check rule=44
# bitwise check rule=46
# bitwise check rule=48
# bitwise check rule=50
# bitwise check rule=52
# bitwise check rule=54
# bitwise check rule=56
# bitwise check rule=57
# bitwise check rule=58
# bitwise check rule=60
# bitwise check rule=66
# bitwise check rule=68
# bitwise check rule=74
# bitwise check rule=76
# bitwise check rule=80
# bitwise check rule=82
# bitwise check rule=84
# bitwise check rule=88
# bitwise check rule=90
# bitwise check rule=98
# bitwise check rule=99
# bitwise check rule=100
# bitwise check rule=102
# bitwise check rule=106
# bitwise check rule=108
# bitwise check rule=112
# bitwise check rule=114
# bitwise check rule=116
# bitwise check rule=120
# bitwise check rule=122
# bitwise check rule=130
# bitwise check rule=132
# bitwise check rule=134
# bitwise check rule=138
# bitwise check rule=140
# bitwise check rule=142
# bitwise check rule=144
# bitwise check rule=146
# bitwise check rule=148
# bitwise check rule=151
# bitwise check rule=152
# bitwise check rule=154
# bitwise check rule=159
# bitwise check rule=162
# bitwise check rule=164
# bitwise check rule=166
# bitwise check rule=170
# bitwise check rule=172
# bitwise check rule=174
# bitwise check rule=176
# bitwise check rule=178
# bitwise check rule=179
# bitwise check rule=180
# bitwise check rule=183
# bitwise check rule=184
# bitwise check rule=186
# bitwise check rule=190
# bitwise check rule=191
# bitwise check rule=194
# bitwise check rule=196
# bitwise check rule=202
# bitwise check rule=204
# bitwise check rule=206
# bitwise check rule=208
# bitwise check rule=210
# bitwise check rule=212
# bitwise check rule=215
# bitwise check rule=216
# bitwise check rule=218
# bitwise check rule=220
# bitwise check rule=222
# bitwise check rule=223
# bitwise check rule=226
# bitwise check rule=228
# bitwise check rule=234
# bitwise check rule=236
# bitwise check rule=238
# bitwise check rule=240
# bitwise check rule=242
# bitwise check rule=244
# bitwise check rule=246
# bitwise check rule=247
# bitwise check rule=248
# bitwise check rule=250
# bitwise check rule=252
# bitwise check rule=254
# bitwise check rule=255
# bitwise checks 102
t/CellularRule.t ................ ok
t/CellularRule190.t ............. ok
t/CfracDigits.t ................. ok
t/ChanTree.t .................... ok
t/CincoCurve.t .................. ok
t/Columns-load.t ................ ok
t/Columns.t ..................... ok
t/ComplexMinus.t ................ ok
t/ComplexPlus.t ................. ok
t/CoprimeColumns.t .............. ok
t/Corner.t ...................... ok
t/CornerReplicate.t ............. ok
t/CubicBase.t ................... ok
t/DekkingCurve.t ................ ok
t/DiagonalRationals.t ........... ok
t/Diagonals.t ................... ok
t/DiamondArms.t ................. ok
t/DiamondSpiral.t ............... ok
t/DigitGroups.t ................. ok
t/DivisibleColumns.t ............ ok
t/DragonCurve.t ................. ok
t/DragonMidpoint.t .............. ok
t/DragonRounded.t ............... ok
t/FactorRationals.t ............. ok
t/FibonacciWordFractal.t ........ ok
t/File.t ........................ ok
t/FilledRings.t ................. ok
t/Flowsnake.t ................... ok
t/FlowsnakeCentres.t ............ ok
t/GcdRationals.t ................ ok
t/GosperIslands.t ............... ok
t/GosperReplicate.t ............. ok
t/GosperSide.t .................. ok
t/GrayCode.t .................... ok
t/GreekKeySpiral.t .............. ok
t/HexArms.t ..................... ok
t/HexSpiral-load.t .............. ok
t/HexSpiral.t ................... ok
t/HexSpiralSkewed-unskew.t ...... ok
t/HexSpiralSkewed.t ............. ok
t/HilbertCurve-load.t ........... ok
t/HilbertCurve.t ................ ok
t/HilbertSpiral.t ............... ok
t/HIndexing.t ................... ok
t/Hypot.t ....................... ok
t/HypotOctant.t ................. ok
t/ImaginaryBase.t ............... ok
t/ImaginaryHalf.t ............... ok
t/KnightSpiral.t ................ ok
t/KochCurve.t ................... ok
t/KochelCurve.t ................. ok
t/KochPeaks.t ................... ok
t/KochSnowflakes.t .............. ok
t/KochSquareflakes.t ............ ok
t/LTiling.t ..................... ok
t/MultipleRings.t ............... ok
t/number-fraction.t ............. # Number::Fraction version 2.01
t/number-fraction.t ............. ok
t/NumSeq-PlanePathCoord.t ....... 1/46 # skip due to Math::NumSeq not available -- Can't locate Math/NumSeq.pm in @INC (you may need to install the Math::NumSeq module) (@INC contains: t /nix/store/lq53wwdydvvl4h7q44472xd97qba2n2z-perl5.32.0-Math-PlanePath-127/lib/perl5/site_perl /nix/store/gw760gpk0d0pil4ghs4mw12jdm7dqxn4-perl5.32.0-constant-defer-6/lib/perl5/site_perl/5.32.0/x86_64-linux-thread-multi /nix/store/gw760gpk0d0pil4ghs4mw12jdm7dqxn4-perl5.32.0-constant-defer-6/lib/perl5/site_perl/5.32.0 /nix/store/gw760gpk0d0pil4ghs4mw12jdm7dqxn4-perl5.32.0-constant-defer-6/lib/perl5/site_perl /nix/store/wjpwyc40dpvdvj16fi4fvrhfgyz037vl-perl5.32.0-Math-Libm-1.00/lib/perl5/site_perl/5.32.0/x86_64-linux-thread-multi /nix/store/wjpwyc40dpvdvj16fi4fvrhfgyz037vl-perl5.32.0-Math-Libm-1.00/lib/perl5/site_perl/5.32.0 /nix/store/wjpwyc40dpvdvj16fi4fvrhfgyz037vl-perl5.32.0-Math-Libm-1.00/lib/perl5/site_perl /nix/store/jxhha4bz5i653j0pdqi7pk2jh29l3262-perl5.32.0-Sub-Exporter-0.987/lib/perl5/site_perl/5.32.0/x86_64-linux-thread-multi /nix/store/jxhha4bz5i653j0pdqi7pk2jh29l3262-perl5.32.0-Sub-Exporter-0.987/lib/perl5/site_perl/5.32.0 /nix/store/jxhha4bz5i653j0pdqi7pk2jh29l3262-perl5.32.0-Sub-Exporter-0.987/lib/perl5/site_perl /nix/store/x98p96d400kwrh25rdxq8a9jlvgckfks-perl5.32.0-Package-Stash-XS-0.29/lib/perl5/site_perl/5.32.0/x86_64-linux-thread-multi /nix/store/x98p96d400kwrh25rdxq8a9jlvgckfks-perl5.32.0-Package-Stash-XS-0.29/lib/perl5/site_perl/5.32.0 /nix/store/x98p96d400kwrh25rdxq8a9jlvgckfks-perl5.32.0-Package-Stash-XS-0.29/lib/perl5/site_perl /nix/store/nmkbj6sg5222fbj6j8bgvkw3fngxiwjn-perl5.32.0-Sub-Name-0.26/lib/perl5/site_perl/5.32.0/x86_64-linux-thread-multi /nix/store/nmkbj6sg5222fbj6j8bgvkw3fngxiwjn-perl5.32.0-Sub-Name-0.26/lib/perl5/site_perl/5.32.0 /nix/store/nmkbj6sg5222fbj6j8bgvkw3fngxiwjn-perl5.32.0-Sub-Name-0.26/lib/perl5/site_perl /nix/store/q7pv962q04yxaplxjgv9sfbdm573izm9-perl5.32.0-Package-DeprecationManager-0.17/lib/perl5/site_perl/5.32.0/x86_64-linux-thread-multi /nix/store/q7pv962q04yxaplxjgv9sfbdm573izm9-perl5.32.0-Package-DeprecationManager-0.17/lib/perl5/site_perl/5.32.0 /nix/store/q7pv962q04yxaplxjgv9sfbdm573izm9-perl5.32.0-Package-DeprecationManager-0.17/lib/perl5/site_perl /nix/store/kmwskacpzcach8d9hh9l18i7q443q5h7-perl5.32.0-Module-Runtime-Conflicts-0.003/lib/perl5/site_perl/5.32.0/x86_64-linux-thread-multi /nix/store/kmwskacpzcach8d9hh9l18i7q443q5h7-perl5.32.0-Module-Runtime-Conflicts-0.003/lib/perl5/site_perl/5.32.0 /nix/store/kmwskacpzcach8d9hh9l18i7q443q5h7-perl5.32.0-Module-Runtime-Conflicts-0.003/lib/perl5/site_perl /nix/store/7ic8vg52bz4y49v3m8m0kassb2bx61cd-perl5.32.0-Eval-Closure-0.14/lib/perl5/site_perl/5.32.0/x86_64-linux-thread-multi /nix/store/7ic8vg52bz4y49v3m8m0kassb2bx61cd-perl5.32.0-Eval-Closure-0.14/lib/perl5/site_perl/5.32.0 /nix/store/7ic8vg52bz4y49v3m8m0kassb2bx61cd-perl5.32.0-Eval-Closure-0.14/lib/perl5/site_perl /nix/store/vw08fc5bkqqyj6cawwfxs1339bs15hj0-perl5.32.0-Devel-StackTrace-2.04/lib/perl5/site_perl/5.32.0/x86_64-linux-thread-multi /nix/store/vw08fc5bkqqyj6cawwfxs1339bs15hj0-perl5.32.0-Devel-StackTrace-2.04/lib/perl5/site_perl/5.32.0 /nix/store/vw08fc5bkqqyj6cawwfxs1339bs15hj0-perl5.32.0-Devel-StackTrace-2.04/lib/perl5/site_perl /nix/store/y630mycigrpn29l4z4qdpr586br72xaf-perl5.32.0-Sub-Identify-0.14/lib/perl5/site_perl/5.32.0/x86_64-linux-thread-multi /nix/store/y630mycigrpn29l4z4qdpr586br72xaf-perl5.32.0-Sub-Identify-0.14/lib/perl5/site_perl/5.32.0 /nix/store/y630mycigrpn29l4z4qdpr586br72xaf-perl5.32.0-Sub-Identify-0.14/lib/perl5/site_perl /nix/store/6vzwmab3bnkmy4i1v7zin2ykjkg7dgdm-perl5.32.0-MRO-Compat-0.13/lib/perl5/site_perl/5.32.0/x86_64-linux-thread-multi /nix/store/6vzwmab3bnkmy4i1v7zin2ykjkg7dgdm-perl5.32.0-MRO-Compat-0.13/lib/perl5/site_perl/5.32.0 /nix/store/6vzwmab3bnkmy4i1v7zin2ykjkg7dgdm-perl5.32.0-MRO-Compat-0.13/lib/perl5/site_perl /nix/store/jvzyvcbqqnmfs8vgbqdvvlrzx6743310-perl5.32.0-Devel-OverloadInfo-0.005/lib/perl5/site_perl/5.32.0/x86_64-linux-thread-multi /nix/store/jvzyvcbqqnmfs8vgbqdvvlrzx6743310-perl5.32.0-Devel-OverloadInfo-0.005/lib/perl5/site_perl/5.32.0 /nix/store/jvzyvcbqqnmfs8vgbqdvvlrzx6743310-perl5.32.0-Devel-OverloadInfo-0.005/lib/perl5/site_perl /nix/store/mhbp82xykbnv92l9dpapj5w9qc6faxfc-perl5.32.0-Sub-Exporter-Progressive-0.001013/lib/perl5/site_perl/5.32.0/x86_64-linux-thread-multi /nix/store/mhbp82xykbnv92l9dpapj5w9qc6faxfc-perl5.32.0-Sub-Exporter-Progressive-0.001013/lib/perl5/site_perl/5.32.0 /nix/store/mhbp82xykbnv92l9dpapj5w9qc6faxfc-perl5.32.0-Sub-Exporter-Progressive-0.001013/lib/perl5/site_perl /nix/store/gf760cgzdg96viici9asg19w1x9n73py-perl5.32.0-Devel-GlobalDestruction-0.14/lib/perl5/site_perl/5.32.0/x86_64-linux-thread-multi /nix/store/gf760cgzdg96viici9asg19w1x9n73py-perl5.32.0-Devel-GlobalDestruction-0.14/lib/perl5/site_perl/5.32.0 /nix/store/gf760cgzdg96viici9asg19w1x9n73py-perl5.32.0-Devel-GlobalDestruction-0.14/lib/perl5/site_perl /nix/store/g3f5ak08lfvggp9vjcvrjfyrrsvqnw4s-perl5.32.0-Try-Tiny-0.30/lib/perl5/site_perl/5.32.0/x86_64-linux-thread-multi /nix/store/g3f5ak08lfvggp9vjcvrjfyrrsvqnw4s-perl5.32.0-Try-Tiny-0.30/lib/perl5/site_perl/5.32.0 /nix/store/g3f5ak08lfvggp9vjcvrjfyrrsvqnw4s-perl5.32.0-Try-Tiny-0.30/lib/perl5/site_perl /nix/store/4p5i7190agrf7xpplfxmgi4r3f8idww9-perl5.32.0-Module-Implementation-0.09/lib/perl5/site_perl/5.32.0/x86_64-linux-thread-multi /nix/store/4p5i7190agrf7xpplfxmgi4r3f8idww9-perl5.32.0-Module-Implementation-0.09/lib/perl5/site_perl/5.32.0 /nix/store/4p5i7190agrf7xpplfxmgi4r3f8idww9-perl5.32.0-Module-Implementation-0.09/lib/perl5/site_perl /nix/store/kzlry0bxj3z9f54h0537fsnz444lzscr-perl5.32.0-Module-Runtime-0.016/lib/perl5/site_perl/5.32.0/x86_64-linux-thread-multi /nix/store/kzlry0bxj3z9f54h0537fsnz444lzscr-perl5.32.0-Module-Runtime-0.016/lib/perl5/site_perl/5.32.0 /nix/store/kzlry0bxj3z9f54h0537fsnz444lzscr-perl5.32.0-Module-Runtime-0.016/lib/perl5/site_perl /nix/store/s0m0fx0k6fw1irrv9v8hpdycd7vqfxqk-perl5.32.0-Dist-CheckConflicts-0.11/lib/perl5/site_perl/5.32.0/x86_64-linux-thread-multi /nix/store/s0m0fx0k6fw1irrv9v8hpdycd7vqfxqk-perl5.32.0-Dist-CheckConflicts-0.11/lib/perl5/site_perl/5.32.0 /nix/store/s0m0fx0k6fw1irrv9v8hpdycd7vqfxqk-perl5.32.0-Dist-CheckConflicts-0.11/lib/perl5/site_perl /nix/store/h36px8aaq0bdaby414fb5y6iz5v6gbw6-perl5.32.0-Package-Stash-0.38/lib/perl5/site_perl/5.32.0/x86_64-linux-thread-multi /nix/store/h36px8aaq0bdaby414fb5y6iz5v6gbw6-perl5.32.0-Package-Stash-0.38/lib/perl5/site_perl/5.32.0 /nix/store/h36px8aaq0bdaby414fb5y6iz5v6gbw6-perl5.32.0-Package-Stash-0.38/lib/perl5/site_perl /nix/store/p64m9isj5vx7s9kqvdys8ky3pm9cnva8-perl5.32.0-Sub-Install-0.928/lib/perl5/site_perl/5.32.0/x86_64-linux-thread-multi /nix/store/p64m9isj5vx7s9kqvdys8ky3pm9cnva8-perl5.32.0-Sub-Install-0.928/lib/perl5/site_perl/5.32.0 /nix/store/p64m9isj5vx7s9kqvdys8ky3pm9cnva8-perl5.32.0-Sub-Install-0.928/lib/perl5/site_perl /nix/store/hndlnawjwwlh69rzn6ffxvnb2nfkvsg3-perl5.32.0-Params-Util-1.07/lib/perl5/site_perl/5.32.0/x86_64-linux-thread-multi /nix/store/hndlnawjwwlh69rzn6ffxvnb2nfkvsg3-perl5.32.0-Params-Util-1.07/lib/perl5/site_perl/5.32.0 /nix/store/hndlnawjwwlh69rzn6ffxvnb2nfkvsg3-perl5.32.0-Params-Util-1.07/lib/perl5/site_perl /nix/store/xm7xfzp86zbj8pf39xvcf6sjq2nigyh6-perl5.32.0-Data-OptList-0.110/lib/perl5/site_perl/5.32.0/x86_64-linux-thread-multi /nix/store/xm7xfzp86zbj8pf39xvcf6sjq2nigyh6-perl5.32.0-Data-OptList-0.110/lib/perl5/site_perl/5.32.0 /nix/store/xm7xfzp86zbj8pf39xvcf6sjq2nigyh6-perl5.32.0-Data-OptList-0.110/lib/perl5/site_perl /nix/store/xqwnvcrwldppdim2wz6d1aczbln4j7yd-perl5.32.0-Class-Load-0.25/lib/perl5/site_perl/5.32.0/x86_64-linux-thread-multi /nix/store/xqwnvcrwldppdim2wz6d1aczbln4j7yd-perl5.32.0-Class-Load-0.25/lib/perl5/site_perl/5.32.0 /nix/store/xqwnvcrwldppdim2wz6d1aczbln4j7yd-perl5.32.0-Class-Load-0.25/lib/perl5/site_perl /nix/store/y1knlm05kynl2s83w0c002pggdl5461w-perl5.32.0-Class-Load-XS-0.10/lib/perl5/site_perl/5.32.0/x86_64-linux-thread-multi /nix/store/y1knlm05kynl2s83w0c002pggdl5461w-perl5.32.0-Class-Load-XS-0.10/lib/perl5/site_perl/5.32.0 /nix/store/y1knlm05kynl2s83w0c002pggdl5461w-perl5.32.0-Class-Load-XS-0.10/lib/perl5/site_perl /nix/store/fwbwzfmg1nk3hfab5gjgcckcg4pck39h-perl5.32.0-Moose-2.2012/lib/perl5/site_perl/5.32.0/x86_64-linux-thread-multi /nix/store/fwbwzfmg1nk3hfab5gjgcckcg4pck39h-perl5.32.0-Moose-2.2012/lib/perl5/site_perl/5.32.0 /nix/store/fwbwzfmg1nk3hfab5gjgcckcg4pck39h-perl5.32.0-Moose-2.2012/lib/perl5/site_perl /nix/store/xc6kpsk30m01kdxpk3yw6b6krkyyy3yi-perl5.32.0-Number-Fraction-2.01/lib/perl5/site_perl/5.32.0/x86_64-linux-thread-multi /nix/store/xc6kpsk30m01kdxpk3yw6b6krkyyy3yi-perl5.32.0-Number-Fraction-2.01/lib/perl5/site_perl/5.32.0 /nix/store/xc6kpsk30m01kdxpk3yw6b6krkyyy3yi-perl5.32.0-Number-Fraction-2.01/lib/perl5/site_perl /nix/store/8j571yzpb81idc3ykqspfgp56nn5gmgl-perl5.32.0-Math-BigInt-1.999816/lib/perl5/site_perl/5.32.0/x86_64-linux-thread-multi /nix/store/8j571yzpb81idc3ykqspfgp56nn5gmgl-perl5.32.0-Math-BigInt-1.999816/lib/perl5/site_perl/5.32.0 /nix/store/8j571yzpb81idc3ykqspfgp56nn5gmgl-perl5.32.0-Math-BigInt-1.999816/lib/perl5/site_perl /nix/store/kgwqv008rrbkqg38igzrzjjlch5qk3sk-perl5.32.0-Math-BigInt-Lite-0.18/lib/perl5/site_perl/5.32.0/x86_64-linux-thread-multi /nix/store/kgwqv008rrbkqg38igzrzjjlch5qk3sk-perl5.32.0-Math-BigInt-Lite-0.18/lib/perl5/site_perl/5.32.0 /nix/store/kgwqv008rrbkqg38igzrzjjlch5qk3sk-perl5.32.0-Math-BigInt-Lite-0.18/lib/perl5/site_perl /nix/store/h3x5y8zc6rbp5ja6scckdjlbgh27lxfa-perl5.32.0-Data-Float-0.013/lib/perl5/site_perl/5.32.0/x86_64-linux-thread-multi /nix/store/h3x5y8zc6rbp5ja6scckdjlbgh27lxfa-perl5.32.0-Data-Float-0.013/lib/perl5/site_perl/5.32.0 /nix/store/h3x5y8zc6rbp5ja6scckdjlbgh27lxfa-perl5.32.0-Data-Float-0.013/lib/perl5/site_perl /nix/store/7c044di03qa7qgr5kjjc2d787aspzp0m-perl-5.32.0/lib/perl5/site_perl/5.32.0/x86_64-linux-thread-multi /nix/store/7c044di03qa7qgr5kjjc2d787aspzp0m-perl-5.32.0/lib/perl5/site_perl/5.32.0 /nix/store/7c044di03qa7qgr5kjjc2d787aspzp0m-perl-5.32.0/lib/perl5/site_perl /build/Math-PlanePath-127/blib/lib /build/Math-PlanePath-127/blib/arch /nix/store/7c044di03qa7qgr5kjjc2d787aspzp0m-perl-5.32.0/lib/perl5/5.32.0/x86_64-linux-thread-multi /nix/store/7c044di03qa7qgr5kjjc2d787aspzp0m-perl-5.32.0/lib/perl5/5.32.0 .) at t/NumSeq-PlanePathCoord.t line 31.
#
t/NumSeq-PlanePathCoord.t ....... ok
t/NumSeq-PlanePathDelta.t ....... 1/94 # skip due to Math::NumSeq not available -- Can't locate Math/NumSeq.pm in @INC (you may need to install the Math::NumSeq module) (@INC contains: t /nix/store/lq53wwdydvvl4h7q44472xd97qba2n2z-perl5.32.0-Math-PlanePath-127/lib/perl5/site_perl /nix/store/gw760gpk0d0pil4ghs4mw12jdm7dqxn4-perl5.32.0-constant-defer-6/lib/perl5/site_perl/5.32.0/x86_64-linux-thread-multi /nix/store/gw760gpk0d0pil4ghs4mw12jdm7dqxn4-perl5.32.0-constant-defer-6/lib/perl5/site_perl/5.32.0 /nix/store/gw760gpk0d0pil4ghs4mw12jdm7dqxn4-perl5.32.0-constant-defer-6/lib/perl5/site_perl /nix/store/wjpwyc40dpvdvj16fi4fvrhfgyz037vl-perl5.32.0-Math-Libm-1.00/lib/perl5/site_perl/5.32.0/x86_64-linux-thread-multi /nix/store/wjpwyc40dpvdvj16fi4fvrhfgyz037vl-perl5.32.0-Math-Libm-1.00/lib/perl5/site_perl/5.32.0 /nix/store/wjpwyc40dpvdvj16fi4fvrhfgyz037vl-perl5.32.0-Math-Libm-1.00/lib/perl5/site_perl /nix/store/jxhha4bz5i653j0pdqi7pk2jh29l3262-perl5.32.0-Sub-Exporter-0.987/lib/perl5/site_perl/5.32.0/x86_64-linux-thread-multi /nix/store/jxhha4bz5i653j0pdqi7pk2jh29l3262-perl5.32.0-Sub-Exporter-0.987/lib/perl5/site_perl/5.32.0 /nix/store/jxhha4bz5i653j0pdqi7pk2jh29l3262-perl5.32.0-Sub-Exporter-0.987/lib/perl5/site_perl /nix/store/x98p96d400kwrh25rdxq8a9jlvgckfks-perl5.32.0-Package-Stash-XS-0.29/lib/perl5/site_perl/5.32.0/x86_64-linux-thread-multi /nix/store/x98p96d400kwrh25rdxq8a9jlvgckfks-perl5.32.0-Package-Stash-XS-0.29/lib/perl5/site_perl/5.32.0 /nix/store/x98p96d400kwrh25rdxq8a9jlvgckfks-perl5.32.0-Package-Stash-XS-0.29/lib/perl5/site_perl /nix/store/nmkbj6sg5222fbj6j8bgvkw3fngxiwjn-perl5.32.0-Sub-Name-0.26/lib/perl5/site_perl/5.32.0/x86_64-linux-thread-multi /nix/store/nmkbj6sg5222fbj6j8bgvkw3fngxiwjn-perl5.32.0-Sub-Name-0.26/lib/perl5/site_perl/5.32.0 /nix/store/nmkbj6sg5222fbj6j8bgvkw3fngxiwjn-perl5.32.0-Sub-Name-0.26/lib/perl5/site_perl /nix/store/q7pv962q04yxaplxjgv9sfbdm573izm9-perl5.32.0-Package-DeprecationManager-0.17/lib/perl5/site_perl/5.32.0/x86_64-linux-thread-multi /nix/store/q7pv962q04yxaplxjgv9sfbdm573izm9-perl5.32.0-Package-DeprecationManager-0.17/lib/perl5/site_perl/5.32.0 /nix/store/q7pv962q04yxaplxjgv9sfbdm573izm9-perl5.32.0-Package-DeprecationManager-0.17/lib/perl5/site_perl /nix/store/kmwskacpzcach8d9hh9l18i7q443q5h7-perl5.32.0-Module-Runtime-Conflicts-0.003/lib/perl5/site_perl/5.32.0/x86_64-linux-thread-multi /nix/store/kmwskacpzcach8d9hh9l18i7q443q5h7-perl5.32.0-Module-Runtime-Conflicts-0.003/lib/perl5/site_perl/5.32.0 /nix/store/kmwskacpzcach8d9hh9l18i7q443q5h7-perl5.32.0-Module-Runtime-Conflicts-0.003/lib/perl5/site_perl /nix/store/7ic8vg52bz4y49v3m8m0kassb2bx61cd-perl5.32.0-Eval-Closure-0.14/lib/perl5/site_perl/5.32.0/x86_64-linux-thread-multi /nix/store/7ic8vg52bz4y49v3m8m0kassb2bx61cd-perl5.32.0-Eval-Closure-0.14/lib/perl5/site_perl/5.32.0 /nix/store/7ic8vg52bz4y49v3m8m0kassb2bx61cd-perl5.32.0-Eval-Closure-0.14/lib/perl5/site_perl /nix/store/vw08fc5bkqqyj6cawwfxs1339bs15hj0-perl5.32.0-Devel-StackTrace-2.04/lib/perl5/site_perl/5.32.0/x86_64-linux-thread-multi /nix/store/vw08fc5bkqqyj6cawwfxs1339bs15hj0-perl5.32.0-Devel-StackTrace-2.04/lib/perl5/site_perl/5.32.0 /nix/store/vw08fc5bkqqyj6cawwfxs1339bs15hj0-perl5.32.0-Devel-StackTrace-2.04/lib/perl5/site_perl /nix/store/y630mycigrpn29l4z4qdpr586br72xaf-perl5.32.0-Sub-Identify-0.14/lib/perl5/site_perl/5.32.0/x86_64-linux-thread-multi /nix/store/y630mycigrpn29l4z4qdpr586br72xaf-perl5.32.0-Sub-Identify-0.14/lib/perl5/site_perl/5.32.0 /nix/store/y630mycigrpn29l4z4qdpr586br72xaf-perl5.32.0-Sub-Identify-0.14/lib/perl5/site_perl /nix/store/6vzwmab3bnkmy4i1v7zin2ykjkg7dgdm-perl5.32.0-MRO-Compat-0.13/lib/perl5/site_perl/5.32.0/x86_64-linux-thread-multi /nix/store/6vzwmab3bnkmy4i1v7zin2ykjkg7dgdm-perl5.32.0-MRO-Compat-0.13/lib/perl5/site_perl/5.32.0 /nix/store/6vzwmab3bnkmy4i1v7zin2ykjkg7dgdm-perl5.32.0-MRO-Compat-0.13/lib/perl5/site_perl /nix/store/jvzyvcbqqnmfs8vgbqdvvlrzx6743310-perl5.32.0-Devel-OverloadInfo-0.005/lib/perl5/site_perl/5.32.0/x86_64-linux-thread-multi /nix/store/jvzyvcbqqnmfs8vgbqdvvlrzx6743310-perl5.32.0-Devel-OverloadInfo-0.005/lib/perl5/site_perl/5.32.0 /nix/store/jvzyvcbqqnmfs8vgbqdvvlrzx6743310-perl5.32.0-Devel-OverloadInfo-0.005/lib/perl5/site_perl /nix/store/mhbp82xykbnv92l9dpapj5w9qc6faxfc-perl5.32.0-Sub-Exporter-Progressive-0.001013/lib/perl5/site_perl/5.32.0/x86_64-linux-thread-multi /nix/store/mhbp82xykbnv92l9dpapj5w9qc6faxfc-perl5.32.0-Sub-Exporter-Progressive-0.001013/lib/perl5/site_perl/5.32.0 /nix/store/mhbp82xykbnv92l9dpapj5w9qc6faxfc-perl5.32.0-Sub-Exporter-Progressive-0.001013/lib/perl5/site_perl /nix/store/gf760cgzdg96viici9asg19w1x9n73py-perl5.32.0-Devel-GlobalDestruction-0.14/lib/perl5/site_perl/5.32.0/x86_64-linux-thread-multi /nix/store/gf760cgzdg96viici9asg19w1x9n73py-perl5.32.0-Devel-GlobalDestruction-0.14/lib/perl5/site_perl/5.32.0 /nix/store/gf760cgzdg96viici9asg19w1x9n73py-perl5.32.0-Devel-GlobalDestruction-0.14/lib/perl5/site_perl /nix/store/g3f5ak08lfvggp9vjcvrjfyrrsvqnw4s-perl5.32.0-Try-Tiny-0.30/lib/perl5/site_perl/5.32.0/x86_64-linux-thread-multi /nix/store/g3f5ak08lfvggp9vjcvrjfyrrsvqnw4s-perl5.32.0-Try-Tiny-0.30/lib/perl5/site_perl/5.32.0 /nix/store/g3f5ak08lfvggp9vjcvrjfyrrsvqnw4s-perl5.32.0-Try-Tiny-0.30/lib/perl5/site_perl /nix/store/4p5i7190agrf7xpplfxmgi4r3f8idww9-perl5.32.0-Module-Implementation-0.09/lib/perl5/site_perl/5.32.0/x86_64-linux-thread-multi /nix/store/4p5i7190agrf7xpplfxmgi4r3f8idww9-perl5.32.0-Module-Implementation-0.09/lib/perl5/site_perl/5.32.0 /nix/store/4p5i7190agrf7xpplfxmgi4r3f8idww9-perl5.32.0-Module-Implementation-0.09/lib/perl5/site_perl /nix/store/kzlry0bxj3z9f54h0537fsnz444lzscr-perl5.32.0-Module-Runtime-0.016/lib/perl5/site_perl/5.32.0/x86_64-linux-thread-multi /nix/store/kzlry0bxj3z9f54h0537fsnz444lzscr-perl5.32.0-Module-Runtime-0.016/lib/perl5/site_perl/5.32.0 /nix/store/kzlry0bxj3z9f54h0537fsnz444lzscr-perl5.32.0-Module-Runtime-0.016/lib/perl5/site_perl /nix/store/s0m0fx0k6fw1irrv9v8hpdycd7vqfxqk-perl5.32.0-Dist-CheckConflicts-0.11/lib/perl5/site_perl/5.32.0/x86_64-linux-thread-multi /nix/store/s0m0fx0k6fw1irrv9v8hpdycd7vqfxqk-perl5.32.0-Dist-CheckConflicts-0.11/lib/perl5/site_perl/5.32.0 /nix/store/s0m0fx0k6fw1irrv9v8hpdycd7vqfxqk-perl5.32.0-Dist-CheckConflicts-0.11/lib/perl5/site_perl /nix/store/h36px8aaq0bdaby414fb5y6iz5v6gbw6-perl5.32.0-Package-Stash-0.38/lib/perl5/site_perl/5.32.0/x86_64-linux-thread-multi /nix/store/h36px8aaq0bdaby414fb5y6iz5v6gbw6-perl5.32.0-Package-Stash-0.38/lib/perl5/site_perl/5.32.0 /nix/store/h36px8aaq0bdaby414fb5y6iz5v6gbw6-perl5.32.0-Package-Stash-0.38/lib/perl5/site_perl /nix/store/p64m9isj5vx7s9kqvdys8ky3pm9cnva8-perl5.32.0-Sub-Install-0.928/lib/perl5/site_perl/5.32.0/x86_64-linux-thread-multi /nix/store/p64m9isj5vx7s9kqvdys8ky3pm9cnva8-perl5.32.0-Sub-Install-0.928/lib/perl5/site_perl/5.32.0 /nix/store/p64m9isj5vx7s9kqvdys8ky3pm9cnva8-perl5.32.0-Sub-Install-0.928/lib/perl5/site_perl /nix/store/hndlnawjwwlh69rzn6ffxvnb2nfkvsg3-perl5.32.0-Params-Util-1.07/lib/perl5/site_perl/5.32.0/x86_64-linux-thread-multi /nix/store/hndlnawjwwlh69rzn6ffxvnb2nfkvsg3-perl5.32.0-Params-Util-1.07/lib/perl5/site_perl/5.32.0 /nix/store/hndlnawjwwlh69rzn6ffxvnb2nfkvsg3-perl5.32.0-Params-Util-1.07/lib/perl5/site_perl /nix/store/xm7xfzp86zbj8pf39xvcf6sjq2nigyh6-perl5.32.0-Data-OptList-0.110/lib/perl5/site_perl/5.32.0/x86_64-linux-thread-multi /nix/store/xm7xfzp86zbj8pf39xvcf6sjq2nigyh6-perl5.32.0-Data-OptList-0.110/lib/perl5/site_perl/5.32.0 /nix/store/xm7xfzp86zbj8pf39xvcf6sjq2nigyh6-perl5.32.0-Data-OptList-0.110/lib/perl5/site_perl /nix/store/xqwnvcrwldppdim2wz6d1aczbln4j7yd-perl5.32.0-Class-Load-0.25/lib/perl5/site_perl/5.32.0/x86_64-linux-thread-multi /nix/store/xqwnvcrwldppdim2wz6d1aczbln4j7yd-perl5.32.0-Class-Load-0.25/lib/perl5/site_perl/5.32.0 /nix/store/xqwnvcrwldppdim2wz6d1aczbln4j7yd-perl5.32.0-Class-Load-0.25/lib/perl5/site_perl /nix/store/y1knlm05kynl2s83w0c002pggdl5461w-perl5.32.0-Class-Load-XS-0.10/lib/perl5/site_perl/5.32.0/x86_64-linux-thread-multi /nix/store/y1knlm05kynl2s83w0c002pggdl5461w-perl5.32.0-Class-Load-XS-0.10/lib/perl5/site_perl/5.32.0 /nix/store/y1knlm05kynl2s83w0c002pggdl5461w-perl5.32.0-Class-Load-XS-0.10/lib/perl5/site_perl /nix/store/fwbwzfmg1nk3hfab5gjgcckcg4pck39h-perl5.32.0-Moose-2.2012/lib/perl5/site_perl/5.32.0/x86_64-linux-thread-multi /nix/store/fwbwzfmg1nk3hfab5gjgcckcg4pck39h-perl5.32.0-Moose-2.2012/lib/perl5/site_perl/5.32.0 /nix/store/fwbwzfmg1nk3hfab5gjgcckcg4pck39h-perl5.32.0-Moose-2.2012/lib/perl5/site_perl /nix/store/xc6kpsk30m01kdxpk3yw6b6krkyyy3yi-perl5.32.0-Number-Fraction-2.01/lib/perl5/site_perl/5.32.0/x86_64-linux-thread-multi /nix/store/xc6kpsk30m01kdxpk3yw6b6krkyyy3yi-perl5.32.0-Number-Fraction-2.01/lib/perl5/site_perl/5.32.0 /nix/store/xc6kpsk30m01kdxpk3yw6b6krkyyy3yi-perl5.32.0-Number-Fraction-2.01/lib/perl5/site_perl /nix/store/8j571yzpb81idc3ykqspfgp56nn5gmgl-perl5.32.0-Math-BigInt-1.999816/lib/perl5/site_perl/5.32.0/x86_64-linux-thread-multi /nix/store/8j571yzpb81idc3ykqspfgp56nn5gmgl-perl5.32.0-Math-BigInt-1.999816/lib/perl5/site_perl/5.32.0 /nix/store/8j571yzpb81idc3ykqspfgp56nn5gmgl-perl5.32.0-Math-BigInt-1.999816/lib/perl5/site_perl /nix/store/kgwqv008rrbkqg38igzrzjjlch5qk3sk-perl5.32.0-Math-BigInt-Lite-0.18/lib/perl5/site_perl/5.32.0/x86_64-linux-thread-multi /nix/store/kgwqv008rrbkqg38igzrzjjlch5qk3sk-perl5.32.0-Math-BigInt-Lite-0.18/lib/perl5/site_perl/5.32.0 /nix/store/kgwqv008rrbkqg38igzrzjjlch5qk3sk-perl5.32.0-Math-BigInt-Lite-0.18/lib/perl5/site_perl /nix/store/h3x5y8zc6rbp5ja6scckdjlbgh27lxfa-perl5.32.0-Data-Float-0.013/lib/perl5/site_perl/5.32.0/x86_64-linux-thread-multi /nix/store/h3x5y8zc6rbp5ja6scckdjlbgh27lxfa-perl5.32.0-Data-Float-0.013/lib/perl5/site_perl/5.32.0 /nix/store/h3x5y8zc6rbp5ja6scckdjlbgh27lxfa-perl5.32.0-Data-Float-0.013/lib/perl5/site_perl /nix/store/7c044di03qa7qgr5kjjc2d787aspzp0m-perl-5.32.0/lib/perl5/site_perl/5.32.0/x86_64-linux-thread-multi /nix/store/7c044di03qa7qgr5kjjc2d787aspzp0m-perl-5.32.0/lib/perl5/site_perl/5.32.0 /nix/store/7c044di03qa7qgr5kjjc2d787aspzp0m-perl-5.32.0/lib/perl5/site_perl /build/Math-PlanePath-127/blib/lib /build/Math-PlanePath-127/blib/arch /nix/store/7c044di03qa7qgr5kjjc2d787aspzp0m-perl-5.32.0/lib/perl5/5.32.0/x86_64-linux-thread-multi /nix/store/7c044di03qa7qgr5kjjc2d787aspzp0m-perl-5.32.0/lib/perl5/5.32.0 .) at t/NumSeq-PlanePathDelta.t line 35.
#
t/NumSeq-PlanePathDelta.t ....... ok
t/NumSeq-PlanePathN.t ........... 1/12 # skip due to Math::NumSeq not available -- Can't locate Math/NumSeq.pm in @INC (you may need to install the Math::NumSeq module) (@INC contains: t /nix/store/lq53wwdydvvl4h7q44472xd97qba2n2z-perl5.32.0-Math-PlanePath-127/lib/perl5/site_perl /nix/store/gw760gpk0d0pil4ghs4mw12jdm7dqxn4-perl5.32.0-constant-defer-6/lib/perl5/site_perl/5.32.0/x86_64-linux-thread-multi /nix/store/gw760gpk0d0pil4ghs4mw12jdm7dqxn4-perl5.32.0-constant-defer-6/lib/perl5/site_perl/5.32.0 /nix/store/gw760gpk0d0pil4ghs4mw12jdm7dqxn4-perl5.32.0-constant-defer-6/lib/perl5/site_perl /nix/store/wjpwyc40dpvdvj16fi4fvrhfgyz037vl-perl5.32.0-Math-Libm-1.00/lib/perl5/site_perl/5.32.0/x86_64-linux-thread-multi /nix/store/wjpwyc40dpvdvj16fi4fvrhfgyz037vl-perl5.32.0-Math-Libm-1.00/lib/perl5/site_perl/5.32.0 /nix/store/wjpwyc40dpvdvj16fi4fvrhfgyz037vl-perl5.32.0-Math-Libm-1.00/lib/perl5/site_perl /nix/store/jxhha4bz5i653j0pdqi7pk2jh29l3262-perl5.32.0-Sub-Exporter-0.987/lib/perl5/site_perl/5.32.0/x86_64-linux-thread-multi /nix/store/jxhha4bz5i653j0pdqi7pk2jh29l3262-perl5.32.0-Sub-Exporter-0.987/lib/perl5/site_perl/5.32.0 /nix/store/jxhha4bz5i653j0pdqi7pk2jh29l3262-perl5.32.0-Sub-Exporter-0.987/lib/perl5/site_perl /nix/store/x98p96d400kwrh25rdxq8a9jlvgckfks-perl5.32.0-Package-Stash-XS-0.29/lib/perl5/site_perl/5.32.0/x86_64-linux-thread-multi /nix/store/x98p96d400kwrh25rdxq8a9jlvgckfks-perl5.32.0-Package-Stash-XS-0.29/lib/perl5/site_perl/5.32.0 /nix/store/x98p96d400kwrh25rdxq8a9jlvgckfks-perl5.32.0-Package-Stash-XS-0.29/lib/perl5/site_perl /nix/store/nmkbj6sg5222fbj6j8bgvkw3fngxiwjn-perl5.32.0-Sub-Name-0.26/lib/perl5/site_perl/5.32.0/x86_64-linux-thread-multi /nix/store/nmkbj6sg5222fbj6j8bgvkw3fngxiwjn-perl5.32.0-Sub-Name-0.26/lib/perl5/site_perl/5.32.0 /nix/store/nmkbj6sg5222fbj6j8bgvkw3fngxiwjn-perl5.32.0-Sub-Name-0.26/lib/perl5/site_perl /nix/store/q7pv962q04yxaplxjgv9sfbdm573izm9-perl5.32.0-Package-DeprecationManager-0.17/lib/perl5/site_perl/5.32.0/x86_64-linux-thread-multi /nix/store/q7pv962q04yxaplxjgv9sfbdm573izm9-perl5.32.0-Package-DeprecationManager-0.17/lib/perl5/site_perl/5.32.0 /nix/store/q7pv962q04yxaplxjgv9sfbdm573izm9-perl5.32.0-Package-DeprecationManager-0.17/lib/perl5/site_perl /nix/store/kmwskacpzcach8d9hh9l18i7q443q5h7-perl5.32.0-Module-Runtime-Conflicts-0.003/lib/perl5/site_perl/5.32.0/x86_64-linux-thread-multi /nix/store/kmwskacpzcach8d9hh9l18i7q443q5h7-perl5.32.0-Module-Runtime-Conflicts-0.003/lib/perl5/site_perl/5.32.0 /nix/store/kmwskacpzcach8d9hh9l18i7q443q5h7-perl5.32.0-Module-Runtime-Conflicts-0.003/lib/perl5/site_perl /nix/store/7ic8vg52bz4y49v3m8m0kassb2bx61cd-perl5.32.0-Eval-Closure-0.14/lib/perl5/site_perl/5.32.0/x86_64-linux-thread-multi /nix/store/7ic8vg52bz4y49v3m8m0kassb2bx61cd-perl5.32.0-Eval-Closure-0.14/lib/perl5/site_perl/5.32.0 /nix/store/7ic8vg52bz4y49v3m8m0kassb2bx61cd-perl5.32.0-Eval-Closure-0.14/lib/perl5/site_perl /nix/store/vw08fc5bkqqyj6cawwfxs1339bs15hj0-perl5.32.0-Devel-StackTrace-2.04/lib/perl5/site_perl/5.32.0/x86_64-linux-thread-multi /nix/store/vw08fc5bkqqyj6cawwfxs1339bs15hj0-perl5.32.0-Devel-StackTrace-2.04/lib/perl5/site_perl/5.32.0 /nix/store/vw08fc5bkqqyj6cawwfxs1339bs15hj0-perl5.32.0-Devel-StackTrace-2.04/lib/perl5/site_perl /nix/store/y630mycigrpn29l4z4qdpr586br72xaf-perl5.32.0-Sub-Identify-0.14/lib/perl5/site_perl/5.32.0/x86_64-linux-thread-multi /nix/store/y630mycigrpn29l4z4qdpr586br72xaf-perl5.32.0-Sub-Identify-0.14/lib/perl5/site_perl/5.32.0 /nix/store/y630mycigrpn29l4z4qdpr586br72xaf-perl5.32.0-Sub-Identify-0.14/lib/perl5/site_perl /nix/store/6vzwmab3bnkmy4i1v7zin2ykjkg7dgdm-perl5.32.0-MRO-Compat-0.13/lib/perl5/site_perl/5.32.0/x86_64-linux-thread-multi /nix/store/6vzwmab3bnkmy4i1v7zin2ykjkg7dgdm-perl5.32.0-MRO-Compat-0.13/lib/perl5/site_perl/5.32.0 /nix/store/6vzwmab3bnkmy4i1v7zin2ykjkg7dgdm-perl5.32.0-MRO-Compat-0.13/lib/perl5/site_perl /nix/store/jvzyvcbqqnmfs8vgbqdvvlrzx6743310-perl5.32.0-Devel-OverloadInfo-0.005/lib/perl5/site_perl/5.32.0/x86_64-linux-thread-multi /nix/store/jvzyvcbqqnmfs8vgbqdvvlrzx6743310-perl5.32.0-Devel-OverloadInfo-0.005/lib/perl5/site_perl/5.32.0 /nix/store/jvzyvcbqqnmfs8vgbqdvvlrzx6743310-perl5.32.0-Devel-OverloadInfo-0.005/lib/perl5/site_perl /nix/store/mhbp82xykbnv92l9dpapj5w9qc6faxfc-perl5.32.0-Sub-Exporter-Progressive-0.001013/lib/perl5/site_perl/5.32.0/x86_64-linux-thread-multi /nix/store/mhbp82xykbnv92l9dpapj5w9qc6faxfc-perl5.32.0-Sub-Exporter-Progressive-0.001013/lib/perl5/site_perl/5.32.0 /nix/store/mhbp82xykbnv92l9dpapj5w9qc6faxfc-perl5.32.0-Sub-Exporter-Progressive-0.001013/lib/perl5/site_perl /nix/store/gf760cgzdg96viici9asg19w1x9n73py-perl5.32.0-Devel-GlobalDestruction-0.14/lib/perl5/site_perl/5.32.0/x86_64-linux-thread-multi /nix/store/gf760cgzdg96viici9asg19w1x9n73py-perl5.32.0-Devel-GlobalDestruction-0.14/lib/perl5/site_perl/5.32.0 /nix/store/gf760cgzdg96viici9asg19w1x9n73py-perl5.32.0-Devel-GlobalDestruction-0.14/lib/perl5/site_perl /nix/store/g3f5ak08lfvggp9vjcvrjfyrrsvqnw4s-perl5.32.0-Try-Tiny-0.30/lib/perl5/site_perl/5.32.0/x86_64-linux-thread-multi /nix/store/g3f5ak08lfvggp9vjcvrjfyrrsvqnw4s-perl5.32.0-Try-Tiny-0.30/lib/perl5/site_perl/5.32.0 /nix/store/g3f5ak08lfvggp9vjcvrjfyrrsvqnw4s-perl5.32.0-Try-Tiny-0.30/lib/perl5/site_perl /nix/store/4p5i7190agrf7xpplfxmgi4r3f8idww9-perl5.32.0-Module-Implementation-0.09/lib/perl5/site_perl/5.32.0/x86_64-linux-thread-multi /nix/store/4p5i7190agrf7xpplfxmgi4r3f8idww9-perl5.32.0-Module-Implementation-0.09/lib/perl5/site_perl/5.32.0 /nix/store/4p5i7190agrf7xpplfxmgi4r3f8idww9-perl5.32.0-Module-Implementation-0.09/lib/perl5/site_perl /nix/store/kzlry0bxj3z9f54h0537fsnz444lzscr-perl5.32.0-Module-Runtime-0.016/lib/perl5/site_perl/5.32.0/x86_64-linux-thread-multi /nix/store/kzlry0bxj3z9f54h0537fsnz444lzscr-perl5.32.0-Module-Runtime-0.016/lib/perl5/site_perl/5.32.0 /nix/store/kzlry0bxj3z9f54h0537fsnz444lzscr-perl5.32.0-Module-Runtime-0.016/lib/perl5/site_perl /nix/store/s0m0fx0k6fw1irrv9v8hpdycd7vqfxqk-perl5.32.0-Dist-CheckConflicts-0.11/lib/perl5/site_perl/5.32.0/x86_64-linux-thread-multi /nix/store/s0m0fx0k6fw1irrv9v8hpdycd7vqfxqk-perl5.32.0-Dist-CheckConflicts-0.11/lib/perl5/site_perl/5.32.0 /nix/store/s0m0fx0k6fw1irrv9v8hpdycd7vqfxqk-perl5.32.0-Dist-CheckConflicts-0.11/lib/perl5/site_perl /nix/store/h36px8aaq0bdaby414fb5y6iz5v6gbw6-perl5.32.0-Package-Stash-0.38/lib/perl5/site_perl/5.32.0/x86_64-linux-thread-multi /nix/store/h36px8aaq0bdaby414fb5y6iz5v6gbw6-perl5.32.0-Package-Stash-0.38/lib/perl5/site_perl/5.32.0 /nix/store/h36px8aaq0bdaby414fb5y6iz5v6gbw6-perl5.32.0-Package-Stash-0.38/lib/perl5/site_perl /nix/store/p64m9isj5vx7s9kqvdys8ky3pm9cnva8-perl5.32.0-Sub-Install-0.928/lib/perl5/site_perl/5.32.0/x86_64-linux-thread-multi /nix/store/p64m9isj5vx7s9kqvdys8ky3pm9cnva8-perl5.32.0-Sub-Install-0.928/lib/perl5/site_perl/5.32.0 /nix/store/p64m9isj5vx7s9kqvdys8ky3pm9cnva8-perl5.32.0-Sub-Install-0.928/lib/perl5/site_perl /nix/store/hndlnawjwwlh69rzn6ffxvnb2nfkvsg3-perl5.32.0-Params-Util-1.07/lib/perl5/site_perl/5.32.0/x86_64-linux-thread-multi /nix/store/hndlnawjwwlh69rzn6ffxvnb2nfkvsg3-perl5.32.0-Params-Util-1.07/lib/perl5/site_perl/5.32.0 /nix/store/hndlnawjwwlh69rzn6ffxvnb2nfkvsg3-perl5.32.0-Params-Util-1.07/lib/perl5/site_perl /nix/store/xm7xfzp86zbj8pf39xvcf6sjq2nigyh6-perl5.32.0-Data-OptList-0.110/lib/perl5/site_perl/5.32.0/x86_64-linux-thread-multi /nix/store/xm7xfzp86zbj8pf39xvcf6sjq2nigyh6-perl5.32.0-Data-OptList-0.110/lib/perl5/site_perl/5.32.0 /nix/store/xm7xfzp86zbj8pf39xvcf6sjq2nigyh6-perl5.32.0-Data-OptList-0.110/lib/perl5/site_perl /nix/store/xqwnvcrwldppdim2wz6d1aczbln4j7yd-perl5.32.0-Class-Load-0.25/lib/perl5/site_perl/5.32.0/x86_64-linux-thread-multi /nix/store/xqwnvcrwldppdim2wz6d1aczbln4j7yd-perl5.32.0-Class-Load-0.25/lib/perl5/site_perl/5.32.0 /nix/store/xqwnvcrwldppdim2wz6d1aczbln4j7yd-perl5.32.0-Class-Load-0.25/lib/perl5/site_perl /nix/store/y1knlm05kynl2s83w0c002pggdl5461w-perl5.32.0-Class-Load-XS-0.10/lib/perl5/site_perl/5.32.0/x86_64-linux-thread-multi /nix/store/y1knlm05kynl2s83w0c002pggdl5461w-perl5.32.0-Class-Load-XS-0.10/lib/perl5/site_perl/5.32.0 /nix/store/y1knlm05kynl2s83w0c002pggdl5461w-perl5.32.0-Class-Load-XS-0.10/lib/perl5/site_perl /nix/store/fwbwzfmg1nk3hfab5gjgcckcg4pck39h-perl5.32.0-Moose-2.2012/lib/perl5/site_perl/5.32.0/x86_64-linux-thread-multi /nix/store/fwbwzfmg1nk3hfab5gjgcckcg4pck39h-perl5.32.0-Moose-2.2012/lib/perl5/site_perl/5.32.0 /nix/store/fwbwzfmg1nk3hfab5gjgcckcg4pck39h-perl5.32.0-Moose-2.2012/lib/perl5/site_perl /nix/store/xc6kpsk30m01kdxpk3yw6b6krkyyy3yi-perl5.32.0-Number-Fraction-2.01/lib/perl5/site_perl/5.32.0/x86_64-linux-thread-multi /nix/store/xc6kpsk30m01kdxpk3yw6b6krkyyy3yi-perl5.32.0-Number-Fraction-2.01/lib/perl5/site_perl/5.32.0 /nix/store/xc6kpsk30m01kdxpk3yw6b6krkyyy3yi-perl5.32.0-Number-Fraction-2.01/lib/perl5/site_perl /nix/store/8j571yzpb81idc3ykqspfgp56nn5gmgl-perl5.32.0-Math-BigInt-1.999816/lib/perl5/site_perl/5.32.0/x86_64-linux-thread-multi /nix/store/8j571yzpb81idc3ykqspfgp56nn5gmgl-perl5.32.0-Math-BigInt-1.999816/lib/perl5/site_perl/5.32.0 /nix/store/8j571yzpb81idc3ykqspfgp56nn5gmgl-perl5.32.0-Math-BigInt-1.999816/lib/perl5/site_perl /nix/store/kgwqv008rrbkqg38igzrzjjlch5qk3sk-perl5.32.0-Math-BigInt-Lite-0.18/lib/perl5/site_perl/5.32.0/x86_64-linux-thread-multi /nix/store/kgwqv008rrbkqg38igzrzjjlch5qk3sk-perl5.32.0-Math-BigInt-Lite-0.18/lib/perl5/site_perl/5.32.0 /nix/store/kgwqv008rrbkqg38igzrzjjlch5qk3sk-perl5.32.0-Math-BigInt-Lite-0.18/lib/perl5/site_perl /nix/store/h3x5y8zc6rbp5ja6scckdjlbgh27lxfa-perl5.32.0-Data-Float-0.013/lib/perl5/site_perl/5.32.0/x86_64-linux-thread-multi /nix/store/h3x5y8zc6rbp5ja6scckdjlbgh27lxfa-perl5.32.0-Data-Float-0.013/lib/perl5/site_perl/5.32.0 /nix/store/h3x5y8zc6rbp5ja6scckdjlbgh27lxfa-perl5.32.0-Data-Float-0.013/lib/perl5/site_perl /nix/store/7c044di03qa7qgr5kjjc2d787aspzp0m-perl-5.32.0/lib/perl5/site_perl/5.32.0/x86_64-linux-thread-multi /nix/store/7c044di03qa7qgr5kjjc2d787aspzp0m-perl-5.32.0/lib/perl5/site_perl/5.32.0 /nix/store/7c044di03qa7qgr5kjjc2d787aspzp0m-perl-5.32.0/lib/perl5/site_perl /build/Math-PlanePath-127/blib/lib /build/Math-PlanePath-127/blib/arch /nix/store/7c044di03qa7qgr5kjjc2d787aspzp0m-perl-5.32.0/lib/perl5/5.32.0/x86_64-linux-thread-multi /nix/store/7c044di03qa7qgr5kjjc2d787aspzp0m-perl-5.32.0/lib/perl5/5.32.0 .) at t/NumSeq-PlanePathN.t line 31.
#
t/NumSeq-PlanePathN.t ........... ok
t/NumSeq-PlanePathTurn.t ........ 1/80 # skip due to Math::NumSeq not available -- Can't locate Math/NumSeq.pm in @INC (you may need to install the Math::NumSeq module) (@INC contains: t /nix/store/lq53wwdydvvl4h7q44472xd97qba2n2z-perl5.32.0-Math-PlanePath-127/lib/perl5/site_perl /nix/store/gw760gpk0d0pil4ghs4mw12jdm7dqxn4-perl5.32.0-constant-defer-6/lib/perl5/site_perl/5.32.0/x86_64-linux-thread-multi /nix/store/gw760gpk0d0pil4ghs4mw12jdm7dqxn4-perl5.32.0-constant-defer-6/lib/perl5/site_perl/5.32.0 /nix/store/gw760gpk0d0pil4ghs4mw12jdm7dqxn4-perl5.32.0-constant-defer-6/lib/perl5/site_perl /nix/store/wjpwyc40dpvdvj16fi4fvrhfgyz037vl-perl5.32.0-Math-Libm-1.00/lib/perl5/site_perl/5.32.0/x86_64-linux-thread-multi /nix/store/wjpwyc40dpvdvj16fi4fvrhfgyz037vl-perl5.32.0-Math-Libm-1.00/lib/perl5/site_perl/5.32.0 /nix/store/wjpwyc40dpvdvj16fi4fvrhfgyz037vl-perl5.32.0-Math-Libm-1.00/lib/perl5/site_perl /nix/store/jxhha4bz5i653j0pdqi7pk2jh29l3262-perl5.32.0-Sub-Exporter-0.987/lib/perl5/site_perl/5.32.0/x86_64-linux-thread-multi /nix/store/jxhha4bz5i653j0pdqi7pk2jh29l3262-perl5.32.0-Sub-Exporter-0.987/lib/perl5/site_perl/5.32.0 /nix/store/jxhha4bz5i653j0pdqi7pk2jh29l3262-perl5.32.0-Sub-Exporter-0.987/lib/perl5/site_perl /nix/store/x98p96d400kwrh25rdxq8a9jlvgckfks-perl5.32.0-Package-Stash-XS-0.29/lib/perl5/site_perl/5.32.0/x86_64-linux-thread-multi /nix/store/x98p96d400kwrh25rdxq8a9jlvgckfks-perl5.32.0-Package-Stash-XS-0.29/lib/perl5/site_perl/5.32.0 /nix/store/x98p96d400kwrh25rdxq8a9jlvgckfks-perl5.32.0-Package-Stash-XS-0.29/lib/perl5/site_perl /nix/store/nmkbj6sg5222fbj6j8bgvkw3fngxiwjn-perl5.32.0-Sub-Name-0.26/lib/perl5/site_perl/5.32.0/x86_64-linux-thread-multi /nix/store/nmkbj6sg5222fbj6j8bgvkw3fngxiwjn-perl5.32.0-Sub-Name-0.26/lib/perl5/site_perl/5.32.0 /nix/store/nmkbj6sg5222fbj6j8bgvkw3fngxiwjn-perl5.32.0-Sub-Name-0.26/lib/perl5/site_perl /nix/store/q7pv962q04yxaplxjgv9sfbdm573izm9-perl5.32.0-Package-DeprecationManager-0.17/lib/perl5/site_perl/5.32.0/x86_64-linux-thread-multi /nix/store/q7pv962q04yxaplxjgv9sfbdm573izm9-perl5.32.0-Package-DeprecationManager-0.17/lib/perl5/site_perl/5.32.0 /nix/store/q7pv962q04yxaplxjgv9sfbdm573izm9-perl5.32.0-Package-DeprecationManager-0.17/lib/perl5/site_perl /nix/store/kmwskacpzcach8d9hh9l18i7q443q5h7-perl5.32.0-Module-Runtime-Conflicts-0.003/lib/perl5/site_perl/5.32.0/x86_64-linux-thread-multi /nix/store/kmwskacpzcach8d9hh9l18i7q443q5h7-perl5.32.0-Module-Runtime-Conflicts-0.003/lib/perl5/site_perl/5.32.0 /nix/store/kmwskacpzcach8d9hh9l18i7q443q5h7-perl5.32.0-Module-Runtime-Conflicts-0.003/lib/perl5/site_perl /nix/store/7ic8vg52bz4y49v3m8m0kassb2bx61cd-perl5.32.0-Eval-Closure-0.14/lib/perl5/site_perl/5.32.0/x86_64-linux-thread-multi /nix/store/7ic8vg52bz4y49v3m8m0kassb2bx61cd-perl5.32.0-Eval-Closure-0.14/lib/perl5/site_perl/5.32.0 /nix/store/7ic8vg52bz4y49v3m8m0kassb2bx61cd-perl5.32.0-Eval-Closure-0.14/lib/perl5/site_perl /nix/store/vw08fc5bkqqyj6cawwfxs1339bs15hj0-perl5.32.0-Devel-StackTrace-2.04/lib/perl5/site_perl/5.32.0/x86_64-linux-thread-multi /nix/store/vw08fc5bkqqyj6cawwfxs1339bs15hj0-perl5.32.0-Devel-StackTrace-2.04/lib/perl5/site_perl/5.32.0 /nix/store/vw08fc5bkqqyj6cawwfxs1339bs15hj0-perl5.32.0-Devel-StackTrace-2.04/lib/perl5/site_perl /nix/store/y630mycigrpn29l4z4qdpr586br72xaf-perl5.32.0-Sub-Identify-0.14/lib/perl5/site_perl/5.32.0/x86_64-linux-thread-multi /nix/store/y630mycigrpn29l4z4qdpr586br72xaf-perl5.32.0-Sub-Identify-0.14/lib/perl5/site_perl/5.32.0 /nix/store/y630mycigrpn29l4z4qdpr586br72xaf-perl5.32.0-Sub-Identify-0.14/lib/perl5/site_perl /nix/store/6vzwmab3bnkmy4i1v7zin2ykjkg7dgdm-perl5.32.0-MRO-Compat-0.13/lib/perl5/site_perl/5.32.0/x86_64-linux-thread-multi /nix/store/6vzwmab3bnkmy4i1v7zin2ykjkg7dgdm-perl5.32.0-MRO-Compat-0.13/lib/perl5/site_perl/5.32.0 /nix/store/6vzwmab3bnkmy4i1v7zin2ykjkg7dgdm-perl5.32.0-MRO-Compat-0.13/lib/perl5/site_perl /nix/store/jvzyvcbqqnmfs8vgbqdvvlrzx6743310-perl5.32.0-Devel-OverloadInfo-0.005/lib/perl5/site_perl/5.32.0/x86_64-linux-thread-multi /nix/store/jvzyvcbqqnmfs8vgbqdvvlrzx6743310-perl5.32.0-Devel-OverloadInfo-0.005/lib/perl5/site_perl/5.32.0 /nix/store/jvzyvcbqqnmfs8vgbqdvvlrzx6743310-perl5.32.0-Devel-OverloadInfo-0.005/lib/perl5/site_perl /nix/store/mhbp82xykbnv92l9dpapj5w9qc6faxfc-perl5.32.0-Sub-Exporter-Progressive-0.001013/lib/perl5/site_perl/5.32.0/x86_64-linux-thread-multi /nix/store/mhbp82xykbnv92l9dpapj5w9qc6faxfc-perl5.32.0-Sub-Exporter-Progressive-0.001013/lib/perl5/site_perl/5.32.0 /nix/store/mhbp82xykbnv92l9dpapj5w9qc6faxfc-perl5.32.0-Sub-Exporter-Progressive-0.001013/lib/perl5/site_perl /nix/store/gf760cgzdg96viici9asg19w1x9n73py-perl5.32.0-Devel-GlobalDestruction-0.14/lib/perl5/site_perl/5.32.0/x86_64-linux-thread-multi /nix/store/gf760cgzdg96viici9asg19w1x9n73py-perl5.32.0-Devel-GlobalDestruction-0.14/lib/perl5/site_perl/5.32.0 /nix/store/gf760cgzdg96viici9asg19w1x9n73py-perl5.32.0-Devel-GlobalDestruction-0.14/lib/perl5/site_perl /nix/store/g3f5ak08lfvggp9vjcvrjfyrrsvqnw4s-perl5.32.0-Try-Tiny-0.30/lib/perl5/site_perl/5.32.0/x86_64-linux-thread-multi /nix/store/g3f5ak08lfvggp9vjcvrjfyrrsvqnw4s-perl5.32.0-Try-Tiny-0.30/lib/perl5/site_perl/5.32.0 /nix/store/g3f5ak08lfvggp9vjcvrjfyrrsvqnw4s-perl5.32.0-Try-Tiny-0.30/lib/perl5/site_perl /nix/store/4p5i7190agrf7xpplfxmgi4r3f8idww9-perl5.32.0-Module-Implementation-0.09/lib/perl5/site_perl/5.32.0/x86_64-linux-thread-multi /nix/store/4p5i7190agrf7xpplfxmgi4r3f8idww9-perl5.32.0-Module-Implementation-0.09/lib/perl5/site_perl/5.32.0 /nix/store/4p5i7190agrf7xpplfxmgi4r3f8idww9-perl5.32.0-Module-Implementation-0.09/lib/perl5/site_perl /nix/store/kzlry0bxj3z9f54h0537fsnz444lzscr-perl5.32.0-Module-Runtime-0.016/lib/perl5/site_perl/5.32.0/x86_64-linux-thread-multi /nix/store/kzlry0bxj3z9f54h0537fsnz444lzscr-perl5.32.0-Module-Runtime-0.016/lib/perl5/site_perl/5.32.0 /nix/store/kzlry0bxj3z9f54h0537fsnz444lzscr-perl5.32.0-Module-Runtime-0.016/lib/perl5/site_perl /nix/store/s0m0fx0k6fw1irrv9v8hpdycd7vqfxqk-perl5.32.0-Dist-CheckConflicts-0.11/lib/perl5/site_perl/5.32.0/x86_64-linux-thread-multi /nix/store/s0m0fx0k6fw1irrv9v8hpdycd7vqfxqk-perl5.32.0-Dist-CheckConflicts-0.11/lib/perl5/site_perl/5.32.0 /nix/store/s0m0fx0k6fw1irrv9v8hpdycd7vqfxqk-perl5.32.0-Dist-CheckConflicts-0.11/lib/perl5/site_perl /nix/store/h36px8aaq0bdaby414fb5y6iz5v6gbw6-perl5.32.0-Package-Stash-0.38/lib/perl5/site_perl/5.32.0/x86_64-linux-thread-multi /nix/store/h36px8aaq0bdaby414fb5y6iz5v6gbw6-perl5.32.0-Package-Stash-0.38/lib/perl5/site_perl/5.32.0 /nix/store/h36px8aaq0bdaby414fb5y6iz5v6gbw6-perl5.32.0-Package-Stash-0.38/lib/perl5/site_perl /nix/store/p64m9isj5vx7s9kqvdys8ky3pm9cnva8-perl5.32.0-Sub-Install-0.928/lib/perl5/site_perl/5.32.0/x86_64-linux-thread-multi /nix/store/p64m9isj5vx7s9kqvdys8ky3pm9cnva8-perl5.32.0-Sub-Install-0.928/lib/perl5/site_perl/5.32.0 /nix/store/p64m9isj5vx7s9kqvdys8ky3pm9cnva8-perl5.32.0-Sub-Install-0.928/lib/perl5/site_perl /nix/store/hndlnawjwwlh69rzn6ffxvnb2nfkvsg3-perl5.32.0-Params-Util-1.07/lib/perl5/site_perl/5.32.0/x86_64-linux-thread-multi /nix/store/hndlnawjwwlh69rzn6ffxvnb2nfkvsg3-perl5.32.0-Params-Util-1.07/lib/perl5/site_perl/5.32.0 /nix/store/hndlnawjwwlh69rzn6ffxvnb2nfkvsg3-perl5.32.0-Params-Util-1.07/lib/perl5/site_perl /nix/store/xm7xfzp86zbj8pf39xvcf6sjq2nigyh6-perl5.32.0-Data-OptList-0.110/lib/perl5/site_perl/5.32.0/x86_64-linux-thread-multi /nix/store/xm7xfzp86zbj8pf39xvcf6sjq2nigyh6-perl5.32.0-Data-OptList-0.110/lib/perl5/site_perl/5.32.0 /nix/store/xm7xfzp86zbj8pf39xvcf6sjq2nigyh6-perl5.32.0-Data-OptList-0.110/lib/perl5/site_perl /nix/store/xqwnvcrwldppdim2wz6d1aczbln4j7yd-perl5.32.0-Class-Load-0.25/lib/perl5/site_perl/5.32.0/x86_64-linux-thread-multi /nix/store/xqwnvcrwldppdim2wz6d1aczbln4j7yd-perl5.32.0-Class-Load-0.25/lib/perl5/site_perl/5.32.0 /nix/store/xqwnvcrwldppdim2wz6d1aczbln4j7yd-perl5.32.0-Class-Load-0.25/lib/perl5/site_perl /nix/store/y1knlm05kynl2s83w0c002pggdl5461w-perl5.32.0-Class-Load-XS-0.10/lib/perl5/site_perl/5.32.0/x86_64-linux-thread-multi /nix/store/y1knlm05kynl2s83w0c002pggdl5461w-perl5.32.0-Class-Load-XS-0.10/lib/perl5/site_perl/5.32.0 /nix/store/y1knlm05kynl2s83w0c002pggdl5461w-perl5.32.0-Class-Load-XS-0.10/lib/perl5/site_perl /nix/store/fwbwzfmg1nk3hfab5gjgcckcg4pck39h-perl5.32.0-Moose-2.2012/lib/perl5/site_perl/5.32.0/x86_64-linux-thread-multi /nix/store/fwbwzfmg1nk3hfab5gjgcckcg4pck39h-perl5.32.0-Moose-2.2012/lib/perl5/site_perl/5.32.0 /nix/store/fwbwzfmg1nk3hfab5gjgcckcg4pck39h-perl5.32.0-Moose-2.2012/lib/perl5/site_perl /nix/store/xc6kpsk30m01kdxpk3yw6b6krkyyy3yi-perl5.32.0-Number-Fraction-2.01/lib/perl5/site_perl/5.32.0/x86_64-linux-thread-multi /nix/store/xc6kpsk30m01kdxpk3yw6b6krkyyy3yi-perl5.32.0-Number-Fraction-2.01/lib/perl5/site_perl/5.32.0 /nix/store/xc6kpsk30m01kdxpk3yw6b6krkyyy3yi-perl5.32.0-Number-Fraction-2.01/lib/perl5/site_perl /nix/store/8j571yzpb81idc3ykqspfgp56nn5gmgl-perl5.32.0-Math-BigInt-1.999816/lib/perl5/site_perl/5.32.0/x86_64-linux-thread-multi /nix/store/8j571yzpb81idc3ykqspfgp56nn5gmgl-perl5.32.0-Math-BigInt-1.999816/lib/perl5/site_perl/5.32.0 /nix/store/8j571yzpb81idc3ykqspfgp56nn5gmgl-perl5.32.0-Math-BigInt-1.999816/lib/perl5/site_perl /nix/store/kgwqv008rrbkqg38igzrzjjlch5qk3sk-perl5.32.0-Math-BigInt-Lite-0.18/lib/perl5/site_perl/5.32.0/x86_64-linux-thread-multi /nix/store/kgwqv008rrbkqg38igzrzjjlch5qk3sk-perl5.32.0-Math-BigInt-Lite-0.18/lib/perl5/site_perl/5.32.0 /nix/store/kgwqv008rrbkqg38igzrzjjlch5qk3sk-perl5.32.0-Math-BigInt-Lite-0.18/lib/perl5/site_perl /nix/store/h3x5y8zc6rbp5ja6scckdjlbgh27lxfa-perl5.32.0-Data-Float-0.013/lib/perl5/site_perl/5.32.0/x86_64-linux-thread-multi /nix/store/h3x5y8zc6rbp5ja6scckdjlbgh27lxfa-perl5.32.0-Data-Float-0.013/lib/perl5/site_perl/5.32.0 /nix/store/h3x5y8zc6rbp5ja6scckdjlbgh27lxfa-perl5.32.0-Data-Float-0.013/lib/perl5/site_perl /nix/store/7c044di03qa7qgr5kjjc2d787aspzp0m-perl-5.32.0/lib/perl5/site_perl/5.32.0/x86_64-linux-thread-multi /nix/store/7c044di03qa7qgr5kjjc2d787aspzp0m-perl-5.32.0/lib/perl5/site_perl/5.32.0 /nix/store/7c044di03qa7qgr5kjjc2d787aspzp0m-perl-5.32.0/lib/perl5/site_perl /build/Math-PlanePath-127/blib/lib /build/Math-PlanePath-127/blib/arch /nix/store/7c044di03qa7qgr5kjjc2d787aspzp0m-perl-5.32.0/lib/perl5/5.32.0/x86_64-linux-thread-multi /nix/store/7c044di03qa7qgr5kjjc2d787aspzp0m-perl-5.32.0/lib/perl5/5.32.0 .) at t/NumSeq-PlanePathTurn.t line 35.
#
t/NumSeq-PlanePathTurn.t ........ ok
t/PeanoCurve-load.t ............. ok
t/PeanoCurve.t .................. ok
t/PixelRings.t .................. ok
t/PlanePath.t ................... ok
t/PyramidRows.t ................. ok
t/PythagoreanTree.t ............. 1/349 # have_53bits: 1
t/PythagoreanTree.t ............. ok
t/QuadricCurve.t ................ ok
t/QuadricIslands.t .............. ok
t/QuintetCentres.t .............. ok
t/QuintetCurve.t ................ ok
t/QuintetReplicate.t ............ ok
t/RationalsTree.t ............... ok
t/Rows-load.t ................... ok
t/Rows.t ........................ ok
t/SacksSpiral.t ................. ok
t/SierpinskiArrowhead.t ......... ok
t/SierpinskiArrowheadCentres.t .. ok
t/SierpinskiCurve.t ............. ok
t/SierpinskiCurveStair.t ........ ok
t/SierpinskiTriangle.t .......... ok
t/SquareReplicate.t ............. ok
t/SquareSpiral.t ................ ok
t/Staircase.t ................... ok
t/StaircaseAlternating.t ........ ok
t/TerdragonCurve.t .............. ok
t/TerdragonMidpoint.t ........... ok
t/TheodorusSpiral.t ............. ok
t/TriangularHypot.t ............. ok
t/UlamWarburton.t ............... ok
t/UlamWarburtonQuarter.t ........ ok
t/VogelFloret.t ................. ok
t/WythoffArray.t ................ ok
t/ZOrderCurve.t ................. ok
All tests successful.
Files=107, Tests=35229, 22 wallclock secs ( 1.91 usr  0.14 sys + 18.92 cusr  2.44 csys = 23.41 CPU)
Result: PASS
installing
install flags: SHELL=/nix/store/9fqwwd4iybmhjqyxiaxycknslw6bgwh1-bash-4.4-p23/bin/bash pkgconfigdir=/nix/store/lq53wwdydvvl4h7q44472xd97qba2n2z-perl5.32.0-Math-PlanePath-127/lib/pkgconfig m4datadir=/nix/store/lq53wwdydvvl4h7q44472xd97qba2n2z-perl5.32.0-Math-PlanePath-127/share/aclocal aclocaldir=/nix/store/lq53wwdydvvl4h7q44472xd97qba2n2z-perl5.32.0-Math-PlanePath-127/share/aclocal install
Manifying 29 pod documents
Manifying 28 pod documents
Manifying 29 pod documents
Manifying 27 pod documents
Manifying 12 pod documents
Installing /nix/store/lq53wwdydvvl4h7q44472xd97qba2n2z-perl5.32.0-Math-PlanePath-127/lib/perl5/site_perl/5.32.0/Math/PlanePath.pm
Installing /nix/store/lq53wwdydvvl4h7q44472xd97qba2n2z-perl5.32.0-Math-PlanePath-127/lib/perl5/site_perl/5.32.0/Math/PlanePath/SquareSpiral.pm
Installing /nix/store/lq53wwdydvvl4h7q44472xd97qba2n2z-perl5.32.0-Math-PlanePath-127/lib/perl5/site_perl/5.32.0/Math/PlanePath/DivisibleColumns.pm
Installing /nix/store/lq53wwdydvvl4h7q44472xd97qba2n2z-perl5.32.0-Math-PlanePath-127/lib/perl5/site_perl/5.32.0/Math/PlanePath/GreekKeySpiral.pm
Installing /nix/store/lq53wwdydvvl4h7q44472xd97qba2n2z-perl5.32.0-Math-PlanePath-127/lib/perl5/site_perl/5.32.0/Math/PlanePath/KochCurve.pm
Installing /nix/store/lq53wwdydvvl4h7q44472xd97qba2n2z-perl5.32.0-Math-PlanePath-127/lib/perl5/site_perl/5.32.0/Math/PlanePath/PentSpiral.pm
Installing /nix/store/lq53wwdydvvl4h7q44472xd97qba2n2z-perl5.32.0-Math-PlanePath-127/lib/perl5/site_perl/5.32.0/Math/PlanePath/TerdragonMidpoint.pm
Installing /nix/store/lq53wwdydvvl4h7q44472xd97qba2n2z-perl5.32.0-Math-PlanePath-127/lib/perl5/site_perl/5.32.0/Math/PlanePath/TerdragonCurve.pm
Installing /nix/store/lq53wwdydvvl4h7q44472xd97qba2n2z-perl5.32.0-Math-PlanePath-127/lib/perl5/site_perl/5.32.0/Math/PlanePath/CCurve.pm
Installing /nix/store/lq53wwdydvvl4h7q44472xd97qba2n2z-perl5.32.0-Math-PlanePath-127/lib/perl5/site_perl/5.32.0/Math/PlanePath/HeptSpiralSkewed.pm
Installing /nix/store/lq53wwdydvvl4h7q44472xd97qba2n2z-perl5.32.0-Math-PlanePath-127/lib/perl5/site_perl/5.32.0/Math/PlanePath/DiamondSpiral.pm
Installing /nix/store/lq53wwdydvvl4h7q44472xd97qba2n2z-perl5.32.0-Math-PlanePath-127/lib/perl5/site_perl/5.32.0/Math/PlanePath/GosperReplicate.pm
Installing /nix/store/lq53wwdydvvl4h7q44472xd97qba2n2z-perl5.32.0-Math-PlanePath-127/lib/perl5/site_perl/5.32.0/Math/PlanePath/HilbertSpiral.pm
Installing /nix/store/lq53wwdydvvl4h7q44472xd97qba2n2z-perl5.32.0-Math-PlanePath-127/lib/perl5/site_perl/5.32.0/Math/PlanePath/QuadricIslands.pm
Installing /nix/store/lq53wwdydvvl4h7q44472xd97qba2n2z-perl5.32.0-Math-PlanePath-127/lib/perl5/site_perl/5.32.0/Math/PlanePath/CretanLabyrinth.pm
Installing /nix/store/lq53wwdydvvl4h7q44472xd97qba2n2z-perl5.32.0-Math-PlanePath-127/lib/perl5/site_perl/5.32.0/Math/PlanePath/Rows.pm
Installing /nix/store/lq53wwdydvvl4h7q44472xd97qba2n2z-perl5.32.0-Math-PlanePath-127/lib/perl5/site_perl/5.32.0/Math/PlanePath/StaircaseAlternating.pm
Installing /nix/store/lq53wwdydvvl4h7q44472xd97qba2n2z-perl5.32.0-Math-PlanePath-127/lib/perl5/site_perl/5.32.0/Math/PlanePath/Corner.pm
Installing /nix/store/lq53wwdydvvl4h7q44472xd97qba2n2z-perl5.32.0-Math-PlanePath-127/lib/perl5/site_perl/5.32.0/Math/PlanePath/DiagonalRationals.pm
Installing /nix/store/lq53wwdydvvl4h7q44472xd97qba2n2z-perl5.32.0-Math-PlanePath-127/lib/perl5/site_perl/5.32.0/Math/PlanePath/AlternatePaper.pm
Installing /nix/store/lq53wwdydvvl4h7q44472xd97qba2n2z-perl5.32.0-Math-PlanePath-127/lib/perl5/site_perl/5.32.0/Math/PlanePath/KnightSpiral.pm
Installing /nix/store/lq53wwdydvvl4h7q44472xd97qba2n2z-perl5.32.0-Math-PlanePath-127/lib/perl5/site_perl/5.32.0/Math/PlanePath/TheodorusSpiral.pm
Installing /nix/store/lq53wwdydvvl4h7q44472xd97qba2n2z-perl5.32.0-Math-PlanePath-127/lib/perl5/site_perl/5.32.0/Math/PlanePath/GcdRationals.pm
Installing /nix/store/lq53wwdydvvl4h7q44472xd97qba2n2z-perl5.32.0-Math-PlanePath-127/lib/perl5/site_perl/5.32.0/Math/PlanePath/HexArms.pm
Installing /nix/store/lq53wwdydvvl4h7q44472xd97qba2n2z-perl5.32.0-Math-PlanePath-127/lib/perl5/site_perl/5.32.0/Math/PlanePath/HIndexing.pm
Installing /nix/store/lq53wwdydvvl4h7q44472xd97qba2n2z-perl5.32.0-Math-PlanePath-127/lib/perl5/site_perl/5.32.0/Math/PlanePath/WythoffPreliminaryTriangle.pm
Installing /nix/store/lq53wwdydvvl4h7q44472xd97qba2n2z-perl5.32.0-Math-PlanePath-127/lib/perl5/site_perl/5.32.0/Math/PlanePath/TerdragonRounded.pm
Installing /nix/store/lq53wwdydvvl4h7q44472xd97qba2n2z-perl5.32.0-Math-PlanePath-127/lib/perl5/site_perl/5.32.0/Math/PlanePath/KochPeaks.pm
Installing /nix/store/lq53wwdydvvl4h7q44472xd97qba2n2z-perl5.32.0-Math-PlanePath-127/lib/perl5/site_perl/5.32.0/Math/PlanePath/TriangularHypot.pm
Installing /nix/store/lq53wwdydvvl4h7q44472xd97qba2n2z-perl5.32.0-Math-PlanePath-127/lib/perl5/site_perl/5.32.0/Math/PlanePath/WythoffArray.pm
Installing /nix/store/lq53wwdydvvl4h7q44472xd97qba2n2z-perl5.32.0-Math-PlanePath-127/lib/perl5/site_perl/5.32.0/Math/PlanePath/HilbertSides.pm
Installing /nix/store/lq53wwdydvvl4h7q44472xd97qba2n2z-perl5.32.0-Math-PlanePath-127/lib/perl5/site_perl/5.32.0/Math/PlanePath/AlternatePaperMidpoint.pm
Installing /nix/store/lq53wwdydvvl4h7q44472xd97qba2n2z-perl5.32.0-Math-PlanePath-127/lib/perl5/site_perl/5.32.0/Math/PlanePath/ComplexMinus.pm
Installing /nix/store/lq53wwdydvvl4h7q44472xd97qba2n2z-perl5.32.0-Math-PlanePath-127/lib/perl5/site_perl/5.32.0/Math/PlanePath/Flowsnake.pm
Installing /nix/store/lq53wwdydvvl4h7q44472xd97qba2n2z-perl5.32.0-Math-PlanePath-127/lib/perl5/site_perl/5.32.0/Math/PlanePath/FlowsnakeCentres.pm
Installing /nix/store/lq53wwdydvvl4h7q44472xd97qba2n2z-perl5.32.0-Math-PlanePath-127/lib/perl5/site_perl/5.32.0/Math/PlanePath/HilbertCurve.pm
Installing /nix/store/lq53wwdydvvl4h7q44472xd97qba2n2z-perl5.32.0-Math-PlanePath-127/lib/perl5/site_perl/5.32.0/Math/PlanePath/CfracDigits.pm
Installing /nix/store/lq53wwdydvvl4h7q44472xd97qba2n2z-perl5.32.0-Math-PlanePath-127/lib/perl5/site_perl/5.32.0/Math/PlanePath/SierpinskiTriangle.pm
Installing /nix/store/lq53wwdydvvl4h7q44472xd97qba2n2z-perl5.32.0-Math-PlanePath-127/lib/perl5/site_perl/5.32.0/Math/PlanePath/SierpinskiCurve.pm
Installing /nix/store/lq53wwdydvvl4h7q44472xd97qba2n2z-perl5.32.0-Math-PlanePath-127/lib/perl5/site_perl/5.32.0/Math/PlanePath/ArchimedeanChords.pm
Installing /nix/store/lq53wwdydvvl4h7q44472xd97qba2n2z-perl5.32.0-Math-PlanePath-127/lib/perl5/site_perl/5.32.0/Math/PlanePath/PowerArray.pm
Installing /nix/store/lq53wwdydvvl4h7q44472xd97qba2n2z-perl5.32.0-Math-PlanePath-127/lib/perl5/site_perl/5.32.0/Math/PlanePath/CellularRule54.pm
Installing /nix/store/lq53wwdydvvl4h7q44472xd97qba2n2z-perl5.32.0-Math-PlanePath-127/lib/perl5/site_perl/5.32.0/Math/PlanePath/File.pm
Installing /nix/store/lq53wwdydvvl4h7q44472xd97qba2n2z-perl5.32.0-Math-PlanePath-127/lib/perl5/site_perl/5.32.0/Math/PlanePath/CubicBase.pm
Installing /nix/store/lq53wwdydvvl4h7q44472xd97qba2n2z-perl5.32.0-Math-PlanePath-127/lib/perl5/site_perl/5.32.0/Math/PlanePath/PeanoCurve.pm
Installing /nix/store/lq53wwdydvvl4h7q44472xd97qba2n2z-perl5.32.0-Math-PlanePath-127/lib/perl5/site_perl/5.32.0/Math/PlanePath/KochSquareflakes.pm
Installing /nix/store/lq53wwdydvvl4h7q44472xd97qba2n2z-perl5.32.0-Math-PlanePath-127/lib/perl5/site_perl/5.32.0/Math/PlanePath/WunderlichMeander.pm
Installing /nix/store/lq53wwdydvvl4h7q44472xd97qba2n2z-perl5.32.0-Math-PlanePath-127/lib/perl5/site_perl/5.32.0/Math/PlanePath/PyramidRows.pm
Installing /nix/store/lq53wwdydvvl4h7q44472xd97qba2n2z-perl5.32.0-Math-PlanePath-127/lib/perl5/site_perl/5.32.0/Math/PlanePath/RationalsTree.pm
Installing /nix/store/lq53wwdydvvl4h7q44472xd97qba2n2z-perl5.32.0-Math-PlanePath-127/lib/perl5/site_perl/5.32.0/Math/PlanePath/Hypot.pm
Installing /nix/store/lq53wwdydvvl4h7q44472xd97qba2n2z-perl5.32.0-Math-PlanePath-127/lib/perl5/site_perl/5.32.0/Math/PlanePath/MultipleRings.pm
Installing /nix/store/lq53wwdydvvl4h7q44472xd97qba2n2z-perl5.32.0-Math-PlanePath-127/lib/perl5/site_perl/5.32.0/Math/PlanePath/SierpinskiArrowheadCentres.pm
Installing /nix/store/lq53wwdydvvl4h7q44472xd97qba2n2z-perl5.32.0-Math-PlanePath-127/lib/perl5/site_perl/5.32.0/Math/PlanePath/CellularRule.pm
Installing /nix/store/lq53wwdydvvl4h7q44472xd97qba2n2z-perl5.32.0-Math-PlanePath-127/lib/perl5/site_perl/5.32.0/Math/PlanePath/ChanTree.pm
Installing /nix/store/lq53wwdydvvl4h7q44472xd97qba2n2z-perl5.32.0-Math-PlanePath-127/lib/perl5/site_perl/5.32.0/Math/PlanePath/KochelCurve.pm
Installing /nix/store/lq53wwdydvvl4h7q44472xd97qba2n2z-perl5.32.0-Math-PlanePath-127/lib/perl5/site_perl/5.32.0/Math/PlanePath/DragonRounded.pm
Installing /nix/store/lq53wwdydvvl4h7q44472xd97qba2n2z-perl5.32.0-Math-PlanePath-127/lib/perl5/site_perl/5.32.0/Math/PlanePath/WunderlichSerpentine.pm
Installing /nix/store/lq53wwdydvvl4h7q44472xd97qba2n2z-perl5.32.0-Math-PlanePath-127/lib/perl5/site_perl/5.32.0/Math/PlanePath/Staircase.pm
Installing /nix/store/lq53wwdydvvl4h7q44472xd97qba2n2z-perl5.32.0-Math-PlanePath-127/lib/perl5/site_perl/5.32.0/Math/PlanePath/GrayCode.pm
Installing /nix/store/lq53wwdydvvl4h7q44472xd97qba2n2z-perl5.32.0-Math-PlanePath-127/lib/perl5/site_perl/5.32.0/Math/PlanePath/FractionsTree.pm
Installing /nix/store/lq53wwdydvvl4h7q44472xd97qba2n2z-perl5.32.0-Math-PlanePath-127/lib/perl5/site_perl/5.32.0/Math/PlanePath/QuintetCurve.pm
Installing /nix/store/lq53wwdydvvl4h7q44472xd97qba2n2z-perl5.32.0-Math-PlanePath-127/lib/perl5/site_perl/5.32.0/Math/PlanePath/TriangleSpiralSkewed.pm
Installing /nix/store/lq53wwdydvvl4h7q44472xd97qba2n2z-perl5.32.0-Math-PlanePath-127/lib/perl5/site_perl/5.32.0/Math/PlanePath/BetaOmega.pm
Installing /nix/store/lq53wwdydvvl4h7q44472xd97qba2n2z-perl5.32.0-Math-PlanePath-127/lib/perl5/site_perl/5.32.0/Math/PlanePath/CornerReplicate.pm
Installing /nix/store/lq53wwdydvvl4h7q44472xd97qba2n2z-perl5.32.0-Math-PlanePath-127/lib/perl5/site_perl/5.32.0/Math/PlanePath/SquareReplicate.pm
Installing /nix/store/lq53wwdydvvl4h7q44472xd97qba2n2z-perl5.32.0-Math-PlanePath-127/lib/perl5/site_perl/5.32.0/Math/PlanePath/DigitGroups.pm
Installing /nix/store/lq53wwdydvvl4h7q44472xd97qba2n2z-perl5.32.0-Math-PlanePath-127/lib/perl5/site_perl/5.32.0/Math/PlanePath/DekkingCentres.pm
Installing /nix/store/lq53wwdydvvl4h7q44472xd97qba2n2z-perl5.32.0-Math-PlanePath-127/lib/perl5/site_perl/5.32.0/Math/PlanePath/GosperSide.pm
Installing /nix/store/lq53wwdydvvl4h7q44472xd97qba2n2z-perl5.32.0-Math-PlanePath-127/lib/perl5/site_perl/5.32.0/Math/PlanePath/UlamWarburton.pm
Installing /nix/store/lq53wwdydvvl4h7q44472xd97qba2n2z-perl5.32.0-Math-PlanePath-127/lib/perl5/site_perl/5.32.0/Math/PlanePath/AlternateTerdragon.pm
Installing /nix/store/lq53wwdydvvl4h7q44472xd97qba2n2z-perl5.32.0-Math-PlanePath-127/lib/perl5/site_perl/5.32.0/Math/PlanePath/SquareArms.pm
Installing /nix/store/lq53wwdydvvl4h7q44472xd97qba2n2z-perl5.32.0-Math-PlanePath-127/lib/perl5/site_perl/5.32.0/Math/PlanePath/CincoCurve.pm
Installing /nix/store/lq53wwdydvvl4h7q44472xd97qba2n2z-perl5.32.0-Math-PlanePath-127/lib/perl5/site_perl/5.32.0/Math/PlanePath/QuintetReplicate.pm
Installing /nix/store/lq53wwdydvvl4h7q44472xd97qba2n2z-perl5.32.0-Math-PlanePath-127/lib/perl5/site_perl/5.32.0/Math/PlanePath/QuadricCurve.pm
Installing /nix/store/lq53wwdydvvl4h7q44472xd97qba2n2z-perl5.32.0-Math-PlanePath-127/lib/perl5/site_perl/5.32.0/Math/PlanePath/ComplexRevolving.pm
Installing /nix/store/lq53wwdydvvl4h7q44472xd97qba2n2z-perl5.32.0-Math-PlanePath-127/lib/perl5/site_perl/5.32.0/Math/PlanePath/SacksSpiral.pm
Installing /nix/store/lq53wwdydvvl4h7q44472xd97qba2n2z-perl5.32.0-Math-PlanePath-127/lib/perl5/site_perl/5.32.0/Math/PlanePath/PentSpiralSkewed.pm
Installing /nix/store/lq53wwdydvvl4h7q44472xd97qba2n2z-perl5.32.0-Math-PlanePath-127/lib/perl5/site_perl/5.32.0/Math/PlanePath/DiagonalsAlternating.pm
Installing /nix/store/lq53wwdydvvl4h7q44472xd97qba2n2z-perl5.32.0-Math-PlanePath-127/lib/perl5/site_perl/5.32.0/Math/PlanePath/KochSnowflakes.pm
Installing /nix/store/lq53wwdydvvl4h7q44472xd97qba2n2z-perl5.32.0-Math-PlanePath-127/lib/perl5/site_perl/5.32.0/Math/PlanePath/AR2W2Curve.pm
Installing /nix/store/lq53wwdydvvl4h7q44472xd97qba2n2z-perl5.32.0-Math-PlanePath-127/lib/perl5/site_perl/5.32.0/Math/PlanePath/SierpinskiCurveStair.pm
Installing /nix/store/lq53wwdydvvl4h7q44472xd97qba2n2z-perl5.32.0-Math-PlanePath-127/lib/perl5/site_perl/5.32.0/Math/PlanePath/Diagonals.pm
Installing /nix/store/lq53wwdydvvl4h7q44472xd97qba2n2z-perl5.32.0-Math-PlanePath-127/lib/perl5/site_perl/5.32.0/Math/PlanePath/DekkingCurve.pm
Installing /nix/store/lq53wwdydvvl4h7q44472xd97qba2n2z-perl5.32.0-Math-PlanePath-127/lib/perl5/site_perl/5.32.0/Math/PlanePath/DragonMidpoint.pm
Installing /nix/store/lq53wwdydvvl4h7q44472xd97qba2n2z-perl5.32.0-Math-PlanePath-127/lib/perl5/site_perl/5.32.0/Math/PlanePath/PyramidSpiral.pm
Installing /nix/store/lq53wwdydvvl4h7q44472xd97qba2n2z-perl5.32.0-Math-PlanePath-127/lib/perl5/site_perl/5.32.0/Math/PlanePath/DiamondArms.pm
Installing /nix/store/lq53wwdydvvl4h7q44472xd97qba2n2z-perl5.32.0-Math-PlanePath-127/lib/perl5/site_perl/5.32.0/Math/PlanePath/CoprimeColumns.pm
Installing /nix/store/lq53wwdydvvl4h7q44472xd97qba2n2z-perl5.32.0-Math-PlanePath-127/lib/perl5/site_perl/5.32.0/Math/PlanePath/MPeaks.pm
Installing /nix/store/lq53wwdydvvl4h7q44472xd97qba2n2z-perl5.32.0-Math-PlanePath-127/lib/perl5/site_perl/5.32.0/Math/PlanePath/AnvilSpiral.pm
Installing /nix/store/lq53wwdydvvl4h7q44472xd97qba2n2z-perl5.32.0-Math-PlanePath-127/lib/perl5/site_perl/5.32.0/Math/PlanePath/CellularRule57.pm
Installing /nix/store/lq53wwdydvvl4h7q44472xd97qba2n2z-perl5.32.0-Math-PlanePath-127/lib/perl5/site_perl/5.32.0/Math/PlanePath/PyramidSides.pm
Installing /nix/store/lq53wwdydvvl4h7q44472xd97qba2n2z-perl5.32.0-Math-PlanePath-127/lib/perl5/site_perl/5.32.0/Math/PlanePath/R5DragonCurve.pm
Installing /nix/store/lq53wwdydvvl4h7q44472xd97qba2n2z-perl5.32.0-Math-PlanePath-127/lib/perl5/site_perl/5.32.0/Math/PlanePath/TriangleSpiral.pm
Installing /nix/store/lq53wwdydvvl4h7q44472xd97qba2n2z-perl5.32.0-Math-PlanePath-127/lib/perl5/site_perl/5.32.0/Math/PlanePath/ImaginaryBase.pm
Installing /nix/store/lq53wwdydvvl4h7q44472xd97qba2n2z-perl5.32.0-Math-PlanePath-127/lib/perl5/site_perl/5.32.0/Math/PlanePath/ZOrderCurve.pm
Installing /nix/store/lq53wwdydvvl4h7q44472xd97qba2n2z-perl5.32.0-Math-PlanePath-127/lib/perl5/site_perl/5.32.0/Math/PlanePath/ImaginaryHalf.pm
Installing /nix/store/lq53wwdydvvl4h7q44472xd97qba2n2z-perl5.32.0-Math-PlanePath-127/lib/perl5/site_perl/5.32.0/Math/PlanePath/PixelRings.pm
Installing /nix/store/lq53wwdydvvl4h7q44472xd97qba2n2z-perl5.32.0-Math-PlanePath-127/lib/perl5/site_perl/5.32.0/Math/PlanePath/HexSpiral.pm
Installing /nix/store/lq53wwdydvvl4h7q44472xd97qba2n2z-perl5.32.0-Math-PlanePath-127/lib/perl5/site_perl/5.32.0/Math/PlanePath/VogelFloret.pm
Installing /nix/store/lq53wwdydvvl4h7q44472xd97qba2n2z-perl5.32.0-Math-PlanePath-127/lib/perl5/site_perl/5.32.0/Math/PlanePath/PythagoreanTree.pm
Installing /nix/store/lq53wwdydvvl4h7q44472xd97qba2n2z-perl5.32.0-Math-PlanePath-127/lib/perl5/site_perl/5.32.0/Math/PlanePath/HypotOctant.pm
Installing /nix/store/lq53wwdydvvl4h7q44472xd97qba2n2z-perl5.32.0-Math-PlanePath-127/lib/perl5/site_perl/5.32.0/Math/PlanePath/AztecDiamondRings.pm
Installing /nix/store/lq53wwdydvvl4h7q44472xd97qba2n2z-perl5.32.0-Math-PlanePath-127/lib/perl5/site_perl/5.32.0/Math/PlanePath/UlamWarburtonQuarter.pm
Installing /nix/store/lq53wwdydvvl4h7q44472xd97qba2n2z-perl5.32.0-Math-PlanePath-127/lib/perl5/site_perl/5.32.0/Math/PlanePath/SierpinskiArrowhead.pm
Installing /nix/store/lq53wwdydvvl4h7q44472xd97qba2n2z-perl5.32.0-Math-PlanePath-127/lib/perl5/site_perl/5.32.0/Math/PlanePath/FactorRationals.pm
Installing /nix/store/lq53wwdydvvl4h7q44472xd97qba2n2z-perl5.32.0-Math-PlanePath-127/lib/perl5/site_perl/5.32.0/Math/PlanePath/LTiling.pm
Installing /nix/store/lq53wwdydvvl4h7q44472xd97qba2n2z-perl5.32.0-Math-PlanePath-127/lib/perl5/site_perl/5.32.0/Math/PlanePath/ComplexPlus.pm
Installing /nix/store/lq53wwdydvvl4h7q44472xd97qba2n2z-perl5.32.0-Math-PlanePath-127/lib/perl5/site_perl/5.32.0/Math/PlanePath/GosperIslands.pm
Installing /nix/store/lq53wwdydvvl4h7q44472xd97qba2n2z-perl5.32.0-Math-PlanePath-127/lib/perl5/site_perl/5.32.0/Math/PlanePath/Columns.pm
Installing /nix/store/lq53wwdydvvl4h7q44472xd97qba2n2z-perl5.32.0-Math-PlanePath-127/lib/perl5/site_perl/5.32.0/Math/PlanePath/CellularRule190.pm
Installing /nix/store/lq53wwdydvvl4h7q44472xd97qba2n2z-perl5.32.0-Math-PlanePath-127/lib/perl5/site_perl/5.32.0/Math/PlanePath/DiagonalsOctant.pm
Installing /nix/store/lq53wwdydvvl4h7q44472xd97qba2n2z-perl5.32.0-Math-PlanePath-127/lib/perl5/site_perl/5.32.0/Math/PlanePath/HexSpiralSkewed.pm
Installing /nix/store/lq53wwdydvvl4h7q44472xd97qba2n2z-perl5.32.0-Math-PlanePath-127/lib/perl5/site_perl/5.32.0/Math/PlanePath/FilledRings.pm
Installing /nix/store/lq53wwdydvvl4h7q44472xd97qba2n2z-perl5.32.0-Math-PlanePath-127/lib/perl5/site_perl/5.32.0/Math/PlanePath/FibonacciWordFractal.pm
Installing /nix/store/lq53wwdydvvl4h7q44472xd97qba2n2z-perl5.32.0-Math-PlanePath-127/lib/perl5/site_perl/5.32.0/Math/PlanePath/OctagramSpiral.pm
Installing /nix/store/lq53wwdydvvl4h7q44472xd97qba2n2z-perl5.32.0-Math-PlanePath-127/lib/perl5/site_perl/5.32.0/Math/PlanePath/QuintetCentres.pm
Installing /nix/store/lq53wwdydvvl4h7q44472xd97qba2n2z-perl5.32.0-Math-PlanePath-127/lib/perl5/site_perl/5.32.0/Math/PlanePath/R5DragonMidpoint.pm
Installing /nix/store/lq53wwdydvvl4h7q44472xd97qba2n2z-perl5.32.0-Math-PlanePath-127/lib/perl5/site_perl/5.32.0/Math/PlanePath/DragonCurve.pm
Installing /nix/store/lq53wwdydvvl4h7q44472xd97qba2n2z-perl5.32.0-Math-PlanePath-127/lib/perl5/site_perl/5.32.0/Math/PlanePath/Base/Generic.pm
Installing /nix/store/lq53wwdydvvl4h7q44472xd97qba2n2z-perl5.32.0-Math-PlanePath-127/lib/perl5/site_perl/5.32.0/Math/PlanePath/Base/Digits.pm
Installing /nix/store/lq53wwdydvvl4h7q44472xd97qba2n2z-perl5.32.0-Math-PlanePath-127/lib/perl5/site_perl/5.32.0/Math/PlanePath/Base/NSEW.pm
Installing /nix/store/lq53wwdydvvl4h7q44472xd97qba2n2z-perl5.32.0-Math-PlanePath-127/lib/perl5/site_perl/5.32.0/Math/NumSeq/PlanePathCoord.pm
Installing /nix/store/lq53wwdydvvl4h7q44472xd97qba2n2z-perl5.32.0-Math-PlanePath-127/lib/perl5/site_perl/5.32.0/Math/NumSeq/PlanePathTurn.pm
Installing /nix/store/lq53wwdydvvl4h7q44472xd97qba2n2z-perl5.32.0-Math-PlanePath-127/lib/perl5/site_perl/5.32.0/Math/NumSeq/PlanePathN.pm
Installing /nix/store/lq53wwdydvvl4h7q44472xd97qba2n2z-perl5.32.0-Math-PlanePath-127/lib/perl5/site_perl/5.32.0/Math/NumSeq/PlanePathDelta.pm
Installing /nix/store/lq53wwdydvvl4h7q44472xd97qba2n2z-perl5.32.0-Math-PlanePath-127/lib/perl5/site_perl/5.32.0/Math/NumSeq/OEIS/Catalogue/Plugin/PlanePath.pm
Installing /nix/store/lq53wwdydvvl4h7q44472xd97qba2n2z-perl5.32.0-Math-PlanePath-127/share/man/man3/Math::PlanePath::HilbertSpiral.3
Installing /nix/store/lq53wwdydvvl4h7q44472xd97qba2n2z-perl5.32.0-Math-PlanePath-127/share/man/man3/Math::PlanePath::WythoffArray.3
Installing /nix/store/lq53wwdydvvl4h7q44472xd97qba2n2z-perl5.32.0-Math-PlanePath-127/share/man/man3/Math::PlanePath::Columns.3
Installing /nix/store/lq53wwdydvvl4h7q44472xd97qba2n2z-perl5.32.0-Math-PlanePath-127/share/man/man3/Math::PlanePath::SierpinskiArrowheadCentres.3
Installing /nix/store/lq53wwdydvvl4h7q44472xd97qba2n2z-perl5.32.0-Math-PlanePath-127/share/man/man3/Math::PlanePath::HexSpiral.3
Installing /nix/store/lq53wwdydvvl4h7q44472xd97qba2n2z-perl5.32.0-Math-PlanePath-127/share/man/man3/Math::PlanePath::CellularRule.3
Installing /nix/store/lq53wwdydvvl4h7q44472xd97qba2n2z-perl5.32.0-Math-PlanePath-127/share/man/man3/Math::PlanePath::CCurve.3
Installing /nix/store/lq53wwdydvvl4h7q44472xd97qba2n2z-perl5.32.0-Math-PlanePath-127/share/man/man3/Math::PlanePath::DivisibleColumns.3
Installing /nix/store/lq53wwdydvvl4h7q44472xd97qba2n2z-perl5.32.0-Math-PlanePath-127/share/man/man3/Math::PlanePath::KochPeaks.3
Installing /nix/store/lq53wwdydvvl4h7q44472xd97qba2n2z-perl5.32.0-Math-PlanePath-127/share/man/man3/Math::PlanePath::CubicBase.3
Installing /nix/store/lq53wwdydvvl4h7q44472xd97qba2n2z-perl5.32.0-Math-PlanePath-127/share/man/man3/Math::PlanePath::DiagonalsAlternating.3
Installing /nix/store/lq53wwdydvvl4h7q44472xd97qba2n2z-perl5.32.0-Math-PlanePath-127/share/man/man3/Math::PlanePath::HilbertSides.3
Installing /nix/store/lq53wwdydvvl4h7q44472xd97qba2n2z-perl5.32.0-Math-PlanePath-127/share/man/man3/Math::PlanePath::HexSpiralSkewed.3
Installing /nix/store/lq53wwdydvvl4h7q44472xd97qba2n2z-perl5.32.0-Math-PlanePath-127/share/man/man3/Math::PlanePath::FilledRings.3
Installing /nix/store/lq53wwdydvvl4h7q44472xd97qba2n2z-perl5.32.0-Math-PlanePath-127/share/man/man3/Math::PlanePath::GosperIslands.3
Installing /nix/store/lq53wwdydvvl4h7q44472xd97qba2n2z-perl5.32.0-Math-PlanePath-127/share/man/man3/Math::PlanePath::DigitGroups.3
Installing /nix/store/lq53wwdydvvl4h7q44472xd97qba2n2z-perl5.32.0-Math-PlanePath-127/share/man/man3/Math::PlanePath::PentSpiral.3
Installing /nix/store/lq53wwdydvvl4h7q44472xd97qba2n2z-perl5.32.0-Math-PlanePath-127/share/man/man3/Math::PlanePath::DekkingCurve.3
Installing /nix/store/lq53wwdydvvl4h7q44472xd97qba2n2z-perl5.32.0-Math-PlanePath-127/share/man/man3/Math::PlanePath::TriangleSpiral.3
Installing /nix/store/lq53wwdydvvl4h7q44472xd97qba2n2z-perl5.32.0-Math-PlanePath-127/share/man/man3/Math::PlanePath::GcdRationals.3
Installing /nix/store/lq53wwdydvvl4h7q44472xd97qba2n2z-perl5.32.0-Math-PlanePath-127/share/man/man3/Math::PlanePath::TerdragonMidpoint.3
Installing /nix/store/lq53wwdydvvl4h7q44472xd97qba2n2z-perl5.32.0-Math-PlanePath-127/share/man/man3/Math::PlanePath::ComplexMinus.3
Installing /nix/store/lq53wwdydvvl4h7q44472xd97qba2n2z-perl5.32.0-Math-PlanePath-127/share/man/man3/Math::PlanePath::SierpinskiCurve.3
Installing /nix/store/lq53wwdydvvl4h7q44472xd97qba2n2z-perl5.32.0-Math-PlanePath-127/share/man/man3/Math::PlanePath::SierpinskiArrowhead.3
Installing /nix/store/lq53wwdydvvl4h7q44472xd97qba2n2z-perl5.32.0-Math-PlanePath-127/share/man/man3/Math::PlanePath::GosperReplicate.3
Installing /nix/store/lq53wwdydvvl4h7q44472xd97qba2n2z-perl5.32.0-Math-PlanePath-127/share/man/man3/Math::PlanePath::DekkingCentres.3
Installing /nix/store/lq53wwdydvvl4h7q44472xd97qba2n2z-perl5.32.0-Math-PlanePath-127/share/man/man3/Math::NumSeq::PlanePathDelta.3
Installing /nix/store/lq53wwdydvvl4h7q44472xd97qba2n2z-perl5.32.0-Math-PlanePath-127/share/man/man3/Math::PlanePath::PyramidSpiral.3
Installing /nix/store/lq53wwdydvvl4h7q44472xd97qba2n2z-perl5.32.0-Math-PlanePath-127/share/man/man3/Math::PlanePath::AlternateTerdragon.3
Installing /nix/store/lq53wwdydvvl4h7q44472xd97qba2n2z-perl5.32.0-Math-PlanePath-127/share/man/man3/Math::PlanePath::PeanoCurve.3
Installing /nix/store/lq53wwdydvvl4h7q44472xd97qba2n2z-perl5.32.0-Math-PlanePath-127/share/man/man3/Math::PlanePath::CretanLabyrinth.3
Installing /nix/store/lq53wwdydvvl4h7q44472xd97qba2n2z-perl5.32.0-Math-PlanePath-127/share/man/man3/Math::PlanePath::KochSnowflakes.3
Installing /nix/store/lq53wwdydvvl4h7q44472xd97qba2n2z-perl5.32.0-Math-PlanePath-127/share/man/man3/Math::PlanePath::Diagonals.3
Installing /nix/store/lq53wwdydvvl4h7q44472xd97qba2n2z-perl5.32.0-Math-PlanePath-127/share/man/man3/Math::PlanePath::PyramidRows.3
Installing /nix/store/lq53wwdydvvl4h7q44472xd97qba2n2z-perl5.32.0-Math-PlanePath-127/share/man/man3/Math::PlanePath.3
Installing /nix/store/lq53wwdydvvl4h7q44472xd97qba2n2z-perl5.32.0-Math-PlanePath-127/share/man/man3/Math::PlanePath::MPeaks.3
Installing /nix/store/lq53wwdydvvl4h7q44472xd97qba2n2z-perl5.32.0-Math-PlanePath-127/share/man/man3/Math::PlanePath::Rows.3
Installing /nix/store/lq53wwdydvvl4h7q44472xd97qba2n2z-perl5.32.0-Math-PlanePath-127/share/man/man3/Math::PlanePath::TriangularHypot.3
Installing /nix/store/lq53wwdydvvl4h7q44472xd97qba2n2z-perl5.32.0-Math-PlanePath-127/share/man/man3/Math::PlanePath::HilbertCurve.3
Installing /nix/store/lq53wwdydvvl4h7q44472xd97qba2n2z-perl5.32.0-Math-PlanePath-127/share/man/man3/Math::PlanePath::CellularRule190.3
Installing /nix/store/lq53wwdydvvl4h7q44472xd97qba2n2z-perl5.32.0-Math-PlanePath-127/share/man/man3/Math::PlanePath::GosperSide.3
Installing /nix/store/lq53wwdydvvl4h7q44472xd97qba2n2z-perl5.32.0-Math-PlanePath-127/share/man/man3/Math::PlanePath::Base::Digits.3
Installing /nix/store/lq53wwdydvvl4h7q44472xd97qba2n2z-perl5.32.0-Math-PlanePath-127/share/man/man3/Math::PlanePath::Base::Generic.3
Installing /nix/store/lq53wwdydvvl4h7q44472xd97qba2n2z-perl5.32.0-Math-PlanePath-127/share/man/man3/Math::PlanePath::AztecDiamondRings.3
Installing /nix/store/lq53wwdydvvl4h7q44472xd97qba2n2z-perl5.32.0-Math-PlanePath-127/share/man/man3/Math::PlanePath::TheodorusSpiral.3
Installing /nix/store/lq53wwdydvvl4h7q44472xd97qba2n2z-perl5.32.0-Math-PlanePath-127/share/man/man3/Math::PlanePath::DiamondSpiral.3
Installing /nix/store/lq53wwdydvvl4h7q44472xd97qba2n2z-perl5.32.0-Math-PlanePath-127/share/man/man3/Math::PlanePath::BetaOmega.3
Installing /nix/store/lq53wwdydvvl4h7q44472xd97qba2n2z-perl5.32.0-Math-PlanePath-127/share/man/man3/Math::PlanePath::PentSpiralSkewed.3
Installing /nix/store/lq53wwdydvvl4h7q44472xd97qba2n2z-perl5.32.0-Math-PlanePath-127/share/man/man3/Math::PlanePath::Hypot.3
Installing /nix/store/lq53wwdydvvl4h7q44472xd97qba2n2z-perl5.32.0-Math-PlanePath-127/share/man/man3/Math::PlanePath::DragonMidpoint.3
Installing /nix/store/lq53wwdydvvl4h7q44472xd97qba2n2z-perl5.32.0-Math-PlanePath-127/share/man/man3/Math::PlanePath::R5DragonMidpoint.3
Installing /nix/store/lq53wwdydvvl4h7q44472xd97qba2n2z-perl5.32.0-Math-PlanePath-127/share/man/man3/Math::PlanePath::ZOrderCurve.3
Installing /nix/store/lq53wwdydvvl4h7q44472xd97qba2n2z-perl5.32.0-Math-PlanePath-127/share/man/man3/Math::PlanePath::FactorRationals.3
Installing /nix/store/lq53wwdydvvl4h7q44472xd97qba2n2z-perl5.32.0-Math-PlanePath-127/share/man/man3/Math::PlanePath::CellularRule57.3
Installing /nix/store/lq53wwdydvvl4h7q44472xd97qba2n2z-perl5.32.0-Math-PlanePath-127/share/man/man3/Math::PlanePath::SierpinskiCurveStair.3
Installing /nix/store/lq53wwdydvvl4h7q44472xd97qba2n2z-perl5.32.0-Math-PlanePath-127/share/man/man3/Math::PlanePath::AR2W2Curve.3
Installing /nix/store/lq53wwdydvvl4h7q44472xd97qba2n2z-perl5.32.0-Math-PlanePath-127/share/man/man3/Math::PlanePath::QuadricCurve.3
Installing /nix/store/lq53wwdydvvl4h7q44472xd97qba2n2z-perl5.32.0-Math-PlanePath-127/share/man/man3/Math::PlanePath::OctagramSpiral.3
Installing /nix/store/lq53wwdydvvl4h7q44472xd97qba2n2z-perl5.32.0-Math-PlanePath-127/share/man/man3/Math::PlanePath::R5DragonCurve.3
Installing /nix/store/lq53wwdydvvl4h7q44472xd97qba2n2z-perl5.32.0-Math-PlanePath-127/share/man/man3/Math::PlanePath::ArchimedeanChords.3
Installing /nix/store/lq53wwdydvvl4h7q44472xd97qba2n2z-perl5.32.0-Math-PlanePath-127/share/man/man3/Math::PlanePath::UlamWarburtonQuarter.3
Installing /nix/store/lq53wwdydvvl4h7q44472xd97qba2n2z-perl5.32.0-Math-PlanePath-127/share/man/man3/Math::PlanePath::HIndexing.3
Installing /nix/store/lq53wwdydvvl4h7q44472xd97qba2n2z-perl5.32.0-Math-PlanePath-127/share/man/man3/Math::PlanePath::KochCurve.3
Installing /nix/store/lq53wwdydvvl4h7q44472xd97qba2n2z-perl5.32.0-Math-PlanePath-127/share/man/man3/Math::PlanePath::PyramidSides.3
Installing /nix/store/lq53wwdydvvl4h7q44472xd97qba2n2z-perl5.32.0-Math-PlanePath-127/share/man/man3/Math::PlanePath::AnvilSpiral.3
Installing /nix/store/lq53wwdydvvl4h7q44472xd97qba2n2z-perl5.32.0-Math-PlanePath-127/share/man/man3/Math::PlanePath::WunderlichMeander.3
Installing /nix/store/lq53wwdydvvl4h7q44472xd97qba2n2z-perl5.32.0-Math-PlanePath-127/share/man/man3/Math::PlanePath::SquareReplicate.3
Installing /nix/store/lq53wwdydvvl4h7q44472xd97qba2n2z-perl5.32.0-Math-PlanePath-127/share/man/man3/Math::PlanePath::CellularRule54.3
Installing /nix/store/lq53wwdydvvl4h7q44472xd97qba2n2z-perl5.32.0-Math-PlanePath-127/share/man/man3/Math::PlanePath::TriangleSpiralSkewed.3
Installing /nix/store/lq53wwdydvvl4h7q44472xd97qba2n2z-perl5.32.0-Math-PlanePath-127/share/man/man3/Math::PlanePath::ImaginaryHalf.3
Installing /nix/store/lq53wwdydvvl4h7q44472xd97qba2n2z-perl5.32.0-Math-PlanePath-127/share/man/man3/Math::PlanePath::CfracDigits.3
Installing /nix/store/lq53wwdydvvl4h7q44472xd97qba2n2z-perl5.32.0-Math-PlanePath-127/share/man/man3/Math::PlanePath::SquareArms.3
Installing /nix/store/lq53wwdydvvl4h7q44472xd97qba2n2z-perl5.32.0-Math-PlanePath-127/share/man/man3/Math::PlanePath::QuadricIslands.3
Installing /nix/store/lq53wwdydvvl4h7q44472xd97qba2n2z-perl5.32.0-Math-PlanePath-127/share/man/man3/Math::PlanePath::Corner.3
Installing /nix/store/lq53wwdydvvl4h7q44472xd97qba2n2z-perl5.32.0-Math-PlanePath-127/share/man/man3/Math::PlanePath::SacksSpiral.3
Installing /nix/store/lq53wwdydvvl4h7q44472xd97qba2n2z-perl5.32.0-Math-PlanePath-127/share/man/man3/Math::PlanePath::PowerArray.3
Installing /nix/store/lq53wwdydvvl4h7q44472xd97qba2n2z-perl5.32.0-Math-PlanePath-127/share/man/man3/Math::PlanePath::GreekKeySpiral.3
Installing /nix/store/lq53wwdydvvl4h7q44472xd97qba2n2z-perl5.32.0-Math-PlanePath-127/share/man/man3/Math::PlanePath::ComplexRevolving.3
Installing /nix/store/lq53wwdydvvl4h7q44472xd97qba2n2z-perl5.32.0-Math-PlanePath-127/share/man/man3/Math::PlanePath::TerdragonCurve.3
Installing /nix/store/lq53wwdydvvl4h7q44472xd97qba2n2z-perl5.32.0-Math-PlanePath-127/share/man/man3/Math::PlanePath::DiagonalRationals.3
Installing /nix/store/lq53wwdydvvl4h7q44472xd97qba2n2z-perl5.32.0-Math-PlanePath-127/share/man/man3/Math::PlanePath::Staircase.3
Installing /nix/store/lq53wwdydvvl4h7q44472xd97qba2n2z-perl5.32.0-Math-PlanePath-127/share/man/man3/Math::PlanePath::ComplexPlus.3
Installing /nix/store/lq53wwdydvvl4h7q44472xd97qba2n2z-perl5.32.0-Math-PlanePath-127/share/man/man3/Math::PlanePath::StaircaseAlternating.3
Installing /nix/store/lq53wwdydvvl4h7q44472xd97qba2n2z-perl5.32.0-Math-PlanePath-127/share/man/man3/Math::PlanePath::FractionsTree.3
Installing /nix/store/lq53wwdydvvl4h7q44472xd97qba2n2z-perl5.32.0-Math-PlanePath-127/share/man/man3/Math::PlanePath::KochSquareflakes.3
Installing /nix/store/lq53wwdydvvl4h7q44472xd97qba2n2z-perl5.32.0-Math-PlanePath-127/share/man/man3/Math::PlanePath::RationalsTree.3
Installing /nix/store/lq53wwdydvvl4h7q44472xd97qba2n2z-perl5.32.0-Math-PlanePath-127/share/man/man3/Math::PlanePath::DragonCurve.3
Installing /nix/store/lq53wwdydvvl4h7q44472xd97qba2n2z-perl5.32.0-Math-PlanePath-127/share/man/man3/Math::PlanePath::Base::NSEW.3
Installing /nix/store/lq53wwdydvvl4h7q44472xd97qba2n2z-perl5.32.0-Math-PlanePath-127/share/man/man3/Math::PlanePath::LTiling.3
Installing /nix/store/lq53wwdydvvl4h7q44472xd97qba2n2z-perl5.32.0-Math-PlanePath-127/share/man/man3/Math::PlanePath::UlamWarburton.3
Installing /nix/store/lq53wwdydvvl4h7q44472xd97qba2n2z-perl5.32.0-Math-PlanePath-127/share/man/man3/Math::PlanePath::FlowsnakeCentres.3
Installing /nix/store/lq53wwdydvvl4h7q44472xd97qba2n2z-perl5.32.0-Math-PlanePath-127/share/man/man3/Math::PlanePath::FibonacciWordFractal.3
Installing /nix/store/lq53wwdydvvl4h7q44472xd97qba2n2z-perl5.32.0-Math-PlanePath-127/share/man/man3/Math::PlanePath::HexArms.3
Installing /nix/store/lq53wwdydvvl4h7q44472xd97qba2n2z-perl5.32.0-Math-PlanePath-127/share/man/man3/Math::PlanePath::QuintetCentres.3
Installing /nix/store/lq53wwdydvvl4h7q44472xd97qba2n2z-perl5.32.0-Math-PlanePath-127/share/man/man3/Math::PlanePath::ChanTree.3
Installing /nix/store/lq53wwdydvvl4h7q44472xd97qba2n2z-perl5.32.0-Math-PlanePath-127/share/man/man3/Math::PlanePath::GrayCode.3
Installing /nix/store/lq53wwdydvvl4h7q44472xd97qba2n2z-perl5.32.0-Math-PlanePath-127/share/man/man3/Math::PlanePath::AlternatePaper.3
Installing /nix/store/lq53wwdydvvl4h7q44472xd97qba2n2z-perl5.32.0-Math-PlanePath-127/share/man/man3/Math::PlanePath::QuintetCurve.3
Installing /nix/store/lq53wwdydvvl4h7q44472xd97qba2n2z-perl5.32.0-Math-PlanePath-127/share/man/man3/Math::PlanePath::CoprimeColumns.3
Installing /nix/store/lq53wwdydvvl4h7q44472xd97qba2n2z-perl5.32.0-Math-PlanePath-127/share/man/man3/Math::PlanePath::WunderlichSerpentine.3
Installing /nix/store/lq53wwdydvvl4h7q44472xd97qba2n2z-perl5.32.0-Math-PlanePath-127/share/man/man3/Math::PlanePath::DiagonalsOctant.3
Installing /nix/store/lq53wwdydvvl4h7q44472xd97qba2n2z-perl5.32.0-Math-PlanePath-127/share/man/man3/Math::PlanePath::ImaginaryBase.3
Installing /nix/store/lq53wwdydvvl4h7q44472xd97qba2n2z-perl5.32.0-Math-PlanePath-127/share/man/man3/Math::PlanePath::MultipleRings.3
Installing /nix/store/lq53wwdydvvl4h7q44472xd97qba2n2z-perl5.32.0-Math-PlanePath-127/share/man/man3/Math::PlanePath::SquareSpiral.3
Installing /nix/store/lq53wwdydvvl4h7q44472xd97qba2n2z-perl5.32.0-Math-PlanePath-127/share/man/man3/Math::PlanePath::File.3
Installing /nix/store/lq53wwdydvvl4h7q44472xd97qba2n2z-perl5.32.0-Math-PlanePath-127/share/man/man3/Math::PlanePath::PixelRings.3
Installing /nix/store/lq53wwdydvvl4h7q44472xd97qba2n2z-perl5.32.0-Math-PlanePath-127/share/man/man3/Math::NumSeq::PlanePathN.3
Installing /nix/store/lq53wwdydvvl4h7q44472xd97qba2n2z-perl5.32.0-Math-PlanePath-127/share/man/man3/Math::PlanePath::SierpinskiTriangle.3
Installing /nix/store/lq53wwdydvvl4h7q44472xd97qba2n2z-perl5.32.0-Math-PlanePath-127/share/man/man3/Math::PlanePath::Flowsnake.3
Installing /nix/store/lq53wwdydvvl4h7q44472xd97qba2n2z-perl5.32.0-Math-PlanePath-127/share/man/man3/Math::PlanePath::VogelFloret.3
Installing /nix/store/lq53wwdydvvl4h7q44472xd97qba2n2z-perl5.32.0-Math-PlanePath-127/share/man/man3/Math::PlanePath::QuintetReplicate.3
Installing /nix/store/lq53wwdydvvl4h7q44472xd97qba2n2z-perl5.32.0-Math-PlanePath-127/share/man/man3/Math::PlanePath::AlternatePaperMidpoint.3
Installing /nix/store/lq53wwdydvvl4h7q44472xd97qba2n2z-perl5.32.0-Math-PlanePath-127/share/man/man3/Math::PlanePath::PythagoreanTree.3
Installing /nix/store/lq53wwdydvvl4h7q44472xd97qba2n2z-perl5.32.0-Math-PlanePath-127/share/man/man3/Math::PlanePath::CornerReplicate.3
Installing /nix/store/lq53wwdydvvl4h7q44472xd97qba2n2z-perl5.32.0-Math-PlanePath-127/share/man/man3/Math::NumSeq::PlanePathTurn.3
Installing /nix/store/lq53wwdydvvl4h7q44472xd97qba2n2z-perl5.32.0-Math-PlanePath-127/share/man/man3/Math::PlanePath::CincoCurve.3
Installing /nix/store/lq53wwdydvvl4h7q44472xd97qba2n2z-perl5.32.0-Math-PlanePath-127/share/man/man3/Math::PlanePath::HypotOctant.3
Installing /nix/store/lq53wwdydvvl4h7q44472xd97qba2n2z-perl5.32.0-Math-PlanePath-127/share/man/man3/Math::NumSeq::PlanePathCoord.3
Installing /nix/store/lq53wwdydvvl4h7q44472xd97qba2n2z-perl5.32.0-Math-PlanePath-127/share/man/man3/Math::PlanePath::KnightSpiral.3
Installing /nix/store/lq53wwdydvvl4h7q44472xd97qba2n2z-perl5.32.0-Math-PlanePath-127/share/man/man3/Math::PlanePath::HeptSpiralSkewed.3
Installing /nix/store/lq53wwdydvvl4h7q44472xd97qba2n2z-perl5.32.0-Math-PlanePath-127/share/man/man3/Math::PlanePath::KochelCurve.3
Installing /nix/store/lq53wwdydvvl4h7q44472xd97qba2n2z-perl5.32.0-Math-PlanePath-127/share/man/man3/Math::PlanePath::WythoffPreliminaryTriangle.3
Installing /nix/store/lq53wwdydvvl4h7q44472xd97qba2n2z-perl5.32.0-Math-PlanePath-127/share/man/man3/Math::PlanePath::DragonRounded.3
Installing /nix/store/lq53wwdydvvl4h7q44472xd97qba2n2z-perl5.32.0-Math-PlanePath-127/share/man/man3/Math::PlanePath::DiamondArms.3
Installing /nix/store/lq53wwdydvvl4h7q44472xd97qba2n2z-perl5.32.0-Math-PlanePath-127/share/man/man3/Math::PlanePath::TerdragonRounded.3
Appending installation info to /nix/store/lq53wwdydvvl4h7q44472xd97qba2n2z-perl5.32.0-Math-PlanePath-127/lib/perl5/5.32.0/x86_64-linux-thread-multi/perllocal.pod
post-installation fixup
Moving /nix/store/lq53wwdydvvl4h7q44472xd97qba2n2z-perl5.32.0-Math-PlanePath-127/share/man/man3 to /nix/store/b9y3r4vr444pzwp0ws5zg2wnp3q2rz3s-perl5.32.0-Math-PlanePath-127-devdoc/share/man/man3
Removing empty /nix/store/lq53wwdydvvl4h7q44472xd97qba2n2z-perl5.32.0-Math-PlanePath-127/share/man/ and (possibly) its parents
shrinking RPATHs of ELF executables and libraries in /nix/store/lq53wwdydvvl4h7q44472xd97qba2n2z-perl5.32.0-Math-PlanePath-127
strip is /nix/store/psyzbhp4p088sb9qcs378hfbslcalasl-binutils-2.31.1/bin/strip
stripping (with command strip and flags -S) in /nix/store/lq53wwdydvvl4h7q44472xd97qba2n2z-perl5.32.0-Math-PlanePath-127/lib
patching script interpreter paths in /nix/store/lq53wwdydvvl4h7q44472xd97qba2n2z-perl5.32.0-Math-PlanePath-127
checking for references to /build/ in /nix/store/lq53wwdydvvl4h7q44472xd97qba2n2z-perl5.32.0-Math-PlanePath-127...
shrinking RPATHs of ELF executables and libraries in /nix/store/b9y3r4vr444pzwp0ws5zg2wnp3q2rz3s-perl5.32.0-Math-PlanePath-127-devdoc
gzipping man pages under /nix/store/b9y3r4vr444pzwp0ws5zg2wnp3q2rz3s-perl5.32.0-Math-PlanePath-127-devdoc/share/man/
strip is /nix/store/psyzbhp4p088sb9qcs378hfbslcalasl-binutils-2.31.1/bin/strip
patching script interpreter paths in /nix/store/b9y3r4vr444pzwp0ws5zg2wnp3q2rz3s-perl5.32.0-Math-PlanePath-127-devdoc
checking for references to /build/ in /nix/store/b9y3r4vr444pzwp0ws5zg2wnp3q2rz3s-perl5.32.0-Math-PlanePath-127-devdoc...
/nix/store/lq53wwdydvvl4h7q44472xd97qba2n2z-perl5.32.0-Math-PlanePath-127
