these derivations will be built:
  /nix/store/xs77yv0afjsdniv71hlxfgymhj04pwym-perl5.32.0-Method-Signatures-Simple-1.07.drv
these paths will be fetched (0.01 MiB download, 0.01 MiB unpacked):
  /nix/store/f8w33p3jpk6vw3w162bl1kxlbqpgfk7d-Method-Signatures-Simple-1.07.tar.gz
copying path '/nix/store/f8w33p3jpk6vw3w162bl1kxlbqpgfk7d-Method-Signatures-Simple-1.07.tar.gz' from 'https://cache.nixos.org'...
building '/nix/store/xs77yv0afjsdniv71hlxfgymhj04pwym-perl5.32.0-Method-Signatures-Simple-1.07.drv'...
unpacking sources
unpacking source archive /nix/store/f8w33p3jpk6vw3w162bl1kxlbqpgfk7d-Method-Signatures-Simple-1.07.tar.gz
source root is Method-Signatures-Simple-1.07
setting SOURCE_DATE_EPOCH to timestamp 1358719585 of file Method-Signatures-Simple-1.07/xt/pod.t
patching sources
configuring
patching ./xt/boilerplate.t...
patching ./xt/pod.t...
patching ./t/release-pod-syntax.t...
patching ./t/00-load.t...
patching ./t/release-pod-coverage.t...
Checking if your kit is complete...
Looks good
Generating a Unix-style Makefile
Writing Makefile for Method::Signatures::Simple
Writing MYMETA.yml and MYMETA.json
no configure script, doing nothing
building
build flags: SHELL=/nix/store/9fqwwd4iybmhjqyxiaxycknslw6bgwh1-bash-4.4-p23/bin/bash
cp lib/Method/Signatures/Simple.pm blib/lib/Method/Signatures/Simple.pm
Manifying 1 pod document
running tests
check flags: SHELL=/nix/store/9fqwwd4iybmhjqyxiaxycknslw6bgwh1-bash-4.4-p23/bin/bash VERBOSE=y test
PERL_DL_NONLAZY=1 "/nix/store/7c044di03qa7qgr5kjjc2d787aspzp0m-perl-5.32.0/bin/perl" "-MExtUtils::Command::MM" "-MTest::Harness" "-e" "undef *Test::Harness::Switches; test_harness(0, 'blib/lib', 'blib/arch')" t/*.t
t/00-load.t ............... 1/1 # Testing Method::Signatures::Simple 1.07, Perl 5.032000, /nix/store/7c044di03qa7qgr5kjjc2d787aspzp0m-perl-5.32.0/bin/perl
t/00-load.t ............... ok
t/01-parse-proto.t ........ ok
t/02-use.t ................ ok
t/03-config.t ............. ok
t/release-pod-coverage.t .. skipped: these tests are for release candidate testing
t/release-pod-syntax.t .... skipped: these tests are for release candidate testing
t/RT80505.t ............... ok
t/RT80507.t ............... ok
t/RT80508.t ............... ok
t/RT80510.t ............... ok
All tests successful.
Files=10, Tests=28,  1 wallclock secs ( 0.04 usr  0.01 sys +  0.66 cusr  0.32 csys =  1.03 CPU)
Result: PASS
installing
install flags: SHELL=/nix/store/9fqwwd4iybmhjqyxiaxycknslw6bgwh1-bash-4.4-p23/bin/bash pkgconfigdir=/nix/store/cll755r78w56711qskmammlpcbbm0154-perl5.32.0-Method-Signatures-Simple-1.07/lib/pkgconfig m4datadir=/nix/store/cll755r78w56711qskmammlpcbbm0154-perl5.32.0-Method-Signatures-Simple-1.07/share/aclocal aclocaldir=/nix/store/cll755r78w56711qskmammlpcbbm0154-perl5.32.0-Method-Signatures-Simple-1.07/share/aclocal install
Manifying 1 pod document
Installing /nix/store/cll755r78w56711qskmammlpcbbm0154-perl5.32.0-Method-Signatures-Simple-1.07/lib/perl5/site_perl/5.32.0/Method/Signatures/Simple.pm
Installing /nix/store/cll755r78w56711qskmammlpcbbm0154-perl5.32.0-Method-Signatures-Simple-1.07/share/man/man3/Method::Signatures::Simple.3
Appending installation info to /nix/store/cll755r78w56711qskmammlpcbbm0154-perl5.32.0-Method-Signatures-Simple-1.07/lib/perl5/5.32.0/x86_64-linux-thread-multi/perllocal.pod
post-installation fixup
Moving /nix/store/cll755r78w56711qskmammlpcbbm0154-perl5.32.0-Method-Signatures-Simple-1.07/share/man/man3 to /nix/store/k7y4w2ai36k9asrms1vxa4bk5z48nqvb-perl5.32.0-Method-Signatures-Simple-1.07-devdoc/share/man/man3
Removing empty /nix/store/cll755r78w56711qskmammlpcbbm0154-perl5.32.0-Method-Signatures-Simple-1.07/share/man/ and (possibly) its parents
shrinking RPATHs of ELF executables and libraries in /nix/store/cll755r78w56711qskmammlpcbbm0154-perl5.32.0-Method-Signatures-Simple-1.07
strip is /nix/store/psyzbhp4p088sb9qcs378hfbslcalasl-binutils-2.31.1/bin/strip
stripping (with command strip and flags -S) in /nix/store/cll755r78w56711qskmammlpcbbm0154-perl5.32.0-Method-Signatures-Simple-1.07/lib
patching script interpreter paths in /nix/store/cll755r78w56711qskmammlpcbbm0154-perl5.32.0-Method-Signatures-Simple-1.07
checking for references to /build/ in /nix/store/cll755r78w56711qskmammlpcbbm0154-perl5.32.0-Method-Signatures-Simple-1.07...
shrinking RPATHs of ELF executables and libraries in /nix/store/k7y4w2ai36k9asrms1vxa4bk5z48nqvb-perl5.32.0-Method-Signatures-Simple-1.07-devdoc
gzipping man pages under /nix/store/k7y4w2ai36k9asrms1vxa4bk5z48nqvb-perl5.32.0-Method-Signatures-Simple-1.07-devdoc/share/man/
strip is /nix/store/psyzbhp4p088sb9qcs378hfbslcalasl-binutils-2.31.1/bin/strip
patching script interpreter paths in /nix/store/k7y4w2ai36k9asrms1vxa4bk5z48nqvb-perl5.32.0-Method-Signatures-Simple-1.07-devdoc
checking for references to /build/ in /nix/store/k7y4w2ai36k9asrms1vxa4bk5z48nqvb-perl5.32.0-Method-Signatures-Simple-1.07-devdoc...
/nix/store/cll755r78w56711qskmammlpcbbm0154-perl5.32.0-Method-Signatures-Simple-1.07
