these derivations will be built:
  /nix/store/k2ipj3n7q9jmv8hyvgwk4qlrfk2080zh-perl5.32.0-Mojolicious-Plugin-Status-1.12.drv
these paths will be fetched (1.85 MiB download, 1.85 MiB unpacked):
  /nix/store/gr6r1dhardm668jmplgmlznaf3rvvpsj-Mojolicious-Plugin-Status-1.12.tar.gz
copying path '/nix/store/gr6r1dhardm668jmplgmlznaf3rvvpsj-Mojolicious-Plugin-Status-1.12.tar.gz' from 'https://cache.nixos.org'...
building '/nix/store/k2ipj3n7q9jmv8hyvgwk4qlrfk2080zh-perl5.32.0-Mojolicious-Plugin-Status-1.12.drv'...
unpacking sources
unpacking source archive /nix/store/gr6r1dhardm668jmplgmlznaf3rvvpsj-Mojolicious-Plugin-Status-1.12.tar.gz
source root is Mojolicious-Plugin-Status-1.12
setting SOURCE_DATE_EPOCH to timestamp 1591957739 of file Mojolicious-Plugin-Status-1.12/META.yml
patching sources
configuring
/nix/store/qf3mzpvsmkrw963xchbivcci06078n13-builder.sh: line 17: warning: command substitution: ignored null byte in input
/nix/store/qf3mzpvsmkrw963xchbivcci06078n13-builder.sh: line 17: warning: command substitution: ignored null byte in input
/nix/store/qf3mzpvsmkrw963xchbivcci06078n13-builder.sh: line 17: warning: command substitution: ignored null byte in input
Checking if your kit is complete...
Looks good
Generating a Unix-style Makefile
Writing Makefile for Mojolicious::Plugin::Status
Writing MYMETA.yml and MYMETA.json
no configure script, doing nothing
building
build flags: SHELL=/nix/store/9fqwwd4iybmhjqyxiaxycknslw6bgwh1-bash-4.4-p23/bin/bash
cp lib/Mojolicious/Plugin/Status.pm blib/lib/Mojolicious/Plugin/Status.pm
cp lib/Mojolicious/Plugin/resources/public/mojo-status/webfonts/fa-regular-400.woff blib/lib/Mojolicious/Plugin/resources/public/mojo-status/webfonts/fa-regular-400.woff
cp lib/Mojolicious/Plugin/resources/public/mojo-status/bootstrap/bootstrap.js blib/lib/Mojolicious/Plugin/resources/public/mojo-status/bootstrap/bootstrap.js
cp lib/Mojo/MemoryMap.pm blib/lib/Mojo/MemoryMap.pm
cp lib/Mojolicious/Plugin/resources/public/mojo-status/bootstrap/bootstrap.css blib/lib/Mojolicious/Plugin/resources/public/mojo-status/bootstrap/bootstrap.css
cp lib/Mojolicious/Plugin/resources/public/mojo-status/webfonts/fa-brands-400.woff blib/lib/Mojolicious/Plugin/resources/public/mojo-status/webfonts/fa-brands-400.woff
cp lib/Mojolicious/Plugin/resources/public/mojo-status/webfonts/fa-regular-400.eot blib/lib/Mojolicious/Plugin/resources/public/mojo-status/webfonts/fa-regular-400.eot
cp lib/Mojolicious/Plugin/resources/public/mojo-status/webfonts/fa-brands-400.ttf blib/lib/Mojolicious/Plugin/resources/public/mojo-status/webfonts/fa-brands-400.ttf
cp lib/Mojolicious/Plugin/resources/public/mojo-status/logo-black-2x.png blib/lib/Mojolicious/Plugin/resources/public/mojo-status/logo-black-2x.png
cp lib/Mojolicious/Plugin/resources/public/mojo-status/webfonts/fa-brands-400.woff2 blib/lib/Mojolicious/Plugin/resources/public/mojo-status/webfonts/fa-brands-400.woff2
cp lib/Mojolicious/Plugin/resources/public/mojo-status/app.css blib/lib/Mojolicious/Plugin/resources/public/mojo-status/app.css
cp lib/Mojolicious/Plugin/resources/public/mojo-status/webfonts/fa-regular-400.ttf blib/lib/Mojolicious/Plugin/resources/public/mojo-status/webfonts/fa-regular-400.ttf
cp lib/Mojolicious/Plugin/resources/public/mojo-status/webfonts/fa-brands-400.svg blib/lib/Mojolicious/Plugin/resources/public/mojo-status/webfonts/fa-brands-400.svg
cp lib/Mojolicious/Plugin/resources/public/mojo-status/fontawesome/fontawesome.css blib/lib/Mojolicious/Plugin/resources/public/mojo-status/fontawesome/fontawesome.css
cp lib/Mojolicious/Plugin/resources/public/mojo-status/webfonts/fa-brands-400.eot blib/lib/Mojolicious/Plugin/resources/public/mojo-status/webfonts/fa-brands-400.eot
cp lib/Mojo/MemoryMap/Writer.pm blib/lib/Mojo/MemoryMap/Writer.pm
cp lib/Mojolicious/Plugin/resources/public/mojo-status/logo-black.png blib/lib/Mojolicious/Plugin/resources/public/mojo-status/logo-black.png
cp lib/Mojolicious/Plugin/resources/public/mojo-status/webfonts/fa-regular-400.svg blib/lib/Mojolicious/Plugin/resources/public/mojo-status/webfonts/fa-regular-400.svg
cp lib/Mojolicious/Plugin/resources/public/mojo-status/webfonts/fa-solid-900.woff2 blib/lib/Mojolicious/Plugin/resources/public/mojo-status/webfonts/fa-solid-900.woff2
cp lib/Mojolicious/Plugin/resources/public/mojo-status/webfonts/fa-solid-900.svg blib/lib/Mojolicious/Plugin/resources/public/mojo-status/webfonts/fa-solid-900.svg
cp lib/Mojolicious/Plugin/resources/public/mojo-status/webfonts/fa-regular-400.woff2 blib/lib/Mojolicious/Plugin/resources/public/mojo-status/webfonts/fa-regular-400.woff2
cp lib/Mojolicious/Plugin/resources/templates/mojo-status/dashboard.html.ep blib/lib/Mojolicious/Plugin/resources/templates/mojo-status/dashboard.html.ep
cp lib/Mojolicious/Plugin/resources/public/mojo-status/webfonts/fa-solid-900.woff blib/lib/Mojolicious/Plugin/resources/public/mojo-status/webfonts/fa-solid-900.woff
cp lib/Mojolicious/Plugin/resources/public/mojo-status/webfonts/fa-solid-900.eot blib/lib/Mojolicious/Plugin/resources/public/mojo-status/webfonts/fa-solid-900.eot
cp lib/Mojolicious/Plugin/resources/public/mojo-status/webfonts/fa-solid-900.ttf blib/lib/Mojolicious/Plugin/resources/public/mojo-status/webfonts/fa-solid-900.ttf
cp lib/Mojolicious/Plugin/resources/templates/layouts/mojo-status.html.ep blib/lib/Mojolicious/Plugin/resources/templates/layouts/mojo-status.html.ep
Manifying 3 pod documents
running tests
check flags: SHELL=/nix/store/9fqwwd4iybmhjqyxiaxycknslw6bgwh1-bash-4.4-p23/bin/bash VERBOSE=y test
PERL_DL_NONLAZY=1 "/nix/store/7c044di03qa7qgr5kjjc2d787aspzp0m-perl-5.32.0/bin/perl" "-MExtUtils::Command::MM" "-MTest::Harness" "-e" "undef *Test::Harness::Switches; test_harness(0, 'blib/lib', 'blib/arch')" t/*.t
t/map.t ........... ok
t/pod.t ........... skipped: set TEST_POD to enable this test (developer only!)
t/pod_coverage.t .. skipped: set TEST_POD to enable this test (developer only!)
t/status.t ........ ok
All tests successful.
Files=4, Tests=10,  4 wallclock secs ( 0.03 usr  0.02 sys +  1.11 cusr  0.28 csys =  1.44 CPU)
Result: PASS
installing
install flags: SHELL=/nix/store/9fqwwd4iybmhjqyxiaxycknslw6bgwh1-bash-4.4-p23/bin/bash pkgconfigdir=/nix/store/k0jss3cjr19wyy43x2wp8d0vmjk4xd0c-perl5.32.0-Mojolicious-Plugin-Status-1.12/lib/pkgconfig m4datadir=/nix/store/k0jss3cjr19wyy43x2wp8d0vmjk4xd0c-perl5.32.0-Mojolicious-Plugin-Status-1.12/share/aclocal aclocaldir=/nix/store/k0jss3cjr19wyy43x2wp8d0vmjk4xd0c-perl5.32.0-Mojolicious-Plugin-Status-1.12/share/aclocal install
Manifying 3 pod documents
Installing /nix/store/k0jss3cjr19wyy43x2wp8d0vmjk4xd0c-perl5.32.0-Mojolicious-Plugin-Status-1.12/lib/perl5/site_perl/5.32.0/Mojo/MemoryMap.pm
Installing /nix/store/k0jss3cjr19wyy43x2wp8d0vmjk4xd0c-perl5.32.0-Mojolicious-Plugin-Status-1.12/lib/perl5/site_perl/5.32.0/Mojo/MemoryMap/Writer.pm
Installing /nix/store/k0jss3cjr19wyy43x2wp8d0vmjk4xd0c-perl5.32.0-Mojolicious-Plugin-Status-1.12/lib/perl5/site_perl/5.32.0/Mojolicious/Plugin/Status.pm
Installing /nix/store/k0jss3cjr19wyy43x2wp8d0vmjk4xd0c-perl5.32.0-Mojolicious-Plugin-Status-1.12/lib/perl5/site_perl/5.32.0/Mojolicious/Plugin/resources/public/mojo-status/logo-black.png
Installing /nix/store/k0jss3cjr19wyy43x2wp8d0vmjk4xd0c-perl5.32.0-Mojolicious-Plugin-Status-1.12/lib/perl5/site_perl/5.32.0/Mojolicious/Plugin/resources/public/mojo-status/app.css
Installing /nix/store/k0jss3cjr19wyy43x2wp8d0vmjk4xd0c-perl5.32.0-Mojolicious-Plugin-Status-1.12/lib/perl5/site_perl/5.32.0/Mojolicious/Plugin/resources/public/mojo-status/logo-black-2x.png
Installing /nix/store/k0jss3cjr19wyy43x2wp8d0vmjk4xd0c-perl5.32.0-Mojolicious-Plugin-Status-1.12/lib/perl5/site_perl/5.32.0/Mojolicious/Plugin/resources/public/mojo-status/fontawesome/fontawesome.css
Installing /nix/store/k0jss3cjr19wyy43x2wp8d0vmjk4xd0c-perl5.32.0-Mojolicious-Plugin-Status-1.12/lib/perl5/site_perl/5.32.0/Mojolicious/Plugin/resources/public/mojo-status/webfonts/fa-solid-900.eot
Installing /nix/store/k0jss3cjr19wyy43x2wp8d0vmjk4xd0c-perl5.32.0-Mojolicious-Plugin-Status-1.12/lib/perl5/site_perl/5.32.0/Mojolicious/Plugin/resources/public/mojo-status/webfonts/fa-solid-900.woff
Installing /nix/store/k0jss3cjr19wyy43x2wp8d0vmjk4xd0c-perl5.32.0-Mojolicious-Plugin-Status-1.12/lib/perl5/site_perl/5.32.0/Mojolicious/Plugin/resources/public/mojo-status/webfonts/fa-brands-400.woff
Installing /nix/store/k0jss3cjr19wyy43x2wp8d0vmjk4xd0c-perl5.32.0-Mojolicious-Plugin-Status-1.12/lib/perl5/site_perl/5.32.0/Mojolicious/Plugin/resources/public/mojo-status/webfonts/fa-regular-400.svg
Installing /nix/store/k0jss3cjr19wyy43x2wp8d0vmjk4xd0c-perl5.32.0-Mojolicious-Plugin-Status-1.12/lib/perl5/site_perl/5.32.0/Mojolicious/Plugin/resources/public/mojo-status/webfonts/fa-regular-400.woff2
Installing /nix/store/k0jss3cjr19wyy43x2wp8d0vmjk4xd0c-perl5.32.0-Mojolicious-Plugin-Status-1.12/lib/perl5/site_perl/5.32.0/Mojolicious/Plugin/resources/public/mojo-status/webfonts/fa-regular-400.ttf
Installing /nix/store/k0jss3cjr19wyy43x2wp8d0vmjk4xd0c-perl5.32.0-Mojolicious-Plugin-Status-1.12/lib/perl5/site_perl/5.32.0/Mojolicious/Plugin/resources/public/mojo-status/webfonts/fa-brands-400.ttf
Installing /nix/store/k0jss3cjr19wyy43x2wp8d0vmjk4xd0c-perl5.32.0-Mojolicious-Plugin-Status-1.12/lib/perl5/site_perl/5.32.0/Mojolicious/Plugin/resources/public/mojo-status/webfonts/fa-brands-400.eot
Installing /nix/store/k0jss3cjr19wyy43x2wp8d0vmjk4xd0c-perl5.32.0-Mojolicious-Plugin-Status-1.12/lib/perl5/site_perl/5.32.0/Mojolicious/Plugin/resources/public/mojo-status/webfonts/fa-brands-400.svg
Installing /nix/store/k0jss3cjr19wyy43x2wp8d0vmjk4xd0c-perl5.32.0-Mojolicious-Plugin-Status-1.12/lib/perl5/site_perl/5.32.0/Mojolicious/Plugin/resources/public/mojo-status/webfonts/fa-solid-900.woff2
Installing /nix/store/k0jss3cjr19wyy43x2wp8d0vmjk4xd0c-perl5.32.0-Mojolicious-Plugin-Status-1.12/lib/perl5/site_perl/5.32.0/Mojolicious/Plugin/resources/public/mojo-status/webfonts/fa-regular-400.eot
Installing /nix/store/k0jss3cjr19wyy43x2wp8d0vmjk4xd0c-perl5.32.0-Mojolicious-Plugin-Status-1.12/lib/perl5/site_perl/5.32.0/Mojolicious/Plugin/resources/public/mojo-status/webfonts/fa-solid-900.ttf
Installing /nix/store/k0jss3cjr19wyy43x2wp8d0vmjk4xd0c-perl5.32.0-Mojolicious-Plugin-Status-1.12/lib/perl5/site_perl/5.32.0/Mojolicious/Plugin/resources/public/mojo-status/webfonts/fa-regular-400.woff
Installing /nix/store/k0jss3cjr19wyy43x2wp8d0vmjk4xd0c-perl5.32.0-Mojolicious-Plugin-Status-1.12/lib/perl5/site_perl/5.32.0/Mojolicious/Plugin/resources/public/mojo-status/webfonts/fa-solid-900.svg
Installing /nix/store/k0jss3cjr19wyy43x2wp8d0vmjk4xd0c-perl5.32.0-Mojolicious-Plugin-Status-1.12/lib/perl5/site_perl/5.32.0/Mojolicious/Plugin/resources/public/mojo-status/webfonts/fa-brands-400.woff2
Installing /nix/store/k0jss3cjr19wyy43x2wp8d0vmjk4xd0c-perl5.32.0-Mojolicious-Plugin-Status-1.12/lib/perl5/site_perl/5.32.0/Mojolicious/Plugin/resources/public/mojo-status/bootstrap/bootstrap.css
Installing /nix/store/k0jss3cjr19wyy43x2wp8d0vmjk4xd0c-perl5.32.0-Mojolicious-Plugin-Status-1.12/lib/perl5/site_perl/5.32.0/Mojolicious/Plugin/resources/public/mojo-status/bootstrap/bootstrap.js
Installing /nix/store/k0jss3cjr19wyy43x2wp8d0vmjk4xd0c-perl5.32.0-Mojolicious-Plugin-Status-1.12/lib/perl5/site_perl/5.32.0/Mojolicious/Plugin/resources/templates/mojo-status/dashboard.html.ep
Installing /nix/store/k0jss3cjr19wyy43x2wp8d0vmjk4xd0c-perl5.32.0-Mojolicious-Plugin-Status-1.12/lib/perl5/site_perl/5.32.0/Mojolicious/Plugin/resources/templates/layouts/mojo-status.html.ep
Installing /nix/store/k0jss3cjr19wyy43x2wp8d0vmjk4xd0c-perl5.32.0-Mojolicious-Plugin-Status-1.12/share/man/man3/Mojo::MemoryMap::Writer.3
Installing /nix/store/k0jss3cjr19wyy43x2wp8d0vmjk4xd0c-perl5.32.0-Mojolicious-Plugin-Status-1.12/share/man/man3/Mojo::MemoryMap.3
Installing /nix/store/k0jss3cjr19wyy43x2wp8d0vmjk4xd0c-perl5.32.0-Mojolicious-Plugin-Status-1.12/share/man/man3/Mojolicious::Plugin::Status.3
Appending installation info to /nix/store/k0jss3cjr19wyy43x2wp8d0vmjk4xd0c-perl5.32.0-Mojolicious-Plugin-Status-1.12/lib/perl5/5.32.0/x86_64-linux-thread-multi/perllocal.pod
post-installation fixup
Moving /nix/store/k0jss3cjr19wyy43x2wp8d0vmjk4xd0c-perl5.32.0-Mojolicious-Plugin-Status-1.12/share/man/man3 to /nix/store/36makqkpqbj87hxbll75pwphv7pzkpyx-perl5.32.0-Mojolicious-Plugin-Status-1.12-devdoc/share/man/man3
Removing empty /nix/store/k0jss3cjr19wyy43x2wp8d0vmjk4xd0c-perl5.32.0-Mojolicious-Plugin-Status-1.12/share/man/ and (possibly) its parents
shrinking RPATHs of ELF executables and libraries in /nix/store/k0jss3cjr19wyy43x2wp8d0vmjk4xd0c-perl5.32.0-Mojolicious-Plugin-Status-1.12
strip is /nix/store/psyzbhp4p088sb9qcs378hfbslcalasl-binutils-2.31.1/bin/strip
stripping (with command strip and flags -S) in /nix/store/k0jss3cjr19wyy43x2wp8d0vmjk4xd0c-perl5.32.0-Mojolicious-Plugin-Status-1.12/lib
patching script interpreter paths in /nix/store/k0jss3cjr19wyy43x2wp8d0vmjk4xd0c-perl5.32.0-Mojolicious-Plugin-Status-1.12
checking for references to /build/ in /nix/store/k0jss3cjr19wyy43x2wp8d0vmjk4xd0c-perl5.32.0-Mojolicious-Plugin-Status-1.12...
shrinking RPATHs of ELF executables and libraries in /nix/store/36makqkpqbj87hxbll75pwphv7pzkpyx-perl5.32.0-Mojolicious-Plugin-Status-1.12-devdoc
gzipping man pages under /nix/store/36makqkpqbj87hxbll75pwphv7pzkpyx-perl5.32.0-Mojolicious-Plugin-Status-1.12-devdoc/share/man/
strip is /nix/store/psyzbhp4p088sb9qcs378hfbslcalasl-binutils-2.31.1/bin/strip
patching script interpreter paths in /nix/store/36makqkpqbj87hxbll75pwphv7pzkpyx-perl5.32.0-Mojolicious-Plugin-Status-1.12-devdoc
checking for references to /build/ in /nix/store/36makqkpqbj87hxbll75pwphv7pzkpyx-perl5.32.0-Mojolicious-Plugin-Status-1.12-devdoc...
/nix/store/k0jss3cjr19wyy43x2wp8d0vmjk4xd0c-perl5.32.0-Mojolicious-Plugin-Status-1.12
