these derivations will be built:
  /nix/store/1ai4p00q3w21cq3q7xc2yn2fwsdw55z4-perl5.32.0-Mojolicious-Plugin-AssetPack-2.08.drv
building '/nix/store/1ai4p00q3w21cq3q7xc2yn2fwsdw55z4-perl5.32.0-Mojolicious-Plugin-AssetPack-2.08.drv'...
unpacking sources
unpacking source archive /nix/store/9bf478sm3xipqrw85kcviwjn7v6ai39j-Mojolicious-Plugin-AssetPack-2.08.tar.gz
source root is Mojolicious-Plugin-AssetPack-2.08
setting SOURCE_DATE_EPOCH to timestamp 1557238601 of file Mojolicious-Plugin-AssetPack-2.08/META.yml
patching sources
configuring
patching ./examples/rollup.pl...
patching ./examples/not-found.pl...
patching ./examples/sprites.pl...
patching ./t/bin/coffee...
patching ./lib/Mojolicious/Plugin/AssetPack/Pipe/typescript.js...
patching ./lib/Mojolicious/Plugin/AssetPack/Pipe/riot.js...
Checking if your kit is complete...
Looks good
Generating a Unix-style Makefile
Writing Makefile for Mojolicious::Plugin::AssetPack
Writing MYMETA.yml and MYMETA.json
no configure script, doing nothing
building
build flags: SHELL=/nix/store/9fqwwd4iybmhjqyxiaxycknslw6bgwh1-bash-4.4-p23/bin/bash
cp lib/Mojolicious/Plugin/AssetPack/Guides/Developing.pod blib/lib/Mojolicious/Plugin/AssetPack/Guides/Developing.pod
cp lib/Mojolicious/Plugin/AssetPack/Pipe/CoffeeScript.pm blib/lib/Mojolicious/Plugin/AssetPack/Pipe/CoffeeScript.pm
cp lib/Mojolicious/Plugin/AssetPack/Pipe/Less.pm blib/lib/Mojolicious/Plugin/AssetPack/Pipe/Less.pm
cp lib/Mojolicious/Plugin/AssetPack/Pipe/riot.js blib/lib/Mojolicious/Plugin/AssetPack/Pipe/riot.js
cp lib/Mojolicious/Plugin/AssetPack/Pipe/Riotjs.pm blib/lib/Mojolicious/Plugin/AssetPack/Pipe/Riotjs.pm
cp lib/Mojolicious/Plugin/AssetPack/Pipe.pm blib/lib/Mojolicious/Plugin/AssetPack/Pipe.pm
cp lib/Mojolicious/Plugin/AssetPack/Pipe/Sass.pm blib/lib/Mojolicious/Plugin/AssetPack/Pipe/Sass.pm
cp lib/Mojolicious/Plugin/AssetPack/Pipe/Fetch.pm blib/lib/Mojolicious/Plugin/AssetPack/Pipe/Fetch.pm
cp lib/Mojolicious/Plugin/AssetPack/Pipe/Combine.pm blib/lib/Mojolicious/Plugin/AssetPack/Pipe/Combine.pm
cp lib/Mojolicious/Plugin/AssetPack/Store.pm blib/lib/Mojolicious/Plugin/AssetPack/Store.pm
cp lib/Mojolicious/Plugin/AssetPack/Asset/Null.pm blib/lib/Mojolicious/Plugin/AssetPack/Asset/Null.pm
cp lib/Mojolicious/Plugin/AssetPack/Pipe/require.js blib/lib/Mojolicious/Plugin/AssetPack/Pipe/require.js
cp lib/Mojolicious/Plugin/AssetPack/Pipe/RollupJs.pm blib/lib/Mojolicious/Plugin/AssetPack/Pipe/RollupJs.pm
cp lib/Mojolicious/Plugin/AssetPack/Pipe/Vuejs.pm blib/lib/Mojolicious/Plugin/AssetPack/Pipe/Vuejs.pm
cp lib/Mojolicious/Plugin/AssetPack/Guides/Cookbook.pod blib/lib/Mojolicious/Plugin/AssetPack/Guides/Cookbook.pod
cp lib/Mojolicious/Plugin/AssetPack/Guides/Tutorial.pod blib/lib/Mojolicious/Plugin/AssetPack/Guides/Tutorial.pod
cp lib/Mojolicious/Plugin/AssetPack/Pipe/Css.pm blib/lib/Mojolicious/Plugin/AssetPack/Pipe/Css.pm
cp lib/Mojolicious/Plugin/AssetPack/Pipe/Png.pm blib/lib/Mojolicious/Plugin/AssetPack/Pipe/Png.pm
cp lib/Mojolicious/Plugin/AssetPack/Asset.pm blib/lib/Mojolicious/Plugin/AssetPack/Asset.pm
cp lib/Mojolicious/Plugin/AssetPack/Pipe/typescript.js blib/lib/Mojolicious/Plugin/AssetPack/Pipe/typescript.js
cp lib/Mojolicious/Plugin/AssetPack.pm blib/lib/Mojolicious/Plugin/AssetPack.pm
cp lib/Mojolicious/Plugin/AssetPack/Pipe/JavaScript.pm blib/lib/Mojolicious/Plugin/AssetPack/Pipe/JavaScript.pm
cp lib/Mojolicious/Plugin/AssetPack/Pipe/TypeScript.pm blib/lib/Mojolicious/Plugin/AssetPack/Pipe/TypeScript.pm
cp lib/Mojolicious/Plugin/AssetPack/Pipe/Favicon.pm blib/lib/Mojolicious/Plugin/AssetPack/Pipe/Favicon.pm
cp lib/Mojolicious/Plugin/AssetPack/Pipe/Jpeg.pm blib/lib/Mojolicious/Plugin/AssetPack/Pipe/Jpeg.pm
cp lib/Mojolicious/Plugin/AssetPack/Util.pm blib/lib/Mojolicious/Plugin/AssetPack/Util.pm
Manifying 22 pod documents
Manifying 1 pod document
running tests
check flags: SHELL=/nix/store/9fqwwd4iybmhjqyxiaxycknslw6bgwh1-bash-4.4-p23/bin/bash VERBOSE=y test
PERL_DL_NONLAZY=1 "/nix/store/7c044di03qa7qgr5kjjc2d787aspzp0m-perl-5.32.0/bin/perl" "-MExtUtils::Command::MM" "-MTest::Harness" "-e" "undef *Test::Harness::Switches; test_harness(0, 'blib/lib', 'blib/arch')" t/*.t
t/00-basic.t ................. ok
t/base-url.t ................. ok
t/coffee.t ................... skipped: TEST_COFFEE=1
t/css.t ...................... ok
t/favicon.t .................. skipped: TEST_REALFAVICONGENERATOR_API_KEY=is_not_set
t/fetch-all.t ................ skipped: TEST_ONLINE=1
t/fetch-hash.t ............... skipped: TEST_ONLINE=1
t/fetch-source-map.t ......... skipped: TEST_ONLINE=1
t/font-awesome.t ............. skipped: TEST_ONLINE=1
t/from-helper.t .............. ok
t/google-font.t .............. skipped: TEST_ONLINE=1
t/jpeg.t ..................... 1/? # original size: 576997
t/jpeg.t ..................... ok
t/jquery-mobile.t ............ skipped: TEST_ONLINE=1
t/js.t ....................... ok
t/lazy.t ..................... skipped: cpanm CSS::Sass
t/less.t ..................... skipped: TEST_LESS=1
t/mode.t ..................... ok
t/mount.t .................... ok
t/not-found.t ................ ok
t/other.t .................... ok
t/png.t ...................... 1/? # original size: 724795
t/png.t ...................... ok
t/range.t .................... ok
t/recreate.t ................. ok
t/register.t ................. ok
t/riotjs-not-loaded.t ........ ok
t/riotjs.t ................... skipped: TEST_RIOTJS=1
t/rollup.t ................... skipped: TEST_ROLLUP=1
t/route.t .................... ok
t/sass-bin.t ................. skipped: TEST_SASS=1
t/sass-dynamic-include.t ..... skipped: cpanm CSS::Sass
t/sass-functions.t ........... skipped: cpanm CSS::Sass
t/sass-source-map.t .......... skipped: cpanm CSS::Sass
t/sass-unable-to-download.t .. skipped: TEST_ONLINE=1
t/sass-utf8.t ................ skipped: cpanm CSS::Sass
t/sass.t ..................... skipped: cpanm CSS::Sass
t/typescript.t ............... skipped: TEST_TYPESCRIPT=1
t/util.t ..................... ok
t/vuejs.t .................... ok
All tests successful.

Test Summary Report
-------------------
t/riotjs-not-loaded.t      (Wstat: 0 Tests: 7 Failed: 0)
  TODO passed:   4-5
Files=38, Tests=272, 10 wallclock secs ( 0.11 usr  0.04 sys +  9.38 cusr  1.05 csys = 10.58 CPU)
Result: PASS
installing
install flags: SHELL=/nix/store/9fqwwd4iybmhjqyxiaxycknslw6bgwh1-bash-4.4-p23/bin/bash pkgconfigdir=/nix/store/rx45paac928bapz2q1ll618svsfhksjm-perl5.32.0-Mojolicious-Plugin-AssetPack-2.08/lib/pkgconfig m4datadir=/nix/store/rx45paac928bapz2q1ll618svsfhksjm-perl5.32.0-Mojolicious-Plugin-AssetPack-2.08/share/aclocal aclocaldir=/nix/store/rx45paac928bapz2q1ll618svsfhksjm-perl5.32.0-Mojolicious-Plugin-AssetPack-2.08/share/aclocal install
Manifying 22 pod documents
Manifying 1 pod document
Installing /nix/store/rx45paac928bapz2q1ll618svsfhksjm-perl5.32.0-Mojolicious-Plugin-AssetPack-2.08/lib/perl5/site_perl/5.32.0/Mojolicious/Plugin/AssetPack.pm
Installing /nix/store/rx45paac928bapz2q1ll618svsfhksjm-perl5.32.0-Mojolicious-Plugin-AssetPack-2.08/lib/perl5/site_perl/5.32.0/Mojolicious/Plugin/AssetPack/Asset.pm
Installing /nix/store/rx45paac928bapz2q1ll618svsfhksjm-perl5.32.0-Mojolicious-Plugin-AssetPack-2.08/lib/perl5/site_perl/5.32.0/Mojolicious/Plugin/AssetPack/Store.pm
Installing /nix/store/rx45paac928bapz2q1ll618svsfhksjm-perl5.32.0-Mojolicious-Plugin-AssetPack-2.08/lib/perl5/site_perl/5.32.0/Mojolicious/Plugin/AssetPack/Util.pm
Installing /nix/store/rx45paac928bapz2q1ll618svsfhksjm-perl5.32.0-Mojolicious-Plugin-AssetPack-2.08/lib/perl5/site_perl/5.32.0/Mojolicious/Plugin/AssetPack/Pipe.pm
Installing /nix/store/rx45paac928bapz2q1ll618svsfhksjm-perl5.32.0-Mojolicious-Plugin-AssetPack-2.08/lib/perl5/site_perl/5.32.0/Mojolicious/Plugin/AssetPack/Pipe/Css.pm
Installing /nix/store/rx45paac928bapz2q1ll618svsfhksjm-perl5.32.0-Mojolicious-Plugin-AssetPack-2.08/lib/perl5/site_perl/5.32.0/Mojolicious/Plugin/AssetPack/Pipe/Favicon.pm
Installing /nix/store/rx45paac928bapz2q1ll618svsfhksjm-perl5.32.0-Mojolicious-Plugin-AssetPack-2.08/lib/perl5/site_perl/5.32.0/Mojolicious/Plugin/AssetPack/Pipe/Less.pm
Installing /nix/store/rx45paac928bapz2q1ll618svsfhksjm-perl5.32.0-Mojolicious-Plugin-AssetPack-2.08/lib/perl5/site_perl/5.32.0/Mojolicious/Plugin/AssetPack/Pipe/TypeScript.pm
Installing /nix/store/rx45paac928bapz2q1ll618svsfhksjm-perl5.32.0-Mojolicious-Plugin-AssetPack-2.08/lib/perl5/site_perl/5.32.0/Mojolicious/Plugin/AssetPack/Pipe/Riotjs.pm
Installing /nix/store/rx45paac928bapz2q1ll618svsfhksjm-perl5.32.0-Mojolicious-Plugin-AssetPack-2.08/lib/perl5/site_perl/5.32.0/Mojolicious/Plugin/AssetPack/Pipe/Jpeg.pm
Installing /nix/store/rx45paac928bapz2q1ll618svsfhksjm-perl5.32.0-Mojolicious-Plugin-AssetPack-2.08/lib/perl5/site_perl/5.32.0/Mojolicious/Plugin/AssetPack/Pipe/Fetch.pm
Installing /nix/store/rx45paac928bapz2q1ll618svsfhksjm-perl5.32.0-Mojolicious-Plugin-AssetPack-2.08/lib/perl5/site_perl/5.32.0/Mojolicious/Plugin/AssetPack/Pipe/JavaScript.pm
Installing /nix/store/rx45paac928bapz2q1ll618svsfhksjm-perl5.32.0-Mojolicious-Plugin-AssetPack-2.08/lib/perl5/site_perl/5.32.0/Mojolicious/Plugin/AssetPack/Pipe/Png.pm
Installing /nix/store/rx45paac928bapz2q1ll618svsfhksjm-perl5.32.0-Mojolicious-Plugin-AssetPack-2.08/lib/perl5/site_perl/5.32.0/Mojolicious/Plugin/AssetPack/Pipe/Vuejs.pm
Installing /nix/store/rx45paac928bapz2q1ll618svsfhksjm-perl5.32.0-Mojolicious-Plugin-AssetPack-2.08/lib/perl5/site_perl/5.32.0/Mojolicious/Plugin/AssetPack/Pipe/RollupJs.pm
Installing /nix/store/rx45paac928bapz2q1ll618svsfhksjm-perl5.32.0-Mojolicious-Plugin-AssetPack-2.08/lib/perl5/site_perl/5.32.0/Mojolicious/Plugin/AssetPack/Pipe/CoffeeScript.pm
Installing /nix/store/rx45paac928bapz2q1ll618svsfhksjm-perl5.32.0-Mojolicious-Plugin-AssetPack-2.08/lib/perl5/site_perl/5.32.0/Mojolicious/Plugin/AssetPack/Pipe/require.js
Installing /nix/store/rx45paac928bapz2q1ll618svsfhksjm-perl5.32.0-Mojolicious-Plugin-AssetPack-2.08/lib/perl5/site_perl/5.32.0/Mojolicious/Plugin/AssetPack/Pipe/Sass.pm
Installing /nix/store/rx45paac928bapz2q1ll618svsfhksjm-perl5.32.0-Mojolicious-Plugin-AssetPack-2.08/lib/perl5/site_perl/5.32.0/Mojolicious/Plugin/AssetPack/Pipe/Combine.pm
Installing /nix/store/rx45paac928bapz2q1ll618svsfhksjm-perl5.32.0-Mojolicious-Plugin-AssetPack-2.08/lib/perl5/site_perl/5.32.0/Mojolicious/Plugin/AssetPack/Pipe/typescript.js
Installing /nix/store/rx45paac928bapz2q1ll618svsfhksjm-perl5.32.0-Mojolicious-Plugin-AssetPack-2.08/lib/perl5/site_perl/5.32.0/Mojolicious/Plugin/AssetPack/Pipe/riot.js
Installing /nix/store/rx45paac928bapz2q1ll618svsfhksjm-perl5.32.0-Mojolicious-Plugin-AssetPack-2.08/lib/perl5/site_perl/5.32.0/Mojolicious/Plugin/AssetPack/Guides/Cookbook.pod
Installing /nix/store/rx45paac928bapz2q1ll618svsfhksjm-perl5.32.0-Mojolicious-Plugin-AssetPack-2.08/lib/perl5/site_perl/5.32.0/Mojolicious/Plugin/AssetPack/Guides/Developing.pod
Installing /nix/store/rx45paac928bapz2q1ll618svsfhksjm-perl5.32.0-Mojolicious-Plugin-AssetPack-2.08/lib/perl5/site_perl/5.32.0/Mojolicious/Plugin/AssetPack/Guides/Tutorial.pod
Installing /nix/store/rx45paac928bapz2q1ll618svsfhksjm-perl5.32.0-Mojolicious-Plugin-AssetPack-2.08/lib/perl5/site_perl/5.32.0/Mojolicious/Plugin/AssetPack/Asset/Null.pm
Installing /nix/store/rx45paac928bapz2q1ll618svsfhksjm-perl5.32.0-Mojolicious-Plugin-AssetPack-2.08/share/man/man3/Mojolicious::Plugin::AssetPack::Store.3
Installing /nix/store/rx45paac928bapz2q1ll618svsfhksjm-perl5.32.0-Mojolicious-Plugin-AssetPack-2.08/share/man/man3/Mojolicious::Plugin::AssetPack::Guides::Developing.3
Installing /nix/store/rx45paac928bapz2q1ll618svsfhksjm-perl5.32.0-Mojolicious-Plugin-AssetPack-2.08/share/man/man3/Mojolicious::Plugin::AssetPack::Pipe::Less.3
Installing /nix/store/rx45paac928bapz2q1ll618svsfhksjm-perl5.32.0-Mojolicious-Plugin-AssetPack-2.08/share/man/man3/Mojolicious::Plugin::AssetPack::Pipe::TypeScript.3
Installing /nix/store/rx45paac928bapz2q1ll618svsfhksjm-perl5.32.0-Mojolicious-Plugin-AssetPack-2.08/share/man/man3/Mojolicious::Plugin::AssetPack::Pipe::Fetch.3
Installing /nix/store/rx45paac928bapz2q1ll618svsfhksjm-perl5.32.0-Mojolicious-Plugin-AssetPack-2.08/share/man/man3/Mojolicious::Plugin::AssetPack::Asset::Null.3
Installing /nix/store/rx45paac928bapz2q1ll618svsfhksjm-perl5.32.0-Mojolicious-Plugin-AssetPack-2.08/share/man/man3/Mojolicious::Plugin::AssetPack::Guides::Tutorial.3
Installing /nix/store/rx45paac928bapz2q1ll618svsfhksjm-perl5.32.0-Mojolicious-Plugin-AssetPack-2.08/share/man/man3/Mojolicious::Plugin::AssetPack::Pipe::Css.3
Installing /nix/store/rx45paac928bapz2q1ll618svsfhksjm-perl5.32.0-Mojolicious-Plugin-AssetPack-2.08/share/man/man3/Mojolicious::Plugin::AssetPack::Pipe::Png.3
Installing /nix/store/rx45paac928bapz2q1ll618svsfhksjm-perl5.32.0-Mojolicious-Plugin-AssetPack-2.08/share/man/man3/Mojolicious::Plugin::AssetPack::Pipe::Jpeg.3
Installing /nix/store/rx45paac928bapz2q1ll618svsfhksjm-perl5.32.0-Mojolicious-Plugin-AssetPack-2.08/share/man/man3/Mojolicious::Plugin::AssetPack::Pipe::Sass.3
Installing /nix/store/rx45paac928bapz2q1ll618svsfhksjm-perl5.32.0-Mojolicious-Plugin-AssetPack-2.08/share/man/man3/Mojolicious::Plugin::AssetPack::Asset.3
Installing /nix/store/rx45paac928bapz2q1ll618svsfhksjm-perl5.32.0-Mojolicious-Plugin-AssetPack-2.08/share/man/man3/Mojolicious::Plugin::AssetPack::Pipe::Riotjs.3
Installing /nix/store/rx45paac928bapz2q1ll618svsfhksjm-perl5.32.0-Mojolicious-Plugin-AssetPack-2.08/share/man/man3/Mojolicious::Plugin::AssetPack::Guides::Cookbook.3
Installing /nix/store/rx45paac928bapz2q1ll618svsfhksjm-perl5.32.0-Mojolicious-Plugin-AssetPack-2.08/share/man/man3/Mojolicious::Plugin::AssetPack::Pipe::Combine.3
Installing /nix/store/rx45paac928bapz2q1ll618svsfhksjm-perl5.32.0-Mojolicious-Plugin-AssetPack-2.08/share/man/man3/Mojolicious::Plugin::AssetPack::Pipe::Vuejs.3
Installing /nix/store/rx45paac928bapz2q1ll618svsfhksjm-perl5.32.0-Mojolicious-Plugin-AssetPack-2.08/share/man/man3/Mojolicious::Plugin::AssetPack::Pipe::CoffeeScript.3
Installing /nix/store/rx45paac928bapz2q1ll618svsfhksjm-perl5.32.0-Mojolicious-Plugin-AssetPack-2.08/share/man/man3/Mojolicious::Plugin::AssetPack.3
Installing /nix/store/rx45paac928bapz2q1ll618svsfhksjm-perl5.32.0-Mojolicious-Plugin-AssetPack-2.08/share/man/man3/Mojolicious::Plugin::AssetPack::Pipe::Favicon.3
Installing /nix/store/rx45paac928bapz2q1ll618svsfhksjm-perl5.32.0-Mojolicious-Plugin-AssetPack-2.08/share/man/man3/Mojolicious::Plugin::AssetPack::Util.3
Installing /nix/store/rx45paac928bapz2q1ll618svsfhksjm-perl5.32.0-Mojolicious-Plugin-AssetPack-2.08/share/man/man3/Mojolicious::Plugin::AssetPack::Pipe::RollupJs.3
Installing /nix/store/rx45paac928bapz2q1ll618svsfhksjm-perl5.32.0-Mojolicious-Plugin-AssetPack-2.08/share/man/man3/Mojolicious::Plugin::AssetPack::Pipe.3
Installing /nix/store/rx45paac928bapz2q1ll618svsfhksjm-perl5.32.0-Mojolicious-Plugin-AssetPack-2.08/share/man/man3/Mojolicious::Plugin::AssetPack::Pipe::JavaScript.3
Appending installation info to /nix/store/rx45paac928bapz2q1ll618svsfhksjm-perl5.32.0-Mojolicious-Plugin-AssetPack-2.08/lib/perl5/5.32.0/x86_64-linux-thread-multi/perllocal.pod
post-installation fixup
Moving /nix/store/rx45paac928bapz2q1ll618svsfhksjm-perl5.32.0-Mojolicious-Plugin-AssetPack-2.08/share/man/man3 to /nix/store/pdj5i5fhhsnsa0w97a159p22rvxr8zzw-perl5.32.0-Mojolicious-Plugin-AssetPack-2.08-devdoc/share/man/man3
Removing empty /nix/store/rx45paac928bapz2q1ll618svsfhksjm-perl5.32.0-Mojolicious-Plugin-AssetPack-2.08/share/man/ and (possibly) its parents
shrinking RPATHs of ELF executables and libraries in /nix/store/rx45paac928bapz2q1ll618svsfhksjm-perl5.32.0-Mojolicious-Plugin-AssetPack-2.08
strip is /nix/store/psyzbhp4p088sb9qcs378hfbslcalasl-binutils-2.31.1/bin/strip
stripping (with command strip and flags -S) in /nix/store/rx45paac928bapz2q1ll618svsfhksjm-perl5.32.0-Mojolicious-Plugin-AssetPack-2.08/lib
patching script interpreter paths in /nix/store/rx45paac928bapz2q1ll618svsfhksjm-perl5.32.0-Mojolicious-Plugin-AssetPack-2.08
checking for references to /build/ in /nix/store/rx45paac928bapz2q1ll618svsfhksjm-perl5.32.0-Mojolicious-Plugin-AssetPack-2.08...
shrinking RPATHs of ELF executables and libraries in /nix/store/pdj5i5fhhsnsa0w97a159p22rvxr8zzw-perl5.32.0-Mojolicious-Plugin-AssetPack-2.08-devdoc
gzipping man pages under /nix/store/pdj5i5fhhsnsa0w97a159p22rvxr8zzw-perl5.32.0-Mojolicious-Plugin-AssetPack-2.08-devdoc/share/man/
strip is /nix/store/psyzbhp4p088sb9qcs378hfbslcalasl-binutils-2.31.1/bin/strip
patching script interpreter paths in /nix/store/pdj5i5fhhsnsa0w97a159p22rvxr8zzw-perl5.32.0-Mojolicious-Plugin-AssetPack-2.08-devdoc
checking for references to /build/ in /nix/store/pdj5i5fhhsnsa0w97a159p22rvxr8zzw-perl5.32.0-Mojolicious-Plugin-AssetPack-2.08-devdoc...
/nix/store/rx45paac928bapz2q1ll618svsfhksjm-perl5.32.0-Mojolicious-Plugin-AssetPack-2.08
