these derivations will be built:
  /nix/store/17p5wdrqzdssl37ykfbm1pqn69bkha0l-perl5.32.0-Mojolicious-Plugin-TextExceptions-0.01.drv
these paths will be fetched (0.00 MiB download, 0.00 MiB unpacked):
  /nix/store/xmggigjq2yhd2nhri1n2fv9rhz0kfszq-Mojolicious-Plugin-TextExceptions-0.01.tar.gz
copying path '/nix/store/xmggigjq2yhd2nhri1n2fv9rhz0kfszq-Mojolicious-Plugin-TextExceptions-0.01.tar.gz' from 'https://cache.nixos.org'...
building '/nix/store/17p5wdrqzdssl37ykfbm1pqn69bkha0l-perl5.32.0-Mojolicious-Plugin-TextExceptions-0.01.drv'...
unpacking sources
unpacking source archive /nix/store/xmggigjq2yhd2nhri1n2fv9rhz0kfszq-Mojolicious-Plugin-TextExceptions-0.01.tar.gz
source root is Mojolicious-Plugin-TextExceptions-0.01
setting SOURCE_DATE_EPOCH to timestamp 1551865488 of file Mojolicious-Plugin-TextExceptions-0.01/META.yml
patching sources
configuring
Checking if your kit is complete...
Looks good
Generating a Unix-style Makefile
Writing Makefile for Mojolicious::Plugin::TextExceptions
Writing MYMETA.yml and MYMETA.json
no configure script, doing nothing
building
build flags: SHELL=/nix/store/9fqwwd4iybmhjqyxiaxycknslw6bgwh1-bash-4.4-p23/bin/bash
cp lib/Mojolicious/Plugin/TextExceptions.pm blib/lib/Mojolicious/Plugin/TextExceptions.pm
Manifying 1 pod document
running tests
check flags: SHELL=/nix/store/9fqwwd4iybmhjqyxiaxycknslw6bgwh1-bash-4.4-p23/bin/bash VERBOSE=y test
PERL_DL_NONLAZY=1 "/nix/store/7c044di03qa7qgr5kjjc2d787aspzp0m-perl-5.32.0/bin/perl" "-MExtUtils::Command::MM" "-MTest::Harness" "-e" "undef *Test::Harness::Switches; test_harness(0, 'blib/lib', 'blib/arch')" t/*.t
t/00-basic.t ....... ok
t/app.t ............ ok
t/app_custom_re.t .. ok
All tests successful.
Files=3, Tests=27,  1 wallclock secs ( 0.02 usr  0.00 sys +  0.68 cusr  0.06 csys =  0.76 CPU)
Result: PASS
installing
install flags: SHELL=/nix/store/9fqwwd4iybmhjqyxiaxycknslw6bgwh1-bash-4.4-p23/bin/bash pkgconfigdir=/nix/store/238qf7ifr60yk2m86d9yrxp0f3dvxd7c-perl5.32.0-Mojolicious-Plugin-TextExceptions-0.01/lib/pkgconfig m4datadir=/nix/store/238qf7ifr60yk2m86d9yrxp0f3dvxd7c-perl5.32.0-Mojolicious-Plugin-TextExceptions-0.01/share/aclocal aclocaldir=/nix/store/238qf7ifr60yk2m86d9yrxp0f3dvxd7c-perl5.32.0-Mojolicious-Plugin-TextExceptions-0.01/share/aclocal install
Manifying 1 pod document
Installing /nix/store/238qf7ifr60yk2m86d9yrxp0f3dvxd7c-perl5.32.0-Mojolicious-Plugin-TextExceptions-0.01/lib/perl5/site_perl/5.32.0/Mojolicious/Plugin/TextExceptions.pm
Installing /nix/store/238qf7ifr60yk2m86d9yrxp0f3dvxd7c-perl5.32.0-Mojolicious-Plugin-TextExceptions-0.01/share/man/man3/Mojolicious::Plugin::TextExceptions.3
Appending installation info to /nix/store/238qf7ifr60yk2m86d9yrxp0f3dvxd7c-perl5.32.0-Mojolicious-Plugin-TextExceptions-0.01/lib/perl5/5.32.0/x86_64-linux-thread-multi/perllocal.pod
post-installation fixup
Moving /nix/store/238qf7ifr60yk2m86d9yrxp0f3dvxd7c-perl5.32.0-Mojolicious-Plugin-TextExceptions-0.01/share/man/man3 to /nix/store/jv09z8mlp653pnbnm8qnphz3wyrxj67r-perl5.32.0-Mojolicious-Plugin-TextExceptions-0.01-devdoc/share/man/man3
Removing empty /nix/store/238qf7ifr60yk2m86d9yrxp0f3dvxd7c-perl5.32.0-Mojolicious-Plugin-TextExceptions-0.01/share/man/ and (possibly) its parents
shrinking RPATHs of ELF executables and libraries in /nix/store/238qf7ifr60yk2m86d9yrxp0f3dvxd7c-perl5.32.0-Mojolicious-Plugin-TextExceptions-0.01
strip is /nix/store/psyzbhp4p088sb9qcs378hfbslcalasl-binutils-2.31.1/bin/strip
stripping (with command strip and flags -S) in /nix/store/238qf7ifr60yk2m86d9yrxp0f3dvxd7c-perl5.32.0-Mojolicious-Plugin-TextExceptions-0.01/lib
patching script interpreter paths in /nix/store/238qf7ifr60yk2m86d9yrxp0f3dvxd7c-perl5.32.0-Mojolicious-Plugin-TextExceptions-0.01
checking for references to /build/ in /nix/store/238qf7ifr60yk2m86d9yrxp0f3dvxd7c-perl5.32.0-Mojolicious-Plugin-TextExceptions-0.01...
shrinking RPATHs of ELF executables and libraries in /nix/store/jv09z8mlp653pnbnm8qnphz3wyrxj67r-perl5.32.0-Mojolicious-Plugin-TextExceptions-0.01-devdoc
gzipping man pages under /nix/store/jv09z8mlp653pnbnm8qnphz3wyrxj67r-perl5.32.0-Mojolicious-Plugin-TextExceptions-0.01-devdoc/share/man/
strip is /nix/store/psyzbhp4p088sb9qcs378hfbslcalasl-binutils-2.31.1/bin/strip
patching script interpreter paths in /nix/store/jv09z8mlp653pnbnm8qnphz3wyrxj67r-perl5.32.0-Mojolicious-Plugin-TextExceptions-0.01-devdoc
checking for references to /build/ in /nix/store/jv09z8mlp653pnbnm8qnphz3wyrxj67r-perl5.32.0-Mojolicious-Plugin-TextExceptions-0.01-devdoc...
/nix/store/238qf7ifr60yk2m86d9yrxp0f3dvxd7c-perl5.32.0-Mojolicious-Plugin-TextExceptions-0.01
