these derivations will be built:
  /nix/store/r0hn0shj3q2a3p7w8npfdlspxmq60srs-perl5.32.0-Test-TableDriven-0.02.drv
  /nix/store/5ilwic9zm4r5b2dnlk89qifl37p4iv0j-perl5.32.0-MooseX-Runnable-0.10.drv
these paths will be fetched (0.05 MiB download, 0.05 MiB unpacked):
  /nix/store/akvjfnr6dw6di5999yxk5rzz5q60bjk0-MooseX-Runnable-0.10.tar.gz
  /nix/store/fml9pajrdpzz1ddqp4mqam3rvysgibhw-Test-TableDriven-0.02.tar.gz
copying path '/nix/store/akvjfnr6dw6di5999yxk5rzz5q60bjk0-MooseX-Runnable-0.10.tar.gz' from 'https://cache.nixos.org'...
copying path '/nix/store/fml9pajrdpzz1ddqp4mqam3rvysgibhw-Test-TableDriven-0.02.tar.gz' from 'https://cache.nixos.org'...
building '/nix/store/r0hn0shj3q2a3p7w8npfdlspxmq60srs-perl5.32.0-Test-TableDriven-0.02.drv'...
unpacking sources
unpacking source archive /nix/store/fml9pajrdpzz1ddqp4mqam3rvysgibhw-Test-TableDriven-0.02.tar.gz
source root is Test-TableDriven-0.02
setting SOURCE_DATE_EPOCH to timestamp 1189934820 of file Test-TableDriven-0.02/inc/Module/Install/WriteAll.pm
patching sources
configuring
patching ./t/live-refs.t...
patching ./t/live-simple.t...
patching ./t/author/pod-coverage.t...
patching ./t/author/pod.t...
Cannot determine perl version info from lib/Test/TableDriven.pm
Checking if your kit is complete...
Looks good
Generating a Unix-style Makefile
Writing Makefile for Test::TableDriven
Writing MYMETA.yml and MYMETA.json
no configure script, doing nothing
building
build flags: SHELL=/nix/store/9fqwwd4iybmhjqyxiaxycknslw6bgwh1-bash-4.4-p23/bin/bash
cp lib/Test/TableDriven.pm blib/lib/Test/TableDriven.pm
Manifying 1 pod document
running tests
check flags: SHELL=/nix/store/9fqwwd4iybmhjqyxiaxycknslw6bgwh1-bash-4.4-p23/bin/bash VERBOSE=y test
PERL_DL_NONLAZY=1 "/nix/store/7c044di03qa7qgr5kjjc2d787aspzp0m-perl-5.32.0/bin/perl" "-MExtUtils::Command::MM" "-MTest::Harness" "-e" "undef *Test::Harness::Switches; test_harness(0, 'inc', 'blib/lib', 'blib/arch')" t/*.t
t/live-refs.t .... ok
t/live-simple.t .. ok
All tests successful.
Files=2, Tests=7,  0 wallclock secs ( 0.02 usr  0.01 sys +  0.10 cusr  0.01 csys =  0.14 CPU)
Result: PASS
installing
install flags: SHELL=/nix/store/9fqwwd4iybmhjqyxiaxycknslw6bgwh1-bash-4.4-p23/bin/bash pkgconfigdir=/nix/store/wh0mgvv5p27k7736nxm8nnqzzcpvca4l-perl5.32.0-Test-TableDriven-0.02/lib/pkgconfig m4datadir=/nix/store/wh0mgvv5p27k7736nxm8nnqzzcpvca4l-perl5.32.0-Test-TableDriven-0.02/share/aclocal aclocaldir=/nix/store/wh0mgvv5p27k7736nxm8nnqzzcpvca4l-perl5.32.0-Test-TableDriven-0.02/share/aclocal install
Manifying 1 pod document
Installing /nix/store/wh0mgvv5p27k7736nxm8nnqzzcpvca4l-perl5.32.0-Test-TableDriven-0.02/lib/perl5/site_perl/5.32.0/Test/TableDriven.pm
Installing /nix/store/wh0mgvv5p27k7736nxm8nnqzzcpvca4l-perl5.32.0-Test-TableDriven-0.02/share/man/man3/Test::TableDriven.3
Appending installation info to /nix/store/wh0mgvv5p27k7736nxm8nnqzzcpvca4l-perl5.32.0-Test-TableDriven-0.02/lib/perl5/5.32.0/x86_64-linux-thread-multi/perllocal.pod
post-installation fixup
Moving /nix/store/wh0mgvv5p27k7736nxm8nnqzzcpvca4l-perl5.32.0-Test-TableDriven-0.02/share/man/man3 to /nix/store/czkxigr41faac8c6y0g980wn8ba6cy5d-perl5.32.0-Test-TableDriven-0.02-devdoc/share/man/man3
Removing empty /nix/store/wh0mgvv5p27k7736nxm8nnqzzcpvca4l-perl5.32.0-Test-TableDriven-0.02/share/man/ and (possibly) its parents
shrinking RPATHs of ELF executables and libraries in /nix/store/wh0mgvv5p27k7736nxm8nnqzzcpvca4l-perl5.32.0-Test-TableDriven-0.02
strip is /nix/store/psyzbhp4p088sb9qcs378hfbslcalasl-binutils-2.31.1/bin/strip
stripping (with command strip and flags -S) in /nix/store/wh0mgvv5p27k7736nxm8nnqzzcpvca4l-perl5.32.0-Test-TableDriven-0.02/lib
patching script interpreter paths in /nix/store/wh0mgvv5p27k7736nxm8nnqzzcpvca4l-perl5.32.0-Test-TableDriven-0.02
checking for references to /build/ in /nix/store/wh0mgvv5p27k7736nxm8nnqzzcpvca4l-perl5.32.0-Test-TableDriven-0.02...
shrinking RPATHs of ELF executables and libraries in /nix/store/czkxigr41faac8c6y0g980wn8ba6cy5d-perl5.32.0-Test-TableDriven-0.02-devdoc
gzipping man pages under /nix/store/czkxigr41faac8c6y0g980wn8ba6cy5d-perl5.32.0-Test-TableDriven-0.02-devdoc/share/man/
strip is /nix/store/psyzbhp4p088sb9qcs378hfbslcalasl-binutils-2.31.1/bin/strip
patching script interpreter paths in /nix/store/czkxigr41faac8c6y0g980wn8ba6cy5d-perl5.32.0-Test-TableDriven-0.02-devdoc
checking for references to /build/ in /nix/store/czkxigr41faac8c6y0g980wn8ba6cy5d-perl5.32.0-Test-TableDriven-0.02-devdoc...
building '/nix/store/5ilwic9zm4r5b2dnlk89qifl37p4iv0j-perl5.32.0-MooseX-Runnable-0.10.drv'...
unpacking sources
unpacking source archive /nix/store/akvjfnr6dw6di5999yxk5rzz5q60bjk0-MooseX-Runnable-0.10.tar.gz
source root is MooseX-Runnable-0.10
setting SOURCE_DATE_EPOCH to timestamp 1457829626 of file MooseX-Runnable-0.10/xt/release/portability.t
patching sources
configuring
patching ./xt/release/changes_has_content.t...
patching ./xt/release/portability.t...
patching ./xt/release/distmeta.t...
patching ./xt/release/pod-no404s.t...
patching ./xt/release/cpan-changes.t...
patching ./xt/release/minimum-version.t...
patching ./xt/author/mojibake.t...
patching ./xt/author/pod-syntax.t...
patching ./script/mx-run...
patching ./t/00-report-prereqs.t...
Checking if your kit is complete...
Looks good
Generating a Unix-style Makefile
Writing Makefile for MooseX::Runnable
Writing MYMETA.yml and MYMETA.json
no configure script, doing nothing
building
Creating new 'Build' script for 'MooseX-Runnable' version '0.10'
cp lib/MooseX/Runnable.pm blib/lib/MooseX/Runnable.pm
cp lib/MooseX/Runnable/Invocation/Plugin/PAR.pm blib/lib/MooseX/Runnable/Invocation/Plugin/PAR.pm
cp lib/MooseX/Runnable/Invocation/Plugin/Restart.pm blib/lib/MooseX/Runnable/Invocation/Plugin/Restart.pm
cp lib/MooseX/Runnable/Run.pm blib/lib/MooseX/Runnable/Run.pm
cp lib/MooseX/Runnable/Invocation/Plugin/Restart/Base.pm blib/lib/MooseX/Runnable/Invocation/Plugin/Restart/Base.pm
cp lib/MooseX/Runnable/Invocation/MxRun.pm blib/lib/MooseX/Runnable/Invocation/MxRun.pm
cp lib/MooseX/Runnable/Util/ArgParser.pm blib/lib/MooseX/Runnable/Util/ArgParser.pm
cp lib/MooseX/Runnable/Invocation/Scheme/MooseX/Getopt.pm blib/lib/MooseX/Runnable/Invocation/Scheme/MooseX/Getopt.pm
cp lib/MooseX/Runnable/Invocation.pm blib/lib/MooseX/Runnable/Invocation.pm
cp lib/MooseX/Runnable/Invocation/Plugin/Profile.pm blib/lib/MooseX/Runnable/Invocation/Plugin/Profile.pm
cp lib/MooseX/Runnable/Invocation/Role/WithParsedArgs.pm blib/lib/MooseX/Runnable/Invocation/Role/WithParsedArgs.pm
cp script/mx-run blib/script/mx-run
cp lib/MooseX/Runnable/Invocation/Plugin/Debug.pm blib/lib/MooseX/Runnable/Invocation/Plugin/Debug.pm
cp lib/MooseX/Runnable/Invocation/Plugin/Restart/Auto.pm blib/lib/MooseX/Runnable/Invocation/Plugin/Restart/Auto.pm
cp lib/MooseX/Runnable/Invocation/Plugin/Role/CmdlineArgs.pm blib/lib/MooseX/Runnable/Invocation/Plugin/Role/CmdlineArgs.pm
running tests
t/00-load.t ..................... ok
t/00-report-prereqs.t ........... #
# Versions for all modules listed in MYMETA.json (including optional ones):
#
# === Configure Requires ===
#
#     Module               Want  Have
#     ------------------- ----- -----
#     Module::Build::Tiny 0.034 0.039
#
# === Test Requires ===
#
#     Module              Want     Have
#     ------------------- ---- --------
#     ExtUtils::MakeMaker  any     7.44
#     File::Spec           any     3.78
#     MooseX::Getopt       any     0.74
#     Test::Fatal          any    0.014
#     Test::More           any 1.302175
#     Test::TableDriven    any     0.02
#     ok                   any 1.302175
#
# === Test Recommends ===
#
#     Module         Want     Have
#     ---------- -------- --------
#     CPAN::Meta 2.120900 2.150010
#
# === Runtime Requires ===
#
#     Module                    Want   Have
#     ------------------------- ---- ------
#     Class::Load                any   0.25
#     FindBin                    any   1.51
#     List::SomeUtils            any   0.58
#     Moose                      any 2.2012
#     Moose::Role                any 2.2012
#     MooseX::Types              any   0.50
#     MooseX::Types::Moose       any   0.50
#     MooseX::Types::Path::Tiny  any  0.012
#     Params::Util               any   1.07
#     Path::Tiny                 any  0.114
#     namespace::autoclean       any   0.29
#     strict                     any   1.11
#     warnings                   any   1.47
#
# === Runtime Recommends ===
#
#     Module         Want Have
#     -------------- ---- ----
#     MooseX::Getopt  any 0.74
#
# === Runtime Suggests ===
#
#     Module               Want    Have
#     -------------------- ---- -------
#     AnyEvent              any missing
#     App::Packer::PAR      any missing
#     Data::Dump::Streamer  any missing
#     File::ChangeNotify    any missing
#     File::Temp            any  0.2309
#     Module::ScanDeps      any missing
#     PAR::Packer           any missing
#
# === Other Modules ===
#
#     Module               Have
#     -------------------- ----
#     Dist::CheckConflicts 0.11
#
t/00-report-prereqs.t ........... ok
t/arg-parser.t .................. ok
t/basic-mx-getopt.t ............. ok
t/basic.t ....................... ok
t/invocation-plugin-initargs.t .. ok
t/reverse-args.t ................ ok
t/zzz-check-breaks.t ............ ok
All tests successful.
Files=8, Tests=100,  4 wallclock secs ( 0.06 usr  0.05 sys +  2.33 cusr  0.84 csys =  3.28 CPU)
Result: PASS
installing
Installing /nix/store/gcn91fvi1fb0b523lb40nfq8mrhl692l-perl5.32.0-MooseX-Runnable-0.10/share/man/man1/mx-run.1
Installing /nix/store/gcn91fvi1fb0b523lb40nfq8mrhl692l-perl5.32.0-MooseX-Runnable-0.10/lib/perl5/site_perl/5.32.0/MooseX/Runnable.pm
Installing /nix/store/gcn91fvi1fb0b523lb40nfq8mrhl692l-perl5.32.0-MooseX-Runnable-0.10/lib/perl5/site_perl/5.32.0/MooseX/Runnable/Run.pm
Installing /nix/store/gcn91fvi1fb0b523lb40nfq8mrhl692l-perl5.32.0-MooseX-Runnable-0.10/lib/perl5/site_perl/5.32.0/MooseX/Runnable/Invocation.pm
Installing /nix/store/gcn91fvi1fb0b523lb40nfq8mrhl692l-perl5.32.0-MooseX-Runnable-0.10/lib/perl5/site_perl/5.32.0/MooseX/Runnable/Util/ArgParser.pm
Installing /nix/store/gcn91fvi1fb0b523lb40nfq8mrhl692l-perl5.32.0-MooseX-Runnable-0.10/lib/perl5/site_perl/5.32.0/MooseX/Runnable/Invocation/MxRun.pm
Installing /nix/store/gcn91fvi1fb0b523lb40nfq8mrhl692l-perl5.32.0-MooseX-Runnable-0.10/lib/perl5/site_perl/5.32.0/MooseX/Runnable/Invocation/Plugin/Debug.pm
Installing /nix/store/gcn91fvi1fb0b523lb40nfq8mrhl692l-perl5.32.0-MooseX-Runnable-0.10/lib/perl5/site_perl/5.32.0/MooseX/Runnable/Invocation/Plugin/Restart.pm
Installing /nix/store/gcn91fvi1fb0b523lb40nfq8mrhl692l-perl5.32.0-MooseX-Runnable-0.10/lib/perl5/site_perl/5.32.0/MooseX/Runnable/Invocation/Plugin/PAR.pm
Installing /nix/store/gcn91fvi1fb0b523lb40nfq8mrhl692l-perl5.32.0-MooseX-Runnable-0.10/lib/perl5/site_perl/5.32.0/MooseX/Runnable/Invocation/Plugin/Profile.pm
Installing /nix/store/gcn91fvi1fb0b523lb40nfq8mrhl692l-perl5.32.0-MooseX-Runnable-0.10/lib/perl5/site_perl/5.32.0/MooseX/Runnable/Invocation/Plugin/Restart/Auto.pm
Installing /nix/store/gcn91fvi1fb0b523lb40nfq8mrhl692l-perl5.32.0-MooseX-Runnable-0.10/lib/perl5/site_perl/5.32.0/MooseX/Runnable/Invocation/Plugin/Restart/Base.pm
Installing /nix/store/gcn91fvi1fb0b523lb40nfq8mrhl692l-perl5.32.0-MooseX-Runnable-0.10/lib/perl5/site_perl/5.32.0/MooseX/Runnable/Invocation/Plugin/Role/CmdlineArgs.pm
Installing /nix/store/gcn91fvi1fb0b523lb40nfq8mrhl692l-perl5.32.0-MooseX-Runnable-0.10/lib/perl5/site_perl/5.32.0/MooseX/Runnable/Invocation/Scheme/MooseX/Getopt.pm
Installing /nix/store/gcn91fvi1fb0b523lb40nfq8mrhl692l-perl5.32.0-MooseX-Runnable-0.10/lib/perl5/site_perl/5.32.0/MooseX/Runnable/Invocation/Role/WithParsedArgs.pm
Installing /nix/store/gcn91fvi1fb0b523lb40nfq8mrhl692l-perl5.32.0-MooseX-Runnable-0.10/share/man/man3/MooseX::Runnable::Invocation::Role::WithParsedArgs.3
Installing /nix/store/gcn91fvi1fb0b523lb40nfq8mrhl692l-perl5.32.0-MooseX-Runnable-0.10/share/man/man3/MooseX::Runnable::Invocation::Scheme::MooseX::Getopt.3
Installing /nix/store/gcn91fvi1fb0b523lb40nfq8mrhl692l-perl5.32.0-MooseX-Runnable-0.10/share/man/man3/MooseX::Runnable::Run.3
Installing /nix/store/gcn91fvi1fb0b523lb40nfq8mrhl692l-perl5.32.0-MooseX-Runnable-0.10/share/man/man3/MooseX::Runnable.3
Installing /nix/store/gcn91fvi1fb0b523lb40nfq8mrhl692l-perl5.32.0-MooseX-Runnable-0.10/share/man/man3/MooseX::Runnable::Invocation::MxRun.3
Installing /nix/store/gcn91fvi1fb0b523lb40nfq8mrhl692l-perl5.32.0-MooseX-Runnable-0.10/share/man/man3/MooseX::Runnable::Invocation::Plugin::Debug.3
Installing /nix/store/gcn91fvi1fb0b523lb40nfq8mrhl692l-perl5.32.0-MooseX-Runnable-0.10/share/man/man3/MooseX::Runnable::Util::ArgParser.3
Installing /nix/store/gcn91fvi1fb0b523lb40nfq8mrhl692l-perl5.32.0-MooseX-Runnable-0.10/share/man/man3/MooseX::Runnable::Invocation::Plugin::Role::CmdlineArgs.3
Installing /nix/store/gcn91fvi1fb0b523lb40nfq8mrhl692l-perl5.32.0-MooseX-Runnable-0.10/share/man/man3/MooseX::Runnable::Invocation::Plugin::PAR.3
Installing /nix/store/gcn91fvi1fb0b523lb40nfq8mrhl692l-perl5.32.0-MooseX-Runnable-0.10/share/man/man3/MooseX::Runnable::Invocation::Plugin::Restart::Auto.3
Installing /nix/store/gcn91fvi1fb0b523lb40nfq8mrhl692l-perl5.32.0-MooseX-Runnable-0.10/share/man/man3/MooseX::Runnable::Invocation::Plugin::Restart.3
Installing /nix/store/gcn91fvi1fb0b523lb40nfq8mrhl692l-perl5.32.0-MooseX-Runnable-0.10/share/man/man3/MooseX::Runnable::Invocation::Plugin::Profile.3
Installing /nix/store/gcn91fvi1fb0b523lb40nfq8mrhl692l-perl5.32.0-MooseX-Runnable-0.10/share/man/man3/MooseX::Runnable::Invocation.3
Installing /nix/store/gcn91fvi1fb0b523lb40nfq8mrhl692l-perl5.32.0-MooseX-Runnable-0.10/share/man/man3/MooseX::Runnable::Invocation::Plugin::Restart::Base.3
Installing /nix/store/gcn91fvi1fb0b523lb40nfq8mrhl692l-perl5.32.0-MooseX-Runnable-0.10/bin/mx-run
post-installation fixup
Moving /nix/store/gcn91fvi1fb0b523lb40nfq8mrhl692l-perl5.32.0-MooseX-Runnable-0.10/share/man/man3 to /nix/store/a6cnfyvrdcxny0ra8b2wncd1d7pls7lv-perl5.32.0-MooseX-Runnable-0.10-devdoc/share/man/man3
rmdir: failed to remove '/nix/store/gcn91fvi1fb0b523lb40nfq8mrhl692l-perl5.32.0-MooseX-Runnable-0.10/share/man': Directory not empty
shrinking RPATHs of ELF executables and libraries in /nix/store/gcn91fvi1fb0b523lb40nfq8mrhl692l-perl5.32.0-MooseX-Runnable-0.10
gzipping man pages under /nix/store/gcn91fvi1fb0b523lb40nfq8mrhl692l-perl5.32.0-MooseX-Runnable-0.10/share/man/
strip is /nix/store/psyzbhp4p088sb9qcs378hfbslcalasl-binutils-2.31.1/bin/strip
stripping (with command strip and flags -S) in /nix/store/gcn91fvi1fb0b523lb40nfq8mrhl692l-perl5.32.0-MooseX-Runnable-0.10/lib  /nix/store/gcn91fvi1fb0b523lb40nfq8mrhl692l-perl5.32.0-MooseX-Runnable-0.10/bin
patching script interpreter paths in /nix/store/gcn91fvi1fb0b523lb40nfq8mrhl692l-perl5.32.0-MooseX-Runnable-0.10
checking for references to /build/ in /nix/store/gcn91fvi1fb0b523lb40nfq8mrhl692l-perl5.32.0-MooseX-Runnable-0.10...
shrinking RPATHs of ELF executables and libraries in /nix/store/a6cnfyvrdcxny0ra8b2wncd1d7pls7lv-perl5.32.0-MooseX-Runnable-0.10-devdoc
gzipping man pages under /nix/store/a6cnfyvrdcxny0ra8b2wncd1d7pls7lv-perl5.32.0-MooseX-Runnable-0.10-devdoc/share/man/
strip is /nix/store/psyzbhp4p088sb9qcs378hfbslcalasl-binutils-2.31.1/bin/strip
patching script interpreter paths in /nix/store/a6cnfyvrdcxny0ra8b2wncd1d7pls7lv-perl5.32.0-MooseX-Runnable-0.10-devdoc
checking for references to /build/ in /nix/store/a6cnfyvrdcxny0ra8b2wncd1d7pls7lv-perl5.32.0-MooseX-Runnable-0.10-devdoc...
/nix/store/gcn91fvi1fb0b523lb40nfq8mrhl692l-perl5.32.0-MooseX-Runnable-0.10
