these derivations will be built:
  /nix/store/cpxyrlz19759qg19h4pinaalmz0cbn72-perl5.32.0-MooseX-AttributeHelpers-0.25.drv
these paths will be fetched (0.05 MiB download, 0.05 MiB unpacked):
  /nix/store/lafrd4msnmn6w96p2haw8xis65z6cx4h-MooseX-AttributeHelpers-0.25.tar.gz
copying path '/nix/store/lafrd4msnmn6w96p2haw8xis65z6cx4h-MooseX-AttributeHelpers-0.25.tar.gz' from 'https://cache.nixos.org'...
building '/nix/store/cpxyrlz19759qg19h4pinaalmz0cbn72-perl5.32.0-MooseX-AttributeHelpers-0.25.drv'...
unpacking sources
unpacking source archive /nix/store/lafrd4msnmn6w96p2haw8xis65z6cx4h-MooseX-AttributeHelpers-0.25.tar.gz
source root is MooseX-AttributeHelpers-0.25
setting SOURCE_DATE_EPOCH to timestamp 1455600459 of file MooseX-AttributeHelpers-0.25/xt/release/portability.t
patching sources
configuring
patching ./xt/release/changes_has_content.t...
patching ./xt/release/portability.t...
patching ./xt/release/distmeta.t...
patching ./xt/release/pod-no404s.t...
patching ./xt/release/minimum-version.t...
patching ./xt/author/pod-coverage.t...
patching ./xt/author/mojibake.t...
patching ./xt/author/pod-syntax.t...
patching ./t/004_basic_number.t...
patching ./t/00-report-prereqs.t...
patching ./t/205_trait_list.t...
patching ./t/203_trait_hash.t...
patching ./t/007_basic_string.t...
patching ./t/001_basic_counter.t...
patching ./t/204_trait_number.t...
patching ./t/201_trait_counter.t...
patching ./t/012_basic_bool.t...
patching ./t/005_basic_list.t...
patching ./t/207_trait_string.t...
patching ./t/000_load.t...
patching ./t/020_remove_attribute.t...
patching ./t/002_basic_array.t...
patching ./t/202_trait_array.t...
patching ./t/010_array_from_role.t...
patching ./t/006_basic_bag.t...
patching ./t/003_basic_hash.t...
patching ./t/208_trait_bool.t...
patching ./t/206_trait_bag.t...
patching ./t/011_counter_with_defaults.t...
patching ./t/100_collection_with_roles.t...
Checking if your kit is complete...
Looks good
Generating a Unix-style Makefile
Writing Makefile for MooseX::AttributeHelpers
Writing MYMETA.yml and MYMETA.json
no configure script, doing nothing
building
Creating new 'Build' script for 'MooseX-AttributeHelpers' version '0.25'
cp lib/MooseX/AttributeHelpers/Trait/Number.pm blib/lib/MooseX/AttributeHelpers/Trait/Number.pm
cp lib/MooseX/AttributeHelpers/Trait/Collection/Bag.pm blib/lib/MooseX/AttributeHelpers/Trait/Collection/Bag.pm
cp lib/MooseX/AttributeHelpers/String.pm blib/lib/MooseX/AttributeHelpers/String.pm
cp lib/MooseX/AttributeHelpers/Collection/Bag.pm blib/lib/MooseX/AttributeHelpers/Collection/Bag.pm
cp lib/MooseX/AttributeHelpers/MethodProvider/Hash.pm blib/lib/MooseX/AttributeHelpers/MethodProvider/Hash.pm
cp lib/MooseX/AttributeHelpers/Trait/Base.pm blib/lib/MooseX/AttributeHelpers/Trait/Base.pm
cp lib/MooseX/AttributeHelpers/Trait/Collection/Array.pm blib/lib/MooseX/AttributeHelpers/Trait/Collection/Array.pm
cp lib/MooseX/AttributeHelpers/MethodProvider/Bag.pm blib/lib/MooseX/AttributeHelpers/MethodProvider/Bag.pm
cp lib/MooseX/AttributeHelpers/Collection/ImmutableHash.pm blib/lib/MooseX/AttributeHelpers/Collection/ImmutableHash.pm
cp lib/MooseX/AttributeHelpers/Collection/Array.pm blib/lib/MooseX/AttributeHelpers/Collection/Array.pm
cp lib/MooseX/AttributeHelpers.pm blib/lib/MooseX/AttributeHelpers.pm
cp lib/MooseX/AttributeHelpers/Trait/Bool.pm blib/lib/MooseX/AttributeHelpers/Trait/Bool.pm
cp lib/MooseX/AttributeHelpers/Trait/Collection.pm blib/lib/MooseX/AttributeHelpers/Trait/Collection.pm
cp lib/MooseX/AttributeHelpers/Meta/Method/Curried.pm blib/lib/MooseX/AttributeHelpers/Meta/Method/Curried.pm
cp lib/MooseX/AttributeHelpers/Trait/Counter.pm blib/lib/MooseX/AttributeHelpers/Trait/Counter.pm
cp lib/MooseX/AttributeHelpers/MethodProvider/Array.pm blib/lib/MooseX/AttributeHelpers/MethodProvider/Array.pm
cp lib/MooseX/AttributeHelpers/Counter.pm blib/lib/MooseX/AttributeHelpers/Counter.pm
cp lib/MooseX/AttributeHelpers/Collection/List.pm blib/lib/MooseX/AttributeHelpers/Collection/List.pm
cp lib/MooseX/AttributeHelpers/MethodProvider/Counter.pm blib/lib/MooseX/AttributeHelpers/MethodProvider/Counter.pm
cp lib/MooseX/AttributeHelpers/MethodProvider/Bool.pm blib/lib/MooseX/AttributeHelpers/MethodProvider/Bool.pm
cp lib/MooseX/AttributeHelpers/MethodProvider/List.pm blib/lib/MooseX/AttributeHelpers/MethodProvider/List.pm
cp lib/MooseX/AttributeHelpers/MethodProvider/ImmutableHash.pm blib/lib/MooseX/AttributeHelpers/MethodProvider/ImmutableHash.pm
cp lib/MooseX/AttributeHelpers/MethodProvider/String.pm blib/lib/MooseX/AttributeHelpers/MethodProvider/String.pm
cp lib/MooseX/AttributeHelpers/Meta/Method/Provided.pm blib/lib/MooseX/AttributeHelpers/Meta/Method/Provided.pm
cp lib/MooseX/AttributeHelpers/Number.pm blib/lib/MooseX/AttributeHelpers/Number.pm
cp lib/MooseX/AttributeHelpers/Trait/String.pm blib/lib/MooseX/AttributeHelpers/Trait/String.pm
cp lib/MooseX/AttributeHelpers/Bool.pm blib/lib/MooseX/AttributeHelpers/Bool.pm
cp lib/MooseX/AttributeHelpers/Trait/Collection/ImmutableHash.pm blib/lib/MooseX/AttributeHelpers/Trait/Collection/ImmutableHash.pm
cp lib/MooseX/AttributeHelpers/Collection/Hash.pm blib/lib/MooseX/AttributeHelpers/Collection/Hash.pm
cp lib/MooseX/AttributeHelpers/Trait/Collection/List.pm blib/lib/MooseX/AttributeHelpers/Trait/Collection/List.pm
cp lib/MooseX/AttributeHelpers/Trait/Collection/Hash.pm blib/lib/MooseX/AttributeHelpers/Trait/Collection/Hash.pm
running tests
t/00-report-prereqs.t .......... #
# Versions for all modules listed in MYMETA.json (including optional ones):
#
# === Configure Requires ===
#
#     Module               Want  Have
#     ------------------- ----- -----
#     Module::Build::Tiny 0.034 0.039
#
# === Test Requires ===
#
#     Module              Want     Have
#     ------------------- ---- --------
#     ExtUtils::MakeMaker  any     7.44
#     File::Spec           any     3.78
#     Test::Exception     0.21     0.43
#     Test::Moose          any   2.2012
#     Test::More           any 1.302175
#     strict               any     1.11
#     warnings             any     1.47
#
# === Test Recommends ===
#
#     Module         Want     Have
#     ---------- -------- --------
#     CPAN::Meta 2.120900 2.150010
#
# === Runtime Requires ===
#
#     Module                          Want   Have
#     ---------------------------- ------- ------
#     JSON::PP                     2.27300   4.04
#     Moose                           0.56 2.2012
#     Moose::Meta::Attribute           any 2.2012
#     Moose::Meta::Method              any 2.2012
#     Moose::Role                      any 2.2012
#     Moose::Util::TypeConstraints     any 2.2012
#
# === Other Modules ===
#
#     Module           Have
#     ------------- -------
#     Pod::Coverage missing
#
t/00-report-prereqs.t .......... ok
t/000_load.t ................... ok
t/001_basic_counter.t .......... ok
t/002_basic_array.t ............ ok
t/003_basic_hash.t ............. ok
t/004_basic_number.t ........... ok
t/005_basic_list.t ............. ok
t/006_basic_bag.t .............. ok
t/007_basic_string.t ........... ok
t/010_array_from_role.t ........ ok
t/011_counter_with_defaults.t .. ok
t/012_basic_bool.t ............. ok
t/020_remove_attribute.t ....... ok
t/100_collection_with_roles.t .. ok
t/201_trait_counter.t .......... ok
t/202_trait_array.t ............ ok
t/203_trait_hash.t ............. ok
t/204_trait_number.t ........... ok
t/205_trait_list.t ............. ok
t/206_trait_bag.t .............. ok
t/207_trait_string.t ........... ok
t/208_trait_bool.t ............. ok
t/zzz-check-breaks.t ........... ok
All tests successful.
Files=23, Tests=571, 11 wallclock secs ( 0.12 usr  0.05 sys +  7.78 cusr  3.75 csys = 11.70 CPU)
Result: PASS
installing
Installing /nix/store/aqy58j4i5pflkrpra1smqdyk3ds7d29j-perl5.32.0-MooseX-AttributeHelpers-0.25/lib/perl5/site_perl/5.32.0/MooseX/AttributeHelpers.pm
Installing /nix/store/aqy58j4i5pflkrpra1smqdyk3ds7d29j-perl5.32.0-MooseX-AttributeHelpers-0.25/lib/perl5/site_perl/5.32.0/MooseX/AttributeHelpers/Bool.pm
Installing /nix/store/aqy58j4i5pflkrpra1smqdyk3ds7d29j-perl5.32.0-MooseX-AttributeHelpers-0.25/lib/perl5/site_perl/5.32.0/MooseX/AttributeHelpers/String.pm
Installing /nix/store/aqy58j4i5pflkrpra1smqdyk3ds7d29j-perl5.32.0-MooseX-AttributeHelpers-0.25/lib/perl5/site_perl/5.32.0/MooseX/AttributeHelpers/Counter.pm
Installing /nix/store/aqy58j4i5pflkrpra1smqdyk3ds7d29j-perl5.32.0-MooseX-AttributeHelpers-0.25/lib/perl5/site_perl/5.32.0/MooseX/AttributeHelpers/Number.pm
Installing /nix/store/aqy58j4i5pflkrpra1smqdyk3ds7d29j-perl5.32.0-MooseX-AttributeHelpers-0.25/lib/perl5/site_perl/5.32.0/MooseX/AttributeHelpers/MethodProvider/ImmutableHash.pm
Installing /nix/store/aqy58j4i5pflkrpra1smqdyk3ds7d29j-perl5.32.0-MooseX-AttributeHelpers-0.25/lib/perl5/site_perl/5.32.0/MooseX/AttributeHelpers/MethodProvider/Hash.pm
Installing /nix/store/aqy58j4i5pflkrpra1smqdyk3ds7d29j-perl5.32.0-MooseX-AttributeHelpers-0.25/lib/perl5/site_perl/5.32.0/MooseX/AttributeHelpers/MethodProvider/List.pm
Installing /nix/store/aqy58j4i5pflkrpra1smqdyk3ds7d29j-perl5.32.0-MooseX-AttributeHelpers-0.25/lib/perl5/site_perl/5.32.0/MooseX/AttributeHelpers/MethodProvider/Bag.pm
Installing /nix/store/aqy58j4i5pflkrpra1smqdyk3ds7d29j-perl5.32.0-MooseX-AttributeHelpers-0.25/lib/perl5/site_perl/5.32.0/MooseX/AttributeHelpers/MethodProvider/Bool.pm
Installing /nix/store/aqy58j4i5pflkrpra1smqdyk3ds7d29j-perl5.32.0-MooseX-AttributeHelpers-0.25/lib/perl5/site_perl/5.32.0/MooseX/AttributeHelpers/MethodProvider/String.pm
Installing /nix/store/aqy58j4i5pflkrpra1smqdyk3ds7d29j-perl5.32.0-MooseX-AttributeHelpers-0.25/lib/perl5/site_perl/5.32.0/MooseX/AttributeHelpers/MethodProvider/Array.pm
Installing /nix/store/aqy58j4i5pflkrpra1smqdyk3ds7d29j-perl5.32.0-MooseX-AttributeHelpers-0.25/lib/perl5/site_perl/5.32.0/MooseX/AttributeHelpers/MethodProvider/Counter.pm
Installing /nix/store/aqy58j4i5pflkrpra1smqdyk3ds7d29j-perl5.32.0-MooseX-AttributeHelpers-0.25/lib/perl5/site_perl/5.32.0/MooseX/AttributeHelpers/Trait/Collection.pm
Installing /nix/store/aqy58j4i5pflkrpra1smqdyk3ds7d29j-perl5.32.0-MooseX-AttributeHelpers-0.25/lib/perl5/site_perl/5.32.0/MooseX/AttributeHelpers/Trait/Bool.pm
Installing /nix/store/aqy58j4i5pflkrpra1smqdyk3ds7d29j-perl5.32.0-MooseX-AttributeHelpers-0.25/lib/perl5/site_perl/5.32.0/MooseX/AttributeHelpers/Trait/String.pm
Installing /nix/store/aqy58j4i5pflkrpra1smqdyk3ds7d29j-perl5.32.0-MooseX-AttributeHelpers-0.25/lib/perl5/site_perl/5.32.0/MooseX/AttributeHelpers/Trait/Counter.pm
Installing /nix/store/aqy58j4i5pflkrpra1smqdyk3ds7d29j-perl5.32.0-MooseX-AttributeHelpers-0.25/lib/perl5/site_perl/5.32.0/MooseX/AttributeHelpers/Trait/Number.pm
Installing /nix/store/aqy58j4i5pflkrpra1smqdyk3ds7d29j-perl5.32.0-MooseX-AttributeHelpers-0.25/lib/perl5/site_perl/5.32.0/MooseX/AttributeHelpers/Trait/Base.pm
Installing /nix/store/aqy58j4i5pflkrpra1smqdyk3ds7d29j-perl5.32.0-MooseX-AttributeHelpers-0.25/lib/perl5/site_perl/5.32.0/MooseX/AttributeHelpers/Trait/Collection/ImmutableHash.pm
Installing /nix/store/aqy58j4i5pflkrpra1smqdyk3ds7d29j-perl5.32.0-MooseX-AttributeHelpers-0.25/lib/perl5/site_perl/5.32.0/MooseX/AttributeHelpers/Trait/Collection/Hash.pm
Installing /nix/store/aqy58j4i5pflkrpra1smqdyk3ds7d29j-perl5.32.0-MooseX-AttributeHelpers-0.25/lib/perl5/site_perl/5.32.0/MooseX/AttributeHelpers/Trait/Collection/List.pm
Installing /nix/store/aqy58j4i5pflkrpra1smqdyk3ds7d29j-perl5.32.0-MooseX-AttributeHelpers-0.25/lib/perl5/site_perl/5.32.0/MooseX/AttributeHelpers/Trait/Collection/Bag.pm
Installing /nix/store/aqy58j4i5pflkrpra1smqdyk3ds7d29j-perl5.32.0-MooseX-AttributeHelpers-0.25/lib/perl5/site_perl/5.32.0/MooseX/AttributeHelpers/Trait/Collection/Array.pm
Installing /nix/store/aqy58j4i5pflkrpra1smqdyk3ds7d29j-perl5.32.0-MooseX-AttributeHelpers-0.25/lib/perl5/site_perl/5.32.0/MooseX/AttributeHelpers/Collection/ImmutableHash.pm
Installing /nix/store/aqy58j4i5pflkrpra1smqdyk3ds7d29j-perl5.32.0-MooseX-AttributeHelpers-0.25/lib/perl5/site_perl/5.32.0/MooseX/AttributeHelpers/Collection/Hash.pm
Installing /nix/store/aqy58j4i5pflkrpra1smqdyk3ds7d29j-perl5.32.0-MooseX-AttributeHelpers-0.25/lib/perl5/site_perl/5.32.0/MooseX/AttributeHelpers/Collection/List.pm
Installing /nix/store/aqy58j4i5pflkrpra1smqdyk3ds7d29j-perl5.32.0-MooseX-AttributeHelpers-0.25/lib/perl5/site_perl/5.32.0/MooseX/AttributeHelpers/Collection/Bag.pm
Installing /nix/store/aqy58j4i5pflkrpra1smqdyk3ds7d29j-perl5.32.0-MooseX-AttributeHelpers-0.25/lib/perl5/site_perl/5.32.0/MooseX/AttributeHelpers/Collection/Array.pm
Installing /nix/store/aqy58j4i5pflkrpra1smqdyk3ds7d29j-perl5.32.0-MooseX-AttributeHelpers-0.25/lib/perl5/site_perl/5.32.0/MooseX/AttributeHelpers/Meta/Method/Provided.pm
Installing /nix/store/aqy58j4i5pflkrpra1smqdyk3ds7d29j-perl5.32.0-MooseX-AttributeHelpers-0.25/lib/perl5/site_perl/5.32.0/MooseX/AttributeHelpers/Meta/Method/Curried.pm
Installing /nix/store/aqy58j4i5pflkrpra1smqdyk3ds7d29j-perl5.32.0-MooseX-AttributeHelpers-0.25/share/man/man3/MooseX::AttributeHelpers::MethodProvider::Counter.3
Installing /nix/store/aqy58j4i5pflkrpra1smqdyk3ds7d29j-perl5.32.0-MooseX-AttributeHelpers-0.25/share/man/man3/MooseX::AttributeHelpers::Trait::Bool.3
Installing /nix/store/aqy58j4i5pflkrpra1smqdyk3ds7d29j-perl5.32.0-MooseX-AttributeHelpers-0.25/share/man/man3/MooseX::AttributeHelpers::MethodProvider::Bool.3
Installing /nix/store/aqy58j4i5pflkrpra1smqdyk3ds7d29j-perl5.32.0-MooseX-AttributeHelpers-0.25/share/man/man3/MooseX::AttributeHelpers::Trait::String.3
Installing /nix/store/aqy58j4i5pflkrpra1smqdyk3ds7d29j-perl5.32.0-MooseX-AttributeHelpers-0.25/share/man/man3/MooseX::AttributeHelpers::Trait::Base.3
Installing /nix/store/aqy58j4i5pflkrpra1smqdyk3ds7d29j-perl5.32.0-MooseX-AttributeHelpers-0.25/share/man/man3/MooseX::AttributeHelpers::Meta::Method::Curried.3
Installing /nix/store/aqy58j4i5pflkrpra1smqdyk3ds7d29j-perl5.32.0-MooseX-AttributeHelpers-0.25/share/man/man3/MooseX::AttributeHelpers::Trait::Collection::ImmutableHash.3
Installing /nix/store/aqy58j4i5pflkrpra1smqdyk3ds7d29j-perl5.32.0-MooseX-AttributeHelpers-0.25/share/man/man3/MooseX::AttributeHelpers.3
Installing /nix/store/aqy58j4i5pflkrpra1smqdyk3ds7d29j-perl5.32.0-MooseX-AttributeHelpers-0.25/share/man/man3/MooseX::AttributeHelpers::Trait::Number.3
Installing /nix/store/aqy58j4i5pflkrpra1smqdyk3ds7d29j-perl5.32.0-MooseX-AttributeHelpers-0.25/share/man/man3/MooseX::AttributeHelpers::Collection::ImmutableHash.3
Installing /nix/store/aqy58j4i5pflkrpra1smqdyk3ds7d29j-perl5.32.0-MooseX-AttributeHelpers-0.25/share/man/man3/MooseX::AttributeHelpers::MethodProvider::List.3
Installing /nix/store/aqy58j4i5pflkrpra1smqdyk3ds7d29j-perl5.32.0-MooseX-AttributeHelpers-0.25/share/man/man3/MooseX::AttributeHelpers::Number.3
Installing /nix/store/aqy58j4i5pflkrpra1smqdyk3ds7d29j-perl5.32.0-MooseX-AttributeHelpers-0.25/share/man/man3/MooseX::AttributeHelpers::MethodProvider::String.3
Installing /nix/store/aqy58j4i5pflkrpra1smqdyk3ds7d29j-perl5.32.0-MooseX-AttributeHelpers-0.25/share/man/man3/MooseX::AttributeHelpers::Collection::Bag.3
Installing /nix/store/aqy58j4i5pflkrpra1smqdyk3ds7d29j-perl5.32.0-MooseX-AttributeHelpers-0.25/share/man/man3/MooseX::AttributeHelpers::Collection::Array.3
Installing /nix/store/aqy58j4i5pflkrpra1smqdyk3ds7d29j-perl5.32.0-MooseX-AttributeHelpers-0.25/share/man/man3/MooseX::AttributeHelpers::Trait::Collection::Bag.3
Installing /nix/store/aqy58j4i5pflkrpra1smqdyk3ds7d29j-perl5.32.0-MooseX-AttributeHelpers-0.25/share/man/man3/MooseX::AttributeHelpers::Trait::Collection::List.3
Installing /nix/store/aqy58j4i5pflkrpra1smqdyk3ds7d29j-perl5.32.0-MooseX-AttributeHelpers-0.25/share/man/man3/MooseX::AttributeHelpers::MethodProvider::ImmutableHash.3
Installing /nix/store/aqy58j4i5pflkrpra1smqdyk3ds7d29j-perl5.32.0-MooseX-AttributeHelpers-0.25/share/man/man3/MooseX::AttributeHelpers::MethodProvider::Array.3
Installing /nix/store/aqy58j4i5pflkrpra1smqdyk3ds7d29j-perl5.32.0-MooseX-AttributeHelpers-0.25/share/man/man3/MooseX::AttributeHelpers::MethodProvider::Hash.3
Installing /nix/store/aqy58j4i5pflkrpra1smqdyk3ds7d29j-perl5.32.0-MooseX-AttributeHelpers-0.25/share/man/man3/MooseX::AttributeHelpers::Collection::Hash.3
Installing /nix/store/aqy58j4i5pflkrpra1smqdyk3ds7d29j-perl5.32.0-MooseX-AttributeHelpers-0.25/share/man/man3/MooseX::AttributeHelpers::Trait::Counter.3
Installing /nix/store/aqy58j4i5pflkrpra1smqdyk3ds7d29j-perl5.32.0-MooseX-AttributeHelpers-0.25/share/man/man3/MooseX::AttributeHelpers::MethodProvider::Bag.3
Installing /nix/store/aqy58j4i5pflkrpra1smqdyk3ds7d29j-perl5.32.0-MooseX-AttributeHelpers-0.25/share/man/man3/MooseX::AttributeHelpers::String.3
Installing /nix/store/aqy58j4i5pflkrpra1smqdyk3ds7d29j-perl5.32.0-MooseX-AttributeHelpers-0.25/share/man/man3/MooseX::AttributeHelpers::Meta::Method::Provided.3
Installing /nix/store/aqy58j4i5pflkrpra1smqdyk3ds7d29j-perl5.32.0-MooseX-AttributeHelpers-0.25/share/man/man3/MooseX::AttributeHelpers::Bool.3
Installing /nix/store/aqy58j4i5pflkrpra1smqdyk3ds7d29j-perl5.32.0-MooseX-AttributeHelpers-0.25/share/man/man3/MooseX::AttributeHelpers::Trait::Collection::Hash.3
Installing /nix/store/aqy58j4i5pflkrpra1smqdyk3ds7d29j-perl5.32.0-MooseX-AttributeHelpers-0.25/share/man/man3/MooseX::AttributeHelpers::Counter.3
Installing /nix/store/aqy58j4i5pflkrpra1smqdyk3ds7d29j-perl5.32.0-MooseX-AttributeHelpers-0.25/share/man/man3/MooseX::AttributeHelpers::Collection::List.3
Installing /nix/store/aqy58j4i5pflkrpra1smqdyk3ds7d29j-perl5.32.0-MooseX-AttributeHelpers-0.25/share/man/man3/MooseX::AttributeHelpers::Trait::Collection::Array.3
Installing /nix/store/aqy58j4i5pflkrpra1smqdyk3ds7d29j-perl5.32.0-MooseX-AttributeHelpers-0.25/share/man/man3/MooseX::AttributeHelpers::Trait::Collection.3
post-installation fixup
Moving /nix/store/aqy58j4i5pflkrpra1smqdyk3ds7d29j-perl5.32.0-MooseX-AttributeHelpers-0.25/share/man/man3 to /nix/store/z94zlix313gh44xchs1ijgj4qk3hkpzb-perl5.32.0-MooseX-AttributeHelpers-0.25-devdoc/share/man/man3
Removing empty /nix/store/aqy58j4i5pflkrpra1smqdyk3ds7d29j-perl5.32.0-MooseX-AttributeHelpers-0.25/share/man/ and (possibly) its parents
shrinking RPATHs of ELF executables and libraries in /nix/store/aqy58j4i5pflkrpra1smqdyk3ds7d29j-perl5.32.0-MooseX-AttributeHelpers-0.25
strip is /nix/store/psyzbhp4p088sb9qcs378hfbslcalasl-binutils-2.31.1/bin/strip
stripping (with command strip and flags -S) in /nix/store/aqy58j4i5pflkrpra1smqdyk3ds7d29j-perl5.32.0-MooseX-AttributeHelpers-0.25/lib
patching script interpreter paths in /nix/store/aqy58j4i5pflkrpra1smqdyk3ds7d29j-perl5.32.0-MooseX-AttributeHelpers-0.25
checking for references to /build/ in /nix/store/aqy58j4i5pflkrpra1smqdyk3ds7d29j-perl5.32.0-MooseX-AttributeHelpers-0.25...
shrinking RPATHs of ELF executables and libraries in /nix/store/z94zlix313gh44xchs1ijgj4qk3hkpzb-perl5.32.0-MooseX-AttributeHelpers-0.25-devdoc
gzipping man pages under /nix/store/z94zlix313gh44xchs1ijgj4qk3hkpzb-perl5.32.0-MooseX-AttributeHelpers-0.25-devdoc/share/man/
strip is /nix/store/psyzbhp4p088sb9qcs378hfbslcalasl-binutils-2.31.1/bin/strip
patching script interpreter paths in /nix/store/z94zlix313gh44xchs1ijgj4qk3hkpzb-perl5.32.0-MooseX-AttributeHelpers-0.25-devdoc
checking for references to /build/ in /nix/store/z94zlix313gh44xchs1ijgj4qk3hkpzb-perl5.32.0-MooseX-AttributeHelpers-0.25-devdoc...
/nix/store/aqy58j4i5pflkrpra1smqdyk3ds7d29j-perl5.32.0-MooseX-AttributeHelpers-0.25
