these derivations will be built:
  /nix/store/khy6limb91rk3pkyil6arv4ssqckdyam-perl5.32.0-URI-FromHash-0.05.drv
  /nix/store/w7gzhdkvcwnp9986fh76hf1ghhn0fv49-perl5.32.0-MooseX-Types-URI-0.08.drv
these paths will be fetched (0.05 MiB download, 0.05 MiB unpacked):
  /nix/store/7kdpc8fb8qvxn0p0bd84ninbvcf8sfmj-URI-FromHash-0.05.tar.gz
  /nix/store/whmz1q45kfanb2wp6jw7nj09zc7aa6nq-MooseX-Types-URI-0.08.tar.gz
copying path '/nix/store/whmz1q45kfanb2wp6jw7nj09zc7aa6nq-MooseX-Types-URI-0.08.tar.gz' from 'https://cache.nixos.org'...
copying path '/nix/store/7kdpc8fb8qvxn0p0bd84ninbvcf8sfmj-URI-FromHash-0.05.tar.gz' from 'https://cache.nixos.org'...
building '/nix/store/khy6limb91rk3pkyil6arv4ssqckdyam-perl5.32.0-URI-FromHash-0.05.drv'...
unpacking sources
unpacking source archive /nix/store/7kdpc8fb8qvxn0p0bd84ninbvcf8sfmj-URI-FromHash-0.05.tar.gz
source root is URI-FromHash-0.05
setting SOURCE_DATE_EPOCH to timestamp 1445113966 of file URI-FromHash-0.05/weaver.ini
patching sources
configuring
patching ./t/00-report-prereqs.t...
patching ./t/release-synopsis.t...
patching ./t/release-portability.t...
patching ./t/release-cpan-changes.t...
patching ./t/release-pod-syntax.t...
patching ./t/release-pod-no404s.t...
patching ./t/author-mojibake.t...
patching ./t/release-pod-linkcheck.t...
patching ./t/release-pod-coverage.t...
patching ./t/release-tidyall.t...
Checking if your kit is complete...
Looks good
Generating a Unix-style Makefile
Writing Makefile for URI::FromHash
Writing MYMETA.yml and MYMETA.json
no configure script, doing nothing
building
build flags: SHELL=/nix/store/9fqwwd4iybmhjqyxiaxycknslw6bgwh1-bash-4.4-p23/bin/bash
cp lib/URI/FromHash.pm blib/lib/URI/FromHash.pm
Manifying 1 pod document
running tests
check flags: SHELL=/nix/store/9fqwwd4iybmhjqyxiaxycknslw6bgwh1-bash-4.4-p23/bin/bash VERBOSE=y test
PERL_DL_NONLAZY=1 "/nix/store/7c044di03qa7qgr5kjjc2d787aspzp0m-perl-5.32.0/bin/perl" "-MExtUtils::Command::MM" "-MTest::Harness" "-e" "undef *Test::Harness::Switches; test_harness(0, 'blib/lib', 'blib/arch')" t/*.t
t/00-report-prereqs.t ...... #
# Versions for all modules listed in MYMETA.json (including optional ones):
#
# === Configure Requires ===
#
#     Module              Want Have
#     ------------------- ---- ----
#     ExtUtils::MakeMaker  any 7.44
#
# === Build Requires ===
#
#     Module              Want Have
#     ------------------- ---- ----
#     ExtUtils::MakeMaker  any 7.44
#
# === Test Requires ===
#
#     Module              Want     Have
#     ------------------- ---- --------
#     ExtUtils::MakeMaker  any     7.44
#     File::Spec           any     3.78
#     Test::Fatal          any    0.014
#     Test::More          0.96 1.302175
#
# === Test Recommends ===
#
#     Module         Want     Have
#     ---------- -------- --------
#     CPAN::Meta 2.120900 2.150010
#
# === Runtime Requires ===
#
#     Module           Want Have
#     ---------------- ---- ----
#     Carp              any 1.50
#     Exporter          any 5.74
#     Params::Validate  any 1.29
#     URI              1.68 1.76
#     strict            any 1.11
#     warnings          any 1.47
#
t/00-report-prereqs.t ...... ok
t/author-00-compile.t ...... skipped: these tests are for testing by the author
t/author-eol.t ............. skipped: these tests are for testing by the author
t/author-mojibake.t ........ skipped: these tests are for testing by the author
t/author-no-tabs.t ......... skipped: these tests are for testing by the author
t/author-pod-spell.t ....... skipped: these tests are for testing by the author
t/author-test-version.t .... skipped: these tests are for testing by the author
t/release-cpan-changes.t ... skipped: these tests are for release candidate testing
t/release-pod-coverage.t ... skipped: these tests are for release candidate testing
t/release-pod-linkcheck.t .. skipped: these tests are for release candidate testing
t/release-pod-no404s.t ..... skipped: these tests are for release candidate testing
t/release-pod-syntax.t ..... skipped: these tests are for release candidate testing
t/release-portability.t .... skipped: these tests are for release candidate testing
t/release-synopsis.t ....... skipped: these tests are for release candidate testing
t/release-tidyall.t ........ skipped: these tests are for release candidate testing
t/uri.t .................... ok
All tests successful.
Files=16, Tests=23,  1 wallclock secs ( 0.05 usr  0.01 sys +  1.00 cusr  0.48 csys =  1.54 CPU)
Result: PASS
installing
install flags: SHELL=/nix/store/9fqwwd4iybmhjqyxiaxycknslw6bgwh1-bash-4.4-p23/bin/bash pkgconfigdir=/nix/store/4q6259kbdk7b1q499g1gnwg5bmhvyaql-perl5.32.0-URI-FromHash-0.05/lib/pkgconfig m4datadir=/nix/store/4q6259kbdk7b1q499g1gnwg5bmhvyaql-perl5.32.0-URI-FromHash-0.05/share/aclocal aclocaldir=/nix/store/4q6259kbdk7b1q499g1gnwg5bmhvyaql-perl5.32.0-URI-FromHash-0.05/share/aclocal install
Manifying 1 pod document
Installing /nix/store/4q6259kbdk7b1q499g1gnwg5bmhvyaql-perl5.32.0-URI-FromHash-0.05/lib/perl5/site_perl/5.32.0/URI/FromHash.pm
Installing /nix/store/4q6259kbdk7b1q499g1gnwg5bmhvyaql-perl5.32.0-URI-FromHash-0.05/share/man/man3/URI::FromHash.3
Appending installation info to /nix/store/4q6259kbdk7b1q499g1gnwg5bmhvyaql-perl5.32.0-URI-FromHash-0.05/lib/perl5/5.32.0/x86_64-linux-thread-multi/perllocal.pod
post-installation fixup
Moving /nix/store/4q6259kbdk7b1q499g1gnwg5bmhvyaql-perl5.32.0-URI-FromHash-0.05/share/man/man3 to /nix/store/0d32r07mvyk09wkjhzndrr75jbpx5zax-perl5.32.0-URI-FromHash-0.05-devdoc/share/man/man3
Removing empty /nix/store/4q6259kbdk7b1q499g1gnwg5bmhvyaql-perl5.32.0-URI-FromHash-0.05/share/man/ and (possibly) its parents
shrinking RPATHs of ELF executables and libraries in /nix/store/4q6259kbdk7b1q499g1gnwg5bmhvyaql-perl5.32.0-URI-FromHash-0.05
strip is /nix/store/psyzbhp4p088sb9qcs378hfbslcalasl-binutils-2.31.1/bin/strip
stripping (with command strip and flags -S) in /nix/store/4q6259kbdk7b1q499g1gnwg5bmhvyaql-perl5.32.0-URI-FromHash-0.05/lib
patching script interpreter paths in /nix/store/4q6259kbdk7b1q499g1gnwg5bmhvyaql-perl5.32.0-URI-FromHash-0.05
checking for references to /build/ in /nix/store/4q6259kbdk7b1q499g1gnwg5bmhvyaql-perl5.32.0-URI-FromHash-0.05...
shrinking RPATHs of ELF executables and libraries in /nix/store/0d32r07mvyk09wkjhzndrr75jbpx5zax-perl5.32.0-URI-FromHash-0.05-devdoc
gzipping man pages under /nix/store/0d32r07mvyk09wkjhzndrr75jbpx5zax-perl5.32.0-URI-FromHash-0.05-devdoc/share/man/
strip is /nix/store/psyzbhp4p088sb9qcs378hfbslcalasl-binutils-2.31.1/bin/strip
patching script interpreter paths in /nix/store/0d32r07mvyk09wkjhzndrr75jbpx5zax-perl5.32.0-URI-FromHash-0.05-devdoc
checking for references to /build/ in /nix/store/0d32r07mvyk09wkjhzndrr75jbpx5zax-perl5.32.0-URI-FromHash-0.05-devdoc...
building '/nix/store/w7gzhdkvcwnp9986fh76hf1ghhn0fv49-perl5.32.0-MooseX-Types-URI-0.08.drv'...
unpacking sources
unpacking source archive /nix/store/whmz1q45kfanb2wp6jw7nj09zc7aa6nq-MooseX-Types-URI-0.08.tar.gz
source root is MooseX-Types-URI-0.08
setting SOURCE_DATE_EPOCH to timestamp 1439691255 of file MooseX-Types-URI-0.08/xt/release/portability.t
patching sources
configuring
patching ./xt/release/pod-coverage.t...
patching ./xt/release/pod-syntax.t...
patching ./xt/release/changes_has_content.t...
patching ./xt/release/portability.t...
patching ./xt/release/distmeta.t...
patching ./xt/release/pod-no404s.t...
patching ./xt/release/cpan-changes.t...
patching ./xt/release/minimum-version.t...
patching ./xt/author/mojibake.t...
patching ./t/00-report-prereqs.t...
Congratulations, your toolchain understands 'configure_requires'!

Checking if your kit is complete...
Looks good
Generating a Unix-style Makefile
Writing Makefile for MooseX::Types::URI
Writing MYMETA.yml and MYMETA.json
no configure script, doing nothing
building
Creating new 'Build' script for 'MooseX-Types-URI' version '0.08'
cp lib/MooseX/Types/URI.pm blib/lib/MooseX/Types/URI.pm
running tests
t/00-report-prereqs.t .. #
# Versions for all modules listed in MYMETA.json (including optional ones):
#
# === Configure Requires ===
#
#     Module               Want  Have
#     ------------------- ----- -----
#     Module::Build::Tiny 0.007 0.039
#
# === Test Requires ===
#
#     Module                       Want     Have
#     ---------------------------- ---- --------
#     ExtUtils::MakeMaker           any     7.44
#     File::Spec                    any     3.78
#     Moose                         any   2.2012
#     Moose::Util::TypeConstraints  any   2.2012
#     Test::More                   0.88 1.302175
#     ok                            any 1.302175
#
# === Test Recommends ===
#
#     Module         Want     Have
#     ---------- -------- --------
#     CPAN::Meta 2.120900 2.150010
#
# === Runtime Requires ===
#
#     Module                     Want   Have
#     -------------------------- ---- ------
#     MooseX::Types              0.40   0.50
#     MooseX::Types::Moose        any   0.50
#     MooseX::Types::Path::Class  any   0.09
#     Scalar::Util                any   1.55
#     URI                         any   1.76
#     URI::FromHash               any   0.05
#     URI::QueryParam             any   1.76
#     URI::WithBase               any   2.20
#     URI::data                   any   1.76
#     URI::file                   any   4.21
#     if                          any 0.0608
#     namespace::autoclean        any   0.29
#     strict                      any   1.11
#     warnings                    any   1.47
#
# === Other Modules ===
#
#     Module                  Have
#     -------------------- -------
#     Dist::CheckConflicts    0.11
#     Pod::Coverage        missing
#
t/00-report-prereqs.t .. ok
t/basic.t .............. ok
t/fully-qualified.t .... ok
t/zzz-check-breaks.t ... ok
All tests successful.
Files=4, Tests=60,  2 wallclock secs ( 0.05 usr  0.04 sys +  1.16 cusr  0.50 csys =  1.75 CPU)
Result: PASS
installing
Installing /nix/store/7pxyfv2grcxq95gfcfhh35mlimmbprfd-perl5.32.0-MooseX-Types-URI-0.08/lib/perl5/site_perl/5.32.0/MooseX/Types/URI.pm
Installing /nix/store/7pxyfv2grcxq95gfcfhh35mlimmbprfd-perl5.32.0-MooseX-Types-URI-0.08/share/man/man3/MooseX::Types::URI.3
post-installation fixup
Moving /nix/store/7pxyfv2grcxq95gfcfhh35mlimmbprfd-perl5.32.0-MooseX-Types-URI-0.08/share/man/man3 to /nix/store/kvslizryg6bj4qy0bb4imwal1fmr2jzq-perl5.32.0-MooseX-Types-URI-0.08-devdoc/share/man/man3
Removing empty /nix/store/7pxyfv2grcxq95gfcfhh35mlimmbprfd-perl5.32.0-MooseX-Types-URI-0.08/share/man/ and (possibly) its parents
shrinking RPATHs of ELF executables and libraries in /nix/store/7pxyfv2grcxq95gfcfhh35mlimmbprfd-perl5.32.0-MooseX-Types-URI-0.08
strip is /nix/store/psyzbhp4p088sb9qcs378hfbslcalasl-binutils-2.31.1/bin/strip
stripping (with command strip and flags -S) in /nix/store/7pxyfv2grcxq95gfcfhh35mlimmbprfd-perl5.32.0-MooseX-Types-URI-0.08/lib
patching script interpreter paths in /nix/store/7pxyfv2grcxq95gfcfhh35mlimmbprfd-perl5.32.0-MooseX-Types-URI-0.08
checking for references to /build/ in /nix/store/7pxyfv2grcxq95gfcfhh35mlimmbprfd-perl5.32.0-MooseX-Types-URI-0.08...
shrinking RPATHs of ELF executables and libraries in /nix/store/kvslizryg6bj4qy0bb4imwal1fmr2jzq-perl5.32.0-MooseX-Types-URI-0.08-devdoc
gzipping man pages under /nix/store/kvslizryg6bj4qy0bb4imwal1fmr2jzq-perl5.32.0-MooseX-Types-URI-0.08-devdoc/share/man/
strip is /nix/store/psyzbhp4p088sb9qcs378hfbslcalasl-binutils-2.31.1/bin/strip
patching script interpreter paths in /nix/store/kvslizryg6bj4qy0bb4imwal1fmr2jzq-perl5.32.0-MooseX-Types-URI-0.08-devdoc
checking for references to /build/ in /nix/store/kvslizryg6bj4qy0bb4imwal1fmr2jzq-perl5.32.0-MooseX-Types-URI-0.08-devdoc...
/nix/store/7pxyfv2grcxq95gfcfhh35mlimmbprfd-perl5.32.0-MooseX-Types-URI-0.08
