these derivations will be built:
  /nix/store/9wd1brrcbillwmcamjmc8rifdybvw2bw-perl5.32.0-MooX-Cmd-0.017.drv
building '/nix/store/9wd1brrcbillwmcamjmc8rifdybvw2bw-perl5.32.0-MooX-Cmd-0.017.drv'...
unpacking sources
unpacking source archive /nix/store/smwlyp4h78j4m3w2p3z6g2887k0fm1pz-MooX-Cmd-0.017.tar.gz
source root is MooX-Cmd-0.017
setting SOURCE_DATE_EPOCH to timestamp 1513702129 of file MooX-Cmd-0.017/META.yml
patching sources
configuring
patching ./t/05-text-abbrev.t...
patching ./t/01-simple.t...
patching ./t/06-abbrev-configfromfile.t...
patching ./t/02-moox-options.t...
patching ./t/00-load.t...
patching ./t/03-params.t...
patching ./t/04-moox-configfromfile.t...
Checking if your kit is complete...
Looks good
Generating a Unix-style Makefile
Writing Makefile for MooX::Cmd
Writing MYMETA.yml and MYMETA.json
no configure script, doing nothing
building
build flags: SHELL=/nix/store/9fqwwd4iybmhjqyxiaxycknslw6bgwh1-bash-4.4-p23/bin/bash
cp lib/MooX/Cmd/Role.pm blib/lib/MooX/Cmd/Role.pm
cp lib/MooX/Cmd/Role/ConfigFromFile.pm blib/lib/MooX/Cmd/Role/ConfigFromFile.pm
cp lib/MooX/Cmd.pm blib/lib/MooX/Cmd.pm
cp lib/MooX/Cmd/Tester.pm blib/lib/MooX/Cmd/Tester.pm
cp lib/MooX/Cmd/Role/AbbrevCmds.pm blib/lib/MooX/Cmd/Role/AbbrevCmds.pm
Manifying 5 pod documents
running tests
check flags: SHELL=/nix/store/9fqwwd4iybmhjqyxiaxycknslw6bgwh1-bash-4.4-p23/bin/bash VERBOSE=y test
PERL_DL_NONLAZY=1 "/nix/store/7c044di03qa7qgr5kjjc2d787aspzp0m-perl-5.32.0/bin/perl" "-MExtUtils::Command::MM" "-MTest::Harness" "-e" "undef *Test::Harness::Switches; test_harness(0, 'blib/lib', 'blib/arch')" t/*.t xt/*.t
t/00-load.t ................... 1/? # Testing MooX::Cmd 0.017, Moo 2.004000, Perl 5.032000, /nix/store/7c044di03qa7qgr5kjjc2d787aspzp0m-perl-5.32.0/bin/perl
t/00-load.t ................... ok
t/01-simple.t ................. ok
t/02-moox-options.t ........... skipped: Need MooX::Options 4.100 Can't locate MooX/Options.pm in @INC (you may need to install the MooX::Options module) (@INC contains: /build/MooX-Cmd-0.017/t/lib /nix/store/2sk83y1hzwsx7a4znd5i5bqnacz7hhlq-perl5.32.0-MooX-Cmd-0.017/lib/perl5/site_perl /nix/store/1d6wk7wl0g0w6wb4k313pih5qri8cy4c-perl5.32.0-Regexp-Common-2017060201/lib/perl5/site_perl/5.32.0/x86_64-linux-thread-multi /nix/store/1d6wk7wl0g0w6wb4k313pih5qri8cy4c-perl5.32.0-Regexp-Common-2017060201/lib/perl5/site_perl/5.32.0 /nix/store/1d6wk7wl0g0w6wb4k313pih5qri8cy4c-perl5.32.0-Regexp-Common-2017060201/lib/perl5/site_perl /nix/store/hndlnawjwwlh69rzn6ffxvnb2nfkvsg3-perl5.32.0-Params-Util-1.07/lib/perl5/site_perl/5.32.0/x86_64-linux-thread-multi /nix/store/hndlnawjwwlh69rzn6ffxvnb2nfkvsg3-perl5.32.0-Params-Util-1.07/lib/perl5/site_perl/5.32.0 /nix/store/hndlnawjwwlh69rzn6ffxvnb2nfkvsg3-perl5.32.0-Params-Util-1.07/lib/perl5/site_perl /nix/store/g3f5ak08lfvggp9vjcvrjfyrrsvqnw4s-perl5.32.0-Try-Tiny-0.30/lib/perl5/site_perl/5.32.0/x86_64-linux-thread-multi /nix/store/g3f5ak08lfvggp9vjcvrjfyrrsvqnw4s-perl5.32.0-Try-Tiny-0.30/lib/perl5/site_perl/5.32.0 /nix/store/g3f5ak08lfvggp9vjcvrjfyrrsvqnw4s-perl5.32.0-Try-Tiny-0.30/lib/perl5/site_perl /nix/store/4p5i7190agrf7xpplfxmgi4r3f8idww9-perl5.32.0-Module-Implementation-0.09/lib/perl5/site_perl/5.32.0/x86_64-linux-thread-multi /nix/store/4p5i7190agrf7xpplfxmgi4r3f8idww9-perl5.32.0-Module-Implementation-0.09/lib/perl5/site_perl/5.32.0 /nix/store/4p5i7190agrf7xpplfxmgi4r3f8idww9-perl5.32.0-Module-Implementation-0.09/lib/perl5/site_perl /nix/store/s0m0fx0k6fw1irrv9v8hpdycd7vqfxqk-perl5.32.0-Dist-CheckConflicts-0.11/lib/perl5/site_perl/5.32.0/x86_64-linux-thread-multi /nix/store/s0m0fx0k6fw1irrv9v8hpdycd7vqfxqk-perl5.32.0-Dist-CheckConflicts-0.11/lib/perl5/site_perl/5.32.0 /nix/store/s0m0fx0k6fw1irrv9v8hpdycd7vqfxqk-perl5.32.0-Dist-CheckConflicts-0.11/lib/perl5/site_perl /nix/store/h36px8aaq0bdaby414fb5y6iz5v6gbw6-perl5.32.0-Package-Stash-0.38/lib/perl5/site_perl/5.32.0/x86_64-linux-thread-multi /nix/store/h36px8aaq0bdaby414fb5y6iz5v6gbw6-perl5.32.0-Package-Stash-0.38/lib/perl5/site_perl/5.32.0 /nix/store/h36px8aaq0bdaby414fb5y6iz5v6gbw6-perl5.32.0-Package-Stash-0.38/lib/perl5/site_perl /nix/store/n45jn1yk6ah71505fm19zfray0pmngr4-perl5.32.0-Sub-Quote-2.006006/lib/perl5/site_perl/5.32.0/x86_64-linux-thread-multi /nix/store/n45jn1yk6ah71505fm19zfray0pmngr4-perl5.32.0-Sub-Quote-2.006006/lib/perl5/site_perl/5.32.0 /nix/store/n45jn1yk6ah71505fm19zfray0pmngr4-perl5.32.0-Sub-Quote-2.006006/lib/perl5/site_perl /nix/store/b60bkp48lh86gn8qwrg2f35f6m0k4c6j-perl5.32.0-Role-Tiny-2.001004/lib/perl5/site_perl/5.32.0/x86_64-linux-thread-multi /nix/store/b60bkp48lh86gn8qwrg2f35f6m0k4c6j-perl5.32.0-Role-Tiny-2.001004/lib/perl5/site_perl/5.32.0 /nix/store/b60bkp48lh86gn8qwrg2f35f6m0k4c6j-perl5.32.0-Role-Tiny-2.001004/lib/perl5/site_perl /nix/store/kzlry0bxj3z9f54h0537fsnz444lzscr-perl5.32.0-Module-Runtime-0.016/lib/perl5/site_perl/5.32.0/x86_64-linux-thread-multi /nix/store/kzlry0bxj3z9f54h0537fsnz444lzscr-perl5.32.0-Module-Runtime-0.016/lib/perl5/site_perl/5.32.0 /nix/store/kzlry0bxj3z9f54h0537fsnz444lzscr-perl5.32.0-Module-Runtime-0.016/lib/perl5/site_perl /nix/store/kq3fr7pwsbs75swqisyp4i102r7m56n4-perl5.32.0-Class-Method-Modifiers-2.13/lib/perl5/site_perl/5.32.0/x86_64-linux-thread-multi /nix/store/kq3fr7pwsbs75swqisyp4i102r7m56n4-perl5.32.0-Class-Method-Modifiers-2.13/lib/perl5/site_perl/5.32.0 /nix/store/kq3fr7pwsbs75swqisyp4i102r7m56n4-perl5.32.0-Class-Method-Modifiers-2.13/lib/perl5/site_perl /nix/store/8l0ribk2vdq9hrli057clnqd11a8pa1k-perl5.32.0-Moo-2.004000/lib/perl5/site_perl/5.32.0/x86_64-linux-thread-multi /nix/store/8l0ribk2vdq9hrli057clnqd11a8pa1k-perl5.32.0-Moo-2.004000/lib/perl5/site_perl/5.32.0 /nix/store/8l0ribk2vdq9hrli057clnqd11a8pa1k-perl5.32.0-Moo-2.004000/lib/perl5/site_perl /nix/store/llb07ll37x35q0an3162ra5ya5qdqkaj-perl5.32.0-Module-Pluggable-5.2/lib/perl5/site_perl/5.32.0/x86_64-linux-thread-multi /nix/store/llb07ll37x35q0an3162ra5ya5qdqkaj-perl5.32.0-Module-Pluggable-5.2/lib/perl5/site_perl/5.32.0 /nix/store/llb07ll37x35q0an3162ra5ya5qdqkaj-perl5.32.0-Module-Pluggable-5.2/lib/perl5/site_perl /nix/store/24vc2bzxlp56hwhmfhjn5pxch1bab957-perl5.32.0-List-MoreUtils-XS-0.428/lib/perl5/site_perl/5.32.0/x86_64-linux-thread-multi /nix/store/24vc2bzxlp56hwhmfhjn5pxch1bab957-perl5.32.0-List-MoreUtils-XS-0.428/lib/perl5/site_perl/5.32.0 /nix/store/24vc2bzxlp56hwhmfhjn5pxch1bab957-perl5.32.0-List-MoreUtils-XS-0.428/lib/perl5/site_perl /nix/store/6g2r1rnb1b34x48clqqxindjs39xk0p8-perl5.32.0-Exporter-Tiny-1.002002/lib/perl5/site_perl/5.32.0/x86_64-linux-thread-multi /nix/store/6g2r1rnb1b34x48clqqxindjs39xk0p8-perl5.32.0-Exporter-Tiny-1.002002/lib/perl5/site_perl/5.32.0 /nix/store/6g2r1rnb1b34x48clqqxindjs39xk0p8-perl5.32.0-Exporter-Tiny-1.002002/lib/perl5/site_perl /nix/store/lkzkxm292mfjixgcl0ca2q5mkb4898h4-perl5.32.0-List-MoreUtils-0.428/lib/perl5/site_perl/5.32.0/x86_64-linux-thread-multi /nix/store/lkzkxm292mfjixgcl0ca2q5mkb4898h4-perl5.32.0-List-MoreUtils-0.428/lib/perl5/site_perl/5.32.0 /nix/store/lkzkxm292mfjixgcl0ca2q5mkb4898h4-perl5.32.0-List-MoreUtils-0.428/lib/perl5/site_perl /nix/store/dsyw40fh2zf3c6yxl9n61g84dmzd8jhf-perl5.32.0-Capture-Tiny-0.48/lib/perl5/site_perl/5.32.0/x86_64-linux-thread-multi /nix/store/dsyw40fh2zf3c6yxl9n61g84dmzd8jhf-perl5.32.0-Capture-Tiny-0.48/lib/perl5/site_perl/5.32.0 /nix/store/dsyw40fh2zf3c6yxl9n61g84dmzd8jhf-perl5.32.0-Capture-Tiny-0.48/lib/perl5/site_perl /nix/store/7c044di03qa7qgr5kjjc2d787aspzp0m-perl-5.32.0/lib/perl5/site_perl/5.32.0/x86_64-linux-thread-multi /nix/store/7c044di03qa7qgr5kjjc2d787aspzp0m-perl-5.32.0/lib/perl5/site_perl/5.32.0 /nix/store/7c044di03qa7qgr5kjjc2d787aspzp0m-perl-5.32.0/lib/perl5/site_perl /build/MooX-Cmd-0.017/blib/lib /build/MooX-Cmd-0.017/blib/arch /nix/store/7c044di03qa7qgr5kjjc2d787aspzp0m-perl-5.32.0/lib/perl5/5.32.0/x86_64-linux-thread-multi /nix/store/7c044di03qa7qgr5kjjc2d787aspzp0m-perl-5.32.0/lib/perl5/5.32.0 .) at (eval 20) line 1.
t/03-params.t ................. ok
t/04-moox-configfromfile.t .... skipped: Need MooX::ConfigFromFile 0.006 -- Can't locate MooX/ConfigFromFile.pm in @INC (you may need to install the MooX::ConfigFromFile module) (@INC contains: /build/MooX-Cmd-0.017/t/lib /nix/store/2sk83y1hzwsx7a4znd5i5bqnacz7hhlq-perl5.32.0-MooX-Cmd-0.017/lib/perl5/site_perl /nix/store/1d6wk7wl0g0w6wb4k313pih5qri8cy4c-perl5.32.0-Regexp-Common-2017060201/lib/perl5/site_perl/5.32.0/x86_64-linux-thread-multi /nix/store/1d6wk7wl0g0w6wb4k313pih5qri8cy4c-perl5.32.0-Regexp-Common-2017060201/lib/perl5/site_perl/5.32.0 /nix/store/1d6wk7wl0g0w6wb4k313pih5qri8cy4c-perl5.32.0-Regexp-Common-2017060201/lib/perl5/site_perl /nix/store/hndlnawjwwlh69rzn6ffxvnb2nfkvsg3-perl5.32.0-Params-Util-1.07/lib/perl5/site_perl/5.32.0/x86_64-linux-thread-multi /nix/store/hndlnawjwwlh69rzn6ffxvnb2nfkvsg3-perl5.32.0-Params-Util-1.07/lib/perl5/site_perl/5.32.0 /nix/store/hndlnawjwwlh69rzn6ffxvnb2nfkvsg3-perl5.32.0-Params-Util-1.07/lib/perl5/site_perl /nix/store/g3f5ak08lfvggp9vjcvrjfyrrsvqnw4s-perl5.32.0-Try-Tiny-0.30/lib/perl5/site_perl/5.32.0/x86_64-linux-thread-multi /nix/store/g3f5ak08lfvggp9vjcvrjfyrrsvqnw4s-perl5.32.0-Try-Tiny-0.30/lib/perl5/site_perl/5.32.0 /nix/store/g3f5ak08lfvggp9vjcvrjfyrrsvqnw4s-perl5.32.0-Try-Tiny-0.30/lib/perl5/site_perl /nix/store/4p5i7190agrf7xpplfxmgi4r3f8idww9-perl5.32.0-Module-Implementation-0.09/lib/perl5/site_perl/5.32.0/x86_64-linux-thread-multi /nix/store/4p5i7190agrf7xpplfxmgi4r3f8idww9-perl5.32.0-Module-Implementation-0.09/lib/perl5/site_perl/5.32.0 /nix/store/4p5i7190agrf7xpplfxmgi4r3f8idww9-perl5.32.0-Module-Implementation-0.09/lib/perl5/site_perl /nix/store/s0m0fx0k6fw1irrv9v8hpdycd7vqfxqk-perl5.32.0-Dist-CheckConflicts-0.11/lib/perl5/site_perl/5.32.0/x86_64-linux-thread-multi /nix/store/s0m0fx0k6fw1irrv9v8hpdycd7vqfxqk-perl5.32.0-Dist-CheckConflicts-0.11/lib/perl5/site_perl/5.32.0 /nix/store/s0m0fx0k6fw1irrv9v8hpdycd7vqfxqk-perl5.32.0-Dist-CheckConflicts-0.11/lib/perl5/site_perl /nix/store/h36px8aaq0bdaby414fb5y6iz5v6gbw6-perl5.32.0-Package-Stash-0.38/lib/perl5/site_perl/5.32.0/x86_64-linux-thread-multi /nix/store/h36px8aaq0bdaby414fb5y6iz5v6gbw6-perl5.32.0-Package-Stash-0.38/lib/perl5/site_perl/5.32.0 /nix/store/h36px8aaq0bdaby414fb5y6iz5v6gbw6-perl5.32.0-Package-Stash-0.38/lib/perl5/site_perl /nix/store/n45jn1yk6ah71505fm19zfray0pmngr4-perl5.32.0-Sub-Quote-2.006006/lib/perl5/site_perl/5.32.0/x86_64-linux-thread-multi /nix/store/n45jn1yk6ah71505fm19zfray0pmngr4-perl5.32.0-Sub-Quote-2.006006/lib/perl5/site_perl/5.32.0 /nix/store/n45jn1yk6ah71505fm19zfray0pmngr4-perl5.32.0-Sub-Quote-2.006006/lib/perl5/site_perl /nix/store/b60bkp48lh86gn8qwrg2f35f6m0k4c6j-perl5.32.0-Role-Tiny-2.001004/lib/perl5/site_perl/5.32.0/x86_64-linux-thread-multi /nix/store/b60bkp48lh86gn8qwrg2f35f6m0k4c6j-perl5.32.0-Role-Tiny-2.001004/lib/perl5/site_perl/5.32.0 /nix/store/b60bkp48lh86gn8qwrg2f35f6m0k4c6j-perl5.32.0-Role-Tiny-2.001004/lib/perl5/site_perl /nix/store/kzlry0bxj3z9f54h0537fsnz444lzscr-perl5.32.0-Module-Runtime-0.016/lib/perl5/site_perl/5.32.0/x86_64-linux-thread-multi /nix/store/kzlry0bxj3z9f54h0537fsnz444lzscr-perl5.32.0-Module-Runtime-0.016/lib/perl5/site_perl/5.32.0 /nix/store/kzlry0bxj3z9f54h0537fsnz444lzscr-perl5.32.0-Module-Runtime-0.016/lib/perl5/site_perl /nix/store/kq3fr7pwsbs75swqisyp4i102r7m56n4-perl5.32.0-Class-Method-Modifiers-2.13/lib/perl5/site_perl/5.32.0/x86_64-linux-thread-multi /nix/store/kq3fr7pwsbs75swqisyp4i102r7m56n4-perl5.32.0-Class-Method-Modifiers-2.13/lib/perl5/site_perl/5.32.0 /nix/store/kq3fr7pwsbs75swqisyp4i102r7m56n4-perl5.32.0-Class-Method-Modifiers-2.13/lib/perl5/site_perl /nix/store/8l0ribk2vdq9hrli057clnqd11a8pa1k-perl5.32.0-Moo-2.004000/lib/perl5/site_perl/5.32.0/x86_64-linux-thread-multi /nix/store/8l0ribk2vdq9hrli057clnqd11a8pa1k-perl5.32.0-Moo-2.004000/lib/perl5/site_perl/5.32.0 /nix/store/8l0ribk2vdq9hrli057clnqd11a8pa1k-perl5.32.0-Moo-2.004000/lib/perl5/site_perl /nix/store/llb07ll37x35q0an3162ra5ya5qdqkaj-perl5.32.0-Module-Pluggable-5.2/lib/perl5/site_perl/5.32.0/x86_64-linux-thread-multi /nix/store/llb07ll37x35q0an3162ra5ya5qdqkaj-perl5.32.0-Module-Pluggable-5.2/lib/perl5/site_perl/5.32.0 /nix/store/llb07ll37x35q0an3162ra5ya5qdqkaj-perl5.32.0-Module-Pluggable-5.2/lib/perl5/site_perl /nix/store/24vc2bzxlp56hwhmfhjn5pxch1bab957-perl5.32.0-List-MoreUtils-XS-0.428/lib/perl5/site_perl/5.32.0/x86_64-linux-thread-multi /nix/store/24vc2bzxlp56hwhmfhjn5pxch1bab957-perl5.32.0-List-MoreUtils-XS-0.428/lib/perl5/site_perl/5.32.0 /nix/store/24vc2bzxlp56hwhmfhjn5pxch1bab957-perl5.32.0-List-MoreUtils-XS-0.428/lib/perl5/site_perl /nix/store/6g2r1rnb1b34x48clqqxindjs39xk0p8-perl5.32.0-Exporter-Tiny-1.002002/lib/perl5/site_perl/5.32.0/x86_64-linux-thread-multi /nix/store/6g2r1rnb1b34x48clqqxindjs39xk0p8-perl5.32.0-Exporter-Tiny-1.002002/lib/perl5/site_perl/5.32.0 /nix/store/6g2r1rnb1b34x48clqqxindjs39xk0p8-perl5.32.0-Exporter-Tiny-1.002002/lib/perl5/site_perl /nix/store/lkzkxm292mfjixgcl0ca2q5mkb4898h4-perl5.32.0-List-MoreUtils-0.428/lib/perl5/site_perl/5.32.0/x86_64-linux-thread-multi /nix/store/lkzkxm292mfjixgcl0ca2q5mkb4898h4-perl5.32.0-List-MoreUtils-0.428/lib/perl5/site_perl/5.32.0 /nix/store/lkzkxm292mfjixgcl0ca2q5mkb4898h4-perl5.32.0-List-MoreUtils-0.428/lib/perl5/site_perl /nix/store/dsyw40fh2zf3c6yxl9n61g84dmzd8jhf-perl5.32.0-Capture-Tiny-0.48/lib/perl5/site_perl/5.32.0/x86_64-linux-thread-multi /nix/store/dsyw40fh2zf3c6yxl9n61g84dmzd8jhf-perl5.32.0-Capture-Tiny-0.48/lib/perl5/site_perl/5.32.0 /nix/store/dsyw40fh2zf3c6yxl9n61g84dmzd8jhf-perl5.32.0-Capture-Tiny-0.48/lib/perl5/site_perl /nix/store/7c044di03qa7qgr5kjjc2d787aspzp0m-perl-5.32.0/lib/perl5/site_perl/5.32.0/x86_64-linux-thread-multi /nix/store/7c044di03qa7qgr5kjjc2d787aspzp0m-perl-5.32.0/lib/perl5/site_perl/5.32.0 /nix/store/7c044di03qa7qgr5kjjc2d787aspzp0m-perl-5.32.0/lib/perl5/site_perl /build/MooX-Cmd-0.017/blib/lib /build/MooX-Cmd-0.017/blib/arch /nix/store/7c044di03qa7qgr5kjjc2d787aspzp0m-perl-5.32.0/lib/perl5/5.32.0/x86_64-linux-thread-multi /nix/store/7c044di03qa7qgr5kjjc2d787aspzp0m-perl-5.32.0/lib/perl5/5.32.0 .) at (eval 20) line 1.
t/05-text-abbrev.t ............ # Testing MooX::Cmd version 0.017 using Text::Abbrev version 1.02
t/05-text-abbrev.t ............ ok
t/06-abbrev-configfromfile.t .. skipped: Need Text::Abbrev and MooX::ConfigFromFile 0.006 -- Can't locate MooX/ConfigFromFile.pm in @INC (you may need to install the MooX::ConfigFromFile module) (@INC contains: /build/MooX-Cmd-0.017/t/lib /nix/store/2sk83y1hzwsx7a4znd5i5bqnacz7hhlq-perl5.32.0-MooX-Cmd-0.017/lib/perl5/site_perl /nix/store/1d6wk7wl0g0w6wb4k313pih5qri8cy4c-perl5.32.0-Regexp-Common-2017060201/lib/perl5/site_perl/5.32.0/x86_64-linux-thread-multi /nix/store/1d6wk7wl0g0w6wb4k313pih5qri8cy4c-perl5.32.0-Regexp-Common-2017060201/lib/perl5/site_perl/5.32.0 /nix/store/1d6wk7wl0g0w6wb4k313pih5qri8cy4c-perl5.32.0-Regexp-Common-2017060201/lib/perl5/site_perl /nix/store/hndlnawjwwlh69rzn6ffxvnb2nfkvsg3-perl5.32.0-Params-Util-1.07/lib/perl5/site_perl/5.32.0/x86_64-linux-thread-multi /nix/store/hndlnawjwwlh69rzn6ffxvnb2nfkvsg3-perl5.32.0-Params-Util-1.07/lib/perl5/site_perl/5.32.0 /nix/store/hndlnawjwwlh69rzn6ffxvnb2nfkvsg3-perl5.32.0-Params-Util-1.07/lib/perl5/site_perl /nix/store/g3f5ak08lfvggp9vjcvrjfyrrsvqnw4s-perl5.32.0-Try-Tiny-0.30/lib/perl5/site_perl/5.32.0/x86_64-linux-thread-multi /nix/store/g3f5ak08lfvggp9vjcvrjfyrrsvqnw4s-perl5.32.0-Try-Tiny-0.30/lib/perl5/site_perl/5.32.0 /nix/store/g3f5ak08lfvggp9vjcvrjfyrrsvqnw4s-perl5.32.0-Try-Tiny-0.30/lib/perl5/site_perl /nix/store/4p5i7190agrf7xpplfxmgi4r3f8idww9-perl5.32.0-Module-Implementation-0.09/lib/perl5/site_perl/5.32.0/x86_64-linux-thread-multi /nix/store/4p5i7190agrf7xpplfxmgi4r3f8idww9-perl5.32.0-Module-Implementation-0.09/lib/perl5/site_perl/5.32.0 /nix/store/4p5i7190agrf7xpplfxmgi4r3f8idww9-perl5.32.0-Module-Implementation-0.09/lib/perl5/site_perl /nix/store/s0m0fx0k6fw1irrv9v8hpdycd7vqfxqk-perl5.32.0-Dist-CheckConflicts-0.11/lib/perl5/site_perl/5.32.0/x86_64-linux-thread-multi /nix/store/s0m0fx0k6fw1irrv9v8hpdycd7vqfxqk-perl5.32.0-Dist-CheckConflicts-0.11/lib/perl5/site_perl/5.32.0 /nix/store/s0m0fx0k6fw1irrv9v8hpdycd7vqfxqk-perl5.32.0-Dist-CheckConflicts-0.11/lib/perl5/site_perl /nix/store/h36px8aaq0bdaby414fb5y6iz5v6gbw6-perl5.32.0-Package-Stash-0.38/lib/perl5/site_perl/5.32.0/x86_64-linux-thread-multi /nix/store/h36px8aaq0bdaby414fb5y6iz5v6gbw6-perl5.32.0-Package-Stash-0.38/lib/perl5/site_perl/5.32.0 /nix/store/h36px8aaq0bdaby414fb5y6iz5v6gbw6-perl5.32.0-Package-Stash-0.38/lib/perl5/site_perl /nix/store/n45jn1yk6ah71505fm19zfray0pmngr4-perl5.32.0-Sub-Quote-2.006006/lib/perl5/site_perl/5.32.0/x86_64-linux-thread-multi /nix/store/n45jn1yk6ah71505fm19zfray0pmngr4-perl5.32.0-Sub-Quote-2.006006/lib/perl5/site_perl/5.32.0 /nix/store/n45jn1yk6ah71505fm19zfray0pmngr4-perl5.32.0-Sub-Quote-2.006006/lib/perl5/site_perl /nix/store/b60bkp48lh86gn8qwrg2f35f6m0k4c6j-perl5.32.0-Role-Tiny-2.001004/lib/perl5/site_perl/5.32.0/x86_64-linux-thread-multi /nix/store/b60bkp48lh86gn8qwrg2f35f6m0k4c6j-perl5.32.0-Role-Tiny-2.001004/lib/perl5/site_perl/5.32.0 /nix/store/b60bkp48lh86gn8qwrg2f35f6m0k4c6j-perl5.32.0-Role-Tiny-2.001004/lib/perl5/site_perl /nix/store/kzlry0bxj3z9f54h0537fsnz444lzscr-perl5.32.0-Module-Runtime-0.016/lib/perl5/site_perl/5.32.0/x86_64-linux-thread-multi /nix/store/kzlry0bxj3z9f54h0537fsnz444lzscr-perl5.32.0-Module-Runtime-0.016/lib/perl5/site_perl/5.32.0 /nix/store/kzlry0bxj3z9f54h0537fsnz444lzscr-perl5.32.0-Module-Runtime-0.016/lib/perl5/site_perl /nix/store/kq3fr7pwsbs75swqisyp4i102r7m56n4-perl5.32.0-Class-Method-Modifiers-2.13/lib/perl5/site_perl/5.32.0/x86_64-linux-thread-multi /nix/store/kq3fr7pwsbs75swqisyp4i102r7m56n4-perl5.32.0-Class-Method-Modifiers-2.13/lib/perl5/site_perl/5.32.0 /nix/store/kq3fr7pwsbs75swqisyp4i102r7m56n4-perl5.32.0-Class-Method-Modifiers-2.13/lib/perl5/site_perl /nix/store/8l0ribk2vdq9hrli057clnqd11a8pa1k-perl5.32.0-Moo-2.004000/lib/perl5/site_perl/5.32.0/x86_64-linux-thread-multi /nix/store/8l0ribk2vdq9hrli057clnqd11a8pa1k-perl5.32.0-Moo-2.004000/lib/perl5/site_perl/5.32.0 /nix/store/8l0ribk2vdq9hrli057clnqd11a8pa1k-perl5.32.0-Moo-2.004000/lib/perl5/site_perl /nix/store/llb07ll37x35q0an3162ra5ya5qdqkaj-perl5.32.0-Module-Pluggable-5.2/lib/perl5/site_perl/5.32.0/x86_64-linux-thread-multi /nix/store/llb07ll37x35q0an3162ra5ya5qdqkaj-perl5.32.0-Module-Pluggable-5.2/lib/perl5/site_perl/5.32.0 /nix/store/llb07ll37x35q0an3162ra5ya5qdqkaj-perl5.32.0-Module-Pluggable-5.2/lib/perl5/site_perl /nix/store/24vc2bzxlp56hwhmfhjn5pxch1bab957-perl5.32.0-List-MoreUtils-XS-0.428/lib/perl5/site_perl/5.32.0/x86_64-linux-thread-multi /nix/store/24vc2bzxlp56hwhmfhjn5pxch1bab957-perl5.32.0-List-MoreUtils-XS-0.428/lib/perl5/site_perl/5.32.0 /nix/store/24vc2bzxlp56hwhmfhjn5pxch1bab957-perl5.32.0-List-MoreUtils-XS-0.428/lib/perl5/site_perl /nix/store/6g2r1rnb1b34x48clqqxindjs39xk0p8-perl5.32.0-Exporter-Tiny-1.002002/lib/perl5/site_perl/5.32.0/x86_64-linux-thread-multi /nix/store/6g2r1rnb1b34x48clqqxindjs39xk0p8-perl5.32.0-Exporter-Tiny-1.002002/lib/perl5/site_perl/5.32.0 /nix/store/6g2r1rnb1b34x48clqqxindjs39xk0p8-perl5.32.0-Exporter-Tiny-1.002002/lib/perl5/site_perl /nix/store/lkzkxm292mfjixgcl0ca2q5mkb4898h4-perl5.32.0-List-MoreUtils-0.428/lib/perl5/site_perl/5.32.0/x86_64-linux-thread-multi /nix/store/lkzkxm292mfjixgcl0ca2q5mkb4898h4-perl5.32.0-List-MoreUtils-0.428/lib/perl5/site_perl/5.32.0 /nix/store/lkzkxm292mfjixgcl0ca2q5mkb4898h4-perl5.32.0-List-MoreUtils-0.428/lib/perl5/site_perl /nix/store/dsyw40fh2zf3c6yxl9n61g84dmzd8jhf-perl5.32.0-Capture-Tiny-0.48/lib/perl5/site_perl/5.32.0/x86_64-linux-thread-multi /nix/store/dsyw40fh2zf3c6yxl9n61g84dmzd8jhf-perl5.32.0-Capture-Tiny-0.48/lib/perl5/site_perl/5.32.0 /nix/store/dsyw40fh2zf3c6yxl9n61g84dmzd8jhf-perl5.32.0-Capture-Tiny-0.48/lib/perl5/site_perl /nix/store/7c044di03qa7qgr5kjjc2d787aspzp0m-perl-5.32.0/lib/perl5/site_perl/5.32.0/x86_64-linux-thread-multi /nix/store/7c044di03qa7qgr5kjjc2d787aspzp0m-perl-5.32.0/lib/perl5/site_perl/5.32.0 /nix/store/7c044di03qa7qgr5kjjc2d787aspzp0m-perl-5.32.0/lib/perl5/site_perl /build/MooX-Cmd-0.017/blib/lib /build/MooX-Cmd-0.017/blib/arch /nix/store/7c044di03qa7qgr5kjjc2d787aspzp0m-perl-5.32.0/lib/perl5/5.32.0/x86_64-linux-thread-multi /nix/store/7c044di03qa7qgr5kjjc2d787aspzp0m-perl-5.32.0/lib/perl5/5.32.0 .) at (eval 20) line 1.
All tests successful.
Files=7, Tests=122,  2 wallclock secs ( 0.05 usr  0.02 sys +  1.67 cusr  1.15 csys =  2.89 CPU)
Result: PASS
installing
install flags: SHELL=/nix/store/9fqwwd4iybmhjqyxiaxycknslw6bgwh1-bash-4.4-p23/bin/bash pkgconfigdir=/nix/store/2sk83y1hzwsx7a4znd5i5bqnacz7hhlq-perl5.32.0-MooX-Cmd-0.017/lib/pkgconfig m4datadir=/nix/store/2sk83y1hzwsx7a4znd5i5bqnacz7hhlq-perl5.32.0-MooX-Cmd-0.017/share/aclocal aclocaldir=/nix/store/2sk83y1hzwsx7a4znd5i5bqnacz7hhlq-perl5.32.0-MooX-Cmd-0.017/share/aclocal install
Manifying 5 pod documents
Installing /nix/store/2sk83y1hzwsx7a4znd5i5bqnacz7hhlq-perl5.32.0-MooX-Cmd-0.017/lib/perl5/site_perl/5.32.0/MooX/Cmd.pm
Installing /nix/store/2sk83y1hzwsx7a4znd5i5bqnacz7hhlq-perl5.32.0-MooX-Cmd-0.017/lib/perl5/site_perl/5.32.0/MooX/Cmd/Role.pm
Installing /nix/store/2sk83y1hzwsx7a4znd5i5bqnacz7hhlq-perl5.32.0-MooX-Cmd-0.017/lib/perl5/site_perl/5.32.0/MooX/Cmd/Tester.pm
Installing /nix/store/2sk83y1hzwsx7a4znd5i5bqnacz7hhlq-perl5.32.0-MooX-Cmd-0.017/lib/perl5/site_perl/5.32.0/MooX/Cmd/Role/ConfigFromFile.pm
Installing /nix/store/2sk83y1hzwsx7a4znd5i5bqnacz7hhlq-perl5.32.0-MooX-Cmd-0.017/lib/perl5/site_perl/5.32.0/MooX/Cmd/Role/AbbrevCmds.pm
Installing /nix/store/2sk83y1hzwsx7a4znd5i5bqnacz7hhlq-perl5.32.0-MooX-Cmd-0.017/share/man/man3/MooX::Cmd::Role::AbbrevCmds.3
Installing /nix/store/2sk83y1hzwsx7a4znd5i5bqnacz7hhlq-perl5.32.0-MooX-Cmd-0.017/share/man/man3/MooX::Cmd.3
Installing /nix/store/2sk83y1hzwsx7a4znd5i5bqnacz7hhlq-perl5.32.0-MooX-Cmd-0.017/share/man/man3/MooX::Cmd::Role::ConfigFromFile.3
Installing /nix/store/2sk83y1hzwsx7a4znd5i5bqnacz7hhlq-perl5.32.0-MooX-Cmd-0.017/share/man/man3/MooX::Cmd::Tester.3
Installing /nix/store/2sk83y1hzwsx7a4znd5i5bqnacz7hhlq-perl5.32.0-MooX-Cmd-0.017/share/man/man3/MooX::Cmd::Role.3
Appending installation info to /nix/store/2sk83y1hzwsx7a4znd5i5bqnacz7hhlq-perl5.32.0-MooX-Cmd-0.017/lib/perl5/5.32.0/x86_64-linux-thread-multi/perllocal.pod
post-installation fixup
Moving /nix/store/2sk83y1hzwsx7a4znd5i5bqnacz7hhlq-perl5.32.0-MooX-Cmd-0.017/share/man/man3 to /nix/store/74jzpvsakfkm0xyidynbabxsxyfqp672-perl5.32.0-MooX-Cmd-0.017-devdoc/share/man/man3
Removing empty /nix/store/2sk83y1hzwsx7a4znd5i5bqnacz7hhlq-perl5.32.0-MooX-Cmd-0.017/share/man/ and (possibly) its parents
shrinking RPATHs of ELF executables and libraries in /nix/store/2sk83y1hzwsx7a4znd5i5bqnacz7hhlq-perl5.32.0-MooX-Cmd-0.017
strip is /nix/store/psyzbhp4p088sb9qcs378hfbslcalasl-binutils-2.31.1/bin/strip
stripping (with command strip and flags -S) in /nix/store/2sk83y1hzwsx7a4znd5i5bqnacz7hhlq-perl5.32.0-MooX-Cmd-0.017/lib
patching script interpreter paths in /nix/store/2sk83y1hzwsx7a4znd5i5bqnacz7hhlq-perl5.32.0-MooX-Cmd-0.017
checking for references to /build/ in /nix/store/2sk83y1hzwsx7a4znd5i5bqnacz7hhlq-perl5.32.0-MooX-Cmd-0.017...
shrinking RPATHs of ELF executables and libraries in /nix/store/74jzpvsakfkm0xyidynbabxsxyfqp672-perl5.32.0-MooX-Cmd-0.017-devdoc
gzipping man pages under /nix/store/74jzpvsakfkm0xyidynbabxsxyfqp672-perl5.32.0-MooX-Cmd-0.017-devdoc/share/man/
strip is /nix/store/psyzbhp4p088sb9qcs378hfbslcalasl-binutils-2.31.1/bin/strip
patching script interpreter paths in /nix/store/74jzpvsakfkm0xyidynbabxsxyfqp672-perl5.32.0-MooX-Cmd-0.017-devdoc
checking for references to /build/ in /nix/store/74jzpvsakfkm0xyidynbabxsxyfqp672-perl5.32.0-MooX-Cmd-0.017-devdoc...
/nix/store/2sk83y1hzwsx7a4znd5i5bqnacz7hhlq-perl5.32.0-MooX-Cmd-0.017
