these derivations will be built:
  /nix/store/a4dxwfr2ya7sfg9k4ixk0ca6rxqzypym-perl5.32.0-MooX-Options-4.103.drv
building '/nix/store/a4dxwfr2ya7sfg9k4ixk0ca6rxqzypym-perl5.32.0-MooX-Options-4.103.drv'...
unpacking sources
unpacking source archive /nix/store/56pxdg3fak79qikr7q1mnr2lawbxygxb-MooX-Options-4.103.tar.gz
source root is MooX-Options-4.103
setting SOURCE_DATE_EPOCH to timestamp 1503412970 of file MooX-Options-4.103/META.yml
patching sources
configuring
patching ./t/06-failure.t...
patching ./t/05-doc.t...
patching ./t/21-role.t...
patching ./t/10-mo.t...
patching ./t/15-multiple-split-options.t...
patching ./t/08-hidden.t...
patching ./t/13-moox-cmd.t...
patching ./t/14-multi_role.t...
patching ./t/07-flavour.t...
patching ./t/17-no_option.t...
patching ./t/25-with_config.t...
patching ./t/27-short.t...
patching ./t/02-autosplit_warning_on_required_param.t...
patching ./t/04-doc-utf8.t...
patching ./t/22-spacer.t...
patching ./t/18-option-of-attr.t...
patching ./t/19-option-of-option.t...
patching ./t/16-namespace_clean.t...
patching ./t/01-around_options_usage.t...
patching ./t/26-localization.t...
patching ./t/00-load.t...
patching ./t/09-isa_check.t...
patching ./t/23-string_with_zero_value.t...
patching ./t/20-order.t...
patching ./t/11-moo.t...
patching ./t/03-check_target_methods.t...
patching ./t/24-usage_string.t...
patching ./t/12-moose.t...
Checking if your kit is complete...
Looks good
Generating a Unix-style Makefile
Writing Makefile for MooX::Options
Writing MYMETA.yml and MYMETA.json
no configure script, doing nothing
building
build flags: SHELL=/nix/store/9fqwwd4iybmhjqyxiaxycknslw6bgwh1-bash-4.4-p23/bin/bash
cp lib/MooX/Options/Manual/NamespaceClean.pod blib/lib/MooX/Options/Manual/NamespaceClean.pod
cp lib/MooX/Options.pm blib/lib/MooX/Options.pm
cp lib/MooX/Options/Descriptive/Usage.pm blib/lib/MooX/Options/Descriptive/Usage.pm
cp lib/MooX/Options/Role.pm blib/lib/MooX/Options/Role.pm
cp lib/MooX/Options/Descriptive.pm blib/lib/MooX/Options/Descriptive.pm
cp lib/MooX/Options/Manual/MooXCmd.pod blib/lib/MooX/Options/Manual/MooXCmd.pod
cp lib/MooX/Options/Manual/Man.pod blib/lib/MooX/Options/Manual/Man.pod
Manifying 7 pod documents
running tests
check flags: SHELL=/nix/store/9fqwwd4iybmhjqyxiaxycknslw6bgwh1-bash-4.4-p23/bin/bash VERBOSE=y test
PERL_DL_NONLAZY=1 "/nix/store/7c044di03qa7qgr5kjjc2d787aspzp0m-perl-5.32.0/bin/perl" "-MExtUtils::Command::MM" "-MTest::Harness" "-e" "undef *Test::Harness::Switches; test_harness(0, 'blib/lib', 'blib/arch')" t/*.t xt/*.t
t/00-load.t ................................. 1/? # Testing MooX::Options 4.103, Perl 5.032000, /nix/store/7c044di03qa7qgr5kjjc2d787aspzp0m-perl-5.32.0/bin/perl
t/00-load.t ................................. ok
t/01-around_options_usage.t ................. ok
t/02-autosplit_warning_on_required_param.t .. skipped: This test needs Data::Record and Regexp::Common
t/03-check_target_methods.t ................. ok
t/04-doc-utf8.t ............................. ok
t/05-doc.t .................................. ok
t/06-failure.t .............................. ok
t/07-flavour.t .............................. ok
t/08-hidden.t ............................... ok
t/09-isa_check.t ............................ ok
t/10-mo.t ................................... skipped: Mo isn't supported in a reasonable way since method modifiers are requires as well as adding private accessors.
t/11-moo.t .................................. ok
t/12-moose.t ................................ ok
t/13-moox-cmd.t ............................. ok
t/14-multi_role.t ........................... ok
t/15-multiple-split-options.t ............... skipped: This test needs Data::Record and Regexp::Common
t/17-no_option.t ............................ ok
t/18-option-of-attr.t ....................... ok
t/19-option-of-option.t ..................... ok
t/20-order.t ................................ ok
t/21-role.t ................................. ok
t/22-spacer.t ............................... ok
t/23-string_with_zero_value.t ............... ok
t/24-usage_string.t ......................... ok
t/25-with_config.t .......................... skipped: This test needs MooX::ConfigFromFile
t/26-localization.t ......................... ok
t/27-short.t ................................ ok
All tests successful.
Files=27, Tests=125, 21 wallclock secs ( 0.23 usr  0.08 sys + 10.01 cusr 11.62 csys = 21.94 CPU)
Result: PASS
installing
install flags: SHELL=/nix/store/9fqwwd4iybmhjqyxiaxycknslw6bgwh1-bash-4.4-p23/bin/bash pkgconfigdir=/nix/store/i0d23hfc5r2n8ah59bnfmf5mjm84bxcq-perl5.32.0-MooX-Options-4.103/lib/pkgconfig m4datadir=/nix/store/i0d23hfc5r2n8ah59bnfmf5mjm84bxcq-perl5.32.0-MooX-Options-4.103/share/aclocal aclocaldir=/nix/store/i0d23hfc5r2n8ah59bnfmf5mjm84bxcq-perl5.32.0-MooX-Options-4.103/share/aclocal install
Manifying 7 pod documents
Installing /nix/store/i0d23hfc5r2n8ah59bnfmf5mjm84bxcq-perl5.32.0-MooX-Options-4.103/lib/perl5/site_perl/5.32.0/MooX/Options.pm
Installing /nix/store/i0d23hfc5r2n8ah59bnfmf5mjm84bxcq-perl5.32.0-MooX-Options-4.103/lib/perl5/site_perl/5.32.0/MooX/Options/Role.pm
Installing /nix/store/i0d23hfc5r2n8ah59bnfmf5mjm84bxcq-perl5.32.0-MooX-Options-4.103/lib/perl5/site_perl/5.32.0/MooX/Options/Descriptive.pm
Installing /nix/store/i0d23hfc5r2n8ah59bnfmf5mjm84bxcq-perl5.32.0-MooX-Options-4.103/lib/perl5/site_perl/5.32.0/MooX/Options/Manual/Man.pod
Installing /nix/store/i0d23hfc5r2n8ah59bnfmf5mjm84bxcq-perl5.32.0-MooX-Options-4.103/lib/perl5/site_perl/5.32.0/MooX/Options/Manual/MooXCmd.pod
Installing /nix/store/i0d23hfc5r2n8ah59bnfmf5mjm84bxcq-perl5.32.0-MooX-Options-4.103/lib/perl5/site_perl/5.32.0/MooX/Options/Manual/NamespaceClean.pod
Installing /nix/store/i0d23hfc5r2n8ah59bnfmf5mjm84bxcq-perl5.32.0-MooX-Options-4.103/lib/perl5/site_perl/5.32.0/MooX/Options/Descriptive/Usage.pm
Installing /nix/store/i0d23hfc5r2n8ah59bnfmf5mjm84bxcq-perl5.32.0-MooX-Options-4.103/share/man/man3/MooX::Options::Manual::MooXCmd.3
Installing /nix/store/i0d23hfc5r2n8ah59bnfmf5mjm84bxcq-perl5.32.0-MooX-Options-4.103/share/man/man3/MooX::Options::Manual::Man.3
Installing /nix/store/i0d23hfc5r2n8ah59bnfmf5mjm84bxcq-perl5.32.0-MooX-Options-4.103/share/man/man3/MooX::Options::Descriptive::Usage.3
Installing /nix/store/i0d23hfc5r2n8ah59bnfmf5mjm84bxcq-perl5.32.0-MooX-Options-4.103/share/man/man3/MooX::Options::Manual::NamespaceClean.3
Installing /nix/store/i0d23hfc5r2n8ah59bnfmf5mjm84bxcq-perl5.32.0-MooX-Options-4.103/share/man/man3/MooX::Options::Descriptive.3
Installing /nix/store/i0d23hfc5r2n8ah59bnfmf5mjm84bxcq-perl5.32.0-MooX-Options-4.103/share/man/man3/MooX::Options.3
Installing /nix/store/i0d23hfc5r2n8ah59bnfmf5mjm84bxcq-perl5.32.0-MooX-Options-4.103/share/man/man3/MooX::Options::Role.3
Appending installation info to /nix/store/i0d23hfc5r2n8ah59bnfmf5mjm84bxcq-perl5.32.0-MooX-Options-4.103/lib/perl5/5.32.0/x86_64-linux-thread-multi/perllocal.pod
post-installation fixup
Moving /nix/store/i0d23hfc5r2n8ah59bnfmf5mjm84bxcq-perl5.32.0-MooX-Options-4.103/share/man/man3 to /nix/store/53ragsd458ypjyh4yklrcklqdidv63vn-perl5.32.0-MooX-Options-4.103-devdoc/share/man/man3
Removing empty /nix/store/i0d23hfc5r2n8ah59bnfmf5mjm84bxcq-perl5.32.0-MooX-Options-4.103/share/man/ and (possibly) its parents
shrinking RPATHs of ELF executables and libraries in /nix/store/i0d23hfc5r2n8ah59bnfmf5mjm84bxcq-perl5.32.0-MooX-Options-4.103
strip is /nix/store/psyzbhp4p088sb9qcs378hfbslcalasl-binutils-2.31.1/bin/strip
stripping (with command strip and flags -S) in /nix/store/i0d23hfc5r2n8ah59bnfmf5mjm84bxcq-perl5.32.0-MooX-Options-4.103/lib
patching script interpreter paths in /nix/store/i0d23hfc5r2n8ah59bnfmf5mjm84bxcq-perl5.32.0-MooX-Options-4.103
checking for references to /build/ in /nix/store/i0d23hfc5r2n8ah59bnfmf5mjm84bxcq-perl5.32.0-MooX-Options-4.103...
shrinking RPATHs of ELF executables and libraries in /nix/store/53ragsd458ypjyh4yklrcklqdidv63vn-perl5.32.0-MooX-Options-4.103-devdoc
gzipping man pages under /nix/store/53ragsd458ypjyh4yklrcklqdidv63vn-perl5.32.0-MooX-Options-4.103-devdoc/share/man/
strip is /nix/store/psyzbhp4p088sb9qcs378hfbslcalasl-binutils-2.31.1/bin/strip
patching script interpreter paths in /nix/store/53ragsd458ypjyh4yklrcklqdidv63vn-perl5.32.0-MooX-Options-4.103-devdoc
checking for references to /build/ in /nix/store/53ragsd458ypjyh4yklrcklqdidv63vn-perl5.32.0-MooX-Options-4.103-devdoc...
/nix/store/i0d23hfc5r2n8ah59bnfmf5mjm84bxcq-perl5.32.0-MooX-Options-4.103
