these derivations will be built:
  /nix/store/i6fk7sbgrvrawzqsjjf4kb3d1a8h5fas-perl5.32.0-MouseX-NativeTraits-1.09.drv
these paths will be fetched (0.05 MiB download, 0.05 MiB unpacked):
  /nix/store/fwsqwphmqrlbw1vxyi3sgkw1xw24zva7-MouseX-NativeTraits-1.09.tar.gz
copying path '/nix/store/fwsqwphmqrlbw1vxyi3sgkw1xw24zva7-MouseX-NativeTraits-1.09.tar.gz' from 'https://cache.nixos.org'...
building '/nix/store/i6fk7sbgrvrawzqsjjf4kb3d1a8h5fas-perl5.32.0-MouseX-NativeTraits-1.09.drv'...
unpacking sources
unpacking source archive /nix/store/fwsqwphmqrlbw1vxyi3sgkw1xw24zva7-MouseX-NativeTraits-1.09.tar.gz
source root is MouseX-NativeTraits-1.09
setting SOURCE_DATE_EPOCH to timestamp 1353920252 of file MouseX-NativeTraits-1.09/inc/Module/Install/WriteAll.pm
patching sources
configuring
patching ./benchmarks/bool.pl...
patching ./benchmarks/inc.pl...
patching ./benchmarks/inc2.pl...
patching ./benchmarks/arrayref.pl...
patching ./benchmarks/sort_by.pl...
patching ./example/complex_tc.pl...
patching ./xt/01_podspell.t...
patching ./xt/02_pod.t...
patching ./xt/04_synopsis.t...
patching ./t/04_counter.t...
patching ./t/05_remain_tied.t...
patching ./t/00_load.t...
patching ./t/01_basic.t...
patching ./t/03_extra.t...
patching ./t/02_meta.t...
patching ./t/070_native_traits/050_trait_hash.t...
patching ./t/070_native_traits/100_array_from_role.t...
patching ./t/070_native_traits/020_trait_bool.t...
patching ./t/070_native_traits/101_remove_attribute.t...
patching ./t/070_native_traits/103_custom_instance.t...
patching ./t/070_native_traits/011_array_subtypes.t...
patching ./t/070_native_traits/070_trait_string.t...
patching ./t/070_native_traits/060_trait_number.t...
patching ./t/070_native_traits/040_trait_counter.t...
patching ./t/070_native_traits/051_hash_subtypes.t...
patching ./t/070_native_traits/102_collection_with_roles.t...
patching ./t/070_native_traits/010_trait_array.t...
Checking if your kit is complete...
Looks good
Generating a Unix-style Makefile
Writing Makefile for MouseX::NativeTraits
Writing MYMETA.yml and MYMETA.json
no configure script, doing nothing
building
build flags: SHELL=/nix/store/9fqwwd4iybmhjqyxiaxycknslw6bgwh1-bash-4.4-p23/bin/bash
cp lib/MouseX/NativeTraits/Num.pm blib/lib/MouseX/NativeTraits/Num.pm
cp lib/Mouse/Meta/Attribute/Custom/Trait/Hash.pm blib/lib/Mouse/Meta/Attribute/Custom/Trait/Hash.pm
cp lib/Mouse/Meta/Attribute/Custom/Trait/Number.pm blib/lib/Mouse/Meta/Attribute/Custom/Trait/Number.pm
cp lib/Mouse/Meta/Attribute/Custom/Trait/Bool.pm blib/lib/Mouse/Meta/Attribute/Custom/Trait/Bool.pm
cp lib/Mouse/Meta/Attribute/Custom/Trait/Counter.pm blib/lib/Mouse/Meta/Attribute/Custom/Trait/Counter.pm
cp lib/Mouse/Meta/Attribute/Custom/Trait/Array.pm blib/lib/Mouse/Meta/Attribute/Custom/Trait/Array.pm
cp lib/MouseX/NativeTraits/ArrayRef.pm blib/lib/MouseX/NativeTraits/ArrayRef.pm
cp lib/MouseX/NativeTraits/HashRef.pm blib/lib/MouseX/NativeTraits/HashRef.pm
cp lib/MouseX/NativeTraits/Str.pm blib/lib/MouseX/NativeTraits/Str.pm
cp lib/Mouse/Meta/Attribute/Custom/Trait/Code.pm blib/lib/Mouse/Meta/Attribute/Custom/Trait/Code.pm
cp lib/MouseX/NativeTraits/CodeRef.pm blib/lib/MouseX/NativeTraits/CodeRef.pm
cp lib/Mouse/Meta/Attribute/Native.pm blib/lib/Mouse/Meta/Attribute/Native.pm
cp lib/MouseX/NativeTraits/MethodProvider.pm blib/lib/MouseX/NativeTraits/MethodProvider.pm
cp lib/MouseX/NativeTraits/MethodProvider/Counter.pm blib/lib/MouseX/NativeTraits/MethodProvider/Counter.pm
cp lib/MouseX/NativeTraits.pm blib/lib/MouseX/NativeTraits.pm
cp lib/MouseX/NativeTraits/Bool.pm blib/lib/MouseX/NativeTraits/Bool.pm
cp lib/MouseX/NativeTraits/MethodProvider/HashRef.pm blib/lib/MouseX/NativeTraits/MethodProvider/HashRef.pm
cp lib/MouseX/NativeTraits/MethodProvider/ArrayRef.pm blib/lib/MouseX/NativeTraits/MethodProvider/ArrayRef.pm
cp lib/MouseX/NativeTraits/MethodProvider/CodeRef.pm blib/lib/MouseX/NativeTraits/MethodProvider/CodeRef.pm
cp lib/MouseX/NativeTraits/MethodProvider/Str.pm blib/lib/MouseX/NativeTraits/MethodProvider/Str.pm
cp lib/MouseX/NativeTraits/Counter.pm blib/lib/MouseX/NativeTraits/Counter.pm
cp lib/MouseX/NativeTraits/MethodProvider/Num.pm blib/lib/MouseX/NativeTraits/MethodProvider/Num.pm
cp lib/MouseX/NativeTraits/MethodProvider/Bool.pm blib/lib/MouseX/NativeTraits/MethodProvider/Bool.pm
cp lib/Mouse/Meta/Attribute/Custom/Trait/String.pm blib/lib/Mouse/Meta/Attribute/Custom/Trait/String.pm
Manifying 24 pod documents
running tests
check flags: SHELL=/nix/store/9fqwwd4iybmhjqyxiaxycknslw6bgwh1-bash-4.4-p23/bin/bash VERBOSE=y test
PERL_DL_NONLAZY=1 "/nix/store/7c044di03qa7qgr5kjjc2d787aspzp0m-perl-5.32.0/bin/perl" "-MExtUtils::Command::MM" "-MTest::Harness" "-e" "\$ENV{q{ANY_MOOSE}} = q{Mouse}; undef *Test::Harness::Switches; test_harness(0, 'inc', 'blib/lib', 'blib/arch'); " t/*.t t/070_native_traits/*.t
t/00_load.t ...................................... 2/? # Testing MouseX::NativeTraits/1.09
# Dependencies:
#     Mouse/v2.5.10
t/00_load.t ...................................... ok
t/01_basic.t ..................................... Any::Moose is deprecated. Please use Moo instead at t/01_basic.t line 8.
t/01_basic.t ..................................... ok
t/02_meta.t ...................................... Any::Moose is deprecated. Please use Moo instead at t/02_meta.t line 7.
t/02_meta.t ...................................... ok
t/03_extra.t ..................................... ok
t/04_counter.t ................................... ok
t/05_remain_tied.t ............................... ok
t/070_native_traits/010_trait_array.t ............ Any::Moose is deprecated. Please use Moo instead at t/070_native_traits/010_trait_array.t line 8.
t/070_native_traits/010_trait_array.t ............ ok
t/070_native_traits/011_array_subtypes.t ......... Any::Moose is deprecated. Please use Moo instead at t/070_native_traits/011_array_subtypes.t line 8.
t/070_native_traits/011_array_subtypes.t ......... ok
t/070_native_traits/012_array_trigger.t .......... ok
t/070_native_traits/013_array_coerce.t ........... skipped: Not supported by MouseX::NativeTraits
t/070_native_traits/020_trait_bool.t ............. Any::Moose is deprecated. Please use Moo instead at t/070_native_traits/020_trait_bool.t line 8.
t/070_native_traits/020_trait_bool.t ............. ok
t/070_native_traits/030_trait_code.t ............. Any::Moose is deprecated. Please use Moo instead at t/070_native_traits/030_trait_code.t line 6.
t/070_native_traits/030_trait_code.t ............. ok
t/070_native_traits/040_trait_counter.t .......... Any::Moose is deprecated. Please use Moo instead at t/070_native_traits/040_trait_counter.t line 8.
t/070_native_traits/040_trait_counter.t .......... ok
t/070_native_traits/050_trait_hash.t ............. Any::Moose is deprecated. Please use Moo instead at t/070_native_traits/050_trait_hash.t line 8.
t/070_native_traits/050_trait_hash.t ............. ok
t/070_native_traits/051_hash_subtypes.t .......... ok
t/070_native_traits/052_hash_trigger.t ........... ok
t/070_native_traits/053_hash_coerce.t ............ skipped: Not supported by MouseX::NativeTraits
t/070_native_traits/060_trait_number.t ........... Any::Moose is deprecated. Please use Moo instead at t/070_native_traits/060_trait_number.t line 8.
t/070_native_traits/060_trait_number.t ........... ok
t/070_native_traits/070_trait_string.t ........... Any::Moose is deprecated. Please use Moo instead at t/070_native_traits/070_trait_string.t line 8.
t/070_native_traits/070_trait_string.t ........... ok
t/070_native_traits/100_array_from_role.t ........ ok
t/070_native_traits/101_remove_attribute.t ....... skipped: Not supported by MouseX::NativeTraits
t/070_native_traits/102_collection_with_roles.t .. ok
t/070_native_traits/103_custom_instance.t ........ skipped: not supproted by MouseX::NativeTraits
All tests successful.
Files=23, Tests=3482,  6 wallclock secs ( 0.35 usr  0.06 sys +  3.28 cusr  2.58 csys =  6.27 CPU)
Result: PASS
installing
install flags: SHELL=/nix/store/9fqwwd4iybmhjqyxiaxycknslw6bgwh1-bash-4.4-p23/bin/bash pkgconfigdir=/nix/store/k5k72y3a99k97bpc9nv4nvdslvmc3h6l-perl5.32.0-MouseX-NativeTraits-1.09/lib/pkgconfig m4datadir=/nix/store/k5k72y3a99k97bpc9nv4nvdslvmc3h6l-perl5.32.0-MouseX-NativeTraits-1.09/share/aclocal aclocaldir=/nix/store/k5k72y3a99k97bpc9nv4nvdslvmc3h6l-perl5.32.0-MouseX-NativeTraits-1.09/share/aclocal install
Manifying 24 pod documents
Installing /nix/store/k5k72y3a99k97bpc9nv4nvdslvmc3h6l-perl5.32.0-MouseX-NativeTraits-1.09/lib/perl5/site_perl/5.32.0/Mouse/Meta/Attribute/Native.pm
Installing /nix/store/k5k72y3a99k97bpc9nv4nvdslvmc3h6l-perl5.32.0-MouseX-NativeTraits-1.09/lib/perl5/site_perl/5.32.0/Mouse/Meta/Attribute/Custom/Trait/Hash.pm
Installing /nix/store/k5k72y3a99k97bpc9nv4nvdslvmc3h6l-perl5.32.0-MouseX-NativeTraits-1.09/lib/perl5/site_perl/5.32.0/Mouse/Meta/Attribute/Custom/Trait/Bool.pm
Installing /nix/store/k5k72y3a99k97bpc9nv4nvdslvmc3h6l-perl5.32.0-MouseX-NativeTraits-1.09/lib/perl5/site_perl/5.32.0/Mouse/Meta/Attribute/Custom/Trait/String.pm
Installing /nix/store/k5k72y3a99k97bpc9nv4nvdslvmc3h6l-perl5.32.0-MouseX-NativeTraits-1.09/lib/perl5/site_perl/5.32.0/Mouse/Meta/Attribute/Custom/Trait/Code.pm
Installing /nix/store/k5k72y3a99k97bpc9nv4nvdslvmc3h6l-perl5.32.0-MouseX-NativeTraits-1.09/lib/perl5/site_perl/5.32.0/Mouse/Meta/Attribute/Custom/Trait/Array.pm
Installing /nix/store/k5k72y3a99k97bpc9nv4nvdslvmc3h6l-perl5.32.0-MouseX-NativeTraits-1.09/lib/perl5/site_perl/5.32.0/Mouse/Meta/Attribute/Custom/Trait/Counter.pm
Installing /nix/store/k5k72y3a99k97bpc9nv4nvdslvmc3h6l-perl5.32.0-MouseX-NativeTraits-1.09/lib/perl5/site_perl/5.32.0/Mouse/Meta/Attribute/Custom/Trait/Number.pm
Installing /nix/store/k5k72y3a99k97bpc9nv4nvdslvmc3h6l-perl5.32.0-MouseX-NativeTraits-1.09/lib/perl5/site_perl/5.32.0/MouseX/NativeTraits.pm
Installing /nix/store/k5k72y3a99k97bpc9nv4nvdslvmc3h6l-perl5.32.0-MouseX-NativeTraits-1.09/lib/perl5/site_perl/5.32.0/MouseX/NativeTraits/HashRef.pm
Installing /nix/store/k5k72y3a99k97bpc9nv4nvdslvmc3h6l-perl5.32.0-MouseX-NativeTraits-1.09/lib/perl5/site_perl/5.32.0/MouseX/NativeTraits/Num.pm
Installing /nix/store/k5k72y3a99k97bpc9nv4nvdslvmc3h6l-perl5.32.0-MouseX-NativeTraits-1.09/lib/perl5/site_perl/5.32.0/MouseX/NativeTraits/Bool.pm
Installing /nix/store/k5k72y3a99k97bpc9nv4nvdslvmc3h6l-perl5.32.0-MouseX-NativeTraits-1.09/lib/perl5/site_perl/5.32.0/MouseX/NativeTraits/ArrayRef.pm
Installing /nix/store/k5k72y3a99k97bpc9nv4nvdslvmc3h6l-perl5.32.0-MouseX-NativeTraits-1.09/lib/perl5/site_perl/5.32.0/MouseX/NativeTraits/MethodProvider.pm
Installing /nix/store/k5k72y3a99k97bpc9nv4nvdslvmc3h6l-perl5.32.0-MouseX-NativeTraits-1.09/lib/perl5/site_perl/5.32.0/MouseX/NativeTraits/Counter.pm
Installing /nix/store/k5k72y3a99k97bpc9nv4nvdslvmc3h6l-perl5.32.0-MouseX-NativeTraits-1.09/lib/perl5/site_perl/5.32.0/MouseX/NativeTraits/Str.pm
Installing /nix/store/k5k72y3a99k97bpc9nv4nvdslvmc3h6l-perl5.32.0-MouseX-NativeTraits-1.09/lib/perl5/site_perl/5.32.0/MouseX/NativeTraits/CodeRef.pm
Installing /nix/store/k5k72y3a99k97bpc9nv4nvdslvmc3h6l-perl5.32.0-MouseX-NativeTraits-1.09/lib/perl5/site_perl/5.32.0/MouseX/NativeTraits/MethodProvider/HashRef.pm
Installing /nix/store/k5k72y3a99k97bpc9nv4nvdslvmc3h6l-perl5.32.0-MouseX-NativeTraits-1.09/lib/perl5/site_perl/5.32.0/MouseX/NativeTraits/MethodProvider/Num.pm
Installing /nix/store/k5k72y3a99k97bpc9nv4nvdslvmc3h6l-perl5.32.0-MouseX-NativeTraits-1.09/lib/perl5/site_perl/5.32.0/MouseX/NativeTraits/MethodProvider/Bool.pm
Installing /nix/store/k5k72y3a99k97bpc9nv4nvdslvmc3h6l-perl5.32.0-MouseX-NativeTraits-1.09/lib/perl5/site_perl/5.32.0/MouseX/NativeTraits/MethodProvider/ArrayRef.pm
Installing /nix/store/k5k72y3a99k97bpc9nv4nvdslvmc3h6l-perl5.32.0-MouseX-NativeTraits-1.09/lib/perl5/site_perl/5.32.0/MouseX/NativeTraits/MethodProvider/Counter.pm
Installing /nix/store/k5k72y3a99k97bpc9nv4nvdslvmc3h6l-perl5.32.0-MouseX-NativeTraits-1.09/lib/perl5/site_perl/5.32.0/MouseX/NativeTraits/MethodProvider/Str.pm
Installing /nix/store/k5k72y3a99k97bpc9nv4nvdslvmc3h6l-perl5.32.0-MouseX-NativeTraits-1.09/lib/perl5/site_perl/5.32.0/MouseX/NativeTraits/MethodProvider/CodeRef.pm
Installing /nix/store/k5k72y3a99k97bpc9nv4nvdslvmc3h6l-perl5.32.0-MouseX-NativeTraits-1.09/share/man/man3/MouseX::NativeTraits::CodeRef.3
Installing /nix/store/k5k72y3a99k97bpc9nv4nvdslvmc3h6l-perl5.32.0-MouseX-NativeTraits-1.09/share/man/man3/MouseX::NativeTraits::HashRef.3
Installing /nix/store/k5k72y3a99k97bpc9nv4nvdslvmc3h6l-perl5.32.0-MouseX-NativeTraits-1.09/share/man/man3/Mouse::Meta::Attribute::Custom::Trait::Array.3
Installing /nix/store/k5k72y3a99k97bpc9nv4nvdslvmc3h6l-perl5.32.0-MouseX-NativeTraits-1.09/share/man/man3/MouseX::NativeTraits::Str.3
Installing /nix/store/k5k72y3a99k97bpc9nv4nvdslvmc3h6l-perl5.32.0-MouseX-NativeTraits-1.09/share/man/man3/MouseX::NativeTraits::MethodProvider::Str.3
Installing /nix/store/k5k72y3a99k97bpc9nv4nvdslvmc3h6l-perl5.32.0-MouseX-NativeTraits-1.09/share/man/man3/MouseX::NativeTraits::MethodProvider.3
Installing /nix/store/k5k72y3a99k97bpc9nv4nvdslvmc3h6l-perl5.32.0-MouseX-NativeTraits-1.09/share/man/man3/Mouse::Meta::Attribute::Native.3
Installing /nix/store/k5k72y3a99k97bpc9nv4nvdslvmc3h6l-perl5.32.0-MouseX-NativeTraits-1.09/share/man/man3/MouseX::NativeTraits::ArrayRef.3
Installing /nix/store/k5k72y3a99k97bpc9nv4nvdslvmc3h6l-perl5.32.0-MouseX-NativeTraits-1.09/share/man/man3/MouseX::NativeTraits.3
Installing /nix/store/k5k72y3a99k97bpc9nv4nvdslvmc3h6l-perl5.32.0-MouseX-NativeTraits-1.09/share/man/man3/MouseX::NativeTraits::MethodProvider::Bool.3
Installing /nix/store/k5k72y3a99k97bpc9nv4nvdslvmc3h6l-perl5.32.0-MouseX-NativeTraits-1.09/share/man/man3/MouseX::NativeTraits::MethodProvider::HashRef.3
Installing /nix/store/k5k72y3a99k97bpc9nv4nvdslvmc3h6l-perl5.32.0-MouseX-NativeTraits-1.09/share/man/man3/MouseX::NativeTraits::MethodProvider::Num.3
Installing /nix/store/k5k72y3a99k97bpc9nv4nvdslvmc3h6l-perl5.32.0-MouseX-NativeTraits-1.09/share/man/man3/MouseX::NativeTraits::Counter.3
Installing /nix/store/k5k72y3a99k97bpc9nv4nvdslvmc3h6l-perl5.32.0-MouseX-NativeTraits-1.09/share/man/man3/MouseX::NativeTraits::Bool.3
Installing /nix/store/k5k72y3a99k97bpc9nv4nvdslvmc3h6l-perl5.32.0-MouseX-NativeTraits-1.09/share/man/man3/MouseX::NativeTraits::MethodProvider::Counter.3
Installing /nix/store/k5k72y3a99k97bpc9nv4nvdslvmc3h6l-perl5.32.0-MouseX-NativeTraits-1.09/share/man/man3/Mouse::Meta::Attribute::Custom::Trait::Bool.3
Installing /nix/store/k5k72y3a99k97bpc9nv4nvdslvmc3h6l-perl5.32.0-MouseX-NativeTraits-1.09/share/man/man3/Mouse::Meta::Attribute::Custom::Trait::Number.3
Installing /nix/store/k5k72y3a99k97bpc9nv4nvdslvmc3h6l-perl5.32.0-MouseX-NativeTraits-1.09/share/man/man3/Mouse::Meta::Attribute::Custom::Trait::Hash.3
Installing /nix/store/k5k72y3a99k97bpc9nv4nvdslvmc3h6l-perl5.32.0-MouseX-NativeTraits-1.09/share/man/man3/MouseX::NativeTraits::Num.3
Installing /nix/store/k5k72y3a99k97bpc9nv4nvdslvmc3h6l-perl5.32.0-MouseX-NativeTraits-1.09/share/man/man3/Mouse::Meta::Attribute::Custom::Trait::Code.3
Installing /nix/store/k5k72y3a99k97bpc9nv4nvdslvmc3h6l-perl5.32.0-MouseX-NativeTraits-1.09/share/man/man3/Mouse::Meta::Attribute::Custom::Trait::Counter.3
Installing /nix/store/k5k72y3a99k97bpc9nv4nvdslvmc3h6l-perl5.32.0-MouseX-NativeTraits-1.09/share/man/man3/MouseX::NativeTraits::MethodProvider::ArrayRef.3
Installing /nix/store/k5k72y3a99k97bpc9nv4nvdslvmc3h6l-perl5.32.0-MouseX-NativeTraits-1.09/share/man/man3/Mouse::Meta::Attribute::Custom::Trait::String.3
Installing /nix/store/k5k72y3a99k97bpc9nv4nvdslvmc3h6l-perl5.32.0-MouseX-NativeTraits-1.09/share/man/man3/MouseX::NativeTraits::MethodProvider::CodeRef.3
Appending installation info to /nix/store/k5k72y3a99k97bpc9nv4nvdslvmc3h6l-perl5.32.0-MouseX-NativeTraits-1.09/lib/perl5/5.32.0/x86_64-linux-thread-multi/perllocal.pod
post-installation fixup
Moving /nix/store/k5k72y3a99k97bpc9nv4nvdslvmc3h6l-perl5.32.0-MouseX-NativeTraits-1.09/share/man/man3 to /nix/store/xfn5n24fp69d0pqmj8v10jazwb5m1fyx-perl5.32.0-MouseX-NativeTraits-1.09-devdoc/share/man/man3
Removing empty /nix/store/k5k72y3a99k97bpc9nv4nvdslvmc3h6l-perl5.32.0-MouseX-NativeTraits-1.09/share/man/ and (possibly) its parents
shrinking RPATHs of ELF executables and libraries in /nix/store/k5k72y3a99k97bpc9nv4nvdslvmc3h6l-perl5.32.0-MouseX-NativeTraits-1.09
strip is /nix/store/psyzbhp4p088sb9qcs378hfbslcalasl-binutils-2.31.1/bin/strip
stripping (with command strip and flags -S) in /nix/store/k5k72y3a99k97bpc9nv4nvdslvmc3h6l-perl5.32.0-MouseX-NativeTraits-1.09/lib
patching script interpreter paths in /nix/store/k5k72y3a99k97bpc9nv4nvdslvmc3h6l-perl5.32.0-MouseX-NativeTraits-1.09
checking for references to /build/ in /nix/store/k5k72y3a99k97bpc9nv4nvdslvmc3h6l-perl5.32.0-MouseX-NativeTraits-1.09...
shrinking RPATHs of ELF executables and libraries in /nix/store/xfn5n24fp69d0pqmj8v10jazwb5m1fyx-perl5.32.0-MouseX-NativeTraits-1.09-devdoc
gzipping man pages under /nix/store/xfn5n24fp69d0pqmj8v10jazwb5m1fyx-perl5.32.0-MouseX-NativeTraits-1.09-devdoc/share/man/
strip is /nix/store/psyzbhp4p088sb9qcs378hfbslcalasl-binutils-2.31.1/bin/strip
patching script interpreter paths in /nix/store/xfn5n24fp69d0pqmj8v10jazwb5m1fyx-perl5.32.0-MouseX-NativeTraits-1.09-devdoc
checking for references to /build/ in /nix/store/xfn5n24fp69d0pqmj8v10jazwb5m1fyx-perl5.32.0-MouseX-NativeTraits-1.09-devdoc...
/nix/store/k5k72y3a99k97bpc9nv4nvdslvmc3h6l-perl5.32.0-MouseX-NativeTraits-1.09
