these derivations will be built:
  /nix/store/79fb2i8c6pa4ssclpzq4ga75q0zk6rfl-perl5.32.0-Net-Amazon-S3-Policy-0.1.6.drv
these paths will be fetched (0.01 MiB download, 0.01 MiB unpacked):
  /nix/store/nnh47z5aqr6r1n76z1k1dshaj3v0a842-Net-Amazon-S3-Policy-0.1.6.tar.gz
copying path '/nix/store/nnh47z5aqr6r1n76z1k1dshaj3v0a842-Net-Amazon-S3-Policy-0.1.6.tar.gz' from 'https://cache.nixos.org'...
building '/nix/store/79fb2i8c6pa4ssclpzq4ga75q0zk6rfl-perl5.32.0-Net-Amazon-S3-Policy-0.1.6.drv'...
unpacking sources
unpacking source archive /nix/store/nnh47z5aqr6r1n76z1k1dshaj3v0a842-Net-Amazon-S3-Policy-0.1.6.tar.gz
source root is Net-Amazon-S3-Policy-0.1.6
setting SOURCE_DATE_EPOCH to timestamp 1375477310 of file Net-Amazon-S3-Policy-0.1.6/META.yml
patching sources
configuring
patching ./t/pod-coverage.t...
patching ./t/pod.t...
patching ./eg/sample-form.pl...
Checking if your kit is complete...
Looks good
Generating a Unix-style Makefile
Writing Makefile for Net::Amazon::S3::Policy
Writing MYMETA.yml and MYMETA.json
no configure script, doing nothing
building
Created MYMETA.yml and MYMETA.json
Creating new 'Build' script for 'Net-Amazon-S3-Policy' version 'v0.1.6'
Building Net-Amazon-S3-Policy
running tests
t/00.load.t ....... 1/1 # Testing Net::Amazon::S3::Policy 0.1.6
t/00.load.t ....... ok
t/01.test.t ....... ok
t/pod-coverage.t .. skipped: Test::Pod::Coverage - AUTHOR_TEST not set
t/pod.t ........... skipped: Test::Pod - AUTHOR_TEST not set
All tests successful.
Files=4, Tests=22,  0 wallclock secs ( 0.02 usr  0.00 sys +  0.23 cusr  0.06 csys =  0.31 CPU)
Result: PASS
installing
Building Net-Amazon-S3-Policy
Installing /nix/store/nd1h7bnbycza48icnspskqxf5ma0f3l1-perl5.32.0-Net-Amazon-S3-Policy-0.1.6/lib/perl5/site_perl/5.32.0/Net/Amazon/S3/Policy.pm
Installing /nix/store/nd1h7bnbycza48icnspskqxf5ma0f3l1-perl5.32.0-Net-Amazon-S3-Policy-0.1.6/share/man/man3/Net::Amazon::S3::Policy.3
post-installation fixup
Moving /nix/store/nd1h7bnbycza48icnspskqxf5ma0f3l1-perl5.32.0-Net-Amazon-S3-Policy-0.1.6/share/man/man3 to /nix/store/62s46zjwzwwwiamwagp9xvwrwmjly8bh-perl5.32.0-Net-Amazon-S3-Policy-0.1.6-devdoc/share/man/man3
Removing empty /nix/store/nd1h7bnbycza48icnspskqxf5ma0f3l1-perl5.32.0-Net-Amazon-S3-Policy-0.1.6/share/man/ and (possibly) its parents
shrinking RPATHs of ELF executables and libraries in /nix/store/nd1h7bnbycza48icnspskqxf5ma0f3l1-perl5.32.0-Net-Amazon-S3-Policy-0.1.6
strip is /nix/store/psyzbhp4p088sb9qcs378hfbslcalasl-binutils-2.31.1/bin/strip
stripping (with command strip and flags -S) in /nix/store/nd1h7bnbycza48icnspskqxf5ma0f3l1-perl5.32.0-Net-Amazon-S3-Policy-0.1.6/lib
patching script interpreter paths in /nix/store/nd1h7bnbycza48icnspskqxf5ma0f3l1-perl5.32.0-Net-Amazon-S3-Policy-0.1.6
checking for references to /build/ in /nix/store/nd1h7bnbycza48icnspskqxf5ma0f3l1-perl5.32.0-Net-Amazon-S3-Policy-0.1.6...
shrinking RPATHs of ELF executables and libraries in /nix/store/62s46zjwzwwwiamwagp9xvwrwmjly8bh-perl5.32.0-Net-Amazon-S3-Policy-0.1.6-devdoc
gzipping man pages under /nix/store/62s46zjwzwwwiamwagp9xvwrwmjly8bh-perl5.32.0-Net-Amazon-S3-Policy-0.1.6-devdoc/share/man/
strip is /nix/store/psyzbhp4p088sb9qcs378hfbslcalasl-binutils-2.31.1/bin/strip
patching script interpreter paths in /nix/store/62s46zjwzwwwiamwagp9xvwrwmjly8bh-perl5.32.0-Net-Amazon-S3-Policy-0.1.6-devdoc
checking for references to /build/ in /nix/store/62s46zjwzwwwiamwagp9xvwrwmjly8bh-perl5.32.0-Net-Amazon-S3-Policy-0.1.6-devdoc...
/nix/store/nd1h7bnbycza48icnspskqxf5ma0f3l1-perl5.32.0-Net-Amazon-S3-Policy-0.1.6
