these derivations will be built:
  /nix/store/gpbnbms6y1k2ahihra4a8g7sa0sw8zgl-perl5.32.0-Paranoid-2.07.drv
these paths will be fetched (0.10 MiB download, 0.10 MiB unpacked):
  /nix/store/kh2hbi7qc0zjdrs8liy62nzyy1i931lv-Paranoid-2.07.tar.gz
copying path '/nix/store/kh2hbi7qc0zjdrs8liy62nzyy1i931lv-Paranoid-2.07.tar.gz' from 'https://cache.nixos.org'...
building '/nix/store/gpbnbms6y1k2ahihra4a8g7sa0sw8zgl-perl5.32.0-Paranoid-2.07.drv'...
unpacking sources
unpacking source archive /nix/store/kh2hbi7qc0zjdrs8liy62nzyy1i931lv-Paranoid-2.07.tar.gz
source root is Paranoid-2.07
setting SOURCE_DATE_EPOCH to timestamp 1555552638 of file Paranoid-2.07/META.yml
patching sources
applying patch /nix/store/vldn2vvd6rgvlzgb1xzf5am0y8sir07p-Paranoid-blessed-path.patch
patching file lib/Paranoid.pm
patching file t/01_init_core.t
configuring
patching ./t/02_pdebug.t...
patching ./t/42_ipv6.t...
patching ./t/23_filesystem_ptouch.t...
patching ./t/06_module.t...
patching ./t/30_log.t...
patching ./t/31_log_buffer.t...
patching ./t/32_log_file.t...
patching ./t/26_filesystem_pchown.t...
patching ./t/99_pod.t...
patching ./t/43_network.t...
patching ./t/50_process.t...
patching ./t/05_data.t...
patching ./t/98_pod_coverage.t...
patching ./t/40_socket.t...
patching ./t/12_lockfile.t...
patching ./t/21_filesystem_preadDir.t...
patching ./t/07_glob.t...
patching ./t/20_filesystem_pmkdir.t...
patching ./t/11_args.t...
patching ./t/10_io_line.t...
patching ./t/04_input.t...
patching ./t/22_filesystem_prm.t...
patching ./t/41_ipv4.t...
patching ./t/01_init_core.t...
patching ./t/25_filesystem_pchmod.t...
patching ./t/03_io.t...
patching ./t/24_filesystem_misc.t...
Checking if your kit is complete...
Looks good
Generating a Unix-style Makefile
Writing Makefile for Paranoid
Writing MYMETA.yml and MYMETA.json
no configure script, doing nothing
building
build flags: SHELL=/nix/store/9fqwwd4iybmhjqyxiaxycknslw6bgwh1-bash-4.4-p23/bin/bash
cp lib/Paranoid/Glob.pm blib/lib/Paranoid/Glob.pm
cp lib/Paranoid/Log/File.pm blib/lib/Paranoid/Log/File.pm
cp lib/Paranoid/IO.pm blib/lib/Paranoid/IO.pm
cp lib/Paranoid/Filesystem.pm blib/lib/Paranoid/Filesystem.pm
cp lib/Paranoid/Input.pm blib/lib/Paranoid/Input.pm
cp lib/Paranoid/Args.pm blib/lib/Paranoid/Args.pm
cp lib/Paranoid/Module.pm blib/lib/Paranoid/Module.pm
cp lib/Paranoid/Log/Buffer.pm blib/lib/Paranoid/Log/Buffer.pm
cp lib/Paranoid/Network/Socket.pm blib/lib/Paranoid/Network/Socket.pm
cp lib/Paranoid/Network.pm blib/lib/Paranoid/Network.pm
cp lib/Paranoid/Network/IPv4.pm blib/lib/Paranoid/Network/IPv4.pm
cp lib/Paranoid/IO/Lockfile.pm blib/lib/Paranoid/IO/Lockfile.pm
cp lib/Paranoid/Debug.pm blib/lib/Paranoid/Debug.pm
cp lib/Paranoid/Process.pm blib/lib/Paranoid/Process.pm
cp lib/Paranoid.pm blib/lib/Paranoid.pm
cp lib/Paranoid/Network/IPv6.pm blib/lib/Paranoid/Network/IPv6.pm
cp lib/Paranoid/Log.pm blib/lib/Paranoid/Log.pm
cp lib/Paranoid/Data.pm blib/lib/Paranoid/Data.pm
cp lib/Paranoid/IO/Line.pm blib/lib/Paranoid/IO/Line.pm
Manifying 19 pod documents
running tests
check flags: SHELL=/nix/store/9fqwwd4iybmhjqyxiaxycknslw6bgwh1-bash-4.4-p23/bin/bash VERBOSE=y test
PERL_DL_NONLAZY=1 "/nix/store/7c044di03qa7qgr5kjjc2d787aspzp0m-perl-5.32.0/bin/perl" "-MExtUtils::Command::MM" "-MTest::Harness" "-e" "undef *Test::Harness::Switches; test_harness(0, 'blib/lib', 'blib/arch')" t/*.t
t/01_init_core.t ............ ok
t/02_pdebug.t ............... ok
t/03_io.t ................... 1/53 Filehandle $fh opened only for output at /build/Paranoid-2.07/blib/lib/Paranoid/IO.pm line 653.
t/03_io.t ................... ok
t/04_input.t ................ ok
t/05_data.t ................. ok
t/06_module.t ............... ok
t/07_glob.t ................. ok
t/10_io_line.t .............. ok
t/11_args.t ................. ok
t/12_lockfile.t ............. ok
t/20_filesystem_pmkdir.t .... ok
t/21_filesystem_preadDir.t .. ok
t/22_filesystem_prm.t ....... ok
t/23_filesystem_ptouch.t .... ok
t/24_filesystem_misc.t ...... ok
t/25_filesystem_pchmod.t .... ok
t/26_filesystem_pchown.t .... ok
t/30_log.t .................. ok
t/31_log_buffer.t ........... ok
t/32_log_file.t ............. ok
t/40_socket.t ............... ok
t/41_ipv4.t ................. ok
t/42_ipv6.t ................. ok
t/43_network.t .............. ok
t/50_process.t .............. ok
t/98_pod_coverage.t ......... skipped: Test::Pod::Coverage 1.00 required for testing POD coverage
t/99_pod.t .................. skipped: Test::Pod 1.00 required for testing POD
All tests successful.
Files=27, Tests=660, 23 wallclock secs ( 0.11 usr  0.03 sys +  1.77 cusr  0.36 csys =  2.27 CPU)
Result: PASS
installing
install flags: SHELL=/nix/store/9fqwwd4iybmhjqyxiaxycknslw6bgwh1-bash-4.4-p23/bin/bash pkgconfigdir=/nix/store/a3v84grzhh48sh55lbf8rv589dlgnb04-perl5.32.0-Paranoid-2.07/lib/pkgconfig m4datadir=/nix/store/a3v84grzhh48sh55lbf8rv589dlgnb04-perl5.32.0-Paranoid-2.07/share/aclocal aclocaldir=/nix/store/a3v84grzhh48sh55lbf8rv589dlgnb04-perl5.32.0-Paranoid-2.07/share/aclocal install
Manifying 19 pod documents
Installing /nix/store/a3v84grzhh48sh55lbf8rv589dlgnb04-perl5.32.0-Paranoid-2.07/lib/perl5/site_perl/5.32.0/Paranoid.pm
Installing /nix/store/a3v84grzhh48sh55lbf8rv589dlgnb04-perl5.32.0-Paranoid-2.07/lib/perl5/site_perl/5.32.0/Paranoid/Debug.pm
Installing /nix/store/a3v84grzhh48sh55lbf8rv589dlgnb04-perl5.32.0-Paranoid-2.07/lib/perl5/site_perl/5.32.0/Paranoid/Process.pm
Installing /nix/store/a3v84grzhh48sh55lbf8rv589dlgnb04-perl5.32.0-Paranoid-2.07/lib/perl5/site_perl/5.32.0/Paranoid/Filesystem.pm
Installing /nix/store/a3v84grzhh48sh55lbf8rv589dlgnb04-perl5.32.0-Paranoid-2.07/lib/perl5/site_perl/5.32.0/Paranoid/Args.pm
Installing /nix/store/a3v84grzhh48sh55lbf8rv589dlgnb04-perl5.32.0-Paranoid-2.07/lib/perl5/site_perl/5.32.0/Paranoid/Log.pm
Installing /nix/store/a3v84grzhh48sh55lbf8rv589dlgnb04-perl5.32.0-Paranoid-2.07/lib/perl5/site_perl/5.32.0/Paranoid/Glob.pm
Installing /nix/store/a3v84grzhh48sh55lbf8rv589dlgnb04-perl5.32.0-Paranoid-2.07/lib/perl5/site_perl/5.32.0/Paranoid/Data.pm
Installing /nix/store/a3v84grzhh48sh55lbf8rv589dlgnb04-perl5.32.0-Paranoid-2.07/lib/perl5/site_perl/5.32.0/Paranoid/Module.pm
Installing /nix/store/a3v84grzhh48sh55lbf8rv589dlgnb04-perl5.32.0-Paranoid-2.07/lib/perl5/site_perl/5.32.0/Paranoid/IO.pm
Installing /nix/store/a3v84grzhh48sh55lbf8rv589dlgnb04-perl5.32.0-Paranoid-2.07/lib/perl5/site_perl/5.32.0/Paranoid/Input.pm
Installing /nix/store/a3v84grzhh48sh55lbf8rv589dlgnb04-perl5.32.0-Paranoid-2.07/lib/perl5/site_perl/5.32.0/Paranoid/Network.pm
Installing /nix/store/a3v84grzhh48sh55lbf8rv589dlgnb04-perl5.32.0-Paranoid-2.07/lib/perl5/site_perl/5.32.0/Paranoid/IO/Line.pm
Installing /nix/store/a3v84grzhh48sh55lbf8rv589dlgnb04-perl5.32.0-Paranoid-2.07/lib/perl5/site_perl/5.32.0/Paranoid/IO/Lockfile.pm
Installing /nix/store/a3v84grzhh48sh55lbf8rv589dlgnb04-perl5.32.0-Paranoid-2.07/lib/perl5/site_perl/5.32.0/Paranoid/Log/Buffer.pm
Installing /nix/store/a3v84grzhh48sh55lbf8rv589dlgnb04-perl5.32.0-Paranoid-2.07/lib/perl5/site_perl/5.32.0/Paranoid/Log/File.pm
Installing /nix/store/a3v84grzhh48sh55lbf8rv589dlgnb04-perl5.32.0-Paranoid-2.07/lib/perl5/site_perl/5.32.0/Paranoid/Network/Socket.pm
Installing /nix/store/a3v84grzhh48sh55lbf8rv589dlgnb04-perl5.32.0-Paranoid-2.07/lib/perl5/site_perl/5.32.0/Paranoid/Network/IPv4.pm
Installing /nix/store/a3v84grzhh48sh55lbf8rv589dlgnb04-perl5.32.0-Paranoid-2.07/lib/perl5/site_perl/5.32.0/Paranoid/Network/IPv6.pm
Installing /nix/store/a3v84grzhh48sh55lbf8rv589dlgnb04-perl5.32.0-Paranoid-2.07/share/man/man3/Paranoid::Input.3
Installing /nix/store/a3v84grzhh48sh55lbf8rv589dlgnb04-perl5.32.0-Paranoid-2.07/share/man/man3/Paranoid::Debug.3
Installing /nix/store/a3v84grzhh48sh55lbf8rv589dlgnb04-perl5.32.0-Paranoid-2.07/share/man/man3/Paranoid::Data.3
Installing /nix/store/a3v84grzhh48sh55lbf8rv589dlgnb04-perl5.32.0-Paranoid-2.07/share/man/man3/Paranoid::Glob.3
Installing /nix/store/a3v84grzhh48sh55lbf8rv589dlgnb04-perl5.32.0-Paranoid-2.07/share/man/man3/Paranoid::Args.3
Installing /nix/store/a3v84grzhh48sh55lbf8rv589dlgnb04-perl5.32.0-Paranoid-2.07/share/man/man3/Paranoid::Network.3
Installing /nix/store/a3v84grzhh48sh55lbf8rv589dlgnb04-perl5.32.0-Paranoid-2.07/share/man/man3/Paranoid::Log::File.3
Installing /nix/store/a3v84grzhh48sh55lbf8rv589dlgnb04-perl5.32.0-Paranoid-2.07/share/man/man3/Paranoid::Process.3
Installing /nix/store/a3v84grzhh48sh55lbf8rv589dlgnb04-perl5.32.0-Paranoid-2.07/share/man/man3/Paranoid::Log::Buffer.3
Installing /nix/store/a3v84grzhh48sh55lbf8rv589dlgnb04-perl5.32.0-Paranoid-2.07/share/man/man3/Paranoid::IO.3
Installing /nix/store/a3v84grzhh48sh55lbf8rv589dlgnb04-perl5.32.0-Paranoid-2.07/share/man/man3/Paranoid.3
Installing /nix/store/a3v84grzhh48sh55lbf8rv589dlgnb04-perl5.32.0-Paranoid-2.07/share/man/man3/Paranoid::Network::Socket.3
Installing /nix/store/a3v84grzhh48sh55lbf8rv589dlgnb04-perl5.32.0-Paranoid-2.07/share/man/man3/Paranoid::Network::IPv4.3
Installing /nix/store/a3v84grzhh48sh55lbf8rv589dlgnb04-perl5.32.0-Paranoid-2.07/share/man/man3/Paranoid::Module.3
Installing /nix/store/a3v84grzhh48sh55lbf8rv589dlgnb04-perl5.32.0-Paranoid-2.07/share/man/man3/Paranoid::Filesystem.3
Installing /nix/store/a3v84grzhh48sh55lbf8rv589dlgnb04-perl5.32.0-Paranoid-2.07/share/man/man3/Paranoid::IO::Line.3
Installing /nix/store/a3v84grzhh48sh55lbf8rv589dlgnb04-perl5.32.0-Paranoid-2.07/share/man/man3/Paranoid::Network::IPv6.3
Installing /nix/store/a3v84grzhh48sh55lbf8rv589dlgnb04-perl5.32.0-Paranoid-2.07/share/man/man3/Paranoid::IO::Lockfile.3
Installing /nix/store/a3v84grzhh48sh55lbf8rv589dlgnb04-perl5.32.0-Paranoid-2.07/share/man/man3/Paranoid::Log.3
Appending installation info to /nix/store/a3v84grzhh48sh55lbf8rv589dlgnb04-perl5.32.0-Paranoid-2.07/lib/perl5/5.32.0/x86_64-linux-thread-multi/perllocal.pod
post-installation fixup
Moving /nix/store/a3v84grzhh48sh55lbf8rv589dlgnb04-perl5.32.0-Paranoid-2.07/share/man/man3 to /nix/store/69k0aq5gvviry79n4z8bp4qy04k882np-perl5.32.0-Paranoid-2.07-devdoc/share/man/man3
Removing empty /nix/store/a3v84grzhh48sh55lbf8rv589dlgnb04-perl5.32.0-Paranoid-2.07/share/man/ and (possibly) its parents
shrinking RPATHs of ELF executables and libraries in /nix/store/a3v84grzhh48sh55lbf8rv589dlgnb04-perl5.32.0-Paranoid-2.07
strip is /nix/store/psyzbhp4p088sb9qcs378hfbslcalasl-binutils-2.31.1/bin/strip
stripping (with command strip and flags -S) in /nix/store/a3v84grzhh48sh55lbf8rv589dlgnb04-perl5.32.0-Paranoid-2.07/lib
patching script interpreter paths in /nix/store/a3v84grzhh48sh55lbf8rv589dlgnb04-perl5.32.0-Paranoid-2.07
checking for references to /build/ in /nix/store/a3v84grzhh48sh55lbf8rv589dlgnb04-perl5.32.0-Paranoid-2.07...
shrinking RPATHs of ELF executables and libraries in /nix/store/69k0aq5gvviry79n4z8bp4qy04k882np-perl5.32.0-Paranoid-2.07-devdoc
gzipping man pages under /nix/store/69k0aq5gvviry79n4z8bp4qy04k882np-perl5.32.0-Paranoid-2.07-devdoc/share/man/
strip is /nix/store/psyzbhp4p088sb9qcs378hfbslcalasl-binutils-2.31.1/bin/strip
patching script interpreter paths in /nix/store/69k0aq5gvviry79n4z8bp4qy04k882np-perl5.32.0-Paranoid-2.07-devdoc
checking for references to /build/ in /nix/store/69k0aq5gvviry79n4z8bp4qy04k882np-perl5.32.0-Paranoid-2.07-devdoc...
/nix/store/a3v84grzhh48sh55lbf8rv589dlgnb04-perl5.32.0-Paranoid-2.07
