these derivations will be built:
  /nix/store/q0rjnap72pdghqxjz8clpvixhi5j5r9f-perl5.32.0-Parse-Syslog-1.10.drv
these paths will be fetched (0.01 MiB download, 0.01 MiB unpacked):
  /nix/store/gbgxyrgpmb3kr8pjvizq3y2gi12kgn6m-Parse-Syslog-1.10.tar.gz
copying path '/nix/store/gbgxyrgpmb3kr8pjvizq3y2gi12kgn6m-Parse-Syslog-1.10.tar.gz' from 'https://cache.nixos.org'...
building '/nix/store/q0rjnap72pdghqxjz8clpvixhi5j5r9f-perl5.32.0-Parse-Syslog-1.10.drv'...
unpacking sources
unpacking source archive /nix/store/gbgxyrgpmb3kr8pjvizq3y2gi12kgn6m-Parse-Syslog-1.10.tar.gz
source root is Parse-Syslog-1.10
setting SOURCE_DATE_EPOCH to timestamp 1199035848 of file Parse-Syslog-1.10/META.yml
patching sources
configuring
Checking if your kit is complete...
Looks good
Generating a Unix-style Makefile
Writing Makefile for Parse::Syslog
Writing MYMETA.yml and MYMETA.json
no configure script, doing nothing
building
build flags: SHELL=/nix/store/9fqwwd4iybmhjqyxiaxycknslw6bgwh1-bash-4.4-p23/bin/bash
cp lib/Parse/Syslog.pm blib/lib/Parse/Syslog.pm
Manifying 1 pod document
running tests
check flags: SHELL=/nix/store/9fqwwd4iybmhjqyxiaxycknslw6bgwh1-bash-4.4-p23/bin/bash VERBOSE=y test
PERL_DL_NONLAZY=1 "/nix/store/7c044di03qa7qgr5kjjc2d787aspzp0m-perl-5.32.0/bin/perl" "-MExtUtils::Command::MM" "-MTest::Harness" "-e" "undef *Test::Harness::Switches; test_harness(0, 'blib/lib', 'blib/arch')" t/*.t
t/dst.t ......... IO::Scalar not available: test skipped.
t/dst.t ......... skipped: (no reason given)
t/filetail.t .... skipped: (no reason given)
t/gmt.t ......... ok
t/io-stringy.t .. IO::Scalar not available: test skipped.
t/io-stringy.t .. skipped: (no reason given)
t/linux.t ....... ok
t/locale.t ...... Locale 'de_DE' not available: locale test skipped.
t/locale.t ...... skipped: (no reason given)
t/metalog.t ..... ok
t/misc.t ........ ok
t/solaris26.t ... ok
t/solaris28.t ... ok
t/yearchange.t .. ok
All tests successful.
Files=11, Tests=150,  0 wallclock secs ( 0.05 usr  0.01 sys +  0.18 cusr  0.04 csys =  0.28 CPU)
Result: PASS
installing
install flags: SHELL=/nix/store/9fqwwd4iybmhjqyxiaxycknslw6bgwh1-bash-4.4-p23/bin/bash pkgconfigdir=/nix/store/31achrnvv9rp2jmc449x49pwl1hwks7w-perl5.32.0-Parse-Syslog-1.10/lib/pkgconfig m4datadir=/nix/store/31achrnvv9rp2jmc449x49pwl1hwks7w-perl5.32.0-Parse-Syslog-1.10/share/aclocal aclocaldir=/nix/store/31achrnvv9rp2jmc449x49pwl1hwks7w-perl5.32.0-Parse-Syslog-1.10/share/aclocal install
Manifying 1 pod document
Installing /nix/store/31achrnvv9rp2jmc449x49pwl1hwks7w-perl5.32.0-Parse-Syslog-1.10/lib/perl5/site_perl/5.32.0/Parse/Syslog.pm
Installing /nix/store/31achrnvv9rp2jmc449x49pwl1hwks7w-perl5.32.0-Parse-Syslog-1.10/share/man/man3/Parse::Syslog.3
Appending installation info to /nix/store/31achrnvv9rp2jmc449x49pwl1hwks7w-perl5.32.0-Parse-Syslog-1.10/lib/perl5/5.32.0/x86_64-linux-thread-multi/perllocal.pod
post-installation fixup
Moving /nix/store/31achrnvv9rp2jmc449x49pwl1hwks7w-perl5.32.0-Parse-Syslog-1.10/share/man/man3 to /nix/store/9fhjm6k7vyww328kqk36vx5h633jazlr-perl5.32.0-Parse-Syslog-1.10-devdoc/share/man/man3
Removing empty /nix/store/31achrnvv9rp2jmc449x49pwl1hwks7w-perl5.32.0-Parse-Syslog-1.10/share/man/ and (possibly) its parents
shrinking RPATHs of ELF executables and libraries in /nix/store/31achrnvv9rp2jmc449x49pwl1hwks7w-perl5.32.0-Parse-Syslog-1.10
strip is /nix/store/psyzbhp4p088sb9qcs378hfbslcalasl-binutils-2.31.1/bin/strip
stripping (with command strip and flags -S) in /nix/store/31achrnvv9rp2jmc449x49pwl1hwks7w-perl5.32.0-Parse-Syslog-1.10/lib
patching script interpreter paths in /nix/store/31achrnvv9rp2jmc449x49pwl1hwks7w-perl5.32.0-Parse-Syslog-1.10
checking for references to /build/ in /nix/store/31achrnvv9rp2jmc449x49pwl1hwks7w-perl5.32.0-Parse-Syslog-1.10...
shrinking RPATHs of ELF executables and libraries in /nix/store/9fhjm6k7vyww328kqk36vx5h633jazlr-perl5.32.0-Parse-Syslog-1.10-devdoc
gzipping man pages under /nix/store/9fhjm6k7vyww328kqk36vx5h633jazlr-perl5.32.0-Parse-Syslog-1.10-devdoc/share/man/
strip is /nix/store/psyzbhp4p088sb9qcs378hfbslcalasl-binutils-2.31.1/bin/strip
patching script interpreter paths in /nix/store/9fhjm6k7vyww328kqk36vx5h633jazlr-perl5.32.0-Parse-Syslog-1.10-devdoc
checking for references to /build/ in /nix/store/9fhjm6k7vyww328kqk36vx5h633jazlr-perl5.32.0-Parse-Syslog-1.10-devdoc...
/nix/store/31achrnvv9rp2jmc449x49pwl1hwks7w-perl5.32.0-Parse-Syslog-1.10
