these derivations will be built:
  /nix/store/jb8ml87h9j52y984frxr1421rqq5hhwk-perl5.32.0-Parse-IRC-1.22.drv
these paths will be fetched (0.02 MiB download, 0.02 MiB unpacked):
  /nix/store/ac55av8zivj0rjwvrffzx9jkhv1qwsm1-Parse-IRC-1.22.tar.gz
copying path '/nix/store/ac55av8zivj0rjwvrffzx9jkhv1qwsm1-Parse-IRC-1.22.tar.gz' from 'https://cache.nixos.org'...
building '/nix/store/jb8ml87h9j52y984frxr1421rqq5hhwk-perl5.32.0-Parse-IRC-1.22.drv'...
unpacking sources
unpacking source archive /nix/store/ac55av8zivj0rjwvrffzx9jkhv1qwsm1-Parse-IRC-1.22.tar.gz
source root is Parse-IRC-1.22
setting SOURCE_DATE_EPOCH to timestamp 1476617747 of file Parse-IRC-1.22/tools/git-log.pl
patching sources
configuring
patching ./t/author-pod-syntax.t...
patching ./t/author-pod-coverage.t...
patching ./tools/git-log.pl...
Checking if your kit is complete...
Looks good
Generating a Unix-style Makefile
Writing Makefile for Parse::IRC
Writing MYMETA.yml and MYMETA.json
no configure script, doing nothing
building
build flags: SHELL=/nix/store/9fqwwd4iybmhjqyxiaxycknslw6bgwh1-bash-4.4-p23/bin/bash
cp lib/Parse/IRC.pm blib/lib/Parse/IRC.pm
Manifying 1 pod document
running tests
check flags: SHELL=/nix/store/9fqwwd4iybmhjqyxiaxycknslw6bgwh1-bash-4.4-p23/bin/bash VERBOSE=y test
PERL_DL_NONLAZY=1 "/nix/store/7c044di03qa7qgr5kjjc2d787aspzp0m-perl-5.32.0/bin/perl" "-MExtUtils::Command::MM" "-MTest::Harness" "-e" "undef *Test::Harness::Switches; test_harness(0, 'blib/lib', 'blib/arch')" t/*.t
t/00-compile.t ........... ok
t/01_parse.t ............. ok
t/02_dancer.t ............ ok
t/03_ctcp.t .............. ok
t/author-pod-coverage.t .. skipped: these tests are for testing by the author
t/author-pod-syntax.t .... skipped: these tests are for testing by the author
All tests successful.
Files=6, Tests=36,  0 wallclock secs ( 0.03 usr  0.00 sys +  0.20 cusr  0.03 csys =  0.26 CPU)
Result: PASS
installing
install flags: SHELL=/nix/store/9fqwwd4iybmhjqyxiaxycknslw6bgwh1-bash-4.4-p23/bin/bash pkgconfigdir=/nix/store/0myygi3wqp6ax45263rsrp71lpgbvjg5-perl5.32.0-Parse-IRC-1.22/lib/pkgconfig m4datadir=/nix/store/0myygi3wqp6ax45263rsrp71lpgbvjg5-perl5.32.0-Parse-IRC-1.22/share/aclocal aclocaldir=/nix/store/0myygi3wqp6ax45263rsrp71lpgbvjg5-perl5.32.0-Parse-IRC-1.22/share/aclocal install
Manifying 1 pod document
Installing /nix/store/0myygi3wqp6ax45263rsrp71lpgbvjg5-perl5.32.0-Parse-IRC-1.22/lib/perl5/site_perl/5.32.0/Parse/IRC.pm
Installing /nix/store/0myygi3wqp6ax45263rsrp71lpgbvjg5-perl5.32.0-Parse-IRC-1.22/share/man/man3/Parse::IRC.3
Appending installation info to /nix/store/0myygi3wqp6ax45263rsrp71lpgbvjg5-perl5.32.0-Parse-IRC-1.22/lib/perl5/5.32.0/x86_64-linux-thread-multi/perllocal.pod
post-installation fixup
Moving /nix/store/0myygi3wqp6ax45263rsrp71lpgbvjg5-perl5.32.0-Parse-IRC-1.22/share/man/man3 to /nix/store/wvlyxsh3pq74rlb2brj9zx3w0jmvm7l8-perl5.32.0-Parse-IRC-1.22-devdoc/share/man/man3
Removing empty /nix/store/0myygi3wqp6ax45263rsrp71lpgbvjg5-perl5.32.0-Parse-IRC-1.22/share/man/ and (possibly) its parents
shrinking RPATHs of ELF executables and libraries in /nix/store/0myygi3wqp6ax45263rsrp71lpgbvjg5-perl5.32.0-Parse-IRC-1.22
strip is /nix/store/psyzbhp4p088sb9qcs378hfbslcalasl-binutils-2.31.1/bin/strip
stripping (with command strip and flags -S) in /nix/store/0myygi3wqp6ax45263rsrp71lpgbvjg5-perl5.32.0-Parse-IRC-1.22/lib
patching script interpreter paths in /nix/store/0myygi3wqp6ax45263rsrp71lpgbvjg5-perl5.32.0-Parse-IRC-1.22
checking for references to /build/ in /nix/store/0myygi3wqp6ax45263rsrp71lpgbvjg5-perl5.32.0-Parse-IRC-1.22...
shrinking RPATHs of ELF executables and libraries in /nix/store/wvlyxsh3pq74rlb2brj9zx3w0jmvm7l8-perl5.32.0-Parse-IRC-1.22-devdoc
gzipping man pages under /nix/store/wvlyxsh3pq74rlb2brj9zx3w0jmvm7l8-perl5.32.0-Parse-IRC-1.22-devdoc/share/man/
strip is /nix/store/psyzbhp4p088sb9qcs378hfbslcalasl-binutils-2.31.1/bin/strip
patching script interpreter paths in /nix/store/wvlyxsh3pq74rlb2brj9zx3w0jmvm7l8-perl5.32.0-Parse-IRC-1.22-devdoc
checking for references to /build/ in /nix/store/wvlyxsh3pq74rlb2brj9zx3w0jmvm7l8-perl5.32.0-Parse-IRC-1.22-devdoc...
/nix/store/0myygi3wqp6ax45263rsrp71lpgbvjg5-perl5.32.0-Parse-IRC-1.22
