these derivations will be built:
  /nix/store/rhr3qvl8srh7mlybxw5ag0v4snxmydd6-perl5.32.0-Parse-Yapp-1.21.drv
these paths will be fetched (0.10 MiB download, 0.10 MiB unpacked):
  /nix/store/ypqn37h0y3yagql0l4g02jlbfy02l5q6-Parse-Yapp-1.21.tar.gz
copying path '/nix/store/ypqn37h0y3yagql0l4g02jlbfy02l5q6-Parse-Yapp-1.21.tar.gz' from 'https://cache.nixos.org'...
building '/nix/store/rhr3qvl8srh7mlybxw5ag0v4snxmydd6-perl5.32.0-Parse-Yapp-1.21.drv'...
unpacking sources
unpacking source archive /nix/store/ypqn37h0y3yagql0l4g02jlbfy02l5q6-Parse-Yapp-1.21.tar.gz
source root is Parse-Yapp-1.21
setting SOURCE_DATE_EPOCH to timestamp 1501833758 of file Parse-Yapp-1.21/MANIFEST
patching sources
configuring
patching ./yapp...
Checking if your kit is complete...
Looks good
Generating a Unix-style Makefile
Writing Makefile for Parse::Yapp
Writing MYMETA.yml and MYMETA.json
no configure script, doing nothing
building
build flags: SHELL=/nix/store/9fqwwd4iybmhjqyxiaxycknslw6bgwh1-bash-4.4-p23/bin/bash
cp lib/Parse/Yapp/Options.pm blib/lib/Parse/Yapp/Options.pm
cp lib/Parse/Yapp.pm blib/lib/Parse/Yapp.pm
cp lib/Parse/Yapp/Lalr.pm blib/lib/Parse/Yapp/Lalr.pm
cp lib/Parse/Yapp/Driver.pm blib/lib/Parse/Yapp/Driver.pm
cp lib/Parse/Yapp/Parse.pm blib/lib/Parse/Yapp/Parse.pm
cp lib/Parse/Yapp/Output.pm blib/lib/Parse/Yapp/Output.pm
cp lib/Parse/Yapp/Grammar.pm blib/lib/Parse/Yapp/Grammar.pm
cp yapp blib/script/yapp
"/nix/store/7c044di03qa7qgr5kjjc2d787aspzp0m-perl-5.32.0/bin/perl" -MExtUtils::MY -e 'MY->fixin(shift)' -- blib/script/yapp
Manifying 1 pod document
Manifying 1 pod document
running tests
check flags: SHELL=/nix/store/9fqwwd4iybmhjqyxiaxycknslw6bgwh1-bash-4.4-p23/bin/bash VERBOSE=y test
PERL_DL_NONLAZY=1 "/nix/store/7c044di03qa7qgr5kjjc2d787aspzp0m-perl-5.32.0/bin/perl" "-MExtUtils::Command::MM" "-MTest::Harness" "-e" "undef *Test::Harness::Switches; test_harness(0, 'blib/lib', 'blib/arch')" t/*.t
t/base.t .... ok
t/calc.t .... ok
t/stress.t .. ok
All tests successful.
Files=3, Tests=33,  0 wallclock secs ( 0.02 usr  0.01 sys +  0.74 cusr  0.01 csys =  0.78 CPU)
Result: PASS
installing
install flags: SHELL=/nix/store/9fqwwd4iybmhjqyxiaxycknslw6bgwh1-bash-4.4-p23/bin/bash pkgconfigdir=/nix/store/k84nnq8mfbz2767rc9n2b04nvlan9jkp-perl5.32.0-Parse-Yapp-1.21/lib/pkgconfig m4datadir=/nix/store/k84nnq8mfbz2767rc9n2b04nvlan9jkp-perl5.32.0-Parse-Yapp-1.21/share/aclocal aclocaldir=/nix/store/k84nnq8mfbz2767rc9n2b04nvlan9jkp-perl5.32.0-Parse-Yapp-1.21/share/aclocal install
Manifying 1 pod document
Manifying 1 pod document
Installing /nix/store/k84nnq8mfbz2767rc9n2b04nvlan9jkp-perl5.32.0-Parse-Yapp-1.21/lib/perl5/site_perl/5.32.0/Parse/Yapp.pm
Installing /nix/store/k84nnq8mfbz2767rc9n2b04nvlan9jkp-perl5.32.0-Parse-Yapp-1.21/lib/perl5/site_perl/5.32.0/Parse/Yapp/Parse.pm
Installing /nix/store/k84nnq8mfbz2767rc9n2b04nvlan9jkp-perl5.32.0-Parse-Yapp-1.21/lib/perl5/site_perl/5.32.0/Parse/Yapp/Grammar.pm
Installing /nix/store/k84nnq8mfbz2767rc9n2b04nvlan9jkp-perl5.32.0-Parse-Yapp-1.21/lib/perl5/site_perl/5.32.0/Parse/Yapp/Output.pm
Installing /nix/store/k84nnq8mfbz2767rc9n2b04nvlan9jkp-perl5.32.0-Parse-Yapp-1.21/lib/perl5/site_perl/5.32.0/Parse/Yapp/Options.pm
Installing /nix/store/k84nnq8mfbz2767rc9n2b04nvlan9jkp-perl5.32.0-Parse-Yapp-1.21/lib/perl5/site_perl/5.32.0/Parse/Yapp/Lalr.pm
Installing /nix/store/k84nnq8mfbz2767rc9n2b04nvlan9jkp-perl5.32.0-Parse-Yapp-1.21/lib/perl5/site_perl/5.32.0/Parse/Yapp/Driver.pm
Installing /nix/store/k84nnq8mfbz2767rc9n2b04nvlan9jkp-perl5.32.0-Parse-Yapp-1.21/share/man/man1/yapp.1
Installing /nix/store/k84nnq8mfbz2767rc9n2b04nvlan9jkp-perl5.32.0-Parse-Yapp-1.21/share/man/man3/Parse::Yapp.3
Installing /nix/store/k84nnq8mfbz2767rc9n2b04nvlan9jkp-perl5.32.0-Parse-Yapp-1.21/bin/yapp
Appending installation info to /nix/store/k84nnq8mfbz2767rc9n2b04nvlan9jkp-perl5.32.0-Parse-Yapp-1.21/lib/perl5/5.32.0/x86_64-linux-thread-multi/perllocal.pod
post-installation fixup
Moving /nix/store/k84nnq8mfbz2767rc9n2b04nvlan9jkp-perl5.32.0-Parse-Yapp-1.21/share/man/man3 to /nix/store/l8hyb7r470lsf2siw17i1ajdpa69vgn1-perl5.32.0-Parse-Yapp-1.21-devdoc/share/man/man3
rmdir: failed to remove '/nix/store/k84nnq8mfbz2767rc9n2b04nvlan9jkp-perl5.32.0-Parse-Yapp-1.21/share/man': Directory not empty
shrinking RPATHs of ELF executables and libraries in /nix/store/k84nnq8mfbz2767rc9n2b04nvlan9jkp-perl5.32.0-Parse-Yapp-1.21
gzipping man pages under /nix/store/k84nnq8mfbz2767rc9n2b04nvlan9jkp-perl5.32.0-Parse-Yapp-1.21/share/man/
strip is /nix/store/psyzbhp4p088sb9qcs378hfbslcalasl-binutils-2.31.1/bin/strip
stripping (with command strip and flags -S) in /nix/store/k84nnq8mfbz2767rc9n2b04nvlan9jkp-perl5.32.0-Parse-Yapp-1.21/lib  /nix/store/k84nnq8mfbz2767rc9n2b04nvlan9jkp-perl5.32.0-Parse-Yapp-1.21/bin
patching script interpreter paths in /nix/store/k84nnq8mfbz2767rc9n2b04nvlan9jkp-perl5.32.0-Parse-Yapp-1.21
checking for references to /build/ in /nix/store/k84nnq8mfbz2767rc9n2b04nvlan9jkp-perl5.32.0-Parse-Yapp-1.21...
shrinking RPATHs of ELF executables and libraries in /nix/store/l8hyb7r470lsf2siw17i1ajdpa69vgn1-perl5.32.0-Parse-Yapp-1.21-devdoc
gzipping man pages under /nix/store/l8hyb7r470lsf2siw17i1ajdpa69vgn1-perl5.32.0-Parse-Yapp-1.21-devdoc/share/man/
strip is /nix/store/psyzbhp4p088sb9qcs378hfbslcalasl-binutils-2.31.1/bin/strip
patching script interpreter paths in /nix/store/l8hyb7r470lsf2siw17i1ajdpa69vgn1-perl5.32.0-Parse-Yapp-1.21-devdoc
checking for references to /build/ in /nix/store/l8hyb7r470lsf2siw17i1ajdpa69vgn1-perl5.32.0-Parse-Yapp-1.21-devdoc...
/nix/store/k84nnq8mfbz2767rc9n2b04nvlan9jkp-perl5.32.0-Parse-Yapp-1.21
