these derivations will be built:
  /nix/store/akmzwm1d0fix5anyp7cix235pi1nhqqd-perl5.32.0-PAUSE-Permissions-0.17.drv
building '/nix/store/akmzwm1d0fix5anyp7cix235pi1nhqqd-perl5.32.0-PAUSE-Permissions-0.17.drv'...
unpacking sources
unpacking source archive /nix/store/swqa63628h2h64anj54qsl7r51540dmv-PAUSE-Permissions-0.17.tar.gz
source root is PAUSE-Permissions-0.17
setting SOURCE_DATE_EPOCH to timestamp 1494803089 of file PAUSE-Permissions-0.17/t/release-04-live-module-iterator.t
patching sources
configuring
patching ./t/02-entry-iterator.t...
patching ./t/05-preload.t...
patching ./t/07-has-permission-for.t...
patching ./t/01-basic.t...
patching ./t/03-module-iterator.t...
patching ./t/06-can-upload.t...
patching ./t/release-04-live-module-iterator.t...
patching ./bin/pause-permissions...
Checking if your kit is complete...
Looks good
Generating a Unix-style Makefile
Writing Makefile for PAUSE::Permissions
Writing MYMETA.yml and MYMETA.json
no configure script, doing nothing
building
build flags: SHELL=/nix/store/9fqwwd4iybmhjqyxiaxycknslw6bgwh1-bash-4.4-p23/bin/bash
cp lib/PAUSE/Permissions/Entry.pm blib/lib/PAUSE/Permissions/Entry.pm
cp lib/PAUSE/Permissions/ModuleIterator.pm blib/lib/PAUSE/Permissions/ModuleIterator.pm
cp lib/PAUSE/Permissions.pm blib/lib/PAUSE/Permissions.pm
cp lib/PAUSE/Permissions/EntryIterator.pm blib/lib/PAUSE/Permissions/EntryIterator.pm
cp lib/PAUSE/Permissions/Module.pm blib/lib/PAUSE/Permissions/Module.pm
cp bin/pause-permissions blib/script/pause-permissions
"/nix/store/7c044di03qa7qgr5kjjc2d787aspzp0m-perl-5.32.0/bin/perl" -MExtUtils::MY -e 'MY->fixin(shift)' -- blib/script/pause-permissions
Manifying 1 pod document
Manifying 3 pod documents
running tests
check flags: SHELL=/nix/store/9fqwwd4iybmhjqyxiaxycknslw6bgwh1-bash-4.4-p23/bin/bash VERBOSE=y test
PERL_DL_NONLAZY=1 "/nix/store/7c044di03qa7qgr5kjjc2d787aspzp0m-perl-5.32.0/bin/perl" "-MExtUtils::Command::MM" "-MTest::Harness" "-e" "undef *Test::Harness::Switches; test_harness(0, 'blib/lib', 'blib/arch')" t/*.t
t/01-basic.t ......................... ok
t/02-entry-iterator.t ................ ok
t/03-module-iterator.t ............... ok
t/05-preload.t ....................... ok
t/06-can-upload.t .................... ok
t/07-has-permission-for.t ............ ok
t/release-04-live-module-iterator.t .. skipped: these tests are for release candidate testing
All tests successful.
Files=7, Tests=67,  2 wallclock secs ( 0.05 usr  0.03 sys +  1.16 cusr  1.11 csys =  2.35 CPU)
Result: PASS
installing
install flags: SHELL=/nix/store/9fqwwd4iybmhjqyxiaxycknslw6bgwh1-bash-4.4-p23/bin/bash pkgconfigdir=/nix/store/5zw47a6gpwvcf5r7zxiqwqrzwh0x8dpb-perl5.32.0-PAUSE-Permissions-0.17/lib/pkgconfig m4datadir=/nix/store/5zw47a6gpwvcf5r7zxiqwqrzwh0x8dpb-perl5.32.0-PAUSE-Permissions-0.17/share/aclocal aclocaldir=/nix/store/5zw47a6gpwvcf5r7zxiqwqrzwh0x8dpb-perl5.32.0-PAUSE-Permissions-0.17/share/aclocal install
Manifying 1 pod document
Manifying 3 pod documents
Installing /nix/store/5zw47a6gpwvcf5r7zxiqwqrzwh0x8dpb-perl5.32.0-PAUSE-Permissions-0.17/lib/perl5/site_perl/5.32.0/PAUSE/Permissions.pm
Installing /nix/store/5zw47a6gpwvcf5r7zxiqwqrzwh0x8dpb-perl5.32.0-PAUSE-Permissions-0.17/lib/perl5/site_perl/5.32.0/PAUSE/Permissions/EntryIterator.pm
Installing /nix/store/5zw47a6gpwvcf5r7zxiqwqrzwh0x8dpb-perl5.32.0-PAUSE-Permissions-0.17/lib/perl5/site_perl/5.32.0/PAUSE/Permissions/Entry.pm
Installing /nix/store/5zw47a6gpwvcf5r7zxiqwqrzwh0x8dpb-perl5.32.0-PAUSE-Permissions-0.17/lib/perl5/site_perl/5.32.0/PAUSE/Permissions/ModuleIterator.pm
Installing /nix/store/5zw47a6gpwvcf5r7zxiqwqrzwh0x8dpb-perl5.32.0-PAUSE-Permissions-0.17/lib/perl5/site_perl/5.32.0/PAUSE/Permissions/Module.pm
Installing /nix/store/5zw47a6gpwvcf5r7zxiqwqrzwh0x8dpb-perl5.32.0-PAUSE-Permissions-0.17/share/man/man1/pause-permissions.1
Installing /nix/store/5zw47a6gpwvcf5r7zxiqwqrzwh0x8dpb-perl5.32.0-PAUSE-Permissions-0.17/share/man/man3/PAUSE::Permissions.3
Installing /nix/store/5zw47a6gpwvcf5r7zxiqwqrzwh0x8dpb-perl5.32.0-PAUSE-Permissions-0.17/share/man/man3/PAUSE::Permissions::Entry.3
Installing /nix/store/5zw47a6gpwvcf5r7zxiqwqrzwh0x8dpb-perl5.32.0-PAUSE-Permissions-0.17/share/man/man3/PAUSE::Permissions::Module.3
Installing /nix/store/5zw47a6gpwvcf5r7zxiqwqrzwh0x8dpb-perl5.32.0-PAUSE-Permissions-0.17/bin/pause-permissions
Appending installation info to /nix/store/5zw47a6gpwvcf5r7zxiqwqrzwh0x8dpb-perl5.32.0-PAUSE-Permissions-0.17/lib/perl5/5.32.0/x86_64-linux-thread-multi/perllocal.pod
post-installation fixup
Moving /nix/store/5zw47a6gpwvcf5r7zxiqwqrzwh0x8dpb-perl5.32.0-PAUSE-Permissions-0.17/share/man/man3 to /nix/store/484769z7rwbyf8rycn23jng96j6h4m1w-perl5.32.0-PAUSE-Permissions-0.17-devdoc/share/man/man3
rmdir: failed to remove '/nix/store/5zw47a6gpwvcf5r7zxiqwqrzwh0x8dpb-perl5.32.0-PAUSE-Permissions-0.17/share/man': Directory not empty
shrinking RPATHs of ELF executables and libraries in /nix/store/5zw47a6gpwvcf5r7zxiqwqrzwh0x8dpb-perl5.32.0-PAUSE-Permissions-0.17
gzipping man pages under /nix/store/5zw47a6gpwvcf5r7zxiqwqrzwh0x8dpb-perl5.32.0-PAUSE-Permissions-0.17/share/man/
strip is /nix/store/psyzbhp4p088sb9qcs378hfbslcalasl-binutils-2.31.1/bin/strip
stripping (with command strip and flags -S) in /nix/store/5zw47a6gpwvcf5r7zxiqwqrzwh0x8dpb-perl5.32.0-PAUSE-Permissions-0.17/lib  /nix/store/5zw47a6gpwvcf5r7zxiqwqrzwh0x8dpb-perl5.32.0-PAUSE-Permissions-0.17/bin
patching script interpreter paths in /nix/store/5zw47a6gpwvcf5r7zxiqwqrzwh0x8dpb-perl5.32.0-PAUSE-Permissions-0.17
checking for references to /build/ in /nix/store/5zw47a6gpwvcf5r7zxiqwqrzwh0x8dpb-perl5.32.0-PAUSE-Permissions-0.17...
shrinking RPATHs of ELF executables and libraries in /nix/store/484769z7rwbyf8rycn23jng96j6h4m1w-perl5.32.0-PAUSE-Permissions-0.17-devdoc
gzipping man pages under /nix/store/484769z7rwbyf8rycn23jng96j6h4m1w-perl5.32.0-PAUSE-Permissions-0.17-devdoc/share/man/
strip is /nix/store/psyzbhp4p088sb9qcs378hfbslcalasl-binutils-2.31.1/bin/strip
patching script interpreter paths in /nix/store/484769z7rwbyf8rycn23jng96j6h4m1w-perl5.32.0-PAUSE-Permissions-0.17-devdoc
checking for references to /build/ in /nix/store/484769z7rwbyf8rycn23jng96j6h4m1w-perl5.32.0-PAUSE-Permissions-0.17-devdoc...
/nix/store/5zw47a6gpwvcf5r7zxiqwqrzwh0x8dpb-perl5.32.0-PAUSE-Permissions-0.17
