these derivations will be built:
  /nix/store/mffj61dimk6ldc89psyc0ligbsqf9011-perl5.32.0-Plack-Middleware-Deflater-0.12.drv
these paths will be fetched (0.03 MiB download, 0.03 MiB unpacked):
  /nix/store/0jb23082jr86x8rh0gdrb55j4lfc5y1w-Plack-Middleware-Deflater-0.12.tar.gz
copying path '/nix/store/0jb23082jr86x8rh0gdrb55j4lfc5y1w-Plack-Middleware-Deflater-0.12.tar.gz' from 'https://cache.nixos.org'...
building '/nix/store/mffj61dimk6ldc89psyc0ligbsqf9011-perl5.32.0-Plack-Middleware-Deflater-0.12.drv'...
unpacking sources
unpacking source archive /nix/store/0jb23082jr86x8rh0gdrb55j4lfc5y1w-Plack-Middleware-Deflater-0.12.tar.gz
source root is Plack-Middleware-Deflater-0.12
setting SOURCE_DATE_EPOCH to timestamp 1378953230 of file Plack-Middleware-Deflater-0.12/META.yml
patching sources
configuring
Checking if your kit is complete...
Looks good
Generating a Unix-style Makefile
Writing Makefile for Plack::Middleware::Deflater
Writing MYMETA.yml and MYMETA.json
no configure script, doing nothing
building
build flags: SHELL=/nix/store/9fqwwd4iybmhjqyxiaxycknslw6bgwh1-bash-4.4-p23/bin/bash
cp lib/Plack/Middleware/Deflater.pm blib/lib/Plack/Middleware/Deflater.pm
Manifying 1 pod document
running tests
check flags: SHELL=/nix/store/9fqwwd4iybmhjqyxiaxycknslw6bgwh1-bash-4.4-p23/bin/bash VERBOSE=y test
PERL_DL_NONLAZY=1 "/nix/store/7c044di03qa7qgr5kjjc2d787aspzp0m-perl-5.32.0/bin/perl" "-MExtUtils::Command::MM" "-MTest::Harness" "-e" "undef *Test::Harness::Switches; test_harness(0, 'inc', 'blib/lib', 'blib/arch')" t/*.t
t/00_compile.t ...... ok
t/content_type.t .... skipped: Test requires module 'IO::Handle::Util' but it's not found
t/deflater.t ........ skipped: Test requires module 'IO::Handle::Util' but it's not found
t/delayed.t ......... ok
t/furl.t ............ skipped: Test requires module 'Furl' but it's not found
t/streaming.t ....... ok
t/vary.t ............ skipped: Test requires module 'IO::Handle::Util' but it's not found
t/xno-compress.t .... skipped: Test requires module 'IO::Handle::Util' but it's not found
t/xskip-deflater.t .. skipped: Test requires module 'IO::Handle::Util' but it's not found
All tests successful.
Files=9, Tests=13,  2 wallclock secs ( 0.06 usr  0.04 sys +  0.98 cusr  0.81 csys =  1.89 CPU)
Result: PASS
installing
install flags: SHELL=/nix/store/9fqwwd4iybmhjqyxiaxycknslw6bgwh1-bash-4.4-p23/bin/bash pkgconfigdir=/nix/store/avkbqq3in51j212iwq5jf45pm03qw5l7-perl5.32.0-Plack-Middleware-Deflater-0.12/lib/pkgconfig m4datadir=/nix/store/avkbqq3in51j212iwq5jf45pm03qw5l7-perl5.32.0-Plack-Middleware-Deflater-0.12/share/aclocal aclocaldir=/nix/store/avkbqq3in51j212iwq5jf45pm03qw5l7-perl5.32.0-Plack-Middleware-Deflater-0.12/share/aclocal install
Manifying 1 pod document
Installing /nix/store/avkbqq3in51j212iwq5jf45pm03qw5l7-perl5.32.0-Plack-Middleware-Deflater-0.12/lib/perl5/site_perl/5.32.0/Plack/Middleware/Deflater.pm
Installing /nix/store/avkbqq3in51j212iwq5jf45pm03qw5l7-perl5.32.0-Plack-Middleware-Deflater-0.12/share/man/man3/Plack::Middleware::Deflater.3
Appending installation info to /nix/store/avkbqq3in51j212iwq5jf45pm03qw5l7-perl5.32.0-Plack-Middleware-Deflater-0.12/lib/perl5/5.32.0/x86_64-linux-thread-multi/perllocal.pod
post-installation fixup
Moving /nix/store/avkbqq3in51j212iwq5jf45pm03qw5l7-perl5.32.0-Plack-Middleware-Deflater-0.12/share/man/man3 to /nix/store/gf4j9vhvkrs6vyi5c02wlgkfajvz7swc-perl5.32.0-Plack-Middleware-Deflater-0.12-devdoc/share/man/man3
Removing empty /nix/store/avkbqq3in51j212iwq5jf45pm03qw5l7-perl5.32.0-Plack-Middleware-Deflater-0.12/share/man/ and (possibly) its parents
shrinking RPATHs of ELF executables and libraries in /nix/store/avkbqq3in51j212iwq5jf45pm03qw5l7-perl5.32.0-Plack-Middleware-Deflater-0.12
strip is /nix/store/psyzbhp4p088sb9qcs378hfbslcalasl-binutils-2.31.1/bin/strip
stripping (with command strip and flags -S) in /nix/store/avkbqq3in51j212iwq5jf45pm03qw5l7-perl5.32.0-Plack-Middleware-Deflater-0.12/lib
patching script interpreter paths in /nix/store/avkbqq3in51j212iwq5jf45pm03qw5l7-perl5.32.0-Plack-Middleware-Deflater-0.12
checking for references to /build/ in /nix/store/avkbqq3in51j212iwq5jf45pm03qw5l7-perl5.32.0-Plack-Middleware-Deflater-0.12...
shrinking RPATHs of ELF executables and libraries in /nix/store/gf4j9vhvkrs6vyi5c02wlgkfajvz7swc-perl5.32.0-Plack-Middleware-Deflater-0.12-devdoc
gzipping man pages under /nix/store/gf4j9vhvkrs6vyi5c02wlgkfajvz7swc-perl5.32.0-Plack-Middleware-Deflater-0.12-devdoc/share/man/
strip is /nix/store/psyzbhp4p088sb9qcs378hfbslcalasl-binutils-2.31.1/bin/strip
patching script interpreter paths in /nix/store/gf4j9vhvkrs6vyi5c02wlgkfajvz7swc-perl5.32.0-Plack-Middleware-Deflater-0.12-devdoc
checking for references to /build/ in /nix/store/gf4j9vhvkrs6vyi5c02wlgkfajvz7swc-perl5.32.0-Plack-Middleware-Deflater-0.12-devdoc...
/nix/store/avkbqq3in51j212iwq5jf45pm03qw5l7-perl5.32.0-Plack-Middleware-Deflater-0.12
