these derivations will be built:
  /nix/store/8phn87xgy9d345pizd8a75xwq1grkd7v-perl5.32.0-Regexp-Parser-0.23.drv
these paths will be fetched (0.04 MiB download, 0.04 MiB unpacked):
  /nix/store/bqfbgw20f3696pyg9gaz8p2lx2m6dy80-Regexp-Parser-0.23.tar.gz
copying path '/nix/store/bqfbgw20f3696pyg9gaz8p2lx2m6dy80-Regexp-Parser-0.23.tar.gz' from 'https://cache.nixos.org'...
building '/nix/store/8phn87xgy9d345pizd8a75xwq1grkd7v-perl5.32.0-Regexp-Parser-0.23.drv'...
unpacking sources
unpacking source archive /nix/store/bqfbgw20f3696pyg9gaz8p2lx2m6dy80-Regexp-Parser-0.23.tar.gz
source root is Regexp-Parser-0.23
setting SOURCE_DATE_EPOCH to timestamp 1579498561 of file Regexp-Parser-0.23/META.yml
patching sources
configuring
Checking if your kit is complete...
Looks good
Generating a Unix-style Makefile
Writing Makefile for Regexp::Parser
Writing MYMETA.yml and MYMETA.json
no configure script, doing nothing
building
build flags: SHELL=/nix/store/9fqwwd4iybmhjqyxiaxycknslw6bgwh1-bash-4.4-p23/bin/bash
cp lib/Regexp/Parser/Objects.pm blib/lib/Regexp/Parser/Objects.pm
cp lib/Perl6/Rule/Parser.pm blib/lib/Perl6/Rule/Parser.pm
cp lib/Regexp/Parser/Handlers.pm blib/lib/Regexp/Parser/Handlers.pm
cp lib/Regexp/Parser/Diagnostics.pm blib/lib/Regexp/Parser/Diagnostics.pm
cp lib/Regexp/Parser.pm blib/lib/Regexp/Parser.pm
Manifying 3 pod documents
running tests
check flags: SHELL=/nix/store/9fqwwd4iybmhjqyxiaxycknslw6bgwh1-bash-4.4-p23/bin/bash VERBOSE=y test
PERL_DL_NONLAZY=1 "/nix/store/7c044di03qa7qgr5kjjc2d787aspzp0m-perl-5.32.0/bin/perl" "-MExtUtils::Command::MM" "-MTest::Harness" "-e" "undef *Test::Harness::Switches; test_harness(0, 'blib/lib', 'blib/arch')" t/*.t
t/01simple.t .... ok
t/02subclass.t .. ok
t/03walker.t .... ok
t/04cond.t ...... ok
t/05opens.t ..... ok
t/06cclass.t .... ok
t/07flags.t ..... ok
t/99misc.t ...... ok
All tests successful.
Files=8, Tests=200,  1 wallclock secs ( 0.05 usr  0.01 sys +  0.31 cusr  0.04 csys =  0.41 CPU)
Result: PASS
installing
install flags: SHELL=/nix/store/9fqwwd4iybmhjqyxiaxycknslw6bgwh1-bash-4.4-p23/bin/bash pkgconfigdir=/nix/store/fl2h6j6l3g0rl17p9fkh95i6xrph8hah-perl5.32.0-Regexp-Parser-0.23/lib/pkgconfig m4datadir=/nix/store/fl2h6j6l3g0rl17p9fkh95i6xrph8hah-perl5.32.0-Regexp-Parser-0.23/share/aclocal aclocaldir=/nix/store/fl2h6j6l3g0rl17p9fkh95i6xrph8hah-perl5.32.0-Regexp-Parser-0.23/share/aclocal install
Manifying 3 pod documents
Installing /nix/store/fl2h6j6l3g0rl17p9fkh95i6xrph8hah-perl5.32.0-Regexp-Parser-0.23/lib/perl5/site_perl/5.32.0/Regexp/Parser.pm
Installing /nix/store/fl2h6j6l3g0rl17p9fkh95i6xrph8hah-perl5.32.0-Regexp-Parser-0.23/lib/perl5/site_perl/5.32.0/Regexp/Parser/Objects.pm
Installing /nix/store/fl2h6j6l3g0rl17p9fkh95i6xrph8hah-perl5.32.0-Regexp-Parser-0.23/lib/perl5/site_perl/5.32.0/Regexp/Parser/Diagnostics.pm
Installing /nix/store/fl2h6j6l3g0rl17p9fkh95i6xrph8hah-perl5.32.0-Regexp-Parser-0.23/lib/perl5/site_perl/5.32.0/Regexp/Parser/Handlers.pm
Installing /nix/store/fl2h6j6l3g0rl17p9fkh95i6xrph8hah-perl5.32.0-Regexp-Parser-0.23/lib/perl5/site_perl/5.32.0/Perl6/Rule/Parser.pm
Installing /nix/store/fl2h6j6l3g0rl17p9fkh95i6xrph8hah-perl5.32.0-Regexp-Parser-0.23/share/man/man3/Regexp::Parser::Handlers.3
Installing /nix/store/fl2h6j6l3g0rl17p9fkh95i6xrph8hah-perl5.32.0-Regexp-Parser-0.23/share/man/man3/Regexp::Parser::Objects.3
Installing /nix/store/fl2h6j6l3g0rl17p9fkh95i6xrph8hah-perl5.32.0-Regexp-Parser-0.23/share/man/man3/Regexp::Parser.3
Appending installation info to /nix/store/fl2h6j6l3g0rl17p9fkh95i6xrph8hah-perl5.32.0-Regexp-Parser-0.23/lib/perl5/5.32.0/x86_64-linux-thread-multi/perllocal.pod
post-installation fixup
Moving /nix/store/fl2h6j6l3g0rl17p9fkh95i6xrph8hah-perl5.32.0-Regexp-Parser-0.23/share/man/man3 to /nix/store/vwlizvjspf3k72hqg1ppgxrr5qnx41qk-perl5.32.0-Regexp-Parser-0.23-devdoc/share/man/man3
Removing empty /nix/store/fl2h6j6l3g0rl17p9fkh95i6xrph8hah-perl5.32.0-Regexp-Parser-0.23/share/man/ and (possibly) its parents
shrinking RPATHs of ELF executables and libraries in /nix/store/fl2h6j6l3g0rl17p9fkh95i6xrph8hah-perl5.32.0-Regexp-Parser-0.23
strip is /nix/store/psyzbhp4p088sb9qcs378hfbslcalasl-binutils-2.31.1/bin/strip
stripping (with command strip and flags -S) in /nix/store/fl2h6j6l3g0rl17p9fkh95i6xrph8hah-perl5.32.0-Regexp-Parser-0.23/lib
patching script interpreter paths in /nix/store/fl2h6j6l3g0rl17p9fkh95i6xrph8hah-perl5.32.0-Regexp-Parser-0.23
checking for references to /build/ in /nix/store/fl2h6j6l3g0rl17p9fkh95i6xrph8hah-perl5.32.0-Regexp-Parser-0.23...
shrinking RPATHs of ELF executables and libraries in /nix/store/vwlizvjspf3k72hqg1ppgxrr5qnx41qk-perl5.32.0-Regexp-Parser-0.23-devdoc
gzipping man pages under /nix/store/vwlizvjspf3k72hqg1ppgxrr5qnx41qk-perl5.32.0-Regexp-Parser-0.23-devdoc/share/man/
strip is /nix/store/psyzbhp4p088sb9qcs378hfbslcalasl-binutils-2.31.1/bin/strip
patching script interpreter paths in /nix/store/vwlizvjspf3k72hqg1ppgxrr5qnx41qk-perl5.32.0-Regexp-Parser-0.23-devdoc
checking for references to /build/ in /nix/store/vwlizvjspf3k72hqg1ppgxrr5qnx41qk-perl5.32.0-Regexp-Parser-0.23-devdoc...
/nix/store/fl2h6j6l3g0rl17p9fkh95i6xrph8hah-perl5.32.0-Regexp-Parser-0.23
