these derivations will be built:
  /nix/store/gqbjglsiclirflq59wdcc61dqflk4iy1-perl5.32.0-Safe-Hole-0.14.drv
these paths will be fetched (0.02 MiB download, 0.02 MiB unpacked):
  /nix/store/xqv7fi9lvzn9dj1sgxf75rb16x2w48rg-Safe-Hole-0.14.tar.gz
copying path '/nix/store/xqv7fi9lvzn9dj1sgxf75rb16x2w48rg-Safe-Hole-0.14.tar.gz' from 'https://cache.nixos.org'...
building '/nix/store/gqbjglsiclirflq59wdcc61dqflk4iy1-perl5.32.0-Safe-Hole-0.14.drv'...
unpacking sources
unpacking source archive /nix/store/xqv7fi9lvzn9dj1sgxf75rb16x2w48rg-Safe-Hole-0.14.tar.gz
source root is Safe-Hole-0.14
setting SOURCE_DATE_EPOCH to timestamp 1523656124 of file Safe-Hole-0.14/t/99-pod.t
patching sources
configuring
patching ./t/99-pod.t...
patching ./t/00-load.t...
no configure script, doing nothing
building
Created MYMETA.yml and MYMETA.json
Creating new 'Build' script for 'Safe-Hole' version '0.14'
Building Safe-Hole
gcc -I/nix/store/7c044di03qa7qgr5kjjc2d787aspzp0m-perl-5.32.0/lib/perl5/5.32.0/x86_64-linux-thread-multi/CORE -DVERSION="0.14" -DXS_VERSION="0.14" -fPIC -c -D_REENTRANT -D_GNU_SOURCE -fwrapv -fno-strict-aliasing -pipe -fstack-protector-strong -I/no-such-path/include -D_LARGEFILE_SOURCE -D_FILE_OFFSET_BITS=64 -O2 -o lib/Safe/Hole.o lib/Safe/Hole.c
ExtUtils::Mkbootstrap::Mkbootstrap('blib/arch/auto/Safe/Hole/Hole.bs')
ld -shared -O2 -L/nix/store/68pw3wxwkrx0rwzjifm7g1jxy5g2sg1p-glibc-2.31/lib -fstack-protector-strong -o blib/arch/auto/Safe/Hole/Hole.so lib/Safe/Hole.o
running tests
t/00-load.t .......... 1/1 # Testing Safe::Hole 0.14, Perl 5.032000, /nix/store/7c044di03qa7qgr5kjjc2d787aspzp0m-perl-5.32.0/bin/perl
t/00-load.t .......... ok
t/01-hole.t .......... ok
t/98-pod-coverage.t .. skipped: Test::Pod::Coverage 1.08 required for testing POD coverage
t/99-pod.t ........... skipped: Test::Pod 1.22 required for testing POD
All tests successful.
Files=4, Tests=34,  0 wallclock secs ( 0.02 usr  0.01 sys +  0.20 cusr  0.05 csys =  0.28 CPU)
Result: PASS
installing
Building Safe-Hole
Files found in blib/arch: installing files in blib/lib into architecture dependent library tree
Installing /nix/store/wk9iw6hi3svsmdcx2cv11xq68vbij1f8-perl5.32.0-Safe-Hole-0.14/lib/perl5/site_perl/5.32.0/x86_64-linux-thread-multi/auto/Safe/Hole/Hole.so
Installing /nix/store/wk9iw6hi3svsmdcx2cv11xq68vbij1f8-perl5.32.0-Safe-Hole-0.14/lib/perl5/site_perl/5.32.0/x86_64-linux-thread-multi/auto/Safe/Hole/Hole.bs
Installing /nix/store/wk9iw6hi3svsmdcx2cv11xq68vbij1f8-perl5.32.0-Safe-Hole-0.14/lib/perl5/site_perl/5.32.0/x86_64-linux-thread-multi/Safe/Hole.pm
Installing /nix/store/wk9iw6hi3svsmdcx2cv11xq68vbij1f8-perl5.32.0-Safe-Hole-0.14/share/man/man3/Safe::Hole.3
post-installation fixup
Moving /nix/store/wk9iw6hi3svsmdcx2cv11xq68vbij1f8-perl5.32.0-Safe-Hole-0.14/share/man/man3 to /nix/store/7iz6jx5k5v9ip7cvb2qcf36fp668ql4a-perl5.32.0-Safe-Hole-0.14-devdoc/share/man/man3
Removing empty /nix/store/wk9iw6hi3svsmdcx2cv11xq68vbij1f8-perl5.32.0-Safe-Hole-0.14/share/man/ and (possibly) its parents
shrinking RPATHs of ELF executables and libraries in /nix/store/wk9iw6hi3svsmdcx2cv11xq68vbij1f8-perl5.32.0-Safe-Hole-0.14
shrinking /nix/store/wk9iw6hi3svsmdcx2cv11xq68vbij1f8-perl5.32.0-Safe-Hole-0.14/lib/perl5/site_perl/5.32.0/x86_64-linux-thread-multi/auto/Safe/Hole/Hole.so
strip is /nix/store/psyzbhp4p088sb9qcs378hfbslcalasl-binutils-2.31.1/bin/strip
stripping (with command strip and flags -S) in /nix/store/wk9iw6hi3svsmdcx2cv11xq68vbij1f8-perl5.32.0-Safe-Hole-0.14/lib
patching script interpreter paths in /nix/store/wk9iw6hi3svsmdcx2cv11xq68vbij1f8-perl5.32.0-Safe-Hole-0.14
checking for references to /build/ in /nix/store/wk9iw6hi3svsmdcx2cv11xq68vbij1f8-perl5.32.0-Safe-Hole-0.14...
shrinking RPATHs of ELF executables and libraries in /nix/store/7iz6jx5k5v9ip7cvb2qcf36fp668ql4a-perl5.32.0-Safe-Hole-0.14-devdoc
gzipping man pages under /nix/store/7iz6jx5k5v9ip7cvb2qcf36fp668ql4a-perl5.32.0-Safe-Hole-0.14-devdoc/share/man/
strip is /nix/store/psyzbhp4p088sb9qcs378hfbslcalasl-binutils-2.31.1/bin/strip
patching script interpreter paths in /nix/store/7iz6jx5k5v9ip7cvb2qcf36fp668ql4a-perl5.32.0-Safe-Hole-0.14-devdoc
checking for references to /build/ in /nix/store/7iz6jx5k5v9ip7cvb2qcf36fp668ql4a-perl5.32.0-Safe-Hole-0.14-devdoc...
/nix/store/wk9iw6hi3svsmdcx2cv11xq68vbij1f8-perl5.32.0-Safe-Hole-0.14
