these derivations will be built:
  /nix/store/34q6bgxvbjl4sj65kznsvmpzri1b3p0k-perl5.32.0-Sereal-4.014.drv
these paths will be fetched (0.19 MiB download, 0.19 MiB unpacked):
  /nix/store/psc2l5bcm0ap0n5fqx7w61jcgmj9sddw-Sereal-4.014.tar.gz
copying path '/nix/store/psc2l5bcm0ap0n5fqx7w61jcgmj9sddw-Sereal-4.014.tar.gz' from 'https://cache.nixos.org'...
building '/nix/store/34q6bgxvbjl4sj65kznsvmpzri1b3p0k-perl5.32.0-Sereal-4.014.drv'...
unpacking sources
unpacking source archive /nix/store/psc2l5bcm0ap0n5fqx7w61jcgmj9sddw-Sereal-4.014.tar.gz
source root is Sereal-4.014
setting SOURCE_DATE_EPOCH to timestamp 1591894091 of file Sereal-4.014/MANIFEST
patching sources
configuring
patching ./t/004_testset.t...
patching ./t/060_each.t...
patching ./t/110_nobless.t...
patching ./t/200_bulk.t...
patching ./t/120_hdr_data.t...
patching ./t/021_sort_keys_option.t...
patching ./t/900_regr_issue_15.t...
patching ./t/010_desperate.t...
patching ./t/400_evil.t...
patching ./t/030_canonical_vs_test_deep.t...
patching ./t/022_canonical_refs.t...
patching ./t/001_load.t...
patching ./t/300_fail.t...
patching ./t/006_sereal_file.t...
patching ./t/130_freezethaw.t...
patching ./t/160_recursion.t...
patching ./t/030_looks_like_sereal.t...
patching ./t/300_overload.t...
patching ./t/002_export.t...
patching ./t/210_bulk_readonly.t...
patching ./t/150_dec_exception.t...
patching ./t/011_aliased_dedupe.t...
patching ./t/002_constants.t...
patching ./t/500_utf8decoding.t...
patching ./t/902_bad_input.t...
patching ./t/400_utf8validate.t...
patching ./t/003_ptable.t...
patching ./t/900_reentrancy.t...
patching ./t/003_basic.t...
patching ./t/800_threads.t...
patching ./t/700_roundtrip/v4/sort_keys_perl_rev.t...
patching ./t/700_roundtrip/v4/sort_keys_perl.t...
patching ./t/700_roundtrip/v4/freeze_thaw.t...
patching ./t/700_roundtrip/v4/snappy_canon.t...
patching ./t/700_roundtrip/v4/zstd.t...
patching ./t/700_roundtrip/v4/zlib.t...
patching ./t/700_roundtrip/v4/sort_keys.t...
patching ./t/700_roundtrip/v4/zlib_force.t...
patching ./t/700_roundtrip/v4/dedudep_strings.t...
patching ./t/700_roundtrip/v4/snappy.t...
patching ./t/700_roundtrip/v4/readonly.t...
patching ./t/700_roundtrip/v4/snappy_and_warn_unknown.t...
patching ./t/700_roundtrip/v4/plain.t...
patching ./t/700_roundtrip/v4/plain_canon.t...
patching ./t/700_roundtrip/v4/snappy_incr.t...
patching ./t/700_roundtrip/v4/snappy_incr_canon.t...
patching ./t/700_roundtrip/v4/zstd_force.t...
patching ./t/700_roundtrip/v2/freeze_thaw.t...
patching ./t/700_roundtrip/v2/snappy_canon.t...
patching ./t/700_roundtrip/v2/sort_keys.t...
patching ./t/700_roundtrip/v2/dedudep_strings.t...
patching ./t/700_roundtrip/v2/snappy.t...
patching ./t/700_roundtrip/v2/readonly.t...
patching ./t/700_roundtrip/v2/plain.t...
patching ./t/700_roundtrip/v2/plain_canon.t...
patching ./t/700_roundtrip/v2/snappy_incr.t...
patching ./t/700_roundtrip/v2/snappy_incr_canon.t...
patching ./t/700_roundtrip/v1/snappy_canon.t...
patching ./t/700_roundtrip/v1/snappy.t...
patching ./t/700_roundtrip/v1/plain.t...
patching ./t/700_roundtrip/v1/plain_canon.t...
patching ./t/700_roundtrip/v3/sort_keys_perl_rev.t...
patching ./t/700_roundtrip/v3/sort_keys_perl.t...
patching ./t/700_roundtrip/v3/freeze_thaw.t...
patching ./t/700_roundtrip/v3/snappy_canon.t...
patching ./t/700_roundtrip/v3/zlib.t...
patching ./t/700_roundtrip/v3/sort_keys.t...
patching ./t/700_roundtrip/v3/zlib_force.t...
patching ./t/700_roundtrip/v3/dedudep_strings.t...
patching ./t/700_roundtrip/v3/snappy.t...
patching ./t/700_roundtrip/v3/readonly.t...
patching ./t/700_roundtrip/v3/plain.t...
patching ./t/700_roundtrip/v3/plain_canon.t...
patching ./t/700_roundtrip/v3/snappy_incr.t...
patching ./t/700_roundtrip/v3/snappy_incr_canon.t...
patching ./t/020_incremental.t...
patching ./t/901_regr_segv.t...
patching ./t/020_sort_keys.t...
Checking if your kit is complete...
Looks good
Generating a Unix-style Makefile
Writing Makefile for Sereal
Writing MYMETA.yml and MYMETA.json
no configure script, doing nothing
building
build flags: SHELL=/nix/store/9fqwwd4iybmhjqyxiaxycknslw6bgwh1-bash-4.4-p23/bin/bash
cp lib/Sereal.pm blib/lib/Sereal.pm
Manifying 1 pod document
running tests
check flags: SHELL=/nix/store/9fqwwd4iybmhjqyxiaxycknslw6bgwh1-bash-4.4-p23/bin/bash VERBOSE=y test
PERL_DL_NONLAZY=1 "/nix/store/7c044di03qa7qgr5kjjc2d787aspzp0m-perl-5.32.0/bin/perl" "-MExtUtils::Command::MM" "-MTest::Harness" "-e" "undef *Test::Harness::Switches; test_harness(0, 'blib/lib', 'blib/arch')" t/*.t t/*/*/*.t
t/001_load.t .................................. ok
t/002_constants.t ............................. ok
t/002_export.t ................................ ok
t/002_have_enc_and_dec.t ...................... # Testing with both encoder and decoder.
# Sereal::Decoder v4.014
# Sereal::Encoder v4.014
t/002_have_enc_and_dec.t ...................... ok
t/003_basic.t ................................. ok
t/003_ptable.t ................................ ok
t/004_testset.t ............................... ok
t/005_flags.t ................................. ok
t/006_sereal_file.t ........................... ok
t/010_desperate.t ............................. ok
t/011_aliased_dedupe.t ........................ ok
t/020_incremental.t ........................... ok
t/020_sort_keys.t ............................. ok
t/021_sort_keys_option.t ...................... ok
t/022_canonical_refs.t ........................ ok
t/030_canonical_vs_test_deep.t ................ ok
t/030_looks_like_sereal.t ..................... ok
t/040_special_vars.t .......................... ok
t/040_tied_hash.t ............................. ok
t/060_each.t .................................. ok
t/070_alias_options.t ......................... ok
t/080_set_readonly.t .......................... ok
t/110_nobless.t ............................... ok
t/120_hdr_data.t .............................. ok
t/130_freezethaw.t ............................ ok
t/150_dec_exception.t ......................... ok
t/160_recursion.t ............................. ok
t/170_cyclic_weakrefs.t ....................... ok
t/200_bulk.t .................................. ok
t/210_bulk_readonly.t ......................... ok
t/300_fail.t .................................. ok
t/300_overload.t .............................. ok
t/400_evil.t .................................. ok
t/400_utf8validate.t .......................... ok
t/500_utf8decoding.t .......................... ok
t/550_decode_into.t ........................... ok
t/700_roundtrip/v1/plain.t .................... ok
t/700_roundtrip/v1/plain_canon.t .............. ok
t/700_roundtrip/v1/snappy.t ................... ok
t/700_roundtrip/v1/snappy_canon.t ............. ok
t/700_roundtrip/v2/dedudep_strings.t .......... ok
t/700_roundtrip/v2/freeze_thaw.t .............. ok
t/700_roundtrip/v2/plain.t .................... ok
t/700_roundtrip/v2/plain_canon.t .............. ok
t/700_roundtrip/v2/readonly.t ................. ok
t/700_roundtrip/v2/snappy.t ................... ok
t/700_roundtrip/v2/snappy_canon.t ............. ok
t/700_roundtrip/v2/snappy_incr.t .............. ok
t/700_roundtrip/v2/snappy_incr_canon.t ........ ok
t/700_roundtrip/v2/sort_keys.t ................ ok
t/700_roundtrip/v3/dedudep_strings.t .......... ok
t/700_roundtrip/v3/freeze_thaw.t .............. ok
t/700_roundtrip/v3/plain.t .................... ok
t/700_roundtrip/v3/plain_canon.t .............. ok
t/700_roundtrip/v3/readonly.t ................. ok
t/700_roundtrip/v3/snappy.t ................... ok
t/700_roundtrip/v3/snappy_canon.t ............. ok
t/700_roundtrip/v3/snappy_incr.t .............. ok
t/700_roundtrip/v3/snappy_incr_canon.t ........ ok
t/700_roundtrip/v3/sort_keys.t ................ ok
t/700_roundtrip/v3/sort_keys_perl.t ........... ok
t/700_roundtrip/v3/sort_keys_perl_rev.t ....... ok
t/700_roundtrip/v3/zlib.t ..................... ok
t/700_roundtrip/v3/zlib_force.t ............... ok
t/700_roundtrip/v4/dedudep_strings.t .......... ok
t/700_roundtrip/v4/freeze_thaw.t .............. ok
t/700_roundtrip/v4/plain.t .................... ok
t/700_roundtrip/v4/plain_canon.t .............. ok
t/700_roundtrip/v4/readonly.t ................. ok
t/700_roundtrip/v4/snappy.t ................... ok
t/700_roundtrip/v4/snappy_and_warn_unknown.t .. ok
t/700_roundtrip/v4/snappy_canon.t ............. ok
t/700_roundtrip/v4/snappy_incr.t .............. ok
t/700_roundtrip/v4/snappy_incr_canon.t ........ ok
t/700_roundtrip/v4/sort_keys.t ................ ok
t/700_roundtrip/v4/sort_keys_perl.t ........... ok
t/700_roundtrip/v4/sort_keys_perl_rev.t ....... ok
t/700_roundtrip/v4/zlib.t ..................... ok
t/700_roundtrip/v4/zlib_force.t ............... ok
t/700_roundtrip/v4/zstd.t ..................... ok
t/700_roundtrip/v4/zstd_force.t ............... ok
t/800_threads.t ............................... ok
t/900_reentrancy.t ............................ ok
t/900_regr_issue_15.t ......................... ok
t/901_regr_segv.t ............................. ok
t/902_bad_input.t ............................. ok
t/903_reentrancy.t ............................ ok
All tests successful.
Files=87, Tests=296873, 103 wallclock secs (25.22 usr  1.57 sys + 99.09 cusr  3.53 csys = 129.41 CPU)
Result: PASS
installing
install flags: SHELL=/nix/store/9fqwwd4iybmhjqyxiaxycknslw6bgwh1-bash-4.4-p23/bin/bash pkgconfigdir=/nix/store/b54sbw1542j7bv1381vg3irwfpaaaj4n-perl5.32.0-Sereal-4.014/lib/pkgconfig m4datadir=/nix/store/b54sbw1542j7bv1381vg3irwfpaaaj4n-perl5.32.0-Sereal-4.014/share/aclocal aclocaldir=/nix/store/b54sbw1542j7bv1381vg3irwfpaaaj4n-perl5.32.0-Sereal-4.014/share/aclocal install
Manifying 1 pod document
Installing /nix/store/b54sbw1542j7bv1381vg3irwfpaaaj4n-perl5.32.0-Sereal-4.014/lib/perl5/site_perl/5.32.0/Sereal.pm
Installing /nix/store/b54sbw1542j7bv1381vg3irwfpaaaj4n-perl5.32.0-Sereal-4.014/share/man/man3/Sereal.3
Appending installation info to /nix/store/b54sbw1542j7bv1381vg3irwfpaaaj4n-perl5.32.0-Sereal-4.014/lib/perl5/5.32.0/x86_64-linux-thread-multi/perllocal.pod
post-installation fixup
Moving /nix/store/b54sbw1542j7bv1381vg3irwfpaaaj4n-perl5.32.0-Sereal-4.014/share/man/man3 to /nix/store/f14rf0p926gba93ayibv843j7i17dils-perl5.32.0-Sereal-4.014-devdoc/share/man/man3
Removing empty /nix/store/b54sbw1542j7bv1381vg3irwfpaaaj4n-perl5.32.0-Sereal-4.014/share/man/ and (possibly) its parents
shrinking RPATHs of ELF executables and libraries in /nix/store/b54sbw1542j7bv1381vg3irwfpaaaj4n-perl5.32.0-Sereal-4.014
strip is /nix/store/psyzbhp4p088sb9qcs378hfbslcalasl-binutils-2.31.1/bin/strip
stripping (with command strip and flags -S) in /nix/store/b54sbw1542j7bv1381vg3irwfpaaaj4n-perl5.32.0-Sereal-4.014/lib
patching script interpreter paths in /nix/store/b54sbw1542j7bv1381vg3irwfpaaaj4n-perl5.32.0-Sereal-4.014
checking for references to /build/ in /nix/store/b54sbw1542j7bv1381vg3irwfpaaaj4n-perl5.32.0-Sereal-4.014...
shrinking RPATHs of ELF executables and libraries in /nix/store/f14rf0p926gba93ayibv843j7i17dils-perl5.32.0-Sereal-4.014-devdoc
gzipping man pages under /nix/store/f14rf0p926gba93ayibv843j7i17dils-perl5.32.0-Sereal-4.014-devdoc/share/man/
strip is /nix/store/psyzbhp4p088sb9qcs378hfbslcalasl-binutils-2.31.1/bin/strip
patching script interpreter paths in /nix/store/f14rf0p926gba93ayibv843j7i17dils-perl5.32.0-Sereal-4.014-devdoc
checking for references to /build/ in /nix/store/f14rf0p926gba93ayibv843j7i17dils-perl5.32.0-Sereal-4.014-devdoc...
/nix/store/b54sbw1542j7bv1381vg3irwfpaaaj4n-perl5.32.0-Sereal-4.014
