these derivations will be built:
  /nix/store/k42djkrn34vl4wdvjq6zjs6zm4b03mx8-perl5.32.0-Session-Token-1.503.drv
these paths will be fetched (0.02 MiB download, 0.02 MiB unpacked):
  /nix/store/d19wmb30vpz5xjq344w33lgj9a3iqjqa-Session-Token-1.503.tar.gz
copying path '/nix/store/d19wmb30vpz5xjq344w33lgj9a3iqjqa-Session-Token-1.503.tar.gz' from 'https://cache.nixos.org'...
building '/nix/store/k42djkrn34vl4wdvjq6zjs6zm4b03mx8-perl5.32.0-Session-Token-1.503.drv'...
unpacking sources
unpacking source archive /nix/store/d19wmb30vpz5xjq344w33lgj9a3iqjqa-Session-Token-1.503.tar.gz
source root is Session-Token-1.503
setting SOURCE_DATE_EPOCH to timestamp 1471445548 of file Session-Token-1.503/README
patching sources
configuring
Checking if your kit is complete...
Looks good
Generating a Unix-style Makefile
Writing Makefile for Session::Token
Writing MYMETA.yml and MYMETA.json
no configure script, doing nothing
building
build flags: SHELL=/nix/store/9fqwwd4iybmhjqyxiaxycknslw6bgwh1-bash-4.4-p23/bin/bash
cp lib/Session/Token.pm blib/lib/Session/Token.pm
Running Mkbootstrap for Token ()
chmod 644 "Token.bs"
"/nix/store/7c044di03qa7qgr5kjjc2d787aspzp0m-perl-5.32.0/bin/perl" -MExtUtils::Command::MM -e 'cp_nonempty' -- Token.bs blib/arch/auto/Session/Token/Token.bs 644
"/nix/store/7c044di03qa7qgr5kjjc2d787aspzp0m-perl-5.32.0/bin/perl" "/nix/store/7c044di03qa7qgr5kjjc2d787aspzp0m-perl-5.32.0/lib/perl5/5.32.0/ExtUtils/xsubpp"  -typemap '/nix/store/7c044di03qa7qgr5kjjc2d787aspzp0m-perl-5.32.0/lib/perl5/5.32.0/ExtUtils/typemap' -typemap '/build/Session-Token-1.503/typemap'  Token.xs > Token.xsc
mv Token.xsc Token.c
cc -c  -I. -D_REENTRANT -D_GNU_SOURCE -fwrapv -fno-strict-aliasing -pipe -fstack-protector-strong -I/no-such-path/include -D_LARGEFILE_SOURCE -D_FILE_OFFSET_BITS=64 -O2   -DVERSION=\"1.503\" -DXS_VERSION=\"1.503\" -fPIC "-I/nix/store/7c044di03qa7qgr5kjjc2d787aspzp0m-perl-5.32.0/lib/perl5/5.32.0/x86_64-linux-thread-multi/CORE"   Token.c
cc -c  -I. -D_REENTRANT -D_GNU_SOURCE -fwrapv -fno-strict-aliasing -pipe -fstack-protector-strong -I/no-such-path/include -D_LARGEFILE_SOURCE -D_FILE_OFFSET_BITS=64 -O2   -DVERSION=\"1.503\" -DXS_VERSION=\"1.503\" -fPIC "-I/nix/store/7c044di03qa7qgr5kjjc2d787aspzp0m-perl-5.32.0/lib/perl5/5.32.0/x86_64-linux-thread-multi/CORE"   randport.c
rm -f blib/arch/auto/Session/Token/Token.so
cc  -shared -O2 -L/nix/store/68pw3wxwkrx0rwzjifm7g1jxy5g2sg1p-glibc-2.31/lib -fstack-protector-strong  Token.o randport.o  -o blib/arch/auto/Session/Token/Token.so  \
      \

chmod 755 blib/arch/auto/Session/Token/Token.so
Manifying 1 pod document
running tests
check flags: SHELL=/nix/store/9fqwwd4iybmhjqyxiaxycknslw6bgwh1-bash-4.4-p23/bin/bash VERBOSE=y test
"/nix/store/7c044di03qa7qgr5kjjc2d787aspzp0m-perl-5.32.0/bin/perl" -MExtUtils::Command::MM -e 'cp_nonempty' -- Token.bs blib/arch/auto/Session/Token/Token.bs 644
PERL_DL_NONLAZY=1 "/nix/store/7c044di03qa7qgr5kjjc2d787aspzp0m-perl-5.32.0/bin/perl" "-MExtUtils::Command::MM" "-MTest::Harness" "-e" "undef *Test::Harness::Switches; test_harness(0, 'blib/lib', 'blib/arch')" t/*.t
t/00-system.t ....... # System: linux - little endian, ILP: 4, 8, 8
t/00-system.t ....... ok
t/alphabets.t ....... ok
t/kernel-seeding.t .. ok
t/no-mod-bias.t ..... ok
t/reference.t ....... ok
t/seed-coverage.t ... ok
All tests successful.
Files=6, Tests=16,  0 wallclock secs ( 0.02 usr  0.01 sys +  0.34 cusr  0.04 csys =  0.41 CPU)
Result: PASS
installing
install flags: SHELL=/nix/store/9fqwwd4iybmhjqyxiaxycknslw6bgwh1-bash-4.4-p23/bin/bash pkgconfigdir=/nix/store/rph985flp7hyjaawi7zb4l17l9pvq8bm-perl5.32.0-Session-Token-1.503/lib/pkgconfig m4datadir=/nix/store/rph985flp7hyjaawi7zb4l17l9pvq8bm-perl5.32.0-Session-Token-1.503/share/aclocal aclocaldir=/nix/store/rph985flp7hyjaawi7zb4l17l9pvq8bm-perl5.32.0-Session-Token-1.503/share/aclocal install
"/nix/store/7c044di03qa7qgr5kjjc2d787aspzp0m-perl-5.32.0/bin/perl" -MExtUtils::Command::MM -e 'cp_nonempty' -- Token.bs blib/arch/auto/Session/Token/Token.bs 644
Manifying 1 pod document
Files found in blib/arch: installing files in blib/lib into architecture dependent library tree
Installing /nix/store/rph985flp7hyjaawi7zb4l17l9pvq8bm-perl5.32.0-Session-Token-1.503/lib/perl5/site_perl/5.32.0/x86_64-linux-thread-multi/auto/Session/Token/Token.so
Installing /nix/store/rph985flp7hyjaawi7zb4l17l9pvq8bm-perl5.32.0-Session-Token-1.503/lib/perl5/site_perl/5.32.0/x86_64-linux-thread-multi/Session/Token.pm
Installing /nix/store/rph985flp7hyjaawi7zb4l17l9pvq8bm-perl5.32.0-Session-Token-1.503/share/man/man3/Session::Token.3
Appending installation info to /nix/store/rph985flp7hyjaawi7zb4l17l9pvq8bm-perl5.32.0-Session-Token-1.503/lib/perl5/5.32.0/x86_64-linux-thread-multi/perllocal.pod
post-installation fixup
Moving /nix/store/rph985flp7hyjaawi7zb4l17l9pvq8bm-perl5.32.0-Session-Token-1.503/share/man/man3 to /nix/store/bvlwrxdb2pvd96gs6czhwla02sp2nzni-perl5.32.0-Session-Token-1.503-devdoc/share/man/man3
Removing empty /nix/store/rph985flp7hyjaawi7zb4l17l9pvq8bm-perl5.32.0-Session-Token-1.503/share/man/ and (possibly) its parents
shrinking RPATHs of ELF executables and libraries in /nix/store/rph985flp7hyjaawi7zb4l17l9pvq8bm-perl5.32.0-Session-Token-1.503
shrinking /nix/store/rph985flp7hyjaawi7zb4l17l9pvq8bm-perl5.32.0-Session-Token-1.503/lib/perl5/site_perl/5.32.0/x86_64-linux-thread-multi/auto/Session/Token/Token.so
strip is /nix/store/psyzbhp4p088sb9qcs378hfbslcalasl-binutils-2.31.1/bin/strip
stripping (with command strip and flags -S) in /nix/store/rph985flp7hyjaawi7zb4l17l9pvq8bm-perl5.32.0-Session-Token-1.503/lib
patching script interpreter paths in /nix/store/rph985flp7hyjaawi7zb4l17l9pvq8bm-perl5.32.0-Session-Token-1.503
checking for references to /build/ in /nix/store/rph985flp7hyjaawi7zb4l17l9pvq8bm-perl5.32.0-Session-Token-1.503...
shrinking RPATHs of ELF executables and libraries in /nix/store/bvlwrxdb2pvd96gs6czhwla02sp2nzni-perl5.32.0-Session-Token-1.503-devdoc
gzipping man pages under /nix/store/bvlwrxdb2pvd96gs6czhwla02sp2nzni-perl5.32.0-Session-Token-1.503-devdoc/share/man/
strip is /nix/store/psyzbhp4p088sb9qcs378hfbslcalasl-binutils-2.31.1/bin/strip
patching script interpreter paths in /nix/store/bvlwrxdb2pvd96gs6czhwla02sp2nzni-perl5.32.0-Session-Token-1.503-devdoc
checking for references to /build/ in /nix/store/bvlwrxdb2pvd96gs6czhwla02sp2nzni-perl5.32.0-Session-Token-1.503-devdoc...
/nix/store/rph985flp7hyjaawi7zb4l17l9pvq8bm-perl5.32.0-Session-Token-1.503
