these derivations will be built:
  /nix/store/5aa1f5jwfg0fljrjyivcxpr1s597ap2v-perl5.32.0-Set-Scalar-1.29.drv
these paths will be fetched (0.02 MiB download, 0.02 MiB unpacked):
  /nix/store/0cavwjva532xhc9mjqy8qqzy6llsxcqz-Set-Scalar-1.29.tar.gz
copying path '/nix/store/0cavwjva532xhc9mjqy8qqzy6llsxcqz-Set-Scalar-1.29.tar.gz' from 'https://cache.nixos.org'...
building '/nix/store/5aa1f5jwfg0fljrjyivcxpr1s597ap2v-perl5.32.0-Set-Scalar-1.29.drv'...
unpacking sources
unpacking source archive /nix/store/0cavwjva532xhc9mjqy8qqzy6llsxcqz-Set-Scalar-1.29.tar.gz
source root is Set-Scalar-1.29
setting SOURCE_DATE_EPOCH to timestamp 1395672522 of file Set-Scalar-1.29/META.yml
patching sources
configuring
Welcome to Set::Scalar!
Checking if your kit is complete...
Looks good
Generating a Unix-style Makefile
Writing Makefile for Set::Scalar
Writing MYMETA.yml and MYMETA.json
Now issue 'make' and then 'make test', and if all looks good, 'make install'.
no configure script, doing nothing
building
build flags: SHELL=/nix/store/9fqwwd4iybmhjqyxiaxycknslw6bgwh1-bash-4.4-p23/bin/bash
cp lib/Set/Scalar/Base.pm blib/lib/Set/Scalar/Base.pm
cp lib/Set/Scalar/Virtual.pm blib/lib/Set/Scalar/Virtual.pm
cp lib/Set/Scalar/Null.pm blib/lib/Set/Scalar/Null.pm
cp lib/Set/Scalar/Valued.pm blib/lib/Set/Scalar/Valued.pm
cp lib/Set/Scalar.pm blib/lib/Set/Scalar.pm
cp lib/Set/Scalar/Real.pm blib/lib/Set/Scalar/Real.pm
cp lib/Set/Scalar/ValuedUniverse.pm blib/lib/Set/Scalar/ValuedUniverse.pm
cp lib/Set/Scalar/Universe.pm blib/lib/Set/Scalar/Universe.pm
Manifying 8 pod documents
running tests
check flags: SHELL=/nix/store/9fqwwd4iybmhjqyxiaxycknslw6bgwh1-bash-4.4-p23/bin/bash VERBOSE=y test
PERL_DL_NONLAZY=1 "/nix/store/7c044di03qa7qgr5kjjc2d787aspzp0m-perl-5.32.0/bin/perl" "-MExtUtils::Command::MM" "-MTest::Harness" "-e" "undef *Test::Harness::Switches; test_harness(0, 'blib/lib', 'blib/arch')" t/*.t
t/basic.t ........... ok
t/basic_overload.t .. ok
t/boolean.t ......... ok
t/cartesian.t ....... ok
t/clear.t ........... ok
t/compare.t ......... ok
t/custom_display.t .. ok
t/difference.t ...... ok
t/each.t ............ ok
t/has.t ............. ok
t/intersection.t .... ok
t/laws.t ............ # (WARNING: this can take awhile)...
t/laws.t ............ ok
t/member.t .......... ok
t/misc.t ............ ok
t/null.t ............ ok
t/power_set.t ....... ok
t/set_set.t ......... ok
t/symmdiff.t ........ ok
t/union.t ........... ok
t/unique.t .......... ok
t/universe.t ........ ok
t/valued.t .......... ok
All tests successful.
Files=22, Tests=2652,  1 wallclock secs ( 0.25 usr  0.02 sys +  0.53 cusr  0.04 csys =  0.84 CPU)
Result: PASS
installing
install flags: SHELL=/nix/store/9fqwwd4iybmhjqyxiaxycknslw6bgwh1-bash-4.4-p23/bin/bash pkgconfigdir=/nix/store/7ahdympg1xn7i2622nlypz9nx8zq23cr-perl5.32.0-Set-Scalar-1.29/lib/pkgconfig m4datadir=/nix/store/7ahdympg1xn7i2622nlypz9nx8zq23cr-perl5.32.0-Set-Scalar-1.29/share/aclocal aclocaldir=/nix/store/7ahdympg1xn7i2622nlypz9nx8zq23cr-perl5.32.0-Set-Scalar-1.29/share/aclocal install
Manifying 8 pod documents
Installing /nix/store/7ahdympg1xn7i2622nlypz9nx8zq23cr-perl5.32.0-Set-Scalar-1.29/lib/perl5/site_perl/5.32.0/Set/Scalar.pm
Installing /nix/store/7ahdympg1xn7i2622nlypz9nx8zq23cr-perl5.32.0-Set-Scalar-1.29/lib/perl5/site_perl/5.32.0/Set/Scalar/Valued.pm
Installing /nix/store/7ahdympg1xn7i2622nlypz9nx8zq23cr-perl5.32.0-Set-Scalar-1.29/lib/perl5/site_perl/5.32.0/Set/Scalar/Universe.pm
Installing /nix/store/7ahdympg1xn7i2622nlypz9nx8zq23cr-perl5.32.0-Set-Scalar-1.29/lib/perl5/site_perl/5.32.0/Set/Scalar/ValuedUniverse.pm
Installing /nix/store/7ahdympg1xn7i2622nlypz9nx8zq23cr-perl5.32.0-Set-Scalar-1.29/lib/perl5/site_perl/5.32.0/Set/Scalar/Null.pm
Installing /nix/store/7ahdympg1xn7i2622nlypz9nx8zq23cr-perl5.32.0-Set-Scalar-1.29/lib/perl5/site_perl/5.32.0/Set/Scalar/Virtual.pm
Installing /nix/store/7ahdympg1xn7i2622nlypz9nx8zq23cr-perl5.32.0-Set-Scalar-1.29/lib/perl5/site_perl/5.32.0/Set/Scalar/Real.pm
Installing /nix/store/7ahdympg1xn7i2622nlypz9nx8zq23cr-perl5.32.0-Set-Scalar-1.29/lib/perl5/site_perl/5.32.0/Set/Scalar/Base.pm
Installing /nix/store/7ahdympg1xn7i2622nlypz9nx8zq23cr-perl5.32.0-Set-Scalar-1.29/share/man/man3/Set::Scalar::Virtual.3
Installing /nix/store/7ahdympg1xn7i2622nlypz9nx8zq23cr-perl5.32.0-Set-Scalar-1.29/share/man/man3/Set::Scalar::ValuedUniverse.3
Installing /nix/store/7ahdympg1xn7i2622nlypz9nx8zq23cr-perl5.32.0-Set-Scalar-1.29/share/man/man3/Set::Scalar.3
Installing /nix/store/7ahdympg1xn7i2622nlypz9nx8zq23cr-perl5.32.0-Set-Scalar-1.29/share/man/man3/Set::Scalar::Universe.3
Installing /nix/store/7ahdympg1xn7i2622nlypz9nx8zq23cr-perl5.32.0-Set-Scalar-1.29/share/man/man3/Set::Scalar::Base.3
Installing /nix/store/7ahdympg1xn7i2622nlypz9nx8zq23cr-perl5.32.0-Set-Scalar-1.29/share/man/man3/Set::Scalar::Null.3
Installing /nix/store/7ahdympg1xn7i2622nlypz9nx8zq23cr-perl5.32.0-Set-Scalar-1.29/share/man/man3/Set::Scalar::Real.3
Installing /nix/store/7ahdympg1xn7i2622nlypz9nx8zq23cr-perl5.32.0-Set-Scalar-1.29/share/man/man3/Set::Scalar::Valued.3
Appending installation info to /nix/store/7ahdympg1xn7i2622nlypz9nx8zq23cr-perl5.32.0-Set-Scalar-1.29/lib/perl5/5.32.0/x86_64-linux-thread-multi/perllocal.pod
post-installation fixup
Moving /nix/store/7ahdympg1xn7i2622nlypz9nx8zq23cr-perl5.32.0-Set-Scalar-1.29/share/man/man3 to /nix/store/g06hri000lap2k9wxy9wnsmi93h0rzwl-perl5.32.0-Set-Scalar-1.29-devdoc/share/man/man3
Removing empty /nix/store/7ahdympg1xn7i2622nlypz9nx8zq23cr-perl5.32.0-Set-Scalar-1.29/share/man/ and (possibly) its parents
shrinking RPATHs of ELF executables and libraries in /nix/store/7ahdympg1xn7i2622nlypz9nx8zq23cr-perl5.32.0-Set-Scalar-1.29
strip is /nix/store/psyzbhp4p088sb9qcs378hfbslcalasl-binutils-2.31.1/bin/strip
stripping (with command strip and flags -S) in /nix/store/7ahdympg1xn7i2622nlypz9nx8zq23cr-perl5.32.0-Set-Scalar-1.29/lib
patching script interpreter paths in /nix/store/7ahdympg1xn7i2622nlypz9nx8zq23cr-perl5.32.0-Set-Scalar-1.29
checking for references to /build/ in /nix/store/7ahdympg1xn7i2622nlypz9nx8zq23cr-perl5.32.0-Set-Scalar-1.29...
shrinking RPATHs of ELF executables and libraries in /nix/store/g06hri000lap2k9wxy9wnsmi93h0rzwl-perl5.32.0-Set-Scalar-1.29-devdoc
gzipping man pages under /nix/store/g06hri000lap2k9wxy9wnsmi93h0rzwl-perl5.32.0-Set-Scalar-1.29-devdoc/share/man/
strip is /nix/store/psyzbhp4p088sb9qcs378hfbslcalasl-binutils-2.31.1/bin/strip
patching script interpreter paths in /nix/store/g06hri000lap2k9wxy9wnsmi93h0rzwl-perl5.32.0-Set-Scalar-1.29-devdoc
checking for references to /build/ in /nix/store/g06hri000lap2k9wxy9wnsmi93h0rzwl-perl5.32.0-Set-Scalar-1.29-devdoc...
/nix/store/7ahdympg1xn7i2622nlypz9nx8zq23cr-perl5.32.0-Set-Scalar-1.29
