these derivations will be built:
  /nix/store/6a3ysq00by9i0a3dhxfc5if03alpccn8-perl5.32.0-Shell-Command-0.06.drv
these paths will be fetched (0.01 MiB download, 0.01 MiB unpacked):
  /nix/store/4vpam1x7mjrxr0mfwgjy2n9w828yk7rz-Shell-Command-0.06.tar.gz
copying path '/nix/store/4vpam1x7mjrxr0mfwgjy2n9w828yk7rz-Shell-Command-0.06.tar.gz' from 'https://cache.nixos.org'...
building '/nix/store/6a3ysq00by9i0a3dhxfc5if03alpccn8-perl5.32.0-Shell-Command-0.06.drv'...
unpacking sources
unpacking source archive /nix/store/4vpam1x7mjrxr0mfwgjy2n9w828yk7rz-Shell-Command-0.06.tar.gz
source root is Shell-Command-0.06
setting SOURCE_DATE_EPOCH to timestamp 1298889355 of file Shell-Command-0.06/t/shell_exit.t
patching sources
configuring
patching ./t/shell_command.t...
patching ./t/shell_exit.t...
patching ./t/release-pod-syntax.t...
Checking if your kit is complete...
Looks good
Generating a Unix-style Makefile
Writing Makefile for Shell::Command
Writing MYMETA.yml and MYMETA.json
no configure script, doing nothing
building
build flags: SHELL=/nix/store/9fqwwd4iybmhjqyxiaxycknslw6bgwh1-bash-4.4-p23/bin/bash
cp lib/Shell/Command.pm blib/lib/Shell/Command.pm
Manifying 1 pod document
running tests
check flags: SHELL=/nix/store/9fqwwd4iybmhjqyxiaxycknslw6bgwh1-bash-4.4-p23/bin/bash VERBOSE=y test
PERL_DL_NONLAZY=1 "/nix/store/7c044di03qa7qgr5kjjc2d787aspzp0m-perl-5.32.0/bin/perl" "-MExtUtils::Command::MM" "-MTest::Harness" "-e" "undef *Test::Harness::Switches; test_harness(0, 'blib/lib', 'blib/arch')" t/*.t
t/release-eol.t ......... skipped: these tests are for release candidate testing
t/release-no-tabs.t ..... skipped: these tests are for release candidate testing
t/release-pod-syntax.t .. skipped: these tests are for release candidate testing
t/shell_command.t ....... ok
t/shell_exit.t .......... ok
All tests successful.
Files=5, Tests=7,  1 wallclock secs ( 0.02 usr  0.01 sys +  0.23 cusr  0.03 csys =  0.29 CPU)
Result: PASS
installing
install flags: SHELL=/nix/store/9fqwwd4iybmhjqyxiaxycknslw6bgwh1-bash-4.4-p23/bin/bash pkgconfigdir=/nix/store/d90sgy92hp94q74hkgimnxd93zma0qmm-perl5.32.0-Shell-Command-0.06/lib/pkgconfig m4datadir=/nix/store/d90sgy92hp94q74hkgimnxd93zma0qmm-perl5.32.0-Shell-Command-0.06/share/aclocal aclocaldir=/nix/store/d90sgy92hp94q74hkgimnxd93zma0qmm-perl5.32.0-Shell-Command-0.06/share/aclocal install
Manifying 1 pod document
Installing /nix/store/d90sgy92hp94q74hkgimnxd93zma0qmm-perl5.32.0-Shell-Command-0.06/lib/perl5/site_perl/5.32.0/Shell/Command.pm
Installing /nix/store/d90sgy92hp94q74hkgimnxd93zma0qmm-perl5.32.0-Shell-Command-0.06/share/man/man3/Shell::Command.3
Appending installation info to /nix/store/d90sgy92hp94q74hkgimnxd93zma0qmm-perl5.32.0-Shell-Command-0.06/lib/perl5/5.32.0/x86_64-linux-thread-multi/perllocal.pod
post-installation fixup
Moving /nix/store/d90sgy92hp94q74hkgimnxd93zma0qmm-perl5.32.0-Shell-Command-0.06/share/man/man3 to /nix/store/acr0v7vrd08cal22as8273zs0dbqgb2h-perl5.32.0-Shell-Command-0.06-devdoc/share/man/man3
Removing empty /nix/store/d90sgy92hp94q74hkgimnxd93zma0qmm-perl5.32.0-Shell-Command-0.06/share/man/ and (possibly) its parents
shrinking RPATHs of ELF executables and libraries in /nix/store/d90sgy92hp94q74hkgimnxd93zma0qmm-perl5.32.0-Shell-Command-0.06
strip is /nix/store/psyzbhp4p088sb9qcs378hfbslcalasl-binutils-2.31.1/bin/strip
stripping (with command strip and flags -S) in /nix/store/d90sgy92hp94q74hkgimnxd93zma0qmm-perl5.32.0-Shell-Command-0.06/lib
patching script interpreter paths in /nix/store/d90sgy92hp94q74hkgimnxd93zma0qmm-perl5.32.0-Shell-Command-0.06
checking for references to /build/ in /nix/store/d90sgy92hp94q74hkgimnxd93zma0qmm-perl5.32.0-Shell-Command-0.06...
shrinking RPATHs of ELF executables and libraries in /nix/store/acr0v7vrd08cal22as8273zs0dbqgb2h-perl5.32.0-Shell-Command-0.06-devdoc
gzipping man pages under /nix/store/acr0v7vrd08cal22as8273zs0dbqgb2h-perl5.32.0-Shell-Command-0.06-devdoc/share/man/
strip is /nix/store/psyzbhp4p088sb9qcs378hfbslcalasl-binutils-2.31.1/bin/strip
patching script interpreter paths in /nix/store/acr0v7vrd08cal22as8273zs0dbqgb2h-perl5.32.0-Shell-Command-0.06-devdoc
checking for references to /build/ in /nix/store/acr0v7vrd08cal22as8273zs0dbqgb2h-perl5.32.0-Shell-Command-0.06-devdoc...
/nix/store/d90sgy92hp94q74hkgimnxd93zma0qmm-perl5.32.0-Shell-Command-0.06
