these derivations will be built:
  /nix/store/a3c99k1m6ivz5jb149m10r57sw988s2r-perl5.32.0-Spreadsheet-WriteExcel-2.40.drv
these paths will be fetched (0.46 MiB download, 0.46 MiB unpacked):
  /nix/store/47wx0pwmwy7sflvj0b5s39avmdwahlf3-Spreadsheet-WriteExcel-2.40.tar.gz
copying path '/nix/store/47wx0pwmwy7sflvj0b5s39avmdwahlf3-Spreadsheet-WriteExcel-2.40.tar.gz' from 'https://cache.nixos.org'...
building '/nix/store/a3c99k1m6ivz5jb149m10r57sw988s2r-perl5.32.0-Spreadsheet-WriteExcel-2.40.drv'...
unpacking sources
unpacking source archive /nix/store/47wx0pwmwy7sflvj0b5s39avmdwahlf3-Spreadsheet-WriteExcel-2.40.tar.gz
source root is Spreadsheet-WriteExcel-2.40
setting SOURCE_DATE_EPOCH to timestamp 1383785137 of file Spreadsheet-WriteExcel-2.40/META.json
patching sources
configuring
patching ./external_charts/demo1.pl...
patching ./external_charts/demo2.pl...
patching ./external_charts/demo4.pl...
patching ./external_charts/demo5.pl...
patching ./external_charts/chartex.pl...
patching ./external_charts/demo3.pl...
patching ./examples/tab2xls.pl...
patching ./examples/right_to_left.pl...
patching ./examples/unicode_shift_jis.pl...
patching ./examples/chart_scatter.pl...
patching ./examples/unicode_koi8r.pl...
patching ./examples/chart_stock.pl...
patching ./examples/unicode_cyrillic.pl...
patching ./examples/textwrap.pl...
patching ./examples/unicode_polish_utf8.pl...
patching ./examples/outline_collapsed.pl...
patching ./examples/diag_border.pl...
patching ./examples/merge1.pl...
patching ./examples/datecalc1.pl...
patching ./examples/headers.pl...
patching ./examples/unicode_8859_11.pl...
patching ./examples/unicode_cp1256.pl...
patching ./examples/formats.pl...
patching ./examples/unicode_utf16.pl...
patching ./examples/unicode_list.pl...
patching ./examples/sales.pl...
patching ./examples/convertA1.pl...
patching ./examples/a_simple.pl...
patching ./examples/chart_area.pl...
patching ./examples/autofit.pl...
patching ./examples/write_handler2.pl...
patching ./examples/tab_colors.pl...
patching ./examples/protection.pl...
patching ./examples/bug_report.pl...
patching ./examples/unicode_cp1251.pl...
patching ./examples/hyperlink1.pl...
patching ./examples/chart_pie.pl...
patching ./examples/write_handler1.pl...
patching ./examples/regions.pl...
patching ./examples/gen_examples_pod.pl...
patching ./examples/properties.pl...
patching ./examples/comments1.pl...
patching ./examples/merge4.pl...
patching ./examples/merge3.pl...
patching ./examples/colors.pl...
patching ./examples/lecxe.pl...
patching ./examples/merge2.pl...
patching ./examples/writeA1.pl...
patching ./examples/chess.pl...
patching ./examples/datecalc2.pl...
patching ./examples/stats_ext.pl...
patching ./examples/write_to_scalar.pl...
patching ./examples/win32ole.pl...
patching ./examples/hyperlink2.pl...
patching ./examples/bigfile.pl...
patching ./examples/write_handler4.pl...
patching ./examples/filehandle.pl...
patching ./examples/csv2xls.pl...
patching ./examples/write_handler3.pl...
patching ./examples/unicode_8859_7.pl...
patching ./examples/stocks.pl...
patching ./examples/sendmail.pl...
patching ./examples/cgi.pl...
patching ./examples/panes.pl...
patching ./examples/unicode_big5.pl...
patching ./examples/outline.pl...
patching ./examples/unicode_2022_jp.pl...
patching ./examples/chart_line.pl...
patching ./examples/autofilter.pl...
patching ./examples/easter_egg.pl...
patching ./examples/unicode_utf16_japan.pl...
patching ./examples/date_time.pl...
patching ./examples/stats.pl...
patching ./examples/indent.pl...
patching ./examples/merge5.pl...
patching ./examples/data_validate.pl...
patching ./examples/chart_column.pl...
patching ./examples/hide_sheet.pl...
patching ./examples/copyformat.pl...
patching ./examples/demo.pl...
patching ./examples/images.pl...
patching ./examples/write_arrays.pl...
patching ./examples/defined_name.pl...
patching ./examples/row_wrap.pl...
patching ./examples/repeat.pl...
patching ./examples/function_locale.pl...
patching ./examples/formula_result.pl...
patching ./examples/merge6.pl...
patching ./examples/chart_bar.pl...
patching ./examples/comments2.pl...
patching ./t/30_validation_dval.t...
patching ./t/07_set_propertes.t...
patching ./t/06_extsst.t...
patching ./t/04_dimensions.t...
patching ./t/33_validation_dv.t...
patching ./t/41_properties.t...
patching ./t/42_set_properties.t...
patching ./t/27_autofilter.t...
patching ./t/32_validation_dv_formula.t...
patching ./t/12_date_only.t...
patching ./t/29_process_jpg.t...
patching ./t/11_date_time.t...
patching ./t/21_escher.t...
patching ./t/13_date_seconds.t...
patching ./t/22_mso_drawing_group.t...
patching ./t/26_autofilter.t...
patching ./t/31_validation_dv_strings.t...
patching ./t/40_property_types.t...
patching ./t/25_position_object.t...
patching ./t/28_autofilter.t...
patching ./t/24_txo.t...
patching ./t/05_rows.t...
patching ./t/23_note.t...
patching ./t/02_merge_formats.t...
patching ./t/01_add_worksheet.t...
patching ./bin/chartex...
patching ./Makefile.PL...
Checking if your kit is complete...
Looks good
Generating a Unix-style Makefile
Writing Makefile for Spreadsheet::WriteExcel
Writing MYMETA.yml and MYMETA.json
no configure script, doing nothing
building
build flags: SHELL=/nix/store/9fqwwd4iybmhjqyxiaxycknslw6bgwh1-bash-4.4-p23/bin/bash
cp lib/Spreadsheet/WriteExcel/Chart.pm blib/lib/Spreadsheet/WriteExcel/Chart.pm
cp lib/Spreadsheet/WriteExcel/Examples.pm blib/lib/Spreadsheet/WriteExcel/Examples.pm
cp lib/Spreadsheet/WriteExcel/Chart/Scatter.pm blib/lib/Spreadsheet/WriteExcel/Chart/Scatter.pm
cp lib/Spreadsheet/WriteExcel/Properties.pm blib/lib/Spreadsheet/WriteExcel/Properties.pm
cp lib/Spreadsheet/WriteExcel/Formula.pm blib/lib/Spreadsheet/WriteExcel/Formula.pm
cp lib/Spreadsheet/WriteExcel/Chart/Bar.pm blib/lib/Spreadsheet/WriteExcel/Chart/Bar.pm
cp lib/Spreadsheet/WriteExcel.pm blib/lib/Spreadsheet/WriteExcel.pm
cp lib/Spreadsheet/WriteExcel/Chart/Stock.pm blib/lib/Spreadsheet/WriteExcel/Chart/Stock.pm
cp lib/Spreadsheet/WriteExcel/Utility.pm blib/lib/Spreadsheet/WriteExcel/Utility.pm
cp lib/Spreadsheet/WriteExcel/OLEwriter.pm blib/lib/Spreadsheet/WriteExcel/OLEwriter.pm
cp lib/Spreadsheet/WriteExcel/Chart/External.pm blib/lib/Spreadsheet/WriteExcel/Chart/External.pm
cp lib/Spreadsheet/WriteExcel/Format.pm blib/lib/Spreadsheet/WriteExcel/Format.pm
cp lib/Spreadsheet/WriteExcel/Chart/Pie.pm blib/lib/Spreadsheet/WriteExcel/Chart/Pie.pm
cp lib/Spreadsheet/WriteExcel/Workbook.pm blib/lib/Spreadsheet/WriteExcel/Workbook.pm
cp lib/Spreadsheet/WriteExcel/Worksheet.pm blib/lib/Spreadsheet/WriteExcel/Worksheet.pm
cp lib/Spreadsheet/WriteExcel/Big.pm blib/lib/Spreadsheet/WriteExcel/Big.pm
cp lib/Spreadsheet/WriteExcel/Chart/Area.pm blib/lib/Spreadsheet/WriteExcel/Chart/Area.pm
cp lib/Spreadsheet/WriteExcel/Chart/Line.pm blib/lib/Spreadsheet/WriteExcel/Chart/Line.pm
cp lib/Spreadsheet/WriteExcel/Chart/Column.pm blib/lib/Spreadsheet/WriteExcel/Chart/Column.pm
cp lib/Spreadsheet/WriteExcel/BIFFwriter.pm blib/lib/Spreadsheet/WriteExcel/BIFFwriter.pm
cp bin/chartex blib/script/chartex
"/nix/store/7c044di03qa7qgr5kjjc2d787aspzp0m-perl-5.32.0/bin/perl" -MExtUtils::MY -e 'MY->fixin(shift)' -- blib/script/chartex
Manifying 1 pod document
Manifying 20 pod documents
running tests
check flags: SHELL=/nix/store/9fqwwd4iybmhjqyxiaxycknslw6bgwh1-bash-4.4-p23/bin/bash VERBOSE=y test
PERL_DL_NONLAZY=1 "/nix/store/7c044di03qa7qgr5kjjc2d787aspzp0m-perl-5.32.0/bin/perl" "-MExtUtils::Command::MM" "-MTest::Harness" "-e" "undef *Test::Harness::Switches; test_harness(0, 'blib/lib', 'blib/arch')" t/*.t
t/00_IEEE_double.t ............ ok
t/01_add_worksheet.t .......... ok
t/02_merge_formats.t .......... ok
t/03_cleanup.t ................ ok
t/04_dimensions.t ............. ok
t/05_rows.t ................... ok
t/06_extsst.t ................. ok
t/07_set_propertes.t .......... ok
t/11_date_time.t .............. ok
t/12_date_only.t .............. ok
t/13_date_seconds.t ........... ok
t/21_escher.t ................. ok
t/22_mso_drawing_group.t ...... ok
t/23_note.t ................... ok
t/24_txo.t .................... ok
t/25_position_object.t ........ ok
t/26_autofilter.t ............. ok
t/27_autofilter.t ............. ok
t/28_autofilter.t ............. ok
t/29_process_jpg.t ............ ok
t/30_validation_dval.t ........ ok
t/31_validation_dv_strings.t .. ok
t/32_validation_dv_formula.t .. ok
t/33_validation_dv.t .......... ok
t/40_property_types.t ......... ok
t/41_properties.t ............. ok
t/42_set_properties.t ......... ok
t/50_name_stored.t ............ ok
t/51_name_print_area.t ........ ok
t/52_name_print_titles.t ...... ok
t/53_name_autofilter.t ........ ok
t/60_chart_generic.t .......... ok
t/61_chart_subclasses.t ....... ok
t/62_chart_formats.t .......... ok
t/63_chart_area_formats.t ..... ok
All tests successful.
Files=35, Tests=1254,  6 wallclock secs ( 0.17 usr  0.03 sys +  4.60 cusr  0.83 csys =  5.63 CPU)
Result: PASS
installing
install flags: SHELL=/nix/store/9fqwwd4iybmhjqyxiaxycknslw6bgwh1-bash-4.4-p23/bin/bash pkgconfigdir=/nix/store/57ampkcz3iashdfdg75v7dw0iz7y9s34-perl5.32.0-Spreadsheet-WriteExcel-2.40/lib/pkgconfig m4datadir=/nix/store/57ampkcz3iashdfdg75v7dw0iz7y9s34-perl5.32.0-Spreadsheet-WriteExcel-2.40/share/aclocal aclocaldir=/nix/store/57ampkcz3iashdfdg75v7dw0iz7y9s34-perl5.32.0-Spreadsheet-WriteExcel-2.40/share/aclocal install
Manifying 1 pod document
Manifying 20 pod documents
Installing /nix/store/57ampkcz3iashdfdg75v7dw0iz7y9s34-perl5.32.0-Spreadsheet-WriteExcel-2.40/lib/perl5/site_perl/5.32.0/Spreadsheet/WriteExcel.pm
Installing /nix/store/57ampkcz3iashdfdg75v7dw0iz7y9s34-perl5.32.0-Spreadsheet-WriteExcel-2.40/lib/perl5/site_perl/5.32.0/Spreadsheet/WriteExcel/Big.pm
Installing /nix/store/57ampkcz3iashdfdg75v7dw0iz7y9s34-perl5.32.0-Spreadsheet-WriteExcel-2.40/lib/perl5/site_perl/5.32.0/Spreadsheet/WriteExcel/Utility.pm
Installing /nix/store/57ampkcz3iashdfdg75v7dw0iz7y9s34-perl5.32.0-Spreadsheet-WriteExcel-2.40/lib/perl5/site_perl/5.32.0/Spreadsheet/WriteExcel/Worksheet.pm
Installing /nix/store/57ampkcz3iashdfdg75v7dw0iz7y9s34-perl5.32.0-Spreadsheet-WriteExcel-2.40/lib/perl5/site_perl/5.32.0/Spreadsheet/WriteExcel/OLEwriter.pm
Installing /nix/store/57ampkcz3iashdfdg75v7dw0iz7y9s34-perl5.32.0-Spreadsheet-WriteExcel-2.40/lib/perl5/site_perl/5.32.0/Spreadsheet/WriteExcel/Chart.pm
Installing /nix/store/57ampkcz3iashdfdg75v7dw0iz7y9s34-perl5.32.0-Spreadsheet-WriteExcel-2.40/lib/perl5/site_perl/5.32.0/Spreadsheet/WriteExcel/Formula.pm
Installing /nix/store/57ampkcz3iashdfdg75v7dw0iz7y9s34-perl5.32.0-Spreadsheet-WriteExcel-2.40/lib/perl5/site_perl/5.32.0/Spreadsheet/WriteExcel/Examples.pm
Installing /nix/store/57ampkcz3iashdfdg75v7dw0iz7y9s34-perl5.32.0-Spreadsheet-WriteExcel-2.40/lib/perl5/site_perl/5.32.0/Spreadsheet/WriteExcel/Format.pm
Installing /nix/store/57ampkcz3iashdfdg75v7dw0iz7y9s34-perl5.32.0-Spreadsheet-WriteExcel-2.40/lib/perl5/site_perl/5.32.0/Spreadsheet/WriteExcel/BIFFwriter.pm
Installing /nix/store/57ampkcz3iashdfdg75v7dw0iz7y9s34-perl5.32.0-Spreadsheet-WriteExcel-2.40/lib/perl5/site_perl/5.32.0/Spreadsheet/WriteExcel/Workbook.pm
Installing /nix/store/57ampkcz3iashdfdg75v7dw0iz7y9s34-perl5.32.0-Spreadsheet-WriteExcel-2.40/lib/perl5/site_perl/5.32.0/Spreadsheet/WriteExcel/Properties.pm
Installing /nix/store/57ampkcz3iashdfdg75v7dw0iz7y9s34-perl5.32.0-Spreadsheet-WriteExcel-2.40/lib/perl5/site_perl/5.32.0/Spreadsheet/WriteExcel/Chart/Area.pm
Installing /nix/store/57ampkcz3iashdfdg75v7dw0iz7y9s34-perl5.32.0-Spreadsheet-WriteExcel-2.40/lib/perl5/site_perl/5.32.0/Spreadsheet/WriteExcel/Chart/Column.pm
Installing /nix/store/57ampkcz3iashdfdg75v7dw0iz7y9s34-perl5.32.0-Spreadsheet-WriteExcel-2.40/lib/perl5/site_perl/5.32.0/Spreadsheet/WriteExcel/Chart/Scatter.pm
Installing /nix/store/57ampkcz3iashdfdg75v7dw0iz7y9s34-perl5.32.0-Spreadsheet-WriteExcel-2.40/lib/perl5/site_perl/5.32.0/Spreadsheet/WriteExcel/Chart/Stock.pm
Installing /nix/store/57ampkcz3iashdfdg75v7dw0iz7y9s34-perl5.32.0-Spreadsheet-WriteExcel-2.40/lib/perl5/site_perl/5.32.0/Spreadsheet/WriteExcel/Chart/Line.pm
Installing /nix/store/57ampkcz3iashdfdg75v7dw0iz7y9s34-perl5.32.0-Spreadsheet-WriteExcel-2.40/lib/perl5/site_perl/5.32.0/Spreadsheet/WriteExcel/Chart/Bar.pm
Installing /nix/store/57ampkcz3iashdfdg75v7dw0iz7y9s34-perl5.32.0-Spreadsheet-WriteExcel-2.40/lib/perl5/site_perl/5.32.0/Spreadsheet/WriteExcel/Chart/External.pm
Installing /nix/store/57ampkcz3iashdfdg75v7dw0iz7y9s34-perl5.32.0-Spreadsheet-WriteExcel-2.40/lib/perl5/site_perl/5.32.0/Spreadsheet/WriteExcel/Chart/Pie.pm
Installing /nix/store/57ampkcz3iashdfdg75v7dw0iz7y9s34-perl5.32.0-Spreadsheet-WriteExcel-2.40/share/man/man1/chartex.1
Installing /nix/store/57ampkcz3iashdfdg75v7dw0iz7y9s34-perl5.32.0-Spreadsheet-WriteExcel-2.40/share/man/man3/Spreadsheet::WriteExcel::OLEwriter.3
Installing /nix/store/57ampkcz3iashdfdg75v7dw0iz7y9s34-perl5.32.0-Spreadsheet-WriteExcel-2.40/share/man/man3/Spreadsheet::WriteExcel.3
Installing /nix/store/57ampkcz3iashdfdg75v7dw0iz7y9s34-perl5.32.0-Spreadsheet-WriteExcel-2.40/share/man/man3/Spreadsheet::WriteExcel::Workbook.3
Installing /nix/store/57ampkcz3iashdfdg75v7dw0iz7y9s34-perl5.32.0-Spreadsheet-WriteExcel-2.40/share/man/man3/Spreadsheet::WriteExcel::Worksheet.3
Installing /nix/store/57ampkcz3iashdfdg75v7dw0iz7y9s34-perl5.32.0-Spreadsheet-WriteExcel-2.40/share/man/man3/Spreadsheet::WriteExcel::Big.3
Installing /nix/store/57ampkcz3iashdfdg75v7dw0iz7y9s34-perl5.32.0-Spreadsheet-WriteExcel-2.40/share/man/man3/Spreadsheet::WriteExcel::Format.3
Installing /nix/store/57ampkcz3iashdfdg75v7dw0iz7y9s34-perl5.32.0-Spreadsheet-WriteExcel-2.40/share/man/man3/Spreadsheet::WriteExcel::Examples.3
Installing /nix/store/57ampkcz3iashdfdg75v7dw0iz7y9s34-perl5.32.0-Spreadsheet-WriteExcel-2.40/share/man/man3/Spreadsheet::WriteExcel::Properties.3
Installing /nix/store/57ampkcz3iashdfdg75v7dw0iz7y9s34-perl5.32.0-Spreadsheet-WriteExcel-2.40/share/man/man3/Spreadsheet::WriteExcel::Chart::Line.3
Installing /nix/store/57ampkcz3iashdfdg75v7dw0iz7y9s34-perl5.32.0-Spreadsheet-WriteExcel-2.40/share/man/man3/Spreadsheet::WriteExcel::Chart::External.3
Installing /nix/store/57ampkcz3iashdfdg75v7dw0iz7y9s34-perl5.32.0-Spreadsheet-WriteExcel-2.40/share/man/man3/Spreadsheet::WriteExcel::Chart::Area.3
Installing /nix/store/57ampkcz3iashdfdg75v7dw0iz7y9s34-perl5.32.0-Spreadsheet-WriteExcel-2.40/share/man/man3/Spreadsheet::WriteExcel::Chart.3
Installing /nix/store/57ampkcz3iashdfdg75v7dw0iz7y9s34-perl5.32.0-Spreadsheet-WriteExcel-2.40/share/man/man3/Spreadsheet::WriteExcel::Formula.3
Installing /nix/store/57ampkcz3iashdfdg75v7dw0iz7y9s34-perl5.32.0-Spreadsheet-WriteExcel-2.40/share/man/man3/Spreadsheet::WriteExcel::Chart::Pie.3
Installing /nix/store/57ampkcz3iashdfdg75v7dw0iz7y9s34-perl5.32.0-Spreadsheet-WriteExcel-2.40/share/man/man3/Spreadsheet::WriteExcel::Chart::Scatter.3
Installing /nix/store/57ampkcz3iashdfdg75v7dw0iz7y9s34-perl5.32.0-Spreadsheet-WriteExcel-2.40/share/man/man3/Spreadsheet::WriteExcel::Chart::Column.3
Installing /nix/store/57ampkcz3iashdfdg75v7dw0iz7y9s34-perl5.32.0-Spreadsheet-WriteExcel-2.40/share/man/man3/Spreadsheet::WriteExcel::BIFFwriter.3
Installing /nix/store/57ampkcz3iashdfdg75v7dw0iz7y9s34-perl5.32.0-Spreadsheet-WriteExcel-2.40/share/man/man3/Spreadsheet::WriteExcel::Chart::Stock.3
Installing /nix/store/57ampkcz3iashdfdg75v7dw0iz7y9s34-perl5.32.0-Spreadsheet-WriteExcel-2.40/share/man/man3/Spreadsheet::WriteExcel::Chart::Bar.3
Installing /nix/store/57ampkcz3iashdfdg75v7dw0iz7y9s34-perl5.32.0-Spreadsheet-WriteExcel-2.40/share/man/man3/Spreadsheet::WriteExcel::Utility.3
Installing /nix/store/57ampkcz3iashdfdg75v7dw0iz7y9s34-perl5.32.0-Spreadsheet-WriteExcel-2.40/bin/chartex
Appending installation info to /nix/store/57ampkcz3iashdfdg75v7dw0iz7y9s34-perl5.32.0-Spreadsheet-WriteExcel-2.40/lib/perl5/5.32.0/x86_64-linux-thread-multi/perllocal.pod
post-installation fixup
Moving /nix/store/57ampkcz3iashdfdg75v7dw0iz7y9s34-perl5.32.0-Spreadsheet-WriteExcel-2.40/share/man/man3 to /nix/store/019bqhdnycz1lnqpr1diqby7fg1mxhz1-perl5.32.0-Spreadsheet-WriteExcel-2.40-devdoc/share/man/man3
rmdir: failed to remove '/nix/store/57ampkcz3iashdfdg75v7dw0iz7y9s34-perl5.32.0-Spreadsheet-WriteExcel-2.40/share/man': Directory not empty
shrinking RPATHs of ELF executables and libraries in /nix/store/57ampkcz3iashdfdg75v7dw0iz7y9s34-perl5.32.0-Spreadsheet-WriteExcel-2.40
gzipping man pages under /nix/store/57ampkcz3iashdfdg75v7dw0iz7y9s34-perl5.32.0-Spreadsheet-WriteExcel-2.40/share/man/
strip is /nix/store/psyzbhp4p088sb9qcs378hfbslcalasl-binutils-2.31.1/bin/strip
stripping (with command strip and flags -S) in /nix/store/57ampkcz3iashdfdg75v7dw0iz7y9s34-perl5.32.0-Spreadsheet-WriteExcel-2.40/lib  /nix/store/57ampkcz3iashdfdg75v7dw0iz7y9s34-perl5.32.0-Spreadsheet-WriteExcel-2.40/bin
patching script interpreter paths in /nix/store/57ampkcz3iashdfdg75v7dw0iz7y9s34-perl5.32.0-Spreadsheet-WriteExcel-2.40
checking for references to /build/ in /nix/store/57ampkcz3iashdfdg75v7dw0iz7y9s34-perl5.32.0-Spreadsheet-WriteExcel-2.40...
shrinking RPATHs of ELF executables and libraries in /nix/store/019bqhdnycz1lnqpr1diqby7fg1mxhz1-perl5.32.0-Spreadsheet-WriteExcel-2.40-devdoc
gzipping man pages under /nix/store/019bqhdnycz1lnqpr1diqby7fg1mxhz1-perl5.32.0-Spreadsheet-WriteExcel-2.40-devdoc/share/man/
strip is /nix/store/psyzbhp4p088sb9qcs378hfbslcalasl-binutils-2.31.1/bin/strip
patching script interpreter paths in /nix/store/019bqhdnycz1lnqpr1diqby7fg1mxhz1-perl5.32.0-Spreadsheet-WriteExcel-2.40-devdoc
checking for references to /build/ in /nix/store/019bqhdnycz1lnqpr1diqby7fg1mxhz1-perl5.32.0-Spreadsheet-WriteExcel-2.40-devdoc...
/nix/store/57ampkcz3iashdfdg75v7dw0iz7y9s34-perl5.32.0-Spreadsheet-WriteExcel-2.40
