these derivations will be built:
  /nix/store/igbrx3v1fbiwhqjk5z5q9jagwjqzzr20-perl5.32.0-SQL-Abstract-Limit-0.141.drv
these paths will be fetched (0.02 MiB download, 0.02 MiB unpacked):
  /nix/store/2czxp4lhjcianhnhhb22lclf66s1jabk-SQL-Abstract-Limit-0.141.tar.gz
copying path '/nix/store/2czxp4lhjcianhnhhb22lclf66s1jabk-SQL-Abstract-Limit-0.141.tar.gz' from 'https://cache.nixos.org'...
building '/nix/store/igbrx3v1fbiwhqjk5z5q9jagwjqzzr20-perl5.32.0-SQL-Abstract-Limit-0.141.drv'...
unpacking sources
unpacking source archive /nix/store/2czxp4lhjcianhnhhb22lclf66s1jabk-SQL-Abstract-Limit-0.141.tar.gz
source root is SQL-Abstract-Limit-0.141
setting SOURCE_DATE_EPOCH to timestamp 1229980524 of file SQL-Abstract-Limit-0.141/META.yml
patching sources
configuring
patching ./t/02.syntax.t...
patching ./t/pod-coverage.t...
patching ./t/04.args.t...
patching ./t/pod.t...
patching ./t/03.subclass.t...
patching ./t/01.sql.t...
Checking if your kit is complete...
Looks good
Generating a Unix-style Makefile
Writing Makefile for SQL::Abstract::Limit
Writing MYMETA.yml and MYMETA.json
no configure script, doing nothing
building
Created MYMETA.yml and MYMETA.json
Creating new 'Build' script for 'SQL-Abstract-Limit' version '0.141'
Building SQL-Abstract-Limit
running tests
t/00.load.t ....... 1/1 # Testing SQL::Abstract::Limit 0.141
t/00.load.t ....... ok
t/01.sql.t ........ 1/17 Use of uninitialized value $asc_desc in uc at /build/SQL-Abstract-Limit-0.141/blib/lib/SQL/Abstract/Limit.pm line 872.
t/01.sql.t ........ ok
t/02.syntax.t ..... ok
t/03.subclass.t ... ok
t/04.args.t ....... ok
t/pod-coverage.t .. skipped: Test::Pod::Coverage 1.04 required for testing POD coverage
t/pod.t ........... skipped: Test::Pod 1.14 required for testing POD
All tests successful.
Files=7, Tests=31,  1 wallclock secs ( 0.03 usr  0.02 sys +  0.64 cusr  0.44 csys =  1.13 CPU)
Result: PASS
installing
Building SQL-Abstract-Limit
Installing /nix/store/14mlhhaycm543v7v6nplkcgc2kd7lpp4-perl5.32.0-SQL-Abstract-Limit-0.141/lib/perl5/site_perl/5.32.0/SQL/Abstract/Limit.pm
Installing /nix/store/14mlhhaycm543v7v6nplkcgc2kd7lpp4-perl5.32.0-SQL-Abstract-Limit-0.141/share/man/man3/SQL::Abstract::Limit.3
post-installation fixup
Moving /nix/store/14mlhhaycm543v7v6nplkcgc2kd7lpp4-perl5.32.0-SQL-Abstract-Limit-0.141/share/man/man3 to /nix/store/6bh1q5hvzsg2z8b3kqbszkh7i81in41m-perl5.32.0-SQL-Abstract-Limit-0.141-devdoc/share/man/man3
Removing empty /nix/store/14mlhhaycm543v7v6nplkcgc2kd7lpp4-perl5.32.0-SQL-Abstract-Limit-0.141/share/man/ and (possibly) its parents
shrinking RPATHs of ELF executables and libraries in /nix/store/14mlhhaycm543v7v6nplkcgc2kd7lpp4-perl5.32.0-SQL-Abstract-Limit-0.141
strip is /nix/store/psyzbhp4p088sb9qcs378hfbslcalasl-binutils-2.31.1/bin/strip
stripping (with command strip and flags -S) in /nix/store/14mlhhaycm543v7v6nplkcgc2kd7lpp4-perl5.32.0-SQL-Abstract-Limit-0.141/lib
patching script interpreter paths in /nix/store/14mlhhaycm543v7v6nplkcgc2kd7lpp4-perl5.32.0-SQL-Abstract-Limit-0.141
checking for references to /build/ in /nix/store/14mlhhaycm543v7v6nplkcgc2kd7lpp4-perl5.32.0-SQL-Abstract-Limit-0.141...
shrinking RPATHs of ELF executables and libraries in /nix/store/6bh1q5hvzsg2z8b3kqbszkh7i81in41m-perl5.32.0-SQL-Abstract-Limit-0.141-devdoc
gzipping man pages under /nix/store/6bh1q5hvzsg2z8b3kqbszkh7i81in41m-perl5.32.0-SQL-Abstract-Limit-0.141-devdoc/share/man/
strip is /nix/store/psyzbhp4p088sb9qcs378hfbslcalasl-binutils-2.31.1/bin/strip
patching script interpreter paths in /nix/store/6bh1q5hvzsg2z8b3kqbszkh7i81in41m-perl5.32.0-SQL-Abstract-Limit-0.141-devdoc
checking for references to /build/ in /nix/store/6bh1q5hvzsg2z8b3kqbszkh7i81in41m-perl5.32.0-SQL-Abstract-Limit-0.141-devdoc...
/nix/store/14mlhhaycm543v7v6nplkcgc2kd7lpp4-perl5.32.0-SQL-Abstract-Limit-0.141
