these derivations will be built:
  /nix/store/c73nmgkqp43mpqi8p0w5kjcc3p6va4b7-perl5.32.0-Storable-3.15.drv
these paths will be fetched (0.19 MiB download, 0.19 MiB unpacked):
  /nix/store/hwgnk3xidjambbqskk8dcjh9jq2kj871-Storable-3.15.tar.gz
copying path '/nix/store/hwgnk3xidjambbqskk8dcjh9jq2kj871-Storable-3.15.tar.gz' from 'https://cache.nixos.org'...
building '/nix/store/c73nmgkqp43mpqi8p0w5kjcc3p6va4b7-perl5.32.0-Storable-3.15.drv'...
unpacking sources
unpacking source archive /nix/store/hwgnk3xidjambbqskk8dcjh9jq2kj871-Storable-3.15.tar.gz
source root is Storable-3.15
setting SOURCE_DATE_EPOCH to timestamp 1556026053 of file Storable-3.15/META.yml
patching sources
configuring
patching ./stacksize...
patching ./t/dclone.t...
patching ./t/just_plain_nasty.t...
patching ./t/recurse.t...
patching ./t/file_magic.t...
patching ./t/hugeids.t...
patching ./t/interwork56.t...
patching ./t/utf8hash.t...
patching ./t/tied.t...
patching ./t/lock.t...
patching ./t/make_56_interwork.pl...
patching ./t/blessed.t...
patching ./t/make_downgrade.pl...
patching ./t/huge.t...
patching ./t/sig_die.t...
patching ./t/malice.t...
patching ./t/CVE-2015-1592.t...
patching ./t/attach_errors.t...
patching ./t/circular_hook.t...
patching ./t/retrieve.t...
patching ./t/restrict.t...
patching ./t/regexp.t...
patching ./t/flags.t...
patching ./t/tied_store.t...
patching ./t/attach_singleton.t...
patching ./t/croak.t...
patching ./t/overload.t...
patching ./t/downgrade.t...
patching ./t/freeze.t...
patching ./t/tied_items.t...
patching ./t/leaks.t...
patching ./t/make_overload.pl...
patching ./t/robust.t...
patching ./t/forgive.t...
patching ./t/canonical.t...
patching ./t/testlib.pl...
patching ./t/store.t...
patching ./t/compat01.t...
patching ./t/utf8.t...
patching ./t/weak.t...
patching ./t/compat06.t...
patching ./t/integer.t...
patching ./t/attach.t...
patching ./t/code.t...
patching ./t/tied_hook.t...
Checking if your kit is complete...
Looks good
Generating a Unix-style Makefile
Writing Makefile for Storable
Writing MYMETA.yml and MYMETA.json
no configure script, doing nothing
building
build flags: SHELL=/nix/store/9fqwwd4iybmhjqyxiaxycknslw6bgwh1-bash-4.4-p23/bin/bash
"/nix/store/7c044di03qa7qgr5kjjc2d787aspzp0m-perl-5.32.0/bin/perl" Storable.pm.PL
cp Storable.pm blib/arch/Storable.pm
Running Mkbootstrap for Storable ()
chmod 644 "Storable.bs"
"/nix/store/7c044di03qa7qgr5kjjc2d787aspzp0m-perl-5.32.0/bin/perl" -MExtUtils::Command::MM -e 'cp_nonempty' -- Storable.bs blib/arch/auto/Storable/Storable.bs 644
"/nix/store/7c044di03qa7qgr5kjjc2d787aspzp0m-perl-5.32.0/bin/perl" "/nix/store/7c044di03qa7qgr5kjjc2d787aspzp0m-perl-5.32.0/lib/perl5/5.32.0/ExtUtils/xsubpp"  -typemap '/nix/store/7c044di03qa7qgr5kjjc2d787aspzp0m-perl-5.32.0/lib/perl5/5.32.0/ExtUtils/typemap'  Storable.xs > Storable.xsc
mv Storable.xsc Storable.c
cc -c   -D_REENTRANT -D_GNU_SOURCE -fwrapv -fno-strict-aliasing -pipe -fstack-protector-strong -I/no-such-path/include -D_LARGEFILE_SOURCE -D_FILE_OFFSET_BITS=64 -O2   -DVERSION=\"3.15\" -DXS_VERSION=\"3.15\" -fPIC "-I/nix/store/7c044di03qa7qgr5kjjc2d787aspzp0m-perl-5.32.0/lib/perl5/5.32.0/x86_64-linux-thread-multi/CORE"   Storable.c
rm -f blib/arch/auto/Storable/Storable.so
cc  -shared -O2 -L/nix/store/68pw3wxwkrx0rwzjifm7g1jxy5g2sg1p-glibc-2.31/lib -fstack-protector-strong  Storable.o  -o blib/arch/auto/Storable/Storable.so  \
      \

chmod 755 blib/arch/auto/Storable/Storable.so
Manifying 1 pod document
running tests
check flags: SHELL=/nix/store/9fqwwd4iybmhjqyxiaxycknslw6bgwh1-bash-4.4-p23/bin/bash VERBOSE=y test
"/nix/store/7c044di03qa7qgr5kjjc2d787aspzp0m-perl-5.32.0/bin/perl" -MExtUtils::Command::MM -e 'cp_nonempty' -- Storable.bs blib/arch/auto/Storable/Storable.bs 644
PERL_DL_NONLAZY=1 "/nix/store/7c044di03qa7qgr5kjjc2d787aspzp0m-perl-5.32.0/bin/perl" "-MExtUtils::Command::MM" "-MTest::Harness" "-e" "undef *Test::Harness::Switches; test_harness(0, 'blib/lib', 'blib/arch')" t/*.t
t/attach.t ............ ok
t/attach_errors.t ..... ok
t/attach_singleton.t .. ok
t/blessed.t ........... ok
t/canonical.t ......... # Will use Digest::MD5
t/canonical.t ......... ok
t/circular_hook.t ..... ok
t/code.t .............. ok
t/compat01.t .......... skipped: Test only works for 32 bit little-ending machines
t/compat06.t .......... ok
t/croak.t ............. ok
t/CVE-2015-1592.t ..... ok
t/dclone.t ............ ok
t/destroy.t ........... ok
t/downgrade.t ......... ok
t/file_magic.t ........ ok
t/flags.t ............. ok
t/forgive.t ........... ok
t/freeze.t ............ ok
t/huge.t .............. skipped: Need ~4 GiB memory for this test, set PERL_TEST_MEMORY > 4
t/hugeids.t ........... skipped: Need ~8 GiB memory for this test, set PERL_TEST_MEMORY >= 8
t/integer.t ........... ok
t/interwork56.t ....... skipped: Your IVs are no larger than your longs
t/just_plain_nasty.t .. ok
t/leaks.t ............. skipped: Test::LeakTrace required for this tests
t/lock.t .............. ok
t/malice.t ............ ok
t/overload.t .......... ok
t/recurse.t ........... ok
t/regexp.t ............ ok
t/restrict.t .......... ok
t/retrieve.t .......... ok
t/robust.t ............ ok
t/sig_die.t ........... ok
t/store.t ............. ok
t/threads.t ........... ok
t/tied.t .............. ok
t/tied_hook.t ......... ok
t/tied_items.t ........ ok
t/tied_reify.t ........ ok
t/tied_store.t ........ ok
t/utf8.t .............. ok
t/utf8hash.t .......... ok
t/weak.t .............. ok
All tests successful.
Files=43, Tests=2711,  3 wallclock secs ( 0.26 usr  0.04 sys +  2.64 cusr  0.40 csys =  3.34 CPU)
Result: PASS
installing
install flags: SHELL=/nix/store/9fqwwd4iybmhjqyxiaxycknslw6bgwh1-bash-4.4-p23/bin/bash pkgconfigdir=/nix/store/qarx8mnfi10s51nfmn3rjcbmpa5gbidg-perl5.32.0-Storable-3.15/lib/pkgconfig m4datadir=/nix/store/qarx8mnfi10s51nfmn3rjcbmpa5gbidg-perl5.32.0-Storable-3.15/share/aclocal aclocaldir=/nix/store/qarx8mnfi10s51nfmn3rjcbmpa5gbidg-perl5.32.0-Storable-3.15/share/aclocal install
"/nix/store/7c044di03qa7qgr5kjjc2d787aspzp0m-perl-5.32.0/bin/perl" -MExtUtils::Command::MM -e 'cp_nonempty' -- Storable.bs blib/arch/auto/Storable/Storable.bs 644
Manifying 1 pod document
Files found in blib/arch: installing files in blib/lib into architecture dependent library tree
Installing /nix/store/qarx8mnfi10s51nfmn3rjcbmpa5gbidg-perl5.32.0-Storable-3.15/lib/perl5/site_perl/5.32.0/x86_64-linux-thread-multi/Storable.pm
Installing /nix/store/qarx8mnfi10s51nfmn3rjcbmpa5gbidg-perl5.32.0-Storable-3.15/lib/perl5/site_perl/5.32.0/x86_64-linux-thread-multi/auto/Storable/Storable.so
Installing /nix/store/qarx8mnfi10s51nfmn3rjcbmpa5gbidg-perl5.32.0-Storable-3.15/share/man/man3/Storable.3
Appending installation info to /nix/store/qarx8mnfi10s51nfmn3rjcbmpa5gbidg-perl5.32.0-Storable-3.15/lib/perl5/5.32.0/x86_64-linux-thread-multi/perllocal.pod
post-installation fixup
Moving /nix/store/qarx8mnfi10s51nfmn3rjcbmpa5gbidg-perl5.32.0-Storable-3.15/share/man/man3 to /nix/store/d8lhf385xkam8h99a2g54garacvbv4dv-perl5.32.0-Storable-3.15-devdoc/share/man/man3
Removing empty /nix/store/qarx8mnfi10s51nfmn3rjcbmpa5gbidg-perl5.32.0-Storable-3.15/share/man/ and (possibly) its parents
shrinking RPATHs of ELF executables and libraries in /nix/store/qarx8mnfi10s51nfmn3rjcbmpa5gbidg-perl5.32.0-Storable-3.15
shrinking /nix/store/qarx8mnfi10s51nfmn3rjcbmpa5gbidg-perl5.32.0-Storable-3.15/lib/perl5/site_perl/5.32.0/x86_64-linux-thread-multi/auto/Storable/Storable.so
strip is /nix/store/psyzbhp4p088sb9qcs378hfbslcalasl-binutils-2.31.1/bin/strip
stripping (with command strip and flags -S) in /nix/store/qarx8mnfi10s51nfmn3rjcbmpa5gbidg-perl5.32.0-Storable-3.15/lib
patching script interpreter paths in /nix/store/qarx8mnfi10s51nfmn3rjcbmpa5gbidg-perl5.32.0-Storable-3.15
checking for references to /build/ in /nix/store/qarx8mnfi10s51nfmn3rjcbmpa5gbidg-perl5.32.0-Storable-3.15...
shrinking RPATHs of ELF executables and libraries in /nix/store/d8lhf385xkam8h99a2g54garacvbv4dv-perl5.32.0-Storable-3.15-devdoc
gzipping man pages under /nix/store/d8lhf385xkam8h99a2g54garacvbv4dv-perl5.32.0-Storable-3.15-devdoc/share/man/
strip is /nix/store/psyzbhp4p088sb9qcs378hfbslcalasl-binutils-2.31.1/bin/strip
patching script interpreter paths in /nix/store/d8lhf385xkam8h99a2g54garacvbv4dv-perl5.32.0-Storable-3.15-devdoc
checking for references to /build/ in /nix/store/d8lhf385xkam8h99a2g54garacvbv4dv-perl5.32.0-Storable-3.15-devdoc...
/nix/store/qarx8mnfi10s51nfmn3rjcbmpa5gbidg-perl5.32.0-Storable-3.15
