these derivations will be built:
  /nix/store/6gvkavi5dwx5a8q0k2aza2asrxx2kdym-perl5.32.0-String-CamelCase-0.04.drv
building '/nix/store/6gvkavi5dwx5a8q0k2aza2asrxx2kdym-perl5.32.0-String-CamelCase-0.04.drv'...
unpacking sources
unpacking source archive /nix/store/nx7i9g0rda3ilrwjsm987ly718w06xfy-String-CamelCase-0.04.tar.gz
source root is String-CamelCase-0.04
setting SOURCE_DATE_EPOCH to timestamp 1521898963 of file String-CamelCase-0.04/META.yml
patching sources
configuring
patching ./t/pod-coverage.t...
patching ./t/boilerplate.t...
patching ./t/pod.t...
patching ./t/00-load.t...
Checking if your kit is complete...
Warning: the following files are missing in your kit:
        SIGNATURE
Please inform the author.
Generating a Unix-style Makefile
Writing Makefile for String::CamelCase
Writing MYMETA.yml and MYMETA.json
no configure script, doing nothing
building
build flags: SHELL=/nix/store/9fqwwd4iybmhjqyxiaxycknslw6bgwh1-bash-4.4-p23/bin/bash
cp lib/String/CamelCase.pm blib/lib/String/CamelCase.pm
Manifying 1 pod document
running tests
check flags: SHELL=/nix/store/9fqwwd4iybmhjqyxiaxycknslw6bgwh1-bash-4.4-p23/bin/bash VERBOSE=y test
PERL_DL_NONLAZY=1 "/nix/store/7c044di03qa7qgr5kjjc2d787aspzp0m-perl-5.32.0/bin/perl" "-MExtUtils::Command::MM" "-MTest::Harness" "-e" "undef *Test::Harness::Switches; test_harness(0, 'blib/lib', 'blib/arch')" t/*.t
t/00-load.t ....... 1/1 # Testing String::CamelCase 0.04, Perl 5.032000, /nix/store/7c044di03qa7qgr5kjjc2d787aspzp0m-perl-5.32.0/bin/perl
t/00-load.t ....... ok
t/01-basic.t ...... ok
t/02-more.t ....... ok
t/boilerplate.t ... ok
t/pod-coverage.t .. skipped: Test::Pod::Coverage 1.04 required for testing POD coverage
t/pod.t ........... skipped: Test::Pod 1.14 required for testing POD
All tests successful.
Files=6, Tests=30,  0 wallclock secs ( 0.03 usr  0.01 sys +  0.27 cusr  0.05 csys =  0.36 CPU)
Result: PASS
installing
install flags: SHELL=/nix/store/9fqwwd4iybmhjqyxiaxycknslw6bgwh1-bash-4.4-p23/bin/bash pkgconfigdir=/nix/store/5f6hj0b67li82cd1h8php1x7g8wsnp58-perl5.32.0-String-CamelCase-0.04/lib/pkgconfig m4datadir=/nix/store/5f6hj0b67li82cd1h8php1x7g8wsnp58-perl5.32.0-String-CamelCase-0.04/share/aclocal aclocaldir=/nix/store/5f6hj0b67li82cd1h8php1x7g8wsnp58-perl5.32.0-String-CamelCase-0.04/share/aclocal install
Manifying 1 pod document
Installing /nix/store/5f6hj0b67li82cd1h8php1x7g8wsnp58-perl5.32.0-String-CamelCase-0.04/lib/perl5/site_perl/5.32.0/String/CamelCase.pm
Installing /nix/store/5f6hj0b67li82cd1h8php1x7g8wsnp58-perl5.32.0-String-CamelCase-0.04/share/man/man3/String::CamelCase.3
Appending installation info to /nix/store/5f6hj0b67li82cd1h8php1x7g8wsnp58-perl5.32.0-String-CamelCase-0.04/lib/perl5/5.32.0/x86_64-linux-thread-multi/perllocal.pod
post-installation fixup
Moving /nix/store/5f6hj0b67li82cd1h8php1x7g8wsnp58-perl5.32.0-String-CamelCase-0.04/share/man/man3 to /nix/store/4cqd7rsknag2qn30nn7vi8jcf489nnjp-perl5.32.0-String-CamelCase-0.04-devdoc/share/man/man3
Removing empty /nix/store/5f6hj0b67li82cd1h8php1x7g8wsnp58-perl5.32.0-String-CamelCase-0.04/share/man/ and (possibly) its parents
shrinking RPATHs of ELF executables and libraries in /nix/store/5f6hj0b67li82cd1h8php1x7g8wsnp58-perl5.32.0-String-CamelCase-0.04
strip is /nix/store/psyzbhp4p088sb9qcs378hfbslcalasl-binutils-2.31.1/bin/strip
stripping (with command strip and flags -S) in /nix/store/5f6hj0b67li82cd1h8php1x7g8wsnp58-perl5.32.0-String-CamelCase-0.04/lib
patching script interpreter paths in /nix/store/5f6hj0b67li82cd1h8php1x7g8wsnp58-perl5.32.0-String-CamelCase-0.04
checking for references to /build/ in /nix/store/5f6hj0b67li82cd1h8php1x7g8wsnp58-perl5.32.0-String-CamelCase-0.04...
shrinking RPATHs of ELF executables and libraries in /nix/store/4cqd7rsknag2qn30nn7vi8jcf489nnjp-perl5.32.0-String-CamelCase-0.04-devdoc
gzipping man pages under /nix/store/4cqd7rsknag2qn30nn7vi8jcf489nnjp-perl5.32.0-String-CamelCase-0.04-devdoc/share/man/
strip is /nix/store/psyzbhp4p088sb9qcs378hfbslcalasl-binutils-2.31.1/bin/strip
patching script interpreter paths in /nix/store/4cqd7rsknag2qn30nn7vi8jcf489nnjp-perl5.32.0-String-CamelCase-0.04-devdoc
checking for references to /build/ in /nix/store/4cqd7rsknag2qn30nn7vi8jcf489nnjp-perl5.32.0-String-CamelCase-0.04-devdoc...
/nix/store/5f6hj0b67li82cd1h8php1x7g8wsnp58-perl5.32.0-String-CamelCase-0.04
