these derivations will be built:
  /nix/store/yqyq2y073b8x53y4jsqgblq3zdg11cia-perl5.32.0-String-MkPasswd-0.05.drv
these paths will be fetched (0.01 MiB download, 0.01 MiB unpacked):
  /nix/store/x98jglpf166xmz3aiyd8bf18361ypd1a-String-MkPasswd-0.05.tar.gz
copying path '/nix/store/x98jglpf166xmz3aiyd8bf18361ypd1a-String-MkPasswd-0.05.tar.gz' from 'https://cache.nixos.org'...
building '/nix/store/yqyq2y073b8x53y4jsqgblq3zdg11cia-perl5.32.0-String-MkPasswd-0.05.drv'...
unpacking sources
unpacking source archive /nix/store/x98jglpf166xmz3aiyd8bf18361ypd1a-String-MkPasswd-0.05.tar.gz
source root is String-MkPasswd-0.05
setting SOURCE_DATE_EPOCH to timestamp 1382273230 of file String-MkPasswd-0.05/t/05ambiguous.t
patching sources
configuring
patching ./bin/mkpasswd.pl...
Checking if your kit is complete...
Looks good
Generating a Unix-style Makefile
Writing Makefile for String::MkPasswd
Writing MYMETA.yml and MYMETA.json
no configure script, doing nothing
building
build flags: SHELL=/nix/store/9fqwwd4iybmhjqyxiaxycknslw6bgwh1-bash-4.4-p23/bin/bash
cp lib/String/MkPasswd.pm blib/lib/String/MkPasswd.pm
cp bin/mkpasswd.pl blib/script/mkpasswd.pl
"/nix/store/7c044di03qa7qgr5kjjc2d787aspzp0m-perl-5.32.0/bin/perl" -MExtUtils::MY -e 'MY->fixin(shift)' -- blib/script/mkpasswd.pl
Manifying 1 pod document
Manifying 1 pod document
running tests
check flags: SHELL=/nix/store/9fqwwd4iybmhjqyxiaxycknslw6bgwh1-bash-4.4-p23/bin/bash VERBOSE=y test
PERL_DL_NONLAZY=1 "/nix/store/7c044di03qa7qgr5kjjc2d787aspzp0m-perl-5.32.0/bin/perl" "-MExtUtils::Command::MM" "-MTest::Harness" "-e" "undef *Test::Harness::Switches; test_harness(0, 'blib/lib', 'blib/arch')" t/*.t
t/01use.t ........ ok
t/02length.t ..... ok
t/03count.t ...... ok
t/04fatal.t ...... ok
t/05ambiguous.t .. ok
All tests successful.
Files=5, Tests=74,  0 wallclock secs ( 0.03 usr  0.01 sys +  0.25 cusr  0.04 csys =  0.33 CPU)
Result: PASS
installing
install flags: SHELL=/nix/store/9fqwwd4iybmhjqyxiaxycknslw6bgwh1-bash-4.4-p23/bin/bash pkgconfigdir=/nix/store/9bjjxbzky6n3fj7cy2l4c69h6zaq2i8x-perl5.32.0-String-MkPasswd-0.05/lib/pkgconfig m4datadir=/nix/store/9bjjxbzky6n3fj7cy2l4c69h6zaq2i8x-perl5.32.0-String-MkPasswd-0.05/share/aclocal aclocaldir=/nix/store/9bjjxbzky6n3fj7cy2l4c69h6zaq2i8x-perl5.32.0-String-MkPasswd-0.05/share/aclocal install
Manifying 1 pod document
Manifying 1 pod document
Installing /nix/store/9bjjxbzky6n3fj7cy2l4c69h6zaq2i8x-perl5.32.0-String-MkPasswd-0.05/lib/perl5/site_perl/5.32.0/String/MkPasswd.pm
Installing /nix/store/9bjjxbzky6n3fj7cy2l4c69h6zaq2i8x-perl5.32.0-String-MkPasswd-0.05/share/man/man1/mkpasswd.pl.1
Installing /nix/store/9bjjxbzky6n3fj7cy2l4c69h6zaq2i8x-perl5.32.0-String-MkPasswd-0.05/share/man/man3/String::MkPasswd.3
Installing /nix/store/9bjjxbzky6n3fj7cy2l4c69h6zaq2i8x-perl5.32.0-String-MkPasswd-0.05/bin/mkpasswd.pl
Appending installation info to /nix/store/9bjjxbzky6n3fj7cy2l4c69h6zaq2i8x-perl5.32.0-String-MkPasswd-0.05/lib/perl5/5.32.0/x86_64-linux-thread-multi/perllocal.pod
post-installation fixup
Moving /nix/store/9bjjxbzky6n3fj7cy2l4c69h6zaq2i8x-perl5.32.0-String-MkPasswd-0.05/share/man/man3 to /nix/store/j8yk7y3m3kyflagqlzhsc3zh3gj896r7-perl5.32.0-String-MkPasswd-0.05-devdoc/share/man/man3
rmdir: failed to remove '/nix/store/9bjjxbzky6n3fj7cy2l4c69h6zaq2i8x-perl5.32.0-String-MkPasswd-0.05/share/man': Directory not empty
shrinking RPATHs of ELF executables and libraries in /nix/store/9bjjxbzky6n3fj7cy2l4c69h6zaq2i8x-perl5.32.0-String-MkPasswd-0.05
gzipping man pages under /nix/store/9bjjxbzky6n3fj7cy2l4c69h6zaq2i8x-perl5.32.0-String-MkPasswd-0.05/share/man/
strip is /nix/store/psyzbhp4p088sb9qcs378hfbslcalasl-binutils-2.31.1/bin/strip
stripping (with command strip and flags -S) in /nix/store/9bjjxbzky6n3fj7cy2l4c69h6zaq2i8x-perl5.32.0-String-MkPasswd-0.05/lib  /nix/store/9bjjxbzky6n3fj7cy2l4c69h6zaq2i8x-perl5.32.0-String-MkPasswd-0.05/bin
patching script interpreter paths in /nix/store/9bjjxbzky6n3fj7cy2l4c69h6zaq2i8x-perl5.32.0-String-MkPasswd-0.05
checking for references to /build/ in /nix/store/9bjjxbzky6n3fj7cy2l4c69h6zaq2i8x-perl5.32.0-String-MkPasswd-0.05...
shrinking RPATHs of ELF executables and libraries in /nix/store/j8yk7y3m3kyflagqlzhsc3zh3gj896r7-perl5.32.0-String-MkPasswd-0.05-devdoc
gzipping man pages under /nix/store/j8yk7y3m3kyflagqlzhsc3zh3gj896r7-perl5.32.0-String-MkPasswd-0.05-devdoc/share/man/
strip is /nix/store/psyzbhp4p088sb9qcs378hfbslcalasl-binutils-2.31.1/bin/strip
patching script interpreter paths in /nix/store/j8yk7y3m3kyflagqlzhsc3zh3gj896r7-perl5.32.0-String-MkPasswd-0.05-devdoc
checking for references to /build/ in /nix/store/j8yk7y3m3kyflagqlzhsc3zh3gj896r7-perl5.32.0-String-MkPasswd-0.05-devdoc...
/nix/store/9bjjxbzky6n3fj7cy2l4c69h6zaq2i8x-perl5.32.0-String-MkPasswd-0.05
