these derivations will be built:
  /nix/store/xvwz89j77j9dnh9865j5bsbc5lrn07hg-perl5.32.0-Twiggy-0.1025.drv
  /nix/store/gyi34abmxp83rvpirljx5qnzq2mr9pkm-perl5.32.0-Task-Plack-0.28.drv
these paths will be fetched (0.07 MiB download, 0.07 MiB unpacked):
  /nix/store/98yhlldblf584bhm86zn1ycb1xappfjv-Task-Plack-0.28.tar.gz
  /nix/store/f661ng7g497jrvihkxax8f5rn5zgzwd2-Twiggy-0.1025.tar.gz
copying path '/nix/store/98yhlldblf584bhm86zn1ycb1xappfjv-Task-Plack-0.28.tar.gz' from 'https://cache.nixos.org'...
copying path '/nix/store/f661ng7g497jrvihkxax8f5rn5zgzwd2-Twiggy-0.1025.tar.gz' from 'https://cache.nixos.org'...
building '/nix/store/xvwz89j77j9dnh9865j5bsbc5lrn07hg-perl5.32.0-Twiggy-0.1025.drv'...
unpacking sources
unpacking source archive /nix/store/f661ng7g497jrvihkxax8f5rn5zgzwd2-Twiggy-0.1025.tar.gz
source root is Twiggy-0.1025
setting SOURCE_DATE_EPOCH to timestamp 1420322419 of file Twiggy-0.1025/t/release-pod-syntax.t
patching sources
configuring
patching ./script/twiggy...
patching ./t/release-pod-syntax.t...
patching ./eg/chat-websocket/chat.psgi...
Checking if your kit is complete...
Looks good
Generating a Unix-style Makefile
Writing Makefile for Twiggy
Writing MYMETA.yml and MYMETA.json
no configure script, doing nothing
building
build flags: SHELL=/nix/store/9fqwwd4iybmhjqyxiaxycknslw6bgwh1-bash-4.4-p23/bin/bash
cp lib/Twiggy/Server/SS.pm blib/lib/Twiggy/Server/SS.pm
cp lib/Twiggy.pm blib/lib/Twiggy.pm
cp lib/Plack/Handler/Twiggy.pm blib/lib/Plack/Handler/Twiggy.pm
cp lib/Twiggy/Server.pm blib/lib/Twiggy/Server.pm
cp lib/AnyEvent/Server/PSGI.pm blib/lib/AnyEvent/Server/PSGI.pm
cp script/twiggy blib/script/twiggy
"/nix/store/7c044di03qa7qgr5kjjc2d787aspzp0m-perl-5.32.0/bin/perl" -MExtUtils::MY -e 'MY->fixin(shift)' -- blib/script/twiggy
Manifying 1 pod document
Manifying 2 pod documents
running tests
check flags: SHELL=/nix/store/9fqwwd4iybmhjqyxiaxycknslw6bgwh1-bash-4.4-p23/bin/bash VERBOSE=y test
PERL_DL_NONLAZY=1 "/nix/store/7c044di03qa7qgr5kjjc2d787aspzp0m-perl-5.32.0/bin/perl" "-MExtUtils::Command::MM" "-MTest::Harness" "-e" "undef *Test::Harness::Switches; test_harness(0, 'blib/lib', 'blib/arch')" t/*.t
t/00_compile.t .................. ok
t/anyevent.t .................... skipped: Test requires module 'HTTP::Parser::XS' but it's not found
t/anyevent_closed_connection.t .. ok
t/anyevent_closed_streaming.t ... skipped: Test requires module 'AnyEvent::HTTP' but it's not found
t/anyevent_extensions.t ......... ok
t/anyevent_manyconnections.t .... skipped: Slow test skipped unless $ENV{TEST_SLOW} is set
t/anyevent_server_starter.t ..... skipped: Test requires module 'Server::Starter' but it's not found
t/anyevent_slow_post.t .......... ok
t/deflater.t .................... skipped: Test requires module 'Plack::Middleware::Deflater' but it's not found
t/disconnect.t .................. ok
t/release-pod-syntax.t .......... skipped: these tests are for release candidate testing
All tests successful.
Files=11, Tests=22,  4 wallclock secs ( 0.07 usr  0.03 sys +  1.52 cusr  1.25 csys =  2.87 CPU)
Result: PASS
installing
install flags: SHELL=/nix/store/9fqwwd4iybmhjqyxiaxycknslw6bgwh1-bash-4.4-p23/bin/bash pkgconfigdir=/nix/store/3i2cwxssy6cwrq01srxh6jb0k96436vh-perl5.32.0-Twiggy-0.1025/lib/pkgconfig m4datadir=/nix/store/3i2cwxssy6cwrq01srxh6jb0k96436vh-perl5.32.0-Twiggy-0.1025/share/aclocal aclocaldir=/nix/store/3i2cwxssy6cwrq01srxh6jb0k96436vh-perl5.32.0-Twiggy-0.1025/share/aclocal install
Manifying 1 pod document
Manifying 2 pod documents
Installing /nix/store/3i2cwxssy6cwrq01srxh6jb0k96436vh-perl5.32.0-Twiggy-0.1025/lib/perl5/site_perl/5.32.0/Twiggy.pm
Installing /nix/store/3i2cwxssy6cwrq01srxh6jb0k96436vh-perl5.32.0-Twiggy-0.1025/lib/perl5/site_perl/5.32.0/AnyEvent/Server/PSGI.pm
Installing /nix/store/3i2cwxssy6cwrq01srxh6jb0k96436vh-perl5.32.0-Twiggy-0.1025/lib/perl5/site_perl/5.32.0/Twiggy/Server.pm
Installing /nix/store/3i2cwxssy6cwrq01srxh6jb0k96436vh-perl5.32.0-Twiggy-0.1025/lib/perl5/site_perl/5.32.0/Twiggy/Server/SS.pm
Installing /nix/store/3i2cwxssy6cwrq01srxh6jb0k96436vh-perl5.32.0-Twiggy-0.1025/lib/perl5/site_perl/5.32.0/Plack/Handler/Twiggy.pm
Installing /nix/store/3i2cwxssy6cwrq01srxh6jb0k96436vh-perl5.32.0-Twiggy-0.1025/share/man/man1/twiggy.1
Installing /nix/store/3i2cwxssy6cwrq01srxh6jb0k96436vh-perl5.32.0-Twiggy-0.1025/share/man/man3/Twiggy.3
Installing /nix/store/3i2cwxssy6cwrq01srxh6jb0k96436vh-perl5.32.0-Twiggy-0.1025/share/man/man3/Plack::Handler::Twiggy.3
Installing /nix/store/3i2cwxssy6cwrq01srxh6jb0k96436vh-perl5.32.0-Twiggy-0.1025/bin/twiggy
Appending installation info to /nix/store/3i2cwxssy6cwrq01srxh6jb0k96436vh-perl5.32.0-Twiggy-0.1025/lib/perl5/5.32.0/x86_64-linux-thread-multi/perllocal.pod
post-installation fixup
Moving /nix/store/3i2cwxssy6cwrq01srxh6jb0k96436vh-perl5.32.0-Twiggy-0.1025/share/man/man3 to /nix/store/amj9h5wsa3w7mpvi9r7kb0nb3n2va21y-perl5.32.0-Twiggy-0.1025-devdoc/share/man/man3
rmdir: failed to remove '/nix/store/3i2cwxssy6cwrq01srxh6jb0k96436vh-perl5.32.0-Twiggy-0.1025/share/man': Directory not empty
shrinking RPATHs of ELF executables and libraries in /nix/store/3i2cwxssy6cwrq01srxh6jb0k96436vh-perl5.32.0-Twiggy-0.1025
gzipping man pages under /nix/store/3i2cwxssy6cwrq01srxh6jb0k96436vh-perl5.32.0-Twiggy-0.1025/share/man/
strip is /nix/store/psyzbhp4p088sb9qcs378hfbslcalasl-binutils-2.31.1/bin/strip
stripping (with command strip and flags -S) in /nix/store/3i2cwxssy6cwrq01srxh6jb0k96436vh-perl5.32.0-Twiggy-0.1025/lib  /nix/store/3i2cwxssy6cwrq01srxh6jb0k96436vh-perl5.32.0-Twiggy-0.1025/bin
patching script interpreter paths in /nix/store/3i2cwxssy6cwrq01srxh6jb0k96436vh-perl5.32.0-Twiggy-0.1025
checking for references to /build/ in /nix/store/3i2cwxssy6cwrq01srxh6jb0k96436vh-perl5.32.0-Twiggy-0.1025...
shrinking RPATHs of ELF executables and libraries in /nix/store/amj9h5wsa3w7mpvi9r7kb0nb3n2va21y-perl5.32.0-Twiggy-0.1025-devdoc
gzipping man pages under /nix/store/amj9h5wsa3w7mpvi9r7kb0nb3n2va21y-perl5.32.0-Twiggy-0.1025-devdoc/share/man/
strip is /nix/store/psyzbhp4p088sb9qcs378hfbslcalasl-binutils-2.31.1/bin/strip
patching script interpreter paths in /nix/store/amj9h5wsa3w7mpvi9r7kb0nb3n2va21y-perl5.32.0-Twiggy-0.1025-devdoc
checking for references to /build/ in /nix/store/amj9h5wsa3w7mpvi9r7kb0nb3n2va21y-perl5.32.0-Twiggy-0.1025-devdoc...
building '/nix/store/gyi34abmxp83rvpirljx5qnzq2mr9pkm-perl5.32.0-Task-Plack-0.28.drv'...
unpacking sources
unpacking source archive /nix/store/98yhlldblf584bhm86zn1ycb1xappfjv-Task-Plack-0.28.tar.gz
source root is Task-Plack-0.28
setting SOURCE_DATE_EPOCH to timestamp 1368396232 of file Task-Plack-0.28/xt/synopsis.t
patching sources
configuring
patching ./t/release-pod-syntax.t...
no configure script, doing nothing
building
Creating new 'Build' script for 'Task-Plack' version '0.28'
cp lib/Task/Plack.pm blib/lib/Task/Plack.pm
running tests
t/00_compile.t .......... ok
t/release-pod-syntax.t .. skipped: these tests are for release candidate testing
All tests successful.
Files=2, Tests=1,  1 wallclock secs ( 0.08 usr  0.10 sys +  0.48 cusr  0.58 csys =  1.24 CPU)
Result: PASS
installing
Installing /nix/store/100w0ycbc9lvhjrnrwlhr0rsmx53ygq8-perl5.32.0-Task-Plack-0.28/lib/perl5/site_perl/5.32.0/Task/Plack.pm
Installing /nix/store/100w0ycbc9lvhjrnrwlhr0rsmx53ygq8-perl5.32.0-Task-Plack-0.28/share/man/man3/Task::Plack.3
post-installation fixup
Moving /nix/store/100w0ycbc9lvhjrnrwlhr0rsmx53ygq8-perl5.32.0-Task-Plack-0.28/share/man/man3 to /nix/store/pxmvwapgv6axkrcclp5bac6x01z803bb-perl5.32.0-Task-Plack-0.28-devdoc/share/man/man3
Removing empty /nix/store/100w0ycbc9lvhjrnrwlhr0rsmx53ygq8-perl5.32.0-Task-Plack-0.28/share/man/ and (possibly) its parents
shrinking RPATHs of ELF executables and libraries in /nix/store/100w0ycbc9lvhjrnrwlhr0rsmx53ygq8-perl5.32.0-Task-Plack-0.28
strip is /nix/store/psyzbhp4p088sb9qcs378hfbslcalasl-binutils-2.31.1/bin/strip
stripping (with command strip and flags -S) in /nix/store/100w0ycbc9lvhjrnrwlhr0rsmx53ygq8-perl5.32.0-Task-Plack-0.28/lib
patching script interpreter paths in /nix/store/100w0ycbc9lvhjrnrwlhr0rsmx53ygq8-perl5.32.0-Task-Plack-0.28
checking for references to /build/ in /nix/store/100w0ycbc9lvhjrnrwlhr0rsmx53ygq8-perl5.32.0-Task-Plack-0.28...
shrinking RPATHs of ELF executables and libraries in /nix/store/pxmvwapgv6axkrcclp5bac6x01z803bb-perl5.32.0-Task-Plack-0.28-devdoc
gzipping man pages under /nix/store/pxmvwapgv6axkrcclp5bac6x01z803bb-perl5.32.0-Task-Plack-0.28-devdoc/share/man/
strip is /nix/store/psyzbhp4p088sb9qcs378hfbslcalasl-binutils-2.31.1/bin/strip
patching script interpreter paths in /nix/store/pxmvwapgv6axkrcclp5bac6x01z803bb-perl5.32.0-Task-Plack-0.28-devdoc
checking for references to /build/ in /nix/store/pxmvwapgv6axkrcclp5bac6x01z803bb-perl5.32.0-Task-Plack-0.28-devdoc...
/nix/store/100w0ycbc9lvhjrnrwlhr0rsmx53ygq8-perl5.32.0-Task-Plack-0.28
