these derivations will be built:
  /nix/store/pqbvn5x81w89904rp5amx0in298a4irx-perl5.32.0-Test-Pod-No404s-0.02.drv
these paths will be fetched (0.02 MiB download, 0.02 MiB unpacked):
  /nix/store/bk5b0kk14hpnfd15hfzbi84hhl0hcll3-Test-Pod-No404s-0.02.tar.gz
copying path '/nix/store/bk5b0kk14hpnfd15hfzbi84hhl0hcll3-Test-Pod-No404s-0.02.tar.gz' from 'https://cache.nixos.org'...
building '/nix/store/pqbvn5x81w89904rp5amx0in298a4irx-perl5.32.0-Test-Pod-No404s-0.02.drv'...
unpacking sources
unpacking source archive /nix/store/bk5b0kk14hpnfd15hfzbi84hhl0hcll3-Test-Pod-No404s-0.02.tar.gz
source root is Test-Pod-No404s-0.02
setting SOURCE_DATE_EPOCH to timestamp 1414895846 of file Test-Pod-No404s-0.02/t/apocalypse.t
patching sources
configuring
patching ./examples/simple.pl...
patching ./t/apocalypse.t...
Congratulations, your toolchain understands 'configure_requires'!

Checking if your kit is complete...
Looks good
Generating a Unix-style Makefile
Writing Makefile for Test::Pod::No404s
Writing MYMETA.yml and MYMETA.json
no configure script, doing nothing
building
Creating new 'Build' script for 'Test-Pod-No404s' version '0.02'
cp lib/Test/Pod/No404s.pm blib/lib/Test/Pod/No404s.pm
running tests
t/00-compile.t ................ ok
t/000-report-versions-tiny.t .. #
#
# Generated by Dist::Zilla::Plugin::ReportVersions::Tiny v1.10
# perl: 5.032000 (wanted 5.006) on linux from /nix/store/7c044di03qa7qgr5kjjc2d787aspzp0m-perl-5.32.0/bin/perl
#
# Exporter                                      => 5.74       (want any version)
# ExtUtils::MakeMaker                           => 7.44       (want any version)
# File::Spec                                    => 3.78       (want any version)
# File::Temp                                    => 0.2309     (want any version)
# IO::Handle                                    => 1.42       (want any version)
# IPC::Open3                                    => 1.21       (want any version)
# LWP::UserAgent                                => 6.45       (want any version)
# Module::Build::Tiny                           => 0.039      (want 0.039)
# Pod::Simple::Text                             => 3.40       (want any version)
# Test::Builder                                 => 1.302175   (want any version)
# Test::More                                    => 1.302175   (want 0.88)
# Test::Pod                                     => 1.52       (want any version)
# URI::Find                                     => 20160806   (want any version)
# parent                                        => 0.238      (want any version)
# strict                                        => 1.11       (want any version)
# warnings                                      => 1.47       (want any version)
#
# Thanks for using my code.  I hope it works for you.
# If not, please try and include this output in the bug report.
# That will help me reproduce the issue and solve your problem.
#
t/000-report-versions-tiny.t .. ok
t/apocalypse.t ................ skipped: Test::Apocalypse required for validating the distribution
All tests successful.
Files=3, Tests=2,  1 wallclock secs ( 0.03 usr  0.03 sys +  0.55 cusr  0.34 csys =  0.95 CPU)
Result: PASS
installing
Installing /nix/store/40bnb1mhl4c5ib7ijbmd96xlxkk1zffr-perl5.32.0-Test-Pod-No404s-0.02/lib/perl5/site_perl/5.32.0/Test/Pod/No404s.pm
Installing /nix/store/40bnb1mhl4c5ib7ijbmd96xlxkk1zffr-perl5.32.0-Test-Pod-No404s-0.02/share/man/man3/Test::Pod::No404s.3
post-installation fixup
Moving /nix/store/40bnb1mhl4c5ib7ijbmd96xlxkk1zffr-perl5.32.0-Test-Pod-No404s-0.02/share/man/man3 to /nix/store/qwzmwdl8z7w6yvr1602dsrv6r0h7l4wf-perl5.32.0-Test-Pod-No404s-0.02-devdoc/share/man/man3
Removing empty /nix/store/40bnb1mhl4c5ib7ijbmd96xlxkk1zffr-perl5.32.0-Test-Pod-No404s-0.02/share/man/ and (possibly) its parents
shrinking RPATHs of ELF executables and libraries in /nix/store/40bnb1mhl4c5ib7ijbmd96xlxkk1zffr-perl5.32.0-Test-Pod-No404s-0.02
strip is /nix/store/psyzbhp4p088sb9qcs378hfbslcalasl-binutils-2.31.1/bin/strip
stripping (with command strip and flags -S) in /nix/store/40bnb1mhl4c5ib7ijbmd96xlxkk1zffr-perl5.32.0-Test-Pod-No404s-0.02/lib
patching script interpreter paths in /nix/store/40bnb1mhl4c5ib7ijbmd96xlxkk1zffr-perl5.32.0-Test-Pod-No404s-0.02
checking for references to /build/ in /nix/store/40bnb1mhl4c5ib7ijbmd96xlxkk1zffr-perl5.32.0-Test-Pod-No404s-0.02...
shrinking RPATHs of ELF executables and libraries in /nix/store/qwzmwdl8z7w6yvr1602dsrv6r0h7l4wf-perl5.32.0-Test-Pod-No404s-0.02-devdoc
gzipping man pages under /nix/store/qwzmwdl8z7w6yvr1602dsrv6r0h7l4wf-perl5.32.0-Test-Pod-No404s-0.02-devdoc/share/man/
strip is /nix/store/psyzbhp4p088sb9qcs378hfbslcalasl-binutils-2.31.1/bin/strip
patching script interpreter paths in /nix/store/qwzmwdl8z7w6yvr1602dsrv6r0h7l4wf-perl5.32.0-Test-Pod-No404s-0.02-devdoc
checking for references to /build/ in /nix/store/qwzmwdl8z7w6yvr1602dsrv6r0h7l4wf-perl5.32.0-Test-Pod-No404s-0.02-devdoc...
/nix/store/40bnb1mhl4c5ib7ijbmd96xlxkk1zffr-perl5.32.0-Test-Pod-No404s-0.02
