these derivations will be built:
  /nix/store/q3j254z3rgwil098147951arqs0a7k7z-perl5.32.0-Test-Mock-Guard-0.10.drv
these paths will be fetched (0.01 MiB download, 0.01 MiB unpacked):
  /nix/store/dx6wpchffwz70lbnfnw5cz5jr0h0k54x-Test-Mock-Guard-0.10.tar.gz
copying path '/nix/store/dx6wpchffwz70lbnfnw5cz5jr0h0k54x-Test-Mock-Guard-0.10.tar.gz' from 'https://cache.nixos.org'...
building '/nix/store/q3j254z3rgwil098147951arqs0a7k7z-perl5.32.0-Test-Mock-Guard-0.10.drv'...
unpacking sources
unpacking source archive /nix/store/dx6wpchffwz70lbnfnw5cz5jr0h0k54x-Test-Mock-Guard-0.10.tar.gz
source root is Test-Mock-Guard-0.10
setting SOURCE_DATE_EPOCH to timestamp 1389862717 of file Test-Mock-Guard-0.10/t/99_exception.t
patching sources
configuring
no configure script, doing nothing
building
Created MYMETA.yml and MYMETA.json
Creating new 'Build' script for 'Test-Mock-Guard' version '0.10'
Merging cpanfile prereqs to MYMETA.yml
Merging cpanfile prereqs to MYMETA.json
Building Test-Mock-Guard
running tests
t/00_compile.t ............. ok
t/01_basic.t ............... ok
t/02_reoverride.t .......... ok
t/03_unregistered.t ........ ok
t/04_multi_class.t ......... ok
t/05_object.t .............. ok
t/06_mixied.t .............. ok
t/07_reset.t ............... ok
t/08_call_count.t .......... ok
t/09_prototypes.t .......... ok
t/10_instance_and_class.t .. ok
t/99_exception.t ........... ok
All tests successful.
Files=12, Tests=216,  1 wallclock secs ( 0.05 usr  0.03 sys +  0.89 cusr  0.43 csys =  1.40 CPU)
Result: PASS
installing
Building Test-Mock-Guard
Installing /nix/store/b2q79ri22y1xpqjhnchxxc8crgmcxdxg-perl5.32.0-Test-Mock-Guard-0.10/lib/perl5/site_perl/5.32.0/Test/Mock/Guard.pm
Installing /nix/store/b2q79ri22y1xpqjhnchxxc8crgmcxdxg-perl5.32.0-Test-Mock-Guard-0.10/share/man/man3/Test::Mock::Guard.3
post-installation fixup
Moving /nix/store/b2q79ri22y1xpqjhnchxxc8crgmcxdxg-perl5.32.0-Test-Mock-Guard-0.10/share/man/man3 to /nix/store/jvhq333vminyw3iaqdi2g8lqjmnamdd6-perl5.32.0-Test-Mock-Guard-0.10-devdoc/share/man/man3
Removing empty /nix/store/b2q79ri22y1xpqjhnchxxc8crgmcxdxg-perl5.32.0-Test-Mock-Guard-0.10/share/man/ and (possibly) its parents
shrinking RPATHs of ELF executables and libraries in /nix/store/b2q79ri22y1xpqjhnchxxc8crgmcxdxg-perl5.32.0-Test-Mock-Guard-0.10
strip is /nix/store/psyzbhp4p088sb9qcs378hfbslcalasl-binutils-2.31.1/bin/strip
stripping (with command strip and flags -S) in /nix/store/b2q79ri22y1xpqjhnchxxc8crgmcxdxg-perl5.32.0-Test-Mock-Guard-0.10/lib
patching script interpreter paths in /nix/store/b2q79ri22y1xpqjhnchxxc8crgmcxdxg-perl5.32.0-Test-Mock-Guard-0.10
checking for references to /build/ in /nix/store/b2q79ri22y1xpqjhnchxxc8crgmcxdxg-perl5.32.0-Test-Mock-Guard-0.10...
shrinking RPATHs of ELF executables and libraries in /nix/store/jvhq333vminyw3iaqdi2g8lqjmnamdd6-perl5.32.0-Test-Mock-Guard-0.10-devdoc
gzipping man pages under /nix/store/jvhq333vminyw3iaqdi2g8lqjmnamdd6-perl5.32.0-Test-Mock-Guard-0.10-devdoc/share/man/
strip is /nix/store/psyzbhp4p088sb9qcs378hfbslcalasl-binutils-2.31.1/bin/strip
patching script interpreter paths in /nix/store/jvhq333vminyw3iaqdi2g8lqjmnamdd6-perl5.32.0-Test-Mock-Guard-0.10-devdoc
checking for references to /build/ in /nix/store/jvhq333vminyw3iaqdi2g8lqjmnamdd6-perl5.32.0-Test-Mock-Guard-0.10-devdoc...
/nix/store/b2q79ri22y1xpqjhnchxxc8crgmcxdxg-perl5.32.0-Test-Mock-Guard-0.10
