these derivations will be built:
  /nix/store/rb5ms5whbw7wqddd8zif1b3pfpsr061v-perl5.32.0-Text-NSP-1.31.drv
these paths will be fetched (0.97 MiB download, 0.97 MiB unpacked):
  /nix/store/pk3ikx4fj7jd6lc3rjfx25i68z3hf1hz-Text-NSP-1.31.tar.gz
copying path '/nix/store/pk3ikx4fj7jd6lc3rjfx25i68z3hf1hz-Text-NSP-1.31.tar.gz' from 'https://cache.nixos.org'...
building '/nix/store/rb5ms5whbw7wqddd8zif1b3pfpsr061v-perl5.32.0-Text-NSP-1.31.drv'...
unpacking sources
unpacking source archive /nix/store/pk3ikx4fj7jd6lc3rjfx25i68z3hf1hz-Text-NSP-1.31.tar.gz
source root is Text-NSP-1.31
setting SOURCE_DATE_EPOCH to timestamp 1443975920 of file Text-NSP-1.31/META.yml
patching sources
configuring
patching ./doc/update-pod.sh...
patching ./Testing/kocos/integration/error-handling.sh...
patching ./Testing/kocos/integration/normal-op.sh...
patching ./Testing/kocos/unit/error-handling.sh...
patching ./Testing/kocos/unit/normal-op.sh...
patching ./Testing/huge-sort/testA2.sh...
patching ./Testing/huge-sort/testB1.sh...
patching ./Testing/huge-sort/testA3.sh...
patching ./Testing/huge-sort/testA1.sh...
patching ./Testing/huge-sort/error-handling.sh...
patching ./Testing/huge-sort/normal-op.sh...
patching ./Testing/rightFisher/error-handling.sh...
patching ./Testing/rightFisher/normal-op.sh...
patching ./Testing/huge-merge/testA2.sh...
patching ./Testing/huge-merge/testB1.sh...
patching ./Testing/huge-merge/testA3.sh...
patching ./Testing/huge-merge/testA1.sh...
patching ./Testing/huge-merge/testB2.sh...
patching ./Testing/huge-merge/error-handling.sh...
patching ./Testing/huge-merge/normal-op.sh...
patching ./Testing/leftFisher/error-handling.sh...
patching ./Testing/leftFisher/normal-op.sh...
patching ./Testing/x2/error-handling.sh...
patching ./Testing/x2/normal-op.sh...
patching ./Testing/tmi3/error-handling.sh...
patching ./Testing/tmi3/normal-op.sh...
patching ./Testing/statistic/error-handling.sh...
patching ./Testing/statistic/normal-op.sh...
patching ./Testing/phi/error-handling.sh...
patching ./Testing/phi/normal-op.sh...
patching ./Testing/tmi/error-handling.sh...
patching ./Testing/tmi/normal-op.sh...
patching ./Testing/count2huge/testA4.sh...
patching ./Testing/count2huge/testA2.sh...
patching ./Testing/count2huge/testB1.sh...
patching ./Testing/count2huge/testA3.sh...
patching ./Testing/count2huge/testA1.sh...
patching ./Testing/count2huge/error-handling.sh...
patching ./Testing/count2huge/normal-op.sh...
patching ./Testing/ll3/error-handling.sh...
patching ./Testing/ll3/normal-op.sh...
patching ./Testing/ALL-TESTS.sh...
patching ./Testing/tscore/error-handling.sh...
patching ./Testing/tscore/normal-op.sh...
patching ./Testing/dice/error-handling.sh...
patching ./Testing/dice/normal-op.sh...
patching ./Testing/huge-delete/testA4.sh...
patching ./Testing/huge-delete/testA2.sh...
patching ./Testing/huge-delete/testB1.sh...
patching ./Testing/huge-delete/testA3.sh...
patching ./Testing/huge-delete/testA1.sh...
patching ./Testing/huge-delete/error-handling.sh...
patching ./Testing/huge-delete/normal-op.sh...
patching ./Testing/pmi/error-handling.sh...
patching ./Testing/pmi/normal-op.sh...
patching ./Testing/ll/error-handling.sh...
patching ./Testing/ll/normal-op.sh...
patching ./Testing/huge-count/testA4.sh...
patching ./Testing/huge-count/testA11.sh...
patching ./Testing/huge-count/testA2.sh...
patching ./Testing/huge-count/testB1.sh...
patching ./Testing/huge-count/lc.pl...
patching ./Testing/huge-count/testA3.sh...
patching ./Testing/huge-count/testA5.sh...
patching ./Testing/huge-count/testA7.sh...
patching ./Testing/huge-count/testA1.sh...
patching ./Testing/huge-count/testA10.sh...
patching ./Testing/huge-count/testA12.sh...
patching ./Testing/huge-count/testA9.sh...
patching ./Testing/huge-count/error-handling.sh...
patching ./Testing/huge-count/testA6.sh...
patching ./Testing/huge-count/normal-op.sh...
patching ./Testing/odds/error-handling.sh...
patching ./Testing/odds/normal-op.sh...
patching ./Testing/combig/testA4.sh...
patching ./Testing/combig/testA2.sh...
patching ./Testing/combig/testB1.sh...
patching ./Testing/combig/testA3.sh...
patching ./Testing/combig/testA5.sh...
patching ./Testing/combig/testA1.sh...
patching ./Testing/combig/testB2.sh...
patching ./Testing/combig/error-handling.sh...
patching ./Testing/combig/testA6.sh...
patching ./Testing/combig/testB3.sh...
patching ./Testing/combig/normal-op.sh...
patching ./Testing/huge-split/testB1.sh...
patching ./Testing/huge-split/testA1.sh...
patching ./Testing/huge-split/error-handling.sh...
patching ./Testing/huge-split/normal-op.sh...
patching ./Testing/rank/error-handling.sh...
patching ./Testing/rank/normal-op.sh...
patching ./Testing/find-compounds/testA2.sh...
patching ./Testing/find-compounds/testA1.sh...
patching ./Testing/find-compounds/normal-op.sh...
patching ./Testing/count/error-handling.sh...
patching ./Testing/count/normal-op.sh...
patching ./bin/count.pl...
patching ./bin/statistic.pl...
patching ./bin/utils/huge-split.pl...
patching ./bin/utils/kocos.pl...
patching ./bin/utils/rank-script.sh...
patching ./bin/utils/deprecated/sort-bigrams.pl...
patching ./bin/utils/deprecated/huge-combine.pl...
patching ./bin/utils/deprecated/split-data.pl...
patching ./bin/utils/deprecated/huge-count.pl...
patching ./bin/utils/kocos-script.sh...
patching ./bin/utils/combig-script.sh...
patching ./bin/utils/rank.pl...
patching ./bin/utils/contributed/huge-combine3.pl...
patching ./bin/utils/contributed/huge-count3.pl...
patching ./bin/utils/contributed/sort-trigrams.pl...
patching ./bin/utils/huge-merge.pl...
patching ./bin/utils/find-compounds.pl...
patching ./bin/utils/huge-sort.pl...
patching ./bin/utils/huge-delete.pl...
patching ./bin/utils/combig.pl...
patching ./bin/utils/huge-count.pl...
patching ./bin/utils/count2huge.pl...
Checking if your kit is complete...
Looks good
Generating a Unix-style Makefile
Writing Makefile for Text::NSP
Writing MYMETA.yml and MYMETA.json
no configure script, doing nothing
building
build flags: SHELL=/nix/store/9fqwwd4iybmhjqyxiaxycknslw6bgwh1-bash-4.4-p23/bin/bash
cp lib/Text/NSP/Measures/3D/MI/ps.pm blib/lib/Text/NSP/Measures/3D/MI/ps.pm
cp lib/Text/NSP/Measures.pm blib/lib/Text/NSP/Measures.pm
cp lib/Text/NSP/Measures/3D/MI.pm blib/lib/Text/NSP/Measures/3D/MI.pm
cp lib/Text/NSP/Measures/2D/Dice/dice.pm blib/lib/Text/NSP/Measures/2D/Dice/dice.pm
cp lib/Text/NSP/Measures/2D/MI.pm blib/lib/Text/NSP/Measures/2D/MI.pm
cp lib/Text/NSP/Measures/2D/Fisher/right.pm blib/lib/Text/NSP/Measures/2D/Fisher/right.pm
cp lib/Text/NSP/Measures/2D/CHI/x2.pm blib/lib/Text/NSP/Measures/2D/CHI/x2.pm
cp lib/Text/NSP/Measures/2D/Fisher2.pm blib/lib/Text/NSP/Measures/2D/Fisher2.pm
cp lib/Text/NSP/Measures/3D.pm blib/lib/Text/NSP/Measures/3D.pm
cp lib/Text/NSP/Measures/3D/MI/pmi.pm blib/lib/Text/NSP/Measures/3D/MI/pmi.pm
cp lib/Text/NSP/Measures/2D/Fisher2/twotailed.pm blib/lib/Text/NSP/Measures/2D/Fisher2/twotailed.pm
cp lib/Text/NSP/Measures/2D/MI/ll.pm blib/lib/Text/NSP/Measures/2D/MI/ll.pm
cp lib/Text/NSP/Measures/2D.pm blib/lib/Text/NSP/Measures/2D.pm
cp lib/Text/NSP/Measures/2D/Dice/jaccard.pm blib/lib/Text/NSP/Measures/2D/Dice/jaccard.pm
cp lib/Text/NSP/Measures/2D/Fisher2/right.pm blib/lib/Text/NSP/Measures/2D/Fisher2/right.pm
cp lib/Text/NSP/Measures/3D/MI/ll.pm blib/lib/Text/NSP/Measures/3D/MI/ll.pm
cp lib/Text/NSP/Measures/2D/CHI.pm blib/lib/Text/NSP/Measures/2D/CHI.pm
cp lib/Text/NSP/Measures/2D/CHI/phi.pm blib/lib/Text/NSP/Measures/2D/CHI/phi.pm
cp lib/Text/NSP/Measures/2D/Fisher.pm blib/lib/Text/NSP/Measures/2D/Fisher.pm
cp lib/Text/NSP/Measures/2D/MI/pmi.pm blib/lib/Text/NSP/Measures/2D/MI/pmi.pm
cp lib/Text/NSP/Measures/2D/Dice.pm blib/lib/Text/NSP/Measures/2D/Dice.pm
cp lib/Text/NSP/Measures/4D/MI.pm blib/lib/Text/NSP/Measures/4D/MI.pm
cp lib/Text/NSP/Measures/2D/MI/tmi.pm blib/lib/Text/NSP/Measures/2D/MI/tmi.pm
cp lib/Text/NSP/Measures/3D/MI/tmi.pm blib/lib/Text/NSP/Measures/3D/MI/tmi.pm
cp lib/Text/NSP/Measures/4D/MI/ll.pm blib/lib/Text/NSP/Measures/4D/MI/ll.pm
cp lib/Text/NSP/Measures/2D/Fisher/twotailed.pm blib/lib/Text/NSP/Measures/2D/Fisher/twotailed.pm
cp lib/Text/NSP/Measures/2D/odds.pm blib/lib/Text/NSP/Measures/2D/odds.pm
cp lib/Text/NSP/Measures/4D.pm blib/lib/Text/NSP/Measures/4D.pm
cp lib/Text/NSP/Measures/2D/MI/ps.pm blib/lib/Text/NSP/Measures/2D/MI/ps.pm
cp lib/Text/NSP/Measures/2D/Fisher/left.pm blib/lib/Text/NSP/Measures/2D/Fisher/left.pm
cp lib/Text/NSP/Measures/2D/CHI/tscore.pm blib/lib/Text/NSP/Measures/2D/CHI/tscore.pm
cp lib/Text/NSP/Measures/2D/Fisher2/left.pm blib/lib/Text/NSP/Measures/2D/Fisher2/left.pm
cp lib/Text/NSP.pm blib/lib/Text/NSP.pm
cp bin/utils/combig-script.sh blib/script/combig-script.sh
"/nix/store/7c044di03qa7qgr5kjjc2d787aspzp0m-perl-5.32.0/bin/perl" -MExtUtils::MY -e 'MY->fixin(shift)' -- blib/script/combig-script.sh
cp bin/utils/combig.pl blib/script/combig.pl
"/nix/store/7c044di03qa7qgr5kjjc2d787aspzp0m-perl-5.32.0/bin/perl" -MExtUtils::MY -e 'MY->fixin(shift)' -- blib/script/combig.pl
cp bin/count.pl blib/script/count.pl
"/nix/store/7c044di03qa7qgr5kjjc2d787aspzp0m-perl-5.32.0/bin/perl" -MExtUtils::MY -e 'MY->fixin(shift)' -- blib/script/count.pl
cp bin/utils/count2huge.pl blib/script/count2huge.pl
"/nix/store/7c044di03qa7qgr5kjjc2d787aspzp0m-perl-5.32.0/bin/perl" -MExtUtils::MY -e 'MY->fixin(shift)' -- blib/script/count2huge.pl
cp bin/utils/find-compounds.pl blib/script/find-compounds.pl
"/nix/store/7c044di03qa7qgr5kjjc2d787aspzp0m-perl-5.32.0/bin/perl" -MExtUtils::MY -e 'MY->fixin(shift)' -- blib/script/find-compounds.pl
cp bin/utils/huge-count.pl blib/script/huge-count.pl
"/nix/store/7c044di03qa7qgr5kjjc2d787aspzp0m-perl-5.32.0/bin/perl" -MExtUtils::MY -e 'MY->fixin(shift)' -- blib/script/huge-count.pl
cp bin/utils/huge-delete.pl blib/script/huge-delete.pl
"/nix/store/7c044di03qa7qgr5kjjc2d787aspzp0m-perl-5.32.0/bin/perl" -MExtUtils::MY -e 'MY->fixin(shift)' -- blib/script/huge-delete.pl
cp bin/utils/huge-merge.pl blib/script/huge-merge.pl
"/nix/store/7c044di03qa7qgr5kjjc2d787aspzp0m-perl-5.32.0/bin/perl" -MExtUtils::MY -e 'MY->fixin(shift)' -- blib/script/huge-merge.pl
cp bin/utils/huge-sort.pl blib/script/huge-sort.pl
"/nix/store/7c044di03qa7qgr5kjjc2d787aspzp0m-perl-5.32.0/bin/perl" -MExtUtils::MY -e 'MY->fixin(shift)' -- blib/script/huge-sort.pl
cp bin/utils/huge-split.pl blib/script/huge-split.pl
"/nix/store/7c044di03qa7qgr5kjjc2d787aspzp0m-perl-5.32.0/bin/perl" -MExtUtils::MY -e 'MY->fixin(shift)' -- blib/script/huge-split.pl
cp bin/utils/kocos-script.sh blib/script/kocos-script.sh
"/nix/store/7c044di03qa7qgr5kjjc2d787aspzp0m-perl-5.32.0/bin/perl" -MExtUtils::MY -e 'MY->fixin(shift)' -- blib/script/kocos-script.sh
cp bin/utils/kocos.pl blib/script/kocos.pl
"/nix/store/7c044di03qa7qgr5kjjc2d787aspzp0m-perl-5.32.0/bin/perl" -MExtUtils::MY -e 'MY->fixin(shift)' -- blib/script/kocos.pl
cp bin/utils/rank-script.sh blib/script/rank-script.sh
"/nix/store/7c044di03qa7qgr5kjjc2d787aspzp0m-perl-5.32.0/bin/perl" -MExtUtils::MY -e 'MY->fixin(shift)' -- blib/script/rank-script.sh
cp bin/utils/rank.pl blib/script/rank.pl
"/nix/store/7c044di03qa7qgr5kjjc2d787aspzp0m-perl-5.32.0/bin/perl" -MExtUtils::MY -e 'MY->fixin(shift)' -- blib/script/rank.pl
cp bin/statistic.pl blib/script/statistic.pl
"/nix/store/7c044di03qa7qgr5kjjc2d787aspzp0m-perl-5.32.0/bin/perl" -MExtUtils::MY -e 'MY->fixin(shift)' -- blib/script/statistic.pl
Manifying 12 pod documents
Manifying 28 pod documents
Manifying 5 pod documents
running tests
check flags: SHELL=/nix/store/9fqwwd4iybmhjqyxiaxycknslw6bgwh1-bash-4.4-p23/bin/bash VERBOSE=y test
PERL_DL_NONLAZY=1 "/nix/store/7c044di03qa7qgr5kjjc2d787aspzp0m-perl-5.32.0/bin/perl" "-MExtUtils::Command::MM" "-MTest::Harness" "-e" "undef *Test::Harness::Switches; test_harness(0, 'blib/lib', 'blib/arch')" t/*.t
t/Text-NSP-Measures-2D-CHI-phi.t ........... ok
t/Text-NSP-Measures-2D-CHI-tscore.t ........ ok
t/Text-NSP-Measures-2D-CHI-x2-1.03.t ....... ok
t/Text-NSP-Measures-2D-CHI-x2.t ............ ok
t/Text-NSP-Measures-2D-CHI.t ............... ok
t/Text-NSP-Measures-2D-dice.t .............. ok
t/Text-NSP-Measures-2D-Fisher-left.t ....... ok
t/Text-NSP-Measures-2D-Fisher-right.t ...... ok
t/Text-NSP-Measures-2D-Fisher-twotailed.t .. ok
t/Text-NSP-Measures-2D-Fisher.t ............ ok
t/Text-NSP-Measures-2D-jaccard.t ........... ok
t/Text-NSP-Measures-2D-MI-ll-1.03.t ........ ok
t/Text-NSP-Measures-2D-MI-ll.t ............. ok
t/Text-NSP-Measures-2D-MI-pmi.t ............ ok
t/Text-NSP-Measures-2D-MI-ps.t ............. ok
t/Text-NSP-Measures-2D-MI-tmi.t ............ ok
t/Text-NSP-Measures-2D-MI.t ................ ok
t/Text-NSP-Measures-2D-odds.t .............. ok
t/Text-NSP-Measures-2D.t ................... ok
t/Text-NSP-Measures-3D-MI-ll-1.03.t ........ ok
t/Text-NSP-Measures-3D-MI-ll.t ............. ok
t/Text-NSP-Measures-3D-MI-pmi.t ............ ok
t/Text-NSP-Measures-3D-MI-ps.t ............. ok
t/Text-NSP-Measures-3D-MI-tmi.t ............ ok
t/Text-NSP-Measures-3D-MI.t ................ ok
t/Text-NSP-Measures-4D-MI-ll.t ............. ok
t/Text-NSP-Measures-4D-MI.t ................ ok
t/Text-NSP-Measures.t ...................... ok
t/Text-NSP.t ............................... ok
All tests successful.
Files=29, Tests=397,  1 wallclock secs ( 0.09 usr  0.01 sys +  0.27 cusr  0.05 csys =  0.42 CPU)
Result: PASS
installing
install flags: SHELL=/nix/store/9fqwwd4iybmhjqyxiaxycknslw6bgwh1-bash-4.4-p23/bin/bash pkgconfigdir=/nix/store/ba632wma33a5dhyq28mprphbr6swqhfg-perl5.32.0-Text-NSP-1.31/lib/pkgconfig m4datadir=/nix/store/ba632wma33a5dhyq28mprphbr6swqhfg-perl5.32.0-Text-NSP-1.31/share/aclocal aclocaldir=/nix/store/ba632wma33a5dhyq28mprphbr6swqhfg-perl5.32.0-Text-NSP-1.31/share/aclocal install
Manifying 12 pod documents
Manifying 28 pod documents
Manifying 5 pod documents
Installing /nix/store/ba632wma33a5dhyq28mprphbr6swqhfg-perl5.32.0-Text-NSP-1.31/lib/perl5/site_perl/5.32.0/Text/NSP.pm
Installing /nix/store/ba632wma33a5dhyq28mprphbr6swqhfg-perl5.32.0-Text-NSP-1.31/lib/perl5/site_perl/5.32.0/Text/NSP/Measures.pm
Installing /nix/store/ba632wma33a5dhyq28mprphbr6swqhfg-perl5.32.0-Text-NSP-1.31/lib/perl5/site_perl/5.32.0/Text/NSP/Measures/2D.pm
Installing /nix/store/ba632wma33a5dhyq28mprphbr6swqhfg-perl5.32.0-Text-NSP-1.31/lib/perl5/site_perl/5.32.0/Text/NSP/Measures/4D.pm
Installing /nix/store/ba632wma33a5dhyq28mprphbr6swqhfg-perl5.32.0-Text-NSP-1.31/lib/perl5/site_perl/5.32.0/Text/NSP/Measures/3D.pm
Installing /nix/store/ba632wma33a5dhyq28mprphbr6swqhfg-perl5.32.0-Text-NSP-1.31/lib/perl5/site_perl/5.32.0/Text/NSP/Measures/2D/Fisher.pm
Installing /nix/store/ba632wma33a5dhyq28mprphbr6swqhfg-perl5.32.0-Text-NSP-1.31/lib/perl5/site_perl/5.32.0/Text/NSP/Measures/2D/CHI.pm
Installing /nix/store/ba632wma33a5dhyq28mprphbr6swqhfg-perl5.32.0-Text-NSP-1.31/lib/perl5/site_perl/5.32.0/Text/NSP/Measures/2D/Fisher2.pm
Installing /nix/store/ba632wma33a5dhyq28mprphbr6swqhfg-perl5.32.0-Text-NSP-1.31/lib/perl5/site_perl/5.32.0/Text/NSP/Measures/2D/Dice.pm
Installing /nix/store/ba632wma33a5dhyq28mprphbr6swqhfg-perl5.32.0-Text-NSP-1.31/lib/perl5/site_perl/5.32.0/Text/NSP/Measures/2D/MI.pm
Installing /nix/store/ba632wma33a5dhyq28mprphbr6swqhfg-perl5.32.0-Text-NSP-1.31/lib/perl5/site_perl/5.32.0/Text/NSP/Measures/2D/odds.pm
Installing /nix/store/ba632wma33a5dhyq28mprphbr6swqhfg-perl5.32.0-Text-NSP-1.31/lib/perl5/site_perl/5.32.0/Text/NSP/Measures/2D/MI/pmi.pm
Installing /nix/store/ba632wma33a5dhyq28mprphbr6swqhfg-perl5.32.0-Text-NSP-1.31/lib/perl5/site_perl/5.32.0/Text/NSP/Measures/2D/MI/ll.pm
Installing /nix/store/ba632wma33a5dhyq28mprphbr6swqhfg-perl5.32.0-Text-NSP-1.31/lib/perl5/site_perl/5.32.0/Text/NSP/Measures/2D/MI/tmi.pm
Installing /nix/store/ba632wma33a5dhyq28mprphbr6swqhfg-perl5.32.0-Text-NSP-1.31/lib/perl5/site_perl/5.32.0/Text/NSP/Measures/2D/MI/ps.pm
Installing /nix/store/ba632wma33a5dhyq28mprphbr6swqhfg-perl5.32.0-Text-NSP-1.31/lib/perl5/site_perl/5.32.0/Text/NSP/Measures/2D/Fisher/twotailed.pm
Installing /nix/store/ba632wma33a5dhyq28mprphbr6swqhfg-perl5.32.0-Text-NSP-1.31/lib/perl5/site_perl/5.32.0/Text/NSP/Measures/2D/Fisher/right.pm
Installing /nix/store/ba632wma33a5dhyq28mprphbr6swqhfg-perl5.32.0-Text-NSP-1.31/lib/perl5/site_perl/5.32.0/Text/NSP/Measures/2D/Fisher/left.pm
Installing /nix/store/ba632wma33a5dhyq28mprphbr6swqhfg-perl5.32.0-Text-NSP-1.31/lib/perl5/site_perl/5.32.0/Text/NSP/Measures/2D/Fisher2/twotailed.pm
Installing /nix/store/ba632wma33a5dhyq28mprphbr6swqhfg-perl5.32.0-Text-NSP-1.31/lib/perl5/site_perl/5.32.0/Text/NSP/Measures/2D/Fisher2/right.pm
Installing /nix/store/ba632wma33a5dhyq28mprphbr6swqhfg-perl5.32.0-Text-NSP-1.31/lib/perl5/site_perl/5.32.0/Text/NSP/Measures/2D/Fisher2/left.pm
Installing /nix/store/ba632wma33a5dhyq28mprphbr6swqhfg-perl5.32.0-Text-NSP-1.31/lib/perl5/site_perl/5.32.0/Text/NSP/Measures/2D/CHI/x2.pm
Installing /nix/store/ba632wma33a5dhyq28mprphbr6swqhfg-perl5.32.0-Text-NSP-1.31/lib/perl5/site_perl/5.32.0/Text/NSP/Measures/2D/CHI/tscore.pm
Installing /nix/store/ba632wma33a5dhyq28mprphbr6swqhfg-perl5.32.0-Text-NSP-1.31/lib/perl5/site_perl/5.32.0/Text/NSP/Measures/2D/CHI/phi.pm
Installing /nix/store/ba632wma33a5dhyq28mprphbr6swqhfg-perl5.32.0-Text-NSP-1.31/lib/perl5/site_perl/5.32.0/Text/NSP/Measures/2D/Dice/dice.pm
Installing /nix/store/ba632wma33a5dhyq28mprphbr6swqhfg-perl5.32.0-Text-NSP-1.31/lib/perl5/site_perl/5.32.0/Text/NSP/Measures/2D/Dice/jaccard.pm
Installing /nix/store/ba632wma33a5dhyq28mprphbr6swqhfg-perl5.32.0-Text-NSP-1.31/lib/perl5/site_perl/5.32.0/Text/NSP/Measures/3D/MI.pm
Installing /nix/store/ba632wma33a5dhyq28mprphbr6swqhfg-perl5.32.0-Text-NSP-1.31/lib/perl5/site_perl/5.32.0/Text/NSP/Measures/3D/MI/pmi.pm
Installing /nix/store/ba632wma33a5dhyq28mprphbr6swqhfg-perl5.32.0-Text-NSP-1.31/lib/perl5/site_perl/5.32.0/Text/NSP/Measures/3D/MI/ll.pm
Installing /nix/store/ba632wma33a5dhyq28mprphbr6swqhfg-perl5.32.0-Text-NSP-1.31/lib/perl5/site_perl/5.32.0/Text/NSP/Measures/3D/MI/tmi.pm
Installing /nix/store/ba632wma33a5dhyq28mprphbr6swqhfg-perl5.32.0-Text-NSP-1.31/lib/perl5/site_perl/5.32.0/Text/NSP/Measures/3D/MI/ps.pm
Installing /nix/store/ba632wma33a5dhyq28mprphbr6swqhfg-perl5.32.0-Text-NSP-1.31/lib/perl5/site_perl/5.32.0/Text/NSP/Measures/4D/MI.pm
Installing /nix/store/ba632wma33a5dhyq28mprphbr6swqhfg-perl5.32.0-Text-NSP-1.31/lib/perl5/site_perl/5.32.0/Text/NSP/Measures/4D/MI/ll.pm
Installing /nix/store/ba632wma33a5dhyq28mprphbr6swqhfg-perl5.32.0-Text-NSP-1.31/share/man/man1/count.pl.1
Installing /nix/store/ba632wma33a5dhyq28mprphbr6swqhfg-perl5.32.0-Text-NSP-1.31/share/man/man1/huge-count.pl.1
Installing /nix/store/ba632wma33a5dhyq28mprphbr6swqhfg-perl5.32.0-Text-NSP-1.31/share/man/man1/huge-delete.pl.1
Installing /nix/store/ba632wma33a5dhyq28mprphbr6swqhfg-perl5.32.0-Text-NSP-1.31/share/man/man1/rank.pl.1
Installing /nix/store/ba632wma33a5dhyq28mprphbr6swqhfg-perl5.32.0-Text-NSP-1.31/share/man/man1/statistic.pl.1
Installing /nix/store/ba632wma33a5dhyq28mprphbr6swqhfg-perl5.32.0-Text-NSP-1.31/share/man/man1/huge-merge.pl.1
Installing /nix/store/ba632wma33a5dhyq28mprphbr6swqhfg-perl5.32.0-Text-NSP-1.31/share/man/man1/kocos.pl.1
Installing /nix/store/ba632wma33a5dhyq28mprphbr6swqhfg-perl5.32.0-Text-NSP-1.31/share/man/man1/count2huge.pl.1
Installing /nix/store/ba632wma33a5dhyq28mprphbr6swqhfg-perl5.32.0-Text-NSP-1.31/share/man/man1/find-compounds.pl.1
Installing /nix/store/ba632wma33a5dhyq28mprphbr6swqhfg-perl5.32.0-Text-NSP-1.31/share/man/man1/huge-sort.pl.1
Installing /nix/store/ba632wma33a5dhyq28mprphbr6swqhfg-perl5.32.0-Text-NSP-1.31/share/man/man1/huge-split.pl.1
Installing /nix/store/ba632wma33a5dhyq28mprphbr6swqhfg-perl5.32.0-Text-NSP-1.31/share/man/man1/combig.pl.1
Installing /nix/store/ba632wma33a5dhyq28mprphbr6swqhfg-perl5.32.0-Text-NSP-1.31/share/man/man3/Text::NSP::Measures::2D::MI::pmi.3
Installing /nix/store/ba632wma33a5dhyq28mprphbr6swqhfg-perl5.32.0-Text-NSP-1.31/share/man/man3/Text::NSP::Measures::2D.3
Installing /nix/store/ba632wma33a5dhyq28mprphbr6swqhfg-perl5.32.0-Text-NSP-1.31/share/man/man3/Text::NSP::Measures::2D::MI.3
Installing /nix/store/ba632wma33a5dhyq28mprphbr6swqhfg-perl5.32.0-Text-NSP-1.31/share/man/man3/Text::NSP::Measures::3D::MI.3
Installing /nix/store/ba632wma33a5dhyq28mprphbr6swqhfg-perl5.32.0-Text-NSP-1.31/share/man/man3/Text::NSP::Measures::4D.3
Installing /nix/store/ba632wma33a5dhyq28mprphbr6swqhfg-perl5.32.0-Text-NSP-1.31/share/man/man3/Text::NSP::Measures::3D.3
Installing /nix/store/ba632wma33a5dhyq28mprphbr6swqhfg-perl5.32.0-Text-NSP-1.31/share/man/man3/Text::NSP::Measures::2D::Fisher2::left.3
Installing /nix/store/ba632wma33a5dhyq28mprphbr6swqhfg-perl5.32.0-Text-NSP-1.31/share/man/man3/Text::NSP::Measures::4D::MI.3
Installing /nix/store/ba632wma33a5dhyq28mprphbr6swqhfg-perl5.32.0-Text-NSP-1.31/share/man/man3/Text::NSP::Measures::2D::odds.3
Installing /nix/store/ba632wma33a5dhyq28mprphbr6swqhfg-perl5.32.0-Text-NSP-1.31/share/man/man3/Text::NSP::Measures::3D::MI::ps.3
Installing /nix/store/ba632wma33a5dhyq28mprphbr6swqhfg-perl5.32.0-Text-NSP-1.31/share/man/man3/Text::NSP::Measures::2D::CHI::phi.3
Installing /nix/store/ba632wma33a5dhyq28mprphbr6swqhfg-perl5.32.0-Text-NSP-1.31/share/man/man3/Text::NSP::Measures::3D::MI::pmi.3
Installing /nix/store/ba632wma33a5dhyq28mprphbr6swqhfg-perl5.32.0-Text-NSP-1.31/share/man/man3/Text::NSP::Measures::2D::Fisher2::twotailed.3
Installing /nix/store/ba632wma33a5dhyq28mprphbr6swqhfg-perl5.32.0-Text-NSP-1.31/share/man/man3/Text::NSP::Measures::3D::MI::tmi.3
Installing /nix/store/ba632wma33a5dhyq28mprphbr6swqhfg-perl5.32.0-Text-NSP-1.31/share/man/man3/Text::NSP::Measures::4D::MI::ll.3
Installing /nix/store/ba632wma33a5dhyq28mprphbr6swqhfg-perl5.32.0-Text-NSP-1.31/share/man/man3/Text::NSP::Measures::2D::Dice.3
Installing /nix/store/ba632wma33a5dhyq28mprphbr6swqhfg-perl5.32.0-Text-NSP-1.31/share/man/man3/Text::NSP::Measures::2D::CHI::tscore.3
Installing /nix/store/ba632wma33a5dhyq28mprphbr6swqhfg-perl5.32.0-Text-NSP-1.31/share/man/man3/Text::NSP::Measures::2D::Fisher::right.3
Installing /nix/store/ba632wma33a5dhyq28mprphbr6swqhfg-perl5.32.0-Text-NSP-1.31/share/man/man3/Text::NSP::Measures::2D::MI::tmi.3
Installing /nix/store/ba632wma33a5dhyq28mprphbr6swqhfg-perl5.32.0-Text-NSP-1.31/share/man/man3/Text::NSP::Measures::2D::MI::ps.3
Installing /nix/store/ba632wma33a5dhyq28mprphbr6swqhfg-perl5.32.0-Text-NSP-1.31/share/man/man3/Text::NSP::Measures::2D::Fisher.3
Installing /nix/store/ba632wma33a5dhyq28mprphbr6swqhfg-perl5.32.0-Text-NSP-1.31/share/man/man3/Text::NSP::Measures::2D::Fisher::twotailed.3
Installing /nix/store/ba632wma33a5dhyq28mprphbr6swqhfg-perl5.32.0-Text-NSP-1.31/share/man/man3/Text::NSP::Measures::2D::MI::ll.3
Installing /nix/store/ba632wma33a5dhyq28mprphbr6swqhfg-perl5.32.0-Text-NSP-1.31/share/man/man3/Text::NSP.3
Installing /nix/store/ba632wma33a5dhyq28mprphbr6swqhfg-perl5.32.0-Text-NSP-1.31/share/man/man3/Text::NSP::Measures::2D::Dice::dice.3
Installing /nix/store/ba632wma33a5dhyq28mprphbr6swqhfg-perl5.32.0-Text-NSP-1.31/share/man/man3/Text::NSP::Measures::2D::Fisher::left.3
Installing /nix/store/ba632wma33a5dhyq28mprphbr6swqhfg-perl5.32.0-Text-NSP-1.31/share/man/man3/Text::NSP::Measures::3D::MI::ll.3
Installing /nix/store/ba632wma33a5dhyq28mprphbr6swqhfg-perl5.32.0-Text-NSP-1.31/share/man/man3/Text::NSP::Measures::2D::Fisher2.3
Installing /nix/store/ba632wma33a5dhyq28mprphbr6swqhfg-perl5.32.0-Text-NSP-1.31/share/man/man3/Text::NSP::Measures.3
Installing /nix/store/ba632wma33a5dhyq28mprphbr6swqhfg-perl5.32.0-Text-NSP-1.31/share/man/man3/Text::NSP::Measures::2D::Fisher2::right.3
Installing /nix/store/ba632wma33a5dhyq28mprphbr6swqhfg-perl5.32.0-Text-NSP-1.31/share/man/man3/Text::NSP::Measures::2D::CHI.3
Installing /nix/store/ba632wma33a5dhyq28mprphbr6swqhfg-perl5.32.0-Text-NSP-1.31/share/man/man3/Text::NSP::Measures::2D::CHI::x2.3
Installing /nix/store/ba632wma33a5dhyq28mprphbr6swqhfg-perl5.32.0-Text-NSP-1.31/share/man/man3/Text::NSP::Measures::2D::Dice::jaccard.3
Installing /nix/store/ba632wma33a5dhyq28mprphbr6swqhfg-perl5.32.0-Text-NSP-1.31/bin/huge-split.pl
Installing /nix/store/ba632wma33a5dhyq28mprphbr6swqhfg-perl5.32.0-Text-NSP-1.31/bin/kocos.pl
Installing /nix/store/ba632wma33a5dhyq28mprphbr6swqhfg-perl5.32.0-Text-NSP-1.31/bin/count.pl
Installing /nix/store/ba632wma33a5dhyq28mprphbr6swqhfg-perl5.32.0-Text-NSP-1.31/bin/rank-script.sh
Installing /nix/store/ba632wma33a5dhyq28mprphbr6swqhfg-perl5.32.0-Text-NSP-1.31/bin/statistic.pl
Installing /nix/store/ba632wma33a5dhyq28mprphbr6swqhfg-perl5.32.0-Text-NSP-1.31/bin/kocos-script.sh
Installing /nix/store/ba632wma33a5dhyq28mprphbr6swqhfg-perl5.32.0-Text-NSP-1.31/bin/combig-script.sh
Installing /nix/store/ba632wma33a5dhyq28mprphbr6swqhfg-perl5.32.0-Text-NSP-1.31/bin/rank.pl
Installing /nix/store/ba632wma33a5dhyq28mprphbr6swqhfg-perl5.32.0-Text-NSP-1.31/bin/huge-merge.pl
Installing /nix/store/ba632wma33a5dhyq28mprphbr6swqhfg-perl5.32.0-Text-NSP-1.31/bin/find-compounds.pl
Installing /nix/store/ba632wma33a5dhyq28mprphbr6swqhfg-perl5.32.0-Text-NSP-1.31/bin/huge-sort.pl
Installing /nix/store/ba632wma33a5dhyq28mprphbr6swqhfg-perl5.32.0-Text-NSP-1.31/bin/huge-delete.pl
Installing /nix/store/ba632wma33a5dhyq28mprphbr6swqhfg-perl5.32.0-Text-NSP-1.31/bin/combig.pl
Installing /nix/store/ba632wma33a5dhyq28mprphbr6swqhfg-perl5.32.0-Text-NSP-1.31/bin/huge-count.pl
Installing /nix/store/ba632wma33a5dhyq28mprphbr6swqhfg-perl5.32.0-Text-NSP-1.31/bin/count2huge.pl
Appending installation info to /nix/store/ba632wma33a5dhyq28mprphbr6swqhfg-perl5.32.0-Text-NSP-1.31/lib/perl5/5.32.0/x86_64-linux-thread-multi/perllocal.pod
post-installation fixup
Moving /nix/store/ba632wma33a5dhyq28mprphbr6swqhfg-perl5.32.0-Text-NSP-1.31/share/man/man3 to /nix/store/d906hxxv1w5a85hkspkwprwxw1gaz18x-perl5.32.0-Text-NSP-1.31-devdoc/share/man/man3
rmdir: failed to remove '/nix/store/ba632wma33a5dhyq28mprphbr6swqhfg-perl5.32.0-Text-NSP-1.31/share/man': Directory not empty
shrinking RPATHs of ELF executables and libraries in /nix/store/ba632wma33a5dhyq28mprphbr6swqhfg-perl5.32.0-Text-NSP-1.31
gzipping man pages under /nix/store/ba632wma33a5dhyq28mprphbr6swqhfg-perl5.32.0-Text-NSP-1.31/share/man/
strip is /nix/store/psyzbhp4p088sb9qcs378hfbslcalasl-binutils-2.31.1/bin/strip
stripping (with command strip and flags -S) in /nix/store/ba632wma33a5dhyq28mprphbr6swqhfg-perl5.32.0-Text-NSP-1.31/lib  /nix/store/ba632wma33a5dhyq28mprphbr6swqhfg-perl5.32.0-Text-NSP-1.31/bin
patching script interpreter paths in /nix/store/ba632wma33a5dhyq28mprphbr6swqhfg-perl5.32.0-Text-NSP-1.31
checking for references to /build/ in /nix/store/ba632wma33a5dhyq28mprphbr6swqhfg-perl5.32.0-Text-NSP-1.31...
shrinking RPATHs of ELF executables and libraries in /nix/store/d906hxxv1w5a85hkspkwprwxw1gaz18x-perl5.32.0-Text-NSP-1.31-devdoc
gzipping man pages under /nix/store/d906hxxv1w5a85hkspkwprwxw1gaz18x-perl5.32.0-Text-NSP-1.31-devdoc/share/man/
strip is /nix/store/psyzbhp4p088sb9qcs378hfbslcalasl-binutils-2.31.1/bin/strip
patching script interpreter paths in /nix/store/d906hxxv1w5a85hkspkwprwxw1gaz18x-perl5.32.0-Text-NSP-1.31-devdoc
checking for references to /build/ in /nix/store/d906hxxv1w5a85hkspkwprwxw1gaz18x-perl5.32.0-Text-NSP-1.31-devdoc...
/nix/store/ba632wma33a5dhyq28mprphbr6swqhfg-perl5.32.0-Text-NSP-1.31
