these derivations will be built:
  /nix/store/36v14jl6w3cp7pwbcn13d4387ika87km-perl5.32.0-Text-Quoted-2.10.drv
these paths will be fetched (0.03 MiB download, 0.03 MiB unpacked):
  /nix/store/d77spfj4jdykm3b2j2yvhal6rd3z6r84-Text-Quoted-2.10.tar.gz
copying path '/nix/store/d77spfj4jdykm3b2j2yvhal6rd3z6r84-Text-Quoted-2.10.tar.gz' from 'https://cache.nixos.org'...
building '/nix/store/36v14jl6w3cp7pwbcn13d4387ika87km-perl5.32.0-Text-Quoted-2.10.drv'...
unpacking sources
unpacking source archive /nix/store/d77spfj4jdykm3b2j2yvhal6rd3z6r84-Text-Quoted-2.10.tar.gz
source root is Text-Quoted-2.10
setting SOURCE_DATE_EPOCH to timestamp 1532626978 of file Text-Quoted-2.10/Changes
patching sources
configuring
patching ./t/life_sample.3.t...
Checking if your kit is complete...
Looks good
Generating a Unix-style Makefile
Writing Makefile for Text::Quoted
Writing MYMETA.yml and MYMETA.json
no configure script, doing nothing
building
build flags: SHELL=/nix/store/9fqwwd4iybmhjqyxiaxycknslw6bgwh1-bash-4.4-p23/bin/bash
cp lib/Text/Quoted.pm blib/lib/Text/Quoted.pm
Manifying 1 pod document
running tests
check flags: SHELL=/nix/store/9fqwwd4iybmhjqyxiaxycknslw6bgwh1-bash-4.4-p23/bin/bash VERBOSE=y test
PERL_DL_NONLAZY=1 "/nix/store/7c044di03qa7qgr5kjjc2d787aspzp0m-perl-5.32.0/bin/perl" "-MExtUtils::Command::MM" "-MTest::Harness" "-e" "undef *Test::Harness::Switches; test_harness(0, 'inc', 'blib/lib', 'blib/arch')" t/*.t
t/basics.t ............... ok
t/empty_text.t ........... ok
t/expand_tab_segfault.t .. ok
t/life_sample.1.t ........ ok
t/life_sample.2.t ........ ok
t/life_sample.3.t ........ ok
t/separator.t ............ ok
All tests successful.
Files=7, Tests=26,  1 wallclock secs ( 0.03 usr  0.01 sys +  0.44 cusr  0.09 csys =  0.57 CPU)
Result: PASS
installing
install flags: SHELL=/nix/store/9fqwwd4iybmhjqyxiaxycknslw6bgwh1-bash-4.4-p23/bin/bash pkgconfigdir=/nix/store/vnhqn98r72cimmsj9gq0pfmdnsgh7f8g-perl5.32.0-Text-Quoted-2.10/lib/pkgconfig m4datadir=/nix/store/vnhqn98r72cimmsj9gq0pfmdnsgh7f8g-perl5.32.0-Text-Quoted-2.10/share/aclocal aclocaldir=/nix/store/vnhqn98r72cimmsj9gq0pfmdnsgh7f8g-perl5.32.0-Text-Quoted-2.10/share/aclocal install
Manifying 1 pod document
Installing /nix/store/vnhqn98r72cimmsj9gq0pfmdnsgh7f8g-perl5.32.0-Text-Quoted-2.10/lib/perl5/site_perl/5.32.0/Text/Quoted.pm
Installing /nix/store/vnhqn98r72cimmsj9gq0pfmdnsgh7f8g-perl5.32.0-Text-Quoted-2.10/share/man/man3/Text::Quoted.3
Appending installation info to /nix/store/vnhqn98r72cimmsj9gq0pfmdnsgh7f8g-perl5.32.0-Text-Quoted-2.10/lib/perl5/5.32.0/x86_64-linux-thread-multi/perllocal.pod
post-installation fixup
Moving /nix/store/vnhqn98r72cimmsj9gq0pfmdnsgh7f8g-perl5.32.0-Text-Quoted-2.10/share/man/man3 to /nix/store/rbvg308prbxjixab6pdrmfv898g1wbm4-perl5.32.0-Text-Quoted-2.10-devdoc/share/man/man3
Removing empty /nix/store/vnhqn98r72cimmsj9gq0pfmdnsgh7f8g-perl5.32.0-Text-Quoted-2.10/share/man/ and (possibly) its parents
shrinking RPATHs of ELF executables and libraries in /nix/store/vnhqn98r72cimmsj9gq0pfmdnsgh7f8g-perl5.32.0-Text-Quoted-2.10
strip is /nix/store/psyzbhp4p088sb9qcs378hfbslcalasl-binutils-2.31.1/bin/strip
stripping (with command strip and flags -S) in /nix/store/vnhqn98r72cimmsj9gq0pfmdnsgh7f8g-perl5.32.0-Text-Quoted-2.10/lib
patching script interpreter paths in /nix/store/vnhqn98r72cimmsj9gq0pfmdnsgh7f8g-perl5.32.0-Text-Quoted-2.10
checking for references to /build/ in /nix/store/vnhqn98r72cimmsj9gq0pfmdnsgh7f8g-perl5.32.0-Text-Quoted-2.10...
shrinking RPATHs of ELF executables and libraries in /nix/store/rbvg308prbxjixab6pdrmfv898g1wbm4-perl5.32.0-Text-Quoted-2.10-devdoc
gzipping man pages under /nix/store/rbvg308prbxjixab6pdrmfv898g1wbm4-perl5.32.0-Text-Quoted-2.10-devdoc/share/man/
strip is /nix/store/psyzbhp4p088sb9qcs378hfbslcalasl-binutils-2.31.1/bin/strip
patching script interpreter paths in /nix/store/rbvg308prbxjixab6pdrmfv898g1wbm4-perl5.32.0-Text-Quoted-2.10-devdoc
checking for references to /build/ in /nix/store/rbvg308prbxjixab6pdrmfv898g1wbm4-perl5.32.0-Text-Quoted-2.10-devdoc...
/nix/store/vnhqn98r72cimmsj9gq0pfmdnsgh7f8g-perl5.32.0-Text-Quoted-2.10
