these derivations will be built:
  /nix/store/grcjmvi725bq26mqcj6n5ww9kl0xjk96-perl5.32.0-Tie-File-1.05.drv
these paths will be fetched (0.07 MiB download, 0.07 MiB unpacked):
  /nix/store/yf3hwf2zrlg8v8dghy5pxzsmn1d88dqg-Tie-File-1.05.tar.gz
copying path '/nix/store/yf3hwf2zrlg8v8dghy5pxzsmn1d88dqg-Tie-File-1.05.tar.gz' from 'https://cache.nixos.org'...
building '/nix/store/grcjmvi725bq26mqcj6n5ww9kl0xjk96-perl5.32.0-Tie-File-1.05.drv'...
unpacking sources
unpacking source archive /nix/store/yf3hwf2zrlg8v8dghy5pxzsmn1d88dqg-Tie-File-1.05.tar.gz
source root is Tie-File-1.05
setting SOURCE_DATE_EPOCH to timestamp 1580110059 of file Tie-File-1.05/META.yml
patching sources
configuring
patching ./t/19_cache.t...
patching ./t/15_pushpop.t...
patching ./t/26_twrite.t...
patching ./t/11_rv_splice_rs.t...
patching ./t/23_rv_ac_splice.t...
patching ./t/09_gen_rs.t...
patching ./t/03_longfetch.t...
patching ./t/29a_upcopy.t...
patching ./t/41_heap.t...
patching ./t/14_lock.t...
patching ./t/05_size.t...
patching ./t/10_splice_rs.t...
patching ./t/28_mtwrite.t...
patching ./t/33_defer_vs.t...
patching ./t/22_autochomp.t...
patching ./t/29_downcopy.t...
patching ./t/30_defer.t...
patching ./t/01_gen.t...
patching ./t/24_cache_loop.t...
patching ./t/13_size_rs.t...
patching ./t/18_rs_fixrec.t...
patching ./t/27_iwrite.t...
patching ./t/16_handle.t...
patching ./t/31_autodefer.t...
patching ./t/21_win32.t...
patching ./t/04_splice.t...
patching ./t/06_fixrec.t...
patching ./t/17_misc_meth.t...
patching ./t/02_fetchsize.t...
patching ./t/07_rv_splice.t...
patching ./t/25_gen_nocache.t...
patching ./t/32_defer_misc.t...
patching ./t/08_ro.t...
patching ./t/42_offset.t...
patching ./t/40_abs_cache.t...
patching ./t/20_cache_full.t...
patching ./t/12_longfetch_rs.t...
Checking if your kit is complete...
Looks good
Generating a Unix-style Makefile
Writing Makefile for Tie::File
Writing MYMETA.yml and MYMETA.json
no configure script, doing nothing
building
build flags: SHELL=/nix/store/9fqwwd4iybmhjqyxiaxycknslw6bgwh1-bash-4.4-p23/bin/bash
cp lib/Tie/File.pm blib/lib/Tie/File.pm
Manifying 1 pod document
running tests
check flags: SHELL=/nix/store/9fqwwd4iybmhjqyxiaxycknslw6bgwh1-bash-4.4-p23/bin/bash VERBOSE=y test
PERL_DL_NONLAZY=1 "/nix/store/7c044di03qa7qgr5kjjc2d787aspzp0m-perl-5.32.0/bin/perl" "-MExtUtils::Command::MM" "-MTest::Harness" "-e" "undef *Test::Harness::Switches; test_harness(0, 'blib/lib', 'blib/arch')" t/*.t
t/01_gen.t ........... ok
t/02_fetchsize.t ..... ok
t/03_longfetch.t ..... ok
t/04_splice.t ........ ok
t/05_size.t .......... ok
t/06_fixrec.t ........ ok
t/07_rv_splice.t ..... ok
t/08_ro.t ............ ok
t/09_gen_rs.t ........ ok
t/10_splice_rs.t ..... ok
t/11_rv_splice_rs.t .. ok
t/12_longfetch_rs.t .. ok
t/13_size_rs.t ....... ok
t/14_lock.t .......... ok
t/15_pushpop.t ....... ok
t/16_handle.t ........ ok
t/17_misc_meth.t ..... ok
t/18_rs_fixrec.t ..... ok
t/19_cache.t ......... ok
t/20_cache_full.t .... ok
t/21_win32.t ......... skipped: (no reason given)
t/22_autochomp.t ..... ok
t/23_rv_ac_splice.t .. ok
t/24_cache_loop.t .... ok
t/25_gen_nocache.t ... ok
t/26_twrite.t ........ ok
t/27_iwrite.t ........ ok
t/28_mtwrite.t ....... ok
t/29_downcopy.t ...... ok
t/29a_upcopy.t ....... ok
t/30_defer.t ......... ok
t/31_autodefer.t ..... ok
t/32_defer_misc.t .... ok
t/33_defer_vs.t ...... ok
t/40_abs_cache.t ..... ok
t/41_heap.t .......... ok
t/42_offset.t ........ ok
All tests successful.
Files=37, Tests=4704,  2 wallclock secs ( 0.31 usr  0.03 sys +  1.15 cusr  0.38 csys =  1.87 CPU)
Result: PASS
installing
install flags: SHELL=/nix/store/9fqwwd4iybmhjqyxiaxycknslw6bgwh1-bash-4.4-p23/bin/bash pkgconfigdir=/nix/store/qh09fr0jph0rml8i4dgbpbhzpck3iz44-perl5.32.0-Tie-File-1.05/lib/pkgconfig m4datadir=/nix/store/qh09fr0jph0rml8i4dgbpbhzpck3iz44-perl5.32.0-Tie-File-1.05/share/aclocal aclocaldir=/nix/store/qh09fr0jph0rml8i4dgbpbhzpck3iz44-perl5.32.0-Tie-File-1.05/share/aclocal install
Manifying 1 pod document
Installing /nix/store/qh09fr0jph0rml8i4dgbpbhzpck3iz44-perl5.32.0-Tie-File-1.05/lib/perl5/site_perl/5.32.0/Tie/File.pm
Installing /nix/store/qh09fr0jph0rml8i4dgbpbhzpck3iz44-perl5.32.0-Tie-File-1.05/share/man/man3/Tie::File.3
Appending installation info to /nix/store/qh09fr0jph0rml8i4dgbpbhzpck3iz44-perl5.32.0-Tie-File-1.05/lib/perl5/5.32.0/x86_64-linux-thread-multi/perllocal.pod
post-installation fixup
Moving /nix/store/qh09fr0jph0rml8i4dgbpbhzpck3iz44-perl5.32.0-Tie-File-1.05/share/man/man3 to /nix/store/l4kdxfb4s5h7mczzdz9yk2nx91i9c1mr-perl5.32.0-Tie-File-1.05-devdoc/share/man/man3
Removing empty /nix/store/qh09fr0jph0rml8i4dgbpbhzpck3iz44-perl5.32.0-Tie-File-1.05/share/man/ and (possibly) its parents
shrinking RPATHs of ELF executables and libraries in /nix/store/qh09fr0jph0rml8i4dgbpbhzpck3iz44-perl5.32.0-Tie-File-1.05
strip is /nix/store/psyzbhp4p088sb9qcs378hfbslcalasl-binutils-2.31.1/bin/strip
stripping (with command strip and flags -S) in /nix/store/qh09fr0jph0rml8i4dgbpbhzpck3iz44-perl5.32.0-Tie-File-1.05/lib
patching script interpreter paths in /nix/store/qh09fr0jph0rml8i4dgbpbhzpck3iz44-perl5.32.0-Tie-File-1.05
checking for references to /build/ in /nix/store/qh09fr0jph0rml8i4dgbpbhzpck3iz44-perl5.32.0-Tie-File-1.05...
shrinking RPATHs of ELF executables and libraries in /nix/store/l4kdxfb4s5h7mczzdz9yk2nx91i9c1mr-perl5.32.0-Tie-File-1.05-devdoc
gzipping man pages under /nix/store/l4kdxfb4s5h7mczzdz9yk2nx91i9c1mr-perl5.32.0-Tie-File-1.05-devdoc/share/man/
strip is /nix/store/psyzbhp4p088sb9qcs378hfbslcalasl-binutils-2.31.1/bin/strip
patching script interpreter paths in /nix/store/l4kdxfb4s5h7mczzdz9yk2nx91i9c1mr-perl5.32.0-Tie-File-1.05-devdoc
checking for references to /build/ in /nix/store/l4kdxfb4s5h7mczzdz9yk2nx91i9c1mr-perl5.32.0-Tie-File-1.05-devdoc...
/nix/store/qh09fr0jph0rml8i4dgbpbhzpck3iz44-perl5.32.0-Tie-File-1.05
