these derivations will be built:
  /nix/store/s13psnx62z15lyg6cj0x23371i18gck0-perl5.32.0-Time-Period-1.25.drv
these paths will be fetched (0.02 MiB download, 0.02 MiB unpacked):
  /nix/store/7wfnplz0kmimzqbb2zswy35hscylxv04-Time-Period-1.25.tar.gz
copying path '/nix/store/7wfnplz0kmimzqbb2zswy35hscylxv04-Time-Period-1.25.tar.gz' from 'https://cache.nixos.org'...
building '/nix/store/s13psnx62z15lyg6cj0x23371i18gck0-perl5.32.0-Time-Period-1.25.drv'...
unpacking sources
unpacking source archive /nix/store/7wfnplz0kmimzqbb2zswy35hscylxv04-Time-Period-1.25.tar.gz
source root is Time-Period-1.25
setting SOURCE_DATE_EPOCH to timestamp 1420345444 of file Time-Period-1.25/t/10_second.t
patching sources
configuring
Checking if your kit is complete...
Looks good
Generating a Unix-style Makefile
Writing Makefile for Time::Period
Writing MYMETA.yml and MYMETA.json
no configure script, doing nothing
building
build flags: SHELL=/nix/store/9fqwwd4iybmhjqyxiaxycknslw6bgwh1-bash-4.4-p23/bin/bash
cp lib/Time/Period.pm blib/lib/Time/Period.pm
Manifying 1 pod document
running tests
check flags: SHELL=/nix/store/9fqwwd4iybmhjqyxiaxycknslw6bgwh1-bash-4.4-p23/bin/bash VERBOSE=y test
PERL_DL_NONLAZY=1 "/nix/store/7c044di03qa7qgr5kjjc2d787aspzp0m-perl-5.32.0/bin/perl" "-MExtUtils::Command::MM" "-MTest::Harness" "-e" "undef *Test::Harness::Switches; test_harness(0, 'blib/lib', 'blib/arch')" t/*.t
t/01_time_period.t .. ok
t/02_weekday.t ...... ok
t/03_year.t ......... ok
t/04_month.t ........ ok
t/05_week.t ......... ok
t/06_year_day.t ..... ok
t/07_month_day.t .... ok
t/08_hour.t ......... ok
t/09_minute.t ....... ok
t/10_second.t ....... ok
All tests successful.
Files=10, Tests=213,  0 wallclock secs ( 0.05 usr  0.01 sys +  0.52 cusr  0.06 csys =  0.64 CPU)
Result: PASS
installing
install flags: SHELL=/nix/store/9fqwwd4iybmhjqyxiaxycknslw6bgwh1-bash-4.4-p23/bin/bash pkgconfigdir=/nix/store/whfif40qsjaj2cnaqg6x65752n2pw65j-perl5.32.0-Time-Period-1.25/lib/pkgconfig m4datadir=/nix/store/whfif40qsjaj2cnaqg6x65752n2pw65j-perl5.32.0-Time-Period-1.25/share/aclocal aclocaldir=/nix/store/whfif40qsjaj2cnaqg6x65752n2pw65j-perl5.32.0-Time-Period-1.25/share/aclocal install
Manifying 1 pod document
Installing /nix/store/whfif40qsjaj2cnaqg6x65752n2pw65j-perl5.32.0-Time-Period-1.25/lib/perl5/site_perl/5.32.0/Time/Period.pm
Installing /nix/store/whfif40qsjaj2cnaqg6x65752n2pw65j-perl5.32.0-Time-Period-1.25/share/man/man3/Time::Period.3
Appending installation info to /nix/store/whfif40qsjaj2cnaqg6x65752n2pw65j-perl5.32.0-Time-Period-1.25/lib/perl5/5.32.0/x86_64-linux-thread-multi/perllocal.pod
post-installation fixup
Moving /nix/store/whfif40qsjaj2cnaqg6x65752n2pw65j-perl5.32.0-Time-Period-1.25/share/man/man3 to /nix/store/cbamvyhnrqrxkvl14186kasc28gqrfgv-perl5.32.0-Time-Period-1.25-devdoc/share/man/man3
Removing empty /nix/store/whfif40qsjaj2cnaqg6x65752n2pw65j-perl5.32.0-Time-Period-1.25/share/man/ and (possibly) its parents
shrinking RPATHs of ELF executables and libraries in /nix/store/whfif40qsjaj2cnaqg6x65752n2pw65j-perl5.32.0-Time-Period-1.25
strip is /nix/store/psyzbhp4p088sb9qcs378hfbslcalasl-binutils-2.31.1/bin/strip
stripping (with command strip and flags -S) in /nix/store/whfif40qsjaj2cnaqg6x65752n2pw65j-perl5.32.0-Time-Period-1.25/lib
patching script interpreter paths in /nix/store/whfif40qsjaj2cnaqg6x65752n2pw65j-perl5.32.0-Time-Period-1.25
checking for references to /build/ in /nix/store/whfif40qsjaj2cnaqg6x65752n2pw65j-perl5.32.0-Time-Period-1.25...
shrinking RPATHs of ELF executables and libraries in /nix/store/cbamvyhnrqrxkvl14186kasc28gqrfgv-perl5.32.0-Time-Period-1.25-devdoc
gzipping man pages under /nix/store/cbamvyhnrqrxkvl14186kasc28gqrfgv-perl5.32.0-Time-Period-1.25-devdoc/share/man/
strip is /nix/store/psyzbhp4p088sb9qcs378hfbslcalasl-binutils-2.31.1/bin/strip
patching script interpreter paths in /nix/store/cbamvyhnrqrxkvl14186kasc28gqrfgv-perl5.32.0-Time-Period-1.25-devdoc
checking for references to /build/ in /nix/store/cbamvyhnrqrxkvl14186kasc28gqrfgv-perl5.32.0-Time-Period-1.25-devdoc...
/nix/store/whfif40qsjaj2cnaqg6x65752n2pw65j-perl5.32.0-Time-Period-1.25
