these derivations will be built:
  /nix/store/m3759avs8l0g0dfaw9zx5zm7xvf373vl-perl5.32.0-Unicode-CheckUTF8-1.03.drv
these paths will be fetched (0.02 MiB download, 0.02 MiB unpacked):
  /nix/store/nyb74yx6cjmxq9jy1ynx51qg2p6aacs8-Unicode-CheckUTF8-1.03.tar.gz
copying path '/nix/store/nyb74yx6cjmxq9jy1ynx51qg2p6aacs8-Unicode-CheckUTF8-1.03.tar.gz' from 'https://cache.nixos.org'...
building '/nix/store/m3759avs8l0g0dfaw9zx5zm7xvf373vl-perl5.32.0-Unicode-CheckUTF8-1.03.drv'...
unpacking sources
unpacking source archive /nix/store/nyb74yx6cjmxq9jy1ynx51qg2p6aacs8-Unicode-CheckUTF8-1.03.tar.gz
source root is Unicode-CheckUTF8-1.03
setting SOURCE_DATE_EPOCH to timestamp 1292879538 of file Unicode-CheckUTF8-1.03/META.yml
patching sources
configuring
Checking if your kit is complete...
Looks good
Typemap /usr/share/perl/5.8/ExtUtils/typemap not found.
Generating a Unix-style Makefile
Writing Makefile for Unicode::CheckUTF8
Writing MYMETA.yml and MYMETA.json
no configure script, doing nothing
building
build flags: SHELL=/nix/store/9fqwwd4iybmhjqyxiaxycknslw6bgwh1-bash-4.4-p23/bin/bash
cp CheckUTF8.pm blib/lib/Unicode/CheckUTF8.pm
Running Mkbootstrap for CheckUTF8 ()
chmod 644 "CheckUTF8.bs"
"/nix/store/7c044di03qa7qgr5kjjc2d787aspzp0m-perl-5.32.0/bin/perl" -MExtUtils::Command::MM -e 'cp_nonempty' -- CheckUTF8.bs blib/arch/auto/Unicode/CheckUTF8/CheckUTF8.bs 644
"/nix/store/7c044di03qa7qgr5kjjc2d787aspzp0m-perl-5.32.0/bin/perl" "/nix/store/7c044di03qa7qgr5kjjc2d787aspzp0m-perl-5.32.0/lib/perl5/5.32.0/ExtUtils/xsubpp"  -typemap '/nix/store/7c044di03qa7qgr5kjjc2d787aspzp0m-perl-5.32.0/lib/perl5/5.32.0/ExtUtils/typemap'  CheckUTF8.xs > CheckUTF8.xsc
mv CheckUTF8.xsc CheckUTF8.c
cc -c   -D_REENTRANT -D_GNU_SOURCE -fwrapv -fno-strict-aliasing -pipe -fstack-protector-strong -I/no-such-path/include -D_LARGEFILE_SOURCE -D_FILE_OFFSET_BITS=64 -O2   -DVERSION=\"1.03\" -DXS_VERSION=\"1.03\" -fPIC "-I/nix/store/7c044di03qa7qgr5kjjc2d787aspzp0m-perl-5.32.0/lib/perl5/5.32.0/x86_64-linux-thread-multi/CORE"   CheckUTF8.c
rm -f blib/arch/auto/Unicode/CheckUTF8/CheckUTF8.so
cc  -shared -O2 -L/nix/store/68pw3wxwkrx0rwzjifm7g1jxy5g2sg1p-glibc-2.31/lib -fstack-protector-strong  CheckUTF8.o  -o blib/arch/auto/Unicode/CheckUTF8/CheckUTF8.so  \
      \

chmod 755 blib/arch/auto/Unicode/CheckUTF8/CheckUTF8.so
Manifying 1 pod document
running tests
check flags: SHELL=/nix/store/9fqwwd4iybmhjqyxiaxycknslw6bgwh1-bash-4.4-p23/bin/bash VERBOSE=y test
"/nix/store/7c044di03qa7qgr5kjjc2d787aspzp0m-perl-5.32.0/bin/perl" -MExtUtils::Command::MM -e 'cp_nonempty' -- CheckUTF8.bs blib/arch/auto/Unicode/CheckUTF8/CheckUTF8.bs 644
PERL_DL_NONLAZY=1 "/nix/store/7c044di03qa7qgr5kjjc2d787aspzp0m-perl-5.32.0/bin/perl" "-MExtUtils::Command::MM" "-MTest::Harness" "-e" "undef *Test::Harness::Switches; test_harness(0, 'blib/lib', 'blib/arch')" t/*.t
t/00-use.t ....... ok
t/01-all.t ....... ok
t/02-lowascii.t .. ok
All tests successful.
Files=3, Tests=225,  0 wallclock secs ( 0.03 usr  0.00 sys +  0.17 cusr  0.02 csys =  0.22 CPU)
Result: PASS
installing
install flags: SHELL=/nix/store/9fqwwd4iybmhjqyxiaxycknslw6bgwh1-bash-4.4-p23/bin/bash pkgconfigdir=/nix/store/1bpahmv9whygmhnp3cmwpscik2r7d8kd-perl5.32.0-Unicode-CheckUTF8-1.03/lib/pkgconfig m4datadir=/nix/store/1bpahmv9whygmhnp3cmwpscik2r7d8kd-perl5.32.0-Unicode-CheckUTF8-1.03/share/aclocal aclocaldir=/nix/store/1bpahmv9whygmhnp3cmwpscik2r7d8kd-perl5.32.0-Unicode-CheckUTF8-1.03/share/aclocal install
"/nix/store/7c044di03qa7qgr5kjjc2d787aspzp0m-perl-5.32.0/bin/perl" -MExtUtils::Command::MM -e 'cp_nonempty' -- CheckUTF8.bs blib/arch/auto/Unicode/CheckUTF8/CheckUTF8.bs 644
Manifying 1 pod document
Files found in blib/arch: installing files in blib/lib into architecture dependent library tree
Installing /nix/store/1bpahmv9whygmhnp3cmwpscik2r7d8kd-perl5.32.0-Unicode-CheckUTF8-1.03/lib/perl5/site_perl/5.32.0/x86_64-linux-thread-multi/auto/Unicode/CheckUTF8/CheckUTF8.so
Installing /nix/store/1bpahmv9whygmhnp3cmwpscik2r7d8kd-perl5.32.0-Unicode-CheckUTF8-1.03/lib/perl5/site_perl/5.32.0/x86_64-linux-thread-multi/Unicode/CheckUTF8.pm
Installing /nix/store/1bpahmv9whygmhnp3cmwpscik2r7d8kd-perl5.32.0-Unicode-CheckUTF8-1.03/share/man/man3/Unicode::CheckUTF8.3
Appending installation info to /nix/store/1bpahmv9whygmhnp3cmwpscik2r7d8kd-perl5.32.0-Unicode-CheckUTF8-1.03/lib/perl5/5.32.0/x86_64-linux-thread-multi/perllocal.pod
post-installation fixup
Moving /nix/store/1bpahmv9whygmhnp3cmwpscik2r7d8kd-perl5.32.0-Unicode-CheckUTF8-1.03/share/man/man3 to /nix/store/2hzjn9i73szgp8hcpqq1v6360ca6s3rb-perl5.32.0-Unicode-CheckUTF8-1.03-devdoc/share/man/man3
Removing empty /nix/store/1bpahmv9whygmhnp3cmwpscik2r7d8kd-perl5.32.0-Unicode-CheckUTF8-1.03/share/man/ and (possibly) its parents
shrinking RPATHs of ELF executables and libraries in /nix/store/1bpahmv9whygmhnp3cmwpscik2r7d8kd-perl5.32.0-Unicode-CheckUTF8-1.03
shrinking /nix/store/1bpahmv9whygmhnp3cmwpscik2r7d8kd-perl5.32.0-Unicode-CheckUTF8-1.03/lib/perl5/site_perl/5.32.0/x86_64-linux-thread-multi/auto/Unicode/CheckUTF8/CheckUTF8.so
strip is /nix/store/psyzbhp4p088sb9qcs378hfbslcalasl-binutils-2.31.1/bin/strip
stripping (with command strip and flags -S) in /nix/store/1bpahmv9whygmhnp3cmwpscik2r7d8kd-perl5.32.0-Unicode-CheckUTF8-1.03/lib
patching script interpreter paths in /nix/store/1bpahmv9whygmhnp3cmwpscik2r7d8kd-perl5.32.0-Unicode-CheckUTF8-1.03
checking for references to /build/ in /nix/store/1bpahmv9whygmhnp3cmwpscik2r7d8kd-perl5.32.0-Unicode-CheckUTF8-1.03...
shrinking RPATHs of ELF executables and libraries in /nix/store/2hzjn9i73szgp8hcpqq1v6360ca6s3rb-perl5.32.0-Unicode-CheckUTF8-1.03-devdoc
gzipping man pages under /nix/store/2hzjn9i73szgp8hcpqq1v6360ca6s3rb-perl5.32.0-Unicode-CheckUTF8-1.03-devdoc/share/man/
strip is /nix/store/psyzbhp4p088sb9qcs378hfbslcalasl-binutils-2.31.1/bin/strip
patching script interpreter paths in /nix/store/2hzjn9i73szgp8hcpqq1v6360ca6s3rb-perl5.32.0-Unicode-CheckUTF8-1.03-devdoc
checking for references to /build/ in /nix/store/2hzjn9i73szgp8hcpqq1v6360ca6s3rb-perl5.32.0-Unicode-CheckUTF8-1.03-devdoc...
/nix/store/1bpahmv9whygmhnp3cmwpscik2r7d8kd-perl5.32.0-Unicode-CheckUTF8-1.03
