these derivations will be built:
  /nix/store/f6rwrnj1xp0jd0f0dqzq1a1s822b5555-perl5.32.0-Unicode-String-2.10.drv
these paths will be fetched (0.11 MiB download, 0.12 MiB unpacked):
  /nix/store/m4l14mlfhi7zf1m605s38k3a5vbqdylm-Unicode-String-2.10.tar.gz
copying path '/nix/store/m4l14mlfhi7zf1m605s38k3a5vbqdylm-Unicode-String-2.10.tar.gz' from 'https://cache.nixos.org'...
building '/nix/store/f6rwrnj1xp0jd0f0dqzq1a1s822b5555-perl5.32.0-Unicode-String-2.10.drv'...
unpacking sources
unpacking source archive /nix/store/m4l14mlfhi7zf1m605s38k3a5vbqdylm-Unicode-String-2.10.tar.gz
source root is Unicode-String-2.10
setting SOURCE_DATE_EPOCH to timestamp 1473365967 of file Unicode-String-2.10/META.yml
patching sources
configuring
patching ./t/encoding.t...
Checking if your kit is complete...
Looks good
Generating a Unix-style Makefile
Writing Makefile for Unicode::String
Writing MYMETA.yml and MYMETA.json
no configure script, doing nothing
building
build flags: SHELL=/nix/store/9fqwwd4iybmhjqyxiaxycknslw6bgwh1-bash-4.4-p23/bin/bash
cp lib/Unicode/CharName.pm blib/lib/Unicode/CharName.pm
cp String.pm blib/lib/Unicode/String.pm
Running Mkbootstrap for String ()
chmod 644 "String.bs"
"/nix/store/7c044di03qa7qgr5kjjc2d787aspzp0m-perl-5.32.0/bin/perl" -MExtUtils::Command::MM -e 'cp_nonempty' -- String.bs blib/arch/auto/Unicode/String/String.bs 644
"/nix/store/7c044di03qa7qgr5kjjc2d787aspzp0m-perl-5.32.0/bin/perl" "/nix/store/7c044di03qa7qgr5kjjc2d787aspzp0m-perl-5.32.0/lib/perl5/5.32.0/ExtUtils/xsubpp"  -typemap '/nix/store/7c044di03qa7qgr5kjjc2d787aspzp0m-perl-5.32.0/lib/perl5/5.32.0/ExtUtils/typemap'  String.xs > String.xsc
mv String.xsc String.c
cc -c   -D_REENTRANT -D_GNU_SOURCE -fwrapv -fno-strict-aliasing -pipe -fstack-protector-strong -I/no-such-path/include -D_LARGEFILE_SOURCE -D_FILE_OFFSET_BITS=64 -O2   -DVERSION=\"2.10\" -DXS_VERSION=\"2.10\" -fPIC "-I/nix/store/7c044di03qa7qgr5kjjc2d787aspzp0m-perl-5.32.0/lib/perl5/5.32.0/x86_64-linux-thread-multi/CORE"   String.c
String.xs: In function 'XS_Unicode__String_latin1':
String.xs:70:21: warning: format '%d' expects argument of type 'int', but argument 2 has type 'long int' [-Wformat=]
   70 |    if (DOWARN) warn("Data outside latin1 range (pos=%d, ch=U+%x)", s - beg, us);
      |                     ^~~~~~~~~~~~~~~~~~~~~~~~~~~~~~~~~~~~~~~~~~~~~  ~~~~~~~
      |                                                                      |
      |                                                                      long int
rm -f blib/arch/auto/Unicode/String/String.so
cc  -shared -O2 -L/nix/store/68pw3wxwkrx0rwzjifm7g1jxy5g2sg1p-glibc-2.31/lib -fstack-protector-strong  String.o  -o blib/arch/auto/Unicode/String/String.so  \
      \

chmod 755 blib/arch/auto/Unicode/String/String.so
Manifying 2 pod documents
running tests
check flags: SHELL=/nix/store/9fqwwd4iybmhjqyxiaxycknslw6bgwh1-bash-4.4-p23/bin/bash VERBOSE=y test
"/nix/store/7c044di03qa7qgr5kjjc2d787aspzp0m-perl-5.32.0/bin/perl" -MExtUtils::Command::MM -e 'cp_nonempty' -- String.bs blib/arch/auto/Unicode/String/String.bs 644
PERL_DL_NONLAZY=1 "/nix/store/7c044di03qa7qgr5kjjc2d787aspzp0m-perl-5.32.0/bin/perl" "-MExtUtils::Command::MM" "-MTest::Harness" "-e" "undef *Test::Harness::Switches; test_harness(0, 'blib/lib', 'blib/arch')" t/*.t
t/byteswap.t ... ok
t/charname.t ... ok
t/encoding.t ... ok
t/op.t ......... ok
t/ord.t ........ ok
t/stringify.t .. ok
All tests successful.
Files=6, Tests=112,  0 wallclock secs ( 0.03 usr  0.00 sys +  0.07 cusr  0.01 csys =  0.11 CPU)
Result: PASS
installing
install flags: SHELL=/nix/store/9fqwwd4iybmhjqyxiaxycknslw6bgwh1-bash-4.4-p23/bin/bash pkgconfigdir=/nix/store/p3gmbq1fj2hgp2r5n0j69pamkz1kc93k-perl5.32.0-Unicode-String-2.10/lib/pkgconfig m4datadir=/nix/store/p3gmbq1fj2hgp2r5n0j69pamkz1kc93k-perl5.32.0-Unicode-String-2.10/share/aclocal aclocaldir=/nix/store/p3gmbq1fj2hgp2r5n0j69pamkz1kc93k-perl5.32.0-Unicode-String-2.10/share/aclocal install
"/nix/store/7c044di03qa7qgr5kjjc2d787aspzp0m-perl-5.32.0/bin/perl" -MExtUtils::Command::MM -e 'cp_nonempty' -- String.bs blib/arch/auto/Unicode/String/String.bs 644
Manifying 2 pod documents
Files found in blib/arch: installing files in blib/lib into architecture dependent library tree
Installing /nix/store/p3gmbq1fj2hgp2r5n0j69pamkz1kc93k-perl5.32.0-Unicode-String-2.10/lib/perl5/site_perl/5.32.0/x86_64-linux-thread-multi/auto/Unicode/String/String.so
Installing /nix/store/p3gmbq1fj2hgp2r5n0j69pamkz1kc93k-perl5.32.0-Unicode-String-2.10/lib/perl5/site_perl/5.32.0/x86_64-linux-thread-multi/Unicode/CharName.pm
Installing /nix/store/p3gmbq1fj2hgp2r5n0j69pamkz1kc93k-perl5.32.0-Unicode-String-2.10/lib/perl5/site_perl/5.32.0/x86_64-linux-thread-multi/Unicode/String.pm
Installing /nix/store/p3gmbq1fj2hgp2r5n0j69pamkz1kc93k-perl5.32.0-Unicode-String-2.10/share/man/man3/Unicode::String.3
Installing /nix/store/p3gmbq1fj2hgp2r5n0j69pamkz1kc93k-perl5.32.0-Unicode-String-2.10/share/man/man3/Unicode::CharName.3
Appending installation info to /nix/store/p3gmbq1fj2hgp2r5n0j69pamkz1kc93k-perl5.32.0-Unicode-String-2.10/lib/perl5/5.32.0/x86_64-linux-thread-multi/perllocal.pod
post-installation fixup
Moving /nix/store/p3gmbq1fj2hgp2r5n0j69pamkz1kc93k-perl5.32.0-Unicode-String-2.10/share/man/man3 to /nix/store/phqz7y2sa4y4kzy4p3rb46vrfy6yvxjs-perl5.32.0-Unicode-String-2.10-devdoc/share/man/man3
Removing empty /nix/store/p3gmbq1fj2hgp2r5n0j69pamkz1kc93k-perl5.32.0-Unicode-String-2.10/share/man/ and (possibly) its parents
shrinking RPATHs of ELF executables and libraries in /nix/store/p3gmbq1fj2hgp2r5n0j69pamkz1kc93k-perl5.32.0-Unicode-String-2.10
shrinking /nix/store/p3gmbq1fj2hgp2r5n0j69pamkz1kc93k-perl5.32.0-Unicode-String-2.10/lib/perl5/site_perl/5.32.0/x86_64-linux-thread-multi/auto/Unicode/String/String.so
strip is /nix/store/psyzbhp4p088sb9qcs378hfbslcalasl-binutils-2.31.1/bin/strip
stripping (with command strip and flags -S) in /nix/store/p3gmbq1fj2hgp2r5n0j69pamkz1kc93k-perl5.32.0-Unicode-String-2.10/lib
patching script interpreter paths in /nix/store/p3gmbq1fj2hgp2r5n0j69pamkz1kc93k-perl5.32.0-Unicode-String-2.10
checking for references to /build/ in /nix/store/p3gmbq1fj2hgp2r5n0j69pamkz1kc93k-perl5.32.0-Unicode-String-2.10...
shrinking RPATHs of ELF executables and libraries in /nix/store/phqz7y2sa4y4kzy4p3rb46vrfy6yvxjs-perl5.32.0-Unicode-String-2.10-devdoc
gzipping man pages under /nix/store/phqz7y2sa4y4kzy4p3rb46vrfy6yvxjs-perl5.32.0-Unicode-String-2.10-devdoc/share/man/
strip is /nix/store/psyzbhp4p088sb9qcs378hfbslcalasl-binutils-2.31.1/bin/strip
patching script interpreter paths in /nix/store/phqz7y2sa4y4kzy4p3rb46vrfy6yvxjs-perl5.32.0-Unicode-String-2.10-devdoc
checking for references to /build/ in /nix/store/phqz7y2sa4y4kzy4p3rb46vrfy6yvxjs-perl5.32.0-Unicode-String-2.10-devdoc...
/nix/store/p3gmbq1fj2hgp2r5n0j69pamkz1kc93k-perl5.32.0-Unicode-String-2.10
