these derivations will be built:
  /nix/store/ijgr2g44mdg4nqavn9gad91sv0cb72d4-perl5.32.0-version-0.9924.drv
these paths will be fetched (0.09 MiB download, 0.09 MiB unpacked):
  /nix/store/4rvmi900jcb58wrjg10fxzirvhp599d0-version-0.9924.tar.gz
copying path '/nix/store/4rvmi900jcb58wrjg10fxzirvhp599d0-version-0.9924.tar.gz' from 'https://cache.nixos.org'...
building '/nix/store/ijgr2g44mdg4nqavn9gad91sv0cb72d4-perl5.32.0-version-0.9924.drv'...
unpacking sources
unpacking source archive /nix/store/4rvmi900jcb58wrjg10fxzirvhp599d0-version-0.9924.tar.gz
source root is version-0.9924
setting SOURCE_DATE_EPOCH to timestamp 1524181664 of file version-0.9924/META.yml
patching sources
configuring
patching ./t/01base.t...
patching ./t/coretests.pm...
patching ./t/02derived.t...
patching ./t/10_lyon.t...
patching ./t/04strict_lax.t...
patching ./t/08_corelist.t...
patching ./t/survey_locales...
patching ./t/07locale.t...
patching ./t/03require.t...
patching ./t/05sigdie.t...
patching ./t/06noop.t...
patching ./t/11_taint.t...
patching ./t/00impl-pp.t...
patching ./lib/version.pm...
patching ./vutil/lib/version/vxs.pm...
patching ./vutil/Makefile.PL...
Testing if you have a C compiler
Checking if your kit is complete...
Looks good
Writing MYMETA.yml and MYMETA.json
Generating a Unix-style Makefile
Writing Makefile for version
Writing MYMETA.yml and MYMETA.json
no configure script, doing nothing
building
build flags: SHELL=/nix/store/9fqwwd4iybmhjqyxiaxycknslw6bgwh1-bash-4.4-p23/bin/bash
cp lib/version.pm blib/lib/version.pm
cp vperl/vpp.pm blib/lib/version/vpp.pm
cp lib/version/regex.pm blib/lib/version/regex.pm
cp lib/version/Internals.pod blib/lib/version/Internals.pod
cp lib/version.pod blib/lib/version.pod
make[1]: Entering directory '/build/version-0.9924/vutil'
cp lib/version/vxs.pm ../blib/lib/version/vxs.pm
Running Mkbootstrap for vxs ()
chmod 644 "vxs.bs"
"/nix/store/7c044di03qa7qgr5kjjc2d787aspzp0m-perl-5.32.0/bin/perl" -MExtUtils::Command::MM -e 'cp_nonempty' -- vxs.bs ../blib/arch/auto/version/vxs/vxs.bs 644
"/nix/store/7c044di03qa7qgr5kjjc2d787aspzp0m-perl-5.32.0/bin/perl" "/nix/store/7c044di03qa7qgr5kjjc2d787aspzp0m-perl-5.32.0/lib/perl5/5.32.0/ExtUtils/xsubpp"  -typemap '/nix/store/7c044di03qa7qgr5kjjc2d787aspzp0m-perl-5.32.0/lib/perl5/5.32.0/ExtUtils/typemap'  vxs.xs > vxs.xsc
mv vxs.xsc vxs.c
cc -c   -D_REENTRANT -D_GNU_SOURCE -fwrapv -fno-strict-aliasing -pipe -fstack-protector-strong -I/no-such-path/include -D_LARGEFILE_SOURCE -D_FILE_OFFSET_BITS=64 -O2   -DVERSION=\"0.9924\" -DXS_VERSION=\"0.9924\" -fPIC "-I/nix/store/7c044di03qa7qgr5kjjc2d787aspzp0m-perl-5.32.0/lib/perl5/5.32.0/x86_64-linux-thread-multi/CORE"   vxs.c
rm -f ../blib/arch/auto/version/vxs/vxs.so
cc  -shared -O2 -L/nix/store/68pw3wxwkrx0rwzjifm7g1jxy5g2sg1p-glibc-2.31/lib -fstack-protector-strong  vxs.o  -o ../blib/arch/auto/version/vxs/vxs.so  \
      \

chmod 755 ../blib/arch/auto/version/vxs/vxs.so
make[1]: Leaving directory '/build/version-0.9924/vutil'
Manifying 2 pod documents
running tests
check flags: SHELL=/nix/store/9fqwwd4iybmhjqyxiaxycknslw6bgwh1-bash-4.4-p23/bin/bash VERBOSE=y test
make[1]: Entering directory '/build/version-0.9924/vutil'
"/nix/store/7c044di03qa7qgr5kjjc2d787aspzp0m-perl-5.32.0/bin/perl" -MExtUtils::Command::MM -e 'cp_nonempty' -- vxs.bs ../blib/arch/auto/version/vxs/vxs.bs 644
make[1]: Leaving directory '/build/version-0.9924/vutil'
make[1]: Entering directory '/build/version-0.9924/vutil'
"/nix/store/7c044di03qa7qgr5kjjc2d787aspzp0m-perl-5.32.0/bin/perl" -MExtUtils::Command::MM -e 'cp_nonempty' -- vxs.bs ../blib/arch/auto/version/vxs/vxs.bs 644
No tests defined for version::vxs extension.
make[1]: Leaving directory '/build/version-0.9924/vutil'
PERL_DL_NONLAZY=1 "/nix/store/7c044di03qa7qgr5kjjc2d787aspzp0m-perl-5.32.0/bin/perl" "-MExtUtils::Command::MM" "-MTest::Harness" "-e" "undef *Test::Harness::Switches; test_harness(0, 'blib/lib', 'blib/arch')" t/*.t
t/00impl-pp.t ..... ok
t/01base.t ........ ok
t/02derived.t ..... ok
t/03require.t ..... ok
t/04strict_lax.t .. ok
t/05sigdie.t ...... ok
t/06noop.t ........ ok
t/07locale.t ...... ok
t/08_corelist.t ... ok
t/09_list_util.t .. ok
t/10_lyon.t ....... ok
t/11_taint.t ...... skipped: No Test::Taint available
All tests successful.
Files=12, Tests=2502,  1 wallclock secs ( 0.21 usr  0.03 sys +  1.23 cusr  0.15 csys =  1.62 CPU)
Result: PASS
installing
install flags: SHELL=/nix/store/9fqwwd4iybmhjqyxiaxycknslw6bgwh1-bash-4.4-p23/bin/bash pkgconfigdir=/nix/store/kz2ijz79m8vv246lmhr14hwdp8zznas3-perl5.32.0-version-0.9924/lib/pkgconfig m4datadir=/nix/store/kz2ijz79m8vv246lmhr14hwdp8zznas3-perl5.32.0-version-0.9924/share/aclocal aclocaldir=/nix/store/kz2ijz79m8vv246lmhr14hwdp8zznas3-perl5.32.0-version-0.9924/share/aclocal install
make[1]: Entering directory '/build/version-0.9924/vutil'
"/nix/store/7c044di03qa7qgr5kjjc2d787aspzp0m-perl-5.32.0/bin/perl" -MExtUtils::Command::MM -e 'cp_nonempty' -- vxs.bs ../blib/arch/auto/version/vxs/vxs.bs 644
make[1]: Leaving directory '/build/version-0.9924/vutil'
Manifying 2 pod documents
Files found in blib/arch: installing files in blib/lib into architecture dependent library tree
Installing /nix/store/kz2ijz79m8vv246lmhr14hwdp8zznas3-perl5.32.0-version-0.9924/lib/perl5/site_perl/5.32.0/x86_64-linux-thread-multi/auto/version/vxs/vxs.so
Installing /nix/store/kz2ijz79m8vv246lmhr14hwdp8zznas3-perl5.32.0-version-0.9924/lib/perl5/site_perl/5.32.0/x86_64-linux-thread-multi/version.pod
Installing /nix/store/kz2ijz79m8vv246lmhr14hwdp8zznas3-perl5.32.0-version-0.9924/lib/perl5/site_perl/5.32.0/x86_64-linux-thread-multi/version.pm
Installing /nix/store/kz2ijz79m8vv246lmhr14hwdp8zznas3-perl5.32.0-version-0.9924/lib/perl5/site_perl/5.32.0/x86_64-linux-thread-multi/version/vxs.pm
Installing /nix/store/kz2ijz79m8vv246lmhr14hwdp8zznas3-perl5.32.0-version-0.9924/lib/perl5/site_perl/5.32.0/x86_64-linux-thread-multi/version/Internals.pod
Installing /nix/store/kz2ijz79m8vv246lmhr14hwdp8zznas3-perl5.32.0-version-0.9924/lib/perl5/site_perl/5.32.0/x86_64-linux-thread-multi/version/regex.pm
Installing /nix/store/kz2ijz79m8vv246lmhr14hwdp8zznas3-perl5.32.0-version-0.9924/lib/perl5/site_perl/5.32.0/x86_64-linux-thread-multi/version/vpp.pm
Installing /nix/store/kz2ijz79m8vv246lmhr14hwdp8zznas3-perl5.32.0-version-0.9924/share/man/man3/version::Internals.3
Installing /nix/store/kz2ijz79m8vv246lmhr14hwdp8zznas3-perl5.32.0-version-0.9924/share/man/man3/version.3
Appending installation info to /nix/store/kz2ijz79m8vv246lmhr14hwdp8zznas3-perl5.32.0-version-0.9924/lib/perl5/5.32.0/x86_64-linux-thread-multi/perllocal.pod
post-installation fixup
Moving /nix/store/kz2ijz79m8vv246lmhr14hwdp8zznas3-perl5.32.0-version-0.9924/share/man/man3 to /nix/store/gxxmff66056bk0d7cqsn37adyj67dsjk-perl5.32.0-version-0.9924-devdoc/share/man/man3
Removing empty /nix/store/kz2ijz79m8vv246lmhr14hwdp8zznas3-perl5.32.0-version-0.9924/share/man/ and (possibly) its parents
shrinking RPATHs of ELF executables and libraries in /nix/store/kz2ijz79m8vv246lmhr14hwdp8zznas3-perl5.32.0-version-0.9924
shrinking /nix/store/kz2ijz79m8vv246lmhr14hwdp8zznas3-perl5.32.0-version-0.9924/lib/perl5/site_perl/5.32.0/x86_64-linux-thread-multi/auto/version/vxs/vxs.so
strip is /nix/store/psyzbhp4p088sb9qcs378hfbslcalasl-binutils-2.31.1/bin/strip
stripping (with command strip and flags -S) in /nix/store/kz2ijz79m8vv246lmhr14hwdp8zznas3-perl5.32.0-version-0.9924/lib
patching script interpreter paths in /nix/store/kz2ijz79m8vv246lmhr14hwdp8zznas3-perl5.32.0-version-0.9924
checking for references to /build/ in /nix/store/kz2ijz79m8vv246lmhr14hwdp8zznas3-perl5.32.0-version-0.9924...
shrinking RPATHs of ELF executables and libraries in /nix/store/gxxmff66056bk0d7cqsn37adyj67dsjk-perl5.32.0-version-0.9924-devdoc
gzipping man pages under /nix/store/gxxmff66056bk0d7cqsn37adyj67dsjk-perl5.32.0-version-0.9924-devdoc/share/man/
strip is /nix/store/psyzbhp4p088sb9qcs378hfbslcalasl-binutils-2.31.1/bin/strip
patching script interpreter paths in /nix/store/gxxmff66056bk0d7cqsn37adyj67dsjk-perl5.32.0-version-0.9924-devdoc
checking for references to /build/ in /nix/store/gxxmff66056bk0d7cqsn37adyj67dsjk-perl5.32.0-version-0.9924-devdoc...
/nix/store/kz2ijz79m8vv246lmhr14hwdp8zznas3-perl5.32.0-version-0.9924
