these derivations will be built:
  /nix/store/phz8hsj3y4lqzc0hywzs2zn3b9px5rfw-libXScrnSaver-1.2.3.drv
  /nix/store/6a5vq091g0671894zn02dg2hzq8ahg9s-perl5.32.0-X11-IdleTime-0.09.drv
these paths will be fetched (0.28 MiB download, 0.28 MiB unpacked):
  /nix/store/1sdcg3can6sh19v19f10cl44za1yli05-libXScrnSaver-1.2.3.tar.bz2
  /nix/store/z6jmb0ya9yc9hjx4yxvfssb1vpd43wlj-X11-IdleTime-0.09.tar.gz
copying path '/nix/store/z6jmb0ya9yc9hjx4yxvfssb1vpd43wlj-X11-IdleTime-0.09.tar.gz' from 'https://cache.nixos.org'...
copying path '/nix/store/1sdcg3can6sh19v19f10cl44za1yli05-libXScrnSaver-1.2.3.tar.bz2' from 'https://cache.nixos.org'...
building '/nix/store/phz8hsj3y4lqzc0hywzs2zn3b9px5rfw-libXScrnSaver-1.2.3.drv'...
unpacking sources
unpacking source archive /nix/store/1sdcg3can6sh19v19f10cl44za1yli05-libXScrnSaver-1.2.3.tar.bz2
source root is libXScrnSaver-1.2.3
setting SOURCE_DATE_EPOCH to timestamp 1530808393 of file libXScrnSaver-1.2.3/INSTALL
patching sources
configuring
fixing libtool script ./ltmain.sh
configure flags: --disable-static --disable-dependency-tracking --prefix=/nix/store/nwiyy4nlh4q9lj3rmk4170nhs4nlcr5r-libXScrnSaver-1.2.3
checking for a BSD-compatible install... /nix/store/i0mpv6qb08c54ga3wz2xyc3pis31h4r5-coreutils-8.31/bin/install -c
checking whether build environment is sane... yes
checking for a thread-safe mkdir -p... /nix/store/i0mpv6qb08c54ga3wz2xyc3pis31h4r5-coreutils-8.31/bin/mkdir -p
checking for gawk... gawk
checking whether make sets $(MAKE)... yes
checking whether make supports nested variables... yes
checking build system type... x86_64-pc-linux-gnu
checking host system type... x86_64-pc-linux-gnu
checking how to print strings... printf
checking for style of include used by make... GNU
checking for gcc... gcc
checking whether the C compiler works... yes
checking for C compiler default output file name... a.out
checking for suffix of executables...
checking whether we are cross compiling... no
checking for suffix of object files... o
checking whether we are using the GNU C compiler... yes
checking whether gcc accepts -g... yes
checking for gcc option to accept ISO C89... none needed
checking whether gcc understands -c and -o together... yes
checking dependency style of gcc... none
checking for a sed that does not truncate output... /nix/store/bxagq7si45grj1fvyp4c37i9ir30mh7z-gnused-4.8/bin/sed
checking for grep that handles long lines and -e... /nix/store/0b0kdaczss42xfn3wdpz83sjhnsk2708-gnugrep-3.4/bin/grep
checking for egrep... /nix/store/0b0kdaczss42xfn3wdpz83sjhnsk2708-gnugrep-3.4/bin/grep -E
checking for fgrep... /nix/store/0b0kdaczss42xfn3wdpz83sjhnsk2708-gnugrep-3.4/bin/grep -F
checking for ld used by gcc... ld
checking if the linker (ld) is GNU ld... yes
checking for BSD- or MS-compatible name lister (nm)... nm
checking the name lister (nm) interface... BSD nm
checking whether ln -s works... yes
checking the maximum length of command line arguments... 1572864
checking how to convert x86_64-pc-linux-gnu file names to x86_64-pc-linux-gnu format... func_convert_file_noop
checking how to convert x86_64-pc-linux-gnu file names to toolchain format... func_convert_file_noop
checking for ld option to reload object files... -r
checking for objdump... objdump
checking how to recognize dependent libraries... pass_all
checking for dlltool... no
checking how to associate runtime and link libraries... printf %s\n
checking for archiver @FILE support... @
checking for strip... strip
checking for ranlib... ranlib
checking command to parse nm output from gcc object... ok
checking for sysroot... no
checking for a working dd... /nix/store/i0mpv6qb08c54ga3wz2xyc3pis31h4r5-coreutils-8.31/bin/dd
checking how to truncate binary pipes... /nix/store/i0mpv6qb08c54ga3wz2xyc3pis31h4r5-coreutils-8.31/bin/dd bs=4096 count=1
./configure: line 6456: /usr/bin/file: No such file or directory
checking for mt... no
checking if : is a manifest tool... no
checking how to run the C preprocessor... gcc -E
checking for ANSI C header files... yes
checking for sys/types.h... yes
checking for sys/stat.h... yes
checking for stdlib.h... yes
checking for string.h... yes
checking for memory.h... yes
checking for strings.h... yes
checking for inttypes.h... yes
checking for stdint.h... yes
checking for unistd.h... yes
checking for dlfcn.h... yes
checking for objdir... .libs
checking if gcc supports -fno-rtti -fno-exceptions... no
checking for gcc option to produce PIC... -fPIC -DPIC
checking if gcc PIC flag -fPIC -DPIC works... yes
checking if gcc static flag -static works... no
checking if gcc supports -c -o file.o... yes
checking if gcc supports -c -o file.o... (cached) yes
checking whether the gcc linker (ld) supports shared libraries... yes
checking whether -lc should be explicitly linked in... no
checking dynamic linker characteristics... GNU/Linux ld.so
checking how to hardcode library paths into programs... immediate
checking whether stripping libraries is possible... yes
checking if libtool supports shared libraries... yes
checking whether to build shared libraries... yes
checking whether to build static libraries... no
checking for gcc option to accept ISO C99... none needed
checking whether __clang__ is declared... no
checking whether __INTEL_COMPILER is declared... no
checking whether __SUNPRO_C is declared... no
checking pkg-config is at least version 0.9.0... yes
checking if gcc supports -Werror=unknown-warning-option... no
checking if gcc supports -Werror=unused-command-line-argument... no
checking if gcc supports -Wall... yes
checking if gcc supports -Wpointer-arith... yes
checking if gcc supports -Wmissing-declarations... yes
checking if gcc supports -Wformat=2... yes
checking if gcc supports -Wstrict-prototypes... yes
checking if gcc supports -Wmissing-prototypes... yes
checking if gcc supports -Wnested-externs... yes
checking if gcc supports -Wbad-function-cast... yes
checking if gcc supports -Wold-style-definition... yes
checking if gcc supports -Wdeclaration-after-statement... yes
checking if gcc supports -Wunused... yes
checking if gcc supports -Wuninitialized... yes
checking if gcc supports -Wshadow... yes
checking if gcc supports -Wmissing-noreturn... yes
checking if gcc supports -Wmissing-format-attribute... yes
checking if gcc supports -Wredundant-decls... yes
checking if gcc supports -Wlogical-op... yes
checking if gcc supports -Werror=implicit... yes
checking if gcc supports -Werror=nonnull... yes
checking if gcc supports -Werror=init-self... yes
checking if gcc supports -Werror=main... yes
checking if gcc supports -Werror=missing-braces... yes
checking if gcc supports -Werror=sequence-point... yes
checking if gcc supports -Werror=return-type... yes
checking if gcc supports -Werror=trigraphs... yes
checking if gcc supports -Werror=array-bounds... yes
checking if gcc supports -Werror=write-strings... yes
checking if gcc supports -Werror=address... yes
checking if gcc supports -Werror=int-to-pointer-cast... yes
checking if gcc supports -Werror=pointer-to-int-cast... yes
checking if gcc supports -pedantic... yes
checking if gcc supports -Werror... yes
checking if gcc supports -Werror=attributes... yes
checking whether make supports nested variables... (cached) yes
checking whether malloc(0) returns NULL... yes
checking for XSCRNSAVER... yes
checking that generated files are newer than configure... done
configure: creating ./config.status
config.status: creating Makefile
config.status: creating src/Makefile
config.status: creating man/Makefile
config.status: creating xscrnsaver.pc
config.status: creating config.h
config.status: executing depfiles commands
config.status: executing libtool commands
building
build flags: -j8 -l8 SHELL=/nix/store/9fqwwd4iybmhjqyxiaxycknslw6bgwh1-bash-4.4-p23/bin/bash
make  all-recursive
make[1]: Entering directory '/build/libXScrnSaver-1.2.3'
Making all in src
make[2]: Entering directory '/build/libXScrnSaver-1.2.3/src'
  CC       XScrnSaver.lo
  CCLD     libXss.la
make[2]: Leaving directory '/build/libXScrnSaver-1.2.3/src'
Making all in man
make[2]: Entering directory '/build/libXScrnSaver-1.2.3/man'
  GEN      Xss.3
  GEN      XScreenSaverQueryExtension.3
  GEN      XScreenSaverQueryVersion.3
  GEN      XScreenSaverAllocInfo.3
  GEN      XScreenSaverQueryInfo.3
  GEN      XScreenSaverSelectInput.3
  GEN      XScreenSaverSetAttributes.3
  GEN      XScreenSaverUnsetAttributes.3
  GEN      XScreenSaverRegister.3
  GEN      XScreenSaverUnregister.3
  GEN      XScreenSaverGetRegistered.3
  GEN      XScreenSaverSuspend.3
make[2]: Leaving directory '/build/libXScrnSaver-1.2.3/man'
make[2]: Entering directory '/build/libXScrnSaver-1.2.3'
make[2]: Leaving directory '/build/libXScrnSaver-1.2.3'
make[1]: Leaving directory '/build/libXScrnSaver-1.2.3'
installing
install flags: SHELL=/nix/store/9fqwwd4iybmhjqyxiaxycknslw6bgwh1-bash-4.4-p23/bin/bash appdefaultdir=/nix/store/nwiyy4nlh4q9lj3rmk4170nhs4nlcr5r-libXScrnSaver-1.2.3/share/X11/app-defaults install
Making install in src
make[1]: Entering directory '/build/libXScrnSaver-1.2.3/src'
make[2]: Entering directory '/build/libXScrnSaver-1.2.3/src'
 /nix/store/i0mpv6qb08c54ga3wz2xyc3pis31h4r5-coreutils-8.31/bin/mkdir -p '/nix/store/nwiyy4nlh4q9lj3rmk4170nhs4nlcr5r-libXScrnSaver-1.2.3/lib'
 /nix/store/9fqwwd4iybmhjqyxiaxycknslw6bgwh1-bash-4.4-p23/bin/bash ../libtool   --mode=install /nix/store/i0mpv6qb08c54ga3wz2xyc3pis31h4r5-coreutils-8.31/bin/install -c   libXss.la '/nix/store/nwiyy4nlh4q9lj3rmk4170nhs4nlcr5r-libXScrnSaver-1.2.3/lib'
libtool: install: /nix/store/i0mpv6qb08c54ga3wz2xyc3pis31h4r5-coreutils-8.31/bin/install -c .libs/libXss.so.1.0.0 /nix/store/nwiyy4nlh4q9lj3rmk4170nhs4nlcr5r-libXScrnSaver-1.2.3/lib/libXss.so.1.0.0
libtool: install: (cd /nix/store/nwiyy4nlh4q9lj3rmk4170nhs4nlcr5r-libXScrnSaver-1.2.3/lib && { ln -s -f libXss.so.1.0.0 libXss.so.1 || { rm -f libXss.so.1 && ln -s libXss.so.1.0.0 libXss.so.1; }; })
libtool: install: (cd /nix/store/nwiyy4nlh4q9lj3rmk4170nhs4nlcr5r-libXScrnSaver-1.2.3/lib && { ln -s -f libXss.so.1.0.0 libXss.so || { rm -f libXss.so && ln -s libXss.so.1.0.0 libXss.so; }; })
libtool: install: /nix/store/i0mpv6qb08c54ga3wz2xyc3pis31h4r5-coreutils-8.31/bin/install -c .libs/libXss.lai /nix/store/nwiyy4nlh4q9lj3rmk4170nhs4nlcr5r-libXScrnSaver-1.2.3/lib/libXss.la
libtool: finish: PATH="/nix/store/wmfxrzgf5vxmvfghzx37spcrmsqqjqj5-pkg-config-wrapper-0.29.2/bin:/nix/store/k2grwi9fkrr354bncq0lbli4hr3g76l5-patchelf-0.11/bin:/nix/store/xl5mvl2ralv2p2jrrs82nrs2dz0d131s-gcc-wrapper-9.3.0/bin:/nix/store/0hjkz01g2znh8ii6m40iz7fwd0lzb2g6-gcc-9.3.0/bin:/nix/store/pqj3p3dg099q1d7xrb56lj14hh9zh3mr-glibc-2.31-bin/bin:/nix/store/i0mpv6qb08c54ga3wz2xyc3pis31h4r5-coreutils-8.31/bin:/nix/store/ll9qlidp5fy49slgjcrl350gnrd4ll5i-binutils-wrapper-2.31.1/bin:/nix/store/psyzbhp4p088sb9qcs378hfbslcalasl-binutils-2.31.1/bin:/nix/store/pqj3p3dg099q1d7xrb56lj14hh9zh3mr-glibc-2.31-bin/bin:/nix/store/i0mpv6qb08c54ga3wz2xyc3pis31h4r5-coreutils-8.31/bin:/nix/store/jjfyhkjcxp604if6avaif58q31ghchpv-automake-1.16.2/bin:/nix/store/qyg37phd1p44xl5w1z84gv7bnkjx50px-autoconf-2.69/bin:/nix/store/y7f5x43mnm7l8idapdspwhh53j5lrhsi-libtool-2.4.6/bin:/nix/store/3r9c3kcbrpyaxnal3kn5dpyfjh0sp379-gnum4-1.4.18/bin:/nix/store/i0mpv6qb08c54ga3wz2xyc3pis31h4r5-coreutils-8.31/bin:/nix/store/1fdiqaciax39fi3vklfc1zcjjgk6s48a-findutils-4.7.0/bin:/nix/store/x3q6nra1dx72rsc73ynm8xqyf1h85ara-diffutils-3.7/bin:/nix/store/bxagq7si45grj1fvyp4c37i9ir30mh7z-gnused-4.8/bin:/nix/store/0b0kdaczss42xfn3wdpz83sjhnsk2708-gnugrep-3.4/bin:/nix/store/2km8wjl2rsw72lmlcdlmn2ljbmg4cvia-gawk-5.1.0/bin:/nix/store/b17n9kqqxy8a9qc3v02a0czk0fhzgijm-gnutar-1.32/bin:/nix/store/0hdfcwlhy9xhfy547fm27fn9faz7klyq-gzip-1.10/bin:/nix/store/fc9nzyc3wsx6w8h5iir254x9z0j630ly-bzip2-1.0.6.0.1-bin/bin:/nix/store/h8n3hwz92jvbdk3jkhy576h9ykj33aal-gnumake-4.3/bin:/nix/store/9fqwwd4iybmhjqyxiaxycknslw6bgwh1-bash-4.4-p23/bin:/nix/store/5rr8xag5jvs6lzfgsyk5k5ignh282s8b-patch-2.7.6/bin:/nix/store/piiwh7bkhvb7187mgabdi7hh45z7f45l-xz-5.2.5-bin/bin:/sbin" ldconfig -n /nix/store/nwiyy4nlh4q9lj3rmk4170nhs4nlcr5r-libXScrnSaver-1.2.3/lib
----------------------------------------------------------------------
Libraries have been installed in:
   /nix/store/nwiyy4nlh4q9lj3rmk4170nhs4nlcr5r-libXScrnSaver-1.2.3/lib

If you ever happen to want to link against installed libraries
in a given directory, LIBDIR, you must either use libtool, and
specify the full pathname of the library, or use the '-LLIBDIR'
flag during linking and do at least one of the following:
   - add LIBDIR to the 'LD_LIBRARY_PATH' environment variable
     during execution
   - add LIBDIR to the 'LD_RUN_PATH' environment variable
     during linking
   - use the '-Wl,-rpath -Wl,LIBDIR' linker flag

See any operating system documentation about shared libraries for
more information, such as the ld(1) and ld.so(8) manual pages.
----------------------------------------------------------------------
 /nix/store/i0mpv6qb08c54ga3wz2xyc3pis31h4r5-coreutils-8.31/bin/mkdir -p '/nix/store/nwiyy4nlh4q9lj3rmk4170nhs4nlcr5r-libXScrnSaver-1.2.3/include/X11/extensions'
 /nix/store/i0mpv6qb08c54ga3wz2xyc3pis31h4r5-coreutils-8.31/bin/install -c -m 644 ../include/X11/extensions/scrnsaver.h '/nix/store/nwiyy4nlh4q9lj3rmk4170nhs4nlcr5r-libXScrnSaver-1.2.3/include/X11/extensions'
make[2]: Leaving directory '/build/libXScrnSaver-1.2.3/src'
make[1]: Leaving directory '/build/libXScrnSaver-1.2.3/src'
Making install in man
make[1]: Entering directory '/build/libXScrnSaver-1.2.3/man'
make[2]: Entering directory '/build/libXScrnSaver-1.2.3/man'
make[2]: Nothing to be done for 'install-exec-am'.
 /nix/store/i0mpv6qb08c54ga3wz2xyc3pis31h4r5-coreutils-8.31/bin/mkdir -p '/nix/store/nwiyy4nlh4q9lj3rmk4170nhs4nlcr5r-libXScrnSaver-1.2.3/share/man/man3'
 /nix/store/i0mpv6qb08c54ga3wz2xyc3pis31h4r5-coreutils-8.31/bin/install -c -m 644 Xss.3 XScreenSaverQueryExtension.3 XScreenSaverQueryVersion.3 XScreenSaverAllocInfo.3 XScreenSaverQueryInfo.3 XScreenSaverSelectInput.3 XScreenSaverSetAttributes.3 XScreenSaverUnsetAttributes.3 XScreenSaverRegister.3 XScreenSaverUnregister.3 XScreenSaverGetRegistered.3 XScreenSaverSuspend.3 '/nix/store/nwiyy4nlh4q9lj3rmk4170nhs4nlcr5r-libXScrnSaver-1.2.3/share/man/man3'
make[2]: Leaving directory '/build/libXScrnSaver-1.2.3/man'
make[1]: Leaving directory '/build/libXScrnSaver-1.2.3/man'
make[1]: Entering directory '/build/libXScrnSaver-1.2.3'
make[2]: Entering directory '/build/libXScrnSaver-1.2.3'
make[2]: Nothing to be done for 'install-exec-am'.
 /nix/store/i0mpv6qb08c54ga3wz2xyc3pis31h4r5-coreutils-8.31/bin/mkdir -p '/nix/store/nwiyy4nlh4q9lj3rmk4170nhs4nlcr5r-libXScrnSaver-1.2.3/lib/pkgconfig'
 /nix/store/i0mpv6qb08c54ga3wz2xyc3pis31h4r5-coreutils-8.31/bin/install -c -m 644 xscrnsaver.pc '/nix/store/nwiyy4nlh4q9lj3rmk4170nhs4nlcr5r-libXScrnSaver-1.2.3/lib/pkgconfig'
make[2]: Leaving directory '/build/libXScrnSaver-1.2.3'
make[1]: Leaving directory '/build/libXScrnSaver-1.2.3'
propagating requisites  scrnsaverproto
post-installation fixup
shrinking RPATHs of ELF executables and libraries in /nix/store/nwiyy4nlh4q9lj3rmk4170nhs4nlcr5r-libXScrnSaver-1.2.3
shrinking /nix/store/nwiyy4nlh4q9lj3rmk4170nhs4nlcr5r-libXScrnSaver-1.2.3/lib/libXss.so.1.0.0
gzipping man pages under /nix/store/nwiyy4nlh4q9lj3rmk4170nhs4nlcr5r-libXScrnSaver-1.2.3/share/man/
strip is /nix/store/psyzbhp4p088sb9qcs378hfbslcalasl-binutils-2.31.1/bin/strip
stripping (with command strip and flags -S) in /nix/store/nwiyy4nlh4q9lj3rmk4170nhs4nlcr5r-libXScrnSaver-1.2.3/lib
patching script interpreter paths in /nix/store/nwiyy4nlh4q9lj3rmk4170nhs4nlcr5r-libXScrnSaver-1.2.3
checking for references to /build/ in /nix/store/nwiyy4nlh4q9lj3rmk4170nhs4nlcr5r-libXScrnSaver-1.2.3...
building '/nix/store/6a5vq091g0671894zn02dg2hzq8ahg9s-perl5.32.0-X11-IdleTime-0.09.drv'...
unpacking sources
unpacking source archive /nix/store/z6jmb0ya9yc9hjx4yxvfssb1vpd43wlj-X11-IdleTime-0.09.tar.gz
source root is X11-IdleTime-0.09
setting SOURCE_DATE_EPOCH to timestamp 1404971969 of file X11-IdleTime-0.09/Changes
patching sources
configuring
Checking if your kit is complete...
Looks good
Generating a Unix-style Makefile
Writing Makefile for X11::IdleTime
Writing MYMETA.yml and MYMETA.json
no configure script, doing nothing
building
build flags: SHELL=/nix/store/9fqwwd4iybmhjqyxiaxycknslw6bgwh1-bash-4.4-p23/bin/bash
cp IdleTime.pm blib/lib/X11/IdleTime.pm
"/nix/store/7c044di03qa7qgr5kjjc2d787aspzp0m-perl-5.32.0/bin/perl" -Mblib -MInline=NOISY,_INSTALL_ -MX11::IdleTime -e"my %A = (modinlname => 'X11-IdleTime.inl', module => 'X11::IdleTime'); my %S = (API => \%A); Inline::satisfy_makefile_dep(\%S);" 0.08 blib/arch
validate Stage
Starting Build Preprocess Stage
get_maps Stage
Finished Build Preprocess Stage

Starting Build Parse Stage
Finished Build Parse Stage

Starting Build Glue 1 Stage
Finished Build Glue 1 Stage

Starting Build Glue 2 Stage
Finished Build Glue 2 Stage

Starting Build Glue 3 Stage
Finished Build Glue 3 Stage

Starting Build Compile Stage
  Starting "perl Makefile.PL" Stage
Generating a Unix-style Makefile
Writing Makefile for X11::IdleTime
Writing MYMETA.yml and MYMETA.json
  Finished "perl Makefile.PL" Stage

  Starting "make" Stage
make[1]: Entering directory '/build/X11-IdleTime-0.09/_Inline/build/X11/IdleTime'
Running Mkbootstrap for IdleTime ()
chmod 644 "IdleTime.bs"
"/nix/store/7c044di03qa7qgr5kjjc2d787aspzp0m-perl-5.32.0/bin/perl" -MExtUtils::Command::MM -e 'cp_nonempty' -- IdleTime.bs blib/arch/auto/X11/IdleTime/IdleTime.bs 644
"/nix/store/7c044di03qa7qgr5kjjc2d787aspzp0m-perl-5.32.0/bin/perl" "/nix/store/7c044di03qa7qgr5kjjc2d787aspzp0m-perl-5.32.0/lib/perl5/5.32.0/ExtUtils/xsubpp"  -typemap "/nix/store/7c044di03qa7qgr5kjjc2d787aspzp0m-perl-5.32.0/lib/perl5/5.32.0/ExtUtils/typemap"   IdleTime.xs > IdleTime.xsc
mv IdleTime.xsc IdleTime.c
cc -c  -iquote"/build/X11-IdleTime-0.09" -D_REENTRANT -D_GNU_SOURCE -fwrapv -fno-strict-aliasing -pipe -fstack-protector-strong -I/no-such-path/include -D_LARGEFILE_SOURCE -D_FILE_OFFSET_BITS=64 -O2   -DVERSION=\"0.08\" -DXS_VERSION=\"0.08\" -fPIC "-I/nix/store/7c044di03qa7qgr5kjjc2d787aspzp0m-perl-5.32.0/lib/perl5/5.32.0/x86_64-linux-thread-multi/CORE"   IdleTime.c
rm -f blib/arch/auto/X11/IdleTime/IdleTime.so
LD_RUN_PATH="/nix/store/8h2zd70ndpl3fgsjlgkd5jhd8qwi6jgw-libX11-1.6.8/lib:/nix/store/lh2qlvnhnqwah3mxlq0v2hsbqksyk8r6-libXext-1.3.4/lib:/nix/store/nwiyy4nlh4q9lj3rmk4170nhs4nlcr5r-libXScrnSaver-1.2.3/lib" cc  -shared -O2 -L/nix/store/68pw3wxwkrx0rwzjifm7g1jxy5g2sg1p-glibc-2.31/lib -fstack-protector-strong  IdleTime.o  -o blib/arch/auto/X11/IdleTime/IdleTime.so  \
   -L/nix/store/8h2zd70ndpl3fgsjlgkd5jhd8qwi6jgw-libX11-1.6.8/lib/ -L/nix/store/lh2qlvnhnqwah3mxlq0v2hsbqksyk8r6-libXext-1.3.4/lib/ -L/nix/store/nwiyy4nlh4q9lj3rmk4170nhs4nlcr5r-libXScrnSaver-1.2.3/lib/ -lX11 -lXext -lXss   \

chmod 755 blib/arch/auto/X11/IdleTime/IdleTime.so
make[1]: Leaving directory '/build/X11-IdleTime-0.09/_Inline/build/X11/IdleTime'
  Finished "make" Stage

  Starting "make install" Stage
make[1]: Entering directory '/build/X11-IdleTime-0.09/_Inline/build/X11/IdleTime'
"/nix/store/7c044di03qa7qgr5kjjc2d787aspzp0m-perl-5.32.0/bin/perl" -MExtUtils::Command::MM -e 'cp_nonempty' -- IdleTime.bs blib/arch/auto/X11/IdleTime/IdleTime.bs 644
Files found in blib/arch: installing files in blib/lib into architecture dependent library tree
Installing /build/X11-IdleTime-0.09/blib/arch/auto/X11/IdleTime/IdleTime.so
make[1]: Leaving directory '/build/X11-IdleTime-0.09/_Inline/build/X11/IdleTime'
  Finished "make install" Stage

  Starting Cleaning Up Stage
  Finished Cleaning Up Stage

Finished Build Compile Stage

Manifying 1 pod document
running tests
check flags: SHELL=/nix/store/9fqwwd4iybmhjqyxiaxycknslw6bgwh1-bash-4.4-p23/bin/bash VERBOSE=y test
PERL_DL_NONLAZY=1 "/nix/store/7c044di03qa7qgr5kjjc2d787aspzp0m-perl-5.32.0/bin/perl" "-MExtUtils::Command::MM" "-MTest::Harness" "-e" "undef *Test::Harness::Switches; test_harness(0, 'blib/lib', 'blib/arch')" t/*.t
t/1.t ............. ok
t/pod-coverage.t .. skipped: Test::Pod::Coverage 1.00 required for testing POD coverage
t/pod.t ........... skipped: Test::Pod 1.00 required for testing POD
All tests successful.
Files=3, Tests=3,  0 wallclock secs ( 0.03 usr  0.00 sys +  0.19 cusr  0.07 csys =  0.29 CPU)
Result: PASS
installing
install flags: SHELL=/nix/store/9fqwwd4iybmhjqyxiaxycknslw6bgwh1-bash-4.4-p23/bin/bash pkgconfigdir=/nix/store/5b9xnd3817p8bicyhpvj5sapyk599a47-perl5.32.0-X11-IdleTime-0.09/lib/pkgconfig m4datadir=/nix/store/5b9xnd3817p8bicyhpvj5sapyk599a47-perl5.32.0-X11-IdleTime-0.09/share/aclocal aclocaldir=/nix/store/5b9xnd3817p8bicyhpvj5sapyk599a47-perl5.32.0-X11-IdleTime-0.09/share/aclocal install
Manifying 1 pod document
Files found in blib/arch: installing files in blib/lib into architecture dependent library tree
Installing /nix/store/5b9xnd3817p8bicyhpvj5sapyk599a47-perl5.32.0-X11-IdleTime-0.09/lib/perl5/site_perl/5.32.0/x86_64-linux-thread-multi/auto/X11/IdleTime/IdleTime.so
Installing /nix/store/5b9xnd3817p8bicyhpvj5sapyk599a47-perl5.32.0-X11-IdleTime-0.09/lib/perl5/site_perl/5.32.0/x86_64-linux-thread-multi/X11/IdleTime.pm
Installing /nix/store/5b9xnd3817p8bicyhpvj5sapyk599a47-perl5.32.0-X11-IdleTime-0.09/share/man/man3/X11::IdleTime.3
Appending installation info to /nix/store/5b9xnd3817p8bicyhpvj5sapyk599a47-perl5.32.0-X11-IdleTime-0.09/lib/perl5/5.32.0/x86_64-linux-thread-multi/perllocal.pod
post-installation fixup
Moving /nix/store/5b9xnd3817p8bicyhpvj5sapyk599a47-perl5.32.0-X11-IdleTime-0.09/share/man/man3 to /nix/store/hs6v4w3g45y47c6a52s6wsg89c8a8zs2-perl5.32.0-X11-IdleTime-0.09-devdoc/share/man/man3
Removing empty /nix/store/5b9xnd3817p8bicyhpvj5sapyk599a47-perl5.32.0-X11-IdleTime-0.09/share/man/ and (possibly) its parents
shrinking RPATHs of ELF executables and libraries in /nix/store/5b9xnd3817p8bicyhpvj5sapyk599a47-perl5.32.0-X11-IdleTime-0.09
shrinking /nix/store/5b9xnd3817p8bicyhpvj5sapyk599a47-perl5.32.0-X11-IdleTime-0.09/lib/perl5/site_perl/5.32.0/x86_64-linux-thread-multi/auto/X11/IdleTime/IdleTime.so
strip is /nix/store/psyzbhp4p088sb9qcs378hfbslcalasl-binutils-2.31.1/bin/strip
stripping (with command strip and flags -S) in /nix/store/5b9xnd3817p8bicyhpvj5sapyk599a47-perl5.32.0-X11-IdleTime-0.09/lib
patching script interpreter paths in /nix/store/5b9xnd3817p8bicyhpvj5sapyk599a47-perl5.32.0-X11-IdleTime-0.09
checking for references to /build/ in /nix/store/5b9xnd3817p8bicyhpvj5sapyk599a47-perl5.32.0-X11-IdleTime-0.09...
shrinking RPATHs of ELF executables and libraries in /nix/store/hs6v4w3g45y47c6a52s6wsg89c8a8zs2-perl5.32.0-X11-IdleTime-0.09-devdoc
gzipping man pages under /nix/store/hs6v4w3g45y47c6a52s6wsg89c8a8zs2-perl5.32.0-X11-IdleTime-0.09-devdoc/share/man/
strip is /nix/store/psyzbhp4p088sb9qcs378hfbslcalasl-binutils-2.31.1/bin/strip
patching script interpreter paths in /nix/store/hs6v4w3g45y47c6a52s6wsg89c8a8zs2-perl5.32.0-X11-IdleTime-0.09-devdoc
checking for references to /build/ in /nix/store/hs6v4w3g45y47c6a52s6wsg89c8a8zs2-perl5.32.0-X11-IdleTime-0.09-devdoc...
/nix/store/5b9xnd3817p8bicyhpvj5sapyk599a47-perl5.32.0-X11-IdleTime-0.09
