these derivations will be built:
  /nix/store/r5p0msqjndkhlnl1bfn2s6ccxycygrvc-perl5.32.0-XML-SAX-Writer-0.57.drv
these paths will be fetched (0.02 MiB download, 0.02 MiB unpacked):
  /nix/store/4livmjrl5c6i17wjn6a36398pc9hbjnh-XML-SAX-Writer-0.57.tar.gz
copying path '/nix/store/4livmjrl5c6i17wjn6a36398pc9hbjnh-XML-SAX-Writer-0.57.tar.gz' from 'https://cache.nixos.org'...
building '/nix/store/r5p0msqjndkhlnl1bfn2s6ccxycygrvc-perl5.32.0-XML-SAX-Writer-0.57.drv'...
unpacking sources
unpacking source archive /nix/store/4livmjrl5c6i17wjn6a36398pc9hbjnh-XML-SAX-Writer-0.57.tar.gz
source root is XML-SAX-Writer-0.57
setting SOURCE_DATE_EPOCH to timestamp 1500318088 of file XML-SAX-Writer-0.57/t/20bugs.t
patching sources
configuring
Checking if your kit is complete...
Looks good
Generating a Unix-style Makefile
Writing Makefile for XML::SAX::Writer
Writing MYMETA.yml and MYMETA.json
no configure script, doing nothing
building
build flags: SHELL=/nix/store/9fqwwd4iybmhjqyxiaxycknslw6bgwh1-bash-4.4-p23/bin/bash
cp lib/XML/SAX/Writer/XML.pm blib/lib/XML/SAX/Writer/XML.pm
cp lib/XML/SAX/Writer.pm blib/lib/XML/SAX/Writer.pm
Manifying 2 pod documents
running tests
check flags: SHELL=/nix/store/9fqwwd4iybmhjqyxiaxycknslw6bgwh1-bash-4.4-p23/bin/bash VERBOSE=y test
PERL_DL_NONLAZY=1 "/nix/store/7c044di03qa7qgr5kjjc2d787aspzp0m-perl-5.32.0/bin/perl" "-MExtUtils::Command::MM" "-MTest::Harness" "-e" "undef *Test::Harness::Switches; test_harness(0, 'blib/lib', 'blib/arch')" t/*.t
t/00-compile.t ... ok
t/05basic.t ...... ok
t/10consumers.t .. ok
t/20bugs.t ....... ok
All tests successful.
Files=4, Tests=50,  0 wallclock secs ( 0.03 usr  0.00 sys +  0.33 cusr  0.08 csys =  0.44 CPU)
Result: PASS
installing
install flags: SHELL=/nix/store/9fqwwd4iybmhjqyxiaxycknslw6bgwh1-bash-4.4-p23/bin/bash pkgconfigdir=/nix/store/fkc9131qvyrmkc278xpi58f529dpribd-perl5.32.0-XML-SAX-Writer-0.57/lib/pkgconfig m4datadir=/nix/store/fkc9131qvyrmkc278xpi58f529dpribd-perl5.32.0-XML-SAX-Writer-0.57/share/aclocal aclocaldir=/nix/store/fkc9131qvyrmkc278xpi58f529dpribd-perl5.32.0-XML-SAX-Writer-0.57/share/aclocal install
Manifying 2 pod documents
Installing /nix/store/fkc9131qvyrmkc278xpi58f529dpribd-perl5.32.0-XML-SAX-Writer-0.57/lib/perl5/site_perl/5.32.0/XML/SAX/Writer.pm
Installing /nix/store/fkc9131qvyrmkc278xpi58f529dpribd-perl5.32.0-XML-SAX-Writer-0.57/lib/perl5/site_perl/5.32.0/XML/SAX/Writer/XML.pm
Installing /nix/store/fkc9131qvyrmkc278xpi58f529dpribd-perl5.32.0-XML-SAX-Writer-0.57/share/man/man3/XML::SAX::Writer::XML.3
Installing /nix/store/fkc9131qvyrmkc278xpi58f529dpribd-perl5.32.0-XML-SAX-Writer-0.57/share/man/man3/XML::SAX::Writer.3
Appending installation info to /nix/store/fkc9131qvyrmkc278xpi58f529dpribd-perl5.32.0-XML-SAX-Writer-0.57/lib/perl5/5.32.0/x86_64-linux-thread-multi/perllocal.pod
post-installation fixup
Moving /nix/store/fkc9131qvyrmkc278xpi58f529dpribd-perl5.32.0-XML-SAX-Writer-0.57/share/man/man3 to /nix/store/5bp755jnaa6qg1ly9qsjchmdgh5p1q9l-perl5.32.0-XML-SAX-Writer-0.57-devdoc/share/man/man3
Removing empty /nix/store/fkc9131qvyrmkc278xpi58f529dpribd-perl5.32.0-XML-SAX-Writer-0.57/share/man/ and (possibly) its parents
shrinking RPATHs of ELF executables and libraries in /nix/store/fkc9131qvyrmkc278xpi58f529dpribd-perl5.32.0-XML-SAX-Writer-0.57
strip is /nix/store/psyzbhp4p088sb9qcs378hfbslcalasl-binutils-2.31.1/bin/strip
stripping (with command strip and flags -S) in /nix/store/fkc9131qvyrmkc278xpi58f529dpribd-perl5.32.0-XML-SAX-Writer-0.57/lib
patching script interpreter paths in /nix/store/fkc9131qvyrmkc278xpi58f529dpribd-perl5.32.0-XML-SAX-Writer-0.57
checking for references to /build/ in /nix/store/fkc9131qvyrmkc278xpi58f529dpribd-perl5.32.0-XML-SAX-Writer-0.57...
shrinking RPATHs of ELF executables and libraries in /nix/store/5bp755jnaa6qg1ly9qsjchmdgh5p1q9l-perl5.32.0-XML-SAX-Writer-0.57-devdoc
gzipping man pages under /nix/store/5bp755jnaa6qg1ly9qsjchmdgh5p1q9l-perl5.32.0-XML-SAX-Writer-0.57-devdoc/share/man/
strip is /nix/store/psyzbhp4p088sb9qcs378hfbslcalasl-binutils-2.31.1/bin/strip
patching script interpreter paths in /nix/store/5bp755jnaa6qg1ly9qsjchmdgh5p1q9l-perl5.32.0-XML-SAX-Writer-0.57-devdoc
checking for references to /build/ in /nix/store/5bp755jnaa6qg1ly9qsjchmdgh5p1q9l-perl5.32.0-XML-SAX-Writer-0.57-devdoc...
/nix/store/fkc9131qvyrmkc278xpi58f529dpribd-perl5.32.0-XML-SAX-Writer-0.57
